<?xml version="1.0" encoding="UTF-8"?>
<!DOCTYPE plist PUBLIC "-//Apple Computer//DTD PLIST 1.0//EN" "http://www.apple.com/DTDs/PropertyList-1.0.dtd">
<plist version="1.0">
<dict>
	<key>Major Version</key><integer>1</integer>
	<key>Minor Version</key><integer>1</integer>
	<key>Date</key><date>2025-07-18T17:46:26Z</date>
	<key>Application Version</key><string>12.13.7.1</string>
	<key>Features</key><integer>5</integer>
	<key>Show Content Ratings</key><true/>
	<key>Music Folder</key><string>file://localhost/C:/Users/hjhaw/Music/iTunes/iTunes%20Media/</string>
	<key>Library Persistent ID</key><string>5D01212205FC460C</string>
	<key>Tracks</key>
	<dict>
		<key>15617</key>
		<dict>
			<key>Track ID</key><integer>15617</integer>
			<key>Name</key><string>Bleed</string>
			<key>Artist</key><string>Malcolm Todd &#38; Omar Apollo</string>
			<key>Album Artist</key><string>Malcolm Todd</string>
			<key>Composer</key><string>Omar Apollo, Malcolm Hobert, Jonah Cochran &#38; Charlie Ziman</string>
			<key>Album</key><string>Malcolm Todd</string>
			<key>Genre</key><string>Music</string>
			<key>Kind</key><string>Apple Music AAC audio file</string>
			<key>Size</key><integer>6501969</integer>
			<key>Total Time</key><integer>179373</integer>
			<key>Disc Number</key><integer>1</integer>
			<key>Disc Count</key><integer>1</integer>
			<key>Track Number</key><integer>6</integer>
			<key>Track Count</key><integer>14</integer>
			<key>Year</key><integer>2025</integer>
			<key>Date Modified</key><date>2025-03-30T04:18:31Z</date>
			<key>Date Added</key><date>2025-03-30T04:18:31Z</date>
			<key>Bit Rate</key><integer>256</integer>
			<key>Sample Rate</key><integer>44100</integer>
			<key>Play Count</key><integer>12</integer>
			<key>Play Date</key><integer>3835328377</integer>
			<key>Play Date UTC</key><date>2025-07-14T14:59:37Z</date>
			<key>Skip Count</key><integer>1</integer>
			<key>Skip Date</key><date>2025-04-01T20:25:20Z</date>
			<key>Release Date</key><date>2025-02-28T12:00:00Z</date>
			<key>Loved</key><true/>
			<key>Artwork Count</key><integer>1</integer>
			<key>Sort Album</key><string>Malcolm Todd</string>
			<key>Sort Artist</key><string>Malcolm Todd &#38; Omar Apollo</string>
			<key>Sort Name</key><string>Bleed</string>
			<key>Persistent ID</key><string>4107DFE8DB348DB2</string>
			<key>Track Type</key><string>Remote</string>
			<key>Apple Music</key><true/>
		</dict>
		<key>15661</key>
		<dict>
			<key>Track ID</key><integer>15661</integer>
			<key>Name</key><string>Acts 1.5</string>
			<key>Artist</key><string>Saba &#38; No ID</string>
			<key>Album Artist</key><string>Saba &#38; No ID</string>
			<key>Composer</key><string>Ernest Wilson &#38; Tahj Malik Chandler</string>
			<key>Album</key><string>From The Private Collection of Saba and No ID</string>
			<key>Genre</key><string>Music</string>
			<key>Kind</key><string>Apple Music AAC audio file</string>
			<key>Size</key><integer>4710477</integer>
			<key>Total Time</key><integer>118720</integer>
			<key>Disc Number</key><integer>1</integer>
			<key>Disc Count</key><integer>1</integer>
			<key>Track Number</key><integer>8</integer>
			<key>Track Count</key><integer>15</integer>
			<key>Year</key><integer>2025</integer>
			<key>Date Modified</key><date>2025-04-03T18:29:16Z</date>
			<key>Date Added</key><date>2025-04-03T18:29:16Z</date>
			<key>Bit Rate</key><integer>256</integer>
			<key>Sample Rate</key><integer>44100</integer>
			<key>Play Count</key><integer>11</integer>
			<key>Play Date</key><integer>3832844749</integer>
			<key>Play Date UTC</key><date>2025-06-15T21:05:49Z</date>
			<key>Release Date</key><date>2025-03-18T12:00:00Z</date>
			<key>Loved</key><true/>
			<key>Artwork Count</key><integer>1</integer>
			<key>Sort Album</key><string>From The Private Collection of Saba and No ID</string>
			<key>Sort Artist</key><string>Saba &#38; No ID</string>
			<key>Sort Name</key><string>Acts 1.5</string>
			<key>Persistent ID</key><string>AE789AA0526F4DD5</string>
			<key>Explicit</key><true/>
			<key>Track Type</key><string>Remote</string>
			<key>Apple Music</key><true/>
		</dict>
		<key>15835</key>
		<dict>
			<key>Track ID</key><integer>15835</integer>
			<key>Name</key><string>nothing to lose (feat. Tecoby Hines)</string>
			<key>Artist</key><string>pat junior</string>
			<key>Album Artist</key><string>pat junior</string>
			<key>Composer</key><string>Patrick D Mix Jr, Brandon Cordes &#38; Tecoby Hines</string>
			<key>Album</key><string>broken evidence ii - Single</string>
			<key>Genre</key><string>Music</string>
			<key>Kind</key><string>Apple Music AAC audio file</string>
			<key>Size</key><integer>4956396</integer>
			<key>Total Time</key><integer>134258</integer>
			<key>Disc Number</key><integer>1</integer>
			<key>Disc Count</key><integer>1</integer>
			<key>Track Number</key><integer>1</integer>
			<key>Track Count</key><integer>3</integer>
			<key>Year</key><integer>2025</integer>
			<key>Date Modified</key><date>2025-04-24T15:37:39Z</date>
			<key>Date Added</key><date>2025-04-24T15:37:39Z</date>
			<key>Bit Rate</key><integer>256</integer>
			<key>Sample Rate</key><integer>44100</integer>
			<key>Part Of Gapless Album</key><true/>
			<key>Play Count</key><integer>14</integer>
			<key>Play Date</key><integer>3832835652</integer>
			<key>Play Date UTC</key><date>2025-06-15T18:34:12Z</date>
			<key>Skip Count</key><integer>1</integer>
			<key>Skip Date</key><date>2025-04-28T16:18:14Z</date>
			<key>Release Date</key><date>2025-04-02T12:00:00Z</date>
			<key>Loved</key><true/>
			<key>Artwork Count</key><integer>1</integer>
			<key>Sort Album</key><string>broken evidence ii - Single</string>
			<key>Sort Artist</key><string>pat junior</string>
			<key>Sort Name</key><string>nothing to lose (feat. Tecoby Hines)</string>
			<key>Persistent ID</key><string>01A12FE52D0716E7</string>
			<key>Explicit</key><true/>
			<key>Track Type</key><string>Remote</string>
			<key>Apple Music</key><true/>
		</dict>
		<key>16135</key>
		<dict>
			<key>Track ID</key><integer>16135</integer>
			<key>Name</key><string>The Birds Don't Sing</string>
			<key>Artist</key><string>Clipse, John Legend, Voices of Fire, Pusha T &#38; Malice</string>
			<key>Album Artist</key><string>Clipse, Pusha T &#38; Malice</string>
			<key>Composer</key><string>Stevie Wonder, Terrence Thornton, Gene Thornton &#38; Pharrell Williams</string>
			<key>Album</key><string>Let God Sort Em Out</string>
			<key>Genre</key><string>Hip-Hop/Rap</string>
			<key>Kind</key><string>Apple Music AAC audio file</string>
			<key>Size</key><integer>8501607</integer>
			<key>Total Time</key><integer>240520</integer>
			<key>Disc Number</key><integer>1</integer>
			<key>Disc Count</key><integer>1</integer>
			<key>Track Number</key><integer>1</integer>
			<key>Track Count</key><integer>13</integer>
			<key>Year</key><integer>2025</integer>
			<key>Date Modified</key><date>2025-07-11T04:19:45Z</date>
			<key>Date Added</key><date>2025-07-11T04:19:45Z</date>
			<key>Bit Rate</key><integer>256</integer>
			<key>Sample Rate</key><integer>44100</integer>
			<key>Play Count</key><integer>6</integer>
			<key>Play Date</key><integer>3835672620</integer>
			<key>Play Date UTC</key><date>2025-07-18T14:37:00Z</date>
			<key>Release Date</key><date>2025-07-11T12:00:00Z</date>
			<key>Loved</key><true/>
			<key>Artwork Count</key><integer>1</integer>
			<key>Sort Album</key><string>Let God Sort Em Out</string>
			<key>Sort Artist</key><string>Clipse, John Legend, Voices of Fire, Pusha T &#38; Malice</string>
			<key>Sort Name</key><string>Birds Don't Sing</string>
			<key>Persistent ID</key><string>1B3BC3EF8BB9A3B4</string>
			<key>Explicit</key><true/>
			<key>Track Type</key><string>Remote</string>
			<key>Apple Music</key><true/>
		</dict>
	</dict>
	<key>Playlists</key>
	<array>
		<dict>
			<key>Name</key><string>test-big</string>
			<key>Description</key><string></string>
			<key>Playlist ID</key><integer>48159</integer>
			<key>Playlist Persistent ID</key><string>08F6688CCCE99A9E</string>
			<key>All Items</key><true/>
			<key>Playlist Items</key>
			<array>
				<dict>
					<key>Track ID</key><integer>16135</integer>
				</dict>
				<dict>
					<key>Track ID</key><integer>15661</integer>
				</dict>
				<dict>
					<key>Track ID</key><integer>15835</integer>
				</dict>
				<dict>
					<key>Track ID</key><integer>15617</integer>
				</dict>
			</array>
		</dict>
	</array>
</dict>
</plist>
