<?xml version="1.0" encoding="UTF-8"?>
<!DOCTYPE plist PUBLIC "-//Apple Computer//DTD PLIST 1.0//EN" "http://www.apple.com/DTDs/PropertyList-1.0.dtd">
<plist version="1.0">
<dict>
	<key>Major Version</key><integer>1</integer>
	<key>Minor Version</key><integer>1</integer>
	<key>Date</key><date>2025-07-15T16:37:23Z</date>
	<key>Application Version</key><string>12.13.7.1</string>
	<key>Features</key><integer>5</integer>
	<key>Show Content Ratings</key><true/>
	<key>Music Folder</key><string>file://localhost/C:/Users/hjhaw/Music/iTunes/iTunes%20Media/</string>
	<key>Library Persistent ID</key><string>5D01212205FC460C</string>
	<key>Tracks</key>
	<dict>
		<key>3889</key>
		<dict>
			<key>Track ID</key><integer>3889</integer>
			<key>Name</key><string>Heavenly Father</string>
			<key>Artist</key><string>Bon Iver</string>
			<key>Album Artist</key><string>Various Artists</string>
			<key>Composer</key><string>Justin Vernon</string>
			<key>Album</key><string>Wish I Was Here (Music From the Motion Picture)</string>
			<key>Genre</key><string>Music</string>
			<key>Kind</key><string>Purchased AAC audio file</string>
			<key>Size</key><integer>8717446</integer>
			<key>Total Time</key><integer>243920</integer>
			<key>Disc Number</key><integer>1</integer>
			<key>Disc Count</key><integer>1</integer>
			<key>Track Number</key><integer>12</integer>
			<key>Track Count</key><integer>15</integer>
			<key>Year</key><integer>2014</integer>
			<key>Date Modified</key><date>2020-01-20T00:35:06Z</date>
			<key>Date Added</key><date>2020-01-20T00:35:06Z</date>
			<key>Bit Rate</key><integer>256</integer>
			<key>Sample Rate</key><integer>44100</integer>
			<key>Comments</key><string>White</string>
			<key>Play Count</key><integer>5</integer>
			<key>Play Date</key><integer>3783780614</integer>
			<key>Play Date UTC</key><date>2023-11-26T01:10:14Z</date>
			<key>Release Date</key><date>2014-07-11T12:00:00Z</date>
			<key>Loved</key><true/>
			<key>Compilation</key><true/>
			<key>Artwork Count</key><integer>1</integer>
			<key>Sort Album</key><string>Wish I Was Here (Music From the Motion Picture)</string>
			<key>Sort Artist</key><string>Bon Iver</string>
			<key>Sort Composer</key><string>Justin Vernon</string>
			<key>Sort Name</key><string>Heavenly Father</string>
			<key>Persistent ID</key><string>967E69933FD5A991</string>
			<key>Track Type</key><string>Remote</string>
			<key>Purchased</key><true/>
		</dict>
		<key>3891</key>
		<dict>
			<key>Track ID</key><integer>3891</integer>
			<key>Name</key><string>Wish You Were Here</string>
			<key>Artist</key><string>Pink Floyd</string>
			<key>Album Artist</key><string>Pink Floyd</string>
			<key>Composer</key><string>David Gilmour &#38; Roger Waters</string>
			<key>Album</key><string>Wish You Were Here</string>
			<key>Genre</key><string>Music</string>
			<key>Kind</key><string>Apple Music AAC audio file</string>
			<key>Size</key><integer>12220042</integer>
			<key>Total Time</key><integer>338467</integer>
			<key>Disc Number</key><integer>1</integer>
			<key>Disc Count</key><integer>1</integer>
			<key>Track Number</key><integer>4</integer>
			<key>Track Count</key><integer>5</integer>
			<key>Year</key><integer>1975</integer>
			<key>Date Modified</key><date>2023-09-25T05:34:30Z</date>
			<key>Date Added</key><date>2023-09-25T05:34:30Z</date>
			<key>Bit Rate</key><integer>256</integer>
			<key>Sample Rate</key><integer>44100</integer>
			<key>Comments</key><string>Green</string>
			<key>Play Count</key><integer>2</integer>
			<key>Play Date</key><integer>3834584931</integer>
			<key>Play Date UTC</key><date>2025-07-06T00:28:51Z</date>
			<key>Skip Count</key><integer>1</integer>
			<key>Skip Date</key><date>2023-10-20T21:11:39Z</date>
			<key>Release Date</key><date>1975-09-12T07:00:00Z</date>
			<key>Loved</key><true/>
			<key>Artwork Count</key><integer>1</integer>
			<key>Sort Album</key><string>Wish You Were Here</string>
			<key>Sort Artist</key><string>Pink Floyd</string>
			<key>Sort Name</key><string>Wish You Were Here</string>
			<key>Persistent ID</key><string>A9C370DC161F1166</string>
			<key>Track Type</key><string>Remote</string>
			<key>Apple Music</key><true/>
		</dict>
		<key>3893</key>
		<dict>
			<key>Track ID</key><integer>3893</integer>
			<key>Name</key><string>The Art of Peer Pressure</string>
			<key>Artist</key><string>Kendrick Lamar</string>
			<key>Album Artist</key><string>Kendrick Lamar</string>
			<key>Composer</key><string>Kendrick Lamar, R. Rask &#38; J. Vestergaard</string>
			<key>Album</key><string>good kid, m.A.A.d city</string>
			<key>Genre</key><string>Music</string>
			<key>Kind</key><string>Apple Music AAC audio file</string>
			<key>Size</key><integer>11434582</integer>
			<key>Total Time</key><integer>324619</integer>
			<key>Disc Number</key><integer>1</integer>
			<key>Disc Count</key><integer>1</integer>
			<key>Track Number</key><integer>4</integer>
			<key>Track Count</key><integer>12</integer>
			<key>Year</key><integer>2012</integer>
			<key>Date Modified</key><date>2023-09-25T05:36:27Z</date>
			<key>Date Added</key><date>2023-09-25T05:36:27Z</date>
			<key>Bit Rate</key><integer>256</integer>
			<key>Sample Rate</key><integer>44100</integer>
			<key>Play Count</key><integer>6</integer>
			<key>Play Date</key><integer>3821256028</integer>
			<key>Play Date UTC</key><date>2025-02-01T19:00:28Z</date>
			<key>Skip Count</key><integer>1</integer>
			<key>Skip Date</key><date>2025-03-22T00:54:41Z</date>
			<key>Release Date</key><date>2012-10-22T12:00:00Z</date>
			<key>Loved</key><true/>
			<key>Artwork Count</key><integer>1</integer>
			<key>Sort Album</key><string>good kid, m.A.A.d city</string>
			<key>Sort Artist</key><string>Kendrick Lamar</string>
			<key>Sort Name</key><string>Art of Peer Pressure</string>
			<key>Persistent ID</key><string>A24656E4372EFDED</string>
			<key>Explicit</key><true/>
			<key>Track Type</key><string>Remote</string>
			<key>Apple Music</key><true/>
		</dict>
		<key>3895</key>
		<dict>
			<key>Track ID</key><integer>3895</integer>
			<key>Name</key><string>Swimming Pools (Drank) [Extended Version]</string>
			<key>Artist</key><string>Kendrick Lamar</string>
			<key>Album Artist</key><string>Kendrick Lamar</string>
			<key>Composer</key><string>Kendrick Lamar, Tyler Williams &#38; Nikhil Seetharam</string>
			<key>Album</key><string>good kid, m.A.A.d city</string>
			<key>Genre</key><string>Music</string>
			<key>Kind</key><string>Apple Music AAC audio file</string>
			<key>Size</key><integer>11058254</integer>
			<key>Total Time</key><integer>313729</integer>
			<key>Disc Number</key><integer>1</integer>
			<key>Disc Count</key><integer>1</integer>
			<key>Track Number</key><integer>9</integer>
			<key>Track Count</key><integer>12</integer>
			<key>Year</key><integer>2012</integer>
			<key>Date Modified</key><date>2023-09-25T05:36:27Z</date>
			<key>Date Added</key><date>2023-09-25T05:36:27Z</date>
			<key>Bit Rate</key><integer>256</integer>
			<key>Sample Rate</key><integer>44100</integer>
			<key>Play Count</key><integer>10</integer>
			<key>Play Date</key><integer>3825433795</integer>
			<key>Play Date UTC</key><date>2025-03-22T02:29:55Z</date>
			<key>Skip Count</key><integer>1</integer>
			<key>Skip Date</key><date>2023-10-17T20:48:45Z</date>
			<key>Release Date</key><date>2012-07-31T12:00:00Z</date>
			<key>Loved</key><true/>
			<key>Artwork Count</key><integer>1</integer>
			<key>Sort Album</key><string>good kid, m.A.A.d city</string>
			<key>Sort Artist</key><string>Kendrick Lamar</string>
			<key>Sort Name</key><string>Swimming Pools (Drank) [Extended Version]</string>
			<key>Persistent ID</key><string>282EF625001634E5</string>
			<key>Explicit</key><true/>
			<key>Track Type</key><string>Remote</string>
			<key>Apple Music</key><true/>
		</dict>
		<key>3897</key>
		<dict>
			<key>Track ID</key><integer>3897</integer>
			<key>Name</key><string>Ultralight Beam</string>
			<key>Artist</key><string>Kanye West</string>
			<key>Album Artist</key><string>Kanye West</string>
			<key>Composer</key><string>Kanye West, MIKE DEAN, Kelly Price, Terius Nash, Nico Segal, Kirk Franklin, Kasseem Dean, Chancelor Bennett, Noah Goldstein, Jerome Potter, Samuel Griesemer, Cydel Young &#38; Derek Watkins</string>
			<key>Album</key><string>The Life of Pablo</string>
			<key>Genre</key><string>Music</string>
			<key>Kind</key><string>Apple Music AAC audio file</string>
			<key>Size</key><integer>11180441</integer>
			<key>Total Time</key><integer>320680</integer>
			<key>Disc Number</key><integer>1</integer>
			<key>Disc Count</key><integer>1</integer>
			<key>Track Number</key><integer>1</integer>
			<key>Track Count</key><integer>20</integer>
			<key>Year</key><integer>2016</integer>
			<key>Date Modified</key><date>2023-09-25T05:36:27Z</date>
			<key>Date Added</key><date>2023-09-25T05:36:27Z</date>
			<key>Bit Rate</key><integer>256</integer>
			<key>Sample Rate</key><integer>44100</integer>
			<key>Comments</key><string>White</string>
			<key>Play Count</key><integer>2</integer>
			<key>Play Date</key><integer>3799438583</integer>
			<key>Play Date UTC</key><date>2024-05-25T05:36:23Z</date>
			<key>Release Date</key><date>2016-02-14T12:00:00Z</date>
			<key>Loved</key><true/>
			<key>Artwork Count</key><integer>1</integer>
			<key>Sort Album</key><string>Life of Pablo</string>
			<key>Sort Artist</key><string>Kanye West</string>
			<key>Sort Name</key><string>Ultralight Beam</string>
			<key>Persistent ID</key><string>CE52893A472626C9</string>
			<key>Explicit</key><true/>
			<key>Track Type</key><string>Remote</string>
			<key>Apple Music</key><true/>
		</dict>
		<key>3899</key>
		<dict>
			<key>Track ID</key><integer>3899</integer>
			<key>Name</key><string>m.A.A.d city (feat. MC Eiht)</string>
			<key>Artist</key><string>Kendrick Lamar</string>
			<key>Album Artist</key><string>Kendrick Lamar</string>
			<key>Composer</key><string>Kendrick Lamar, M. Spears, Ricci Riera, Axel Morgan &#38; A. Tyler</string>
			<key>Album</key><string>good kid, m.A.A.d city</string>
			<key>Genre</key><string>Music</string>
			<key>Kind</key><string>Apple Music AAC audio file</string>
			<key>Size</key><integer>12269782</integer>
			<key>Total Time</key><integer>350172</integer>
			<key>Disc Number</key><integer>1</integer>
			<key>Disc Count</key><integer>1</integer>
			<key>Track Number</key><integer>8</integer>
			<key>Track Count</key><integer>12</integer>
			<key>Year</key><integer>2012</integer>
			<key>Date Modified</key><date>2023-09-25T05:36:27Z</date>
			<key>Date Added</key><date>2023-09-25T05:36:27Z</date>
			<key>Bit Rate</key><integer>256</integer>
			<key>Sample Rate</key><integer>44100</integer>
			<key>Play Count</key><integer>9</integer>
			<key>Play Date</key><integer>3825433481</integer>
			<key>Play Date UTC</key><date>2025-03-22T02:24:41Z</date>
			<key>Skip Count</key><integer>2</integer>
			<key>Skip Date</key><date>2025-04-08T17:27:12Z</date>
			<key>Release Date</key><date>2012-10-22T12:00:00Z</date>
			<key>Loved</key><true/>
			<key>Artwork Count</key><integer>1</integer>
			<key>Sort Album</key><string>good kid, m.A.A.d city</string>
			<key>Sort Artist</key><string>Kendrick Lamar</string>
			<key>Sort Name</key><string>m.A.A.d city (feat. MC Eiht)</string>
			<key>Persistent ID</key><string>D26B6A876C366B80</string>
			<key>Explicit</key><true/>
			<key>Track Type</key><string>Remote</string>
			<key>Apple Music</key><true/>
		</dict>
		<key>3901</key>
		<dict>
			<key>Track ID</key><integer>3901</integer>
			<key>Name</key><string>Sing About Me, I'm Dying of Thirst</string>
			<key>Artist</key><string>Kendrick Lamar</string>
			<key>Album Artist</key><string>Kendrick Lamar</string>
			<key>Composer</key><string>Kendrick Lamar, G. Stevenson, D. Hutchins, Quincy Jones, Alan Bergman &#38; Marilyn Bergman</string>
			<key>Album</key><string>good kid, m.A.A.d city</string>
			<key>Genre</key><string>Music</string>
			<key>Kind</key><string>Apple Music AAC audio file</string>
			<key>Size</key><integer>24674217</integer>
			<key>Total Time</key><integer>723580</integer>
			<key>Disc Number</key><integer>1</integer>
			<key>Disc Count</key><integer>1</integer>
			<key>Track Number</key><integer>10</integer>
			<key>Track Count</key><integer>12</integer>
			<key>Year</key><integer>2012</integer>
			<key>Date Modified</key><date>2023-09-25T05:36:27Z</date>
			<key>Date Added</key><date>2023-09-25T05:36:27Z</date>
			<key>Bit Rate</key><integer>256</integer>
			<key>Sample Rate</key><integer>44100</integer>
			<key>Comments</key><string>Blue</string>
			<key>Play Count</key><integer>2</integer>
			<key>Play Date</key><integer>3820348391</integer>
			<key>Play Date UTC</key><date>2025-01-22T06:53:11Z</date>
			<key>Release Date</key><date>2012-10-22T12:00:00Z</date>
			<key>Loved</key><true/>
			<key>Artwork Count</key><integer>1</integer>
			<key>Sort Album</key><string>good kid, m.A.A.d city</string>
			<key>Sort Artist</key><string>Kendrick Lamar</string>
			<key>Sort Name</key><string>Sing About Me, I'm Dying of Thirst</string>
			<key>Persistent ID</key><string>98FD771C1F218A00</string>
			<key>Explicit</key><true/>
			<key>Track Type</key><string>Remote</string>
			<key>Apple Music</key><true/>
		</dict>
		<key>3903</key>
		<dict>
			<key>Track ID</key><integer>3903</integer>
			<key>Name</key><string>Bitch, Don’t Kill My Vibe</string>
			<key>Artist</key><string>Kendrick Lamar</string>
			<key>Album Artist</key><string>Kendrick Lamar</string>
			<key>Composer</key><string>Kendrick Lamar, M. Spears, Robin Hannibal, Ronni Vindahl &#38; Liv Lykke</string>
			<key>Album</key><string>good kid, m.A.A.d city</string>
			<key>Genre</key><string>Music</string>
			<key>Kind</key><string>Apple Music AAC audio file</string>
			<key>Size</key><integer>11024529</integer>
			<key>Total Time</key><integer>310758</integer>
			<key>Disc Number</key><integer>1</integer>
			<key>Disc Count</key><integer>1</integer>
			<key>Track Number</key><integer>2</integer>
			<key>Track Count</key><integer>12</integer>
			<key>Year</key><integer>2012</integer>
			<key>Date Modified</key><date>2023-09-25T05:36:27Z</date>
			<key>Date Added</key><date>2023-09-25T05:36:27Z</date>
			<key>Bit Rate</key><integer>256</integer>
			<key>Sample Rate</key><integer>44100</integer>
			<key>Comments</key><string>Violet</string>
			<key>Play Count</key><integer>8</integer>
			<key>Play Date</key><integer>3825428075</integer>
			<key>Play Date UTC</key><date>2025-03-22T00:54:35Z</date>
			<key>Skip Count</key><integer>3</integer>
			<key>Skip Date</key><date>2025-04-08T17:36:38Z</date>
			<key>Release Date</key><date>2012-10-22T12:00:00Z</date>
			<key>Loved</key><true/>
			<key>Artwork Count</key><integer>1</integer>
			<key>Sort Album</key><string>good kid, m.A.A.d city</string>
			<key>Sort Artist</key><string>Kendrick Lamar</string>
			<key>Sort Name</key><string>Bitch, Don’t Kill My Vibe</string>
			<key>Persistent ID</key><string>70B4D067A267F247</string>
			<key>Explicit</key><true/>
			<key>Track Type</key><string>Remote</string>
			<key>Apple Music</key><true/>
		</dict>
		<key>3905</key>
		<dict>
			<key>Track ID</key><integer>3905</integer>
			<key>Name</key><string>Sherane a.k.A Master Splinter’s Daughter</string>
			<key>Artist</key><string>Kendrick Lamar</string>
			<key>Album Artist</key><string>Kendrick Lamar</string>
			<key>Composer</key><string>Kendrick Lamar, C. Whitacre &#38; J. Henderson</string>
			<key>Album</key><string>good kid, m.A.A.d city</string>
			<key>Genre</key><string>Music</string>
			<key>Kind</key><string>Apple Music AAC audio file</string>
			<key>Size</key><integer>9728308</integer>
			<key>Total Time</key><integer>273403</integer>
			<key>Disc Number</key><integer>1</integer>
			<key>Disc Count</key><integer>1</integer>
			<key>Track Number</key><integer>1</integer>
			<key>Track Count</key><integer>12</integer>
			<key>Year</key><integer>2012</integer>
			<key>Date Modified</key><date>2023-09-25T05:36:27Z</date>
			<key>Date Added</key><date>2023-09-25T05:36:27Z</date>
			<key>Bit Rate</key><integer>256</integer>
			<key>Sample Rate</key><integer>44100</integer>
			<key>Play Count</key><integer>2</integer>
			<key>Play Date</key><integer>3821255024</integer>
			<key>Play Date UTC</key><date>2025-02-01T18:43:44Z</date>
			<key>Skip Count</key><integer>5</integer>
			<key>Skip Date</key><date>2025-01-22T00:18:39Z</date>
			<key>Release Date</key><date>2012-10-22T12:00:00Z</date>
			<key>Loved</key><true/>
			<key>Artwork Count</key><integer>1</integer>
			<key>Sort Album</key><string>good kid, m.A.A.d city</string>
			<key>Sort Artist</key><string>Kendrick Lamar</string>
			<key>Sort Name</key><string>Sherane a.k.A Master Splinter’s Daughter</string>
			<key>Persistent ID</key><string>A96CA1D19B4C3EF1</string>
			<key>Explicit</key><true/>
			<key>Track Type</key><string>Remote</string>
			<key>Apple Music</key><true/>
		</dict>
		<key>3909</key>
		<dict>
			<key>Track ID</key><integer>3909</integer>
			<key>Name</key><string>Blue Spotted Tail</string>
			<key>Artist</key><string>Fleet Foxes</string>
			<key>Album Artist</key><string>Fleet Foxes</string>
			<key>Composer</key><string>Robin Pecknold</string>
			<key>Album</key><string>Helplessness Blues</string>
			<key>Genre</key><string>Music</string>
			<key>Kind</key><string>Apple Music AAC audio file</string>
			<key>Size</key><integer>6756912</integer>
			<key>Total Time</key><integer>185293</integer>
			<key>Disc Number</key><integer>1</integer>
			<key>Disc Count</key><integer>1</integer>
			<key>Track Number</key><integer>11</integer>
			<key>Track Count</key><integer>12</integer>
			<key>Year</key><integer>2011</integer>
			<key>Date Modified</key><date>2023-09-25T05:36:27Z</date>
			<key>Date Added</key><date>2023-09-25T05:36:27Z</date>
			<key>Bit Rate</key><integer>256</integer>
			<key>Sample Rate</key><integer>44100</integer>
			<key>Comments</key><string>Violet</string>
			<key>Play Count</key><integer>3</integer>
			<key>Play Date</key><integer>3834575767</integer>
			<key>Play Date UTC</key><date>2025-07-05T21:56:07Z</date>
			<key>Release Date</key><date>2011-05-03T12:00:00Z</date>
			<key>Loved</key><true/>
			<key>Artwork Count</key><integer>1</integer>
			<key>Sort Album</key><string>Helplessness Blues</string>
			<key>Sort Artist</key><string>Fleet Foxes</string>
			<key>Sort Name</key><string>Blue Spotted Tail</string>
			<key>Persistent ID</key><string>04E2E9042F4BB78C</string>
			<key>Track Type</key><string>Remote</string>
			<key>Apple Music</key><true/>
		</dict>
		<key>3911</key>
		<dict>
			<key>Track ID</key><integer>3911</integer>
			<key>Name</key><string>Empire Ants (feat. Little Dragon)</string>
			<key>Artist</key><string>Gorillaz</string>
			<key>Album Artist</key><string>Gorillaz</string>
			<key>Composer</key><string>Damon Albarn, Erik Bodin, Fredrick Wallin, Hakan Wirenstrand, Jamie Hewlett &#38; Yukimi Nagano</string>
			<key>Album</key><string>Plastic Beach</string>
			<key>Genre</key><string>Music</string>
			<key>Kind</key><string>Apple Music AAC audio file</string>
			<key>Size</key><integer>11361523</integer>
			<key>Total Time</key><integer>283573</integer>
			<key>Disc Number</key><integer>1</integer>
			<key>Disc Count</key><integer>1</integer>
			<key>Track Number</key><integer>7</integer>
			<key>Track Count</key><integer>16</integer>
			<key>Year</key><integer>2010</integer>
			<key>Date Modified</key><date>2023-09-25T05:36:27Z</date>
			<key>Date Added</key><date>2023-09-25T05:36:27Z</date>
			<key>Bit Rate</key><integer>256</integer>
			<key>Sample Rate</key><integer>44100</integer>
			<key>Comments</key><string>Indigo</string>
			<key>Play Count</key><integer>2</integer>
			<key>Play Date</key><integer>3826961361</integer>
			<key>Play Date UTC</key><date>2025-04-08T18:49:21Z</date>
			<key>Skip Count</key><integer>2</integer>
			<key>Skip Date</key><date>2025-01-08T21:59:58Z</date>
			<key>Release Date</key><date>2010-03-03T08:00:00Z</date>
			<key>Loved</key><true/>
			<key>Artwork Count</key><integer>1</integer>
			<key>Sort Album</key><string>Plastic Beach</string>
			<key>Sort Artist</key><string>Gorillaz</string>
			<key>Sort Name</key><string>Empire Ants (feat. Little Dragon)</string>
			<key>Persistent ID</key><string>68482ABE24068921</string>
			<key>Track Type</key><string>Remote</string>
			<key>Apple Music</key><true/>
		</dict>
		<key>3919</key>
		<dict>
			<key>Track ID</key><integer>3919</integer>
			<key>Name</key><string>Bedouin Dress</string>
			<key>Artist</key><string>Fleet Foxes</string>
			<key>Album Artist</key><string>Fleet Foxes</string>
			<key>Composer</key><string>Robin Pecknold</string>
			<key>Album</key><string>Helplessness Blues</string>
			<key>Genre</key><string>Music</string>
			<key>Kind</key><string>Apple Music AAC audio file</string>
			<key>Size</key><integer>10003323</integer>
			<key>Total Time</key><integer>269800</integer>
			<key>Disc Number</key><integer>1</integer>
			<key>Disc Count</key><integer>1</integer>
			<key>Track Number</key><integer>2</integer>
			<key>Track Count</key><integer>12</integer>
			<key>Year</key><integer>2011</integer>
			<key>Date Modified</key><date>2023-09-25T05:36:27Z</date>
			<key>Date Added</key><date>2023-09-25T05:36:27Z</date>
			<key>Bit Rate</key><integer>256</integer>
			<key>Sample Rate</key><integer>44100</integer>
			<key>Play Count</key><integer>2</integer>
			<key>Play Date</key><integer>3822734942</integer>
			<key>Play Date UTC</key><date>2025-02-18T21:49:02Z</date>
			<key>Release Date</key><date>2011-05-03T07:00:00Z</date>
			<key>Loved</key><true/>
			<key>Artwork Count</key><integer>1</integer>
			<key>Sort Album</key><string>Helplessness Blues</string>
			<key>Sort Artist</key><string>Fleet Foxes</string>
			<key>Sort Name</key><string>Bedouin Dress</string>
			<key>Persistent ID</key><string>07D1174A83D6037D</string>
			<key>Track Type</key><string>Remote</string>
			<key>Apple Music</key><true/>
		</dict>
		<key>3921</key>
		<dict>
			<key>Track ID</key><integer>3921</integer>
			<key>Name</key><string>Montezuma</string>
			<key>Artist</key><string>Fleet Foxes</string>
			<key>Album Artist</key><string>Fleet Foxes</string>
			<key>Composer</key><string>Robin Pecknold</string>
			<key>Album</key><string>Helplessness Blues</string>
			<key>Genre</key><string>Music</string>
			<key>Kind</key><string>Apple Music AAC audio file</string>
			<key>Size</key><integer>8020758</integer>
			<key>Total Time</key><integer>216605</integer>
			<key>Disc Number</key><integer>1</integer>
			<key>Disc Count</key><integer>1</integer>
			<key>Track Number</key><integer>1</integer>
			<key>Track Count</key><integer>12</integer>
			<key>Year</key><integer>2011</integer>
			<key>Date Modified</key><date>2023-09-25T05:36:27Z</date>
			<key>Date Added</key><date>2023-09-25T05:36:27Z</date>
			<key>Bit Rate</key><integer>256</integer>
			<key>Sample Rate</key><integer>44100</integer>
			<key>Comments</key><string>Green</string>
			<key>Play Count</key><integer>3</integer>
			<key>Play Date</key><integer>3822734672</integer>
			<key>Play Date UTC</key><date>2025-02-18T21:44:32Z</date>
			<key>Skip Count</key><integer>1</integer>
			<key>Skip Date</key><date>2025-02-02T08:02:05Z</date>
			<key>Release Date</key><date>2011-05-03T07:00:00Z</date>
			<key>Loved</key><true/>
			<key>Artwork Count</key><integer>1</integer>
			<key>Sort Album</key><string>Helplessness Blues</string>
			<key>Sort Artist</key><string>Fleet Foxes</string>
			<key>Sort Name</key><string>Montezuma</string>
			<key>Persistent ID</key><string>AA2AED9E8BE6E3DC</string>
			<key>Track Type</key><string>Remote</string>
			<key>Apple Music</key><true/>
		</dict>
		<key>3923</key>
		<dict>
			<key>Track ID</key><integer>3923</integer>
			<key>Name</key><string>Helplessness Blues</string>
			<key>Artist</key><string>Fleet Foxes</string>
			<key>Album Artist</key><string>Fleet Foxes</string>
			<key>Composer</key><string>Robin Pecknold</string>
			<key>Album</key><string>Helplessness Blues</string>
			<key>Genre</key><string>Music</string>
			<key>Kind</key><string>Apple Music AAC audio file</string>
			<key>Size</key><integer>11542616</integer>
			<key>Total Time</key><integer>303387</integer>
			<key>Disc Number</key><integer>1</integer>
			<key>Disc Count</key><integer>1</integer>
			<key>Track Number</key><integer>6</integer>
			<key>Track Count</key><integer>12</integer>
			<key>Year</key><integer>2011</integer>
			<key>Date Modified</key><date>2023-09-25T05:36:27Z</date>
			<key>Date Added</key><date>2023-09-25T05:36:27Z</date>
			<key>Bit Rate</key><integer>256</integer>
			<key>Sample Rate</key><integer>44100</integer>
			<key>Comments</key><string>White</string>
			<key>Play Count</key><integer>2</integer>
			<key>Play Date</key><integer>3822735962</integer>
			<key>Play Date UTC</key><date>2025-02-18T22:06:02Z</date>
			<key>Skip Count</key><integer>2</integer>
			<key>Skip Date</key><date>2025-01-08T22:23:49Z</date>
			<key>Release Date</key><date>2011-01-31T12:00:00Z</date>
			<key>Loved</key><true/>
			<key>Artwork Count</key><integer>1</integer>
			<key>Sort Album</key><string>Helplessness Blues</string>
			<key>Sort Artist</key><string>Fleet Foxes</string>
			<key>Sort Name</key><string>Helplessness Blues</string>
			<key>Persistent ID</key><string>FF18AA3928C54E97</string>
			<key>Track Type</key><string>Remote</string>
			<key>Apple Music</key><true/>
		</dict>
		<key>3929</key>
		<dict>
			<key>Track ID</key><integer>3929</integer>
			<key>Name</key><string>Something</string>
			<key>Artist</key><string>The Beatles</string>
			<key>Album Artist</key><string>The Beatles</string>
			<key>Composer</key><string>George Harrison</string>
			<key>Album</key><string>Abbey Road (Remastered)</string>
			<key>Genre</key><string>Music</string>
			<key>Kind</key><string>Apple Music AAC audio file</string>
			<key>Size</key><integer>7086774</integer>
			<key>Total Time</key><integer>182293</integer>
			<key>Disc Number</key><integer>1</integer>
			<key>Disc Count</key><integer>1</integer>
			<key>Track Number</key><integer>2</integer>
			<key>Track Count</key><integer>17</integer>
			<key>Year</key><integer>1969</integer>
			<key>Date Modified</key><date>2023-09-25T05:36:27Z</date>
			<key>Date Added</key><date>2023-09-25T05:36:27Z</date>
			<key>Bit Rate</key><integer>256</integer>
			<key>Sample Rate</key><integer>44100</integer>
			<key>Comments</key><string>Green</string>
			<key>Play Count</key><integer>3</integer>
			<key>Play Date</key><integer>3834583104</integer>
			<key>Play Date UTC</key><date>2025-07-05T23:58:24Z</date>
			<key>Release Date</key><date>1969-09-26T12:00:00Z</date>
			<key>Loved</key><true/>
			<key>Artwork Count</key><integer>1</integer>
			<key>Sort Album</key><string>Abbey Road (Remastered)</string>
			<key>Sort Album Artist</key><string>Beatles</string>
			<key>Sort Artist</key><string>Beatles</string>
			<key>Sort Name</key><string>Something</string>
			<key>Persistent ID</key><string>800A031EACFDD279</string>
			<key>Track Type</key><string>Remote</string>
			<key>Apple Music</key><true/>
		</dict>
		<key>3931</key>
		<dict>
			<key>Track ID</key><integer>3931</integer>
			<key>Name</key><string>Mean Mr. Mustard</string>
			<key>Artist</key><string>The Beatles</string>
			<key>Album Artist</key><string>The Beatles</string>
			<key>Composer</key><string>John Lennon &#38; Paul McCartney</string>
			<key>Album</key><string>Abbey Road (Remastered)</string>
			<key>Genre</key><string>Music</string>
			<key>Kind</key><string>Apple Music AAC audio file</string>
			<key>Size</key><integer>3093623</integer>
			<key>Total Time</key><integer>66533</integer>
			<key>Disc Number</key><integer>1</integer>
			<key>Disc Count</key><integer>1</integer>
			<key>Track Number</key><integer>11</integer>
			<key>Track Count</key><integer>17</integer>
			<key>Year</key><integer>1969</integer>
			<key>Date Modified</key><date>2023-09-25T05:36:27Z</date>
			<key>Date Added</key><date>2023-09-25T05:36:27Z</date>
			<key>Bit Rate</key><integer>256</integer>
			<key>Sample Rate</key><integer>44100</integer>
			<key>Play Count</key><integer>1</integer>
			<key>Play Date</key><integer>3820402246</integer>
			<key>Play Date UTC</key><date>2025-01-22T21:50:46Z</date>
			<key>Release Date</key><date>1969-09-26T12:00:00Z</date>
			<key>Loved</key><true/>
			<key>Artwork Count</key><integer>1</integer>
			<key>Sort Album</key><string>Abbey Road (Remastered)</string>
			<key>Sort Album Artist</key><string>Beatles</string>
			<key>Sort Artist</key><string>Beatles</string>
			<key>Sort Name</key><string>Mean Mr. Mustard</string>
			<key>Persistent ID</key><string>A18EC1279552AF3F</string>
			<key>Track Type</key><string>Remote</string>
			<key>Apple Music</key><true/>
		</dict>
		<key>3939</key>
		<dict>
			<key>Track ID</key><integer>3939</integer>
			<key>Name</key><string>Bodysnatchers</string>
			<key>Artist</key><string>Radiohead</string>
			<key>Album Artist</key><string>Radiohead</string>
			<key>Composer</key><string>Colin Greenwood, Ed O'Brien, Jonny Greenwood, Phil Selway &#38; Thom Yorke</string>
			<key>Album</key><string>In Rainbows</string>
			<key>Genre</key><string>Music</string>
			<key>Kind</key><string>Apple Music AAC audio file</string>
			<key>Size</key><integer>8501553</integer>
			<key>Total Time</key><integer>242293</integer>
			<key>Disc Number</key><integer>1</integer>
			<key>Disc Count</key><integer>1</integer>
			<key>Track Number</key><integer>2</integer>
			<key>Track Count</key><integer>10</integer>
			<key>Year</key><integer>2007</integer>
			<key>Date Modified</key><date>2023-09-25T05:36:27Z</date>
			<key>Date Added</key><date>2023-09-25T05:36:27Z</date>
			<key>Bit Rate</key><integer>256</integer>
			<key>Sample Rate</key><integer>44100</integer>
			<key>Play Count</key><integer>2</integer>
			<key>Play Date</key><integer>3825349699</integer>
			<key>Play Date UTC</key><date>2025-03-21T03:08:19Z</date>
			<key>Skip Count</key><integer>2</integer>
			<key>Skip Date</key><date>2025-05-16T14:45:32Z</date>
			<key>Release Date</key><date>2007-10-10T07:00:00Z</date>
			<key>Loved</key><true/>
			<key>Artwork Count</key><integer>1</integer>
			<key>Sort Album</key><string>In Rainbows</string>
			<key>Sort Artist</key><string>Radiohead</string>
			<key>Sort Name</key><string>Bodysnatchers</string>
			<key>Persistent ID</key><string>0BC07CAF4959A7DD</string>
			<key>Track Type</key><string>Remote</string>
			<key>Apple Music</key><true/>
		</dict>
		<key>3967</key>
		<dict>
			<key>Track ID</key><integer>3967</integer>
			<key>Name</key><string>Grace</string>
			<key>Artist</key><string>Jeff Buckley</string>
			<key>Album Artist</key><string>Jeff Buckley</string>
			<key>Composer</key><string>Jeff Buckley &#38; Gary Lucas</string>
			<key>Album</key><string>Grace</string>
			<key>Genre</key><string>Music</string>
			<key>Kind</key><string>Apple Music AAC audio file</string>
			<key>Size</key><integer>12633573</integer>
			<key>Total Time</key><integer>322040</integer>
			<key>Disc Number</key><integer>1</integer>
			<key>Disc Count</key><integer>1</integer>
			<key>Track Number</key><integer>2</integer>
			<key>Track Count</key><integer>11</integer>
			<key>Year</key><integer>1994</integer>
			<key>Date Modified</key><date>2023-09-25T05:38:54Z</date>
			<key>Date Added</key><date>2023-09-25T05:38:54Z</date>
			<key>Bit Rate</key><integer>256</integer>
			<key>Sample Rate</key><integer>44100</integer>
			<key>Play Count</key><integer>2</integer>
			<key>Play Date</key><integer>3817620227</integer>
			<key>Play Date UTC</key><date>2024-12-21T17:03:47Z</date>
			<key>Release Date</key><date>1994-08-23T07:00:00Z</date>
			<key>Loved</key><true/>
			<key>Compilation</key><true/>
			<key>Artwork Count</key><integer>1</integer>
			<key>Sort Album</key><string>Grace</string>
			<key>Sort Artist</key><string>Jeff Buckley</string>
			<key>Sort Name</key><string>Grace</string>
			<key>Persistent ID</key><string>4F035B6AB88DD469</string>
			<key>Track Type</key><string>Remote</string>
			<key>Apple Music</key><true/>
		</dict>
		<key>3999</key>
		<dict>
			<key>Track ID</key><integer>3999</integer>
			<key>Name</key><string>Foreword (feat. Rex Orange County)</string>
			<key>Artist</key><string>Tyler, The Creator</string>
			<key>Album Artist</key><string>Tyler, The Creator</string>
			<key>Composer</key><string>Michael Karoli, Jaki Liebezeit, Irmin Schmidt, Schuering, Damo Suzuki, Tyler Okonma &#38; Alex O'Connor</string>
			<key>Album</key><string>Flower Boy</string>
			<key>Genre</key><string>Music</string>
			<key>Kind</key><string>Apple Music AAC audio file</string>
			<key>Size</key><integer>7255205</integer>
			<key>Total Time</key><integer>194070</integer>
			<key>Disc Number</key><integer>1</integer>
			<key>Disc Count</key><integer>1</integer>
			<key>Track Number</key><integer>1</integer>
			<key>Track Count</key><integer>14</integer>
			<key>Year</key><integer>2017</integer>
			<key>Date Modified</key><date>2023-09-25T05:38:54Z</date>
			<key>Date Added</key><date>2023-09-25T05:38:54Z</date>
			<key>Bit Rate</key><integer>256</integer>
			<key>Sample Rate</key><integer>44100</integer>
			<key>Play Count</key><integer>2</integer>
			<key>Play Date</key><integer>3812895940</integer>
			<key>Play Date UTC</key><date>2024-10-27T23:45:40Z</date>
			<key>Release Date</key><date>2017-07-21T12:00:00Z</date>
			<key>Loved</key><true/>
			<key>Artwork Count</key><integer>1</integer>
			<key>Sort Album</key><string>Flower Boy</string>
			<key>Sort Artist</key><string>Tyler, The Creator</string>
			<key>Sort Name</key><string>Foreword (feat. Rex Orange County)</string>
			<key>Persistent ID</key><string>F0702D56FA8566FE</string>
			<key>Explicit</key><true/>
			<key>Track Type</key><string>Remote</string>
			<key>Apple Music</key><true/>
		</dict>
		<key>4033</key>
		<dict>
			<key>Track ID</key><integer>4033</integer>
			<key>Name</key><string>Sun It Rises</string>
			<key>Artist</key><string>Fleet Foxes</string>
			<key>Album Artist</key><string>Fleet Foxes</string>
			<key>Composer</key><string>Robin Pecknold</string>
			<key>Album</key><string>Fleet Foxes</string>
			<key>Genre</key><string>Music</string>
			<key>Kind</key><string>Apple Music AAC audio file</string>
			<key>Size</key><integer>7665884</integer>
			<key>Total Time</key><integer>191493</integer>
			<key>Disc Number</key><integer>1</integer>
			<key>Disc Count</key><integer>1</integer>
			<key>Track Number</key><integer>1</integer>
			<key>Track Count</key><integer>11</integer>
			<key>Year</key><integer>2008</integer>
			<key>Date Modified</key><date>2023-09-25T05:38:54Z</date>
			<key>Date Added</key><date>2023-09-25T05:38:54Z</date>
			<key>Bit Rate</key><integer>256</integer>
			<key>Sample Rate</key><integer>44100</integer>
			<key>Play Count</key><integer>4</integer>
			<key>Play Date</key><integer>3834649747</integer>
			<key>Play Date UTC</key><date>2025-07-06T18:29:07Z</date>
			<key>Release Date</key><date>2008-06-03T07:00:00Z</date>
			<key>Loved</key><true/>
			<key>Artwork Count</key><integer>1</integer>
			<key>Sort Album</key><string>Fleet Foxes</string>
			<key>Sort Artist</key><string>Fleet Foxes</string>
			<key>Sort Name</key><string>Sun It Rises</string>
			<key>Persistent ID</key><string>B4BC370AFCCA94FE</string>
			<key>Track Type</key><string>Remote</string>
			<key>Apple Music</key><true/>
		</dict>
		<key>4037</key>
		<dict>
			<key>Track ID</key><integer>4037</integer>
			<key>Name</key><string>White Winter Hymnal</string>
			<key>Artist</key><string>Fleet Foxes</string>
			<key>Album Artist</key><string>Fleet Foxes</string>
			<key>Composer</key><string>Robin Pecknold</string>
			<key>Album</key><string>Fleet Foxes</string>
			<key>Genre</key><string>Music</string>
			<key>Kind</key><string>Apple Music AAC audio file</string>
			<key>Size</key><integer>5832463</integer>
			<key>Total Time</key><integer>147027</integer>
			<key>Disc Number</key><integer>1</integer>
			<key>Disc Count</key><integer>1</integer>
			<key>Track Number</key><integer>2</integer>
			<key>Track Count</key><integer>11</integer>
			<key>Year</key><integer>2008</integer>
			<key>Date Modified</key><date>2023-09-25T05:38:54Z</date>
			<key>Date Added</key><date>2023-09-25T05:38:54Z</date>
			<key>Bit Rate</key><integer>256</integer>
			<key>Sample Rate</key><integer>44100</integer>
			<key>Play Count</key><integer>2</integer>
			<key>Play Date</key><integer>3834648853</integer>
			<key>Play Date UTC</key><date>2025-07-06T18:14:13Z</date>
			<key>Release Date</key><date>2008-06-03T07:00:00Z</date>
			<key>Loved</key><true/>
			<key>Artwork Count</key><integer>1</integer>
			<key>Sort Album</key><string>Fleet Foxes</string>
			<key>Sort Artist</key><string>Fleet Foxes</string>
			<key>Sort Name</key><string>White Winter Hymnal</string>
			<key>Persistent ID</key><string>A221352AF49A25C4</string>
			<key>Track Type</key><string>Remote</string>
			<key>Apple Music</key><true/>
		</dict>
		<key>4055</key>
		<dict>
			<key>Track ID</key><integer>4055</integer>
			<key>Name</key><string>Speed of Life</string>
			<key>Artist</key><string>David Bowie</string>
			<key>Album Artist</key><string>David Bowie</string>
			<key>Composer</key><string>David Bowie</string>
			<key>Album</key><string>Low (2017 Remaster)</string>
			<key>Genre</key><string>Music</string>
			<key>Kind</key><string>Apple Music AAC audio file</string>
			<key>Size</key><integer>6220511</integer>
			<key>Total Time</key><integer>167424</integer>
			<key>Disc Number</key><integer>1</integer>
			<key>Disc Count</key><integer>1</integer>
			<key>Track Number</key><integer>1</integer>
			<key>Track Count</key><integer>11</integer>
			<key>Year</key><integer>1977</integer>
			<key>Date Modified</key><date>2023-09-25T05:38:54Z</date>
			<key>Date Added</key><date>2023-09-25T05:38:54Z</date>
			<key>Bit Rate</key><integer>256</integer>
			<key>Sample Rate</key><integer>44100</integer>
			<key>Play Count</key><integer>2</integer>
			<key>Play Date</key><integer>3822482063</integer>
			<key>Play Date UTC</key><date>2025-02-15T23:34:23Z</date>
			<key>Skip Count</key><integer>1</integer>
			<key>Skip Date</key><date>2025-02-12T19:07:29Z</date>
			<key>Release Date</key><date>1977-01-14T08:00:00Z</date>
			<key>Loved</key><true/>
			<key>Artwork Count</key><integer>1</integer>
			<key>Sort Album</key><string>Low (2017 Remaster)</string>
			<key>Sort Artist</key><string>David Bowie</string>
			<key>Sort Name</key><string>Speed of Life</string>
			<key>Persistent ID</key><string>AB07299199F565CE</string>
			<key>Track Type</key><string>Remote</string>
			<key>Apple Music</key><true/>
		</dict>
		<key>4069</key>
		<dict>
			<key>Track ID</key><integer>4069</integer>
			<key>Name</key><string>XXX. (feat. U2)</string>
			<key>Artist</key><string>Kendrick Lamar</string>
			<key>Album Artist</key><string>Kendrick Lamar</string>
			<key>Composer</key><string>Kendrick Lamar, D. Natche, M. Spears, Anthony Tiffith, Bono, The Edge, Adam Clayton, Larry Mullen Jr. &#38; Michael L. Williams II</string>
			<key>Album</key><string>DAMN.</string>
			<key>Genre</key><string>Music</string>
			<key>Kind</key><string>Apple Music AAC audio file</string>
			<key>Size</key><integer>9079706</integer>
			<key>Total Time</key><integer>254200</integer>
			<key>Disc Number</key><integer>1</integer>
			<key>Disc Count</key><integer>1</integer>
			<key>Track Number</key><integer>11</integer>
			<key>Track Count</key><integer>14</integer>
			<key>Year</key><integer>2017</integer>
			<key>Date Modified</key><date>2023-09-25T05:38:54Z</date>
			<key>Date Added</key><date>2023-09-25T05:38:54Z</date>
			<key>Bit Rate</key><integer>256</integer>
			<key>Sample Rate</key><integer>44100</integer>
			<key>Play Count</key><integer>10</integer>
			<key>Play Date</key><integer>3826040892</integer>
			<key>Play Date UTC</key><date>2025-03-29T03:08:12Z</date>
			<key>Release Date</key><date>2017-04-14T12:00:00Z</date>
			<key>Loved</key><true/>
			<key>Artwork Count</key><integer>1</integer>
			<key>Sort Album</key><string>DAMN.</string>
			<key>Sort Artist</key><string>Kendrick Lamar</string>
			<key>Sort Name</key><string>XXX. (feat. U2)</string>
			<key>Persistent ID</key><string>684F9A6549E46AB6</string>
			<key>Explicit</key><true/>
			<key>Track Type</key><string>Remote</string>
			<key>Apple Music</key><true/>
		</dict>
		<key>4087</key>
		<dict>
			<key>Track ID</key><integer>4087</integer>
			<key>Name</key><string>Reality In Motion</string>
			<key>Artist</key><string>Tame Impala</string>
			<key>Album Artist</key><string>Tame Impala</string>
			<key>Composer</key><string>Kevin Parker</string>
			<key>Album</key><string>Currents</string>
			<key>Genre</key><string>Music</string>
			<key>Kind</key><string>Apple Music AAC audio file</string>
			<key>Size</key><integer>9102568</integer>
			<key>Total Time</key><integer>252653</integer>
			<key>Disc Number</key><integer>1</integer>
			<key>Disc Count</key><integer>1</integer>
			<key>Track Number</key><integer>11</integer>
			<key>Track Count</key><integer>13</integer>
			<key>Year</key><integer>2015</integer>
			<key>Date Modified</key><date>2023-09-25T05:38:54Z</date>
			<key>Date Added</key><date>2023-09-25T05:38:54Z</date>
			<key>Bit Rate</key><integer>256</integer>
			<key>Sample Rate</key><integer>44100</integer>
			<key>Play Count</key><integer>2</integer>
			<key>Play Date</key><integer>3827127248</integer>
			<key>Play Date UTC</key><date>2025-04-10T16:54:08Z</date>
			<key>Release Date</key><date>2015-07-17T12:00:00Z</date>
			<key>Loved</key><true/>
			<key>Artwork Count</key><integer>1</integer>
			<key>Sort Album</key><string>Currents</string>
			<key>Sort Artist</key><string>Tame Impala</string>
			<key>Sort Name</key><string>Reality In Motion</string>
			<key>Persistent ID</key><string>7C2A6535D6D3B1F5</string>
			<key>Track Type</key><string>Remote</string>
			<key>Apple Music</key><true/>
		</dict>
		<key>4089</key>
		<dict>
			<key>Track ID</key><integer>4089</integer>
			<key>Name</key><string>Soul Love (2012 Remaster)</string>
			<key>Artist</key><string>David Bowie</string>
			<key>Album Artist</key><string>David Bowie</string>
			<key>Composer</key><string>David Bowie</string>
			<key>Album</key><string>The Rise and Fall of Ziggy Stardust and the Spiders from Mars (2012 Remaster)</string>
			<key>Genre</key><string>Music</string>
			<key>Kind</key><string>Apple Music AAC audio file</string>
			<key>Size</key><integer>7843236</integer>
			<key>Total Time</key><integer>214200</integer>
			<key>Disc Number</key><integer>1</integer>
			<key>Disc Count</key><integer>1</integer>
			<key>Track Number</key><integer>2</integer>
			<key>Track Count</key><integer>11</integer>
			<key>Year</key><integer>1972</integer>
			<key>Date Modified</key><date>2023-09-25T05:38:54Z</date>
			<key>Date Added</key><date>2023-09-25T05:38:54Z</date>
			<key>Bit Rate</key><integer>256</integer>
			<key>Sample Rate</key><integer>44100</integer>
			<key>Play Count</key><integer>2</integer>
			<key>Play Date</key><integer>3822487032</integer>
			<key>Play Date UTC</key><date>2025-02-16T00:57:12Z</date>
			<key>Release Date</key><date>1972-06-16T07:00:00Z</date>
			<key>Loved</key><true/>
			<key>Artwork Count</key><integer>1</integer>
			<key>Sort Album</key><string>Rise and Fall of Ziggy Stardust and the Spiders from Mars (2012 Remaster)</string>
			<key>Sort Artist</key><string>David Bowie</string>
			<key>Sort Name</key><string>Soul Love (2012 Remaster)</string>
			<key>Persistent ID</key><string>4EAFF96627A33491</string>
			<key>Track Type</key><string>Remote</string>
			<key>Apple Music</key><true/>
		</dict>
		<key>4103</key>
		<dict>
			<key>Track ID</key><integer>4103</integer>
			<key>Name</key><string>Breaking Glass</string>
			<key>Artist</key><string>David Bowie</string>
			<key>Album Artist</key><string>David Bowie</string>
			<key>Composer</key><string>David Bowie, Dennis Davis &#38; George Murray</string>
			<key>Album</key><string>Low (2017 Remaster)</string>
			<key>Genre</key><string>Music</string>
			<key>Kind</key><string>Apple Music AAC audio file</string>
			<key>Size</key><integer>4576595</integer>
			<key>Total Time</key><integer>112396</integer>
			<key>Disc Number</key><integer>1</integer>
			<key>Disc Count</key><integer>1</integer>
			<key>Track Number</key><integer>2</integer>
			<key>Track Count</key><integer>11</integer>
			<key>Year</key><integer>1977</integer>
			<key>Date Modified</key><date>2023-09-25T05:38:54Z</date>
			<key>Date Added</key><date>2023-09-25T05:38:54Z</date>
			<key>Bit Rate</key><integer>256</integer>
			<key>Sample Rate</key><integer>44100</integer>
			<key>Comments</key><string>Orange</string>
			<key>Play Count</key><integer>2</integer>
			<key>Play Date</key><integer>3822482176</integer>
			<key>Play Date UTC</key><date>2025-02-15T23:36:16Z</date>
			<key>Release Date</key><date>1977-01-14T08:00:00Z</date>
			<key>Loved</key><true/>
			<key>Artwork Count</key><integer>1</integer>
			<key>Sort Album</key><string>Low (2017 Remaster)</string>
			<key>Sort Artist</key><string>David Bowie</string>
			<key>Sort Name</key><string>Breaking Glass</string>
			<key>Persistent ID</key><string>FCFC60FAEB941145</string>
			<key>Track Type</key><string>Remote</string>
			<key>Apple Music</key><true/>
		</dict>
		<key>4105</key>
		<dict>
			<key>Track ID</key><integer>4105</integer>
			<key>Name</key><string>Subterraneans</string>
			<key>Artist</key><string>David Bowie</string>
			<key>Album Artist</key><string>David Bowie</string>
			<key>Composer</key><string>David Bowie</string>
			<key>Album</key><string>Low (2017 Remaster)</string>
			<key>Genre</key><string>Music</string>
			<key>Kind</key><string>Apple Music AAC audio file</string>
			<key>Size</key><integer>12929409</integer>
			<key>Total Time</key><integer>343143</integer>
			<key>Disc Number</key><integer>1</integer>
			<key>Disc Count</key><integer>1</integer>
			<key>Track Number</key><integer>11</integer>
			<key>Track Count</key><integer>11</integer>
			<key>Year</key><integer>1977</integer>
			<key>Date Modified</key><date>2023-09-25T05:38:54Z</date>
			<key>Date Added</key><date>2023-09-25T05:38:54Z</date>
			<key>Bit Rate</key><integer>256</integer>
			<key>Sample Rate</key><integer>44100</integer>
			<key>Play Count</key><integer>2</integer>
			<key>Play Date</key><integer>3822484063</integer>
			<key>Play Date UTC</key><date>2025-02-16T00:07:43Z</date>
			<key>Release Date</key><date>1977-01-14T08:00:00Z</date>
			<key>Loved</key><true/>
			<key>Artwork Count</key><integer>1</integer>
			<key>Sort Album</key><string>Low (2017 Remaster)</string>
			<key>Sort Artist</key><string>David Bowie</string>
			<key>Sort Name</key><string>Subterraneans</string>
			<key>Persistent ID</key><string>598440BD9404D706</string>
			<key>Track Type</key><string>Remote</string>
			<key>Apple Music</key><true/>
		</dict>
		<key>4131</key>
		<dict>
			<key>Track ID</key><integer>4131</integer>
			<key>Name</key><string>Gibraltar</string>
			<key>Artist</key><string>Beirut</string>
			<key>Album Artist</key><string>Beirut</string>
			<key>Composer</key><string>Zach Condon</string>
			<key>Album</key><string>No No No</string>
			<key>Genre</key><string>Music</string>
			<key>Kind</key><string>Apple Music AAC audio file</string>
			<key>Size</key><integer>7903389</integer>
			<key>Total Time</key><integer>221613</integer>
			<key>Disc Number</key><integer>1</integer>
			<key>Disc Count</key><integer>1</integer>
			<key>Track Number</key><integer>1</integer>
			<key>Track Count</key><integer>9</integer>
			<key>Year</key><integer>2015</integer>
			<key>Date Modified</key><date>2023-09-25T05:38:55Z</date>
			<key>Date Added</key><date>2023-09-25T05:38:55Z</date>
			<key>Bit Rate</key><integer>256</integer>
			<key>Sample Rate</key><integer>44100</integer>
			<key>Comments</key><string>Green</string>
			<key>Play Count</key><integer>3</integer>
			<key>Play Date</key><integer>3834575989</integer>
			<key>Play Date UTC</key><date>2025-07-05T21:59:49Z</date>
			<key>Release Date</key><date>2015-09-11T12:00:00Z</date>
			<key>Loved</key><true/>
			<key>Artwork Count</key><integer>1</integer>
			<key>Sort Album</key><string>No No No</string>
			<key>Sort Artist</key><string>Beirut</string>
			<key>Sort Name</key><string>Gibraltar</string>
			<key>Persistent ID</key><string>D4DA65D247E0DF08</string>
			<key>Track Type</key><string>Remote</string>
			<key>Apple Music</key><true/>
		</dict>
		<key>4157</key>
		<dict>
			<key>Track ID</key><integer>4157</integer>
			<key>Name</key><string>Minnesota, WI</string>
			<key>Artist</key><string>Bon Iver</string>
			<key>Album Artist</key><string>Bon Iver</string>
			<key>Composer</key><string>Justin Deyarmond Edison Vernon</string>
			<key>Album</key><string>Bon Iver, Bon Iver</string>
			<key>Genre</key><string>Music</string>
			<key>Kind</key><string>Apple Music AAC audio file</string>
			<key>Size</key><integer>8120589</integer>
			<key>Total Time</key><integer>232440</integer>
			<key>Disc Number</key><integer>1</integer>
			<key>Disc Count</key><integer>1</integer>
			<key>Track Number</key><integer>2</integer>
			<key>Track Count</key><integer>10</integer>
			<key>Year</key><integer>2011</integer>
			<key>Date Modified</key><date>2023-09-25T05:38:55Z</date>
			<key>Date Added</key><date>2023-09-25T05:38:55Z</date>
			<key>Bit Rate</key><integer>256</integer>
			<key>Sample Rate</key><integer>44100</integer>
			<key>Play Count</key><integer>2</integer>
			<key>Play Date</key><integer>3827068608</integer>
			<key>Play Date UTC</key><date>2025-04-10T00:36:48Z</date>
			<key>Release Date</key><date>2011-06-21T07:00:00Z</date>
			<key>Loved</key><true/>
			<key>Artwork Count</key><integer>1</integer>
			<key>Sort Album</key><string>Bon Iver, Bon Iver</string>
			<key>Sort Artist</key><string>Bon Iver</string>
			<key>Sort Name</key><string>Minnesota, WI</string>
			<key>Persistent ID</key><string>46CF5434C227984C</string>
			<key>Track Type</key><string>Remote</string>
			<key>Apple Music</key><true/>
		</dict>
		<key>4161</key>
		<dict>
			<key>Track ID</key><integer>4161</integer>
			<key>Name</key><string>Perth</string>
			<key>Artist</key><string>Bon Iver</string>
			<key>Album Artist</key><string>Bon Iver</string>
			<key>Composer</key><string>Justin Deyarmond Edison Vernon</string>
			<key>Album</key><string>Bon Iver, Bon Iver</string>
			<key>Genre</key><string>Music</string>
			<key>Kind</key><string>Apple Music AAC audio file</string>
			<key>Size</key><integer>9260261</integer>
			<key>Total Time</key><integer>262080</integer>
			<key>Disc Number</key><integer>1</integer>
			<key>Disc Count</key><integer>1</integer>
			<key>Track Number</key><integer>1</integer>
			<key>Track Count</key><integer>10</integer>
			<key>Year</key><integer>2011</integer>
			<key>Date Modified</key><date>2023-09-25T05:38:55Z</date>
			<key>Date Added</key><date>2023-09-25T05:38:55Z</date>
			<key>Bit Rate</key><integer>256</integer>
			<key>Sample Rate</key><integer>44100</integer>
			<key>Play Count</key><integer>2</integer>
			<key>Play Date</key><integer>3827068376</integer>
			<key>Play Date UTC</key><date>2025-04-10T00:32:56Z</date>
			<key>Release Date</key><date>2011-06-21T07:00:00Z</date>
			<key>Loved</key><true/>
			<key>Artwork Count</key><integer>1</integer>
			<key>Sort Album</key><string>Bon Iver, Bon Iver</string>
			<key>Sort Artist</key><string>Bon Iver</string>
			<key>Sort Name</key><string>Perth</string>
			<key>Persistent ID</key><string>2EFABCBDF1953573</string>
			<key>Track Type</key><string>Remote</string>
			<key>Apple Music</key><true/>
		</dict>
		<key>4173</key>
		<dict>
			<key>Track ID</key><integer>4173</integer>
			<key>Name</key><string>King Kunta</string>
			<key>Artist</key><string>Kendrick Lamar</string>
			<key>Album Artist</key><string>Kendrick Lamar</string>
			<key>Composer</key><string>Kendrick Lamar, M. Spears, Johnny Burns, D. Blake, M. Jackson, A. Lewis &#38; S. Gordy</string>
			<key>Album</key><string>To Pimp a Butterfly</string>
			<key>Genre</key><string>Music</string>
			<key>Kind</key><string>Apple Music AAC audio file</string>
			<key>Size</key><integer>8377512</integer>
			<key>Total Time</key><integer>234690</integer>
			<key>Disc Number</key><integer>1</integer>
			<key>Disc Count</key><integer>1</integer>
			<key>Track Number</key><integer>3</integer>
			<key>Track Count</key><integer>16</integer>
			<key>Year</key><integer>2015</integer>
			<key>Date Modified</key><date>2023-09-25T05:38:55Z</date>
			<key>Date Added</key><date>2023-09-25T05:38:55Z</date>
			<key>Bit Rate</key><integer>256</integer>
			<key>Sample Rate</key><integer>44100</integer>
			<key>Play Count</key><integer>2</integer>
			<key>Play Date</key><integer>3825435792</integer>
			<key>Play Date UTC</key><date>2025-03-22T03:03:12Z</date>
			<key>Skip Count</key><integer>1</integer>
			<key>Skip Date</key><date>2025-06-06T21:00:14Z</date>
			<key>Release Date</key><date>2015-03-15T12:00:00Z</date>
			<key>Loved</key><true/>
			<key>Artwork Count</key><integer>1</integer>
			<key>Sort Album</key><string>To Pimp a Butterfly</string>
			<key>Sort Artist</key><string>Kendrick Lamar</string>
			<key>Sort Name</key><string>King Kunta</string>
			<key>Persistent ID</key><string>2CD054FEB673DAC7</string>
			<key>Explicit</key><true/>
			<key>Track Type</key><string>Remote</string>
			<key>Apple Music</key><true/>
		</dict>
		<key>4179</key>
		<dict>
			<key>Track ID</key><integer>4179</integer>
			<key>Name</key><string>Yours</string>
			<key>Artist</key><string>King Gizzard &#38; The Lizard Wizard</string>
			<key>Album Artist</key><string>King Gizzard &#38; The Lizard Wizard</string>
			<key>Composer</key><string>Stuart Mackenzie</string>
			<key>Album</key><string>Butterfly 3000</string>
			<key>Genre</key><string>Music</string>
			<key>Kind</key><string>Apple Music AAC audio file</string>
			<key>Size</key><integer>9632593</integer>
			<key>Total Time</key><integer>275107</integer>
			<key>Disc Number</key><integer>1</integer>
			<key>Disc Count</key><integer>1</integer>
			<key>Track Number</key><integer>1</integer>
			<key>Track Count</key><integer>10</integer>
			<key>Year</key><integer>2021</integer>
			<key>Date Modified</key><date>2023-09-25T05:38:55Z</date>
			<key>Date Added</key><date>2023-09-25T05:38:55Z</date>
			<key>Bit Rate</key><integer>256</integer>
			<key>Sample Rate</key><integer>44100</integer>
			<key>Comments</key><string>Yellow</string>
			<key>Play Count</key><integer>2</integer>
			<key>Play Date</key><integer>3818952305</integer>
			<key>Play Date UTC</key><date>2025-01-06T03:05:05Z</date>
			<key>Release Date</key><date>2021-06-11T12:00:00Z</date>
			<key>Loved</key><true/>
			<key>Artwork Count</key><integer>1</integer>
			<key>Sort Album</key><string>Butterfly 3000</string>
			<key>Sort Artist</key><string>King Gizzard &#38; The Lizard Wizard</string>
			<key>Sort Name</key><string>Yours</string>
			<key>Persistent ID</key><string>4502E40157183F33</string>
			<key>Track Type</key><string>Remote</string>
			<key>Apple Music</key><true/>
		</dict>
		<key>4187</key>
		<dict>
			<key>Track ID</key><integer>4187</integer>
			<key>Name</key><string>Born Under Punches (The Heat Goes On)</string>
			<key>Artist</key><string>Talking Heads</string>
			<key>Album Artist</key><string>Talking Heads</string>
			<key>Composer</key><string>Brian Eno, Chris Frantz, David Byrne, Jerry Harrison &#38; Tina Weymouth</string>
			<key>Album</key><string>Remain In Light</string>
			<key>Genre</key><string>Music</string>
			<key>Kind</key><string>Apple Music AAC audio file</string>
			<key>Size</key><integer>12174120</integer>
			<key>Total Time</key><integer>348973</integer>
			<key>Disc Number</key><integer>1</integer>
			<key>Disc Count</key><integer>1</integer>
			<key>Track Number</key><integer>1</integer>
			<key>Track Count</key><integer>8</integer>
			<key>Year</key><integer>1980</integer>
			<key>Date Modified</key><date>2023-09-25T05:38:55Z</date>
			<key>Date Added</key><date>2023-09-25T05:38:55Z</date>
			<key>Bit Rate</key><integer>256</integer>
			<key>Sample Rate</key><integer>44100</integer>
			<key>Play Count</key><integer>5</integer>
			<key>Play Date</key><integer>3834486357</integer>
			<key>Play Date UTC</key><date>2025-07-04T21:05:57Z</date>
			<key>Skip Count</key><integer>2</integer>
			<key>Skip Date</key><date>2025-07-06T14:38:29Z</date>
			<key>Release Date</key><date>1980-10-08T07:00:00Z</date>
			<key>Loved</key><true/>
			<key>Artwork Count</key><integer>1</integer>
			<key>Sort Album</key><string>Remain In Light</string>
			<key>Sort Artist</key><string>Talking Heads</string>
			<key>Sort Name</key><string>Born Under Punches (The Heat Goes On)</string>
			<key>Persistent ID</key><string>A40A72C0302A65E1</string>
			<key>Track Type</key><string>Remote</string>
			<key>Apple Music</key><true/>
		</dict>
		<key>4211</key>
		<dict>
			<key>Track ID</key><integer>4211</integer>
			<key>Name</key><string>In My Life</string>
			<key>Artist</key><string>The Beatles</string>
			<key>Album Artist</key><string>The Beatles</string>
			<key>Composer</key><string>Paul McCartney &#38; John Lennon</string>
			<key>Album</key><string>Rubber Soul</string>
			<key>Genre</key><string>Music</string>
			<key>Kind</key><string>Apple Music AAC audio file</string>
			<key>Size</key><integer>5839942</integer>
			<key>Total Time</key><integer>146333</integer>
			<key>Disc Number</key><integer>1</integer>
			<key>Disc Count</key><integer>1</integer>
			<key>Track Number</key><integer>11</integer>
			<key>Track Count</key><integer>14</integer>
			<key>Year</key><integer>1965</integer>
			<key>Date Modified</key><date>2023-09-25T05:38:55Z</date>
			<key>Date Added</key><date>2023-09-25T05:38:55Z</date>
			<key>Bit Rate</key><integer>256</integer>
			<key>Sample Rate</key><integer>44100</integer>
			<key>Comments</key><string>Green</string>
			<key>Play Count</key><integer>2</integer>
			<key>Play Date</key><integer>3834584592</integer>
			<key>Play Date UTC</key><date>2025-07-06T00:23:12Z</date>
			<key>Release Date</key><date>1965-12-03T12:00:00Z</date>
			<key>Loved</key><true/>
			<key>Artwork Count</key><integer>1</integer>
			<key>Sort Album</key><string>Rubber Soul</string>
			<key>Sort Album Artist</key><string>Beatles</string>
			<key>Sort Artist</key><string>Beatles</string>
			<key>Sort Name</key><string>In My Life</string>
			<key>Persistent ID</key><string>DD1F9ED033F8E761</string>
			<key>Track Type</key><string>Remote</string>
			<key>Apple Music</key><true/>
		</dict>
		<key>4221</key>
		<dict>
			<key>Track ID</key><integer>4221</integer>
			<key>Name</key><string>Shout</string>
			<key>Artist</key><string>Tears for Fears</string>
			<key>Album Artist</key><string>Tears for Fears</string>
			<key>Composer</key><string>Roland Orzabal &#38; Ian Stanley</string>
			<key>Album</key><string>Songs from the Big Chair</string>
			<key>Genre</key><string>Music</string>
			<key>Kind</key><string>Apple Music AAC audio file</string>
			<key>Size</key><integer>14727342</integer>
			<key>Total Time</key><integer>392667</integer>
			<key>Disc Number</key><integer>1</integer>
			<key>Disc Count</key><integer>1</integer>
			<key>Track Number</key><integer>1</integer>
			<key>Track Count</key><integer>8</integer>
			<key>Year</key><integer>1984</integer>
			<key>Date Modified</key><date>2023-09-25T05:38:55Z</date>
			<key>Date Added</key><date>2023-09-25T05:38:55Z</date>
			<key>Bit Rate</key><integer>256</integer>
			<key>Sample Rate</key><integer>44100</integer>
			<key>Comments</key><string>Indigo</string>
			<key>Play Count</key><integer>6</integer>
			<key>Play Date</key><integer>3834561119</integer>
			<key>Play Date UTC</key><date>2025-07-05T17:51:59Z</date>
			<key>Skip Count</key><integer>2</integer>
			<key>Skip Date</key><date>2024-12-21T19:31:57Z</date>
			<key>Release Date</key><date>1984-11-23T12:00:00Z</date>
			<key>Loved</key><true/>
			<key>Artwork Count</key><integer>1</integer>
			<key>Sort Album</key><string>Songs from the Big Chair</string>
			<key>Sort Artist</key><string>Tears for Fears</string>
			<key>Sort Name</key><string>Shout</string>
			<key>Persistent ID</key><string>2BBC3ED132AA8BEE</string>
			<key>Track Type</key><string>Remote</string>
			<key>Apple Music</key><true/>
		</dict>
		<key>4225</key>
		<dict>
			<key>Track ID</key><integer>4225</integer>
			<key>Name</key><string>Everybody Wants to Rule the World</string>
			<key>Artist</key><string>Tears for Fears</string>
			<key>Album Artist</key><string>Tears for Fears</string>
			<key>Composer</key><string>Ian Stanley, Roland Orzabal &#38; Christopher Merrick Hughes</string>
			<key>Album</key><string>Songs from the Big Chair</string>
			<key>Genre</key><string>Music</string>
			<key>Kind</key><string>Apple Music AAC audio file</string>
			<key>Size</key><integer>9477311</integer>
			<key>Total Time</key><integer>251480</integer>
			<key>Disc Number</key><integer>1</integer>
			<key>Disc Count</key><integer>1</integer>
			<key>Track Number</key><integer>3</integer>
			<key>Track Count</key><integer>8</integer>
			<key>Year</key><integer>1985</integer>
			<key>Date Modified</key><date>2023-09-25T05:38:55Z</date>
			<key>Date Added</key><date>2023-09-25T05:38:55Z</date>
			<key>Bit Rate</key><integer>256</integer>
			<key>Sample Rate</key><integer>44100</integer>
			<key>Comments</key><string>Green</string>
			<key>Play Count</key><integer>6</integer>
			<key>Play Date</key><integer>3833613155</integer>
			<key>Play Date UTC</key><date>2025-06-24T18:32:35Z</date>
			<key>Release Date</key><date>1985-02-25T12:00:00Z</date>
			<key>Loved</key><true/>
			<key>Artwork Count</key><integer>1</integer>
			<key>Sort Album</key><string>Songs from the Big Chair</string>
			<key>Sort Artist</key><string>Tears for Fears</string>
			<key>Sort Name</key><string>Everybody Wants to Rule the World</string>
			<key>Persistent ID</key><string>B666BBE49EBBE4BC</string>
			<key>Track Type</key><string>Remote</string>
			<key>Apple Music</key><true/>
		</dict>
		<key>4233</key>
		<dict>
			<key>Track ID</key><integer>4233</integer>
			<key>Name</key><string>Let It Happen</string>
			<key>Artist</key><string>Tame Impala</string>
			<key>Album Artist</key><string>Tame Impala</string>
			<key>Composer</key><string>Kevin Parker</string>
			<key>Album</key><string>Currents</string>
			<key>Genre</key><string>Music</string>
			<key>Kind</key><string>Apple Music AAC audio file</string>
			<key>Size</key><integer>16493462</integer>
			<key>Total Time</key><integer>466893</integer>
			<key>Disc Number</key><integer>1</integer>
			<key>Disc Count</key><integer>1</integer>
			<key>Track Number</key><integer>1</integer>
			<key>Track Count</key><integer>13</integer>
			<key>Year</key><integer>2015</integer>
			<key>Date Modified</key><date>2023-09-25T05:38:55Z</date>
			<key>Date Added</key><date>2023-09-25T05:38:55Z</date>
			<key>Bit Rate</key><integer>256</integer>
			<key>Sample Rate</key><integer>44100</integer>
			<key>Comments</key><string>Indigo</string>
			<key>Play Count</key><integer>4</integer>
			<key>Play Date</key><integer>3826956989</integer>
			<key>Play Date UTC</key><date>2025-04-08T17:36:29Z</date>
			<key>Skip Count</key><integer>1</integer>
			<key>Skip Date</key><date>2025-01-08T22:00:04Z</date>
			<key>Release Date</key><date>2015-03-11T12:00:00Z</date>
			<key>Loved</key><true/>
			<key>Artwork Count</key><integer>1</integer>
			<key>Sort Album</key><string>Currents</string>
			<key>Sort Artist</key><string>Tame Impala</string>
			<key>Sort Name</key><string>Let It Happen</string>
			<key>Persistent ID</key><string>9DF9253F40272070</string>
			<key>Track Type</key><string>Remote</string>
			<key>Apple Music</key><true/>
		</dict>
		<key>4259</key>
		<dict>
			<key>Track ID</key><integer>4259</integer>
			<key>Name</key><string>The Illest Villains</string>
			<key>Artist</key><string>Madvillain</string>
			<key>Album Artist</key><string>Madvillain</string>
			<key>Composer</key><string>Otis Jackson Jr &#38; Daniel Dumile Thompson</string>
			<key>Album</key><string>Madvillainy</string>
			<key>Genre</key><string>Music</string>
			<key>Kind</key><string>Apple Music AAC audio file</string>
			<key>Size</key><integer>4401265</integer>
			<key>Total Time</key><integer>115360</integer>
			<key>Disc Number</key><integer>1</integer>
			<key>Disc Count</key><integer>1</integer>
			<key>Track Number</key><integer>1</integer>
			<key>Track Count</key><integer>22</integer>
			<key>Year</key><integer>2004</integer>
			<key>Date Modified</key><date>2023-09-25T05:38:55Z</date>
			<key>Date Added</key><date>2023-09-25T05:38:55Z</date>
			<key>Bit Rate</key><integer>256</integer>
			<key>Sample Rate</key><integer>44100</integer>
			<key>Play Count</key><integer>2</integer>
			<key>Play Date</key><integer>3827053363</integer>
			<key>Play Date UTC</key><date>2025-04-09T20:22:43Z</date>
			<key>Skip Count</key><integer>1</integer>
			<key>Skip Date</key><date>2025-06-25T07:12:16Z</date>
			<key>Release Date</key><date>2004-03-23T08:00:00Z</date>
			<key>Loved</key><true/>
			<key>Artwork Count</key><integer>1</integer>
			<key>Sort Album</key><string>Madvillainy</string>
			<key>Sort Artist</key><string>Madvillain</string>
			<key>Sort Name</key><string>Illest Villains</string>
			<key>Persistent ID</key><string>7E4014C4EE70D893</string>
			<key>Track Type</key><string>Remote</string>
			<key>Apple Music</key><true/>
		</dict>
		<key>4261</key>
		<dict>
			<key>Track ID</key><integer>4261</integer>
			<key>Name</key><string>Accordion</string>
			<key>Artist</key><string>Madvillain</string>
			<key>Album Artist</key><string>Madvillain</string>
			<key>Composer</key><string>Otis Jackson Jr &#38; Daniel Dumile Thompson</string>
			<key>Album</key><string>Madvillainy</string>
			<key>Genre</key><string>Music</string>
			<key>Kind</key><string>Apple Music AAC audio file</string>
			<key>Size</key><integer>4471563</integer>
			<key>Total Time</key><integer>118853</integer>
			<key>Disc Number</key><integer>1</integer>
			<key>Disc Count</key><integer>1</integer>
			<key>Track Number</key><integer>2</integer>
			<key>Track Count</key><integer>22</integer>
			<key>Year</key><integer>2004</integer>
			<key>Date Modified</key><date>2023-09-25T05:38:55Z</date>
			<key>Date Added</key><date>2023-09-25T05:38:55Z</date>
			<key>Bit Rate</key><integer>256</integer>
			<key>Sample Rate</key><integer>44100</integer>
			<key>Play Count</key><integer>10</integer>
			<key>Play Date</key><integer>3830345022</integer>
			<key>Play Date UTC</key><date>2025-05-17T22:43:42Z</date>
			<key>Skip Count</key><integer>1</integer>
			<key>Skip Date</key><date>2025-06-25T07:12:25Z</date>
			<key>Release Date</key><date>2004-03-23T08:00:00Z</date>
			<key>Loved</key><true/>
			<key>Artwork Count</key><integer>1</integer>
			<key>Sort Album</key><string>Madvillainy</string>
			<key>Sort Artist</key><string>Madvillain</string>
			<key>Sort Name</key><string>Accordion</string>
			<key>Persistent ID</key><string>88CE7AA14F484098</string>
			<key>Explicit</key><true/>
			<key>Track Type</key><string>Remote</string>
			<key>Apple Music</key><true/>
		</dict>
		<key>4277</key>
		<dict>
			<key>Track ID</key><integer>4277</integer>
			<key>Name</key><string>Immigrant Song</string>
			<key>Artist</key><string>Led Zeppelin</string>
			<key>Album Artist</key><string>Led Zeppelin</string>
			<key>Composer</key><string>Jimmy Page &#38; Robert Plant</string>
			<key>Album</key><string>Led Zeppelin III (Remastered)</string>
			<key>Genre</key><string>Music</string>
			<key>Kind</key><string>Apple Music AAC audio file</string>
			<key>Size</key><integer>6169016</integer>
			<key>Total Time</key><integer>146250</integer>
			<key>Disc Number</key><integer>1</integer>
			<key>Disc Count</key><integer>1</integer>
			<key>Track Number</key><integer>1</integer>
			<key>Track Count</key><integer>10</integer>
			<key>Year</key><integer>1970</integer>
			<key>Date Modified</key><date>2023-09-25T05:38:55Z</date>
			<key>Date Added</key><date>2023-09-25T05:38:55Z</date>
			<key>Bit Rate</key><integer>256</integer>
			<key>Sample Rate</key><integer>44100</integer>
			<key>Comments</key><string>Red</string>
			<key>Play Count</key><integer>2</integer>
			<key>Play Date</key><integer>3820836894</integer>
			<key>Play Date UTC</key><date>2025-01-27T22:34:54Z</date>
			<key>Release Date</key><date>1970-10-05T07:00:00Z</date>
			<key>Loved</key><true/>
			<key>Artwork Count</key><integer>1</integer>
			<key>Sort Album</key><string>Led Zeppelin III (Remastered)</string>
			<key>Sort Artist</key><string>Led Zeppelin</string>
			<key>Sort Name</key><string>Immigrant Song</string>
			<key>Persistent ID</key><string>016B77A513085EB6</string>
			<key>Track Type</key><string>Remote</string>
			<key>Apple Music</key><true/>
		</dict>
		<key>4287</key>
		<dict>
			<key>Track ID</key><integer>4287</integer>
			<key>Name</key><string>Thinkin Bout You</string>
			<key>Artist</key><string>Frank Ocean</string>
			<key>Album Artist</key><string>Frank Ocean</string>
			<key>Composer</key><string>Shea Taylor &#38; Frank Ocean</string>
			<key>Album</key><string>channel ORANGE</string>
			<key>Genre</key><string>Music</string>
			<key>Kind</key><string>Apple Music AAC audio file</string>
			<key>Size</key><integer>7254953</integer>
			<key>Total Time</key><integer>200747</integer>
			<key>Disc Number</key><integer>1</integer>
			<key>Disc Count</key><integer>1</integer>
			<key>Track Number</key><integer>2</integer>
			<key>Track Count</key><integer>17</integer>
			<key>Year</key><integer>2012</integer>
			<key>Date Modified</key><date>2023-09-25T05:38:56Z</date>
			<key>Date Added</key><date>2023-09-25T05:38:56Z</date>
			<key>Bit Rate</key><integer>256</integer>
			<key>Sample Rate</key><integer>44100</integer>
			<key>Comments</key><string>Blue</string>
			<key>Play Count</key><integer>2</integer>
			<key>Play Date</key><integer>3832262248</integer>
			<key>Play Date UTC</key><date>2025-06-09T03:17:28Z</date>
			<key>Release Date</key><date>2012-04-17T07:00:00Z</date>
			<key>Loved</key><true/>
			<key>Artwork Count</key><integer>1</integer>
			<key>Sort Album</key><string>channel ORANGE</string>
			<key>Sort Artist</key><string>Frank Ocean</string>
			<key>Sort Name</key><string>Thinkin Bout You</string>
			<key>Persistent ID</key><string>D7A05F8783B6C89F</string>
			<key>Track Type</key><string>Remote</string>
			<key>Apple Music</key><true/>
		</dict>
		<key>4319</key>
		<dict>
			<key>Track ID</key><integer>4319</integer>
			<key>Name</key><string>IGOR'S THEME</string>
			<key>Artist</key><string>Tyler, The Creator</string>
			<key>Album Artist</key><string>Tyler, The Creator</string>
			<key>Composer</key><string>Tyler Okonma &#38; Symere Woods</string>
			<key>Album</key><string>IGOR</string>
			<key>Genre</key><string>Music</string>
			<key>Kind</key><string>Apple Music AAC audio file</string>
			<key>Size</key><integer>7339009</integer>
			<key>Total Time</key><integer>200684</integer>
			<key>Disc Number</key><integer>1</integer>
			<key>Disc Count</key><integer>1</integer>
			<key>Track Number</key><integer>1</integer>
			<key>Track Count</key><integer>12</integer>
			<key>Year</key><integer>2019</integer>
			<key>Date Modified</key><date>2023-09-25T05:38:56Z</date>
			<key>Date Added</key><date>2023-09-25T05:38:56Z</date>
			<key>Bit Rate</key><integer>256</integer>
			<key>Sample Rate</key><integer>44100</integer>
			<key>Play Count</key><integer>4</integer>
			<key>Play Date</key><integer>3824279902</integer>
			<key>Play Date UTC</key><date>2025-03-08T18:58:22Z</date>
			<key>Release Date</key><date>2019-05-16T07:00:00Z</date>
			<key>Loved</key><true/>
			<key>Artwork Count</key><integer>1</integer>
			<key>Sort Album</key><string>IGOR</string>
			<key>Sort Artist</key><string>Tyler, The Creator</string>
			<key>Sort Name</key><string>IGOR'S THEME</string>
			<key>Persistent ID</key><string>8E4A66200F872380</string>
			<key>Track Type</key><string>Remote</string>
			<key>Apple Music</key><true/>
		</dict>
		<key>4321</key>
		<dict>
			<key>Track ID</key><integer>4321</integer>
			<key>Name</key><string>EARFQUAKE</string>
			<key>Artist</key><string>Tyler, The Creator</string>
			<key>Album Artist</key><string>Tyler, The Creator</string>
			<key>Composer</key><string>Tyler Okonma &#38; Jordan Carter</string>
			<key>Album</key><string>IGOR</string>
			<key>Genre</key><string>Music</string>
			<key>Kind</key><string>Apple Music AAC audio file</string>
			<key>Size</key><integer>6837581</integer>
			<key>Total Time</key><integer>190073</integer>
			<key>Disc Number</key><integer>1</integer>
			<key>Disc Count</key><integer>1</integer>
			<key>Track Number</key><integer>2</integer>
			<key>Track Count</key><integer>12</integer>
			<key>Year</key><integer>2019</integer>
			<key>Date Modified</key><date>2023-09-25T05:38:56Z</date>
			<key>Date Added</key><date>2023-09-25T05:38:56Z</date>
			<key>Bit Rate</key><integer>256</integer>
			<key>Sample Rate</key><integer>44100</integer>
			<key>Play Count</key><integer>3</integer>
			<key>Play Date</key><integer>3824063944</integer>
			<key>Play Date UTC</key><date>2025-03-06T06:59:04Z</date>
			<key>Skip Count</key><integer>1</integer>
			<key>Skip Date</key><date>2025-03-08T20:36:39Z</date>
			<key>Release Date</key><date>2019-05-16T07:00:00Z</date>
			<key>Loved</key><true/>
			<key>Artwork Count</key><integer>1</integer>
			<key>Sort Album</key><string>IGOR</string>
			<key>Sort Artist</key><string>Tyler, The Creator</string>
			<key>Sort Name</key><string>EARFQUAKE</string>
			<key>Persistent ID</key><string>60F6B347F7DF1651</string>
			<key>Explicit</key><true/>
			<key>Track Type</key><string>Remote</string>
			<key>Apple Music</key><true/>
		</dict>
		<key>4325</key>
		<dict>
			<key>Track ID</key><integer>4325</integer>
			<key>Name</key><string>Age of Consent</string>
			<key>Artist</key><string>New Order</string>
			<key>Album Artist</key><string>New Order</string>
			<key>Composer</key><string>Bernard Sumner, Gillian Gilbert, Peter Hook &#38; Stephen Morris</string>
			<key>Album</key><string>Power, Corruption &#38; Lies</string>
			<key>Genre</key><string>Music</string>
			<key>Kind</key><string>Apple Music AAC audio file</string>
			<key>Size</key><integer>10991684</integer>
			<key>Total Time</key><integer>315347</integer>
			<key>Disc Number</key><integer>1</integer>
			<key>Disc Count</key><integer>1</integer>
			<key>Track Number</key><integer>1</integer>
			<key>Track Count</key><integer>8</integer>
			<key>Year</key><integer>1983</integer>
			<key>Date Modified</key><date>2023-09-25T05:38:56Z</date>
			<key>Date Added</key><date>2023-09-25T05:38:56Z</date>
			<key>Bit Rate</key><integer>256</integer>
			<key>Sample Rate</key><integer>44100</integer>
			<key>Comments</key><string>Green</string>
			<key>Play Count</key><integer>3</integer>
			<key>Play Date</key><integer>3834552318</integer>
			<key>Play Date UTC</key><date>2025-07-05T15:25:18Z</date>
			<key>Skip Count</key><integer>1</integer>
			<key>Skip Date</key><date>2025-01-08T22:20:09Z</date>
			<key>Release Date</key><date>1983-05-02T07:00:00Z</date>
			<key>Loved</key><true/>
			<key>Artwork Count</key><integer>1</integer>
			<key>Sort Album</key><string>Power, Corruption &#38; Lies</string>
			<key>Sort Artist</key><string>New Order</string>
			<key>Sort Name</key><string>Age of Consent</string>
			<key>Persistent ID</key><string>4E0E84B6F5D42FFD</string>
			<key>Track Type</key><string>Remote</string>
			<key>Apple Music</key><true/>
		</dict>
		<key>4331</key>
		<dict>
			<key>Track ID</key><integer>4331</integer>
			<key>Name</key><string>Distant Past</string>
			<key>Artist</key><string>Everything Everything</string>
			<key>Album Artist</key><string>Everything Everything</string>
			<key>Album</key><string>Get to Heaven</string>
			<key>Genre</key><string>Music</string>
			<key>Kind</key><string>Apple Music AAC audio file</string>
			<key>Size</key><integer>7868104</integer>
			<key>Total Time</key><integer>221693</integer>
			<key>Disc Number</key><integer>1</integer>
			<key>Disc Count</key><integer>1</integer>
			<key>Track Number</key><integer>2</integer>
			<key>Track Count</key><integer>11</integer>
			<key>Year</key><integer>2015</integer>
			<key>Date Modified</key><date>2023-09-25T05:38:56Z</date>
			<key>Date Added</key><date>2023-09-25T05:38:56Z</date>
			<key>Bit Rate</key><integer>256</integer>
			<key>Sample Rate</key><integer>44100</integer>
			<key>Comments</key><string>Orange</string>
			<key>Play Count</key><integer>3</integer>
			<key>Play Date</key><integer>3832139507</integer>
			<key>Play Date UTC</key><date>2025-06-07T17:11:47Z</date>
			<key>Release Date</key><date>2015-02-18T12:00:00Z</date>
			<key>Loved</key><true/>
			<key>Artwork Count</key><integer>1</integer>
			<key>Sort Album</key><string>Get to Heaven</string>
			<key>Sort Artist</key><string>Everything Everything</string>
			<key>Sort Name</key><string>Distant Past</string>
			<key>Persistent ID</key><string>219B363BD9C1D839</string>
			<key>Track Type</key><string>Remote</string>
			<key>Apple Music</key><true/>
		</dict>
		<key>4333</key>
		<dict>
			<key>Track ID</key><integer>4333</integer>
			<key>Name</key><string>My Boy (Twin Fantasy)</string>
			<key>Artist</key><string>Car Seat Headrest</string>
			<key>Album Artist</key><string>Car Seat Headrest</string>
			<key>Composer</key><string>William Barnes</string>
			<key>Album</key><string>Twin Fantasy</string>
			<key>Genre</key><string>Music</string>
			<key>Kind</key><string>Apple Music AAC audio file</string>
			<key>Size</key><integer>6433290</integer>
			<key>Total Time</key><integer>172920</integer>
			<key>Disc Number</key><integer>1</integer>
			<key>Disc Count</key><integer>1</integer>
			<key>Track Number</key><integer>1</integer>
			<key>Track Count</key><integer>10</integer>
			<key>Year</key><integer>2018</integer>
			<key>Date Modified</key><date>2023-09-25T05:38:56Z</date>
			<key>Date Added</key><date>2023-09-25T05:38:56Z</date>
			<key>Bit Rate</key><integer>256</integer>
			<key>Sample Rate</key><integer>44100</integer>
			<key>Comments</key><string>White</string>
			<key>Play Count</key><integer>6</integer>
			<key>Play Date</key><integer>3832573824</integer>
			<key>Play Date UTC</key><date>2025-06-12T17:50:24Z</date>
			<key>Skip Count</key><integer>1</integer>
			<key>Skip Date</key><date>2025-01-09T01:36:50Z</date>
			<key>Release Date</key><date>2018-02-16T12:00:00Z</date>
			<key>Loved</key><true/>
			<key>Artwork Count</key><integer>1</integer>
			<key>Sort Album</key><string>Twin Fantasy</string>
			<key>Sort Artist</key><string>Car Seat Headrest</string>
			<key>Sort Name</key><string>My Boy (Twin Fantasy)</string>
			<key>Persistent ID</key><string>0D6AF07BE093A2EB</string>
			<key>Track Type</key><string>Remote</string>
			<key>Apple Music</key><true/>
		</dict>
		<key>4355</key>
		<dict>
			<key>Track ID</key><integer>4355</integer>
			<key>Name</key><string>Everything In Its Right Place</string>
			<key>Artist</key><string>Radiohead</string>
			<key>Album Artist</key><string>Radiohead</string>
			<key>Composer</key><string>Colin Greenwood, Ed O'Brien, Jonny Greenwood, Phil Selway &#38; Thom Yorke</string>
			<key>Album</key><string>Kid A</string>
			<key>Genre</key><string>Music</string>
			<key>Kind</key><string>Apple Music AAC audio file</string>
			<key>Size</key><integer>9785203</integer>
			<key>Total Time</key><integer>251427</integer>
			<key>Disc Number</key><integer>1</integer>
			<key>Disc Count</key><integer>1</integer>
			<key>Track Number</key><integer>1</integer>
			<key>Track Count</key><integer>11</integer>
			<key>Year</key><integer>2000</integer>
			<key>Date Modified</key><date>2023-09-25T05:38:56Z</date>
			<key>Date Added</key><date>2023-09-25T05:38:56Z</date>
			<key>Bit Rate</key><integer>256</integer>
			<key>Sample Rate</key><integer>44100</integer>
			<key>Play Count</key><integer>3</integer>
			<key>Play Date</key><integer>3826955081</integer>
			<key>Play Date UTC</key><date>2025-04-08T17:04:41Z</date>
			<key>Release Date</key><date>2000-10-02T07:00:00Z</date>
			<key>Loved</key><true/>
			<key>Artwork Count</key><integer>1</integer>
			<key>Sort Album</key><string>Kid A</string>
			<key>Sort Artist</key><string>Radiohead</string>
			<key>Sort Name</key><string>Everything In Its Right Place</string>
			<key>Persistent ID</key><string>ADC3DD0D09708DE9</string>
			<key>Track Type</key><string>Remote</string>
			<key>Apple Music</key><true/>
		</dict>
		<key>4369</key>
		<dict>
			<key>Track ID</key><integer>4369</integer>
			<key>Name</key><string>DNA.</string>
			<key>Artist</key><string>Kendrick Lamar</string>
			<key>Album Artist</key><string>Kendrick Lamar</string>
			<key>Composer</key><string>Kendrick Lamar &#38; Michael L. Williams II</string>
			<key>Album</key><string>DAMN.</string>
			<key>Genre</key><string>Music</string>
			<key>Kind</key><string>Apple Music AAC audio file</string>
			<key>Size</key><integer>6825189</integer>
			<key>Total Time</key><integer>185947</integer>
			<key>Disc Number</key><integer>1</integer>
			<key>Disc Count</key><integer>1</integer>
			<key>Track Number</key><integer>2</integer>
			<key>Track Count</key><integer>14</integer>
			<key>Year</key><integer>2017</integer>
			<key>Date Modified</key><date>2023-09-25T05:38:56Z</date>
			<key>Date Added</key><date>2023-09-25T05:38:56Z</date>
			<key>Bit Rate</key><integer>256</integer>
			<key>Sample Rate</key><integer>44100</integer>
			<key>Comments</key><string>Orange</string>
			<key>Play Count</key><integer>5</integer>
			<key>Play Date</key><integer>3823674590</integer>
			<key>Play Date UTC</key><date>2025-03-01T18:49:50Z</date>
			<key>Skip Count</key><integer>2</integer>
			<key>Skip Date</key><date>2025-02-26T05:19:26Z</date>
			<key>Release Date</key><date>2017-04-14T12:00:00Z</date>
			<key>Loved</key><true/>
			<key>Artwork Count</key><integer>1</integer>
			<key>Sort Album</key><string>DAMN.</string>
			<key>Sort Artist</key><string>Kendrick Lamar</string>
			<key>Sort Name</key><string>DNA.</string>
			<key>Persistent ID</key><string>CDF432B610DB2A84</string>
			<key>Explicit</key><true/>
			<key>Track Type</key><string>Remote</string>
			<key>Apple Music</key><true/>
		</dict>
		<key>4371</key>
		<dict>
			<key>Track ID</key><integer>4371</integer>
			<key>Name</key><string>ELEMENT.</string>
			<key>Artist</key><string>Kendrick Lamar</string>
			<key>Album Artist</key><string>Kendrick Lamar</string>
			<key>Composer</key><string>Kendrick Lamar, M. Spears, Juvenile, Mannie Fresh, James Blake &#38; Ricci Riera</string>
			<key>Album</key><string>DAMN.</string>
			<key>Genre</key><string>Music</string>
			<key>Kind</key><string>Apple Music AAC audio file</string>
			<key>Size</key><integer>7531228</integer>
			<key>Total Time</key><integer>208733</integer>
			<key>Disc Number</key><integer>1</integer>
			<key>Disc Count</key><integer>1</integer>
			<key>Track Number</key><integer>4</integer>
			<key>Track Count</key><integer>14</integer>
			<key>Year</key><integer>2017</integer>
			<key>Date Modified</key><date>2023-09-25T05:38:56Z</date>
			<key>Date Added</key><date>2023-09-25T05:38:56Z</date>
			<key>Bit Rate</key><integer>256</integer>
			<key>Sample Rate</key><integer>44100</integer>
			<key>Play Count</key><integer>5</integer>
			<key>Play Date</key><integer>3825436629</integer>
			<key>Play Date UTC</key><date>2025-03-22T03:17:09Z</date>
			<key>Skip Count</key><integer>2</integer>
			<key>Skip Date</key><date>2025-02-26T05:19:29Z</date>
			<key>Release Date</key><date>2017-04-14T12:00:00Z</date>
			<key>Loved</key><true/>
			<key>Artwork Count</key><integer>1</integer>
			<key>Sort Album</key><string>DAMN.</string>
			<key>Sort Artist</key><string>Kendrick Lamar</string>
			<key>Sort Name</key><string>ELEMENT.</string>
			<key>Persistent ID</key><string>A836D4E4D0D08158</string>
			<key>Explicit</key><true/>
			<key>Track Type</key><string>Remote</string>
			<key>Apple Music</key><true/>
		</dict>
		<key>4379</key>
		<dict>
			<key>Track ID</key><integer>4379</integer>
			<key>Name</key><string>Born Again</string>
			<key>Artist</key><string>Josh Garrels</string>
			<key>Album Artist</key><string>Josh Garrels</string>
			<key>Composer</key><string>Joshua Michael Garrels</string>
			<key>Album</key><string>Home</string>
			<key>Genre</key><string>Music</string>
			<key>Kind</key><string>Apple Music AAC audio file</string>
			<key>Size</key><integer>9643622</integer>
			<key>Total Time</key><integer>271907</integer>
			<key>Disc Number</key><integer>1</integer>
			<key>Disc Count</key><integer>1</integer>
			<key>Track Number</key><integer>1</integer>
			<key>Track Count</key><integer>11</integer>
			<key>Year</key><integer>2015</integer>
			<key>Date Modified</key><date>2023-09-25T05:38:56Z</date>
			<key>Date Added</key><date>2023-09-25T05:38:56Z</date>
			<key>Bit Rate</key><integer>256</integer>
			<key>Sample Rate</key><integer>44100</integer>
			<key>Play Count</key><integer>6</integer>
			<key>Play Date</key><integer>3820245817</integer>
			<key>Play Date UTC</key><date>2025-01-21T02:23:37Z</date>
			<key>Release Date</key><date>2015-04-07T12:00:00Z</date>
			<key>Loved</key><true/>
			<key>Artwork Count</key><integer>1</integer>
			<key>Sort Album</key><string>Home</string>
			<key>Sort Artist</key><string>Josh Garrels</string>
			<key>Sort Name</key><string>Born Again</string>
			<key>Persistent ID</key><string>A638685BA9BAAB36</string>
			<key>Track Type</key><string>Remote</string>
			<key>Apple Music</key><true/>
		</dict>
		<key>4387</key>
		<dict>
			<key>Track ID</key><integer>4387</integer>
			<key>Name</key><string>Nangs</string>
			<key>Artist</key><string>Tame Impala</string>
			<key>Album Artist</key><string>Tame Impala</string>
			<key>Composer</key><string>Kevin Parker</string>
			<key>Album</key><string>Currents</string>
			<key>Genre</key><string>Music</string>
			<key>Kind</key><string>Apple Music AAC audio file</string>
			<key>Size</key><integer>4089144</integer>
			<key>Total Time</key><integer>107973</integer>
			<key>Disc Number</key><integer>1</integer>
			<key>Disc Count</key><integer>1</integer>
			<key>Track Number</key><integer>2</integer>
			<key>Track Count</key><integer>13</integer>
			<key>Year</key><integer>2015</integer>
			<key>Date Modified</key><date>2023-09-25T05:38:56Z</date>
			<key>Date Added</key><date>2023-09-25T05:38:56Z</date>
			<key>Bit Rate</key><integer>256</integer>
			<key>Sample Rate</key><integer>44100</integer>
			<key>Comments</key><string>Violet</string>
			<key>Play Count</key><integer>2</integer>
			<key>Play Date</key><integer>3827125298</integer>
			<key>Play Date UTC</key><date>2025-04-10T16:21:38Z</date>
			<key>Skip Count</key><integer>1</integer>
			<key>Skip Date</key><date>2025-02-13T15:56:29Z</date>
			<key>Release Date</key><date>2015-07-17T12:00:00Z</date>
			<key>Loved</key><true/>
			<key>Artwork Count</key><integer>1</integer>
			<key>Sort Album</key><string>Currents</string>
			<key>Sort Artist</key><string>Tame Impala</string>
			<key>Sort Name</key><string>Nangs</string>
			<key>Persistent ID</key><string>CC9F7201E3DA40A9</string>
			<key>Track Type</key><string>Remote</string>
			<key>Apple Music</key><true/>
		</dict>
		<key>4389</key>
		<dict>
			<key>Track ID</key><integer>4389</integer>
			<key>Name</key><string>Five Years (2012 Remaster)</string>
			<key>Artist</key><string>David Bowie</string>
			<key>Album Artist</key><string>David Bowie</string>
			<key>Composer</key><string>David Bowie</string>
			<key>Album</key><string>The Rise and Fall of Ziggy Stardust and the Spiders from Mars (2012 Remaster)</string>
			<key>Genre</key><string>Music</string>
			<key>Kind</key><string>Apple Music AAC audio file</string>
			<key>Size</key><integer>10008331</integer>
			<key>Total Time</key><integer>283747</integer>
			<key>Disc Number</key><integer>1</integer>
			<key>Disc Count</key><integer>1</integer>
			<key>Track Number</key><integer>1</integer>
			<key>Track Count</key><integer>11</integer>
			<key>Year</key><integer>1972</integer>
			<key>Date Modified</key><date>2023-09-25T05:38:56Z</date>
			<key>Date Added</key><date>2023-09-25T05:38:56Z</date>
			<key>Bit Rate</key><integer>256</integer>
			<key>Sample Rate</key><integer>44100</integer>
			<key>Play Count</key><integer>2</integer>
			<key>Play Date</key><integer>3822486818</integer>
			<key>Play Date UTC</key><date>2025-02-16T00:53:38Z</date>
			<key>Release Date</key><date>1972-06-16T07:00:00Z</date>
			<key>Loved</key><true/>
			<key>Artwork Count</key><integer>1</integer>
			<key>Sort Album</key><string>Rise and Fall of Ziggy Stardust and the Spiders from Mars (2012 Remaster)</string>
			<key>Sort Artist</key><string>David Bowie</string>
			<key>Sort Name</key><string>Five Years (2012 Remaster)</string>
			<key>Persistent ID</key><string>80AEC9C65D68A972</string>
			<key>Track Type</key><string>Remote</string>
			<key>Apple Music</key><true/>
		</dict>
		<key>4481</key>
		<dict>
			<key>Track ID</key><integer>4481</integer>
			<key>Name</key><string>Rigamortus</string>
			<key>Artist</key><string>Kendrick Lamar</string>
			<key>Album Artist</key><string>Kendrick Lamar</string>
			<key>Album</key><string>Section.80</string>
			<key>Genre</key><string>Music</string>
			<key>Kind</key><string>Apple Music AAC audio file</string>
			<key>Size</key><integer>6129832</integer>
			<key>Total Time</key><integer>168591</integer>
			<key>Disc Number</key><integer>1</integer>
			<key>Disc Count</key><integer>1</integer>
			<key>Track Number</key><integer>11</integer>
			<key>Track Count</key><integer>15</integer>
			<key>Year</key><integer>2011</integer>
			<key>Date Modified</key><date>2023-09-25T05:44:22Z</date>
			<key>Date Added</key><date>2023-09-25T05:44:22Z</date>
			<key>Bit Rate</key><integer>256</integer>
			<key>Sample Rate</key><integer>44100</integer>
			<key>Part Of Gapless Album</key><true/>
			<key>Play Count</key><integer>11</integer>
			<key>Play Date</key><integer>3830337135</integer>
			<key>Play Date UTC</key><date>2025-05-17T20:32:15Z</date>
			<key>Skip Count</key><integer>1</integer>
			<key>Skip Date</key><date>2025-04-08T17:27:36Z</date>
			<key>Release Date</key><date>2011-07-02T07:00:00Z</date>
			<key>Loved</key><true/>
			<key>Artwork Count</key><integer>1</integer>
			<key>Sort Album</key><string>Section.80</string>
			<key>Sort Artist</key><string>Kendrick Lamar</string>
			<key>Sort Name</key><string>Rigamortus</string>
			<key>Persistent ID</key><string>F2BEA7797E8C44B5</string>
			<key>Explicit</key><true/>
			<key>Track Type</key><string>Remote</string>
			<key>Apple Music</key><true/>
		</dict>
		<key>4483</key>
		<dict>
			<key>Track ID</key><integer>4483</integer>
			<key>Name</key><string>Iris</string>
			<key>Artist</key><string>The Goo Goo Dolls</string>
			<key>Album Artist</key><string>The Goo Goo Dolls</string>
			<key>Composer</key><string>John Rzeznik</string>
			<key>Album</key><string>Dizzy Up the Girl</string>
			<key>Genre</key><string>Music</string>
			<key>Kind</key><string>Apple Music AAC audio file</string>
			<key>Size</key><integer>10764624</integer>
			<key>Total Time</key><integer>289559</integer>
			<key>Disc Number</key><integer>1</integer>
			<key>Disc Count</key><integer>1</integer>
			<key>Track Number</key><integer>11</integer>
			<key>Track Count</key><integer>13</integer>
			<key>Year</key><integer>1998</integer>
			<key>Date Modified</key><date>2023-09-25T05:44:22Z</date>
			<key>Date Added</key><date>2023-09-25T05:44:22Z</date>
			<key>Bit Rate</key><integer>256</integer>
			<key>Sample Rate</key><integer>44100</integer>
			<key>Comments</key><string>Blue</string>
			<key>Play Count</key><integer>2</integer>
			<key>Play Date</key><integer>3799221546</integer>
			<key>Play Date UTC</key><date>2024-05-22T17:19:06Z</date>
			<key>Release Date</key><date>1998-04-07T07:00:00Z</date>
			<key>Loved</key><true/>
			<key>Artwork Count</key><integer>1</integer>
			<key>Sort Album</key><string>Dizzy Up the Girl</string>
			<key>Sort Album Artist</key><string>Goo Goo Dolls</string>
			<key>Sort Artist</key><string>Goo Goo Dolls</string>
			<key>Sort Name</key><string>Iris</string>
			<key>Persistent ID</key><string>5C439374CD79CE77</string>
			<key>Track Type</key><string>Remote</string>
			<key>Apple Music</key><true/>
		</dict>
		<key>4485</key>
		<dict>
			<key>Track ID</key><integer>4485</integer>
			<key>Name</key><string>Never Meant</string>
			<key>Artist</key><string>American Football</string>
			<key>Album Artist</key><string>American Football</string>
			<key>Album</key><string>American Football</string>
			<key>Genre</key><string>Music</string>
			<key>Kind</key><string>Apple Music AAC audio file</string>
			<key>Size</key><integer>9963330</integer>
			<key>Total Time</key><integer>268333</integer>
			<key>Disc Number</key><integer>1</integer>
			<key>Disc Count</key><integer>1</integer>
			<key>Track Number</key><integer>1</integer>
			<key>Track Count</key><integer>9</integer>
			<key>Year</key><integer>1999</integer>
			<key>Date Modified</key><date>2023-09-25T05:44:22Z</date>
			<key>Date Added</key><date>2023-09-25T05:44:22Z</date>
			<key>Bit Rate</key><integer>256</integer>
			<key>Sample Rate</key><integer>44100</integer>
			<key>Comments</key><string>Green</string>
			<key>Play Count</key><integer>1</integer>
			<key>Play Date</key><integer>3796594059</integer>
			<key>Play Date UTC</key><date>2024-04-22T07:27:39Z</date>
			<key>Release Date</key><date>1999-09-14T12:00:00Z</date>
			<key>Loved</key><true/>
			<key>Artwork Count</key><integer>1</integer>
			<key>Sort Album</key><string>American Football</string>
			<key>Sort Artist</key><string>American Football</string>
			<key>Sort Name</key><string>Never Meant</string>
			<key>Persistent ID</key><string>8F4B1AE1006ADC9A</string>
			<key>Track Type</key><string>Remote</string>
			<key>Apple Music</key><true/>
		</dict>
		<key>4487</key>
		<dict>
			<key>Track ID</key><integer>4487</integer>
			<key>Name</key><string>Run Away With Me</string>
			<key>Artist</key><string>Carly Rae Jepsen</string>
			<key>Album Artist</key><string>Carly Rae Jepsen</string>
			<key>Composer</key><string>Carly Rae Jepsen, Mattias Larsson, Oscar Holter, Shellback, Robin Fredriksson &#38; Jonnali Parmenius</string>
			<key>Album</key><string>Emotion (Deluxe Expanded Edition)</string>
			<key>Genre</key><string>Music</string>
			<key>Kind</key><string>Apple Music AAC audio file</string>
			<key>Size</key><integer>8967021</integer>
			<key>Total Time</key><integer>251327</integer>
			<key>Disc Number</key><integer>1</integer>
			<key>Disc Count</key><integer>1</integer>
			<key>Track Number</key><integer>1</integer>
			<key>Track Count</key><integer>17</integer>
			<key>Year</key><integer>2015</integer>
			<key>Date Modified</key><date>2023-09-25T05:44:22Z</date>
			<key>Date Added</key><date>2023-09-25T05:44:22Z</date>
			<key>Bit Rate</key><integer>256</integer>
			<key>Sample Rate</key><integer>44100</integer>
			<key>Comments</key><string>Yellow</string>
			<key>Play Count</key><integer>3</integer>
			<key>Play Date</key><integer>3818506784</integer>
			<key>Play Date UTC</key><date>2024-12-31T23:19:44Z</date>
			<key>Release Date</key><date>2015-06-24T12:00:00Z</date>
			<key>Loved</key><true/>
			<key>Artwork Count</key><integer>1</integer>
			<key>Sort Album</key><string>Emotion (Deluxe Expanded Edition)</string>
			<key>Sort Artist</key><string>Carly Rae Jepsen</string>
			<key>Sort Name</key><string>Run Away With Me</string>
			<key>Persistent ID</key><string>ECCC68206B49C3A2</string>
			<key>Track Type</key><string>Remote</string>
			<key>Apple Music</key><true/>
		</dict>
		<key>4493</key>
		<dict>
			<key>Track ID</key><integer>4493</integer>
			<key>Name</key><string>Mightiest of Guns</string>
			<key>Artist</key><string>A.A. Bondy</string>
			<key>Album Artist</key><string>A.A. Bondy</string>
			<key>Composer</key><string>Not Documented</string>
			<key>Album</key><string>When the Devil's Loose</string>
			<key>Genre</key><string>Music</string>
			<key>Kind</key><string>Apple Music AAC audio file</string>
			<key>Size</key><integer>8739728</integer>
			<key>Total Time</key><integer>227280</integer>
			<key>Disc Number</key><integer>1</integer>
			<key>Disc Count</key><integer>1</integer>
			<key>Track Number</key><integer>1</integer>
			<key>Track Count</key><integer>10</integer>
			<key>Year</key><integer>2009</integer>
			<key>Date Modified</key><date>2023-09-25T05:44:22Z</date>
			<key>Date Added</key><date>2023-09-25T05:44:22Z</date>
			<key>Bit Rate</key><integer>256</integer>
			<key>Sample Rate</key><integer>44100</integer>
			<key>Comments</key><string>Green</string>
			<key>Play Count</key><integer>2</integer>
			<key>Play Date</key><integer>3834584446</integer>
			<key>Play Date UTC</key><date>2025-07-06T00:20:46Z</date>
			<key>Release Date</key><date>2009-01-01T12:00:00Z</date>
			<key>Loved</key><true/>
			<key>Artwork Count</key><integer>1</integer>
			<key>Sort Album</key><string>When the Devil's Loose</string>
			<key>Sort Artist</key><string>A.A. Bondy</string>
			<key>Sort Name</key><string>Mightiest of Guns</string>
			<key>Persistent ID</key><string>4ECC26BB7D140CE6</string>
			<key>Track Type</key><string>Remote</string>
			<key>Apple Music</key><true/>
		</dict>
		<key>4497</key>
		<dict>
			<key>Track ID</key><integer>4497</integer>
			<key>Name</key><string>Angel</string>
			<key>Artist</key><string>Massive Attack</string>
			<key>Album Artist</key><string>Massive Attack</string>
			<key>Composer</key><string>Horace Hinds, Del Naja, Grant Marshall &#38; Andrew Lee Isaac Vowles</string>
			<key>Album</key><string>Mezzanine</string>
			<key>Genre</key><string>Music</string>
			<key>Kind</key><string>Apple Music AAC audio file</string>
			<key>Size</key><integer>13208357</integer>
			<key>Total Time</key><integer>379533</integer>
			<key>Disc Number</key><integer>1</integer>
			<key>Disc Count</key><integer>1</integer>
			<key>Track Number</key><integer>1</integer>
			<key>Track Count</key><integer>11</integer>
			<key>Year</key><integer>1998</integer>
			<key>Date Modified</key><date>2023-09-25T05:44:22Z</date>
			<key>Date Added</key><date>2023-09-25T05:44:22Z</date>
			<key>Bit Rate</key><integer>256</integer>
			<key>Sample Rate</key><integer>44100</integer>
			<key>Comments</key><string>Black</string>
			<key>Play Count</key><integer>23</integer>
			<key>Play Date</key><integer>3834723499</integer>
			<key>Play Date UTC</key><date>2025-07-07T14:58:19Z</date>
			<key>Skip Count</key><integer>1</integer>
			<key>Skip Date</key><date>2025-03-24T23:24:58Z</date>
			<key>Release Date</key><date>1998-04-20T07:00:00Z</date>
			<key>Loved</key><true/>
			<key>Artwork Count</key><integer>1</integer>
			<key>Sort Album</key><string>Mezzanine</string>
			<key>Sort Artist</key><string>Massive Attack</string>
			<key>Sort Name</key><string>Angel</string>
			<key>Persistent ID</key><string>97AF338DE485D91B</string>
			<key>Track Type</key><string>Remote</string>
			<key>Apple Music</key><true/>
		</dict>
		<key>4533</key>
		<dict>
			<key>Track ID</key><integer>4533</integer>
			<key>Name</key><string>In the Meantime</string>
			<key>Artist</key><string>Spacehog</string>
			<key>Album Artist</key><string>Spacehog</string>
			<key>Composer</key><string>Royston Langdon</string>
			<key>Album</key><string>Resident Alien</string>
			<key>Genre</key><string>Music</string>
			<key>Kind</key><string>Apple Music AAC audio file</string>
			<key>Size</key><integer>10835627</integer>
			<key>Total Time</key><integer>299507</integer>
			<key>Disc Number</key><integer>1</integer>
			<key>Disc Count</key><integer>1</integer>
			<key>Track Number</key><integer>1</integer>
			<key>Track Count</key><integer>13</integer>
			<key>Year</key><integer>1995</integer>
			<key>Date Modified</key><date>2023-09-25T05:44:22Z</date>
			<key>Date Added</key><date>2023-09-25T05:44:22Z</date>
			<key>Bit Rate</key><integer>256</integer>
			<key>Sample Rate</key><integer>44100</integer>
			<key>Comments</key><string>Yellow</string>
			<key>Play Count</key><integer>5</integer>
			<key>Play Date</key><integer>3834416669</integer>
			<key>Play Date UTC</key><date>2025-07-04T01:44:29Z</date>
			<key>Release Date</key><date>1995-10-24T12:00:00Z</date>
			<key>Loved</key><true/>
			<key>Artwork Count</key><integer>1</integer>
			<key>Sort Album</key><string>Resident Alien</string>
			<key>Sort Artist</key><string>Spacehog</string>
			<key>Sort Name</key><string>In the Meantime</string>
			<key>Persistent ID</key><string>60C4AA429340F3E4</string>
			<key>Track Type</key><string>Remote</string>
			<key>Apple Music</key><true/>
		</dict>
		<key>4649</key>
		<dict>
			<key>Track ID</key><integer>4649</integer>
			<key>Name</key><string>Do It Again</string>
			<key>Artist</key><string>Steely Dan</string>
			<key>Album Artist</key><string>Steely Dan</string>
			<key>Composer</key><string>Donald Fagen &#38; Walter Becker</string>
			<key>Album</key><string>Can't Buy A Thrill</string>
			<key>Genre</key><string>Music</string>
			<key>Kind</key><string>Apple Music AAC audio file</string>
			<key>Size</key><integer>13998145</integer>
			<key>Total Time</key><integer>357041</integer>
			<key>Disc Number</key><integer>1</integer>
			<key>Disc Count</key><integer>1</integer>
			<key>Track Number</key><integer>1</integer>
			<key>Track Count</key><integer>10</integer>
			<key>Year</key><integer>1972</integer>
			<key>Date Modified</key><date>2023-09-25T05:44:23Z</date>
			<key>Date Added</key><date>2023-09-25T05:44:23Z</date>
			<key>Bit Rate</key><integer>256</integer>
			<key>Sample Rate</key><integer>44100</integer>
			<key>Play Count</key><integer>11</integer>
			<key>Play Date</key><integer>3814165577</integer>
			<key>Play Date UTC</key><date>2024-11-11T17:26:17Z</date>
			<key>Skip Count</key><integer>4</integer>
			<key>Skip Date</key><date>2024-11-12T21:26:32Z</date>
			<key>Release Date</key><date>1972-10-01T12:00:00Z</date>
			<key>Loved</key><true/>
			<key>Artwork Count</key><integer>1</integer>
			<key>Sort Album</key><string>Can't Buy A Thrill</string>
			<key>Sort Artist</key><string>Steely Dan</string>
			<key>Sort Name</key><string>Do It Again</string>
			<key>Persistent ID</key><string>3817DBCDA2FE5F68</string>
			<key>Track Type</key><string>Remote</string>
			<key>Apple Music</key><true/>
		</dict>
		<key>4667</key>
		<dict>
			<key>Track ID</key><integer>4667</integer>
			<key>Name</key><string>The High Road</string>
			<key>Artist</key><string>Broken Bells</string>
			<key>Album Artist</key><string>Broken Bells</string>
			<key>Composer</key><string>James Mercer &#38; Brian Burton</string>
			<key>Album</key><string>Broken Bells</string>
			<key>Genre</key><string>Music</string>
			<key>Kind</key><string>Apple Music AAC audio file</string>
			<key>Size</key><integer>8134731</integer>
			<key>Total Time</key><integer>232108</integer>
			<key>Disc Number</key><integer>1</integer>
			<key>Disc Count</key><integer>1</integer>
			<key>Track Number</key><integer>1</integer>
			<key>Track Count</key><integer>10</integer>
			<key>Year</key><integer>2009</integer>
			<key>Date Modified</key><date>2023-09-25T05:44:23Z</date>
			<key>Date Added</key><date>2023-09-25T05:44:23Z</date>
			<key>Bit Rate</key><integer>256</integer>
			<key>Sample Rate</key><integer>44100</integer>
			<key>Play Count</key><integer>2</integer>
			<key>Play Date</key><integer>3832140872</integer>
			<key>Play Date UTC</key><date>2025-06-07T17:34:32Z</date>
			<key>Release Date</key><date>2009-12-17T12:00:00Z</date>
			<key>Loved</key><true/>
			<key>Artwork Count</key><integer>1</integer>
			<key>Sort Album</key><string>Broken Bells</string>
			<key>Sort Artist</key><string>Broken Bells</string>
			<key>Sort Name</key><string>High Road</string>
			<key>Persistent ID</key><string>CF23AC6575303745</string>
			<key>Track Type</key><string>Remote</string>
			<key>Apple Music</key><true/>
		</dict>
		<key>4703</key>
		<dict>
			<key>Track ID</key><integer>4703</integer>
			<key>Name</key><string>Soon, My Friend</string>
			<key>Artist</key><string>M83</string>
			<key>Album Artist</key><string>M83</string>
			<key>Composer</key><string>M83</string>
			<key>Album</key><string>Hurry Up, We're Dreaming</string>
			<key>Genre</key><string>Music</string>
			<key>Kind</key><string>Apple Music AAC audio file</string>
			<key>Size</key><integer>7068693</integer>
			<key>Total Time</key><integer>189293</integer>
			<key>Disc Number</key><integer>1</integer>
			<key>Disc Count</key><integer>2</integer>
			<key>Track Number</key><integer>11</integer>
			<key>Track Count</key><integer>11</integer>
			<key>Year</key><integer>2011</integer>
			<key>Date Modified</key><date>2023-09-25T05:44:24Z</date>
			<key>Date Added</key><date>2023-09-25T05:44:24Z</date>
			<key>Bit Rate</key><integer>256</integer>
			<key>Sample Rate</key><integer>44100</integer>
			<key>Comments</key><string>White</string>
			<key>Play Count</key><integer>2</integer>
			<key>Play Date</key><integer>3795020008</integer>
			<key>Play Date UTC</key><date>2024-04-04T02:13:28Z</date>
			<key>Release Date</key><date>2011-10-18T07:00:00Z</date>
			<key>Loved</key><true/>
			<key>Artwork Count</key><integer>1</integer>
			<key>Sort Album</key><string>Hurry Up, We're Dreaming</string>
			<key>Sort Artist</key><string>M83</string>
			<key>Sort Name</key><string>Soon, My Friend</string>
			<key>Persistent ID</key><string>6441B3484D8C1825</string>
			<key>Track Type</key><string>Remote</string>
			<key>Apple Music</key><true/>
		</dict>
		<key>4733</key>
		<dict>
			<key>Track ID</key><integer>4733</integer>
			<key>Name</key><string>White Owl</string>
			<key>Artist</key><string>Josh Garrels</string>
			<key>Album Artist</key><string>Josh Garrels</string>
			<key>Composer</key><string>Joshua Michael Garrels</string>
			<key>Album</key><string>Love &#38; War &#38; The Sea In Between</string>
			<key>Genre</key><string>Music</string>
			<key>Kind</key><string>Apple Music AAC audio file</string>
			<key>Size</key><integer>12505500</integer>
			<key>Total Time</key><integer>348000</integer>
			<key>Disc Number</key><integer>1</integer>
			<key>Disc Count</key><integer>1</integer>
			<key>Track Number</key><integer>1</integer>
			<key>Track Count</key><integer>18</integer>
			<key>Year</key><integer>2011</integer>
			<key>Date Modified</key><date>2023-09-25T05:44:24Z</date>
			<key>Date Added</key><date>2023-09-25T05:44:24Z</date>
			<key>Bit Rate</key><integer>256</integer>
			<key>Sample Rate</key><integer>44100</integer>
			<key>Play Count</key><integer>2</integer>
			<key>Play Date</key><integer>3782325893</integer>
			<key>Play Date UTC</key><date>2023-11-09T05:04:53Z</date>
			<key>Release Date</key><date>2011-07-15T12:00:00Z</date>
			<key>Loved</key><true/>
			<key>Artwork Count</key><integer>1</integer>
			<key>Sort Album</key><string>Love &#38; War &#38; The Sea In Between</string>
			<key>Sort Artist</key><string>Josh Garrels</string>
			<key>Sort Name</key><string>White Owl</string>
			<key>Persistent ID</key><string>D227E26A03B57F85</string>
			<key>Track Type</key><string>Remote</string>
			<key>Apple Music</key><true/>
		</dict>
		<key>4743</key>
		<dict>
			<key>Track ID</key><integer>4743</integer>
			<key>Name</key><string>Modern Love</string>
			<key>Artist</key><string>David Bowie</string>
			<key>Album Artist</key><string>David Bowie</string>
			<key>Composer</key><string>David Bowie</string>
			<key>Album</key><string>Let's Dance (2018 Remaster)</string>
			<key>Genre</key><string>Music</string>
			<key>Kind</key><string>Apple Music AAC audio file</string>
			<key>Size</key><integer>10649011</integer>
			<key>Total Time</key><integer>288339</integer>
			<key>Disc Number</key><integer>1</integer>
			<key>Disc Count</key><integer>1</integer>
			<key>Track Number</key><integer>1</integer>
			<key>Track Count</key><integer>8</integer>
			<key>Year</key><integer>1983</integer>
			<key>Date Modified</key><date>2023-09-25T05:44:24Z</date>
			<key>Date Added</key><date>2023-09-25T05:44:24Z</date>
			<key>Bit Rate</key><integer>256</integer>
			<key>Sample Rate</key><integer>44100</integer>
			<key>Comments</key><string>Yellow</string>
			<key>Play Count</key><integer>2</integer>
			<key>Play Date</key><integer>3832563381</integer>
			<key>Play Date UTC</key><date>2025-06-12T14:56:21Z</date>
			<key>Release Date</key><date>1983-04-14T12:00:00Z</date>
			<key>Loved</key><true/>
			<key>Artwork Count</key><integer>1</integer>
			<key>Sort Album</key><string>Let's Dance (2018 Remaster)</string>
			<key>Sort Artist</key><string>David Bowie</string>
			<key>Sort Name</key><string>Modern Love</string>
			<key>Persistent ID</key><string>B3769C8A2E4D2A2E</string>
			<key>Track Type</key><string>Remote</string>
			<key>Apple Music</key><true/>
		</dict>
		<key>4753</key>
		<dict>
			<key>Track ID</key><integer>4753</integer>
			<key>Name</key><string>All My Days</string>
			<key>Artist</key><string>Alexi Murdoch</string>
			<key>Album Artist</key><string>Alexi Murdoch</string>
			<key>Composer</key><string>Alexi Murdoch</string>
			<key>Album</key><string>Time Without Consequence</string>
			<key>Genre</key><string>Music</string>
			<key>Kind</key><string>Apple Music AAC audio file</string>
			<key>Size</key><integer>10351963</integer>
			<key>Total Time</key><integer>297120</integer>
			<key>Disc Number</key><integer>1</integer>
			<key>Disc Count</key><integer>1</integer>
			<key>Track Number</key><integer>1</integer>
			<key>Track Count</key><integer>11</integer>
			<key>Year</key><integer>2006</integer>
			<key>Date Modified</key><date>2023-09-25T05:44:24Z</date>
			<key>Date Added</key><date>2023-09-25T05:44:24Z</date>
			<key>Bit Rate</key><integer>256</integer>
			<key>Sample Rate</key><integer>44100</integer>
			<key>Comments</key><string>White</string>
			<key>Play Count</key><integer>1</integer>
			<key>Play Date</key><integer>3780287199</integer>
			<key>Play Date UTC</key><date>2023-10-16T13:46:39Z</date>
			<key>Release Date</key><date>2006-01-01T12:00:00Z</date>
			<key>Loved</key><true/>
			<key>Artwork Count</key><integer>1</integer>
			<key>Sort Album</key><string>Time Without Consequence</string>
			<key>Sort Artist</key><string>Alexi Murdoch</string>
			<key>Sort Name</key><string>All My Days</string>
			<key>Persistent ID</key><string>660F8A44DD9ABD04</string>
			<key>Track Type</key><string>Remote</string>
			<key>Apple Music</key><true/>
		</dict>
		<key>4763</key>
		<dict>
			<key>Track ID</key><integer>4763</integer>
			<key>Name</key><string>Myth</string>
			<key>Artist</key><string>Beach House</string>
			<key>Album Artist</key><string>Beach House</string>
			<key>Composer</key><string>Alex Scally &#38; Victoria Legrand</string>
			<key>Album</key><string>Bloom</string>
			<key>Genre</key><string>Music</string>
			<key>Kind</key><string>Apple Music AAC audio file</string>
			<key>Size</key><integer>9371012</integer>
			<key>Total Time</key><integer>258653</integer>
			<key>Disc Number</key><integer>1</integer>
			<key>Disc Count</key><integer>1</integer>
			<key>Track Number</key><integer>1</integer>
			<key>Track Count</key><integer>10</integer>
			<key>Year</key><integer>2012</integer>
			<key>Date Modified</key><date>2023-09-25T05:44:24Z</date>
			<key>Date Added</key><date>2023-09-25T05:44:24Z</date>
			<key>Bit Rate</key><integer>256</integer>
			<key>Sample Rate</key><integer>44100</integer>
			<key>Comments</key><string>Blue</string>
			<key>Play Count</key><integer>1</integer>
			<key>Play Date</key><integer>3781511532</integer>
			<key>Play Date UTC</key><date>2023-10-30T17:52:12Z</date>
			<key>Release Date</key><date>2012-01-01T12:00:00Z</date>
			<key>Loved</key><true/>
			<key>Artwork Count</key><integer>1</integer>
			<key>Sort Album</key><string>Bloom</string>
			<key>Sort Artist</key><string>Beach House</string>
			<key>Sort Name</key><string>Myth</string>
			<key>Persistent ID</key><string>D621352A98191EFA</string>
			<key>Track Type</key><string>Remote</string>
			<key>Apple Music</key><true/>
		</dict>
		<key>4801</key>
		<dict>
			<key>Track ID</key><integer>4801</integer>
			<key>Name</key><string>It Could Happen To You</string>
			<key>Artist</key><string>Ryo Fukui</string>
			<key>Album Artist</key><string>Ryo Fukui</string>
			<key>Composer</key><string>Jimmy Van Heusen</string>
			<key>Album</key><string>Scenery</string>
			<key>Genre</key><string>Music</string>
			<key>Kind</key><string>Apple Music AAC audio file</string>
			<key>Size</key><integer>10297327</integer>
			<key>Total Time</key><integer>256933</integer>
			<key>Disc Number</key><integer>1</integer>
			<key>Disc Count</key><integer>1</integer>
			<key>Track Number</key><integer>1</integer>
			<key>Track Count</key><integer>6</integer>
			<key>Year</key><integer>2005</integer>
			<key>Date Modified</key><date>2023-09-25T05:44:24Z</date>
			<key>Date Added</key><date>2023-09-25T05:44:24Z</date>
			<key>Bit Rate</key><integer>256</integer>
			<key>Sample Rate</key><integer>44100</integer>
			<key>Comments</key><string>Violet</string>
			<key>Play Count</key><integer>2</integer>
			<key>Play Date</key><integer>3795974479</integer>
			<key>Play Date UTC</key><date>2024-04-15T03:21:19Z</date>
			<key>Release Date</key><date>2005-06-27T12:00:00Z</date>
			<key>Loved</key><true/>
			<key>Artwork Count</key><integer>1</integer>
			<key>Sort Album</key><string>Scenery</string>
			<key>Sort Artist</key><string>Ryo Fukui</string>
			<key>Sort Name</key><string>It Could Happen To You</string>
			<key>Persistent ID</key><string>F1FF731AD18E9EF7</string>
			<key>Track Type</key><string>Remote</string>
			<key>Apple Music</key><true/>
		</dict>
		<key>4823</key>
		<dict>
			<key>Track ID</key><integer>4823</integer>
			<key>Name</key><string>Dissolve</string>
			<key>Artist</key><string>Absofacto</string>
			<key>Album Artist</key><string>Absofacto</string>
			<key>Composer</key><string>Curtis Williams, Henry Burrell, James Varner &#38; Jonathan Visger</string>
			<key>Album</key><string>Thousand Peaces - EP</string>
			<key>Genre</key><string>Music</string>
			<key>Kind</key><string>Apple Music AAC audio file</string>
			<key>Size</key><integer>8067798</integer>
			<key>Total Time</key><integer>224661</integer>
			<key>Disc Number</key><integer>1</integer>
			<key>Disc Count</key><integer>1</integer>
			<key>Track Number</key><integer>1</integer>
			<key>Track Count</key><integer>4</integer>
			<key>Year</key><integer>2015</integer>
			<key>Date Modified</key><date>2023-09-25T05:46:51Z</date>
			<key>Date Added</key><date>2023-09-25T05:46:51Z</date>
			<key>Bit Rate</key><integer>256</integer>
			<key>Sample Rate</key><integer>44100</integer>
			<key>Comments</key><string>Violet</string>
			<key>Play Count</key><integer>1</integer>
			<key>Play Date</key><integer>3832574049</integer>
			<key>Play Date UTC</key><date>2025-06-12T17:54:09Z</date>
			<key>Skip Count</key><integer>1</integer>
			<key>Release Date</key><date>2015-02-11T12:00:00Z</date>
			<key>Loved</key><true/>
			<key>Artwork Count</key><integer>1</integer>
			<key>Sort Album</key><string>Thousand Peaces - EP</string>
			<key>Sort Artist</key><string>Absofacto</string>
			<key>Sort Name</key><string>Dissolve</string>
			<key>Persistent ID</key><string>2040B1ABD94B158D</string>
			<key>Track Type</key><string>Remote</string>
			<key>Apple Music</key><true/>
		</dict>
		<key>4863</key>
		<dict>
			<key>Track ID</key><integer>4863</integer>
			<key>Name</key><string>Life In a Northern Town (LP Version)</string>
			<key>Artist</key><string>The Dream Academy</string>
			<key>Album Artist</key><string>The Dream Academy</string>
			<key>Composer</key><string>Gilbert Gabriel &#38; Nick Laird-Clowes</string>
			<key>Album</key><string>The Dream Academy</string>
			<key>Genre</key><string>Music</string>
			<key>Kind</key><string>Apple Music AAC audio file</string>
			<key>Size</key><integer>9274444</integer>
			<key>Total Time</key><integer>259293</integer>
			<key>Disc Number</key><integer>1</integer>
			<key>Disc Count</key><integer>1</integer>
			<key>Track Number</key><integer>1</integer>
			<key>Track Count</key><integer>10</integer>
			<key>Year</key><integer>1985</integer>
			<key>Date Modified</key><date>2023-09-25T05:46:51Z</date>
			<key>Date Added</key><date>2023-09-25T05:46:51Z</date>
			<key>Bit Rate</key><integer>256</integer>
			<key>Sample Rate</key><integer>44100</integer>
			<key>Comments</key><string>White</string>
			<key>Play Count</key><integer>5</integer>
			<key>Play Date</key><integer>3834427906</integer>
			<key>Play Date UTC</key><date>2025-07-04T04:51:46Z</date>
			<key>Release Date</key><date>1985-01-01T12:00:00Z</date>
			<key>Loved</key><true/>
			<key>Artwork Count</key><integer>1</integer>
			<key>Sort Album</key><string>Dream Academy</string>
			<key>Sort Album Artist</key><string>Dream Academy</string>
			<key>Sort Artist</key><string>Dream Academy</string>
			<key>Sort Name</key><string>Life In a Northern Town (LP Version)</string>
			<key>Persistent ID</key><string>3E4AD96DCE0816AE</string>
			<key>Track Type</key><string>Remote</string>
			<key>Apple Music</key><true/>
		</dict>
		<key>4917</key>
		<dict>
			<key>Track ID</key><integer>4917</integer>
			<key>Name</key><string>The Boy</string>
			<key>Artist</key><string>Shannon &#38; The Clams</string>
			<key>Album Artist</key><string>Shannon &#38; The Clams</string>
			<key>Composer</key><string>Cody Blanchard, Nate Mahan, Shannon Shaw &#38; William Sprott</string>
			<key>Album</key><string>Onion</string>
			<key>Genre</key><string>Music</string>
			<key>Kind</key><string>Apple Music AAC audio file</string>
			<key>Size</key><integer>6922529</integer>
			<key>Total Time</key><integer>182979</integer>
			<key>Disc Number</key><integer>1</integer>
			<key>Disc Count</key><integer>1</integer>
			<key>Track Number</key><integer>1</integer>
			<key>Track Count</key><integer>13</integer>
			<key>Year</key><integer>2018</integer>
			<key>Date Modified</key><date>2023-09-25T05:46:52Z</date>
			<key>Date Added</key><date>2023-09-25T05:46:52Z</date>
			<key>Bit Rate</key><integer>256</integer>
			<key>Sample Rate</key><integer>44100</integer>
			<key>Comments</key><string>Green</string>
			<key>Play Count</key><integer>2</integer>
			<key>Play Date</key><integer>3834584218</integer>
			<key>Play Date UTC</key><date>2025-07-06T00:16:58Z</date>
			<key>Release Date</key><date>2018-02-16T12:00:00Z</date>
			<key>Loved</key><true/>
			<key>Artwork Count</key><integer>1</integer>
			<key>Sort Album</key><string>Onion</string>
			<key>Sort Artist</key><string>Shannon &#38; The Clams</string>
			<key>Sort Name</key><string>Boy</string>
			<key>Persistent ID</key><string>62DCEDA689E5CF07</string>
			<key>Track Type</key><string>Remote</string>
			<key>Apple Music</key><true/>
		</dict>
		<key>4987</key>
		<dict>
			<key>Track ID</key><integer>4987</integer>
			<key>Name</key><string>Lost In the Light</string>
			<key>Artist</key><string>Bahamas</string>
			<key>Album Artist</key><string>Bahamas</string>
			<key>Composer</key><string>Afie Jurvanen</string>
			<key>Album</key><string>Barchords</string>
			<key>Genre</key><string>Music</string>
			<key>Kind</key><string>Apple Music AAC audio file</string>
			<key>Size</key><integer>8663715</integer>
			<key>Total Time</key><integer>236720</integer>
			<key>Disc Number</key><integer>1</integer>
			<key>Disc Count</key><integer>1</integer>
			<key>Track Number</key><integer>1</integer>
			<key>Track Count</key><integer>13</integer>
			<key>Year</key><integer>2012</integer>
			<key>Date Modified</key><date>2023-09-25T05:46:52Z</date>
			<key>Date Added</key><date>2023-09-25T05:46:52Z</date>
			<key>Bit Rate</key><integer>256</integer>
			<key>Sample Rate</key><integer>44100</integer>
			<key>Comments</key><string>Green</string>
			<key>Play Count</key><integer>2</integer>
			<key>Play Date</key><integer>3817821191</integer>
			<key>Play Date UTC</key><date>2024-12-24T00:53:11Z</date>
			<key>Release Date</key><date>2012-02-07T12:00:00Z</date>
			<key>Loved</key><true/>
			<key>Artwork Count</key><integer>1</integer>
			<key>Sort Album</key><string>Barchords</string>
			<key>Sort Artist</key><string>Bahamas</string>
			<key>Sort Name</key><string>Lost In the Light</string>
			<key>Persistent ID</key><string>B6B55E6596529B74</string>
			<key>Track Type</key><string>Remote</string>
			<key>Apple Music</key><true/>
		</dict>
		<key>5047</key>
		<dict>
			<key>Track ID</key><integer>5047</integer>
			<key>Name</key><string>Take On Me (2015 Remastered Version)</string>
			<key>Artist</key><string>a-ha</string>
			<key>Album Artist</key><string>a-ha</string>
			<key>Composer</key><string>Magne Furuholmen, Morten Harket &#38; Paul Waaktaar-Savoy</string>
			<key>Album</key><string>Hunting High &#38; Low (Remastered)</string>
			<key>Genre</key><string>Music</string>
			<key>Kind</key><string>Apple Music AAC audio file</string>
			<key>Size</key><integer>8460667</integer>
			<key>Total Time</key><integer>228480</integer>
			<key>Disc Number</key><integer>1</integer>
			<key>Disc Count</key><integer>1</integer>
			<key>Track Number</key><integer>1</integer>
			<key>Track Count</key><integer>10</integer>
			<key>Year</key><integer>1985</integer>
			<key>Date Modified</key><date>2023-09-25T05:46:52Z</date>
			<key>Date Added</key><date>2023-09-25T05:46:52Z</date>
			<key>Bit Rate</key><integer>256</integer>
			<key>Sample Rate</key><integer>44100</integer>
			<key>Play Count</key><integer>1</integer>
			<key>Play Date</key><integer>3834558859</integer>
			<key>Play Date UTC</key><date>2025-07-05T17:14:19Z</date>
			<key>Release Date</key><date>1985-06-01T07:00:00Z</date>
			<key>Loved</key><true/>
			<key>Artwork Count</key><integer>1</integer>
			<key>Sort Album</key><string>Hunting High &#38; Low (Remastered)</string>
			<key>Sort Artist</key><string>a-ha</string>
			<key>Sort Name</key><string>Take On Me (2015 Remastered Version)</string>
			<key>Persistent ID</key><string>4AF836AB4F8029FC</string>
			<key>Track Type</key><string>Remote</string>
			<key>Apple Music</key><true/>
		</dict>
		<key>5083</key>
		<dict>
			<key>Track ID</key><integer>5083</integer>
			<key>Name</key><string>Patience</string>
			<key>Artist</key><string>Tame Impala</string>
			<key>Album Artist</key><string>Tame Impala</string>
			<key>Composer</key><string>Kevin Parker</string>
			<key>Album</key><string>Patience - Single</string>
			<key>Genre</key><string>Music</string>
			<key>Kind</key><string>Apple Music AAC audio file</string>
			<key>Size</key><integer>11266862</integer>
			<key>Total Time</key><integer>292267</integer>
			<key>Disc Number</key><integer>1</integer>
			<key>Disc Count</key><integer>1</integer>
			<key>Track Number</key><integer>1</integer>
			<key>Track Count</key><integer>1</integer>
			<key>Year</key><integer>2019</integer>
			<key>Date Modified</key><date>2023-09-25T05:46:53Z</date>
			<key>Date Added</key><date>2023-09-25T05:46:53Z</date>
			<key>Bit Rate</key><integer>256</integer>
			<key>Sample Rate</key><integer>44100</integer>
			<key>Comments</key><string>Violet</string>
			<key>Play Count</key><integer>2</integer>
			<key>Play Date</key><integer>3832261419</integer>
			<key>Play Date UTC</key><date>2025-06-09T03:03:39Z</date>
			<key>Skip Count</key><integer>1</integer>
			<key>Skip Date</key><date>2023-10-30T18:55:33Z</date>
			<key>Release Date</key><date>2019-03-22T12:00:00Z</date>
			<key>Loved</key><true/>
			<key>Artwork Count</key><integer>1</integer>
			<key>Sort Album</key><string>Patience - Single</string>
			<key>Sort Artist</key><string>Tame Impala</string>
			<key>Sort Name</key><string>Patience</string>
			<key>Persistent ID</key><string>F66C2F9070E9F6CF</string>
			<key>Track Type</key><string>Remote</string>
			<key>Apple Music</key><true/>
		</dict>
		<key>5147</key>
		<dict>
			<key>Track ID</key><integer>5147</integer>
			<key>Name</key><string>The Promise</string>
			<key>Artist</key><string>When In Rome</string>
			<key>Album Artist</key><string>When In Rome</string>
			<key>Composer</key><string>Clive Farrington, Andrew Mann &#38; Floreale</string>
			<key>Album</key><string>When in Rome</string>
			<key>Genre</key><string>Music</string>
			<key>Kind</key><string>Apple Music AAC audio file</string>
			<key>Size</key><integer>8274957</integer>
			<key>Total Time</key><integer>220960</integer>
			<key>Disc Number</key><integer>1</integer>
			<key>Disc Count</key><integer>1</integer>
			<key>Track Number</key><integer>1</integer>
			<key>Track Count</key><integer>10</integer>
			<key>Year</key><integer>1988</integer>
			<key>Date Modified</key><date>2023-09-25T05:46:53Z</date>
			<key>Date Added</key><date>2023-09-25T05:46:53Z</date>
			<key>Bit Rate</key><integer>256</integer>
			<key>Sample Rate</key><integer>44100</integer>
			<key>Comments</key><string>Green</string>
			<key>Play Count</key><integer>2</integer>
			<key>Play Date</key><integer>3834480093</integer>
			<key>Play Date UTC</key><date>2025-07-04T19:21:33Z</date>
			<key>Release Date</key><date>1988-01-01T12:00:00Z</date>
			<key>Loved</key><true/>
			<key>Artwork Count</key><integer>1</integer>
			<key>Sort Album</key><string>When in Rome</string>
			<key>Sort Artist</key><string>When In Rome</string>
			<key>Sort Name</key><string>Promise</string>
			<key>Persistent ID</key><string>4D0A3E65B4478FC5</string>
			<key>Track Type</key><string>Remote</string>
			<key>Apple Music</key><true/>
		</dict>
		<key>5175</key>
		<dict>
			<key>Track ID</key><integer>5175</integer>
			<key>Name</key><string>Ain't No Mountain High Enough</string>
			<key>Artist</key><string>Marvin Gaye &#38; Tammi Terrell</string>
			<key>Album Artist</key><string>Marvin Gaye &#38; Tammi Terrell</string>
			<key>Composer</key><string>Valerie Simpson &#38; Nickolas Ashford</string>
			<key>Album</key><string>United</string>
			<key>Genre</key><string>Music</string>
			<key>Kind</key><string>Apple Music AAC audio file</string>
			<key>Size</key><integer>5904677</integer>
			<key>Total Time</key><integer>147833</integer>
			<key>Disc Number</key><integer>1</integer>
			<key>Disc Count</key><integer>1</integer>
			<key>Track Number</key><integer>1</integer>
			<key>Track Count</key><integer>12</integer>
			<key>Year</key><integer>1967</integer>
			<key>Date Modified</key><date>2023-09-25T05:46:53Z</date>
			<key>Date Added</key><date>2023-09-25T05:46:53Z</date>
			<key>Bit Rate</key><integer>256</integer>
			<key>Sample Rate</key><integer>44100</integer>
			<key>Comments</key><string>Green</string>
			<key>Play Count</key><integer>3</integer>
			<key>Play Date</key><integer>3834582921</integer>
			<key>Play Date UTC</key><date>2025-07-05T23:55:21Z</date>
			<key>Release Date</key><date>1967-04-20T12:00:00Z</date>
			<key>Loved</key><true/>
			<key>Artwork Count</key><integer>1</integer>
			<key>Sort Album</key><string>United</string>
			<key>Sort Artist</key><string>Marvin Gaye &#38; Tammi Terrell</string>
			<key>Sort Name</key><string>Ain't No Mountain High Enough</string>
			<key>Persistent ID</key><string>88C665E9308290BE</string>
			<key>Track Type</key><string>Remote</string>
			<key>Apple Music</key><true/>
		</dict>
		<key>5215</key>
		<dict>
			<key>Track ID</key><integer>5215</integer>
			<key>Name</key><string>Der Kommissar (7" Version)</string>
			<key>Artist</key><string>After the Fire</string>
			<key>Album Artist</key><string>After the Fire</string>
			<key>Composer</key><string>Robert Ponger, Falco &#38; Andrew Piercy</string>
			<key>Album</key><string>Der Kommissar</string>
			<key>Genre</key><string>Music</string>
			<key>Kind</key><string>Apple Music AAC audio file</string>
			<key>Size</key><integer>9814376</integer>
			<key>Total Time</key><integer>248000</integer>
			<key>Disc Number</key><integer>1</integer>
			<key>Disc Count</key><integer>1</integer>
			<key>Track Number</key><integer>1</integer>
			<key>Track Count</key><integer>13</integer>
			<key>Year</key><integer>1982</integer>
			<key>Date Modified</key><date>2023-09-25T05:46:53Z</date>
			<key>Date Added</key><date>2023-09-25T05:46:53Z</date>
			<key>Bit Rate</key><integer>256</integer>
			<key>Sample Rate</key><integer>44100</integer>
			<key>Comments</key><string>Orange</string>
			<key>Play Count</key><integer>1</integer>
			<key>Play Date</key><integer>3834493421</integer>
			<key>Play Date UTC</key><date>2025-07-04T23:03:41Z</date>
			<key>Release Date</key><date>1982-08-21T12:00:00Z</date>
			<key>Loved</key><true/>
			<key>Artwork Count</key><integer>1</integer>
			<key>Sort Album</key><string>Der Kommissar</string>
			<key>Sort Artist</key><string>After the Fire</string>
			<key>Sort Name</key><string>Der Kommissar (7" Version)</string>
			<key>Persistent ID</key><string>F76D5C2A82B9AAC7</string>
			<key>Track Type</key><string>Remote</string>
			<key>Apple Music</key><true/>
		</dict>
		<key>5239</key>
		<dict>
			<key>Track ID</key><integer>5239</integer>
			<key>Name</key><string>The District Sleeps Alone Tonight</string>
			<key>Artist</key><string>The Postal Service</string>
			<key>Album Artist</key><string>The Postal Service</string>
			<key>Composer</key><string>Benjamin Gibbard &#38; Jimmy Tamborello</string>
			<key>Album</key><string>Give Up (Deluxe 10th Anniversary Edition)</string>
			<key>Genre</key><string>Music</string>
			<key>Kind</key><string>Apple Music AAC audio file</string>
			<key>Size</key><integer>10066218</integer>
			<key>Total Time</key><integer>283747</integer>
			<key>Disc Number</key><integer>1</integer>
			<key>Disc Count</key><integer>2</integer>
			<key>Track Number</key><integer>1</integer>
			<key>Track Count</key><integer>10</integer>
			<key>Year</key><integer>2003</integer>
			<key>Date Modified</key><date>2023-09-25T05:46:54Z</date>
			<key>Date Added</key><date>2023-09-25T05:46:54Z</date>
			<key>Bit Rate</key><integer>256</integer>
			<key>Sample Rate</key><integer>44100</integer>
			<key>Comments</key><string>Green</string>
			<key>Play Count</key><integer>2</integer>
			<key>Play Date</key><integer>3832261744</integer>
			<key>Play Date UTC</key><date>2025-06-09T03:09:04Z</date>
			<key>Release Date</key><date>2003-02-18T08:00:00Z</date>
			<key>Loved</key><true/>
			<key>Artwork Count</key><integer>1</integer>
			<key>Sort Album</key><string>Give Up (Deluxe 10th Anniversary Edition)</string>
			<key>Sort Album Artist</key><string>Postal Service</string>
			<key>Sort Artist</key><string>Postal Service</string>
			<key>Sort Name</key><string>District Sleeps Alone Tonight</string>
			<key>Persistent ID</key><string>71D31207ACB78C4F</string>
			<key>Track Type</key><string>Remote</string>
			<key>Apple Music</key><true/>
		</dict>
		<key>5337</key>
		<dict>
			<key>Track ID</key><integer>5337</integer>
			<key>Name</key><string>Bela Lugosi's Dead (Official Version)</string>
			<key>Artist</key><string>Bauhaus</string>
			<key>Album Artist</key><string>Bauhaus</string>
			<key>Album</key><string>The Bela Session - EP</string>
			<key>Genre</key><string>Music</string>
			<key>Kind</key><string>Apple Music AAC audio file</string>
			<key>Size</key><integer>21575646</integer>
			<key>Total Time</key><integer>576703</integer>
			<key>Disc Number</key><integer>1</integer>
			<key>Disc Count</key><integer>1</integer>
			<key>Track Number</key><integer>1</integer>
			<key>Track Count</key><integer>5</integer>
			<key>Year</key><integer>2018</integer>
			<key>Date Modified</key><date>2023-09-25T05:59:53Z</date>
			<key>Date Added</key><date>2023-09-25T05:59:53Z</date>
			<key>Bit Rate</key><integer>256</integer>
			<key>Sample Rate</key><integer>44100</integer>
			<key>Play Count</key><integer>2</integer>
			<key>Play Date</key><integer>3781099425</integer>
			<key>Play Date UTC</key><date>2023-10-25T23:23:45Z</date>
			<key>Release Date</key><date>2018-11-23T12:00:00Z</date>
			<key>Loved</key><true/>
			<key>Artwork Count</key><integer>1</integer>
			<key>Sort Album</key><string>Bela Session - EP</string>
			<key>Sort Artist</key><string>Bauhaus</string>
			<key>Sort Name</key><string>Bela Lugosi's Dead (Official Version)</string>
			<key>Persistent ID</key><string>BA24A080C4A78A68</string>
			<key>Track Type</key><string>Remote</string>
			<key>Apple Music</key><true/>
		</dict>
		<key>5383</key>
		<dict>
			<key>Track ID</key><integer>5383</integer>
			<key>Name</key><string>SIR BAUDELAIRE (feat. DJ Drama)</string>
			<key>Artist</key><string>Tyler, The Creator</string>
			<key>Album Artist</key><string>Tyler, The Creator</string>
			<key>Composer</key><string>Tyler Okonma &#38; Billy Cobham</string>
			<key>Album</key><string>CALL ME IF YOU GET LOST</string>
			<key>Genre</key><string>Music</string>
			<key>Kind</key><string>Apple Music AAC audio file</string>
			<key>Size</key><integer>3461853</integer>
			<key>Total Time</key><integer>88625</integer>
			<key>Disc Number</key><integer>1</integer>
			<key>Disc Count</key><integer>1</integer>
			<key>Track Number</key><integer>1</integer>
			<key>Track Count</key><integer>16</integer>
			<key>Year</key><integer>2021</integer>
			<key>Date Modified</key><date>2023-09-25T05:59:54Z</date>
			<key>Date Added</key><date>2023-09-25T05:59:54Z</date>
			<key>Bit Rate</key><integer>256</integer>
			<key>Sample Rate</key><integer>44100</integer>
			<key>Play Count</key><integer>3</integer>
			<key>Play Date</key><integer>3824903256</integer>
			<key>Play Date UTC</key><date>2025-03-15T23:07:36Z</date>
			<key>Skip Count</key><integer>1</integer>
			<key>Skip Date</key><date>2024-10-29T13:50:02Z</date>
			<key>Release Date</key><date>2021-06-25T12:00:00Z</date>
			<key>Loved</key><true/>
			<key>Artwork Count</key><integer>1</integer>
			<key>Sort Album</key><string>CALL ME IF YOU GET LOST</string>
			<key>Sort Artist</key><string>Tyler, The Creator</string>
			<key>Sort Name</key><string>SIR BAUDELAIRE (feat. DJ Drama)</string>
			<key>Persistent ID</key><string>E52782BFD2071E67</string>
			<key>Explicit</key><true/>
			<key>Track Type</key><string>Remote</string>
			<key>Apple Music</key><true/>
		</dict>
		<key>5407</key>
		<dict>
			<key>Track ID</key><integer>5407</integer>
			<key>Name</key><string>Count Me Out</string>
			<key>Artist</key><string>Kendrick Lamar</string>
			<key>Album Artist</key><string>Kendrick Lamar</string>
			<key>Composer</key><string>Kendrick Lamar, M. Spears, J. Pounds, D. Natche, Sam Dew, Danny McKinnon, Ely Rise &#38; Tim Maxey</string>
			<key>Album</key><string>Mr. Morale &#38; The Big Steppers</string>
			<key>Genre</key><string>Music</string>
			<key>Kind</key><string>Apple Music AAC audio file</string>
			<key>Size</key><integer>10018978</integer>
			<key>Total Time</key><integer>283642</integer>
			<key>Disc Number</key><integer>2</integer>
			<key>Disc Count</key><integer>2</integer>
			<key>Track Number</key><integer>1</integer>
			<key>Track Count</key><integer>9</integer>
			<key>Year</key><integer>2022</integer>
			<key>Date Modified</key><date>2023-09-25T05:59:54Z</date>
			<key>Date Added</key><date>2023-09-25T05:59:54Z</date>
			<key>Bit Rate</key><integer>256</integer>
			<key>Sample Rate</key><integer>44100</integer>
			<key>Play Count</key><integer>2</integer>
			<key>Play Date</key><integer>3798026097</integer>
			<key>Play Date UTC</key><date>2024-05-08T21:14:57Z</date>
			<key>Skip Count</key><integer>2</integer>
			<key>Skip Date</key><date>2025-03-23T05:57:14Z</date>
			<key>Release Date</key><date>2022-05-13T12:00:00Z</date>
			<key>Loved</key><true/>
			<key>Artwork Count</key><integer>1</integer>
			<key>Sort Album</key><string>Mr. Morale &#38; The Big Steppers</string>
			<key>Sort Artist</key><string>Kendrick Lamar</string>
			<key>Sort Name</key><string>Count Me Out</string>
			<key>Persistent ID</key><string>63765D229923C4D0</string>
			<key>Explicit</key><true/>
			<key>Track Type</key><string>Remote</string>
			<key>Apple Music</key><true/>
		</dict>
		<key>5493</key>
		<dict>
			<key>Track ID</key><integer>5493</integer>
			<key>Name</key><string>The Mercy Seat (2010 Remaster)</string>
			<key>Artist</key><string>Nick Cave &#38; The Bad Seeds</string>
			<key>Album Artist</key><string>Nick Cave &#38; The Bad Seeds</string>
			<key>Composer</key><string>Mick Harvey &#38; Nick Cave</string>
			<key>Album</key><string>Tender Prey (2010 - Remaster)</string>
			<key>Genre</key><string>Music</string>
			<key>Kind</key><string>Apple Music AAC audio file</string>
			<key>Size</key><integer>14961150</integer>
			<key>Total Time</key><integer>438080</integer>
			<key>Disc Number</key><integer>1</integer>
			<key>Disc Count</key><integer>1</integer>
			<key>Track Number</key><integer>1</integer>
			<key>Track Count</key><integer>10</integer>
			<key>Year</key><integer>1988</integer>
			<key>Date Modified</key><date>2023-09-25T05:59:54Z</date>
			<key>Date Added</key><date>2023-09-25T05:59:54Z</date>
			<key>Bit Rate</key><integer>256</integer>
			<key>Sample Rate</key><integer>44100</integer>
			<key>Play Count</key><integer>3</integer>
			<key>Play Date</key><integer>3781066901</integer>
			<key>Play Date UTC</key><date>2023-10-25T14:21:41Z</date>
			<key>Skip Count</key><integer>1</integer>
			<key>Skip Date</key><date>2025-07-05T17:06:13Z</date>
			<key>Release Date</key><date>1988-09-19T12:00:00Z</date>
			<key>Loved</key><true/>
			<key>Artwork Count</key><integer>1</integer>
			<key>Sort Album</key><string>Tender Prey (2010 - Remaster)</string>
			<key>Sort Artist</key><string>Nick Cave &#38; The Bad Seeds</string>
			<key>Sort Name</key><string>Mercy Seat (2010 Remaster)</string>
			<key>Persistent ID</key><string>7E7AD007B4C8D926</string>
			<key>Track Type</key><string>Remote</string>
			<key>Apple Music</key><true/>
		</dict>
		<key>5539</key>
		<dict>
			<key>Track ID</key><integer>5539</integer>
			<key>Name</key><string>Intro</string>
			<key>Artist</key><string>Snail Mail</string>
			<key>Album Artist</key><string>Snail Mail</string>
			<key>Composer</key><string>Lindsey Jordan</string>
			<key>Album</key><string>Lush</string>
			<key>Genre</key><string>Music</string>
			<key>Kind</key><string>Apple Music AAC audio file</string>
			<key>Size</key><integer>2989668</integer>
			<key>Total Time</key><integer>72920</integer>
			<key>Disc Number</key><integer>1</integer>
			<key>Disc Count</key><integer>1</integer>
			<key>Track Number</key><integer>1</integer>
			<key>Track Count</key><integer>10</integer>
			<key>Year</key><integer>2018</integer>
			<key>Date Modified</key><date>2023-09-25T05:59:55Z</date>
			<key>Date Added</key><date>2023-09-25T05:59:55Z</date>
			<key>Bit Rate</key><integer>256</integer>
			<key>Sample Rate</key><integer>44100</integer>
			<key>Play Count</key><integer>2</integer>
			<key>Play Date</key><integer>3781073335</integer>
			<key>Play Date UTC</key><date>2023-10-25T16:08:55Z</date>
			<key>Release Date</key><date>2018-06-08T12:00:00Z</date>
			<key>Loved</key><true/>
			<key>Artwork Count</key><integer>1</integer>
			<key>Sort Album</key><string>Lush</string>
			<key>Sort Artist</key><string>Snail Mail</string>
			<key>Sort Name</key><string>Intro</string>
			<key>Persistent ID</key><string>A8B84E84011B1EA3</string>
			<key>Track Type</key><string>Remote</string>
			<key>Apple Music</key><true/>
		</dict>
		<key>5547</key>
		<dict>
			<key>Track ID</key><integer>5547</integer>
			<key>Name</key><string>The Heart Part 5</string>
			<key>Artist</key><string>Kendrick Lamar</string>
			<key>Album Artist</key><string>Kendrick Lamar</string>
			<key>Composer</key><string>Kendrick Lamar, Matt Schaeffer, Johnny Kosich, Jake Kosich, Leon Ware &#38; A. Ross</string>
			<key>Album</key><string>The Heart Part 5 - Single</string>
			<key>Genre</key><string>Music</string>
			<key>Kind</key><string>Apple Music AAC audio file</string>
			<key>Size</key><integer>11609343</integer>
			<key>Total Time</key><integer>332229</integer>
			<key>Disc Number</key><integer>1</integer>
			<key>Disc Count</key><integer>1</integer>
			<key>Track Number</key><integer>1</integer>
			<key>Track Count</key><integer>1</integer>
			<key>Year</key><integer>2022</integer>
			<key>Date Modified</key><date>2023-09-25T05:59:55Z</date>
			<key>Date Added</key><date>2023-09-25T05:59:55Z</date>
			<key>Bit Rate</key><integer>256</integer>
			<key>Sample Rate</key><integer>44100</integer>
			<key>Play Count</key><integer>9</integer>
			<key>Play Date</key><integer>3825488249</integer>
			<key>Play Date UTC</key><date>2025-03-22T17:37:29Z</date>
			<key>Skip Count</key><integer>2</integer>
			<key>Skip Date</key><date>2025-02-26T05:21:16Z</date>
			<key>Release Date</key><date>2022-05-08T12:00:00Z</date>
			<key>Loved</key><true/>
			<key>Artwork Count</key><integer>1</integer>
			<key>Sort Album</key><string>Heart Part 5 - Single</string>
			<key>Sort Artist</key><string>Kendrick Lamar</string>
			<key>Sort Name</key><string>Heart Part 5</string>
			<key>Persistent ID</key><string>FB2ACAE2259006E1</string>
			<key>Explicit</key><true/>
			<key>Track Type</key><string>Remote</string>
			<key>Apple Music</key><true/>
		</dict>
		<key>5583</key>
		<dict>
			<key>Track ID</key><integer>5583</integer>
			<key>Name</key><string>Pharmacist</string>
			<key>Artist</key><string>Alvvays</string>
			<key>Album Artist</key><string>Alvvays</string>
			<key>Album</key><string>Blue Rev</string>
			<key>Genre</key><string>Music</string>
			<key>Kind</key><string>Apple Music AAC audio file</string>
			<key>Size</key><integer>4959666</integer>
			<key>Total Time</key><integer>124131</integer>
			<key>Disc Number</key><integer>1</integer>
			<key>Disc Count</key><integer>1</integer>
			<key>Track Number</key><integer>1</integer>
			<key>Track Count</key><integer>14</integer>
			<key>Year</key><integer>2022</integer>
			<key>Date Modified</key><date>2023-09-25T05:59:55Z</date>
			<key>Date Added</key><date>2023-09-25T05:59:55Z</date>
			<key>Bit Rate</key><integer>256</integer>
			<key>Sample Rate</key><integer>44100</integer>
			<key>Play Count</key><integer>1</integer>
			<key>Play Date</key><integer>3785318380</integer>
			<key>Play Date UTC</key><date>2023-12-13T20:19:40Z</date>
			<key>Release Date</key><date>2022-10-07T07:00:00Z</date>
			<key>Loved</key><true/>
			<key>Artwork Count</key><integer>1</integer>
			<key>Sort Album</key><string>Blue Rev</string>
			<key>Sort Artist</key><string>Alvvays</string>
			<key>Sort Name</key><string>Pharmacist</string>
			<key>Persistent ID</key><string>D426F10A8ECADBF9</string>
			<key>Track Type</key><string>Remote</string>
			<key>Apple Music</key><true/>
		</dict>
		<key>5625</key>
		<dict>
			<key>Track ID</key><integer>5625</integer>
			<key>Name</key><string>Keep On Laughin'</string>
			<key>Artist</key><string>Ric Ocasek</string>
			<key>Album Artist</key><string>Ric Ocasek</string>
			<key>Composer</key><string>Ric Ocasek</string>
			<key>Album</key><string>This Side of Paradise</string>
			<key>Genre</key><string>Music</string>
			<key>Kind</key><string>Apple Music AAC audio file</string>
			<key>Size</key><integer>9889652</integer>
			<key>Total Time</key><integer>276600</integer>
			<key>Disc Number</key><integer>1</integer>
			<key>Disc Count</key><integer>1</integer>
			<key>Track Number</key><integer>1</integer>
			<key>Track Count</key><integer>10</integer>
			<key>Year</key><integer>1986</integer>
			<key>Date Modified</key><date>2023-09-25T05:59:55Z</date>
			<key>Date Added</key><date>2023-09-25T05:59:55Z</date>
			<key>Bit Rate</key><integer>256</integer>
			<key>Sample Rate</key><integer>44100</integer>
			<key>Play Count</key><integer>2</integer>
			<key>Play Date</key><integer>3780379050</integer>
			<key>Play Date UTC</key><date>2023-10-17T15:17:30Z</date>
			<key>Release Date</key><date>1986-01-01T12:00:00Z</date>
			<key>Loved</key><true/>
			<key>Artwork Count</key><integer>1</integer>
			<key>Sort Album</key><string>This Side of Paradise</string>
			<key>Sort Artist</key><string>Ric Ocasek</string>
			<key>Sort Name</key><string>Keep On Laughin'</string>
			<key>Persistent ID</key><string>2A29DFFCC4197AF0</string>
			<key>Track Type</key><string>Remote</string>
			<key>Apple Music</key><true/>
		</dict>
		<key>5635</key>
		<dict>
			<key>Track ID</key><integer>5635</integer>
			<key>Name</key><string>United In Grief</string>
			<key>Artist</key><string>Kendrick Lamar</string>
			<key>Album Artist</key><string>Kendrick Lamar</string>
			<key>Composer</key><string>Kendrick Lamar, M. Spears, J. Pounds, Duval Timothy, Matt Schaeffer, Johnny Kosich, Jake Kosich, Sam Dew &#38; Timothy Maxey</string>
			<key>Album</key><string>Mr. Morale &#38; The Big Steppers</string>
			<key>Genre</key><string>Music</string>
			<key>Kind</key><string>Apple Music AAC audio file</string>
			<key>Size</key><integer>8927297</integer>
			<key>Total Time</key><integer>255378</integer>
			<key>Disc Number</key><integer>1</integer>
			<key>Disc Count</key><integer>2</integer>
			<key>Track Number</key><integer>1</integer>
			<key>Track Count</key><integer>9</integer>
			<key>Year</key><integer>2022</integer>
			<key>Date Modified</key><date>2023-09-25T05:59:55Z</date>
			<key>Date Added</key><date>2023-09-25T05:59:55Z</date>
			<key>Bit Rate</key><integer>256</integer>
			<key>Sample Rate</key><integer>44100</integer>
			<key>Comments</key><string>Indigo</string>
			<key>Play Count</key><integer>5</integer>
			<key>Play Date</key><integer>3825494394</integer>
			<key>Play Date UTC</key><date>2025-03-22T19:19:54Z</date>
			<key>Release Date</key><date>2022-05-13T12:00:00Z</date>
			<key>Loved</key><true/>
			<key>Artwork Count</key><integer>1</integer>
			<key>Sort Album</key><string>Mr. Morale &#38; The Big Steppers</string>
			<key>Sort Artist</key><string>Kendrick Lamar</string>
			<key>Sort Name</key><string>United In Grief</string>
			<key>Persistent ID</key><string>7E11B75F0A084BA7</string>
			<key>Explicit</key><true/>
			<key>Track Type</key><string>Remote</string>
			<key>Apple Music</key><true/>
		</dict>
		<key>5665</key>
		<dict>
			<key>Track ID</key><integer>5665</integer>
			<key>Name</key><string>Mycelium</string>
			<key>Artist</key><string>King Gizzard &#38; The Lizard Wizard</string>
			<key>Album Artist</key><string>King Gizzard &#38; The Lizard Wizard</string>
			<key>Composer</key><string>Stu Mackenzie, Ambrose Kenny-Smith, Joey Walker, Nicholas Craig, Michael Cavanagh &#38; Lucas Harwood</string>
			<key>Album</key><string>Ice, Death, Planets, Lungs, Mushrooms And Lava</string>
			<key>Genre</key><string>Music</string>
			<key>Kind</key><string>Apple Music AAC audio file</string>
			<key>Size</key><integer>15953071</integer>
			<key>Total Time</key><integer>455684</integer>
			<key>Disc Number</key><integer>1</integer>
			<key>Disc Count</key><integer>1</integer>
			<key>Track Number</key><integer>1</integer>
			<key>Track Count</key><integer>7</integer>
			<key>Year</key><integer>2022</integer>
			<key>Date Modified</key><date>2023-09-25T05:59:55Z</date>
			<key>Date Added</key><date>2023-09-25T05:59:55Z</date>
			<key>Bit Rate</key><integer>256</integer>
			<key>Sample Rate</key><integer>44100</integer>
			<key>Comments</key><string>Yellow</string>
			<key>Play Count</key><integer>5</integer>
			<key>Play Date</key><integer>3817626785</integer>
			<key>Play Date UTC</key><date>2024-12-21T18:53:05Z</date>
			<key>Skip Count</key><integer>1</integer>
			<key>Skip Date</key><date>2024-01-18T01:11:34Z</date>
			<key>Release Date</key><date>2022-10-07T12:00:00Z</date>
			<key>Loved</key><true/>
			<key>Artwork Count</key><integer>1</integer>
			<key>Sort Album</key><string>Ice, Death, Planets, Lungs, Mushrooms And Lava</string>
			<key>Sort Artist</key><string>King Gizzard &#38; The Lizard Wizard</string>
			<key>Sort Name</key><string>Mycelium</string>
			<key>Persistent ID</key><string>7448CFBE588E171E</string>
			<key>Track Type</key><string>Remote</string>
			<key>Apple Music</key><true/>
		</dict>
		<key>5741</key>
		<dict>
			<key>Track ID</key><integer>5741</integer>
			<key>Name</key><string>Theme (Instrumental)</string>
			<key>Artist</key><string>Moondog</string>
			<key>Album Artist</key><string>Moondog</string>
			<key>Composer</key><string>Louis Thomas Hardin</string>
			<key>Album</key><string>Moondog</string>
			<key>Genre</key><string>Music</string>
			<key>Kind</key><string>Apple Music AAC audio file</string>
			<key>Size</key><integer>7019549</integer>
			<key>Total Time</key><integer>179731</integer>
			<key>Disc Number</key><integer>1</integer>
			<key>Disc Count</key><integer>1</integer>
			<key>Track Number</key><integer>1</integer>
			<key>Track Count</key><integer>8</integer>
			<key>Year</key><integer>1969</integer>
			<key>Date Modified</key><date>2023-09-25T06:02:05Z</date>
			<key>Date Added</key><date>2023-09-25T06:02:05Z</date>
			<key>Bit Rate</key><integer>256</integer>
			<key>Sample Rate</key><integer>44100</integer>
			<key>Play Count</key><integer>2</integer>
			<key>Play Date</key><integer>3781067776</integer>
			<key>Play Date UTC</key><date>2023-10-25T14:36:16Z</date>
			<key>Release Date</key><date>1969-01-01T12:00:00Z</date>
			<key>Loved</key><true/>
			<key>Artwork Count</key><integer>1</integer>
			<key>Sort Album</key><string>Moondog</string>
			<key>Sort Artist</key><string>Moondog</string>
			<key>Sort Name</key><string>Theme (Instrumental)</string>
			<key>Persistent ID</key><string>62695A0CDCC67F55</string>
			<key>Track Type</key><string>Remote</string>
			<key>Apple Music</key><true/>
		</dict>
		<key>5761</key>
		<dict>
			<key>Track ID</key><integer>5761</integer>
			<key>Name</key><string>Fade into You</string>
			<key>Artist</key><string>Mazzy Star</string>
			<key>Album Artist</key><string>Mazzy Star</string>
			<key>Composer</key><string>Hope Sandoval &#38; David Roback</string>
			<key>Album</key><string>So Tonight That I Might See</string>
			<key>Genre</key><string>Music</string>
			<key>Kind</key><string>Apple Music AAC audio file</string>
			<key>Size</key><integer>10216940</integer>
			<key>Total Time</key><integer>295600</integer>
			<key>Disc Number</key><integer>1</integer>
			<key>Disc Count</key><integer>1</integer>
			<key>Track Number</key><integer>1</integer>
			<key>Track Count</key><integer>10</integer>
			<key>Year</key><integer>1993</integer>
			<key>Date Modified</key><date>2023-09-25T06:02:05Z</date>
			<key>Date Added</key><date>2023-09-25T06:02:05Z</date>
			<key>Bit Rate</key><integer>256</integer>
			<key>Sample Rate</key><integer>44100</integer>
			<key>Play Count</key><integer>5</integer>
			<key>Play Date</key><integer>3783761849</integer>
			<key>Play Date UTC</key><date>2023-11-25T19:57:29Z</date>
			<key>Release Date</key><date>1993-09-27T12:00:00Z</date>
			<key>Loved</key><true/>
			<key>Artwork Count</key><integer>1</integer>
			<key>Sort Album</key><string>So Tonight That I Might See</string>
			<key>Sort Artist</key><string>Mazzy Star</string>
			<key>Sort Name</key><string>Fade into You</string>
			<key>Persistent ID</key><string>4C6C3790DE78CD66</string>
			<key>Track Type</key><string>Remote</string>
			<key>Apple Music</key><true/>
		</dict>
		<key>5833</key>
		<dict>
			<key>Track ID</key><integer>5833</integer>
			<key>Name</key><string>Running Up That Hill (A Deal With God) [2018 Remaster]</string>
			<key>Artist</key><string>Kate Bush</string>
			<key>Album Artist</key><string>Kate Bush</string>
			<key>Composer</key><string>Kate Bush</string>
			<key>Album</key><string>Hounds of Love (2018 Remaster)</string>
			<key>Genre</key><string>Music</string>
			<key>Kind</key><string>Apple Music AAC audio file</string>
			<key>Size</key><integer>10961141</integer>
			<key>Total Time</key><integer>300840</integer>
			<key>Disc Number</key><integer>1</integer>
			<key>Disc Count</key><integer>1</integer>
			<key>Track Number</key><integer>1</integer>
			<key>Track Count</key><integer>12</integer>
			<key>Year</key><integer>1985</integer>
			<key>Date Modified</key><date>2023-09-25T06:02:06Z</date>
			<key>Date Added</key><date>2023-09-25T06:02:06Z</date>
			<key>Bit Rate</key><integer>256</integer>
			<key>Sample Rate</key><integer>44100</integer>
			<key>Comments</key><string>White</string>
			<key>Play Count</key><integer>4</integer>
			<key>Play Date</key><integer>3833127337</integer>
			<key>Play Date UTC</key><date>2025-06-19T03:35:37Z</date>
			<key>Release Date</key><date>1985-08-05T12:00:00Z</date>
			<key>Loved</key><true/>
			<key>Artwork Count</key><integer>1</integer>
			<key>Sort Album</key><string>Hounds of Love (2018 Remaster)</string>
			<key>Sort Artist</key><string>Kate Bush</string>
			<key>Sort Name</key><string>Running Up That Hill (A Deal With God) [2018 Remaster]</string>
			<key>Persistent ID</key><string>D2D5D24FEFD27465</string>
			<key>Track Type</key><string>Remote</string>
			<key>Apple Music</key><true/>
		</dict>
		<key>5845</key>
		<dict>
			<key>Track ID</key><integer>5845</integer>
			<key>Name</key><string>Teen Age Riot (2012 Remastered Version)</string>
			<key>Artist</key><string>Sonic Youth</string>
			<key>Album Artist</key><string>Sonic Youth</string>
			<key>Album</key><string>Daydream Nation (2012 Remastered Version)</string>
			<key>Genre</key><string>Music</string>
			<key>Kind</key><string>Apple Music AAC audio file</string>
			<key>Size</key><integer>15247653</integer>
			<key>Total Time</key><integer>418947</integer>
			<key>Disc Number</key><integer>1</integer>
			<key>Disc Count</key><integer>1</integer>
			<key>Track Number</key><integer>1</integer>
			<key>Track Count</key><integer>14</integer>
			<key>Year</key><integer>1988</integer>
			<key>Date Modified</key><date>2023-09-25T06:02:06Z</date>
			<key>Date Added</key><date>2023-09-25T06:02:06Z</date>
			<key>Bit Rate</key><integer>256</integer>
			<key>Sample Rate</key><integer>44100</integer>
			<key>Play Count</key><integer>7</integer>
			<key>Play Date</key><integer>3834493861</integer>
			<key>Play Date UTC</key><date>2025-07-04T23:11:01Z</date>
			<key>Skip Count</key><integer>1</integer>
			<key>Skip Date</key><date>2025-01-08T21:53:10Z</date>
			<key>Release Date</key><date>1988-10-18T07:00:00Z</date>
			<key>Loved</key><true/>
			<key>Artwork Count</key><integer>1</integer>
			<key>Sort Album</key><string>Daydream Nation (2012 Remastered Version)</string>
			<key>Sort Artist</key><string>Sonic Youth</string>
			<key>Sort Name</key><string>Teen Age Riot (2012 Remastered Version)</string>
			<key>Persistent ID</key><string>183ACB73E5D9FE6B</string>
			<key>Track Type</key><string>Remote</string>
			<key>Apple Music</key><true/>
		</dict>
		<key>5857</key>
		<dict>
			<key>Track ID</key><integer>5857</integer>
			<key>Name</key><string>Back door night (2012 Remastered)</string>
			<key>Artist</key><string>Akina Nakamori</string>
			<key>Album Artist</key><string>Akina Nakamori</string>
			<key>Composer</key><string>Eurox</string>
			<key>Album</key><string>Fushigi (2012 Remaster)</string>
			<key>Genre</key><string>Music</string>
			<key>Kind</key><string>Apple Music AAC audio file</string>
			<key>Size</key><integer>11730551</integer>
			<key>Total Time</key><integer>333800</integer>
			<key>Disc Number</key><integer>1</integer>
			<key>Disc Count</key><integer>1</integer>
			<key>Track Number</key><integer>1</integer>
			<key>Track Count</key><integer>10</integer>
			<key>Year</key><integer>1986</integer>
			<key>Date Modified</key><date>2023-09-25T06:02:06Z</date>
			<key>Date Added</key><date>2023-09-25T06:02:06Z</date>
			<key>Bit Rate</key><integer>256</integer>
			<key>Sample Rate</key><integer>44100</integer>
			<key>Play Count</key><integer>1</integer>
			<key>Play Date</key><integer>3778565297</integer>
			<key>Play Date UTC</key><date>2023-09-26T15:28:17Z</date>
			<key>Release Date</key><date>1986-08-11T12:00:00Z</date>
			<key>Loved</key><true/>
			<key>Artwork Count</key><integer>1</integer>
			<key>Sort Album</key><string>Fushigi (2012 Remaster)</string>
			<key>Sort Artist</key><string>Akina Nakamori</string>
			<key>Sort Name</key><string>Back door night (2012 Remastered)</string>
			<key>Persistent ID</key><string>EABEB333ABE95696</string>
			<key>Track Type</key><string>Remote</string>
			<key>Apple Music</key><true/>
		</dict>
		<key>5867</key>
		<dict>
			<key>Track ID</key><integer>5867</integer>
			<key>Name</key><string>My Blood Runs Through This Land</string>
			<key>Artist</key><string>Black Belt Eagle Scout</string>
			<key>Album Artist</key><string>Black Belt Eagle Scout</string>
			<key>Composer</key><string>Katherine Paul</string>
			<key>Album</key><string>The Land, The Water, The Sky</string>
			<key>Genre</key><string>Music</string>
			<key>Kind</key><string>Apple Music AAC audio file</string>
			<key>Size</key><integer>11310208</integer>
			<key>Total Time</key><integer>312704</integer>
			<key>Disc Number</key><integer>1</integer>
			<key>Disc Count</key><integer>1</integer>
			<key>Track Number</key><integer>1</integer>
			<key>Track Count</key><integer>10</integer>
			<key>Year</key><integer>2022</integer>
			<key>Date Modified</key><date>2023-09-25T06:02:06Z</date>
			<key>Date Added</key><date>2023-09-25T06:02:06Z</date>
			<key>Bit Rate</key><integer>256</integer>
			<key>Sample Rate</key><integer>44100</integer>
			<key>Play Count</key><integer>3</integer>
			<key>Play Date</key><integer>3788342367</integer>
			<key>Play Date UTC</key><date>2024-01-17T20:19:27Z</date>
			<key>Release Date</key><date>2022-11-15T08:00:00Z</date>
			<key>Loved</key><true/>
			<key>Artwork Count</key><integer>1</integer>
			<key>Sort Album</key><string>Land, The Water, The Sky</string>
			<key>Sort Artist</key><string>Black Belt Eagle Scout</string>
			<key>Sort Name</key><string>My Blood Runs Through This Land</string>
			<key>Persistent ID</key><string>2760B72848ACF1CC</string>
			<key>Track Type</key><string>Remote</string>
			<key>Apple Music</key><true/>
		</dict>
		<key>5869</key>
		<dict>
			<key>Track ID</key><integer>5869</integer>
			<key>Name</key><string>DOGTOOTH</string>
			<key>Artist</key><string>Tyler, The Creator</string>
			<key>Album Artist</key><string>Tyler, The Creator</string>
			<key>Composer</key><string>Tyler Okonma</string>
			<key>Album</key><string>CALL ME IF YOU GET LOST: The Estate Sale</string>
			<key>Genre</key><string>Music</string>
			<key>Kind</key><string>Apple Music AAC audio file</string>
			<key>Size</key><integer>5937778</integer>
			<key>Total Time</key><integer>161041</integer>
			<key>Disc Number</key><integer>1</integer>
			<key>Disc Count</key><integer>1</integer>
			<key>Track Number</key><integer>21</integer>
			<key>Track Count</key><integer>24</integer>
			<key>Year</key><integer>2023</integer>
			<key>Date Modified</key><date>2023-09-25T06:02:06Z</date>
			<key>Date Added</key><date>2023-09-25T06:02:06Z</date>
			<key>Bit Rate</key><integer>256</integer>
			<key>Sample Rate</key><integer>44100</integer>
			<key>Play Count</key><integer>3</integer>
			<key>Play Date</key><integer>3824905698</integer>
			<key>Play Date UTC</key><date>2025-03-15T23:48:18Z</date>
			<key>Release Date</key><date>2023-03-27T07:00:00Z</date>
			<key>Loved</key><true/>
			<key>Artwork Count</key><integer>1</integer>
			<key>Sort Album</key><string>CALL ME IF YOU GET LOST: The Estate Sale</string>
			<key>Sort Artist</key><string>Tyler, The Creator</string>
			<key>Sort Name</key><string>DOGTOOTH</string>
			<key>Persistent ID</key><string>F4A3D67F9E1B5110</string>
			<key>Explicit</key><true/>
			<key>Track Type</key><string>Remote</string>
			<key>Apple Music</key><true/>
		</dict>
		<key>5895</key>
		<dict>
			<key>Track ID</key><integer>5895</integer>
			<key>Name</key><string>★</string>
			<key>Artist</key><string>David Bowie</string>
			<key>Album Artist</key><string>David Bowie</string>
			<key>Composer</key><string>David Bowie</string>
			<key>Album</key><string>Blackstar</string>
			<key>Genre</key><string>Music</string>
			<key>Kind</key><string>Apple Music AAC audio file</string>
			<key>Size</key><integer>22191937</integer>
			<key>Total Time</key><integer>597933</integer>
			<key>Disc Number</key><integer>1</integer>
			<key>Disc Count</key><integer>1</integer>
			<key>Track Number</key><integer>1</integer>
			<key>Track Count</key><integer>7</integer>
			<key>Year</key><integer>2015</integer>
			<key>Date Modified</key><date>2023-09-25T06:02:06Z</date>
			<key>Date Added</key><date>2023-09-25T06:02:06Z</date>
			<key>Bit Rate</key><integer>256</integer>
			<key>Sample Rate</key><integer>44100</integer>
			<key>Play Count</key><integer>2</integer>
			<key>Play Date</key><integer>3822476402</integer>
			<key>Play Date UTC</key><date>2025-02-15T22:00:02Z</date>
			<key>Skip Count</key><integer>1</integer>
			<key>Skip Date</key><date>2025-01-08T22:06:32Z</date>
			<key>Release Date</key><date>2015-11-19T12:00:00Z</date>
			<key>Loved</key><true/>
			<key>Artwork Count</key><integer>1</integer>
			<key>Sort Album</key><string>Blackstar</string>
			<key>Sort Artist</key><string>David Bowie</string>
			<key>Sort Name</key><string>★</string>
			<key>Persistent ID</key><string>A572D3B89BEDBACA</string>
			<key>Track Type</key><string>Remote</string>
			<key>Apple Music</key><true/>
		</dict>
		<key>5905</key>
		<dict>
			<key>Track ID</key><integer>5905</integer>
			<key>Name</key><string>Something in the Orange</string>
			<key>Artist</key><string>Zach Bryan</string>
			<key>Album Artist</key><string>Zach Bryan</string>
			<key>Composer</key><string>Zach Bryan</string>
			<key>Album</key><string>Something in the Orange - Single</string>
			<key>Genre</key><string>Music</string>
			<key>Kind</key><string>Apple Music AAC audio file</string>
			<key>Size</key><integer>8008269</integer>
			<key>Total Time</key><integer>228013</integer>
			<key>Disc Number</key><integer>1</integer>
			<key>Disc Count</key><integer>1</integer>
			<key>Track Number</key><integer>1</integer>
			<key>Track Count</key><integer>2</integer>
			<key>Year</key><integer>2022</integer>
			<key>Date Modified</key><date>2023-09-25T06:04:41Z</date>
			<key>Date Added</key><date>2023-09-25T06:04:41Z</date>
			<key>Bit Rate</key><integer>256</integer>
			<key>Sample Rate</key><integer>44100</integer>
			<key>Play Count</key><integer>4</integer>
			<key>Play Date</key><integer>3817622756</integer>
			<key>Play Date UTC</key><date>2024-12-21T17:45:56Z</date>
			<key>Release Date</key><date>2022-04-22T12:00:00Z</date>
			<key>Loved</key><true/>
			<key>Artwork Count</key><integer>1</integer>
			<key>Sort Album</key><string>Something in the Orange - Single</string>
			<key>Sort Artist</key><string>Zach Bryan</string>
			<key>Sort Name</key><string>Something in the Orange</string>
			<key>Persistent ID</key><string>C5E7FEB540BD03AE</string>
			<key>Track Type</key><string>Remote</string>
			<key>Apple Music</key><true/>
		</dict>
		<key>5909</key>
		<dict>
			<key>Track ID</key><integer>5909</integer>
			<key>Name</key><string>Chrome Hearts (feat. Zacari)</string>
			<key>Artist</key><string>Denzel Curry</string>
			<key>Album Artist</key><string>Denzel Curry</string>
			<key>Composer</key><string>D. Curry, Z. Pacaldo &#38; A. Booe</string>
			<key>Album</key><string>Melt My Eyez See Your Future (The Extended Edition)</string>
			<key>Genre</key><string>Music</string>
			<key>Kind</key><string>Apple Music AAC audio file</string>
			<key>Size</key><integer>7269081</integer>
			<key>Total Time</key><integer>201705</integer>
			<key>Disc Number</key><integer>2</integer>
			<key>Disc Count</key><integer>2</integer>
			<key>Track Number</key><integer>6</integer>
			<key>Track Count</key><integer>10</integer>
			<key>Year</key><integer>2022</integer>
			<key>Date Modified</key><date>2023-09-25T06:04:41Z</date>
			<key>Date Added</key><date>2023-09-25T06:04:41Z</date>
			<key>Bit Rate</key><integer>256</integer>
			<key>Sample Rate</key><integer>44100</integer>
			<key>Play Count</key><integer>6</integer>
			<key>Play Date</key><integer>3784273251</integer>
			<key>Play Date UTC</key><date>2023-12-01T18:00:51Z</date>
			<key>Release Date</key><date>2022-09-30T12:00:00Z</date>
			<key>Loved</key><true/>
			<key>Artwork Count</key><integer>1</integer>
			<key>Sort Album</key><string>Melt My Eyez See Your Future (The Extended Edition)</string>
			<key>Sort Artist</key><string>Denzel Curry</string>
			<key>Sort Name</key><string>Chrome Hearts (feat. Zacari)</string>
			<key>Persistent ID</key><string>7EF1A03DAFA98D02</string>
			<key>Explicit</key><true/>
			<key>Track Type</key><string>Remote</string>
			<key>Apple Music</key><true/>
		</dict>
		<key>5951</key>
		<dict>
			<key>Track ID</key><integer>5951</integer>
			<key>Name</key><string>Witchcraft</string>
			<key>Artist</key><string>King Gizzard &#38; The Lizard Wizard</string>
			<key>Album Artist</key><string>King Gizzard &#38; The Lizard Wizard</string>
			<key>Composer</key><string>Stu Mackenzie, Joey Walker, Michael Cavanagh &#38; Cook Craig</string>
			<key>Album</key><string>PetroDragonic Apocalypse; or, Dawn of Eternal Night: An Annihilation of Planet Earth and the Beginning of Merciless Damnation</string>
			<key>Genre</key><string>Music</string>
			<key>Kind</key><string>Apple Music AAC audio file</string>
			<key>Size</key><integer>10725236</integer>
			<key>Total Time</key><integer>303696</integer>
			<key>Disc Number</key><integer>1</integer>
			<key>Disc Count</key><integer>1</integer>
			<key>Track Number</key><integer>4</integer>
			<key>Track Count</key><integer>7</integer>
			<key>Year</key><integer>2023</integer>
			<key>Date Modified</key><date>2023-09-25T06:33:44Z</date>
			<key>Date Added</key><date>2023-09-25T06:33:44Z</date>
			<key>Bit Rate</key><integer>256</integer>
			<key>Sample Rate</key><integer>44100</integer>
			<key>Play Count</key><integer>3</integer>
			<key>Play Date</key><integer>3787725352</integer>
			<key>Play Date UTC</key><date>2024-01-10T16:55:52Z</date>
			<key>Release Date</key><date>2023-06-16T12:00:00Z</date>
			<key>Loved</key><true/>
			<key>Artwork Count</key><integer>1</integer>
			<key>Sort Artist</key><string>King Gizzard &#38; The Lizard Wizard</string>
			<key>Sort Name</key><string>Witchcraft</string>
			<key>Persistent ID</key><string>E088A8EB1704BAAA</string>
			<key>Track Type</key><string>Remote</string>
			<key>Apple Music</key><true/>
		</dict>
		<key>5953</key>
		<dict>
			<key>Track ID</key><integer>5953</integer>
			<key>Name</key><string>Gila Monster</string>
			<key>Artist</key><string>King Gizzard &#38; The Lizard Wizard</string>
			<key>Album Artist</key><string>King Gizzard &#38; The Lizard Wizard</string>
			<key>Composer</key><string>Stu Mackenzie, Joey Walker, Michael Cavanagh, Cook Craig &#38; Ambrose Kenny-Smith</string>
			<key>Album</key><string>PetroDragonic Apocalypse; or, Dawn of Eternal Night: An Annihilation of Planet Earth and the Beginning of Merciless Damnation</string>
			<key>Genre</key><string>Music</string>
			<key>Kind</key><string>Apple Music AAC audio file</string>
			<key>Size</key><integer>9781247</integer>
			<key>Total Time</key><integer>275774</integer>
			<key>Disc Number</key><integer>1</integer>
			<key>Disc Count</key><integer>1</integer>
			<key>Track Number</key><integer>5</integer>
			<key>Track Count</key><integer>7</integer>
			<key>Year</key><integer>2023</integer>
			<key>Date Modified</key><date>2023-09-25T06:33:44Z</date>
			<key>Date Added</key><date>2023-09-25T06:33:44Z</date>
			<key>Bit Rate</key><integer>256</integer>
			<key>Sample Rate</key><integer>44100</integer>
			<key>Play Count</key><integer>2</integer>
			<key>Play Date</key><integer>3787725627</integer>
			<key>Play Date UTC</key><date>2024-01-10T17:00:27Z</date>
			<key>Release Date</key><date>2023-05-18T07:00:00Z</date>
			<key>Loved</key><true/>
			<key>Artwork Count</key><integer>1</integer>
			<key>Sort Artist</key><string>King Gizzard &#38; The Lizard Wizard</string>
			<key>Sort Name</key><string>Gila Monster</string>
			<key>Persistent ID</key><string>A3313434B16524E5</string>
			<key>Track Type</key><string>Remote</string>
			<key>Apple Music</key><true/>
		</dict>
		<key>5955</key>
		<dict>
			<key>Track ID</key><integer>5955</integer>
			<key>Name</key><string>Dragon</string>
			<key>Artist</key><string>King Gizzard &#38; The Lizard Wizard</string>
			<key>Album Artist</key><string>King Gizzard &#38; The Lizard Wizard</string>
			<key>Composer</key><string>Stu Mackenzie, Joey Walker, Michael Cavanagh, Cook Craig &#38; Ambrose Kenny-Smith</string>
			<key>Album</key><string>PetroDragonic Apocalypse; or, Dawn of Eternal Night: An Annihilation of Planet Earth and the Beginning of Merciless Damnation</string>
			<key>Genre</key><string>Music</string>
			<key>Kind</key><string>Apple Music AAC audio file</string>
			<key>Size</key><integer>20130590</integer>
			<key>Total Time</key><integer>584700</integer>
			<key>Disc Number</key><integer>1</integer>
			<key>Disc Count</key><integer>1</integer>
			<key>Track Number</key><integer>6</integer>
			<key>Track Count</key><integer>7</integer>
			<key>Year</key><integer>2023</integer>
			<key>Date Modified</key><date>2023-09-25T06:33:44Z</date>
			<key>Date Added</key><date>2023-09-25T06:33:44Z</date>
			<key>Bit Rate</key><integer>256</integer>
			<key>Sample Rate</key><integer>44100</integer>
			<key>Play Count</key><integer>3</integer>
			<key>Play Date</key><integer>3787725048</integer>
			<key>Play Date UTC</key><date>2024-01-10T16:50:48Z</date>
			<key>Skip Count</key><integer>2</integer>
			<key>Skip Date</key><date>2025-01-08T22:08:54Z</date>
			<key>Release Date</key><date>2023-06-08T07:00:00Z</date>
			<key>Loved</key><true/>
			<key>Artwork Count</key><integer>1</integer>
			<key>Sort Artist</key><string>King Gizzard &#38; The Lizard Wizard</string>
			<key>Sort Name</key><string>Dragon</string>
			<key>Persistent ID</key><string>C2F153B794B51DB6</string>
			<key>Track Type</key><string>Remote</string>
			<key>Apple Music</key><true/>
		</dict>
		<key>6013</key>
		<dict>
			<key>Track ID</key><integer>6013</integer>
			<key>Name</key><string>Skinny Love</string>
			<key>Artist</key><string>Bon Iver</string>
			<key>Album Artist</key><string>Bon Iver</string>
			<key>Album</key><string>For Emma, Forever Ago</string>
			<key>Genre</key><string>Music</string>
			<key>Kind</key><string>Apple Music AAC audio file</string>
			<key>Size</key><integer>8589573</integer>
			<key>Total Time</key><integer>238520</integer>
			<key>Disc Number</key><integer>1</integer>
			<key>Disc Count</key><integer>1</integer>
			<key>Track Number</key><integer>3</integer>
			<key>Track Count</key><integer>9</integer>
			<key>Year</key><integer>2007</integer>
			<key>Date Modified</key><date>2023-09-25T16:52:03Z</date>
			<key>Date Added</key><date>2023-09-25T16:52:03Z</date>
			<key>Bit Rate</key><integer>256</integer>
			<key>Sample Rate</key><integer>44100</integer>
			<key>Comments</key><string>Blue</string>
			<key>Play Count</key><integer>3</integer>
			<key>Play Date</key><integer>3817627558</integer>
			<key>Play Date UTC</key><date>2024-12-21T19:05:58Z</date>
			<key>Release Date</key><date>2007-07-08T07:00:00Z</date>
			<key>Loved</key><true/>
			<key>Artwork Count</key><integer>1</integer>
			<key>Sort Album</key><string>For Emma, Forever Ago</string>
			<key>Sort Artist</key><string>Bon Iver</string>
			<key>Sort Name</key><string>Skinny Love</string>
			<key>Persistent ID</key><string>A31314F79359FE85</string>
			<key>Track Type</key><string>Remote</string>
			<key>Apple Music</key><true/>
		</dict>
		<key>6051</key>
		<dict>
			<key>Track ID</key><integer>6051</integer>
			<key>Name</key><string>Lover, You Should've Come Over</string>
			<key>Artist</key><string>Jeff Buckley</string>
			<key>Album Artist</key><string>Jeff Buckley</string>
			<key>Composer</key><string>Jeff Buckley</string>
			<key>Album</key><string>Grace</string>
			<key>Genre</key><string>Music</string>
			<key>Kind</key><string>Apple Music AAC audio file</string>
			<key>Size</key><integer>15177192</integer>
			<key>Total Time</key><integer>404213</integer>
			<key>Disc Number</key><integer>1</integer>
			<key>Disc Count</key><integer>1</integer>
			<key>Track Number</key><integer>7</integer>
			<key>Track Count</key><integer>11</integer>
			<key>Year</key><integer>1994</integer>
			<key>Date Modified</key><date>2023-09-25T16:52:03Z</date>
			<key>Date Added</key><date>2023-09-25T16:52:03Z</date>
			<key>Bit Rate</key><integer>256</integer>
			<key>Sample Rate</key><integer>44100</integer>
			<key>Comments</key><string>Green</string>
			<key>Play Count</key><integer>3</integer>
			<key>Play Date</key><integer>3834429356</integer>
			<key>Play Date UTC</key><date>2025-07-04T05:15:56Z</date>
			<key>Skip Count</key><integer>2</integer>
			<key>Skip Date</key><date>2025-06-09T02:25:26Z</date>
			<key>Release Date</key><date>1994-08-23T12:00:00Z</date>
			<key>Loved</key><true/>
			<key>Compilation</key><true/>
			<key>Artwork Count</key><integer>1</integer>
			<key>Sort Album</key><string>Grace</string>
			<key>Sort Artist</key><string>Jeff Buckley</string>
			<key>Sort Name</key><string>Lover, You Should've Come Over</string>
			<key>Persistent ID</key><string>44DEC4D3C2CD10C4</string>
			<key>Track Type</key><string>Remote</string>
			<key>Apple Music</key><true/>
		</dict>
		<key>6059</key>
		<dict>
			<key>Track ID</key><integer>6059</integer>
			<key>Name</key><string>Jigsaw Falling Into Place</string>
			<key>Artist</key><string>Radiohead</string>
			<key>Album Artist</key><string>Radiohead</string>
			<key>Composer</key><string>Colin Greenwood, Ed O'Brien, Jonny Greenwood, Phil Selway &#38; Thom Yorke</string>
			<key>Album</key><string>In Rainbows</string>
			<key>Genre</key><string>Music</string>
			<key>Kind</key><string>Apple Music AAC audio file</string>
			<key>Size</key><integer>9392757</integer>
			<key>Total Time</key><integer>248893</integer>
			<key>Disc Number</key><integer>1</integer>
			<key>Disc Count</key><integer>1</integer>
			<key>Track Number</key><integer>9</integer>
			<key>Track Count</key><integer>10</integer>
			<key>Year</key><integer>2007</integer>
			<key>Date Modified</key><date>2023-09-25T16:52:03Z</date>
			<key>Date Added</key><date>2023-09-25T16:52:03Z</date>
			<key>Bit Rate</key><integer>256</integer>
			<key>Sample Rate</key><integer>44100</integer>
			<key>Play Count</key><integer>2</integer>
			<key>Play Date</key><integer>3825389123</integer>
			<key>Play Date UTC</key><date>2025-03-21T14:05:23Z</date>
			<key>Release Date</key><date>2007-10-10T07:00:00Z</date>
			<key>Loved</key><true/>
			<key>Artwork Count</key><integer>1</integer>
			<key>Sort Album</key><string>In Rainbows</string>
			<key>Sort Artist</key><string>Radiohead</string>
			<key>Sort Name</key><string>Jigsaw Falling Into Place</string>
			<key>Persistent ID</key><string>554DCDCB6624BA5F</string>
			<key>Track Type</key><string>Remote</string>
			<key>Apple Music</key><true/>
		</dict>
		<key>6065</key>
		<dict>
			<key>Track ID</key><integer>6065</integer>
			<key>Name</key><string>House of Cards</string>
			<key>Artist</key><string>Radiohead</string>
			<key>Album Artist</key><string>Radiohead</string>
			<key>Composer</key><string>Colin Greenwood, Ed O'Brien, Jonny Greenwood, Phil Selway &#38; Thom Yorke</string>
			<key>Album</key><string>In Rainbows</string>
			<key>Genre</key><string>Music</string>
			<key>Kind</key><string>Apple Music AAC audio file</string>
			<key>Size</key><integer>11446604</integer>
			<key>Total Time</key><integer>328293</integer>
			<key>Disc Number</key><integer>1</integer>
			<key>Disc Count</key><integer>1</integer>
			<key>Track Number</key><integer>8</integer>
			<key>Track Count</key><integer>10</integer>
			<key>Year</key><integer>2007</integer>
			<key>Date Modified</key><date>2023-09-25T16:52:03Z</date>
			<key>Date Added</key><date>2023-09-25T16:52:03Z</date>
			<key>Bit Rate</key><integer>256</integer>
			<key>Sample Rate</key><integer>44100</integer>
			<key>Comments</key><string>Violet</string>
			<key>Play Count</key><integer>2</integer>
			<key>Play Date</key><integer>3825388874</integer>
			<key>Play Date UTC</key><date>2025-03-21T14:01:14Z</date>
			<key>Release Date</key><date>2007-10-10T07:00:00Z</date>
			<key>Loved</key><true/>
			<key>Artwork Count</key><integer>1</integer>
			<key>Sort Album</key><string>In Rainbows</string>
			<key>Sort Artist</key><string>Radiohead</string>
			<key>Sort Name</key><string>House of Cards</string>
			<key>Persistent ID</key><string>C1816BBEB25E4CED</string>
			<key>Track Type</key><string>Remote</string>
			<key>Apple Music</key><true/>
		</dict>
		<key>6107</key>
		<dict>
			<key>Track ID</key><integer>6107</integer>
			<key>Name</key><string>Someone You'd Admire</string>
			<key>Artist</key><string>Fleet Foxes</string>
			<key>Album Artist</key><string>Fleet Foxes</string>
			<key>Composer</key><string>Robin Pecknold</string>
			<key>Album</key><string>Helplessness Blues</string>
			<key>Genre</key><string>Music</string>
			<key>Kind</key><string>Apple Music AAC audio file</string>
			<key>Size</key><integer>5547693</integer>
			<key>Total Time</key><integer>149373</integer>
			<key>Disc Number</key><integer>1</integer>
			<key>Disc Count</key><integer>1</integer>
			<key>Track Number</key><integer>9</integer>
			<key>Track Count</key><integer>12</integer>
			<key>Year</key><integer>2011</integer>
			<key>Date Modified</key><date>2023-09-25T16:52:03Z</date>
			<key>Date Added</key><date>2023-09-25T16:52:03Z</date>
			<key>Bit Rate</key><integer>256</integer>
			<key>Sample Rate</key><integer>44100</integer>
			<key>Play Count</key><integer>2</integer>
			<key>Play Date</key><integer>3822736516</integer>
			<key>Play Date UTC</key><date>2025-02-18T22:15:16Z</date>
			<key>Release Date</key><date>2011-04-27T12:00:00Z</date>
			<key>Loved</key><true/>
			<key>Artwork Count</key><integer>1</integer>
			<key>Sort Album</key><string>Helplessness Blues</string>
			<key>Sort Artist</key><string>Fleet Foxes</string>
			<key>Sort Name</key><string>Someone You'd Admire</string>
			<key>Persistent ID</key><string>814D28DB3849CE56</string>
			<key>Track Type</key><string>Remote</string>
			<key>Apple Music</key><true/>
		</dict>
		<key>6109</key>
		<dict>
			<key>Track ID</key><integer>6109</integer>
			<key>Name</key><string>The Cascades</string>
			<key>Artist</key><string>Fleet Foxes</string>
			<key>Album Artist</key><string>Fleet Foxes</string>
			<key>Composer</key><string>Robin Pecknold</string>
			<key>Album</key><string>Helplessness Blues</string>
			<key>Genre</key><string>Music</string>
			<key>Kind</key><string>Apple Music AAC audio file</string>
			<key>Size</key><integer>4815585</integer>
			<key>Total Time</key><integer>127640</integer>
			<key>Disc Number</key><integer>1</integer>
			<key>Disc Count</key><integer>1</integer>
			<key>Track Number</key><integer>7</integer>
			<key>Track Count</key><integer>12</integer>
			<key>Year</key><integer>2011</integer>
			<key>Date Modified</key><date>2023-09-25T16:52:03Z</date>
			<key>Date Added</key><date>2023-09-25T16:52:03Z</date>
			<key>Bit Rate</key><integer>256</integer>
			<key>Sample Rate</key><integer>44100</integer>
			<key>Play Count</key><integer>2</integer>
			<key>Play Date</key><integer>3822736102</integer>
			<key>Play Date UTC</key><date>2025-02-18T22:08:22Z</date>
			<key>Release Date</key><date>2011-05-03T07:00:00Z</date>
			<key>Loved</key><true/>
			<key>Artwork Count</key><integer>1</integer>
			<key>Sort Album</key><string>Helplessness Blues</string>
			<key>Sort Artist</key><string>Fleet Foxes</string>
			<key>Sort Name</key><string>Cascades</string>
			<key>Persistent ID</key><string>7B429AB23FD9992A</string>
			<key>Track Type</key><string>Remote</string>
			<key>Apple Music</key><true/>
		</dict>
		<key>6113</key>
		<dict>
			<key>Track ID</key><integer>6113</integer>
			<key>Name</key><string>Lorelai</string>
			<key>Artist</key><string>Fleet Foxes</string>
			<key>Album Artist</key><string>Fleet Foxes</string>
			<key>Composer</key><string>Robin Pecknold</string>
			<key>Album</key><string>Helplessness Blues</string>
			<key>Genre</key><string>Music</string>
			<key>Kind</key><string>Apple Music AAC audio file</string>
			<key>Size</key><integer>10081281</integer>
			<key>Total Time</key><integer>264840</integer>
			<key>Disc Number</key><integer>1</integer>
			<key>Disc Count</key><integer>1</integer>
			<key>Track Number</key><integer>8</integer>
			<key>Track Count</key><integer>12</integer>
			<key>Year</key><integer>2011</integer>
			<key>Date Modified</key><date>2023-09-25T16:52:03Z</date>
			<key>Date Added</key><date>2023-09-25T16:52:03Z</date>
			<key>Bit Rate</key><integer>256</integer>
			<key>Sample Rate</key><integer>44100</integer>
			<key>Play Count</key><integer>2</integer>
			<key>Play Date</key><integer>3822736367</integer>
			<key>Play Date UTC</key><date>2025-02-18T22:12:47Z</date>
			<key>Release Date</key><date>2011-05-03T07:00:00Z</date>
			<key>Loved</key><true/>
			<key>Artwork Count</key><integer>1</integer>
			<key>Sort Album</key><string>Helplessness Blues</string>
			<key>Sort Artist</key><string>Fleet Foxes</string>
			<key>Sort Name</key><string>Lorelai</string>
			<key>Persistent ID</key><string>6D10DD243EB0E290</string>
			<key>Track Type</key><string>Remote</string>
			<key>Apple Music</key><true/>
		</dict>
		<key>6125</key>
		<dict>
			<key>Track ID</key><integer>6125</integer>
			<key>Name</key><string>Last Goodbye</string>
			<key>Artist</key><string>Jeff Buckley</string>
			<key>Album Artist</key><string>Jeff Buckley</string>
			<key>Composer</key><string>Jeff Buckley</string>
			<key>Album</key><string>Grace</string>
			<key>Genre</key><string>Music</string>
			<key>Kind</key><string>Apple Music AAC audio file</string>
			<key>Size</key><integer>10890333</integer>
			<key>Total Time</key><integer>275720</integer>
			<key>Disc Number</key><integer>1</integer>
			<key>Disc Count</key><integer>1</integer>
			<key>Track Number</key><integer>3</integer>
			<key>Track Count</key><integer>11</integer>
			<key>Year</key><integer>1994</integer>
			<key>Date Modified</key><date>2023-09-25T16:52:03Z</date>
			<key>Date Added</key><date>2023-09-25T16:52:03Z</date>
			<key>Bit Rate</key><integer>256</integer>
			<key>Sample Rate</key><integer>44100</integer>
			<key>Play Count</key><integer>4</integer>
			<key>Play Date</key><integer>3834494137</integer>
			<key>Play Date UTC</key><date>2025-07-04T23:15:37Z</date>
			<key>Release Date</key><date>1994-08-23T12:00:00Z</date>
			<key>Loved</key><true/>
			<key>Compilation</key><true/>
			<key>Artwork Count</key><integer>1</integer>
			<key>Sort Album</key><string>Grace</string>
			<key>Sort Artist</key><string>Jeff Buckley</string>
			<key>Sort Name</key><string>Last Goodbye</string>
			<key>Persistent ID</key><string>690BC3C2D78AE1D4</string>
			<key>Track Type</key><string>Remote</string>
			<key>Apple Music</key><true/>
		</dict>
		<key>6163</key>
		<dict>
			<key>Track ID</key><integer>6163</integer>
			<key>Name</key><string>Say You Love Me</string>
			<key>Artist</key><string>Fleetwood Mac</string>
			<key>Album Artist</key><string>Fleetwood Mac</string>
			<key>Composer</key><string>Christine McVie</string>
			<key>Album</key><string>Fleetwood Mac</string>
			<key>Genre</key><string>Music</string>
			<key>Kind</key><string>Apple Music AAC audio file</string>
			<key>Size</key><integer>9491525</integer>
			<key>Total Time</key><integer>249856</integer>
			<key>Disc Number</key><integer>1</integer>
			<key>Disc Count</key><integer>1</integer>
			<key>Track Number</key><integer>7</integer>
			<key>Track Count</key><integer>11</integer>
			<key>Year</key><integer>1975</integer>
			<key>Date Modified</key><date>2023-09-25T16:52:03Z</date>
			<key>Date Added</key><date>2023-09-25T16:52:03Z</date>
			<key>Bit Rate</key><integer>256</integer>
			<key>Sample Rate</key><integer>44100</integer>
			<key>Play Count</key><integer>2</integer>
			<key>Play Date</key><integer>3787385125</integer>
			<key>Play Date UTC</key><date>2024-01-06T18:25:25Z</date>
			<key>Release Date</key><date>1975-07-11T07:00:00Z</date>
			<key>Loved</key><true/>
			<key>Artwork Count</key><integer>1</integer>
			<key>Sort Album</key><string>Fleetwood Mac</string>
			<key>Sort Artist</key><string>Fleetwood Mac</string>
			<key>Sort Name</key><string>Say You Love Me</string>
			<key>Persistent ID</key><string>616019050FC2E885</string>
			<key>Track Type</key><string>Remote</string>
			<key>Apple Music</key><true/>
		</dict>
		<key>6165</key>
		<dict>
			<key>Track ID</key><integer>6165</integer>
			<key>Name</key><string>Landslide</string>
			<key>Artist</key><string>Fleetwood Mac</string>
			<key>Album Artist</key><string>Fleetwood Mac</string>
			<key>Composer</key><string>Stevie Nicks</string>
			<key>Album</key><string>Fleetwood Mac</string>
			<key>Genre</key><string>Music</string>
			<key>Kind</key><string>Apple Music AAC audio file</string>
			<key>Size</key><integer>7337904</integer>
			<key>Total Time</key><integer>198823</integer>
			<key>Disc Number</key><integer>1</integer>
			<key>Disc Count</key><integer>1</integer>
			<key>Track Number</key><integer>8</integer>
			<key>Track Count</key><integer>11</integer>
			<key>Year</key><integer>1975</integer>
			<key>Date Modified</key><date>2023-09-25T16:52:03Z</date>
			<key>Date Added</key><date>2023-09-25T16:52:03Z</date>
			<key>Bit Rate</key><integer>256</integer>
			<key>Sample Rate</key><integer>44100</integer>
			<key>Play Count</key><integer>3</integer>
			<key>Play Date</key><integer>3790262332</integer>
			<key>Play Date UTC</key><date>2024-02-09T01:38:52Z</date>
			<key>Skip Count</key><integer>1</integer>
			<key>Skip Date</key><date>2024-02-02T02:40:18Z</date>
			<key>Release Date</key><date>1975-07-11T07:00:00Z</date>
			<key>Loved</key><true/>
			<key>Artwork Count</key><integer>1</integer>
			<key>Sort Album</key><string>Fleetwood Mac</string>
			<key>Sort Artist</key><string>Fleetwood Mac</string>
			<key>Sort Name</key><string>Landslide</string>
			<key>Persistent ID</key><string>441FFEE70A4E0811</string>
			<key>Track Type</key><string>Remote</string>
			<key>Apple Music</key><true/>
		</dict>
		<key>6167</key>
		<dict>
			<key>Track ID</key><integer>6167</integer>
			<key>Name</key><string>RUNNING OUT OF TIME</string>
			<key>Artist</key><string>Tyler, The Creator</string>
			<key>Album Artist</key><string>Tyler, The Creator</string>
			<key>Composer</key><string>Tyler Okonma</string>
			<key>Album</key><string>IGOR</string>
			<key>Genre</key><string>Music</string>
			<key>Kind</key><string>Apple Music AAC audio file</string>
			<key>Size</key><integer>6438288</integer>
			<key>Total Time</key><integer>177219</integer>
			<key>Disc Number</key><integer>1</integer>
			<key>Disc Count</key><integer>1</integer>
			<key>Track Number</key><integer>5</integer>
			<key>Track Count</key><integer>12</integer>
			<key>Year</key><integer>2019</integer>
			<key>Date Modified</key><date>2023-09-25T16:52:03Z</date>
			<key>Date Added</key><date>2023-09-25T16:52:03Z</date>
			<key>Bit Rate</key><integer>256</integer>
			<key>Sample Rate</key><integer>44100</integer>
			<key>Play Count</key><integer>3</integer>
			<key>Play Date</key><integer>3824064396</integer>
			<key>Play Date UTC</key><date>2025-03-06T07:06:36Z</date>
			<key>Skip Count</key><integer>1</integer>
			<key>Skip Date</key><date>2024-01-19T19:52:40Z</date>
			<key>Release Date</key><date>2019-05-16T07:00:00Z</date>
			<key>Loved</key><true/>
			<key>Artwork Count</key><integer>1</integer>
			<key>Sort Album</key><string>IGOR</string>
			<key>Sort Artist</key><string>Tyler, The Creator</string>
			<key>Sort Name</key><string>RUNNING OUT OF TIME</string>
			<key>Persistent ID</key><string>426DD3A8A786F3E6</string>
			<key>Explicit</key><true/>
			<key>Track Type</key><string>Remote</string>
			<key>Apple Music</key><true/>
		</dict>
		<key>6171</key>
		<dict>
			<key>Track ID</key><integer>6171</integer>
			<key>Name</key><string>Street Lights</string>
			<key>Artist</key><string>Kanye West</string>
			<key>Album Artist</key><string>Kanye West</string>
			<key>Composer</key><string>Kanye West, Jenny-Bea Englishman, Anthony Williams &#38; Benjamin McIldowie</string>
			<key>Album</key><string>808s &#38; Heartbreak</string>
			<key>Genre</key><string>Music</string>
			<key>Kind</key><string>Apple Music AAC audio file</string>
			<key>Size</key><integer>6877085</integer>
			<key>Total Time</key><integer>189907</integer>
			<key>Disc Number</key><integer>1</integer>
			<key>Disc Count</key><integer>1</integer>
			<key>Track Number</key><integer>8</integer>
			<key>Track Count</key><integer>12</integer>
			<key>Year</key><integer>2008</integer>
			<key>Date Modified</key><date>2023-09-25T16:52:03Z</date>
			<key>Date Added</key><date>2023-09-25T16:52:03Z</date>
			<key>Bit Rate</key><integer>256</integer>
			<key>Sample Rate</key><integer>44100</integer>
			<key>Comments</key><string>Green</string>
			<key>Play Count</key><integer>3</integer>
			<key>Play Date</key><integer>3817628504</integer>
			<key>Play Date UTC</key><date>2024-12-21T19:21:44Z</date>
			<key>Skip Count</key><integer>1</integer>
			<key>Skip Date</key><date>2025-06-09T02:31:15Z</date>
			<key>Release Date</key><date>2008-11-21T12:00:00Z</date>
			<key>Loved</key><true/>
			<key>Artwork Count</key><integer>1</integer>
			<key>Sort Album</key><string>808s &#38; Heartbreak</string>
			<key>Sort Artist</key><string>Kanye West</string>
			<key>Sort Name</key><string>Street Lights</string>
			<key>Persistent ID</key><string>32152C4FA290C8E2</string>
			<key>Track Type</key><string>Remote</string>
			<key>Apple Music</key><true/>
		</dict>
		<key>6197</key>
		<dict>
			<key>Track ID</key><integer>6197</integer>
			<key>Name</key><string>Fancy Clown (feat. Viktor Vaughn)</string>
			<key>Artist</key><string>Madvillain</string>
			<key>Album Artist</key><string>Madvillain</string>
			<key>Composer</key><string>Otis Jackson Jr &#38; Daniel Dumile Thompson</string>
			<key>Album</key><string>Madvillainy</string>
			<key>Genre</key><string>Music</string>
			<key>Kind</key><string>Apple Music AAC audio file</string>
			<key>Size</key><integer>4394669</integer>
			<key>Total Time</key><integer>115827</integer>
			<key>Disc Number</key><integer>1</integer>
			<key>Disc Count</key><integer>1</integer>
			<key>Track Number</key><integer>17</integer>
			<key>Track Count</key><integer>22</integer>
			<key>Year</key><integer>2004</integer>
			<key>Date Modified</key><date>2023-09-25T16:52:03Z</date>
			<key>Date Added</key><date>2023-09-25T16:52:03Z</date>
			<key>Bit Rate</key><integer>256</integer>
			<key>Sample Rate</key><integer>44100</integer>
			<key>Play Count</key><integer>5</integer>
			<key>Play Date</key><integer>3830315641</integer>
			<key>Play Date UTC</key><date>2025-05-17T14:34:01Z</date>
			<key>Release Date</key><date>2004-03-23T08:00:00Z</date>
			<key>Loved</key><true/>
			<key>Artwork Count</key><integer>1</integer>
			<key>Sort Album</key><string>Madvillainy</string>
			<key>Sort Artist</key><string>Madvillain</string>
			<key>Sort Name</key><string>Fancy Clown (feat. Viktor Vaughn)</string>
			<key>Persistent ID</key><string>ED97A0F15B52E009</string>
			<key>Explicit</key><true/>
			<key>Track Type</key><string>Remote</string>
			<key>Apple Music</key><true/>
		</dict>
		<key>6205</key>
		<dict>
			<key>Track ID</key><integer>6205</integer>
			<key>Name</key><string>Strange Ways</string>
			<key>Artist</key><string>Madvillain</string>
			<key>Album Artist</key><string>Madvillain</string>
			<key>Composer</key><string>Otis Jackson Jr &#38; Daniel Dumile Thompson</string>
			<key>Album</key><string>Madvillainy</string>
			<key>Genre</key><string>Music</string>
			<key>Kind</key><string>Apple Music AAC audio file</string>
			<key>Size</key><integer>4299100</integer>
			<key>Total Time</key><integer>111667</integer>
			<key>Disc Number</key><integer>1</integer>
			<key>Disc Count</key><integer>1</integer>
			<key>Track Number</key><integer>16</integer>
			<key>Track Count</key><integer>22</integer>
			<key>Year</key><integer>2004</integer>
			<key>Date Modified</key><date>2023-09-25T16:52:03Z</date>
			<key>Date Added</key><date>2023-09-25T16:52:03Z</date>
			<key>Bit Rate</key><integer>256</integer>
			<key>Sample Rate</key><integer>44100</integer>
			<key>Play Count</key><integer>10</integer>
			<key>Play Date</key><integer>3830347587</integer>
			<key>Play Date UTC</key><date>2025-05-17T23:26:27Z</date>
			<key>Skip Count</key><integer>1</integer>
			<key>Skip Date</key><date>2023-10-17T22:22:14Z</date>
			<key>Release Date</key><date>2004-03-23T08:00:00Z</date>
			<key>Loved</key><true/>
			<key>Artwork Count</key><integer>1</integer>
			<key>Sort Album</key><string>Madvillainy</string>
			<key>Sort Artist</key><string>Madvillain</string>
			<key>Sort Name</key><string>Strange Ways</string>
			<key>Persistent ID</key><string>BEF70D80DA4E7635</string>
			<key>Explicit</key><true/>
			<key>Track Type</key><string>Remote</string>
			<key>Apple Music</key><true/>
		</dict>
		<key>6211</key>
		<dict>
			<key>Track ID</key><integer>6211</integer>
			<key>Name</key><string>Eye (feat. Stacy Epps)</string>
			<key>Artist</key><string>Madvillain</string>
			<key>Album Artist</key><string>Madvillain</string>
			<key>Composer</key><string>Otis Jackson Jr &#38; Daniel Dumile Thompson</string>
			<key>Album</key><string>Madvillainy</string>
			<key>Genre</key><string>Music</string>
			<key>Kind</key><string>Apple Music AAC audio file</string>
			<key>Size</key><integer>4503126</integer>
			<key>Total Time</key><integer>117773</integer>
			<key>Disc Number</key><integer>1</integer>
			<key>Disc Count</key><integer>1</integer>
			<key>Track Number</key><integer>18</integer>
			<key>Track Count</key><integer>22</integer>
			<key>Year</key><integer>2004</integer>
			<key>Date Modified</key><date>2023-09-25T16:52:03Z</date>
			<key>Date Added</key><date>2023-09-25T16:52:03Z</date>
			<key>Bit Rate</key><integer>256</integer>
			<key>Sample Rate</key><integer>44100</integer>
			<key>Play Count</key><integer>10</integer>
			<key>Play Date</key><integer>3830340878</integer>
			<key>Play Date UTC</key><date>2025-05-17T21:34:38Z</date>
			<key>Skip Count</key><integer>1</integer>
			<key>Skip Date</key><date>2025-05-17T23:52:07Z</date>
			<key>Release Date</key><date>2004-03-23T08:00:00Z</date>
			<key>Loved</key><true/>
			<key>Artwork Count</key><integer>1</integer>
			<key>Sort Album</key><string>Madvillainy</string>
			<key>Sort Artist</key><string>Madvillain</string>
			<key>Sort Name</key><string>Eye (feat. Stacy Epps)</string>
			<key>Persistent ID</key><string>E1FE7E54AA1FE855</string>
			<key>Track Type</key><string>Remote</string>
			<key>Apple Music</key><true/>
		</dict>
		<key>6223</key>
		<dict>
			<key>Track ID</key><integer>6223</integer>
			<key>Name</key><string>Shadows of Tomorrow (feat. Quasimoto)</string>
			<key>Artist</key><string>Madvillain</string>
			<key>Album Artist</key><string>Madvillain</string>
			<key>Composer</key><string>Otis Jackson Jr &#38; Daniel Dumile Thompson</string>
			<key>Album</key><string>Madvillainy</string>
			<key>Genre</key><string>Music</string>
			<key>Kind</key><string>Apple Music AAC audio file</string>
			<key>Size</key><integer>5794012</integer>
			<key>Total Time</key><integer>156187</integer>
			<key>Disc Number</key><integer>1</integer>
			<key>Disc Count</key><integer>1</integer>
			<key>Track Number</key><integer>12</integer>
			<key>Track Count</key><integer>22</integer>
			<key>Year</key><integer>2004</integer>
			<key>Date Modified</key><date>2023-09-25T16:52:03Z</date>
			<key>Date Added</key><date>2023-09-25T16:52:03Z</date>
			<key>Bit Rate</key><integer>256</integer>
			<key>Sample Rate</key><integer>44100</integer>
			<key>Play Count</key><integer>2</integer>
			<key>Play Date</key><integer>3827054811</integer>
			<key>Play Date UTC</key><date>2025-04-09T20:46:51Z</date>
			<key>Skip Count</key><integer>2</integer>
			<key>Skip Date</key><date>2025-03-24T17:01:22Z</date>
			<key>Release Date</key><date>2004-03-23T08:00:00Z</date>
			<key>Loved</key><true/>
			<key>Artwork Count</key><integer>1</integer>
			<key>Sort Album</key><string>Madvillainy</string>
			<key>Sort Artist</key><string>Madvillain</string>
			<key>Sort Name</key><string>Shadows of Tomorrow (feat. Quasimoto)</string>
			<key>Persistent ID</key><string>C0EE8D7C04FBA607</string>
			<key>Track Type</key><string>Remote</string>
			<key>Apple Music</key><true/>
		</dict>
		<key>6231</key>
		<dict>
			<key>Track ID</key><integer>6231</integer>
			<key>Name</key><string>Operation Lifesaver a.K.A. Mint Test</string>
			<key>Artist</key><string>Madvillain</string>
			<key>Album Artist</key><string>Madvillain</string>
			<key>Composer</key><string>Otis Jackson Jr &#38; Daniel Dumile Thompson</string>
			<key>Album</key><string>Madvillainy</string>
			<key>Genre</key><string>Music</string>
			<key>Kind</key><string>Apple Music AAC audio file</string>
			<key>Size</key><integer>3691810</integer>
			<key>Total Time</key><integer>90133</integer>
			<key>Disc Number</key><integer>1</integer>
			<key>Disc Count</key><integer>1</integer>
			<key>Track Number</key><integer>13</integer>
			<key>Track Count</key><integer>22</integer>
			<key>Year</key><integer>2004</integer>
			<key>Date Modified</key><date>2023-09-25T16:52:03Z</date>
			<key>Date Added</key><date>2023-09-25T16:52:03Z</date>
			<key>Bit Rate</key><integer>256</integer>
			<key>Sample Rate</key><integer>44100</integer>
			<key>Play Count</key><integer>11</integer>
			<key>Play Date</key><integer>3833658851</integer>
			<key>Play Date UTC</key><date>2025-06-25T07:14:11Z</date>
			<key>Skip Count</key><integer>1</integer>
			<key>Skip Date</key><date>2025-06-06T22:40:08Z</date>
			<key>Release Date</key><date>2004-03-23T08:00:00Z</date>
			<key>Loved</key><true/>
			<key>Artwork Count</key><integer>1</integer>
			<key>Sort Album</key><string>Madvillainy</string>
			<key>Sort Artist</key><string>Madvillain</string>
			<key>Sort Name</key><string>Operation Lifesaver a.K.A. Mint Test</string>
			<key>Persistent ID</key><string>40C7E5E91DAA0D69</string>
			<key>Explicit</key><true/>
			<key>Track Type</key><string>Remote</string>
			<key>Apple Music</key><true/>
		</dict>
		<key>6235</key>
		<dict>
			<key>Track ID</key><integer>6235</integer>
			<key>Name</key><string>Hardcore Hustle (feat. Wildchild)</string>
			<key>Artist</key><string>Madvillain</string>
			<key>Album Artist</key><string>Madvillain</string>
			<key>Composer</key><string>Otis Jackson Jr &#38; Daniel Dumile Thompson</string>
			<key>Album</key><string>Madvillainy</string>
			<key>Genre</key><string>Music</string>
			<key>Kind</key><string>Apple Music AAC audio file</string>
			<key>Size</key><integer>3417411</integer>
			<key>Total Time</key><integer>81920</integer>
			<key>Disc Number</key><integer>1</integer>
			<key>Disc Count</key><integer>1</integer>
			<key>Track Number</key><integer>15</integer>
			<key>Track Count</key><integer>22</integer>
			<key>Year</key><integer>2004</integer>
			<key>Date Modified</key><date>2023-09-25T16:52:03Z</date>
			<key>Date Added</key><date>2023-09-25T16:52:03Z</date>
			<key>Bit Rate</key><integer>256</integer>
			<key>Sample Rate</key><integer>44100</integer>
			<key>Play Count</key><integer>11</integer>
			<key>Play Date</key><integer>3830342141</integer>
			<key>Play Date UTC</key><date>2025-05-17T21:55:41Z</date>
			<key>Skip Count</key><integer>2</integer>
			<key>Skip Date</key><date>2025-07-10T15:01:51Z</date>
			<key>Release Date</key><date>2004-03-23T08:00:00Z</date>
			<key>Loved</key><true/>
			<key>Artwork Count</key><integer>1</integer>
			<key>Sort Album</key><string>Madvillainy</string>
			<key>Sort Artist</key><string>Madvillain</string>
			<key>Sort Name</key><string>Hardcore Hustle (feat. Wildchild)</string>
			<key>Persistent ID</key><string>C3722A6BB6F67788</string>
			<key>Explicit</key><true/>
			<key>Track Type</key><string>Remote</string>
			<key>Apple Music</key><true/>
		</dict>
		<key>6239</key>
		<dict>
			<key>Track ID</key><integer>6239</integer>
			<key>Name</key><string>Synchronicity II (Remastered 2003)</string>
			<key>Artist</key><string>The Police</string>
			<key>Album Artist</key><string>The Police</string>
			<key>Composer</key><string>Sting</string>
			<key>Album</key><string>Synchronicity (Remastered 2003)</string>
			<key>Genre</key><string>Music</string>
			<key>Kind</key><string>Apple Music AAC audio file</string>
			<key>Size</key><integer>10509922</integer>
			<key>Total Time</key><integer>302333</integer>
			<key>Disc Number</key><integer>1</integer>
			<key>Disc Count</key><integer>1</integer>
			<key>Track Number</key><integer>6</integer>
			<key>Track Count</key><integer>11</integer>
			<key>Year</key><integer>1983</integer>
			<key>Date Modified</key><date>2023-09-25T16:52:03Z</date>
			<key>Date Added</key><date>2023-09-25T16:52:03Z</date>
			<key>Bit Rate</key><integer>256</integer>
			<key>Sample Rate</key><integer>44100</integer>
			<key>Play Count</key><integer>2</integer>
			<key>Play Date</key><integer>3834648144</integer>
			<key>Play Date UTC</key><date>2025-07-06T18:02:24Z</date>
			<key>Release Date</key><date>1983-06-17T07:00:00Z</date>
			<key>Loved</key><true/>
			<key>Artwork Count</key><integer>1</integer>
			<key>Sort Album</key><string>Synchronicity (Remastered 2003)</string>
			<key>Sort Album Artist</key><string>Police</string>
			<key>Sort Artist</key><string>Police</string>
			<key>Sort Name</key><string>Synchronicity II (Remastered 2003)</string>
			<key>Persistent ID</key><string>B22EA43D3CCECD67</string>
			<key>Track Type</key><string>Remote</string>
			<key>Apple Music</key><true/>
		</dict>
		<key>6293</key>
		<dict>
			<key>Track ID</key><integer>6293</integer>
			<key>Name</key><string>Because</string>
			<key>Artist</key><string>The Beatles</string>
			<key>Album Artist</key><string>The Beatles</string>
			<key>Composer</key><string>John Lennon</string>
			<key>Album</key><string>Abbey Road (Remastered)</string>
			<key>Genre</key><string>Music</string>
			<key>Kind</key><string>Apple Music AAC audio file</string>
			<key>Size</key><integer>6328251</integer>
			<key>Total Time</key><integer>165667</integer>
			<key>Disc Number</key><integer>1</integer>
			<key>Disc Count</key><integer>1</integer>
			<key>Track Number</key><integer>8</integer>
			<key>Track Count</key><integer>17</integer>
			<key>Year</key><integer>1969</integer>
			<key>Date Modified</key><date>2023-09-25T16:52:03Z</date>
			<key>Date Added</key><date>2023-09-25T16:52:03Z</date>
			<key>Bit Rate</key><integer>256</integer>
			<key>Sample Rate</key><integer>44100</integer>
			<key>Play Count</key><integer>1</integer>
			<key>Play Date</key><integer>3820401791</integer>
			<key>Play Date UTC</key><date>2025-01-22T21:43:11Z</date>
			<key>Release Date</key><date>1969-09-26T12:00:00Z</date>
			<key>Loved</key><true/>
			<key>Artwork Count</key><integer>1</integer>
			<key>Sort Album</key><string>Abbey Road (Remastered)</string>
			<key>Sort Album Artist</key><string>Beatles</string>
			<key>Sort Artist</key><string>Beatles</string>
			<key>Sort Name</key><string>Because</string>
			<key>Persistent ID</key><string>6A9082DEE3EBA90E</string>
			<key>Track Type</key><string>Remote</string>
			<key>Apple Music</key><true/>
		</dict>
		<key>6301</key>
		<dict>
			<key>Track ID</key><integer>6301</integer>
			<key>Name</key><string>Here Comes the Sun</string>
			<key>Artist</key><string>The Beatles</string>
			<key>Album Artist</key><string>The Beatles</string>
			<key>Composer</key><string>George Harrison</string>
			<key>Album</key><string>Abbey Road (Remastered)</string>
			<key>Genre</key><string>Music</string>
			<key>Kind</key><string>Apple Music AAC audio file</string>
			<key>Size</key><integer>7490491</integer>
			<key>Total Time</key><integer>185733</integer>
			<key>Disc Number</key><integer>1</integer>
			<key>Disc Count</key><integer>1</integer>
			<key>Track Number</key><integer>7</integer>
			<key>Track Count</key><integer>17</integer>
			<key>Year</key><integer>1969</integer>
			<key>Date Modified</key><date>2023-09-25T16:52:03Z</date>
			<key>Date Added</key><date>2023-09-25T16:52:03Z</date>
			<key>Bit Rate</key><integer>256</integer>
			<key>Sample Rate</key><integer>44100</integer>
			<key>Play Count</key><integer>2</integer>
			<key>Play Date</key><integer>3820401625</integer>
			<key>Play Date UTC</key><date>2025-01-22T21:40:25Z</date>
			<key>Release Date</key><date>1969-09-26T12:00:00Z</date>
			<key>Loved</key><true/>
			<key>Artwork Count</key><integer>1</integer>
			<key>Sort Album</key><string>Abbey Road (Remastered)</string>
			<key>Sort Album Artist</key><string>Beatles</string>
			<key>Sort Artist</key><string>Beatles</string>
			<key>Sort Name</key><string>Here Comes the Sun</string>
			<key>Persistent ID</key><string>B38D994B17B27BF9</string>
			<key>Track Type</key><string>Remote</string>
			<key>Apple Music</key><true/>
		</dict>
		<key>6303</key>
		<dict>
			<key>Track ID</key><integer>6303</integer>
			<key>Name</key><string>Octopus's Garden</string>
			<key>Artist</key><string>The Beatles</string>
			<key>Album Artist</key><string>The Beatles</string>
			<key>Composer</key><string>Richard Starkey</string>
			<key>Album</key><string>Abbey Road (Remastered)</string>
			<key>Genre</key><string>Music</string>
			<key>Kind</key><string>Apple Music AAC audio file</string>
			<key>Size</key><integer>6961613</integer>
			<key>Total Time</key><integer>170720</integer>
			<key>Disc Number</key><integer>1</integer>
			<key>Disc Count</key><integer>1</integer>
			<key>Track Number</key><integer>5</integer>
			<key>Track Count</key><integer>17</integer>
			<key>Year</key><integer>1969</integer>
			<key>Date Modified</key><date>2023-09-25T16:52:03Z</date>
			<key>Date Added</key><date>2023-09-25T16:52:03Z</date>
			<key>Bit Rate</key><integer>256</integer>
			<key>Sample Rate</key><integer>44100</integer>
			<key>Play Count</key><integer>1</integer>
			<key>Play Date</key><integer>3820400354</integer>
			<key>Play Date UTC</key><date>2025-01-22T21:19:14Z</date>
			<key>Release Date</key><date>1969-09-26T12:00:00Z</date>
			<key>Loved</key><true/>
			<key>Artwork Count</key><integer>1</integer>
			<key>Sort Album</key><string>Abbey Road (Remastered)</string>
			<key>Sort Album Artist</key><string>Beatles</string>
			<key>Sort Artist</key><string>Beatles</string>
			<key>Sort Name</key><string>Octopus's Garden</string>
			<key>Persistent ID</key><string>49DAD6E281987510</string>
			<key>Track Type</key><string>Remote</string>
			<key>Apple Music</key><true/>
		</dict>
		<key>6313</key>
		<dict>
			<key>Track ID</key><integer>6313</integer>
			<key>Name</key><string>Maxwell's Silver Hammer</string>
			<key>Artist</key><string>The Beatles</string>
			<key>Album Artist</key><string>The Beatles</string>
			<key>Composer</key><string>John Lennon &#38; Paul McCartney</string>
			<key>Album</key><string>Abbey Road (Remastered)</string>
			<key>Genre</key><string>Music</string>
			<key>Kind</key><string>Apple Music AAC audio file</string>
			<key>Size</key><integer>8173329</integer>
			<key>Total Time</key><integer>207920</integer>
			<key>Disc Number</key><integer>1</integer>
			<key>Disc Count</key><integer>1</integer>
			<key>Track Number</key><integer>3</integer>
			<key>Track Count</key><integer>17</integer>
			<key>Year</key><integer>1969</integer>
			<key>Date Modified</key><date>2023-09-25T16:52:03Z</date>
			<key>Date Added</key><date>2023-09-25T16:52:03Z</date>
			<key>Bit Rate</key><integer>256</integer>
			<key>Sample Rate</key><integer>44100</integer>
			<key>Play Count</key><integer>1</integer>
			<key>Play Date</key><integer>3820349041</integer>
			<key>Play Date UTC</key><date>2025-01-22T07:04:01Z</date>
			<key>Release Date</key><date>1969-09-26T12:00:00Z</date>
			<key>Loved</key><true/>
			<key>Artwork Count</key><integer>1</integer>
			<key>Sort Album</key><string>Abbey Road (Remastered)</string>
			<key>Sort Album Artist</key><string>Beatles</string>
			<key>Sort Artist</key><string>Beatles</string>
			<key>Sort Name</key><string>Maxwell's Silver Hammer</string>
			<key>Persistent ID</key><string>D47DEF7955CB1C7D</string>
			<key>Track Type</key><string>Remote</string>
			<key>Apple Music</key><true/>
		</dict>
		<key>6317</key>
		<dict>
			<key>Track ID</key><integer>6317</integer>
			<key>Name</key><string>Oh! Darling</string>
			<key>Artist</key><string>The Beatles</string>
			<key>Album Artist</key><string>The Beatles</string>
			<key>Composer</key><string>Paul McCartney &#38; John Lennon</string>
			<key>Album</key><string>Abbey Road (Remastered)</string>
			<key>Genre</key><string>Music</string>
			<key>Kind</key><string>Apple Music AAC audio file</string>
			<key>Size</key><integer>8008009</integer>
			<key>Total Time</key><integer>207240</integer>
			<key>Disc Number</key><integer>1</integer>
			<key>Disc Count</key><integer>1</integer>
			<key>Track Number</key><integer>4</integer>
			<key>Track Count</key><integer>17</integer>
			<key>Year</key><integer>1969</integer>
			<key>Date Modified</key><date>2023-09-25T16:52:03Z</date>
			<key>Date Added</key><date>2023-09-25T16:52:03Z</date>
			<key>Bit Rate</key><integer>256</integer>
			<key>Sample Rate</key><integer>44100</integer>
			<key>Play Count</key><integer>3</integer>
			<key>Play Date</key><integer>3822474818</integer>
			<key>Play Date UTC</key><date>2025-02-15T21:33:38Z</date>
			<key>Release Date</key><date>1969-09-26T12:00:00Z</date>
			<key>Loved</key><true/>
			<key>Artwork Count</key><integer>1</integer>
			<key>Sort Album</key><string>Abbey Road (Remastered)</string>
			<key>Sort Album Artist</key><string>Beatles</string>
			<key>Sort Artist</key><string>Beatles</string>
			<key>Sort Name</key><string>Oh! Darling</string>
			<key>Persistent ID</key><string>550C26734CC66294</string>
			<key>Track Type</key><string>Remote</string>
			<key>Apple Music</key><true/>
		</dict>
		<key>6321</key>
		<dict>
			<key>Track ID</key><integer>6321</integer>
			<key>Name</key><string>Bistro</string>
			<key>Artist</key><string>Madvillain</string>
			<key>Album Artist</key><string>Madvillain</string>
			<key>Composer</key><string>Otis Jackson Jr &#38; Daniel Dumile Thompson</string>
			<key>Album</key><string>Madvillainy</string>
			<key>Genre</key><string>Music</string>
			<key>Kind</key><string>Apple Music AAC audio file</string>
			<key>Size</key><integer>2802126</integer>
			<key>Total Time</key><integer>67520</integer>
			<key>Disc Number</key><integer>1</integer>
			<key>Disc Count</key><integer>1</integer>
			<key>Track Number</key><integer>4</integer>
			<key>Track Count</key><integer>22</integer>
			<key>Year</key><integer>2004</integer>
			<key>Date Modified</key><date>2023-09-25T16:52:03Z</date>
			<key>Date Added</key><date>2023-09-25T16:52:03Z</date>
			<key>Bit Rate</key><integer>256</integer>
			<key>Sample Rate</key><integer>44100</integer>
			<key>Play Count</key><integer>13</integer>
			<key>Play Date</key><integer>3833658999</integer>
			<key>Play Date UTC</key><date>2025-06-25T07:16:39Z</date>
			<key>Release Date</key><date>2004-03-23T08:00:00Z</date>
			<key>Loved</key><true/>
			<key>Artwork Count</key><integer>1</integer>
			<key>Sort Album</key><string>Madvillainy</string>
			<key>Sort Artist</key><string>Madvillain</string>
			<key>Sort Name</key><string>Bistro</string>
			<key>Persistent ID</key><string>6D8ADE95BC7930B0</string>
			<key>Track Type</key><string>Remote</string>
			<key>Apple Music</key><true/>
		</dict>
		<key>6323</key>
		<dict>
			<key>Track ID</key><integer>6323</integer>
			<key>Name</key><string>She Came In Through the Bathroom Window</string>
			<key>Artist</key><string>The Beatles</string>
			<key>Album Artist</key><string>The Beatles</string>
			<key>Composer</key><string>John Lennon &#38; Paul McCartney</string>
			<key>Album</key><string>Abbey Road (Remastered)</string>
			<key>Genre</key><string>Music</string>
			<key>Kind</key><string>Apple Music AAC audio file</string>
			<key>Size</key><integer>4842428</integer>
			<key>Total Time</key><integer>118627</integer>
			<key>Disc Number</key><integer>1</integer>
			<key>Disc Count</key><integer>1</integer>
			<key>Track Number</key><integer>13</integer>
			<key>Track Count</key><integer>17</integer>
			<key>Year</key><integer>1969</integer>
			<key>Date Modified</key><date>2023-09-25T16:52:03Z</date>
			<key>Date Added</key><date>2023-09-25T16:52:03Z</date>
			<key>Bit Rate</key><integer>256</integer>
			<key>Sample Rate</key><integer>44100</integer>
			<key>Play Count</key><integer>1</integer>
			<key>Play Date</key><integer>3820402438</integer>
			<key>Play Date UTC</key><date>2025-01-22T21:53:58Z</date>
			<key>Release Date</key><date>1969-09-26T12:00:00Z</date>
			<key>Loved</key><true/>
			<key>Artwork Count</key><integer>1</integer>
			<key>Sort Album</key><string>Abbey Road (Remastered)</string>
			<key>Sort Album Artist</key><string>Beatles</string>
			<key>Sort Artist</key><string>Beatles</string>
			<key>Sort Name</key><string>She Came In Through the Bathroom Window</string>
			<key>Persistent ID</key><string>5EEE9EB9B27E7CAF</string>
			<key>Track Type</key><string>Remote</string>
			<key>Apple Music</key><true/>
		</dict>
		<key>6325</key>
		<dict>
			<key>Track ID</key><integer>6325</integer>
			<key>Name</key><string>Meat Grinder</string>
			<key>Artist</key><string>Madvillain</string>
			<key>Album Artist</key><string>Madvillain</string>
			<key>Composer</key><string>Otis Jackson Jr &#38; Daniel Dumile Thompson</string>
			<key>Album</key><string>Madvillainy</string>
			<key>Genre</key><string>Music</string>
			<key>Kind</key><string>Apple Music AAC audio file</string>
			<key>Size</key><integer>5011596</integer>
			<key>Total Time</key><integer>131867</integer>
			<key>Disc Number</key><integer>1</integer>
			<key>Disc Count</key><integer>1</integer>
			<key>Track Number</key><integer>3</integer>
			<key>Track Count</key><integer>22</integer>
			<key>Year</key><integer>2004</integer>
			<key>Date Modified</key><date>2023-09-25T16:52:03Z</date>
			<key>Date Added</key><date>2023-09-25T16:52:03Z</date>
			<key>Bit Rate</key><integer>256</integer>
			<key>Sample Rate</key><integer>44100</integer>
			<key>Play Count</key><integer>11</integer>
			<key>Play Date</key><integer>3833658757</integer>
			<key>Play Date UTC</key><date>2025-06-25T07:12:37Z</date>
			<key>Release Date</key><date>2004-03-23T08:00:00Z</date>
			<key>Loved</key><true/>
			<key>Artwork Count</key><integer>1</integer>
			<key>Sort Album</key><string>Madvillainy</string>
			<key>Sort Artist</key><string>Madvillain</string>
			<key>Sort Name</key><string>Meat Grinder</string>
			<key>Persistent ID</key><string>35F217272B7AAE23</string>
			<key>Explicit</key><true/>
			<key>Track Type</key><string>Remote</string>
			<key>Apple Music</key><true/>
		</dict>
		<key>6327</key>
		<dict>
			<key>Track ID</key><integer>6327</integer>
			<key>Name</key><string>Polythene Pam</string>
			<key>Artist</key><string>The Beatles</string>
			<key>Album Artist</key><string>The Beatles</string>
			<key>Composer</key><string>John Lennon &#38; Paul McCartney</string>
			<key>Album</key><string>Abbey Road (Remastered)</string>
			<key>Genre</key><string>Music</string>
			<key>Kind</key><string>Apple Music AAC audio file</string>
			<key>Size</key><integer>3219727</integer>
			<key>Total Time</key><integer>72640</integer>
			<key>Disc Number</key><integer>1</integer>
			<key>Disc Count</key><integer>1</integer>
			<key>Track Number</key><integer>12</integer>
			<key>Track Count</key><integer>17</integer>
			<key>Year</key><integer>1969</integer>
			<key>Date Modified</key><date>2023-09-25T16:52:03Z</date>
			<key>Date Added</key><date>2023-09-25T16:52:03Z</date>
			<key>Bit Rate</key><integer>256</integer>
			<key>Sample Rate</key><integer>44100</integer>
			<key>Play Count</key><integer>1</integer>
			<key>Play Date</key><integer>3820402319</integer>
			<key>Play Date UTC</key><date>2025-01-22T21:51:59Z</date>
			<key>Release Date</key><date>1969-09-26T12:00:00Z</date>
			<key>Loved</key><true/>
			<key>Artwork Count</key><integer>1</integer>
			<key>Sort Album</key><string>Abbey Road (Remastered)</string>
			<key>Sort Album Artist</key><string>Beatles</string>
			<key>Sort Artist</key><string>Beatles</string>
			<key>Sort Name</key><string>Polythene Pam</string>
			<key>Persistent ID</key><string>79E851DFB4C16D6C</string>
			<key>Track Type</key><string>Remote</string>
			<key>Apple Music</key><true/>
		</dict>
		<key>6331</key>
		<dict>
			<key>Track ID</key><integer>6331</integer>
			<key>Name</key><string>Raid (feat. MED)</string>
			<key>Artist</key><string>Madvillain</string>
			<key>Album Artist</key><string>Madvillain</string>
			<key>Composer</key><string>Otis Jackson Jr &#38; Daniel Dumile Thompson</string>
			<key>Album</key><string>Madvillainy</string>
			<key>Genre</key><string>Music</string>
			<key>Kind</key><string>Apple Music AAC audio file</string>
			<key>Size</key><integer>5592510</integer>
			<key>Total Time</key><integer>150520</integer>
			<key>Disc Number</key><integer>1</integer>
			<key>Disc Count</key><integer>1</integer>
			<key>Track Number</key><integer>5</integer>
			<key>Track Count</key><integer>22</integer>
			<key>Year</key><integer>2004</integer>
			<key>Date Modified</key><date>2023-09-25T16:52:03Z</date>
			<key>Date Added</key><date>2023-09-25T16:52:03Z</date>
			<key>Bit Rate</key><integer>256</integer>
			<key>Sample Rate</key><integer>44100</integer>
			<key>Play Count</key><integer>11</integer>
			<key>Play Date</key><integer>3833686465</integer>
			<key>Play Date UTC</key><date>2025-06-25T14:54:25Z</date>
			<key>Skip Count</key><integer>2</integer>
			<key>Skip Date</key><date>2025-06-25T07:12:58Z</date>
			<key>Release Date</key><date>2004-03-23T08:00:00Z</date>
			<key>Loved</key><true/>
			<key>Artwork Count</key><integer>1</integer>
			<key>Sort Album</key><string>Madvillainy</string>
			<key>Sort Artist</key><string>Madvillain</string>
			<key>Sort Name</key><string>Raid (feat. MED)</string>
			<key>Persistent ID</key><string>EE3F209C768A74F7</string>
			<key>Explicit</key><true/>
			<key>Track Type</key><string>Remote</string>
			<key>Apple Music</key><true/>
		</dict>
		<key>6335</key>
		<dict>
			<key>Track ID</key><integer>6335</integer>
			<key>Name</key><string>Sun King</string>
			<key>Artist</key><string>The Beatles</string>
			<key>Album Artist</key><string>The Beatles</string>
			<key>Composer</key><string>Paul McCartney &#38; John Lennon</string>
			<key>Album</key><string>Abbey Road (Remastered)</string>
			<key>Genre</key><string>Music</string>
			<key>Kind</key><string>Apple Music AAC audio file</string>
			<key>Size</key><integer>5904232</integer>
			<key>Total Time</key><integer>146267</integer>
			<key>Disc Number</key><integer>1</integer>
			<key>Disc Count</key><integer>1</integer>
			<key>Track Number</key><integer>10</integer>
			<key>Track Count</key><integer>17</integer>
			<key>Year</key><integer>1969</integer>
			<key>Date Modified</key><date>2023-09-25T16:52:03Z</date>
			<key>Date Added</key><date>2023-09-25T16:52:03Z</date>
			<key>Bit Rate</key><integer>256</integer>
			<key>Sample Rate</key><integer>44100</integer>
			<key>Play Count</key><integer>1</integer>
			<key>Play Date</key><integer>3820402180</integer>
			<key>Play Date UTC</key><date>2025-01-22T21:49:40Z</date>
			<key>Release Date</key><date>1969-09-26T12:00:00Z</date>
			<key>Loved</key><true/>
			<key>Artwork Count</key><integer>1</integer>
			<key>Sort Album</key><string>Abbey Road (Remastered)</string>
			<key>Sort Album Artist</key><string>Beatles</string>
			<key>Sort Artist</key><string>Beatles</string>
			<key>Sort Name</key><string>Sun King</string>
			<key>Persistent ID</key><string>B4404600152A7429</string>
			<key>Track Type</key><string>Remote</string>
			<key>Apple Music</key><true/>
		</dict>
		<key>6341</key>
		<dict>
			<key>Track ID</key><integer>6341</integer>
			<key>Name</key><string>Sickfit (Instrumental)</string>
			<key>Artist</key><string>Madvillain</string>
			<key>Album Artist</key><string>Madvillain</string>
			<key>Composer</key><string>Otis Jackson Jr &#38; Daniel Dumile Thompson</string>
			<key>Album</key><string>Madvillainy</string>
			<key>Genre</key><string>Music</string>
			<key>Kind</key><string>Apple Music AAC audio file</string>
			<key>Size</key><integer>3375935</integer>
			<key>Total Time</key><integer>81880</integer>
			<key>Disc Number</key><integer>1</integer>
			<key>Disc Count</key><integer>1</integer>
			<key>Track Number</key><integer>7</integer>
			<key>Track Count</key><integer>22</integer>
			<key>Year</key><integer>2004</integer>
			<key>Date Modified</key><date>2023-09-25T16:52:03Z</date>
			<key>Date Added</key><date>2023-09-25T16:52:03Z</date>
			<key>Bit Rate</key><integer>256</integer>
			<key>Sample Rate</key><integer>44100</integer>
			<key>Play Count</key><integer>11</integer>
			<key>Play Date</key><integer>3833658813</integer>
			<key>Play Date UTC</key><date>2025-06-25T07:13:33Z</date>
			<key>Release Date</key><date>2004-03-23T08:00:00Z</date>
			<key>Loved</key><true/>
			<key>Artwork Count</key><integer>1</integer>
			<key>Sort Album</key><string>Madvillainy</string>
			<key>Sort Artist</key><string>Madvillain</string>
			<key>Sort Name</key><string>Sickfit (Instrumental)</string>
			<key>Persistent ID</key><string>22D234D0AB1E26B1</string>
			<key>Track Type</key><string>Remote</string>
			<key>Apple Music</key><true/>
		</dict>
		<key>6343</key>
		<dict>
			<key>Track ID</key><integer>6343</integer>
			<key>Name</key><string>You Never Give Me Your Money</string>
			<key>Artist</key><string>The Beatles</string>
			<key>Album Artist</key><string>The Beatles</string>
			<key>Composer</key><string>Paul McCartney &#38; John Lennon</string>
			<key>Album</key><string>Abbey Road (Remastered)</string>
			<key>Genre</key><string>Music</string>
			<key>Kind</key><string>Apple Music AAC audio file</string>
			<key>Size</key><integer>9553726</integer>
			<key>Total Time</key><integer>242973</integer>
			<key>Disc Number</key><integer>1</integer>
			<key>Disc Count</key><integer>1</integer>
			<key>Track Number</key><integer>9</integer>
			<key>Track Count</key><integer>17</integer>
			<key>Year</key><integer>1969</integer>
			<key>Date Modified</key><date>2023-09-25T16:52:03Z</date>
			<key>Date Added</key><date>2023-09-25T16:52:03Z</date>
			<key>Bit Rate</key><integer>256</integer>
			<key>Sample Rate</key><integer>44100</integer>
			<key>Play Count</key><integer>1</integer>
			<key>Play Date</key><integer>3820402034</integer>
			<key>Play Date UTC</key><date>2025-01-22T21:47:14Z</date>
			<key>Release Date</key><date>1969-09-26T12:00:00Z</date>
			<key>Loved</key><true/>
			<key>Artwork Count</key><integer>1</integer>
			<key>Sort Album</key><string>Abbey Road (Remastered)</string>
			<key>Sort Album Artist</key><string>Beatles</string>
			<key>Sort Artist</key><string>Beatles</string>
			<key>Sort Name</key><string>You Never Give Me Your Money</string>
			<key>Persistent ID</key><string>85F3A7EF6C4CD740</string>
			<key>Track Type</key><string>Remote</string>
			<key>Apple Music</key><true/>
		</dict>
		<key>6355</key>
		<dict>
			<key>Track ID</key><integer>6355</integer>
			<key>Name</key><string>See You Again (feat. Kali Uchis)</string>
			<key>Artist</key><string>Tyler, The Creator</string>
			<key>Album Artist</key><string>Tyler, The Creator</string>
			<key>Composer</key><string>Tyler Okonma</string>
			<key>Album</key><string>Flower Boy</string>
			<key>Genre</key><string>Music</string>
			<key>Kind</key><string>Apple Music AAC audio file</string>
			<key>Size</key><integer>6779173</integer>
			<key>Total Time</key><integer>180384</integer>
			<key>Disc Number</key><integer>1</integer>
			<key>Disc Count</key><integer>1</integer>
			<key>Track Number</key><integer>4</integer>
			<key>Track Count</key><integer>14</integer>
			<key>Year</key><integer>2017</integer>
			<key>Date Modified</key><date>2023-09-25T16:52:03Z</date>
			<key>Date Added</key><date>2023-09-25T16:52:03Z</date>
			<key>Bit Rate</key><integer>256</integer>
			<key>Sample Rate</key><integer>44100</integer>
			<key>Play Count</key><integer>2</integer>
			<key>Play Date</key><integer>3796634402</integer>
			<key>Play Date UTC</key><date>2024-04-22T18:40:02Z</date>
			<key>Release Date</key><date>2017-07-21T12:00:00Z</date>
			<key>Loved</key><true/>
			<key>Artwork Count</key><integer>1</integer>
			<key>Sort Album</key><string>Flower Boy</string>
			<key>Sort Artist</key><string>Tyler, The Creator</string>
			<key>Sort Name</key><string>See You Again (feat. Kali Uchis)</string>
			<key>Persistent ID</key><string>45A175F52657169D</string>
			<key>Explicit</key><true/>
			<key>Track Type</key><string>Remote</string>
			<key>Apple Music</key><true/>
		</dict>
		<key>6359</key>
		<dict>
			<key>Track ID</key><integer>6359</integer>
			<key>Name</key><string>The End</string>
			<key>Artist</key><string>The Beatles</string>
			<key>Album Artist</key><string>The Beatles</string>
			<key>Composer</key><string>Paul McCartney, John Lennon, Richard Starkey &#38; George Harrison</string>
			<key>Album</key><string>Abbey Road (Remastered)</string>
			<key>Genre</key><string>Music</string>
			<key>Kind</key><string>Apple Music AAC audio file</string>
			<key>Size</key><integer>5467255</integer>
			<key>Total Time</key><integer>141613</integer>
			<key>Disc Number</key><integer>1</integer>
			<key>Disc Count</key><integer>1</integer>
			<key>Track Number</key><integer>16</integer>
			<key>Track Count</key><integer>17</integer>
			<key>Year</key><integer>1969</integer>
			<key>Date Modified</key><date>2023-09-25T16:52:03Z</date>
			<key>Date Added</key><date>2023-09-25T16:52:03Z</date>
			<key>Bit Rate</key><integer>256</integer>
			<key>Sample Rate</key><integer>44100</integer>
			<key>Play Count</key><integer>1</integer>
			<key>Play Date</key><integer>3820402767</integer>
			<key>Play Date UTC</key><date>2025-01-22T21:59:27Z</date>
			<key>Release Date</key><date>1969-09-26T12:00:00Z</date>
			<key>Loved</key><true/>
			<key>Artwork Count</key><integer>1</integer>
			<key>Sort Album</key><string>Abbey Road (Remastered)</string>
			<key>Sort Album Artist</key><string>Beatles</string>
			<key>Sort Artist</key><string>Beatles</string>
			<key>Sort Name</key><string>End</string>
			<key>Persistent ID</key><string>6F414B0F1443181C</string>
			<key>Track Type</key><string>Remote</string>
			<key>Apple Music</key><true/>
		</dict>
		<key>6363</key>
		<dict>
			<key>Track ID</key><integer>6363</integer>
			<key>Name</key><string>Her Majesty</string>
			<key>Artist</key><string>The Beatles</string>
			<key>Album Artist</key><string>The Beatles</string>
			<key>Composer</key><string>Paul McCartney &#38; John Lennon</string>
			<key>Album</key><string>Abbey Road (Remastered)</string>
			<key>Genre</key><string>Music</string>
			<key>Kind</key><string>Apple Music AAC audio file</string>
			<key>Size</key><integer>1398947</integer>
			<key>Total Time</key><integer>23982</integer>
			<key>Disc Number</key><integer>1</integer>
			<key>Disc Count</key><integer>1</integer>
			<key>Track Number</key><integer>17</integer>
			<key>Track Count</key><integer>17</integer>
			<key>Year</key><integer>1969</integer>
			<key>Date Modified</key><date>2023-09-25T16:52:03Z</date>
			<key>Date Added</key><date>2023-09-25T16:52:03Z</date>
			<key>Bit Rate</key><integer>256</integer>
			<key>Sample Rate</key><integer>44100</integer>
			<key>Play Count</key><integer>1</integer>
			<key>Play Date</key><integer>3820402791</integer>
			<key>Play Date UTC</key><date>2025-01-22T21:59:51Z</date>
			<key>Release Date</key><date>1969-09-26T12:00:00Z</date>
			<key>Loved</key><true/>
			<key>Artwork Count</key><integer>1</integer>
			<key>Sort Album</key><string>Abbey Road (Remastered)</string>
			<key>Sort Album Artist</key><string>Beatles</string>
			<key>Sort Artist</key><string>Beatles</string>
			<key>Sort Name</key><string>Her Majesty</string>
			<key>Persistent ID</key><string>EC9AFBEC265B0783</string>
			<key>Track Type</key><string>Remote</string>
			<key>Apple Music</key><true/>
		</dict>
		<key>6365</key>
		<dict>
			<key>Track ID</key><integer>6365</integer>
			<key>Name</key><string>Golden Slumbers</string>
			<key>Artist</key><string>The Beatles</string>
			<key>Album Artist</key><string>The Beatles</string>
			<key>Composer</key><string>John Lennon &#38; Paul McCartney</string>
			<key>Album</key><string>Abbey Road (Remastered)</string>
			<key>Genre</key><string>Music</string>
			<key>Kind</key><string>Apple Music AAC audio file</string>
			<key>Size</key><integer>3889459</integer>
			<key>Total Time</key><integer>91760</integer>
			<key>Disc Number</key><integer>1</integer>
			<key>Disc Count</key><integer>1</integer>
			<key>Track Number</key><integer>14</integer>
			<key>Track Count</key><integer>17</integer>
			<key>Year</key><integer>1969</integer>
			<key>Date Modified</key><date>2023-09-25T16:52:03Z</date>
			<key>Date Added</key><date>2023-09-25T16:52:03Z</date>
			<key>Bit Rate</key><integer>256</integer>
			<key>Sample Rate</key><integer>44100</integer>
			<key>Play Count</key><integer>1</integer>
			<key>Play Date</key><integer>3820402529</integer>
			<key>Play Date UTC</key><date>2025-01-22T21:55:29Z</date>
			<key>Skip Count</key><integer>2</integer>
			<key>Skip Date</key><date>2025-01-21T15:58:59Z</date>
			<key>Release Date</key><date>1969-09-26T12:00:00Z</date>
			<key>Loved</key><true/>
			<key>Artwork Count</key><integer>1</integer>
			<key>Sort Album</key><string>Abbey Road (Remastered)</string>
			<key>Sort Album Artist</key><string>Beatles</string>
			<key>Sort Artist</key><string>Beatles</string>
			<key>Sort Name</key><string>Golden Slumbers</string>
			<key>Persistent ID</key><string>ABF2360559896C87</string>
			<key>Track Type</key><string>Remote</string>
			<key>Apple Music</key><true/>
		</dict>
		<key>6369</key>
		<dict>
			<key>Track ID</key><integer>6369</integer>
			<key>Name</key><string>Carry That Weight</string>
			<key>Artist</key><string>The Beatles</string>
			<key>Album Artist</key><string>The Beatles</string>
			<key>Composer</key><string>John Lennon &#38; Paul McCartney</string>
			<key>Album</key><string>Abbey Road (Remastered)</string>
			<key>Genre</key><string>Music</string>
			<key>Kind</key><string>Apple Music AAC audio file</string>
			<key>Size</key><integer>4095601</integer>
			<key>Total Time</key><integer>96467</integer>
			<key>Disc Number</key><integer>1</integer>
			<key>Disc Count</key><integer>1</integer>
			<key>Track Number</key><integer>15</integer>
			<key>Track Count</key><integer>17</integer>
			<key>Year</key><integer>1969</integer>
			<key>Date Modified</key><date>2023-09-25T16:52:03Z</date>
			<key>Date Added</key><date>2023-09-25T16:52:03Z</date>
			<key>Bit Rate</key><integer>256</integer>
			<key>Sample Rate</key><integer>44100</integer>
			<key>Play Count</key><integer>1</integer>
			<key>Play Date</key><integer>3820402626</integer>
			<key>Play Date UTC</key><date>2025-01-22T21:57:06Z</date>
			<key>Release Date</key><date>1969-09-26T12:00:00Z</date>
			<key>Loved</key><true/>
			<key>Artwork Count</key><integer>1</integer>
			<key>Sort Album</key><string>Abbey Road (Remastered)</string>
			<key>Sort Album Artist</key><string>Beatles</string>
			<key>Sort Artist</key><string>Beatles</string>
			<key>Sort Name</key><string>Carry That Weight</string>
			<key>Persistent ID</key><string>36AE021651E73A37</string>
			<key>Track Type</key><string>Remote</string>
			<key>Apple Music</key><true/>
		</dict>
		<key>6389</key>
		<dict>
			<key>Track ID</key><integer>6389</integer>
			<key>Name</key><string>Morning Bell</string>
			<key>Artist</key><string>Radiohead</string>
			<key>Album Artist</key><string>Radiohead</string>
			<key>Composer</key><string>Colin Greenwood, Ed O'Brien, Jonny Greenwood, Phil Selway &#38; Thom Yorke</string>
			<key>Album</key><string>Kid A</string>
			<key>Genre</key><string>Music</string>
			<key>Kind</key><string>Apple Music AAC audio file</string>
			<key>Size</key><integer>10153005</integer>
			<key>Total Time</key><integer>275800</integer>
			<key>Disc Number</key><integer>1</integer>
			<key>Disc Count</key><integer>1</integer>
			<key>Track Number</key><integer>9</integer>
			<key>Track Count</key><integer>11</integer>
			<key>Year</key><integer>2000</integer>
			<key>Date Modified</key><date>2023-09-25T16:52:03Z</date>
			<key>Date Added</key><date>2023-09-25T16:52:03Z</date>
			<key>Bit Rate</key><integer>256</integer>
			<key>Sample Rate</key><integer>44100</integer>
			<key>Play Count</key><integer>2</integer>
			<key>Play Date</key><integer>3826954563</integer>
			<key>Play Date UTC</key><date>2025-04-08T16:56:03Z</date>
			<key>Release Date</key><date>2000-10-02T07:00:00Z</date>
			<key>Loved</key><true/>
			<key>Artwork Count</key><integer>1</integer>
			<key>Sort Album</key><string>Kid A</string>
			<key>Sort Artist</key><string>Radiohead</string>
			<key>Sort Name</key><string>Morning Bell</string>
			<key>Persistent ID</key><string>E5B31391F0CF0D32</string>
			<key>Track Type</key><string>Remote</string>
			<key>Apple Music</key><true/>
		</dict>
		<key>6393</key>
		<dict>
			<key>Track ID</key><integer>6393</integer>
			<key>Name</key><string>WHAT'S GOOD</string>
			<key>Artist</key><string>Tyler, The Creator</string>
			<key>Album Artist</key><string>Tyler, The Creator</string>
			<key>Composer</key><string>Tyler Okonma</string>
			<key>Album</key><string>IGOR</string>
			<key>Genre</key><string>Music</string>
			<key>Kind</key><string>Apple Music AAC audio file</string>
			<key>Size</key><integer>7360960</integer>
			<key>Total Time</key><integer>205637</integer>
			<key>Disc Number</key><integer>1</integer>
			<key>Disc Count</key><integer>1</integer>
			<key>Track Number</key><integer>9</integer>
			<key>Track Count</key><integer>12</integer>
			<key>Year</key><integer>2019</integer>
			<key>Date Modified</key><date>2023-09-25T16:52:03Z</date>
			<key>Date Added</key><date>2023-09-25T16:52:03Z</date>
			<key>Bit Rate</key><integer>256</integer>
			<key>Sample Rate</key><integer>44100</integer>
			<key>Comments</key><string>Orange</string>
			<key>Play Count</key><integer>2</integer>
			<key>Play Date</key><integer>3824096896</integer>
			<key>Play Date UTC</key><date>2025-03-06T16:08:16Z</date>
			<key>Skip Count</key><integer>1</integer>
			<key>Skip Date</key><date>2025-01-08T21:39:39Z</date>
			<key>Release Date</key><date>2019-05-16T07:00:00Z</date>
			<key>Loved</key><true/>
			<key>Artwork Count</key><integer>1</integer>
			<key>Sort Album</key><string>IGOR</string>
			<key>Sort Artist</key><string>Tyler, The Creator</string>
			<key>Sort Name</key><string>WHAT'S GOOD</string>
			<key>Persistent ID</key><string>E623BD26B6A28DBD</string>
			<key>Explicit</key><true/>
			<key>Track Type</key><string>Remote</string>
			<key>Apple Music</key><true/>
		</dict>
		<key>6395</key>
		<dict>
			<key>Track ID</key><integer>6395</integer>
			<key>Name</key><string>Motion Picture Soundtrack</string>
			<key>Artist</key><string>Radiohead</string>
			<key>Album Artist</key><string>Radiohead</string>
			<key>Composer</key><string>Colin Greenwood, Ed O'Brien, Jonny Greenwood, Phil Selway &#38; Thom Yorke</string>
			<key>Album</key><string>Kid A</string>
			<key>Genre</key><string>Music</string>
			<key>Kind</key><string>Apple Music AAC audio file</string>
			<key>Size</key><integer>7994794</integer>
			<key>Total Time</key><integer>200483</integer>
			<key>Disc Number</key><integer>1</integer>
			<key>Disc Count</key><integer>1</integer>
			<key>Track Number</key><integer>10</integer>
			<key>Track Count</key><integer>11</integer>
			<key>Year</key><integer>2000</integer>
			<key>Date Modified</key><date>2023-09-25T16:52:03Z</date>
			<key>Date Added</key><date>2023-09-25T16:52:03Z</date>
			<key>Bit Rate</key><integer>256</integer>
			<key>Sample Rate</key><integer>44100</integer>
			<key>Play Count</key><integer>2</integer>
			<key>Play Date</key><integer>3826954764</integer>
			<key>Play Date UTC</key><date>2025-04-08T16:59:24Z</date>
			<key>Release Date</key><date>2000-10-02T07:00:00Z</date>
			<key>Loved</key><true/>
			<key>Artwork Count</key><integer>1</integer>
			<key>Sort Album</key><string>Kid A</string>
			<key>Sort Artist</key><string>Radiohead</string>
			<key>Sort Name</key><string>Motion Picture Soundtrack</string>
			<key>Persistent ID</key><string>5487C454324B7ACC</string>
			<key>Track Type</key><string>Remote</string>
			<key>Apple Music</key><true/>
		</dict>
		<key>6411</key>
		<dict>
			<key>Track ID</key><integer>6411</integer>
			<key>Name</key><string>PUPPET</string>
			<key>Artist</key><string>Tyler, The Creator</string>
			<key>Album Artist</key><string>Tyler, The Creator</string>
			<key>Composer</key><string>Tyler Okonma, Kanye West, David Smith &#38; Mick Ware</string>
			<key>Album</key><string>IGOR</string>
			<key>Genre</key><string>Music</string>
			<key>Kind</key><string>Apple Music AAC audio file</string>
			<key>Size</key><integer>6566031</integer>
			<key>Total Time</key><integer>179003</integer>
			<key>Disc Number</key><integer>1</integer>
			<key>Disc Count</key><integer>1</integer>
			<key>Track Number</key><integer>8</integer>
			<key>Track Count</key><integer>12</integer>
			<key>Year</key><integer>2019</integer>
			<key>Date Modified</key><date>2023-09-25T16:52:03Z</date>
			<key>Date Added</key><date>2023-09-25T16:52:03Z</date>
			<key>Bit Rate</key><integer>256</integer>
			<key>Sample Rate</key><integer>44100</integer>
			<key>Play Count</key><integer>3</integer>
			<key>Play Date</key><integer>3824096691</integer>
			<key>Play Date UTC</key><date>2025-03-06T16:04:51Z</date>
			<key>Release Date</key><date>2019-05-16T07:00:00Z</date>
			<key>Loved</key><true/>
			<key>Artwork Count</key><integer>1</integer>
			<key>Sort Album</key><string>IGOR</string>
			<key>Sort Artist</key><string>Tyler, The Creator</string>
			<key>Sort Name</key><string>PUPPET</string>
			<key>Persistent ID</key><string>6BA2132D37EDE32A</string>
			<key>Explicit</key><true/>
			<key>Track Type</key><string>Remote</string>
			<key>Apple Music</key><true/>
		</dict>
		<key>6425</key>
		<dict>
			<key>Track ID</key><integer>6425</integer>
			<key>Name</key><string>NEW MAGIC WAND</string>
			<key>Artist</key><string>Tyler, The Creator</string>
			<key>Album Artist</key><string>Tyler, The Creator</string>
			<key>Composer</key><string>Tyler Okonma</string>
			<key>Album</key><string>IGOR</string>
			<key>Genre</key><string>Music</string>
			<key>Kind</key><string>Apple Music AAC audio file</string>
			<key>Size</key><integer>7741659</integer>
			<key>Total Time</key><integer>195327</integer>
			<key>Disc Number</key><integer>1</integer>
			<key>Disc Count</key><integer>1</integer>
			<key>Track Number</key><integer>6</integer>
			<key>Track Count</key><integer>12</integer>
			<key>Year</key><integer>2019</integer>
			<key>Date Modified</key><date>2023-09-25T16:52:03Z</date>
			<key>Date Added</key><date>2023-09-25T16:52:03Z</date>
			<key>Bit Rate</key><integer>256</integer>
			<key>Sample Rate</key><integer>44100</integer>
			<key>Play Count</key><integer>4</integer>
			<key>Play Date</key><integer>3824096301</integer>
			<key>Play Date UTC</key><date>2025-03-06T15:58:21Z</date>
			<key>Skip Count</key><integer>1</integer>
			<key>Skip Date</key><date>2025-01-08T21:39:34Z</date>
			<key>Release Date</key><date>2019-05-16T07:00:00Z</date>
			<key>Loved</key><true/>
			<key>Artwork Count</key><integer>1</integer>
			<key>Sort Album</key><string>IGOR</string>
			<key>Sort Artist</key><string>Tyler, The Creator</string>
			<key>Sort Name</key><string>NEW MAGIC WAND</string>
			<key>Persistent ID</key><string>EDB616A491CEE9CA</string>
			<key>Explicit</key><true/>
			<key>Track Type</key><string>Remote</string>
			<key>Apple Music</key><true/>
		</dict>
		<key>6431</key>
		<dict>
			<key>Track ID</key><integer>6431</integer>
			<key>Name</key><string>A BOY IS A GUN</string>
			<key>Artist</key><string>Tyler, The Creator</string>
			<key>Album Artist</key><string>Tyler, The Creator</string>
			<key>Composer</key><string>Tyler Okonma, Bobby Dukes, Bobby Massey &#38; Lester Allen Mckenzie</string>
			<key>Album</key><string>IGOR</string>
			<key>Genre</key><string>Music</string>
			<key>Kind</key><string>Apple Music AAC audio file</string>
			<key>Size</key><integer>7513945</integer>
			<key>Total Time</key><integer>210253</integer>
			<key>Disc Number</key><integer>1</integer>
			<key>Disc Count</key><integer>1</integer>
			<key>Track Number</key><integer>7</integer>
			<key>Track Count</key><integer>12</integer>
			<key>Year</key><integer>2019</integer>
			<key>Date Modified</key><date>2023-09-25T16:52:03Z</date>
			<key>Date Added</key><date>2023-09-25T16:52:03Z</date>
			<key>Bit Rate</key><integer>256</integer>
			<key>Sample Rate</key><integer>44100</integer>
			<key>Play Count</key><integer>3</integer>
			<key>Play Date</key><integer>3824096512</integer>
			<key>Play Date UTC</key><date>2025-03-06T16:01:52Z</date>
			<key>Release Date</key><date>2019-05-16T07:00:00Z</date>
			<key>Loved</key><true/>
			<key>Artwork Count</key><integer>1</integer>
			<key>Sort Album</key><string>IGOR</string>
			<key>Sort Artist</key><string>Tyler, The Creator</string>
			<key>Sort Name</key><string>BOY IS A GUN</string>
			<key>Persistent ID</key><string>AF38D9323959AF9D</string>
			<key>Explicit</key><true/>
			<key>Track Type</key><string>Remote</string>
			<key>Apple Music</key><true/>
		</dict>
		<key>6433</key>
		<dict>
			<key>Track ID</key><integer>6433</integer>
			<key>Name</key><string>Echoes</string>
			<key>Artist</key><string>Pink Floyd</string>
			<key>Album Artist</key><string>Pink Floyd</string>
			<key>Composer</key><string>Roger Waters, David Gilmour, Richard Wright &#38; Nick Mason</string>
			<key>Album</key><string>Meddle (2016 Remaster)</string>
			<key>Genre</key><string>Music</string>
			<key>Kind</key><string>Apple Music AAC audio file</string>
			<key>Size</key><integer>48042114</integer>
			<key>Total Time</key><integer>1413307</integer>
			<key>Disc Number</key><integer>1</integer>
			<key>Disc Count</key><integer>1</integer>
			<key>Track Number</key><integer>6</integer>
			<key>Track Count</key><integer>6</integer>
			<key>Year</key><integer>1971</integer>
			<key>Date Modified</key><date>2023-09-25T16:52:03Z</date>
			<key>Date Added</key><date>2023-09-25T16:52:03Z</date>
			<key>Bit Rate</key><integer>256</integer>
			<key>Sample Rate</key><integer>44100</integer>
			<key>Play Count</key><integer>2</integer>
			<key>Play Date</key><integer>3821254750</integer>
			<key>Play Date UTC</key><date>2025-02-01T18:39:10Z</date>
			<key>Release Date</key><date>1971-10-30T07:00:00Z</date>
			<key>Loved</key><true/>
			<key>Artwork Count</key><integer>1</integer>
			<key>Sort Album</key><string>Meddle (2016 Remaster)</string>
			<key>Sort Artist</key><string>Pink Floyd</string>
			<key>Sort Name</key><string>Echoes</string>
			<key>Persistent ID</key><string>3FAD66D5EBF3F1CB</string>
			<key>Track Type</key><string>Remote</string>
			<key>Apple Music</key><true/>
		</dict>
		<key>6459</key>
		<dict>
			<key>Track ID</key><integer>6459</integer>
			<key>Name</key><string>Your Protector</string>
			<key>Artist</key><string>Fleet Foxes</string>
			<key>Album Artist</key><string>Fleet Foxes</string>
			<key>Composer</key><string>Robin Pecknold</string>
			<key>Album</key><string>Fleet Foxes</string>
			<key>Genre</key><string>Music</string>
			<key>Kind</key><string>Apple Music AAC audio file</string>
			<key>Size</key><integer>9621772</integer>
			<key>Total Time</key><integer>249707</integer>
			<key>Disc Number</key><integer>1</integer>
			<key>Disc Count</key><integer>1</integer>
			<key>Track Number</key><integer>8</integer>
			<key>Track Count</key><integer>11</integer>
			<key>Year</key><integer>2008</integer>
			<key>Date Modified</key><date>2023-09-25T16:52:03Z</date>
			<key>Date Added</key><date>2023-09-25T16:52:03Z</date>
			<key>Bit Rate</key><integer>256</integer>
			<key>Sample Rate</key><integer>44100</integer>
			<key>Play Count</key><integer>2</integer>
			<key>Play Date</key><integer>3818951981</integer>
			<key>Play Date UTC</key><date>2025-01-06T02:59:41Z</date>
			<key>Release Date</key><date>2008-06-03T07:00:00Z</date>
			<key>Loved</key><true/>
			<key>Artwork Count</key><integer>1</integer>
			<key>Sort Album</key><string>Fleet Foxes</string>
			<key>Sort Artist</key><string>Fleet Foxes</string>
			<key>Sort Name</key><string>Your Protector</string>
			<key>Persistent ID</key><string>BC10180CF4162EEE</string>
			<key>Track Type</key><string>Remote</string>
			<key>Apple Music</key><true/>
		</dict>
		<key>6463</key>
		<dict>
			<key>Track ID</key><integer>6463</integer>
			<key>Name</key><string>Treefingers</string>
			<key>Artist</key><string>Radiohead</string>
			<key>Album Artist</key><string>Radiohead</string>
			<key>Composer</key><string>Colin Greenwood, Ed O'Brien, Jonny Greenwood, Phil Selway &#38; Thom Yorke</string>
			<key>Album</key><string>Kid A</string>
			<key>Genre</key><string>Music</string>
			<key>Kind</key><string>Apple Music AAC audio file</string>
			<key>Size</key><integer>8476144</integer>
			<key>Total Time</key><integer>222600</integer>
			<key>Disc Number</key><integer>1</integer>
			<key>Disc Count</key><integer>1</integer>
			<key>Track Number</key><integer>5</integer>
			<key>Track Count</key><integer>11</integer>
			<key>Year</key><integer>2000</integer>
			<key>Date Modified</key><date>2023-09-25T16:52:03Z</date>
			<key>Date Added</key><date>2023-09-25T16:52:03Z</date>
			<key>Bit Rate</key><integer>256</integer>
			<key>Sample Rate</key><integer>44100</integer>
			<key>Play Count</key><integer>2</integer>
			<key>Play Date</key><integer>3826953450</integer>
			<key>Play Date UTC</key><date>2025-04-08T16:37:30Z</date>
			<key>Skip Count</key><integer>1</integer>
			<key>Skip Date</key><date>2025-01-08T21:43:20Z</date>
			<key>Release Date</key><date>2000-10-02T07:00:00Z</date>
			<key>Loved</key><true/>
			<key>Artwork Count</key><integer>1</integer>
			<key>Sort Album</key><string>Kid A</string>
			<key>Sort Artist</key><string>Radiohead</string>
			<key>Sort Name</key><string>Treefingers</string>
			<key>Persistent ID</key><string>5048026CDB68DC02</string>
			<key>Track Type</key><string>Remote</string>
			<key>Apple Music</key><true/>
		</dict>
		<key>6465</key>
		<dict>
			<key>Track ID</key><integer>6465</integer>
			<key>Name</key><string>Optimistic</string>
			<key>Artist</key><string>Radiohead</string>
			<key>Album Artist</key><string>Radiohead</string>
			<key>Composer</key><string>Colin Greenwood, Ed O'Brien, Jonny Greenwood, Phil Selway &#38; Thom Yorke</string>
			<key>Album</key><string>Kid A</string>
			<key>Genre</key><string>Music</string>
			<key>Kind</key><string>Apple Music AAC audio file</string>
			<key>Size</key><integer>11670339</integer>
			<key>Total Time</key><integer>315973</integer>
			<key>Disc Number</key><integer>1</integer>
			<key>Disc Count</key><integer>1</integer>
			<key>Track Number</key><integer>6</integer>
			<key>Track Count</key><integer>11</integer>
			<key>Year</key><integer>2000</integer>
			<key>Date Modified</key><date>2023-09-25T16:52:03Z</date>
			<key>Date Added</key><date>2023-09-25T16:52:03Z</date>
			<key>Bit Rate</key><integer>256</integer>
			<key>Sample Rate</key><integer>44100</integer>
			<key>Play Count</key><integer>2</integer>
			<key>Play Date</key><integer>3826953766</integer>
			<key>Play Date UTC</key><date>2025-04-08T16:42:46Z</date>
			<key>Release Date</key><date>2000-09-27T07:00:00Z</date>
			<key>Loved</key><true/>
			<key>Artwork Count</key><integer>1</integer>
			<key>Sort Album</key><string>Kid A</string>
			<key>Sort Artist</key><string>Radiohead</string>
			<key>Sort Name</key><string>Optimistic</string>
			<key>Persistent ID</key><string>020DFDA8F32093CC</string>
			<key>Track Type</key><string>Remote</string>
			<key>Apple Music</key><true/>
		</dict>
		<key>6471</key>
		<dict>
			<key>Track ID</key><integer>6471</integer>
			<key>Name</key><string>In Limbo</string>
			<key>Artist</key><string>Radiohead</string>
			<key>Album Artist</key><string>Radiohead</string>
			<key>Composer</key><string>Colin Greenwood, Ed O'Brien, Jonny Greenwood, Phil Selway &#38; Thom Yorke</string>
			<key>Album</key><string>Kid A</string>
			<key>Genre</key><string>Music</string>
			<key>Kind</key><string>Apple Music AAC audio file</string>
			<key>Size</key><integer>8358947</integer>
			<key>Total Time</key><integer>211000</integer>
			<key>Disc Number</key><integer>1</integer>
			<key>Disc Count</key><integer>1</integer>
			<key>Track Number</key><integer>7</integer>
			<key>Track Count</key><integer>11</integer>
			<key>Year</key><integer>2000</integer>
			<key>Date Modified</key><date>2023-09-25T16:52:03Z</date>
			<key>Date Added</key><date>2023-09-25T16:52:03Z</date>
			<key>Bit Rate</key><integer>256</integer>
			<key>Sample Rate</key><integer>44100</integer>
			<key>Play Count</key><integer>2</integer>
			<key>Play Date</key><integer>3826953977</integer>
			<key>Play Date UTC</key><date>2025-04-08T16:46:17Z</date>
			<key>Release Date</key><date>2000-10-02T07:00:00Z</date>
			<key>Loved</key><true/>
			<key>Artwork Count</key><integer>1</integer>
			<key>Sort Album</key><string>Kid A</string>
			<key>Sort Artist</key><string>Radiohead</string>
			<key>Sort Name</key><string>In Limbo</string>
			<key>Persistent ID</key><string>A6A945BCBDA47A88</string>
			<key>Track Type</key><string>Remote</string>
			<key>Apple Music</key><true/>
		</dict>
		<key>6489</key>
		<dict>
			<key>Track ID</key><integer>6489</integer>
			<key>Name</key><string>The National Anthem</string>
			<key>Artist</key><string>Radiohead</string>
			<key>Album Artist</key><string>Radiohead</string>
			<key>Composer</key><string>Colin Greenwood, Ed O'Brien, Jonny Greenwood, Phil Selway &#38; Thom Yorke</string>
			<key>Album</key><string>Kid A</string>
			<key>Genre</key><string>Music</string>
			<key>Kind</key><string>Apple Music AAC audio file</string>
			<key>Size</key><integer>13009102</integer>
			<key>Total Time</key><integer>351693</integer>
			<key>Disc Number</key><integer>1</integer>
			<key>Disc Count</key><integer>1</integer>
			<key>Track Number</key><integer>3</integer>
			<key>Track Count</key><integer>11</integer>
			<key>Year</key><integer>2000</integer>
			<key>Date Modified</key><date>2023-09-25T16:52:03Z</date>
			<key>Date Added</key><date>2023-09-25T16:52:03Z</date>
			<key>Bit Rate</key><integer>256</integer>
			<key>Sample Rate</key><integer>44100</integer>
			<key>Play Count</key><integer>2</integer>
			<key>Play Date</key><integer>3826952871</integer>
			<key>Play Date UTC</key><date>2025-04-08T16:27:51Z</date>
			<key>Release Date</key><date>2000-10-02T07:00:00Z</date>
			<key>Loved</key><true/>
			<key>Artwork Count</key><integer>1</integer>
			<key>Sort Album</key><string>Kid A</string>
			<key>Sort Artist</key><string>Radiohead</string>
			<key>Sort Name</key><string>National Anthem</string>
			<key>Persistent ID</key><string>710B5E05B09413D2</string>
			<key>Track Type</key><string>Remote</string>
			<key>Apple Music</key><true/>
		</dict>
		<key>6497</key>
		<dict>
			<key>Track ID</key><integer>6497</integer>
			<key>Name</key><string>How to Disappear Completely</string>
			<key>Artist</key><string>Radiohead</string>
			<key>Album Artist</key><string>Radiohead</string>
			<key>Composer</key><string>Colin Greenwood, Ed O'Brien, Jonny Greenwood, Phil Selway &#38; Thom Yorke</string>
			<key>Album</key><string>Kid A</string>
			<key>Genre</key><string>Music</string>
			<key>Kind</key><string>Apple Music AAC audio file</string>
			<key>Size</key><integer>13870019</integer>
			<key>Total Time</key><integer>356333</integer>
			<key>Disc Number</key><integer>1</integer>
			<key>Disc Count</key><integer>1</integer>
			<key>Track Number</key><integer>4</integer>
			<key>Track Count</key><integer>11</integer>
			<key>Year</key><integer>2000</integer>
			<key>Date Modified</key><date>2023-09-25T16:52:04Z</date>
			<key>Date Added</key><date>2023-09-25T16:52:04Z</date>
			<key>Bit Rate</key><integer>256</integer>
			<key>Sample Rate</key><integer>44100</integer>
			<key>Comments</key><string>Black</string>
			<key>Play Count</key><integer>2</integer>
			<key>Play Date</key><integer>3826953227</integer>
			<key>Play Date UTC</key><date>2025-04-08T16:33:47Z</date>
			<key>Release Date</key><date>2000-09-27T07:00:00Z</date>
			<key>Loved</key><true/>
			<key>Artwork Count</key><integer>1</integer>
			<key>Sort Album</key><string>Kid A</string>
			<key>Sort Artist</key><string>Radiohead</string>
			<key>Sort Name</key><string>How to Disappear Completely</string>
			<key>Persistent ID</key><string>05BCEC324ECE15B1</string>
			<key>Track Type</key><string>Remote</string>
			<key>Apple Music</key><true/>
		</dict>
		<key>6531</key>
		<dict>
			<key>Track ID</key><integer>6531</integer>
			<key>Name</key><string>Tangerine</string>
			<key>Artist</key><string>Led Zeppelin</string>
			<key>Album Artist</key><string>Led Zeppelin</string>
			<key>Composer</key><string>Jimmy Page</string>
			<key>Album</key><string>Led Zeppelin III (Remastered)</string>
			<key>Genre</key><string>Music</string>
			<key>Kind</key><string>Apple Music AAC audio file</string>
			<key>Size</key><integer>7690986</integer>
			<key>Total Time</key><integer>191828</integer>
			<key>Disc Number</key><integer>1</integer>
			<key>Disc Count</key><integer>1</integer>
			<key>Track Number</key><integer>7</integer>
			<key>Track Count</key><integer>10</integer>
			<key>Year</key><integer>1970</integer>
			<key>Date Modified</key><date>2023-09-25T16:52:04Z</date>
			<key>Date Added</key><date>2023-09-25T16:52:04Z</date>
			<key>Bit Rate</key><integer>256</integer>
			<key>Sample Rate</key><integer>44100</integer>
			<key>Play Count</key><integer>2</integer>
			<key>Play Date</key><integer>3820836652</integer>
			<key>Play Date UTC</key><date>2025-01-27T22:30:52Z</date>
			<key>Release Date</key><date>1970-10-05T07:00:00Z</date>
			<key>Loved</key><true/>
			<key>Artwork Count</key><integer>1</integer>
			<key>Sort Album</key><string>Led Zeppelin III (Remastered)</string>
			<key>Sort Artist</key><string>Led Zeppelin</string>
			<key>Sort Name</key><string>Tangerine</string>
			<key>Persistent ID</key><string>F4A196FA923F4F34</string>
			<key>Track Type</key><string>Remote</string>
			<key>Apple Music</key><true/>
		</dict>
		<key>6587</key>
		<dict>
			<key>Track ID</key><integer>6587</integer>
			<key>Name</key><string>GOD.</string>
			<key>Artist</key><string>Kendrick Lamar</string>
			<key>Album Artist</key><string>Kendrick Lamar</string>
			<key>Composer</key><string>Kendrick Lamar, M. Spears, D. Natche, Anthony Tiffith, D. Tanenbaum, Ronald LaTour, Daveon Jackson, Brock Korsan, Teddy Walton &#38; Ricci Riera</string>
			<key>Album</key><string>DAMN.</string>
			<key>Genre</key><string>Music</string>
			<key>Kind</key><string>Apple Music AAC audio file</string>
			<key>Size</key><integer>9013221</integer>
			<key>Total Time</key><integer>248827</integer>
			<key>Disc Number</key><integer>1</integer>
			<key>Disc Count</key><integer>1</integer>
			<key>Track Number</key><integer>13</integer>
			<key>Track Count</key><integer>14</integer>
			<key>Year</key><integer>2017</integer>
			<key>Date Modified</key><date>2023-09-25T16:52:04Z</date>
			<key>Date Added</key><date>2023-09-25T16:52:04Z</date>
			<key>Bit Rate</key><integer>256</integer>
			<key>Sample Rate</key><integer>44100</integer>
			<key>Play Count</key><integer>3</integer>
			<key>Play Date</key><integer>3825487565</integer>
			<key>Play Date UTC</key><date>2025-03-22T17:26:05Z</date>
			<key>Skip Count</key><integer>2</integer>
			<key>Skip Date</key><date>2025-03-01T19:30:04Z</date>
			<key>Release Date</key><date>2017-04-14T12:00:00Z</date>
			<key>Loved</key><true/>
			<key>Artwork Count</key><integer>1</integer>
			<key>Sort Album</key><string>DAMN.</string>
			<key>Sort Artist</key><string>Kendrick Lamar</string>
			<key>Sort Name</key><string>GOD.</string>
			<key>Persistent ID</key><string>9EFAD2A92E8D64BB</string>
			<key>Explicit</key><true/>
			<key>Track Type</key><string>Remote</string>
			<key>Apple Music</key><true/>
		</dict>
		<key>6623</key>
		<dict>
			<key>Track ID</key><integer>6623</integer>
			<key>Name</key><string>Sim Sala Bim</string>
			<key>Artist</key><string>Fleet Foxes</string>
			<key>Album Artist</key><string>Fleet Foxes</string>
			<key>Composer</key><string>Robin Pecknold</string>
			<key>Album</key><string>Helplessness Blues</string>
			<key>Genre</key><string>Music</string>
			<key>Kind</key><string>Apple Music AAC audio file</string>
			<key>Size</key><integer>7082921</integer>
			<key>Total Time</key><integer>194053</integer>
			<key>Disc Number</key><integer>1</integer>
			<key>Disc Count</key><integer>1</integer>
			<key>Track Number</key><integer>3</integer>
			<key>Track Count</key><integer>12</integer>
			<key>Year</key><integer>2011</integer>
			<key>Date Modified</key><date>2023-09-25T16:52:04Z</date>
			<key>Date Added</key><date>2023-09-25T16:52:04Z</date>
			<key>Bit Rate</key><integer>256</integer>
			<key>Sample Rate</key><integer>44100</integer>
			<key>Play Count</key><integer>2</integer>
			<key>Play Date</key><integer>3822735136</integer>
			<key>Play Date UTC</key><date>2025-02-18T21:52:16Z</date>
			<key>Release Date</key><date>2011-04-27T12:00:00Z</date>
			<key>Loved</key><true/>
			<key>Artwork Count</key><integer>1</integer>
			<key>Sort Album</key><string>Helplessness Blues</string>
			<key>Sort Artist</key><string>Fleet Foxes</string>
			<key>Sort Name</key><string>Sim Sala Bim</string>
			<key>Persistent ID</key><string>874BAC7538C36CE8</string>
			<key>Track Type</key><string>Remote</string>
			<key>Apple Music</key><true/>
		</dict>
		<key>6625</key>
		<dict>
			<key>Track ID</key><integer>6625</integer>
			<key>Name</key><string>Battery Kinzie</string>
			<key>Artist</key><string>Fleet Foxes</string>
			<key>Album Artist</key><string>Fleet Foxes</string>
			<key>Composer</key><string>Robin Pecknold</string>
			<key>Album</key><string>Helplessness Blues</string>
			<key>Genre</key><string>Music</string>
			<key>Kind</key><string>Apple Music AAC audio file</string>
			<key>Size</key><integer>6521767</integer>
			<key>Total Time</key><integer>169000</integer>
			<key>Disc Number</key><integer>1</integer>
			<key>Disc Count</key><integer>1</integer>
			<key>Track Number</key><integer>4</integer>
			<key>Track Count</key><integer>12</integer>
			<key>Year</key><integer>2011</integer>
			<key>Date Modified</key><date>2023-09-25T16:52:04Z</date>
			<key>Date Added</key><date>2023-09-25T16:52:04Z</date>
			<key>Bit Rate</key><integer>256</integer>
			<key>Sample Rate</key><integer>44100</integer>
			<key>Play Count</key><integer>2</integer>
			<key>Play Date</key><integer>3822735305</integer>
			<key>Play Date UTC</key><date>2025-02-18T21:55:05Z</date>
			<key>Release Date</key><date>2011-04-27T12:00:00Z</date>
			<key>Loved</key><true/>
			<key>Artwork Count</key><integer>1</integer>
			<key>Sort Album</key><string>Helplessness Blues</string>
			<key>Sort Artist</key><string>Fleet Foxes</string>
			<key>Sort Name</key><string>Battery Kinzie</string>
			<key>Persistent ID</key><string>382ADFF1DCB75334</string>
			<key>Track Type</key><string>Remote</string>
			<key>Apple Music</key><true/>
		</dict>
		<key>6635</key>
		<dict>
			<key>Track ID</key><integer>6635</integer>
			<key>Name</key><string>The Plains / Bitter Dancer</string>
			<key>Artist</key><string>Fleet Foxes</string>
			<key>Album Artist</key><string>Fleet Foxes</string>
			<key>Composer</key><string>Robin Pecknold</string>
			<key>Album</key><string>Helplessness Blues</string>
			<key>Genre</key><string>Music</string>
			<key>Kind</key><string>Apple Music AAC audio file</string>
			<key>Size</key><integer>13022321</integer>
			<key>Total Time</key><integer>353907</integer>
			<key>Disc Number</key><integer>1</integer>
			<key>Disc Count</key><integer>1</integer>
			<key>Track Number</key><integer>5</integer>
			<key>Track Count</key><integer>12</integer>
			<key>Year</key><integer>2011</integer>
			<key>Date Modified</key><date>2023-09-25T16:52:04Z</date>
			<key>Date Added</key><date>2023-09-25T16:52:04Z</date>
			<key>Bit Rate</key><integer>256</integer>
			<key>Sample Rate</key><integer>44100</integer>
			<key>Play Count</key><integer>2</integer>
			<key>Play Date</key><integer>3822735659</integer>
			<key>Play Date UTC</key><date>2025-02-18T22:00:59Z</date>
			<key>Release Date</key><date>2011-04-27T12:00:00Z</date>
			<key>Loved</key><true/>
			<key>Artwork Count</key><integer>1</integer>
			<key>Sort Album</key><string>Helplessness Blues</string>
			<key>Sort Artist</key><string>Fleet Foxes</string>
			<key>Sort Name</key><string>Plains / Bitter Dancer</string>
			<key>Persistent ID</key><string>7AD4B6DEC4DE0B9C</string>
			<key>Track Type</key><string>Remote</string>
			<key>Apple Music</key><true/>
		</dict>
		<key>6651</key>
		<dict>
			<key>Track ID</key><integer>6651</integer>
			<key>Name</key><string>'Cause I'm a Man</string>
			<key>Artist</key><string>Tame Impala</string>
			<key>Album Artist</key><string>Tame Impala</string>
			<key>Composer</key><string>Kevin Parker</string>
			<key>Album</key><string>Currents</string>
			<key>Genre</key><string>Music</string>
			<key>Kind</key><string>Apple Music AAC audio file</string>
			<key>Size</key><integer>8509870</integer>
			<key>Total Time</key><integer>241973</integer>
			<key>Disc Number</key><integer>1</integer>
			<key>Disc Count</key><integer>1</integer>
			<key>Track Number</key><integer>10</integer>
			<key>Track Count</key><integer>13</integer>
			<key>Year</key><integer>2015</integer>
			<key>Date Modified</key><date>2023-09-25T16:52:04Z</date>
			<key>Date Added</key><date>2023-09-25T16:52:04Z</date>
			<key>Bit Rate</key><integer>256</integer>
			<key>Sample Rate</key><integer>44100</integer>
			<key>Play Count</key><integer>2</integer>
			<key>Play Date</key><integer>3827126996</integer>
			<key>Play Date UTC</key><date>2025-04-10T16:49:56Z</date>
			<key>Release Date</key><date>2015-04-05T12:00:00Z</date>
			<key>Loved</key><true/>
			<key>Artwork Count</key><integer>1</integer>
			<key>Sort Album</key><string>Currents</string>
			<key>Sort Artist</key><string>Tame Impala</string>
			<key>Sort Name</key><string>'Cause I'm a Man</string>
			<key>Persistent ID</key><string>A58849EA91767821</string>
			<key>Explicit</key><true/>
			<key>Track Type</key><string>Remote</string>
			<key>Apple Music</key><true/>
		</dict>
		<key>6663</key>
		<dict>
			<key>Track ID</key><integer>6663</integer>
			<key>Name</key><string>LOVE. (feat. Zacari)</string>
			<key>Artist</key><string>Kendrick Lamar</string>
			<key>Album Artist</key><string>Kendrick Lamar</string>
			<key>Composer</key><string>Kendrick Lamar, Zacari Pacaldo, M. Spears, Anthony Tiffith, Greg Kurstin &#38; Teddy Walton</string>
			<key>Album</key><string>DAMN.</string>
			<key>Genre</key><string>Music</string>
			<key>Kind</key><string>Apple Music AAC audio file</string>
			<key>Size</key><integer>7683569</integer>
			<key>Total Time</key><integer>213400</integer>
			<key>Disc Number</key><integer>1</integer>
			<key>Disc Count</key><integer>1</integer>
			<key>Track Number</key><integer>10</integer>
			<key>Track Count</key><integer>14</integer>
			<key>Year</key><integer>2017</integer>
			<key>Date Modified</key><date>2023-09-25T16:52:04Z</date>
			<key>Date Added</key><date>2023-09-25T16:52:04Z</date>
			<key>Bit Rate</key><integer>256</integer>
			<key>Sample Rate</key><integer>44100</integer>
			<key>Comments</key><string>Yellow</string>
			<key>Play Count</key><integer>3</integer>
			<key>Play Date</key><integer>3823676744</integer>
			<key>Play Date UTC</key><date>2025-03-01T19:25:44Z</date>
			<key>Skip Count</key><integer>1</integer>
			<key>Skip Date</key><date>2025-03-22T17:17:41Z</date>
			<key>Release Date</key><date>2017-04-14T12:00:00Z</date>
			<key>Loved</key><true/>
			<key>Artwork Count</key><integer>1</integer>
			<key>Sort Album</key><string>DAMN.</string>
			<key>Sort Artist</key><string>Kendrick Lamar</string>
			<key>Sort Name</key><string>LOVE. (feat. Zacari)</string>
			<key>Persistent ID</key><string>583CD22663D31788</string>
			<key>Track Type</key><string>Remote</string>
			<key>Apple Music</key><true/>
		</dict>
		<key>6667</key>
		<dict>
			<key>Track ID</key><integer>6667</integer>
			<key>Name</key><string>Love/Paranoia</string>
			<key>Artist</key><string>Tame Impala</string>
			<key>Album Artist</key><string>Tame Impala</string>
			<key>Composer</key><string>Kevin Parker</string>
			<key>Album</key><string>Currents</string>
			<key>Genre</key><string>Music</string>
			<key>Kind</key><string>Apple Music AAC audio file</string>
			<key>Size</key><integer>6859468</integer>
			<key>Total Time</key><integer>186427</integer>
			<key>Disc Number</key><integer>1</integer>
			<key>Disc Count</key><integer>1</integer>
			<key>Track Number</key><integer>12</integer>
			<key>Track Count</key><integer>13</integer>
			<key>Year</key><integer>2015</integer>
			<key>Date Modified</key><date>2023-09-25T16:52:04Z</date>
			<key>Date Added</key><date>2023-09-25T16:52:04Z</date>
			<key>Bit Rate</key><integer>256</integer>
			<key>Sample Rate</key><integer>44100</integer>
			<key>Play Count</key><integer>2</integer>
			<key>Play Date</key><integer>3827127435</integer>
			<key>Play Date UTC</key><date>2025-04-10T16:57:15Z</date>
			<key>Release Date</key><date>2015-07-17T12:00:00Z</date>
			<key>Loved</key><true/>
			<key>Artwork Count</key><integer>1</integer>
			<key>Sort Album</key><string>Currents</string>
			<key>Sort Artist</key><string>Tame Impala</string>
			<key>Sort Name</key><string>Love/Paranoia</string>
			<key>Persistent ID</key><string>4E01E85CD6ACCCC2</string>
			<key>Explicit</key><true/>
			<key>Track Type</key><string>Remote</string>
			<key>Apple Music</key><true/>
		</dict>
		<key>6669</key>
		<dict>
			<key>Track ID</key><integer>6669</integer>
			<key>Name</key><string>New Person, Same Old Mistakes</string>
			<key>Artist</key><string>Tame Impala</string>
			<key>Album Artist</key><string>Tame Impala</string>
			<key>Composer</key><string>Kevin Parker</string>
			<key>Album</key><string>Currents</string>
			<key>Genre</key><string>Music</string>
			<key>Kind</key><string>Apple Music AAC audio file</string>
			<key>Size</key><integer>13056562</integer>
			<key>Total Time</key><integer>362173</integer>
			<key>Disc Number</key><integer>1</integer>
			<key>Disc Count</key><integer>1</integer>
			<key>Track Number</key><integer>13</integer>
			<key>Track Count</key><integer>13</integer>
			<key>Year</key><integer>2015</integer>
			<key>Date Modified</key><date>2023-09-25T16:52:04Z</date>
			<key>Date Added</key><date>2023-09-25T16:52:04Z</date>
			<key>Bit Rate</key><integer>256</integer>
			<key>Sample Rate</key><integer>44100</integer>
			<key>Comments</key><string>Indigo</string>
			<key>Play Count</key><integer>4</integer>
			<key>Play Date</key><integer>3832581943</integer>
			<key>Play Date UTC</key><date>2025-06-12T20:05:43Z</date>
			<key>Skip Count</key><integer>1</integer>
			<key>Skip Date</key><date>2025-01-08T21:45:19Z</date>
			<key>Release Date</key><date>2015-07-17T12:00:00Z</date>
			<key>Loved</key><true/>
			<key>Artwork Count</key><integer>1</integer>
			<key>Sort Album</key><string>Currents</string>
			<key>Sort Artist</key><string>Tame Impala</string>
			<key>Sort Name</key><string>New Person, Same Old Mistakes</string>
			<key>Persistent ID</key><string>13DF58D9CFFF1717</string>
			<key>Track Type</key><string>Remote</string>
			<key>Apple Music</key><true/>
		</dict>
		<key>6671</key>
		<dict>
			<key>Track ID</key><integer>6671</integer>
			<key>Name</key><string>Starman (2012 Remaster)</string>
			<key>Artist</key><string>David Bowie</string>
			<key>Album Artist</key><string>David Bowie</string>
			<key>Composer</key><string>David Bowie</string>
			<key>Album</key><string>The Rise and Fall of Ziggy Stardust and the Spiders from Mars (2012 Remaster)</string>
			<key>Genre</key><string>Music</string>
			<key>Kind</key><string>Apple Music AAC audio file</string>
			<key>Size</key><integer>9787901</integer>
			<key>Total Time</key><integer>254293</integer>
			<key>Disc Number</key><integer>1</integer>
			<key>Disc Count</key><integer>1</integer>
			<key>Track Number</key><integer>4</integer>
			<key>Track Count</key><integer>11</integer>
			<key>Year</key><integer>1972</integer>
			<key>Date Modified</key><date>2023-09-25T16:52:04Z</date>
			<key>Date Added</key><date>2023-09-25T16:52:04Z</date>
			<key>Bit Rate</key><integer>256</integer>
			<key>Sample Rate</key><integer>44100</integer>
			<key>Comments</key><string>Green</string>
			<key>Play Count</key><integer>5</integer>
			<key>Play Date</key><integer>3824043423</integer>
			<key>Play Date UTC</key><date>2025-03-06T01:17:03Z</date>
			<key>Release Date</key><date>1972-04-28T08:00:00Z</date>
			<key>Loved</key><true/>
			<key>Artwork Count</key><integer>1</integer>
			<key>Sort Album</key><string>Rise and Fall of Ziggy Stardust and the Spiders from Mars (2012 Remaster)</string>
			<key>Sort Artist</key><string>David Bowie</string>
			<key>Sort Name</key><string>Starman (2012 Remaster)</string>
			<key>Persistent ID</key><string>43FCE8D24BDC8FB0</string>
			<key>Track Type</key><string>Remote</string>
			<key>Apple Music</key><true/>
		</dict>
		<key>6673</key>
		<dict>
			<key>Track ID</key><integer>6673</integer>
			<key>Name</key><string>It Ain't Easy (2012 Remaster)</string>
			<key>Artist</key><string>David Bowie</string>
			<key>Album Artist</key><string>David Bowie</string>
			<key>Composer</key><string>Ron Davies</string>
			<key>Album</key><string>The Rise and Fall of Ziggy Stardust and the Spiders from Mars (2012 Remaster)</string>
			<key>Genre</key><string>Music</string>
			<key>Kind</key><string>Apple Music AAC audio file</string>
			<key>Size</key><integer>6687344</integer>
			<key>Total Time</key><integer>177773</integer>
			<key>Disc Number</key><integer>1</integer>
			<key>Disc Count</key><integer>1</integer>
			<key>Track Number</key><integer>5</integer>
			<key>Track Count</key><integer>11</integer>
			<key>Year</key><integer>1972</integer>
			<key>Date Modified</key><date>2023-09-25T16:52:04Z</date>
			<key>Date Added</key><date>2023-09-25T16:52:04Z</date>
			<key>Bit Rate</key><integer>256</integer>
			<key>Sample Rate</key><integer>44100</integer>
			<key>Play Count</key><integer>3</integer>
			<key>Play Date</key><integer>3823441451</integer>
			<key>Play Date UTC</key><date>2025-02-27T02:04:11Z</date>
			<key>Release Date</key><date>1972-06-16T07:00:00Z</date>
			<key>Loved</key><true/>
			<key>Artwork Count</key><integer>1</integer>
			<key>Sort Album</key><string>Rise and Fall of Ziggy Stardust and the Spiders from Mars (2012 Remaster)</string>
			<key>Sort Artist</key><string>David Bowie</string>
			<key>Sort Name</key><string>It Ain't Easy (2012 Remaster)</string>
			<key>Persistent ID</key><string>4FC12A8B88FD7181</string>
			<key>Track Type</key><string>Remote</string>
			<key>Apple Music</key><true/>
		</dict>
		<key>6675</key>
		<dict>
			<key>Track ID</key><integer>6675</integer>
			<key>Name</key><string>Ziggy Stardust (2012 Remaster)</string>
			<key>Artist</key><string>David Bowie</string>
			<key>Album Artist</key><string>David Bowie</string>
			<key>Composer</key><string>David Bowie</string>
			<key>Album</key><string>The Rise and Fall of Ziggy Stardust and the Spiders from Mars (2012 Remaster)</string>
			<key>Genre</key><string>Music</string>
			<key>Kind</key><string>Apple Music AAC audio file</string>
			<key>Size</key><integer>7369162</integer>
			<key>Total Time</key><integer>193573</integer>
			<key>Disc Number</key><integer>1</integer>
			<key>Disc Count</key><integer>1</integer>
			<key>Track Number</key><integer>9</integer>
			<key>Track Count</key><integer>11</integer>
			<key>Year</key><integer>1972</integer>
			<key>Date Modified</key><date>2023-09-25T16:52:04Z</date>
			<key>Date Added</key><date>2023-09-25T16:52:04Z</date>
			<key>Bit Rate</key><integer>256</integer>
			<key>Sample Rate</key><integer>44100</integer>
			<key>Play Count</key><integer>3</integer>
			<key>Play Date</key><integer>3823438564</integer>
			<key>Play Date UTC</key><date>2025-02-27T01:16:04Z</date>
			<key>Release Date</key><date>1972-06-16T07:00:00Z</date>
			<key>Loved</key><true/>
			<key>Artwork Count</key><integer>1</integer>
			<key>Sort Album</key><string>Rise and Fall of Ziggy Stardust and the Spiders from Mars (2012 Remaster)</string>
			<key>Sort Artist</key><string>David Bowie</string>
			<key>Sort Name</key><string>Ziggy Stardust (2012 Remaster)</string>
			<key>Persistent ID</key><string>70402F7B19B4FADE</string>
			<key>Track Type</key><string>Remote</string>
			<key>Apple Music</key><true/>
		</dict>
		<key>6677</key>
		<dict>
			<key>Track ID</key><integer>6677</integer>
			<key>Name</key><string>Suffragette City (2012 Remaster)</string>
			<key>Artist</key><string>David Bowie</string>
			<key>Album Artist</key><string>David Bowie</string>
			<key>Composer</key><string>David Bowie</string>
			<key>Album</key><string>The Rise and Fall of Ziggy Stardust and the Spiders from Mars (2012 Remaster)</string>
			<key>Genre</key><string>Music</string>
			<key>Kind</key><string>Apple Music AAC audio file</string>
			<key>Size</key><integer>7996605</integer>
			<key>Total Time</key><integer>206013</integer>
			<key>Disc Number</key><integer>1</integer>
			<key>Disc Count</key><integer>1</integer>
			<key>Track Number</key><integer>10</integer>
			<key>Track Count</key><integer>11</integer>
			<key>Year</key><integer>1972</integer>
			<key>Date Modified</key><date>2023-09-25T16:52:04Z</date>
			<key>Date Added</key><date>2023-09-25T16:52:04Z</date>
			<key>Bit Rate</key><integer>256</integer>
			<key>Sample Rate</key><integer>44100</integer>
			<key>Play Count</key><integer>2</integer>
			<key>Play Date</key><integer>3822488673</integer>
			<key>Play Date UTC</key><date>2025-02-16T01:24:33Z</date>
			<key>Release Date</key><date>1972-04-28T08:00:00Z</date>
			<key>Loved</key><true/>
			<key>Artwork Count</key><integer>1</integer>
			<key>Sort Album</key><string>Rise and Fall of Ziggy Stardust and the Spiders from Mars (2012 Remaster)</string>
			<key>Sort Artist</key><string>David Bowie</string>
			<key>Sort Name</key><string>Suffragette City (2012 Remaster)</string>
			<key>Persistent ID</key><string>2922D123429E95E7</string>
			<key>Track Type</key><string>Remote</string>
			<key>Apple Music</key><true/>
		</dict>
		<key>6681</key>
		<dict>
			<key>Track ID</key><integer>6681</integer>
			<key>Name</key><string>Hang on to Yourself (2012 Remaster)</string>
			<key>Artist</key><string>David Bowie</string>
			<key>Album Artist</key><string>David Bowie</string>
			<key>Composer</key><string>David Bowie</string>
			<key>Album</key><string>The Rise and Fall of Ziggy Stardust and the Spiders from Mars (2012 Remaster)</string>
			<key>Genre</key><string>Music</string>
			<key>Kind</key><string>Apple Music AAC audio file</string>
			<key>Size</key><integer>6319615</integer>
			<key>Total Time</key><integer>159960</integer>
			<key>Disc Number</key><integer>1</integer>
			<key>Disc Count</key><integer>1</integer>
			<key>Track Number</key><integer>8</integer>
			<key>Track Count</key><integer>11</integer>
			<key>Year</key><integer>1972</integer>
			<key>Date Modified</key><date>2023-09-25T16:52:04Z</date>
			<key>Date Added</key><date>2023-09-25T16:52:04Z</date>
			<key>Bit Rate</key><integer>256</integer>
			<key>Sample Rate</key><integer>44100</integer>
			<key>Play Count</key><integer>3</integer>
			<key>Play Date</key><integer>3823439039</integer>
			<key>Play Date UTC</key><date>2025-02-27T01:23:59Z</date>
			<key>Release Date</key><date>1972-06-16T07:00:00Z</date>
			<key>Loved</key><true/>
			<key>Artwork Count</key><integer>1</integer>
			<key>Sort Album</key><string>Rise and Fall of Ziggy Stardust and the Spiders from Mars (2012 Remaster)</string>
			<key>Sort Artist</key><string>David Bowie</string>
			<key>Sort Name</key><string>Hang on to Yourself (2012 Remaster)</string>
			<key>Persistent ID</key><string>13317C1639B72C33</string>
			<key>Track Type</key><string>Remote</string>
			<key>Apple Music</key><true/>
		</dict>
		<key>6683</key>
		<dict>
			<key>Track ID</key><integer>6683</integer>
			<key>Name</key><string>Moonage Daydream (2012 Remaster)</string>
			<key>Artist</key><string>David Bowie</string>
			<key>Album Artist</key><string>David Bowie</string>
			<key>Composer</key><string>David Bowie</string>
			<key>Album</key><string>The Rise and Fall of Ziggy Stardust and the Spiders from Mars (2012 Remaster)</string>
			<key>Genre</key><string>Music</string>
			<key>Kind</key><string>Apple Music AAC audio file</string>
			<key>Size</key><integer>10232857</integer>
			<key>Total Time</key><integer>280533</integer>
			<key>Disc Number</key><integer>1</integer>
			<key>Disc Count</key><integer>1</integer>
			<key>Track Number</key><integer>3</integer>
			<key>Track Count</key><integer>11</integer>
			<key>Year</key><integer>1972</integer>
			<key>Date Modified</key><date>2023-09-25T16:52:04Z</date>
			<key>Date Added</key><date>2023-09-25T16:52:04Z</date>
			<key>Bit Rate</key><integer>256</integer>
			<key>Sample Rate</key><integer>44100</integer>
			<key>Play Count</key><integer>3</integer>
			<key>Play Date</key><integer>3823439320</integer>
			<key>Play Date UTC</key><date>2025-02-27T01:28:40Z</date>
			<key>Release Date</key><date>1972-06-16T07:00:00Z</date>
			<key>Loved</key><true/>
			<key>Artwork Count</key><integer>1</integer>
			<key>Sort Album</key><string>Rise and Fall of Ziggy Stardust and the Spiders from Mars (2012 Remaster)</string>
			<key>Sort Artist</key><string>David Bowie</string>
			<key>Sort Name</key><string>Moonage Daydream (2012 Remaster)</string>
			<key>Persistent ID</key><string>DD6B814582684CDA</string>
			<key>Track Type</key><string>Remote</string>
			<key>Apple Music</key><true/>
		</dict>
		<key>6689</key>
		<dict>
			<key>Track ID</key><integer>6689</integer>
			<key>Name</key><string>I THINK</string>
			<key>Artist</key><string>Tyler, The Creator</string>
			<key>Album Artist</key><string>Tyler, The Creator</string>
			<key>Composer</key><string>Tyler Okonma, Bibi Mascel &#38; Bodionio Nkono Telesphore</string>
			<key>Album</key><string>IGOR</string>
			<key>Genre</key><string>Music</string>
			<key>Kind</key><string>Apple Music AAC audio file</string>
			<key>Size</key><integer>7609084</integer>
			<key>Total Time</key><integer>212016</integer>
			<key>Disc Number</key><integer>1</integer>
			<key>Disc Count</key><integer>1</integer>
			<key>Track Number</key><integer>3</integer>
			<key>Track Count</key><integer>12</integer>
			<key>Year</key><integer>2019</integer>
			<key>Date Modified</key><date>2023-09-25T16:52:04Z</date>
			<key>Date Added</key><date>2023-09-25T16:52:04Z</date>
			<key>Bit Rate</key><integer>256</integer>
			<key>Sample Rate</key><integer>44100</integer>
			<key>Comments</key><string>Yellow</string>
			<key>Play Count</key><integer>5</integer>
			<key>Play Date</key><integer>3824064214</integer>
			<key>Play Date UTC</key><date>2025-03-06T07:03:34Z</date>
			<key>Skip Count</key><integer>1</integer>
			<key>Skip Date</key><date>2025-01-08T21:39:18Z</date>
			<key>Release Date</key><date>2019-05-16T07:00:00Z</date>
			<key>Loved</key><true/>
			<key>Artwork Count</key><integer>1</integer>
			<key>Sort Album</key><string>IGOR</string>
			<key>Sort Artist</key><string>Tyler, The Creator</string>
			<key>Sort Name</key><string>I THINK</string>
			<key>Persistent ID</key><string>D7A27722325EE4BB</string>
			<key>Explicit</key><true/>
			<key>Track Type</key><string>Remote</string>
			<key>Apple Music</key><true/>
		</dict>
		<key>6691</key>
		<dict>
			<key>Track ID</key><integer>6691</integer>
			<key>Name</key><string>HUMBLE.</string>
			<key>Artist</key><string>Kendrick Lamar</string>
			<key>Album Artist</key><string>Kendrick Lamar</string>
			<key>Composer</key><string>Kendrick Lamar, A. Hogan, Michael L. Williams II &#38; Anthony Tiffith</string>
			<key>Album</key><string>DAMN.</string>
			<key>Genre</key><string>Music</string>
			<key>Kind</key><string>Apple Music AAC audio file</string>
			<key>Size</key><integer>6443705</integer>
			<key>Total Time</key><integer>177000</integer>
			<key>Disc Number</key><integer>1</integer>
			<key>Disc Count</key><integer>1</integer>
			<key>Track Number</key><integer>8</integer>
			<key>Track Count</key><integer>14</integer>
			<key>Year</key><integer>2017</integer>
			<key>Date Modified</key><date>2023-09-25T16:52:04Z</date>
			<key>Date Added</key><date>2023-09-25T16:52:04Z</date>
			<key>Bit Rate</key><integer>256</integer>
			<key>Sample Rate</key><integer>44100</integer>
			<key>Comments</key><string>Orange</string>
			<key>Play Count</key><integer>5</integer>
			<key>Play Date</key><integer>3825487055</integer>
			<key>Play Date UTC</key><date>2025-03-22T17:17:35Z</date>
			<key>Skip Count</key><integer>2</integer>
			<key>Skip Date</key><date>2025-02-26T05:28:51Z</date>
			<key>Release Date</key><date>2017-03-30T12:00:00Z</date>
			<key>Loved</key><true/>
			<key>Artwork Count</key><integer>1</integer>
			<key>Sort Album</key><string>DAMN.</string>
			<key>Sort Artist</key><string>Kendrick Lamar</string>
			<key>Sort Name</key><string>HUMBLE.</string>
			<key>Persistent ID</key><string>5F7C40689AF69E30</string>
			<key>Explicit</key><true/>
			<key>Track Type</key><string>Remote</string>
			<key>Apple Music</key><true/>
		</dict>
		<key>6705</key>
		<dict>
			<key>Track ID</key><integer>6705</integer>
			<key>Name</key><string>Get to Heaven</string>
			<key>Artist</key><string>Everything Everything</string>
			<key>Album Artist</key><string>Everything Everything</string>
			<key>Album</key><string>Get to Heaven</string>
			<key>Genre</key><string>Music</string>
			<key>Kind</key><string>Apple Music AAC audio file</string>
			<key>Size</key><integer>7914957</integer>
			<key>Total Time</key><integer>223693</integer>
			<key>Disc Number</key><integer>1</integer>
			<key>Disc Count</key><integer>1</integer>
			<key>Track Number</key><integer>3</integer>
			<key>Track Count</key><integer>11</integer>
			<key>Year</key><integer>2015</integer>
			<key>Date Modified</key><date>2023-09-25T16:52:04Z</date>
			<key>Date Added</key><date>2023-09-25T16:52:04Z</date>
			<key>Bit Rate</key><integer>256</integer>
			<key>Sample Rate</key><integer>44100</integer>
			<key>Comments</key><string>Yellow</string>
			<key>Play Count</key><integer>3</integer>
			<key>Play Date</key><integer>3826984879</integer>
			<key>Play Date UTC</key><date>2025-04-09T01:21:19Z</date>
			<key>Release Date</key><date>2015-06-19T12:00:00Z</date>
			<key>Loved</key><true/>
			<key>Artwork Count</key><integer>1</integer>
			<key>Sort Album</key><string>Get to Heaven</string>
			<key>Sort Artist</key><string>Everything Everything</string>
			<key>Sort Name</key><string>Get to Heaven</string>
			<key>Persistent ID</key><string>5608D94C3352872F</string>
			<key>Track Type</key><string>Remote</string>
			<key>Apple Music</key><true/>
		</dict>
		<key>6709</key>
		<dict>
			<key>Track ID</key><integer>6709</integer>
			<key>Name</key><string>She</string>
			<key>Artist</key><string>Green Day</string>
			<key>Album Artist</key><string>Green Day</string>
			<key>Composer</key><string>Billie Joe Armstrong, Mike Dirnt &#38; Tré Cool</string>
			<key>Album</key><string>Dookie</string>
			<key>Genre</key><string>Music</string>
			<key>Kind</key><string>Apple Music AAC audio file</string>
			<key>Size</key><integer>5461449</integer>
			<key>Total Time</key><integer>133910</integer>
			<key>Disc Number</key><integer>1</integer>
			<key>Disc Count</key><integer>1</integer>
			<key>Track Number</key><integer>8</integer>
			<key>Track Count</key><integer>15</integer>
			<key>Year</key><integer>1994</integer>
			<key>Date Modified</key><date>2023-09-25T16:52:04Z</date>
			<key>Date Added</key><date>2023-09-25T16:52:04Z</date>
			<key>Bit Rate</key><integer>256</integer>
			<key>Sample Rate</key><integer>44100</integer>
			<key>Comments</key><string>Green</string>
			<key>Play Count</key><integer>4</integer>
			<key>Play Date</key><integer>3832492360</integer>
			<key>Play Date UTC</key><date>2025-06-11T19:12:40Z</date>
			<key>Release Date</key><date>1994-02-01T08:00:00Z</date>
			<key>Loved</key><true/>
			<key>Artwork Count</key><integer>1</integer>
			<key>Sort Album</key><string>Dookie</string>
			<key>Sort Artist</key><string>Green Day</string>
			<key>Sort Name</key><string>She</string>
			<key>Persistent ID</key><string>ADEA51BC4936F537</string>
			<key>Track Type</key><string>Remote</string>
			<key>Apple Music</key><true/>
		</dict>
		<key>6713</key>
		<dict>
			<key>Track ID</key><integer>6713</integer>
			<key>Name</key><string>Regret</string>
			<key>Artist</key><string>Everything Everything</string>
			<key>Album Artist</key><string>Everything Everything</string>
			<key>Album</key><string>Get to Heaven</string>
			<key>Genre</key><string>Music</string>
			<key>Kind</key><string>Apple Music AAC audio file</string>
			<key>Size</key><integer>7205950</integer>
			<key>Total Time</key><integer>202613</integer>
			<key>Disc Number</key><integer>1</integer>
			<key>Disc Count</key><integer>1</integer>
			<key>Track Number</key><integer>4</integer>
			<key>Track Count</key><integer>11</integer>
			<key>Year</key><integer>2015</integer>
			<key>Date Modified</key><date>2023-09-25T16:52:04Z</date>
			<key>Date Added</key><date>2023-09-25T16:52:04Z</date>
			<key>Bit Rate</key><integer>256</integer>
			<key>Sample Rate</key><integer>44100</integer>
			<key>Play Count</key><integer>2</integer>
			<key>Play Date</key><integer>3826985081</integer>
			<key>Play Date UTC</key><date>2025-04-09T01:24:41Z</date>
			<key>Release Date</key><date>2015-04-30T12:00:00Z</date>
			<key>Loved</key><true/>
			<key>Artwork Count</key><integer>1</integer>
			<key>Sort Album</key><string>Get to Heaven</string>
			<key>Sort Artist</key><string>Everything Everything</string>
			<key>Sort Name</key><string>Regret</string>
			<key>Persistent ID</key><string>6375050173641758</string>
			<key>Track Type</key><string>Remote</string>
			<key>Apple Music</key><true/>
		</dict>
		<key>6717</key>
		<dict>
			<key>Track ID</key><integer>6717</integer>
			<key>Name</key><string>Basket Case</string>
			<key>Artist</key><string>Green Day</string>
			<key>Album Artist</key><string>Green Day</string>
			<key>Composer</key><string>Billie Joe Armstrong, Mike Dirnt &#38; Tré Cool</string>
			<key>Album</key><string>Dookie</string>
			<key>Genre</key><string>Music</string>
			<key>Kind</key><string>Apple Music AAC audio file</string>
			<key>Size</key><integer>7043409</integer>
			<key>Total Time</key><integer>182916</integer>
			<key>Disc Number</key><integer>1</integer>
			<key>Disc Count</key><integer>1</integer>
			<key>Track Number</key><integer>7</integer>
			<key>Track Count</key><integer>15</integer>
			<key>Year</key><integer>1994</integer>
			<key>Date Modified</key><date>2023-09-25T16:52:04Z</date>
			<key>Date Added</key><date>2023-09-25T16:52:04Z</date>
			<key>Bit Rate</key><integer>256</integer>
			<key>Sample Rate</key><integer>44100</integer>
			<key>Play Count</key><integer>2</integer>
			<key>Play Date</key><integer>3828276201</integer>
			<key>Play Date UTC</key><date>2025-04-24T00:03:21Z</date>
			<key>Release Date</key><date>1994-02-01T08:00:00Z</date>
			<key>Loved</key><true/>
			<key>Artwork Count</key><integer>1</integer>
			<key>Sort Album</key><string>Dookie</string>
			<key>Sort Artist</key><string>Green Day</string>
			<key>Sort Name</key><string>Basket Case</string>
			<key>Persistent ID</key><string>B4601A7CC4697554</string>
			<key>Track Type</key><string>Remote</string>
			<key>Apple Music</key><true/>
		</dict>
		<key>6743</key>
		<dict>
			<key>Track ID</key><integer>6743</integer>
			<key>Name</key><string>Train In Vain (Stand By Me)</string>
			<key>Artist</key><string>The Clash</string>
			<key>Album Artist</key><string>The Clash</string>
			<key>Composer</key><string>Paul Simonon, Topper Headon, Mick Jones &#38; Joe Strummer</string>
			<key>Album</key><string>London Calling</string>
			<key>Genre</key><string>Music</string>
			<key>Kind</key><string>Apple Music AAC audio file</string>
			<key>Size</key><integer>7622829</integer>
			<key>Total Time</key><integer>192455</integer>
			<key>Disc Number</key><integer>1</integer>
			<key>Disc Count</key><integer>1</integer>
			<key>Track Number</key><integer>19</integer>
			<key>Track Count</key><integer>19</integer>
			<key>Year</key><integer>1979</integer>
			<key>Date Modified</key><date>2023-09-25T16:52:04Z</date>
			<key>Date Added</key><date>2023-09-25T16:52:04Z</date>
			<key>Bit Rate</key><integer>256</integer>
			<key>Sample Rate</key><integer>44100</integer>
			<key>Comments</key><string>Yellow</string>
			<key>Play Count</key><integer>4</integer>
			<key>Play Date</key><integer>3834427647</integer>
			<key>Play Date UTC</key><date>2025-07-04T04:47:27Z</date>
			<key>Skip Count</key><integer>1</integer>
			<key>Skip Date</key><date>2025-01-08T21:47:06Z</date>
			<key>Release Date</key><date>1979-12-14T08:00:00Z</date>
			<key>Loved</key><true/>
			<key>Artwork Count</key><integer>1</integer>
			<key>Sort Album</key><string>London Calling</string>
			<key>Sort Album Artist</key><string>Clash</string>
			<key>Sort Artist</key><string>Clash</string>
			<key>Sort Name</key><string>Train In Vain (Stand By Me)</string>
			<key>Persistent ID</key><string>6030863C9F3212F9</string>
			<key>Track Type</key><string>Remote</string>
			<key>Apple Music</key><true/>
		</dict>
		<key>6751</key>
		<dict>
			<key>Track ID</key><integer>6751</integer>
			<key>Name</key><string>No Reptiles</string>
			<key>Artist</key><string>Everything Everything</string>
			<key>Album Artist</key><string>Everything Everything</string>
			<key>Album</key><string>Get to Heaven</string>
			<key>Genre</key><string>Music</string>
			<key>Kind</key><string>Apple Music AAC audio file</string>
			<key>Size</key><integer>9926564</integer>
			<key>Total Time</key><integer>282853</integer>
			<key>Disc Number</key><integer>1</integer>
			<key>Disc Count</key><integer>1</integer>
			<key>Track Number</key><integer>10</integer>
			<key>Track Count</key><integer>11</integer>
			<key>Year</key><integer>2015</integer>
			<key>Date Modified</key><date>2023-09-25T16:52:04Z</date>
			<key>Date Added</key><date>2023-09-25T16:52:04Z</date>
			<key>Bit Rate</key><integer>256</integer>
			<key>Sample Rate</key><integer>44100</integer>
			<key>Comments</key><string>White</string>
			<key>Play Count</key><integer>3</integer>
			<key>Play Date</key><integer>3827044980</integer>
			<key>Play Date UTC</key><date>2025-04-09T18:03:00Z</date>
			<key>Skip Count</key><integer>1</integer>
			<key>Skip Date</key><date>2025-06-09T02:26:23Z</date>
			<key>Release Date</key><date>2015-06-12T12:00:00Z</date>
			<key>Loved</key><true/>
			<key>Artwork Count</key><integer>1</integer>
			<key>Sort Album</key><string>Get to Heaven</string>
			<key>Sort Artist</key><string>Everything Everything</string>
			<key>Sort Name</key><string>No Reptiles</string>
			<key>Persistent ID</key><string>89BA52EF628A452E</string>
			<key>Track Type</key><string>Remote</string>
			<key>Apple Music</key><true/>
		</dict>
		<key>6757</key>
		<dict>
			<key>Track ID</key><integer>6757</integer>
			<key>Name</key><string>Zero Pharoah</string>
			<key>Artist</key><string>Everything Everything</string>
			<key>Album Artist</key><string>Everything Everything</string>
			<key>Album</key><string>Get to Heaven</string>
			<key>Genre</key><string>Music</string>
			<key>Kind</key><string>Apple Music AAC audio file</string>
			<key>Size</key><integer>7720541</integer>
			<key>Total Time</key><integer>219373</integer>
			<key>Disc Number</key><integer>1</integer>
			<key>Disc Count</key><integer>1</integer>
			<key>Track Number</key><integer>9</integer>
			<key>Track Count</key><integer>11</integer>
			<key>Year</key><integer>2015</integer>
			<key>Date Modified</key><date>2023-09-25T16:52:04Z</date>
			<key>Date Added</key><date>2023-09-25T16:52:04Z</date>
			<key>Bit Rate</key><integer>256</integer>
			<key>Sample Rate</key><integer>44100</integer>
			<key>Play Count</key><integer>2</integer>
			<key>Play Date</key><integer>3827044697</integer>
			<key>Play Date UTC</key><date>2025-04-09T17:58:17Z</date>
			<key>Release Date</key><date>2015-06-19T12:00:00Z</date>
			<key>Loved</key><true/>
			<key>Artwork Count</key><integer>1</integer>
			<key>Sort Album</key><string>Get to Heaven</string>
			<key>Sort Artist</key><string>Everything Everything</string>
			<key>Sort Name</key><string>Zero Pharoah</string>
			<key>Persistent ID</key><string>FDC295B7141E2CB3</string>
			<key>Track Type</key><string>Remote</string>
			<key>Apple Music</key><true/>
		</dict>
		<key>6763</key>
		<dict>
			<key>Track ID</key><integer>6763</integer>
			<key>Name</key><string>Catching Smoke</string>
			<key>Artist</key><string>King Gizzard &#38; The Lizard Wizard</string>
			<key>Album Artist</key><string>King Gizzard &#38; The Lizard Wizard</string>
			<key>Composer</key><string>Stuart Mackenzie &#38; Joey Walker</string>
			<key>Album</key><string>Butterfly 3000</string>
			<key>Genre</key><string>Music</string>
			<key>Kind</key><string>Apple Music AAC audio file</string>
			<key>Size</key><integer>13412169</integer>
			<key>Total Time</key><integer>388133</integer>
			<key>Disc Number</key><integer>1</integer>
			<key>Disc Count</key><integer>1</integer>
			<key>Track Number</key><integer>6</integer>
			<key>Track Count</key><integer>10</integer>
			<key>Year</key><integer>2021</integer>
			<key>Date Modified</key><date>2023-09-25T16:52:04Z</date>
			<key>Date Added</key><date>2023-09-25T16:52:04Z</date>
			<key>Bit Rate</key><integer>256</integer>
			<key>Sample Rate</key><integer>44100</integer>
			<key>Comments</key><string>Yellow</string>
			<key>Play Count</key><integer>2</integer>
			<key>Play Date</key><integer>3819129986</integer>
			<key>Play Date UTC</key><date>2025-01-08T04:26:26Z</date>
			<key>Skip Count</key><integer>1</integer>
			<key>Skip Date</key><date>2025-01-08T22:09:52Z</date>
			<key>Release Date</key><date>2021-06-11T12:00:00Z</date>
			<key>Loved</key><true/>
			<key>Artwork Count</key><integer>1</integer>
			<key>Sort Album</key><string>Butterfly 3000</string>
			<key>Sort Artist</key><string>King Gizzard &#38; The Lizard Wizard</string>
			<key>Sort Name</key><string>Catching Smoke</string>
			<key>Persistent ID</key><string>37B2A61CFDC9E7BE</string>
			<key>Track Type</key><string>Remote</string>
			<key>Apple Music</key><true/>
		</dict>
		<key>6767</key>
		<dict>
			<key>Track ID</key><integer>6767</integer>
			<key>Name</key><string>Spring/Sun/Winter/Dread</string>
			<key>Artist</key><string>Everything Everything</string>
			<key>Album Artist</key><string>Everything Everything</string>
			<key>Album</key><string>Get to Heaven</string>
			<key>Genre</key><string>Music</string>
			<key>Kind</key><string>Apple Music AAC audio file</string>
			<key>Size</key><integer>7015228</integer>
			<key>Total Time</key><integer>198213</integer>
			<key>Disc Number</key><integer>1</integer>
			<key>Disc Count</key><integer>1</integer>
			<key>Track Number</key><integer>5</integer>
			<key>Track Count</key><integer>11</integer>
			<key>Year</key><integer>2015</integer>
			<key>Date Modified</key><date>2023-09-25T16:52:04Z</date>
			<key>Date Added</key><date>2023-09-25T16:52:04Z</date>
			<key>Bit Rate</key><integer>256</integer>
			<key>Sample Rate</key><integer>44100</integer>
			<key>Comments</key><string>Yellow</string>
			<key>Play Count</key><integer>7</integer>
			<key>Play Date</key><integer>3832139038</integer>
			<key>Play Date UTC</key><date>2025-06-07T17:03:58Z</date>
			<key>Skip Count</key><integer>1</integer>
			<key>Skip Date</key><date>2024-02-02T02:30:55Z</date>
			<key>Release Date</key><date>2015-06-19T12:00:00Z</date>
			<key>Loved</key><true/>
			<key>Artwork Count</key><integer>1</integer>
			<key>Sort Album</key><string>Get to Heaven</string>
			<key>Sort Artist</key><string>Everything Everything</string>
			<key>Sort Name</key><string>Spring/Sun/Winter/Dread</string>
			<key>Persistent ID</key><string>77B2AA701BC98BAE</string>
			<key>Track Type</key><string>Remote</string>
			<key>Apple Music</key><true/>
		</dict>
		<key>6793</key>
		<dict>
			<key>Track ID</key><integer>6793</integer>
			<key>Name</key><string>Flightless Bird, American Mouth</string>
			<key>Artist</key><string>Iron &#38; Wine</string>
			<key>Album Artist</key><string>Iron &#38; Wine</string>
			<key>Composer</key><string>Sam Beam</string>
			<key>Album</key><string>The Shepherd's Dog</string>
			<key>Genre</key><string>Music</string>
			<key>Kind</key><string>Apple Music AAC audio file</string>
			<key>Size</key><integer>8605682</integer>
			<key>Total Time</key><integer>241917</integer>
			<key>Disc Number</key><integer>1</integer>
			<key>Disc Count</key><integer>1</integer>
			<key>Track Number</key><integer>12</integer>
			<key>Track Count</key><integer>12</integer>
			<key>Year</key><integer>2007</integer>
			<key>Date Modified</key><date>2023-09-25T16:52:04Z</date>
			<key>Date Added</key><date>2023-09-25T16:52:04Z</date>
			<key>Bit Rate</key><integer>256</integer>
			<key>Sample Rate</key><integer>44100</integer>
			<key>Comments</key><string>Green</string>
			<key>Play Count</key><integer>2</integer>
			<key>Play Date</key><integer>3817812863</integer>
			<key>Play Date UTC</key><date>2024-12-23T22:34:23Z</date>
			<key>Skip Count</key><integer>1</integer>
			<key>Skip Date</key><date>2024-12-31T16:01:19Z</date>
			<key>Release Date</key><date>2007-09-25T07:00:00Z</date>
			<key>Loved</key><true/>
			<key>Artwork Count</key><integer>1</integer>
			<key>Sort Album</key><string>Shepherd's Dog</string>
			<key>Sort Artist</key><string>Iron &#38; Wine</string>
			<key>Sort Name</key><string>Flightless Bird, American Mouth</string>
			<key>Persistent ID</key><string>6BCF6F867D0D2CED</string>
			<key>Track Type</key><string>Remote</string>
			<key>Apple Music</key><true/>
		</dict>
		<key>6803</key>
		<dict>
			<key>Track ID</key><integer>6803</integer>
			<key>Name</key><string>Enjoy the Silence</string>
			<key>Artist</key><string>Depeche Mode</string>
			<key>Album Artist</key><string>Depeche Mode</string>
			<key>Composer</key><string>Martin Gore</string>
			<key>Album</key><string>Violator (Deluxe)</string>
			<key>Genre</key><string>Music</string>
			<key>Kind</key><string>Apple Music AAC audio file</string>
			<key>Size</key><integer>13464324</integer>
			<key>Total Time</key><integer>372827</integer>
			<key>Disc Number</key><integer>1</integer>
			<key>Disc Count</key><integer>1</integer>
			<key>Track Number</key><integer>6</integer>
			<key>Track Count</key><integer>15</integer>
			<key>Year</key><integer>1990</integer>
			<key>Date Modified</key><date>2023-09-25T16:52:04Z</date>
			<key>Date Added</key><date>2023-09-25T16:52:04Z</date>
			<key>Bit Rate</key><integer>256</integer>
			<key>Sample Rate</key><integer>44100</integer>
			<key>Play Count</key><integer>2</integer>
			<key>Play Date</key><integer>3817630615</integer>
			<key>Play Date UTC</key><date>2024-12-21T19:56:55Z</date>
			<key>Release Date</key><date>1990-02-05T12:00:00Z</date>
			<key>Loved</key><true/>
			<key>Artwork Count</key><integer>1</integer>
			<key>Sort Album</key><string>Violator (Deluxe)</string>
			<key>Sort Artist</key><string>Depeche Mode</string>
			<key>Sort Name</key><string>Enjoy the Silence</string>
			<key>Persistent ID</key><string>D94B3C14C0ACD135</string>
			<key>Track Type</key><string>Remote</string>
			<key>Apple Music</key><true/>
		</dict>
		<key>6813</key>
		<dict>
			<key>Track ID</key><integer>6813</integer>
			<key>Name</key><string>Warszawa</string>
			<key>Artist</key><string>David Bowie</string>
			<key>Album Artist</key><string>David Bowie</string>
			<key>Composer</key><string>Brian Eno &#38; David Bowie</string>
			<key>Album</key><string>Low (2017 Remaster)</string>
			<key>Genre</key><string>Music</string>
			<key>Kind</key><string>Apple Music AAC audio file</string>
			<key>Size</key><integer>14185206</integer>
			<key>Total Time</key><integer>387402</integer>
			<key>Disc Number</key><integer>1</integer>
			<key>Disc Count</key><integer>1</integer>
			<key>Track Number</key><integer>8</integer>
			<key>Track Count</key><integer>11</integer>
			<key>Year</key><integer>1977</integer>
			<key>Date Modified</key><date>2023-09-25T16:52:04Z</date>
			<key>Date Added</key><date>2023-09-25T16:52:04Z</date>
			<key>Bit Rate</key><integer>256</integer>
			<key>Sample Rate</key><integer>44100</integer>
			<key>Play Count</key><integer>2</integer>
			<key>Play Date</key><integer>3822483282</integer>
			<key>Play Date UTC</key><date>2025-02-15T23:54:42Z</date>
			<key>Release Date</key><date>1977-01-14T08:00:00Z</date>
			<key>Loved</key><true/>
			<key>Artwork Count</key><integer>1</integer>
			<key>Sort Album</key><string>Low (2017 Remaster)</string>
			<key>Sort Artist</key><string>David Bowie</string>
			<key>Sort Name</key><string>Warszawa</string>
			<key>Persistent ID</key><string>4AB0880EADAAE9DF</string>
			<key>Track Type</key><string>Remote</string>
			<key>Apple Music</key><true/>
		</dict>
		<key>6817</key>
		<dict>
			<key>Track ID</key><integer>6817</integer>
			<key>Name</key><string>A New Career in a New Town</string>
			<key>Artist</key><string>David Bowie</string>
			<key>Album Artist</key><string>David Bowie</string>
			<key>Composer</key><string>David Bowie</string>
			<key>Album</key><string>Low (2017 Remaster)</string>
			<key>Genre</key><string>Music</string>
			<key>Kind</key><string>Apple Music AAC audio file</string>
			<key>Size</key><integer>6910307</integer>
			<key>Total Time</key><integer>175392</integer>
			<key>Disc Number</key><integer>1</integer>
			<key>Disc Count</key><integer>1</integer>
			<key>Track Number</key><integer>7</integer>
			<key>Track Count</key><integer>11</integer>
			<key>Year</key><integer>1977</integer>
			<key>Date Modified</key><date>2023-09-25T16:52:04Z</date>
			<key>Date Added</key><date>2023-09-25T16:52:04Z</date>
			<key>Bit Rate</key><integer>256</integer>
			<key>Sample Rate</key><integer>44100</integer>
			<key>Play Count</key><integer>2</integer>
			<key>Play Date</key><integer>3822482895</integer>
			<key>Play Date UTC</key><date>2025-02-15T23:48:15Z</date>
			<key>Release Date</key><date>1977-01-14T08:00:00Z</date>
			<key>Loved</key><true/>
			<key>Artwork Count</key><integer>1</integer>
			<key>Sort Album</key><string>Low (2017 Remaster)</string>
			<key>Sort Artist</key><string>David Bowie</string>
			<key>Sort Name</key><string>New Career in a New Town</string>
			<key>Persistent ID</key><string>6D7613371A37AF5A</string>
			<key>Track Type</key><string>Remote</string>
			<key>Apple Music</key><true/>
		</dict>
		<key>6825</key>
		<dict>
			<key>Track ID</key><integer>6825</integer>
			<key>Name</key><string>Always Crashing in the Same Car</string>
			<key>Artist</key><string>David Bowie</string>
			<key>Album Artist</key><string>David Bowie</string>
			<key>Composer</key><string>David Bowie</string>
			<key>Album</key><string>Low (2017 Remaster)</string>
			<key>Genre</key><string>Music</string>
			<key>Kind</key><string>Apple Music AAC audio file</string>
			<key>Size</key><integer>8262038</integer>
			<key>Total Time</key><integer>215461</integer>
			<key>Disc Number</key><integer>1</integer>
			<key>Disc Count</key><integer>1</integer>
			<key>Track Number</key><integer>5</integer>
			<key>Track Count</key><integer>11</integer>
			<key>Year</key><integer>1977</integer>
			<key>Date Modified</key><date>2023-09-25T16:52:04Z</date>
			<key>Date Added</key><date>2023-09-25T16:52:04Z</date>
			<key>Bit Rate</key><integer>256</integer>
			<key>Sample Rate</key><integer>44100</integer>
			<key>Play Count</key><integer>2</integer>
			<key>Play Date</key><integer>3822482719</integer>
			<key>Play Date UTC</key><date>2025-02-15T23:45:19Z</date>
			<key>Release Date</key><date>1977-01-14T08:00:00Z</date>
			<key>Loved</key><true/>
			<key>Artwork Count</key><integer>1</integer>
			<key>Sort Album</key><string>Low (2017 Remaster)</string>
			<key>Sort Artist</key><string>David Bowie</string>
			<key>Sort Name</key><string>Always Crashing in the Same Car</string>
			<key>Persistent ID</key><string>54B213DD89119335</string>
			<key>Track Type</key><string>Remote</string>
			<key>Apple Music</key><true/>
		</dict>
		<key>6827</key>
		<dict>
			<key>Track ID</key><integer>6827</integer>
			<key>Name</key><string>Sound and Vision</string>
			<key>Artist</key><string>David Bowie</string>
			<key>Album Artist</key><string>David Bowie</string>
			<key>Composer</key><string>David Bowie</string>
			<key>Album</key><string>Low (2017 Remaster)</string>
			<key>Genre</key><string>Music</string>
			<key>Kind</key><string>Apple Music AAC audio file</string>
			<key>Size</key><integer>7240151</integer>
			<key>Total Time</key><integer>183605</integer>
			<key>Disc Number</key><integer>1</integer>
			<key>Disc Count</key><integer>1</integer>
			<key>Track Number</key><integer>4</integer>
			<key>Track Count</key><integer>11</integer>
			<key>Year</key><integer>1977</integer>
			<key>Date Modified</key><date>2023-09-25T16:52:04Z</date>
			<key>Date Added</key><date>2023-09-25T16:52:04Z</date>
			<key>Bit Rate</key><integer>256</integer>
			<key>Sample Rate</key><integer>44100</integer>
			<key>Play Count</key><integer>3</integer>
			<key>Play Date</key><integer>3822482504</integer>
			<key>Play Date UTC</key><date>2025-02-15T23:41:44Z</date>
			<key>Release Date</key><date>1977-01-14T08:00:00Z</date>
			<key>Loved</key><true/>
			<key>Artwork Count</key><integer>1</integer>
			<key>Sort Album</key><string>Low (2017 Remaster)</string>
			<key>Sort Artist</key><string>David Bowie</string>
			<key>Sort Name</key><string>Sound and Vision</string>
			<key>Persistent ID</key><string>C1394B738B0567CC</string>
			<key>Track Type</key><string>Remote</string>
			<key>Apple Music</key><true/>
		</dict>
		<key>6833</key>
		<dict>
			<key>Track ID</key><integer>6833</integer>
			<key>Name</key><string>What in the World</string>
			<key>Artist</key><string>David Bowie</string>
			<key>Album Artist</key><string>David Bowie</string>
			<key>Composer</key><string>David Bowie</string>
			<key>Album</key><string>Low (2017 Remaster)</string>
			<key>Genre</key><string>Music</string>
			<key>Kind</key><string>Apple Music AAC audio file</string>
			<key>Size</key><integer>5694980</integer>
			<key>Total Time</key><integer>144732</integer>
			<key>Disc Number</key><integer>1</integer>
			<key>Disc Count</key><integer>1</integer>
			<key>Track Number</key><integer>3</integer>
			<key>Track Count</key><integer>11</integer>
			<key>Year</key><integer>1977</integer>
			<key>Date Modified</key><date>2023-09-25T16:52:04Z</date>
			<key>Date Added</key><date>2023-09-25T16:52:04Z</date>
			<key>Bit Rate</key><integer>256</integer>
			<key>Sample Rate</key><integer>44100</integer>
			<key>Play Count</key><integer>2</integer>
			<key>Play Date</key><integer>3822482320</integer>
			<key>Play Date UTC</key><date>2025-02-15T23:38:40Z</date>
			<key>Release Date</key><date>1977-01-14T08:00:00Z</date>
			<key>Loved</key><true/>
			<key>Artwork Count</key><integer>1</integer>
			<key>Sort Album</key><string>Low (2017 Remaster)</string>
			<key>Sort Artist</key><string>David Bowie</string>
			<key>Sort Name</key><string>What in the World</string>
			<key>Persistent ID</key><string>1DD12257C6B9AB95</string>
			<key>Track Type</key><string>Remote</string>
			<key>Apple Music</key><true/>
		</dict>
		<key>6847</key>
		<dict>
			<key>Track ID</key><integer>6847</integer>
			<key>Name</key><string>My Blood</string>
			<key>Artist</key><string>twenty one pilots</string>
			<key>Album Artist</key><string>twenty one pilots</string>
			<key>Composer</key><string>Tyler Joseph</string>
			<key>Album</key><string>Trench</string>
			<key>Genre</key><string>Music</string>
			<key>Kind</key><string>Apple Music AAC audio file</string>
			<key>Size</key><integer>8208266</integer>
			<key>Total Time</key><integer>229127</integer>
			<key>Disc Number</key><integer>1</integer>
			<key>Disc Count</key><integer>1</integer>
			<key>Track Number</key><integer>4</integer>
			<key>Track Count</key><integer>14</integer>
			<key>Year</key><integer>2018</integer>
			<key>Date Modified</key><date>2023-09-25T16:52:04Z</date>
			<key>Date Added</key><date>2023-09-25T16:52:04Z</date>
			<key>Bit Rate</key><integer>256</integer>
			<key>Sample Rate</key><integer>44100</integer>
			<key>Comments</key><string>Green</string>
			<key>Play Count</key><integer>2</integer>
			<key>Play Date</key><integer>3827050480</integer>
			<key>Play Date UTC</key><date>2025-04-09T19:34:40Z</date>
			<key>Release Date</key><date>2018-08-27T07:00:00Z</date>
			<key>Loved</key><true/>
			<key>Artwork Count</key><integer>1</integer>
			<key>Sort Album</key><string>Trench</string>
			<key>Sort Artist</key><string>twenty one pilots</string>
			<key>Sort Name</key><string>My Blood</string>
			<key>Persistent ID</key><string>890A68B8A70D824F</string>
			<key>Track Type</key><string>Remote</string>
			<key>Apple Music</key><true/>
		</dict>
		<key>6849</key>
		<dict>
			<key>Track ID</key><integer>6849</integer>
			<key>Name</key><string>Weeping Wall</string>
			<key>Artist</key><string>David Bowie</string>
			<key>Album Artist</key><string>David Bowie</string>
			<key>Composer</key><string>David Bowie</string>
			<key>Album</key><string>Low (2017 Remaster)</string>
			<key>Genre</key><string>Music</string>
			<key>Kind</key><string>Apple Music AAC audio file</string>
			<key>Size</key><integer>8302736</integer>
			<key>Total Time</key><integer>209017</integer>
			<key>Disc Number</key><integer>1</integer>
			<key>Disc Count</key><integer>1</integer>
			<key>Track Number</key><integer>10</integer>
			<key>Track Count</key><integer>11</integer>
			<key>Year</key><integer>1977</integer>
			<key>Date Modified</key><date>2023-09-25T16:52:04Z</date>
			<key>Date Added</key><date>2023-09-25T16:52:04Z</date>
			<key>Bit Rate</key><integer>256</integer>
			<key>Sample Rate</key><integer>44100</integer>
			<key>Comments</key><string>Indigo</string>
			<key>Play Count</key><integer>2</integer>
			<key>Play Date</key><integer>3822483719</integer>
			<key>Play Date UTC</key><date>2025-02-16T00:01:59Z</date>
			<key>Release Date</key><date>1977-01-14T08:00:00Z</date>
			<key>Loved</key><true/>
			<key>Artwork Count</key><integer>1</integer>
			<key>Sort Album</key><string>Low (2017 Remaster)</string>
			<key>Sort Artist</key><string>David Bowie</string>
			<key>Sort Name</key><string>Weeping Wall</string>
			<key>Persistent ID</key><string>7DEB75823597EE18</string>
			<key>Track Type</key><string>Remote</string>
			<key>Apple Music</key><true/>
		</dict>
		<key>6851</key>
		<dict>
			<key>Track ID</key><integer>6851</integer>
			<key>Name</key><string>Art Decade</string>
			<key>Artist</key><string>David Bowie</string>
			<key>Album Artist</key><string>David Bowie</string>
			<key>Composer</key><string>David Bowie</string>
			<key>Album</key><string>Low (2017 Remaster)</string>
			<key>Genre</key><string>Music</string>
			<key>Kind</key><string>Apple Music AAC audio file</string>
			<key>Size</key><integer>8820946</integer>
			<key>Total Time</key><integer>228164</integer>
			<key>Disc Number</key><integer>1</integer>
			<key>Disc Count</key><integer>1</integer>
			<key>Track Number</key><integer>9</integer>
			<key>Track Count</key><integer>11</integer>
			<key>Year</key><integer>1977</integer>
			<key>Date Modified</key><date>2023-09-25T16:52:04Z</date>
			<key>Date Added</key><date>2023-09-25T16:52:04Z</date>
			<key>Bit Rate</key><integer>256</integer>
			<key>Sample Rate</key><integer>44100</integer>
			<key>Play Count</key><integer>2</integer>
			<key>Play Date</key><integer>3822483510</integer>
			<key>Play Date UTC</key><date>2025-02-15T23:58:30Z</date>
			<key>Release Date</key><date>1977-01-14T08:00:00Z</date>
			<key>Loved</key><true/>
			<key>Artwork Count</key><integer>1</integer>
			<key>Sort Album</key><string>Low (2017 Remaster)</string>
			<key>Sort Artist</key><string>David Bowie</string>
			<key>Sort Name</key><string>Art Decade</string>
			<key>Persistent ID</key><string>B92A0152FAD54928</string>
			<key>Track Type</key><string>Remote</string>
			<key>Apple Music</key><true/>
		</dict>
		<key>6857</key>
		<dict>
			<key>Track ID</key><integer>6857</integer>
			<key>Name</key><string>Disciples</string>
			<key>Artist</key><string>Tame Impala</string>
			<key>Album Artist</key><string>Tame Impala</string>
			<key>Composer</key><string>Kevin Parker</string>
			<key>Album</key><string>Currents</string>
			<key>Genre</key><string>Music</string>
			<key>Kind</key><string>Apple Music AAC audio file</string>
			<key>Size</key><integer>4059654</integer>
			<key>Total Time</key><integer>108480</integer>
			<key>Disc Number</key><integer>1</integer>
			<key>Disc Count</key><integer>1</integer>
			<key>Track Number</key><integer>9</integer>
			<key>Track Count</key><integer>13</integer>
			<key>Year</key><integer>2015</integer>
			<key>Date Modified</key><date>2023-09-25T16:52:04Z</date>
			<key>Date Added</key><date>2023-09-25T16:52:04Z</date>
			<key>Bit Rate</key><integer>256</integer>
			<key>Sample Rate</key><integer>44100</integer>
			<key>Play Count</key><integer>2</integer>
			<key>Play Date</key><integer>3827126754</integer>
			<key>Play Date UTC</key><date>2025-04-10T16:45:54Z</date>
			<key>Release Date</key><date>2015-04-29T12:00:00Z</date>
			<key>Loved</key><true/>
			<key>Artwork Count</key><integer>1</integer>
			<key>Sort Album</key><string>Currents</string>
			<key>Sort Artist</key><string>Tame Impala</string>
			<key>Sort Name</key><string>Disciples</string>
			<key>Persistent ID</key><string>EAF37AD39E031BB9</string>
			<key>Track Type</key><string>Remote</string>
			<key>Apple Music</key><true/>
		</dict>
		<key>6867</key>
		<dict>
			<key>Track ID</key><integer>6867</integer>
			<key>Name</key><string>When I Come Around</string>
			<key>Artist</key><string>Green Day</string>
			<key>Album Artist</key><string>Green Day</string>
			<key>Composer</key><string>Billie Joe Armstrong, Mike Dirnt &#38; Tré Cool</string>
			<key>Album</key><string>Dookie</string>
			<key>Genre</key><string>Music</string>
			<key>Kind</key><string>Apple Music AAC audio file</string>
			<key>Size</key><integer>6817737</integer>
			<key>Total Time</key><integer>177773</integer>
			<key>Disc Number</key><integer>1</integer>
			<key>Disc Count</key><integer>1</integer>
			<key>Track Number</key><integer>10</integer>
			<key>Track Count</key><integer>15</integer>
			<key>Year</key><integer>1994</integer>
			<key>Date Modified</key><date>2023-09-25T16:52:04Z</date>
			<key>Date Added</key><date>2023-09-25T16:52:04Z</date>
			<key>Bit Rate</key><integer>256</integer>
			<key>Sample Rate</key><integer>44100</integer>
			<key>Play Count</key><integer>2</integer>
			<key>Play Date</key><integer>3828276018</integer>
			<key>Play Date UTC</key><date>2025-04-24T00:00:18Z</date>
			<key>Release Date</key><date>1994-02-01T08:00:00Z</date>
			<key>Loved</key><true/>
			<key>Artwork Count</key><integer>1</integer>
			<key>Sort Album</key><string>Dookie</string>
			<key>Sort Artist</key><string>Green Day</string>
			<key>Sort Name</key><string>When I Come Around</string>
			<key>Persistent ID</key><string>C0606F7385AB344E</string>
			<key>Track Type</key><string>Remote</string>
			<key>Apple Music</key><true/>
		</dict>
		<key>6901</key>
		<dict>
			<key>Track ID</key><integer>6901</integer>
			<key>Name</key><string>Gossip</string>
			<key>Artist</key><string>Tame Impala</string>
			<key>Album Artist</key><string>Tame Impala</string>
			<key>Composer</key><string>Kevin Parker</string>
			<key>Album</key><string>Currents</string>
			<key>Genre</key><string>Music</string>
			<key>Kind</key><string>Apple Music AAC audio file</string>
			<key>Size</key><integer>2423660</integer>
			<key>Total Time</key><integer>55400</integer>
			<key>Disc Number</key><integer>1</integer>
			<key>Disc Count</key><integer>1</integer>
			<key>Track Number</key><integer>6</integer>
			<key>Track Count</key><integer>13</integer>
			<key>Year</key><integer>2015</integer>
			<key>Date Modified</key><date>2023-09-25T16:52:04Z</date>
			<key>Date Added</key><date>2023-09-25T16:52:04Z</date>
			<key>Bit Rate</key><integer>256</integer>
			<key>Sample Rate</key><integer>44100</integer>
			<key>Play Count</key><integer>2</integer>
			<key>Play Date</key><integer>3827126198</integer>
			<key>Play Date UTC</key><date>2025-04-10T16:36:38Z</date>
			<key>Release Date</key><date>2015-07-17T12:00:00Z</date>
			<key>Loved</key><true/>
			<key>Artwork Count</key><integer>1</integer>
			<key>Sort Album</key><string>Currents</string>
			<key>Sort Artist</key><string>Tame Impala</string>
			<key>Sort Name</key><string>Gossip</string>
			<key>Persistent ID</key><string>4EEE57236E7D2102</string>
			<key>Track Type</key><string>Remote</string>
			<key>Apple Music</key><true/>
		</dict>
		<key>6915</key>
		<dict>
			<key>Track ID</key><integer>6915</integer>
			<key>Name</key><string>The Less I Know the Better</string>
			<key>Artist</key><string>Tame Impala</string>
			<key>Album Artist</key><string>Tame Impala</string>
			<key>Composer</key><string>Kevin Parker</string>
			<key>Album</key><string>Currents</string>
			<key>Genre</key><string>Music</string>
			<key>Kind</key><string>Apple Music AAC audio file</string>
			<key>Size</key><integer>8224867</integer>
			<key>Total Time</key><integer>218880</integer>
			<key>Disc Number</key><integer>1</integer>
			<key>Disc Count</key><integer>1</integer>
			<key>Track Number</key><integer>7</integer>
			<key>Track Count</key><integer>13</integer>
			<key>Year</key><integer>2015</integer>
			<key>Date Modified</key><date>2023-09-25T16:52:04Z</date>
			<key>Date Added</key><date>2023-09-25T16:52:04Z</date>
			<key>Bit Rate</key><integer>256</integer>
			<key>Sample Rate</key><integer>44100</integer>
			<key>Comments</key><string>Green</string>
			<key>Play Count</key><integer>6</integer>
			<key>Play Date</key><integer>3832495966</integer>
			<key>Play Date UTC</key><date>2025-06-11T20:12:46Z</date>
			<key>Release Date</key><date>2015-07-17T12:00:00Z</date>
			<key>Loved</key><true/>
			<key>Artwork Count</key><integer>1</integer>
			<key>Sort Album</key><string>Currents</string>
			<key>Sort Artist</key><string>Tame Impala</string>
			<key>Sort Name</key><string>Less I Know the Better</string>
			<key>Persistent ID</key><string>33990DA44216A5F7</string>
			<key>Explicit</key><true/>
			<key>Track Type</key><string>Remote</string>
			<key>Apple Music</key><true/>
		</dict>
		<key>6923</key>
		<dict>
			<key>Track ID</key><integer>6923</integer>
			<key>Name</key><string>Past Life</string>
			<key>Artist</key><string>Tame Impala</string>
			<key>Album Artist</key><string>Tame Impala</string>
			<key>Composer</key><string>Kevin Parker</string>
			<key>Album</key><string>Currents</string>
			<key>Genre</key><string>Music</string>
			<key>Kind</key><string>Apple Music AAC audio file</string>
			<key>Size</key><integer>8248655</integer>
			<key>Total Time</key><integer>227747</integer>
			<key>Disc Number</key><integer>1</integer>
			<key>Disc Count</key><integer>1</integer>
			<key>Track Number</key><integer>8</integer>
			<key>Track Count</key><integer>13</integer>
			<key>Year</key><integer>2015</integer>
			<key>Date Modified</key><date>2023-09-25T16:52:04Z</date>
			<key>Date Added</key><date>2023-09-25T16:52:04Z</date>
			<key>Bit Rate</key><integer>256</integer>
			<key>Sample Rate</key><integer>44100</integer>
			<key>Play Count</key><integer>2</integer>
			<key>Play Date</key><integer>3827126645</integer>
			<key>Play Date UTC</key><date>2025-04-10T16:44:05Z</date>
			<key>Release Date</key><date>2015-07-17T12:00:00Z</date>
			<key>Loved</key><true/>
			<key>Artwork Count</key><integer>1</integer>
			<key>Sort Album</key><string>Currents</string>
			<key>Sort Artist</key><string>Tame Impala</string>
			<key>Sort Name</key><string>Past Life</string>
			<key>Persistent ID</key><string>AD865A98F1350191</string>
			<key>Track Type</key><string>Remote</string>
			<key>Apple Music</key><true/>
		</dict>
		<key>6937</key>
		<dict>
			<key>Track ID</key><integer>6937</integer>
			<key>Name</key><string>Weird Fishes / Arpeggi</string>
			<key>Artist</key><string>Radiohead</string>
			<key>Album Artist</key><string>Radiohead</string>
			<key>Composer</key><string>Colin Greenwood, Ed O'Brien, Jonny Greenwood, Phil Selway &#38; Thom Yorke</string>
			<key>Album</key><string>In Rainbows</string>
			<key>Genre</key><string>Music</string>
			<key>Kind</key><string>Apple Music AAC audio file</string>
			<key>Size</key><integer>11338048</integer>
			<key>Total Time</key><integer>318187</integer>
			<key>Disc Number</key><integer>1</integer>
			<key>Disc Count</key><integer>1</integer>
			<key>Track Number</key><integer>4</integer>
			<key>Track Count</key><integer>10</integer>
			<key>Year</key><integer>2007</integer>
			<key>Date Modified</key><date>2023-09-25T16:52:04Z</date>
			<key>Date Added</key><date>2023-09-25T16:52:04Z</date>
			<key>Bit Rate</key><integer>256</integer>
			<key>Sample Rate</key><integer>44100</integer>
			<key>Comments</key><string>White</string>
			<key>Play Count</key><integer>3</integer>
			<key>Play Date</key><integer>3825350275</integer>
			<key>Play Date UTC</key><date>2025-03-21T03:17:55Z</date>
			<key>Release Date</key><date>2007-10-10T07:00:00Z</date>
			<key>Loved</key><true/>
			<key>Artwork Count</key><integer>1</integer>
			<key>Sort Album</key><string>In Rainbows</string>
			<key>Sort Artist</key><string>Radiohead</string>
			<key>Sort Name</key><string>Weird Fishes / Arpeggi</string>
			<key>Persistent ID</key><string>1742F30702C53F52</string>
			<key>Track Type</key><string>Remote</string>
			<key>Apple Music</key><true/>
		</dict>
		<key>6971</key>
		<dict>
			<key>Track ID</key><integer>6971</integer>
			<key>Name</key><string>Dare</string>
			<key>Artist</key><string>Gorillaz</string>
			<key>Album Artist</key><string>Gorillaz</string>
			<key>Composer</key><string>Damon Albarn, Jamie Hewlett &#38; Brian Burton</string>
			<key>Album</key><string>Demon Days</string>
			<key>Genre</key><string>Music</string>
			<key>Kind</key><string>Apple Music AAC audio file</string>
			<key>Size</key><integer>8655515</integer>
			<key>Total Time</key><integer>244307</integer>
			<key>Disc Number</key><integer>1</integer>
			<key>Disc Count</key><integer>1</integer>
			<key>Track Number</key><integer>12</integer>
			<key>Track Count</key><integer>15</integer>
			<key>Year</key><integer>2005</integer>
			<key>Date Modified</key><date>2023-09-25T16:52:04Z</date>
			<key>Date Added</key><date>2023-09-25T16:52:04Z</date>
			<key>Bit Rate</key><integer>256</integer>
			<key>Sample Rate</key><integer>44100</integer>
			<key>Comments</key><string>Orange</string>
			<key>Play Count</key><integer>4</integer>
			<key>Play Date</key><integer>3817635313</integer>
			<key>Play Date UTC</key><date>2024-12-21T21:15:13Z</date>
			<key>Release Date</key><date>2005-05-11T07:00:00Z</date>
			<key>Loved</key><true/>
			<key>Artwork Count</key><integer>1</integer>
			<key>Sort Album</key><string>Demon Days</string>
			<key>Sort Artist</key><string>Gorillaz</string>
			<key>Sort Name</key><string>Dare</string>
			<key>Persistent ID</key><string>437AA1A6650BCFC1</string>
			<key>Track Type</key><string>Remote</string>
			<key>Apple Music</key><true/>
		</dict>
		<key>7027</key>
		<dict>
			<key>Track ID</key><integer>7027</integer>
			<key>Name</key><string>Nude</string>
			<key>Artist</key><string>Radiohead</string>
			<key>Album Artist</key><string>Radiohead</string>
			<key>Composer</key><string>Colin Greenwood, Ed O'Brien, Jonny Greenwood, Phil Selway &#38; Thom Yorke</string>
			<key>Album</key><string>In Rainbows</string>
			<key>Genre</key><string>Music</string>
			<key>Kind</key><string>Apple Music AAC audio file</string>
			<key>Size</key><integer>10008606</integer>
			<key>Total Time</key><integer>255387</integer>
			<key>Disc Number</key><integer>1</integer>
			<key>Disc Count</key><integer>1</integer>
			<key>Track Number</key><integer>3</integer>
			<key>Track Count</key><integer>10</integer>
			<key>Year</key><integer>2007</integer>
			<key>Date Modified</key><date>2023-09-25T16:52:04Z</date>
			<key>Date Added</key><date>2023-09-25T16:52:04Z</date>
			<key>Bit Rate</key><integer>256</integer>
			<key>Sample Rate</key><integer>44100</integer>
			<key>Play Count</key><integer>2</integer>
			<key>Play Date</key><integer>3825349957</integer>
			<key>Play Date UTC</key><date>2025-03-21T03:12:37Z</date>
			<key>Release Date</key><date>2007-10-10T07:00:00Z</date>
			<key>Loved</key><true/>
			<key>Artwork Count</key><integer>1</integer>
			<key>Sort Album</key><string>In Rainbows</string>
			<key>Sort Artist</key><string>Radiohead</string>
			<key>Sort Name</key><string>Nude</string>
			<key>Persistent ID</key><string>980A6FB62AD36CB7</string>
			<key>Track Type</key><string>Remote</string>
			<key>Apple Music</key><true/>
		</dict>
		<key>7035</key>
		<dict>
			<key>Track ID</key><integer>7035</integer>
			<key>Name</key><string>Holocene</string>
			<key>Artist</key><string>Bon Iver</string>
			<key>Album Artist</key><string>Bon Iver</string>
			<key>Composer</key><string>Justin Deyarmond Edison Vernon &#38; Justin Vernon</string>
			<key>Album</key><string>Bon Iver, Bon Iver</string>
			<key>Genre</key><string>Music</string>
			<key>Kind</key><string>Apple Music AAC audio file</string>
			<key>Size</key><integer>12360714</integer>
			<key>Total Time</key><integer>336613</integer>
			<key>Disc Number</key><integer>1</integer>
			<key>Disc Count</key><integer>1</integer>
			<key>Track Number</key><integer>3</integer>
			<key>Track Count</key><integer>10</integer>
			<key>Year</key><integer>2011</integer>
			<key>Date Modified</key><date>2023-09-25T16:52:04Z</date>
			<key>Date Added</key><date>2023-09-25T16:52:04Z</date>
			<key>Bit Rate</key><integer>256</integer>
			<key>Sample Rate</key><integer>44100</integer>
			<key>Play Count</key><integer>2</integer>
			<key>Play Date</key><integer>3827068945</integer>
			<key>Play Date UTC</key><date>2025-04-10T00:42:25Z</date>
			<key>Release Date</key><date>2011-06-21T07:00:00Z</date>
			<key>Loved</key><true/>
			<key>Artwork Count</key><integer>1</integer>
			<key>Sort Album</key><string>Bon Iver, Bon Iver</string>
			<key>Sort Artist</key><string>Bon Iver</string>
			<key>Sort Name</key><string>Holocene</string>
			<key>Persistent ID</key><string>79C05211E07D2C06</string>
			<key>Explicit</key><true/>
			<key>Track Type</key><string>Remote</string>
			<key>Apple Music</key><true/>
		</dict>
		<key>7043</key>
		<dict>
			<key>Track ID</key><integer>7043</integer>
			<key>Name</key><string>Lisbon, OH</string>
			<key>Artist</key><string>Bon Iver</string>
			<key>Album Artist</key><string>Bon Iver</string>
			<key>Composer</key><string>Justin Deyarmond Edison Vernon</string>
			<key>Album</key><string>Bon Iver, Bon Iver</string>
			<key>Genre</key><string>Music</string>
			<key>Kind</key><string>Apple Music AAC audio file</string>
			<key>Size</key><integer>3513635</integer>
			<key>Total Time</key><integer>93360</integer>
			<key>Disc Number</key><integer>1</integer>
			<key>Disc Count</key><integer>1</integer>
			<key>Track Number</key><integer>9</integer>
			<key>Track Count</key><integer>10</integer>
			<key>Year</key><integer>2011</integer>
			<key>Date Modified</key><date>2023-09-25T16:52:04Z</date>
			<key>Date Added</key><date>2023-09-25T16:52:04Z</date>
			<key>Bit Rate</key><integer>256</integer>
			<key>Sample Rate</key><integer>44100</integer>
			<key>Play Count</key><integer>2</integer>
			<key>Play Date</key><integer>3827070202</integer>
			<key>Play Date UTC</key><date>2025-04-10T01:03:22Z</date>
			<key>Release Date</key><date>2011-06-21T07:00:00Z</date>
			<key>Loved</key><true/>
			<key>Artwork Count</key><integer>1</integer>
			<key>Sort Album</key><string>Bon Iver, Bon Iver</string>
			<key>Sort Artist</key><string>Bon Iver</string>
			<key>Sort Name</key><string>Lisbon, OH</string>
			<key>Persistent ID</key><string>F28B60CC199E6464</string>
			<key>Track Type</key><string>Remote</string>
			<key>Apple Music</key><true/>
		</dict>
		<key>7045</key>
		<dict>
			<key>Track ID</key><integer>7045</integer>
			<key>Name</key><string>Calgary</string>
			<key>Artist</key><string>Bon Iver</string>
			<key>Album Artist</key><string>Bon Iver</string>
			<key>Composer</key><string>Justin Deyarmond Edison &#38; Matthew Boutwell McCaughan</string>
			<key>Album</key><string>Bon Iver, Bon Iver</string>
			<key>Genre</key><string>Music</string>
			<key>Kind</key><string>Apple Music AAC audio file</string>
			<key>Size</key><integer>9183011</integer>
			<key>Total Time</key><integer>250200</integer>
			<key>Disc Number</key><integer>1</integer>
			<key>Disc Count</key><integer>1</integer>
			<key>Track Number</key><integer>8</integer>
			<key>Track Count</key><integer>10</integer>
			<key>Year</key><integer>2011</integer>
			<key>Date Modified</key><date>2023-09-25T16:52:04Z</date>
			<key>Date Added</key><date>2023-09-25T16:52:04Z</date>
			<key>Bit Rate</key><integer>256</integer>
			<key>Sample Rate</key><integer>44100</integer>
			<key>Play Count</key><integer>2</integer>
			<key>Play Date</key><integer>3827070108</integer>
			<key>Play Date UTC</key><date>2025-04-10T01:01:48Z</date>
			<key>Release Date</key><date>2011-05-16T12:00:00Z</date>
			<key>Loved</key><true/>
			<key>Artwork Count</key><integer>1</integer>
			<key>Sort Album</key><string>Bon Iver, Bon Iver</string>
			<key>Sort Artist</key><string>Bon Iver</string>
			<key>Sort Name</key><string>Calgary</string>
			<key>Persistent ID</key><string>0956752084D6A317</string>
			<key>Track Type</key><string>Remote</string>
			<key>Apple Music</key><true/>
		</dict>
		<key>7047</key>
		<dict>
			<key>Track ID</key><integer>7047</integer>
			<key>Name</key><string>Beth / Rest</string>
			<key>Artist</key><string>Bon Iver</string>
			<key>Album Artist</key><string>Bon Iver</string>
			<key>Composer</key><string>Justin Deyarmond Edison Vernon</string>
			<key>Album</key><string>Bon Iver, Bon Iver</string>
			<key>Genre</key><string>Music</string>
			<key>Kind</key><string>Apple Music AAC audio file</string>
			<key>Size</key><integer>10811729</integer>
			<key>Total Time</key><integer>316800</integer>
			<key>Disc Number</key><integer>1</integer>
			<key>Disc Count</key><integer>1</integer>
			<key>Track Number</key><integer>10</integer>
			<key>Track Count</key><integer>10</integer>
			<key>Year</key><integer>2011</integer>
			<key>Date Modified</key><date>2023-09-25T16:52:04Z</date>
			<key>Date Added</key><date>2023-09-25T16:52:04Z</date>
			<key>Bit Rate</key><integer>256</integer>
			<key>Sample Rate</key><integer>44100</integer>
			<key>Play Count</key><integer>2</integer>
			<key>Play Date</key><integer>3827070519</integer>
			<key>Play Date UTC</key><date>2025-04-10T01:08:39Z</date>
			<key>Skip Count</key><integer>1</integer>
			<key>Skip Date</key><date>2023-10-31T00:22:44Z</date>
			<key>Release Date</key><date>2011-06-21T07:00:00Z</date>
			<key>Loved</key><true/>
			<key>Artwork Count</key><integer>1</integer>
			<key>Sort Album</key><string>Bon Iver, Bon Iver</string>
			<key>Sort Artist</key><string>Bon Iver</string>
			<key>Sort Name</key><string>Beth / Rest</string>
			<key>Persistent ID</key><string>8C452957FBE13C77</string>
			<key>Track Type</key><string>Remote</string>
			<key>Apple Music</key><true/>
		</dict>
		<key>7051</key>
		<dict>
			<key>Track ID</key><integer>7051</integer>
			<key>Name</key><string>Michicant</string>
			<key>Artist</key><string>Bon Iver</string>
			<key>Album Artist</key><string>Bon Iver</string>
			<key>Composer</key><string>Justin Deyarmond Edison Vernon &#38; Justin Vernon</string>
			<key>Album</key><string>Bon Iver, Bon Iver</string>
			<key>Genre</key><string>Music</string>
			<key>Kind</key><string>Apple Music AAC audio file</string>
			<key>Size</key><integer>8027589</integer>
			<key>Total Time</key><integer>225733</integer>
			<key>Disc Number</key><integer>1</integer>
			<key>Disc Count</key><integer>1</integer>
			<key>Track Number</key><integer>5</integer>
			<key>Track Count</key><integer>10</integer>
			<key>Year</key><integer>2011</integer>
			<key>Date Modified</key><date>2023-09-25T16:52:04Z</date>
			<key>Date Added</key><date>2023-09-25T16:52:04Z</date>
			<key>Bit Rate</key><integer>256</integer>
			<key>Sample Rate</key><integer>44100</integer>
			<key>Play Count</key><integer>2</integer>
			<key>Play Date</key><integer>3827069359</integer>
			<key>Play Date UTC</key><date>2025-04-10T00:49:19Z</date>
			<key>Release Date</key><date>2011-06-21T07:00:00Z</date>
			<key>Loved</key><true/>
			<key>Artwork Count</key><integer>1</integer>
			<key>Sort Album</key><string>Bon Iver, Bon Iver</string>
			<key>Sort Artist</key><string>Bon Iver</string>
			<key>Sort Name</key><string>Michicant</string>
			<key>Persistent ID</key><string>DE977DE04529CF35</string>
			<key>Track Type</key><string>Remote</string>
			<key>Apple Music</key><true/>
		</dict>
		<key>7055</key>
		<dict>
			<key>Track ID</key><integer>7055</integer>
			<key>Name</key><string>Towers</string>
			<key>Artist</key><string>Bon Iver</string>
			<key>Album Artist</key><string>Bon Iver</string>
			<key>Composer</key><string>Justin Deyarmond Edison Vernon &#38; Justin Vernon</string>
			<key>Album</key><string>Bon Iver, Bon Iver</string>
			<key>Genre</key><string>Music</string>
			<key>Kind</key><string>Apple Music AAC audio file</string>
			<key>Size</key><integer>6781114</integer>
			<key>Total Time</key><integer>188040</integer>
			<key>Disc Number</key><integer>1</integer>
			<key>Disc Count</key><integer>1</integer>
			<key>Track Number</key><integer>4</integer>
			<key>Track Count</key><integer>10</integer>
			<key>Year</key><integer>2011</integer>
			<key>Date Modified</key><date>2023-09-25T16:52:04Z</date>
			<key>Date Added</key><date>2023-09-25T16:52:04Z</date>
			<key>Bit Rate</key><integer>256</integer>
			<key>Sample Rate</key><integer>44100</integer>
			<key>Comments</key><string>Green</string>
			<key>Play Count</key><integer>3</integer>
			<key>Play Date</key><integer>3827069133</integer>
			<key>Play Date UTC</key><date>2025-04-10T00:45:33Z</date>
			<key>Release Date</key><date>2011-06-21T07:00:00Z</date>
			<key>Loved</key><true/>
			<key>Artwork Count</key><integer>1</integer>
			<key>Sort Album</key><string>Bon Iver, Bon Iver</string>
			<key>Sort Artist</key><string>Bon Iver</string>
			<key>Sort Name</key><string>Towers</string>
			<key>Persistent ID</key><string>A456EB6244620BB9</string>
			<key>Explicit</key><true/>
			<key>Track Type</key><string>Remote</string>
			<key>Apple Music</key><true/>
		</dict>
		<key>7057</key>
		<dict>
			<key>Track ID</key><integer>7057</integer>
			<key>Name</key><string>Wash.</string>
			<key>Artist</key><string>Bon Iver</string>
			<key>Album Artist</key><string>Bon Iver</string>
			<key>Composer</key><string>Justin Deyarmond Edison Vernon</string>
			<key>Album</key><string>Bon Iver, Bon Iver</string>
			<key>Genre</key><string>Music</string>
			<key>Kind</key><string>Apple Music AAC audio file</string>
			<key>Size</key><integer>10221118</integer>
			<key>Total Time</key><integer>298587</integer>
			<key>Disc Number</key><integer>1</integer>
			<key>Disc Count</key><integer>1</integer>
			<key>Track Number</key><integer>7</integer>
			<key>Track Count</key><integer>10</integer>
			<key>Year</key><integer>2011</integer>
			<key>Date Modified</key><date>2023-09-25T16:52:04Z</date>
			<key>Date Added</key><date>2023-09-25T16:52:04Z</date>
			<key>Bit Rate</key><integer>256</integer>
			<key>Sample Rate</key><integer>44100</integer>
			<key>Play Count</key><integer>2</integer>
			<key>Play Date</key><integer>3827069858</integer>
			<key>Play Date UTC</key><date>2025-04-10T00:57:38Z</date>
			<key>Release Date</key><date>2011-06-21T07:00:00Z</date>
			<key>Loved</key><true/>
			<key>Artwork Count</key><integer>1</integer>
			<key>Sort Album</key><string>Bon Iver, Bon Iver</string>
			<key>Sort Artist</key><string>Bon Iver</string>
			<key>Sort Name</key><string>Wash.</string>
			<key>Persistent ID</key><string>5BC707466C019315</string>
			<key>Track Type</key><string>Remote</string>
			<key>Apple Music</key><true/>
		</dict>
		<key>7059</key>
		<dict>
			<key>Track ID</key><integer>7059</integer>
			<key>Name</key><string>Hinnom, TX</string>
			<key>Artist</key><string>Bon Iver</string>
			<key>Album Artist</key><string>Bon Iver</string>
			<key>Composer</key><string>Justin Deyarmond Edison Vernon</string>
			<key>Album</key><string>Bon Iver, Bon Iver</string>
			<key>Genre</key><string>Music</string>
			<key>Kind</key><string>Apple Music AAC audio file</string>
			<key>Size</key><integer>5843495</integer>
			<key>Total Time</key><integer>165013</integer>
			<key>Disc Number</key><integer>1</integer>
			<key>Disc Count</key><integer>1</integer>
			<key>Track Number</key><integer>6</integer>
			<key>Track Count</key><integer>10</integer>
			<key>Year</key><integer>2011</integer>
			<key>Date Modified</key><date>2023-09-25T16:52:04Z</date>
			<key>Date Added</key><date>2023-09-25T16:52:04Z</date>
			<key>Bit Rate</key><integer>256</integer>
			<key>Sample Rate</key><integer>44100</integer>
			<key>Play Count</key><integer>2</integer>
			<key>Play Date</key><integer>3827069524</integer>
			<key>Play Date UTC</key><date>2025-04-10T00:52:04Z</date>
			<key>Release Date</key><date>2011-06-21T07:00:00Z</date>
			<key>Loved</key><true/>
			<key>Artwork Count</key><integer>1</integer>
			<key>Sort Album</key><string>Bon Iver, Bon Iver</string>
			<key>Sort Artist</key><string>Bon Iver</string>
			<key>Sort Name</key><string>Hinnom, TX</string>
			<key>Persistent ID</key><string>9BFE19D7F86C9E3B</string>
			<key>Track Type</key><string>Remote</string>
			<key>Apple Music</key><true/>
		</dict>
		<key>7061</key>
		<dict>
			<key>Track ID</key><integer>7061</integer>
			<key>Name</key><string>Backseat Freestyle</string>
			<key>Artist</key><string>Kendrick Lamar</string>
			<key>Album Artist</key><string>Kendrick Lamar</string>
			<key>Composer</key><string>Kendrick Lamar &#38; C. Hollis</string>
			<key>Album</key><string>good kid, m.A.A.d city</string>
			<key>Genre</key><string>Music</string>
			<key>Kind</key><string>Apple Music AAC audio file</string>
			<key>Size</key><integer>7748450</integer>
			<key>Total Time</key><integer>212536</integer>
			<key>Disc Number</key><integer>1</integer>
			<key>Disc Count</key><integer>1</integer>
			<key>Track Number</key><integer>3</integer>
			<key>Track Count</key><integer>12</integer>
			<key>Year</key><integer>2012</integer>
			<key>Date Modified</key><date>2023-09-25T16:52:04Z</date>
			<key>Date Added</key><date>2023-09-25T16:52:04Z</date>
			<key>Bit Rate</key><integer>256</integer>
			<key>Sample Rate</key><integer>44100</integer>
			<key>Play Count</key><integer>3</integer>
			<key>Play Date</key><integer>3821255547</integer>
			<key>Play Date UTC</key><date>2025-02-01T18:52:27Z</date>
			<key>Skip Count</key><integer>4</integer>
			<key>Skip Date</key><date>2025-03-22T00:54:38Z</date>
			<key>Release Date</key><date>2012-10-22T12:00:00Z</date>
			<key>Loved</key><true/>
			<key>Artwork Count</key><integer>1</integer>
			<key>Sort Album</key><string>good kid, m.A.A.d city</string>
			<key>Sort Artist</key><string>Kendrick Lamar</string>
			<key>Sort Name</key><string>Backseat Freestyle</string>
			<key>Persistent ID</key><string>99406883745F6885</string>
			<key>Explicit</key><true/>
			<key>Track Type</key><string>Remote</string>
			<key>Apple Music</key><true/>
		</dict>
		<key>7063</key>
		<dict>
			<key>Track ID</key><integer>7063</integer>
			<key>Name</key><string>Money Trees (feat. Jay Rock)</string>
			<key>Artist</key><string>Kendrick Lamar</string>
			<key>Album Artist</key><string>Kendrick Lamar</string>
			<key>Composer</key><string>Kendrick Lamar, D. Natche, Johnny McKinzie, V. Garance, A. Legrand &#38; Alex Scally</string>
			<key>Album</key><string>good kid, m.A.A.d city</string>
			<key>Genre</key><string>Music</string>
			<key>Kind</key><string>Apple Music AAC audio file</string>
			<key>Size</key><integer>13549904</integer>
			<key>Total Time</key><integer>386905</integer>
			<key>Disc Number</key><integer>1</integer>
			<key>Disc Count</key><integer>1</integer>
			<key>Track Number</key><integer>5</integer>
			<key>Track Count</key><integer>12</integer>
			<key>Year</key><integer>2012</integer>
			<key>Date Modified</key><date>2023-09-25T16:52:04Z</date>
			<key>Date Added</key><date>2023-09-25T16:52:04Z</date>
			<key>Bit Rate</key><integer>256</integer>
			<key>Sample Rate</key><integer>44100</integer>
			<key>Play Count</key><integer>15</integer>
			<key>Play Date</key><integer>3830511225</integer>
			<key>Play Date UTC</key><date>2025-05-19T20:53:45Z</date>
			<key>Skip Count</key><integer>2</integer>
			<key>Skip Date</key><date>2025-03-22T00:54:47Z</date>
			<key>Release Date</key><date>2012-10-22T12:00:00Z</date>
			<key>Loved</key><true/>
			<key>Artwork Count</key><integer>1</integer>
			<key>Sort Album</key><string>good kid, m.A.A.d city</string>
			<key>Sort Artist</key><string>Kendrick Lamar</string>
			<key>Sort Name</key><string>Money Trees (feat. Jay Rock)</string>
			<key>Persistent ID</key><string>B265B273DB7BC26D</string>
			<key>Explicit</key><true/>
			<key>Track Type</key><string>Remote</string>
			<key>Apple Music</key><true/>
		</dict>
		<key>7083</key>
		<dict>
			<key>Track ID</key><integer>7083</integer>
			<key>Name</key><string>Head Over Heels / Broken</string>
			<key>Artist</key><string>Tears for Fears</string>
			<key>Album Artist</key><string>Tears for Fears</string>
			<key>Composer</key><string>Roland Orzabal &#38; Curt Smith</string>
			<key>Album</key><string>Songs from the Big Chair</string>
			<key>Genre</key><string>Music</string>
			<key>Kind</key><string>Apple Music AAC audio file</string>
			<key>Size</key><integer>11279686</integer>
			<key>Total Time</key><integer>302120</integer>
			<key>Disc Number</key><integer>1</integer>
			<key>Disc Count</key><integer>1</integer>
			<key>Track Number</key><integer>7</integer>
			<key>Track Count</key><integer>8</integer>
			<key>Year</key><integer>1985</integer>
			<key>Date Modified</key><date>2023-09-25T16:52:04Z</date>
			<key>Date Added</key><date>2023-09-25T16:52:04Z</date>
			<key>Bit Rate</key><integer>256</integer>
			<key>Sample Rate</key><integer>44100</integer>
			<key>Play Count</key><integer>7</integer>
			<key>Play Date</key><integer>3834485354</integer>
			<key>Play Date UTC</key><date>2025-07-04T20:49:14Z</date>
			<key>Release Date</key><date>1985-02-25T12:00:00Z</date>
			<key>Loved</key><true/>
			<key>Artwork Count</key><integer>1</integer>
			<key>Sort Album</key><string>Songs from the Big Chair</string>
			<key>Sort Artist</key><string>Tears for Fears</string>
			<key>Sort Name</key><string>Head Over Heels / Broken</string>
			<key>Persistent ID</key><string>5B0E42A849352E32</string>
			<key>Track Type</key><string>Remote</string>
			<key>Apple Music</key><true/>
		</dict>
		<key>7115</key>
		<dict>
			<key>Track ID</key><integer>7115</integer>
			<key>Name</key><string>Faust Arp</string>
			<key>Artist</key><string>Radiohead</string>
			<key>Album Artist</key><string>Radiohead</string>
			<key>Composer</key><string>Colin Greenwood, Ed O'Brien, Jonny Greenwood, Phil Selway &#38; Thom Yorke</string>
			<key>Album</key><string>In Rainbows</string>
			<key>Genre</key><string>Music</string>
			<key>Kind</key><string>Apple Music AAC audio file</string>
			<key>Size</key><integer>4957871</integer>
			<key>Total Time</key><integer>129680</integer>
			<key>Disc Number</key><integer>1</integer>
			<key>Disc Count</key><integer>1</integer>
			<key>Track Number</key><integer>6</integer>
			<key>Track Count</key><integer>10</integer>
			<key>Year</key><integer>2007</integer>
			<key>Date Modified</key><date>2023-09-25T16:52:04Z</date>
			<key>Date Added</key><date>2023-09-25T16:52:04Z</date>
			<key>Bit Rate</key><integer>256</integer>
			<key>Sample Rate</key><integer>44100</integer>
			<key>Comments</key><string>Indigo</string>
			<key>Play Count</key><integer>2</integer>
			<key>Play Date</key><integer>3825350634</integer>
			<key>Play Date UTC</key><date>2025-03-21T03:23:54Z</date>
			<key>Skip Count</key><integer>1</integer>
			<key>Skip Date</key><date>2025-05-16T14:45:24Z</date>
			<key>Release Date</key><date>2007-10-10T07:00:00Z</date>
			<key>Loved</key><true/>
			<key>Artwork Count</key><integer>1</integer>
			<key>Sort Album</key><string>In Rainbows</string>
			<key>Sort Artist</key><string>Radiohead</string>
			<key>Sort Name</key><string>Faust Arp</string>
			<key>Persistent ID</key><string>8C6BAA7F98C52AD3</string>
			<key>Track Type</key><string>Remote</string>
			<key>Apple Music</key><true/>
		</dict>
		<key>7117</key>
		<dict>
			<key>Track ID</key><integer>7117</integer>
			<key>Name</key><string>Reckoner</string>
			<key>Artist</key><string>Radiohead</string>
			<key>Album Artist</key><string>Radiohead</string>
			<key>Composer</key><string>Colin Greenwood, Ed O'Brien, Jonny Greenwood, Phil Selway &#38; Thom Yorke</string>
			<key>Album</key><string>In Rainbows</string>
			<key>Genre</key><string>Music</string>
			<key>Kind</key><string>Apple Music AAC audio file</string>
			<key>Size</key><integer>11126878</integer>
			<key>Total Time</key><integer>290213</integer>
			<key>Disc Number</key><integer>1</integer>
			<key>Disc Count</key><integer>1</integer>
			<key>Track Number</key><integer>7</integer>
			<key>Track Count</key><integer>10</integer>
			<key>Year</key><integer>2007</integer>
			<key>Date Modified</key><date>2023-09-25T16:52:04Z</date>
			<key>Date Added</key><date>2023-09-25T16:52:04Z</date>
			<key>Bit Rate</key><integer>256</integer>
			<key>Sample Rate</key><integer>44100</integer>
			<key>Play Count</key><integer>2</integer>
			<key>Play Date</key><integer>3825388546</integer>
			<key>Play Date UTC</key><date>2025-03-21T13:55:46Z</date>
			<key>Skip Count</key><integer>1</integer>
			<key>Skip Date</key><date>2025-01-08T21:42:09Z</date>
			<key>Release Date</key><date>2007-10-10T07:00:00Z</date>
			<key>Loved</key><true/>
			<key>Artwork Count</key><integer>1</integer>
			<key>Sort Album</key><string>In Rainbows</string>
			<key>Sort Artist</key><string>Radiohead</string>
			<key>Sort Name</key><string>Reckoner</string>
			<key>Persistent ID</key><string>C213A09605ACC86B</string>
			<key>Track Type</key><string>Remote</string>
			<key>Apple Music</key><true/>
		</dict>
		<key>7157</key>
		<dict>
			<key>Track ID</key><integer>7157</integer>
			<key>Name</key><string>The Moment</string>
			<key>Artist</key><string>Tame Impala</string>
			<key>Album Artist</key><string>Tame Impala</string>
			<key>Composer</key><string>Kevin Parker</string>
			<key>Album</key><string>Currents</string>
			<key>Genre</key><string>Music</string>
			<key>Kind</key><string>Apple Music AAC audio file</string>
			<key>Size</key><integer>9693572</integer>
			<key>Total Time</key><integer>255440</integer>
			<key>Disc Number</key><integer>1</integer>
			<key>Disc Count</key><integer>1</integer>
			<key>Track Number</key><integer>3</integer>
			<key>Track Count</key><integer>13</integer>
			<key>Year</key><integer>2015</integer>
			<key>Date Modified</key><date>2023-09-25T16:52:04Z</date>
			<key>Date Added</key><date>2023-09-25T16:52:04Z</date>
			<key>Bit Rate</key><integer>256</integer>
			<key>Sample Rate</key><integer>44100</integer>
			<key>Play Count</key><integer>2</integer>
			<key>Play Date</key><integer>3827125553</integer>
			<key>Play Date UTC</key><date>2025-04-10T16:25:53Z</date>
			<key>Release Date</key><date>2015-07-17T12:00:00Z</date>
			<key>Loved</key><true/>
			<key>Artwork Count</key><integer>1</integer>
			<key>Sort Album</key><string>Currents</string>
			<key>Sort Artist</key><string>Tame Impala</string>
			<key>Sort Name</key><string>Moment</string>
			<key>Persistent ID</key><string>27CF3BF347A17FA6</string>
			<key>Track Type</key><string>Remote</string>
			<key>Apple Music</key><true/>
		</dict>
		<key>7159</key>
		<dict>
			<key>Track ID</key><integer>7159</integer>
			<key>Name</key><string>Yes I'm Changing</string>
			<key>Artist</key><string>Tame Impala</string>
			<key>Album Artist</key><string>Tame Impala</string>
			<key>Composer</key><string>Kevin Parker</string>
			<key>Album</key><string>Currents</string>
			<key>Genre</key><string>Music</string>
			<key>Kind</key><string>Apple Music AAC audio file</string>
			<key>Size</key><integer>9839756</integer>
			<key>Total Time</key><integer>270653</integer>
			<key>Disc Number</key><integer>1</integer>
			<key>Disc Count</key><integer>1</integer>
			<key>Track Number</key><integer>4</integer>
			<key>Track Count</key><integer>13</integer>
			<key>Year</key><integer>2015</integer>
			<key>Date Modified</key><date>2023-09-25T16:52:04Z</date>
			<key>Date Added</key><date>2023-09-25T16:52:04Z</date>
			<key>Bit Rate</key><integer>256</integer>
			<key>Sample Rate</key><integer>44100</integer>
			<key>Play Count</key><integer>2</integer>
			<key>Play Date</key><integer>3827125824</integer>
			<key>Play Date UTC</key><date>2025-04-10T16:30:24Z</date>
			<key>Release Date</key><date>2015-07-17T12:00:00Z</date>
			<key>Loved</key><true/>
			<key>Artwork Count</key><integer>1</integer>
			<key>Sort Album</key><string>Currents</string>
			<key>Sort Artist</key><string>Tame Impala</string>
			<key>Sort Name</key><string>Yes I'm Changing</string>
			<key>Persistent ID</key><string>9CD4F1E45F240AD1</string>
			<key>Explicit</key><true/>
			<key>Track Type</key><string>Remote</string>
			<key>Apple Music</key><true/>
		</dict>
		<key>7167</key>
		<dict>
			<key>Track ID</key><integer>7167</integer>
			<key>Name</key><string>All I Need</string>
			<key>Artist</key><string>Radiohead</string>
			<key>Album Artist</key><string>Radiohead</string>
			<key>Composer</key><string>Colin Greenwood, Ed O'Brien, Jonny Greenwood, Phil Selway &#38; Thom Yorke</string>
			<key>Album</key><string>In Rainbows</string>
			<key>Genre</key><string>Music</string>
			<key>Kind</key><string>Apple Music AAC audio file</string>
			<key>Size</key><integer>8225571</integer>
			<key>Total Time</key><integer>228747</integer>
			<key>Disc Number</key><integer>1</integer>
			<key>Disc Count</key><integer>1</integer>
			<key>Track Number</key><integer>5</integer>
			<key>Track Count</key><integer>10</integer>
			<key>Year</key><integer>2007</integer>
			<key>Date Modified</key><date>2023-09-25T16:52:04Z</date>
			<key>Date Added</key><date>2023-09-25T16:52:04Z</date>
			<key>Bit Rate</key><integer>256</integer>
			<key>Sample Rate</key><integer>44100</integer>
			<key>Comments</key><string>Blue</string>
			<key>Play Count</key><integer>3</integer>
			<key>Play Date</key><integer>3832263537</integer>
			<key>Play Date UTC</key><date>2025-06-09T03:38:57Z</date>
			<key>Release Date</key><date>2007-10-10T07:00:00Z</date>
			<key>Loved</key><true/>
			<key>Artwork Count</key><integer>1</integer>
			<key>Sort Album</key><string>In Rainbows</string>
			<key>Sort Artist</key><string>Radiohead</string>
			<key>Sort Name</key><string>All I Need</string>
			<key>Persistent ID</key><string>5BAF64FADDCD7361</string>
			<key>Track Type</key><string>Remote</string>
			<key>Apple Music</key><true/>
		</dict>
		<key>7173</key>
		<dict>
			<key>Track ID</key><integer>7173</integer>
			<key>Name</key><string>Eventually</string>
			<key>Artist</key><string>Tame Impala</string>
			<key>Album Artist</key><string>Tame Impala</string>
			<key>Composer</key><string>Kevin Parker</string>
			<key>Album</key><string>Currents</string>
			<key>Genre</key><string>Music</string>
			<key>Kind</key><string>Apple Music AAC audio file</string>
			<key>Size</key><integer>11273769</integer>
			<key>Total Time</key><integer>319307</integer>
			<key>Disc Number</key><integer>1</integer>
			<key>Disc Count</key><integer>1</integer>
			<key>Track Number</key><integer>5</integer>
			<key>Track Count</key><integer>13</integer>
			<key>Year</key><integer>2015</integer>
			<key>Date Modified</key><date>2023-09-25T16:52:04Z</date>
			<key>Date Added</key><date>2023-09-25T16:52:04Z</date>
			<key>Bit Rate</key><integer>256</integer>
			<key>Sample Rate</key><integer>44100</integer>
			<key>Play Count</key><integer>2</integer>
			<key>Play Date</key><integer>3827126143</integer>
			<key>Play Date UTC</key><date>2025-04-10T16:35:43Z</date>
			<key>Release Date</key><date>2015-05-08T12:00:00Z</date>
			<key>Loved</key><true/>
			<key>Artwork Count</key><integer>1</integer>
			<key>Sort Album</key><string>Currents</string>
			<key>Sort Artist</key><string>Tame Impala</string>
			<key>Sort Name</key><string>Eventually</string>
			<key>Persistent ID</key><string>EF3E7C614B165527</string>
			<key>Track Type</key><string>Remote</string>
			<key>Apple Music</key><true/>
		</dict>
		<key>7213</key>
		<dict>
			<key>Track ID</key><integer>7213</integer>
			<key>Name</key><string>Cute Thing</string>
			<key>Artist</key><string>Car Seat Headrest</string>
			<key>Album Artist</key><string>Car Seat Headrest</string>
			<key>Composer</key><string>William Barnes</string>
			<key>Album</key><string>Twin Fantasy</string>
			<key>Genre</key><string>Music</string>
			<key>Kind</key><string>Apple Music AAC audio file</string>
			<key>Size</key><integer>11877576</integer>
			<key>Total Time</key><integer>339322</integer>
			<key>Disc Number</key><integer>1</integer>
			<key>Disc Count</key><integer>1</integer>
			<key>Track Number</key><integer>7</integer>
			<key>Track Count</key><integer>10</integer>
			<key>Year</key><integer>2018</integer>
			<key>Date Modified</key><date>2023-09-25T16:52:05Z</date>
			<key>Date Added</key><date>2023-09-25T16:52:05Z</date>
			<key>Bit Rate</key><integer>256</integer>
			<key>Sample Rate</key><integer>44100</integer>
			<key>Play Count</key><integer>2</integer>
			<key>Play Date</key><integer>3825427713</integer>
			<key>Play Date UTC</key><date>2025-03-22T00:48:33Z</date>
			<key>Release Date</key><date>2018-02-16T12:00:00Z</date>
			<key>Loved</key><true/>
			<key>Artwork Count</key><integer>1</integer>
			<key>Sort Album</key><string>Twin Fantasy</string>
			<key>Sort Artist</key><string>Car Seat Headrest</string>
			<key>Sort Name</key><string>Cute Thing</string>
			<key>Persistent ID</key><string>A1CB630C6369342E</string>
			<key>Explicit</key><true/>
			<key>Track Type</key><string>Remote</string>
			<key>Apple Music</key><true/>
		</dict>
		<key>7215</key>
		<dict>
			<key>Track ID</key><integer>7215</integer>
			<key>Name</key><string>Bodys</string>
			<key>Artist</key><string>Car Seat Headrest</string>
			<key>Album Artist</key><string>Car Seat Headrest</string>
			<key>Composer</key><string>William Barnes</string>
			<key>Album</key><string>Twin Fantasy</string>
			<key>Genre</key><string>Music</string>
			<key>Kind</key><string>Apple Music AAC audio file</string>
			<key>Size</key><integer>14492983</integer>
			<key>Total Time</key><integer>406935</integer>
			<key>Disc Number</key><integer>1</integer>
			<key>Disc Count</key><integer>1</integer>
			<key>Track Number</key><integer>6</integer>
			<key>Track Count</key><integer>10</integer>
			<key>Year</key><integer>2018</integer>
			<key>Date Modified</key><date>2023-09-25T16:52:05Z</date>
			<key>Date Added</key><date>2023-09-25T16:52:05Z</date>
			<key>Bit Rate</key><integer>256</integer>
			<key>Sample Rate</key><integer>44100</integer>
			<key>Play Count</key><integer>2</integer>
			<key>Play Date</key><integer>3825418534</integer>
			<key>Play Date UTC</key><date>2025-03-21T22:15:34Z</date>
			<key>Release Date</key><date>2018-02-16T12:00:00Z</date>
			<key>Loved</key><true/>
			<key>Artwork Count</key><integer>1</integer>
			<key>Sort Album</key><string>Twin Fantasy</string>
			<key>Sort Artist</key><string>Car Seat Headrest</string>
			<key>Sort Name</key><string>Bodys</string>
			<key>Persistent ID</key><string>44409B35D1D38A14</string>
			<key>Track Type</key><string>Remote</string>
			<key>Apple Music</key><true/>
		</dict>
		<key>7235</key>
		<dict>
			<key>Track ID</key><integer>7235</integer>
			<key>Name</key><string>Once In a Lifetime</string>
			<key>Artist</key><string>Talking Heads</string>
			<key>Album Artist</key><string>Talking Heads</string>
			<key>Composer</key><string>Brian Eno, Chris Frantz, David Byrne, Jerry Harrison &#38; Tina Weymouth</string>
			<key>Album</key><string>Remain In Light</string>
			<key>Genre</key><string>Music</string>
			<key>Kind</key><string>Apple Music AAC audio file</string>
			<key>Size</key><integer>9185630</integer>
			<key>Total Time</key><integer>258600</integer>
			<key>Disc Number</key><integer>1</integer>
			<key>Disc Count</key><integer>1</integer>
			<key>Track Number</key><integer>4</integer>
			<key>Track Count</key><integer>8</integer>
			<key>Year</key><integer>1980</integer>
			<key>Date Modified</key><date>2023-09-25T16:52:05Z</date>
			<key>Date Added</key><date>2023-09-25T16:52:05Z</date>
			<key>Bit Rate</key><integer>256</integer>
			<key>Sample Rate</key><integer>44100</integer>
			<key>Comments</key><string>Yellow</string>
			<key>Play Count</key><integer>5</integer>
			<key>Play Date</key><integer>3834416370</integer>
			<key>Play Date UTC</key><date>2025-07-04T01:39:30Z</date>
			<key>Skip Count</key><integer>1</integer>
			<key>Skip Date</key><date>2025-01-08T21:57:21Z</date>
			<key>Release Date</key><date>1980-10-08T07:00:00Z</date>
			<key>Loved</key><true/>
			<key>Artwork Count</key><integer>1</integer>
			<key>Sort Album</key><string>Remain In Light</string>
			<key>Sort Artist</key><string>Talking Heads</string>
			<key>Sort Name</key><string>Once In a Lifetime</string>
			<key>Persistent ID</key><string>4DB10A7F2DBB8DF4</string>
			<key>Track Type</key><string>Remote</string>
			<key>Apple Music</key><true/>
		</dict>
		<key>7249</key>
		<dict>
			<key>Track ID</key><integer>7249</integer>
			<key>Name</key><string>Welcome to Paradise</string>
			<key>Artist</key><string>Green Day</string>
			<key>Album Artist</key><string>Green Day</string>
			<key>Composer</key><string>Billie Joe Armstrong, Mike Dirnt &#38; Tré Cool</string>
			<key>Album</key><string>Dookie</string>
			<key>Genre</key><string>Music</string>
			<key>Kind</key><string>Apple Music AAC audio file</string>
			<key>Size</key><integer>8610294</integer>
			<key>Total Time</key><integer>224133</integer>
			<key>Disc Number</key><integer>1</integer>
			<key>Disc Count</key><integer>1</integer>
			<key>Track Number</key><integer>5</integer>
			<key>Track Count</key><integer>15</integer>
			<key>Year</key><integer>1994</integer>
			<key>Date Modified</key><date>2023-09-25T16:52:05Z</date>
			<key>Date Added</key><date>2023-09-25T16:52:05Z</date>
			<key>Bit Rate</key><integer>256</integer>
			<key>Sample Rate</key><integer>44100</integer>
			<key>Play Count</key><integer>2</integer>
			<key>Play Date</key><integer>3828276425</integer>
			<key>Play Date UTC</key><date>2025-04-24T00:07:05Z</date>
			<key>Release Date</key><date>1994-02-01T08:00:00Z</date>
			<key>Loved</key><true/>
			<key>Artwork Count</key><integer>1</integer>
			<key>Sort Album</key><string>Dookie</string>
			<key>Sort Artist</key><string>Green Day</string>
			<key>Sort Name</key><string>Welcome to Paradise</string>
			<key>Persistent ID</key><string>487C7A8E7431B463</string>
			<key>Track Type</key><string>Remote</string>
			<key>Apple Music</key><true/>
		</dict>
		<key>7311</key>
		<dict>
			<key>Track ID</key><integer>7311</integer>
			<key>Name</key><string>On Melancholy Hill</string>
			<key>Artist</key><string>Gorillaz</string>
			<key>Album Artist</key><string>Gorillaz</string>
			<key>Composer</key><string>Damon Albarn</string>
			<key>Album</key><string>Plastic Beach</string>
			<key>Genre</key><string>Music</string>
			<key>Kind</key><string>Apple Music AAC audio file</string>
			<key>Size</key><integer>8969971</integer>
			<key>Total Time</key><integer>233867</integer>
			<key>Disc Number</key><integer>1</integer>
			<key>Disc Count</key><integer>1</integer>
			<key>Track Number</key><integer>10</integer>
			<key>Track Count</key><integer>16</integer>
			<key>Year</key><integer>2010</integer>
			<key>Date Modified</key><date>2023-09-25T16:52:05Z</date>
			<key>Date Added</key><date>2023-09-25T16:52:05Z</date>
			<key>Bit Rate</key><integer>256</integer>
			<key>Sample Rate</key><integer>44100</integer>
			<key>Comments</key><string>Green</string>
			<key>Play Count</key><integer>3</integer>
			<key>Play Date</key><integer>3832138538</integer>
			<key>Play Date UTC</key><date>2025-06-07T16:55:38Z</date>
			<key>Release Date</key><date>2010-03-03T08:00:00Z</date>
			<key>Loved</key><true/>
			<key>Artwork Count</key><integer>1</integer>
			<key>Sort Album</key><string>Plastic Beach</string>
			<key>Sort Artist</key><string>Gorillaz</string>
			<key>Sort Name</key><string>On Melancholy Hill</string>
			<key>Persistent ID</key><string>3A288F1137CB2C53</string>
			<key>Track Type</key><string>Remote</string>
			<key>Apple Music</key><true/>
		</dict>
		<key>7313</key>
		<dict>
			<key>Track ID</key><integer>7313</integer>
			<key>Name</key><string>Let Down</string>
			<key>Artist</key><string>Radiohead</string>
			<key>Album Artist</key><string>Radiohead</string>
			<key>Composer</key><string>Colin Greenwood, Ed O'Brien, Jonny Greenwood, Phil Selway &#38; Thom Yorke</string>
			<key>Album</key><string>OK Computer</string>
			<key>Genre</key><string>Music</string>
			<key>Kind</key><string>Apple Music AAC audio file</string>
			<key>Size</key><integer>11623492</integer>
			<key>Total Time</key><integer>299560</integer>
			<key>Disc Number</key><integer>1</integer>
			<key>Disc Count</key><integer>1</integer>
			<key>Track Number</key><integer>5</integer>
			<key>Track Count</key><integer>12</integer>
			<key>Year</key><integer>1997</integer>
			<key>Date Modified</key><date>2023-09-25T16:52:05Z</date>
			<key>Date Added</key><date>2023-09-25T16:52:05Z</date>
			<key>Bit Rate</key><integer>256</integer>
			<key>Sample Rate</key><integer>44100</integer>
			<key>Comments</key><string>White</string>
			<key>Play Count</key><integer>2</integer>
			<key>Play Date</key><integer>3817635613</integer>
			<key>Play Date UTC</key><date>2024-12-21T21:20:13Z</date>
			<key>Release Date</key><date>1997-05-21T07:00:00Z</date>
			<key>Loved</key><true/>
			<key>Artwork Count</key><integer>1</integer>
			<key>Sort Album</key><string>OK Computer</string>
			<key>Sort Artist</key><string>Radiohead</string>
			<key>Sort Name</key><string>Let Down</string>
			<key>Persistent ID</key><string>0E4E7DEDAE015B6D</string>
			<key>Track Type</key><string>Remote</string>
			<key>Apple Music</key><true/>
		</dict>
		<key>7317</key>
		<dict>
			<key>Track ID</key><integer>7317</integer>
			<key>Name</key><string>Karma Police</string>
			<key>Artist</key><string>Radiohead</string>
			<key>Album Artist</key><string>Radiohead</string>
			<key>Composer</key><string>Colin Greenwood, Ed O'Brien, Jonny Greenwood, Phil Selway &#38; Thom Yorke</string>
			<key>Album</key><string>OK Computer</string>
			<key>Genre</key><string>Music</string>
			<key>Kind</key><string>Apple Music AAC audio file</string>
			<key>Size</key><integer>9458868</integer>
			<key>Total Time</key><integer>264067</integer>
			<key>Disc Number</key><integer>1</integer>
			<key>Disc Count</key><integer>1</integer>
			<key>Track Number</key><integer>6</integer>
			<key>Track Count</key><integer>12</integer>
			<key>Year</key><integer>1997</integer>
			<key>Date Modified</key><date>2023-09-25T16:52:05Z</date>
			<key>Date Added</key><date>2023-09-25T16:52:05Z</date>
			<key>Bit Rate</key><integer>256</integer>
			<key>Sample Rate</key><integer>44100</integer>
			<key>Play Count</key><integer>2</integer>
			<key>Play Date</key><integer>3788360221</integer>
			<key>Play Date UTC</key><date>2024-01-18T01:17:01Z</date>
			<key>Release Date</key><date>1997-05-21T07:00:00Z</date>
			<key>Loved</key><true/>
			<key>Artwork Count</key><integer>1</integer>
			<key>Sort Album</key><string>OK Computer</string>
			<key>Sort Artist</key><string>Radiohead</string>
			<key>Sort Name</key><string>Karma Police</string>
			<key>Persistent ID</key><string>712EC981A963AF75</string>
			<key>Track Type</key><string>Remote</string>
			<key>Apple Music</key><true/>
		</dict>
		<key>7375</key>
		<dict>
			<key>Track ID</key><integer>7375</integer>
			<key>Name</key><string>Keep the Car Running</string>
			<key>Artist</key><string>Arcade Fire</string>
			<key>Album Artist</key><string>Arcade Fire</string>
			<key>Composer</key><string>Edwin Butler, Regine Chassagne, Tim Kingsbury, Richard Reed Parry &#38; William Butler</string>
			<key>Album</key><string>Neon Bible</string>
			<key>Genre</key><string>Music</string>
			<key>Kind</key><string>Apple Music AAC audio file</string>
			<key>Size</key><integer>8054622</integer>
			<key>Total Time</key><integer>209093</integer>
			<key>Disc Number</key><integer>1</integer>
			<key>Disc Count</key><integer>1</integer>
			<key>Track Number</key><integer>2</integer>
			<key>Track Count</key><integer>11</integer>
			<key>Year</key><integer>2007</integer>
			<key>Date Modified</key><date>2023-09-25T16:52:05Z</date>
			<key>Date Added</key><date>2023-09-25T16:52:05Z</date>
			<key>Bit Rate</key><integer>256</integer>
			<key>Sample Rate</key><integer>44100</integer>
			<key>Comments</key><string>White</string>
			<key>Play Count</key><integer>1</integer>
			<key>Play Date</key><integer>3780927566</integer>
			<key>Play Date UTC</key><date>2023-10-23T23:39:26Z</date>
			<key>Release Date</key><date>2007-03-02T12:00:00Z</date>
			<key>Loved</key><true/>
			<key>Artwork Count</key><integer>1</integer>
			<key>Sort Album</key><string>Neon Bible</string>
			<key>Sort Artist</key><string>Arcade Fire</string>
			<key>Sort Name</key><string>Keep the Car Running</string>
			<key>Persistent ID</key><string>DAFFA92C56777A19</string>
			<key>Track Type</key><string>Remote</string>
			<key>Apple Music</key><true/>
		</dict>
		<key>7381</key>
		<dict>
			<key>Track ID</key><integer>7381</integer>
			<key>Name</key><string>Yesterday</string>
			<key>Artist</key><string>The Beatles</string>
			<key>Album Artist</key><string>The Beatles</string>
			<key>Composer</key><string>John Lennon &#38; Paul McCartney</string>
			<key>Album</key><string>Help!</string>
			<key>Genre</key><string>Music</string>
			<key>Kind</key><string>Apple Music AAC audio file</string>
			<key>Size</key><integer>4892339</integer>
			<key>Total Time</key><integer>125667</integer>
			<key>Disc Number</key><integer>1</integer>
			<key>Disc Count</key><integer>1</integer>
			<key>Track Number</key><integer>13</integer>
			<key>Track Count</key><integer>14</integer>
			<key>Year</key><integer>1965</integer>
			<key>Date Modified</key><date>2023-09-25T16:52:05Z</date>
			<key>Date Added</key><date>2023-09-25T16:52:05Z</date>
			<key>Bit Rate</key><integer>256</integer>
			<key>Sample Rate</key><integer>44100</integer>
			<key>Comments</key><string>Blue</string>
			<key>Play Count</key><integer>1</integer>
			<key>Play Date</key><integer>3781511901</integer>
			<key>Play Date UTC</key><date>2023-10-30T17:58:21Z</date>
			<key>Release Date</key><date>1965-08-06T12:00:00Z</date>
			<key>Loved</key><true/>
			<key>Artwork Count</key><integer>1</integer>
			<key>Sort Album</key><string>Help!</string>
			<key>Sort Album Artist</key><string>Beatles</string>
			<key>Sort Artist</key><string>Beatles</string>
			<key>Sort Name</key><string>Yesterday</string>
			<key>Persistent ID</key><string>825095FAA32EA8BD</string>
			<key>Track Type</key><string>Remote</string>
			<key>Apple Music</key><true/>
		</dict>
		<key>7413</key>
		<dict>
			<key>Track ID</key><integer>7413</integer>
			<key>Name</key><string>Dave’s Song</string>
			<key>Artist</key><string>Whitney</string>
			<key>Album Artist</key><string>Whitney</string>
			<key>Album</key><string>Light Upon the Lake</string>
			<key>Genre</key><string>Music</string>
			<key>Kind</key><string>Apple Music AAC audio file</string>
			<key>Size</key><integer>6502081</integer>
			<key>Total Time</key><integer>181213</integer>
			<key>Disc Number</key><integer>1</integer>
			<key>Disc Count</key><integer>1</integer>
			<key>Track Number</key><integer>4</integer>
			<key>Track Count</key><integer>10</integer>
			<key>Year</key><integer>2016</integer>
			<key>Date Modified</key><date>2023-09-25T16:52:05Z</date>
			<key>Date Added</key><date>2023-09-25T16:52:05Z</date>
			<key>Bit Rate</key><integer>256</integer>
			<key>Sample Rate</key><integer>44100</integer>
			<key>Comments</key><string>Green</string>
			<key>Play Count</key><integer>5</integer>
			<key>Play Date</key><integer>3834576457</integer>
			<key>Play Date UTC</key><date>2025-07-05T22:07:37Z</date>
			<key>Release Date</key><date>2016-06-03T12:00:00Z</date>
			<key>Loved</key><true/>
			<key>Artwork Count</key><integer>1</integer>
			<key>Sort Album</key><string>Light Upon the Lake</string>
			<key>Sort Artist</key><string>Whitney</string>
			<key>Sort Name</key><string>Dave’s Song</string>
			<key>Persistent ID</key><string>CBEC9039C8061FC2</string>
			<key>Track Type</key><string>Remote</string>
			<key>Apple Music</key><true/>
		</dict>
		<key>7469</key>
		<dict>
			<key>Track ID</key><integer>7469</integer>
			<key>Name</key><string>Strawberry Swing</string>
			<key>Artist</key><string>Coldplay</string>
			<key>Album Artist</key><string>Coldplay</string>
			<key>Composer</key><string>Chris Martin, Guy Berryman, Jonny Buckland &#38; Will Champion</string>
			<key>Album</key><string>Viva La Vida or Death and All His Friends</string>
			<key>Genre</key><string>Music</string>
			<key>Kind</key><string>Apple Music AAC audio file</string>
			<key>Size</key><integer>8938149</integer>
			<key>Total Time</key><integer>249699</integer>
			<key>Disc Number</key><integer>1</integer>
			<key>Disc Count</key><integer>1</integer>
			<key>Track Number</key><integer>9</integer>
			<key>Track Count</key><integer>10</integer>
			<key>Year</key><integer>2008</integer>
			<key>Date Modified</key><date>2023-09-25T16:53:01Z</date>
			<key>Date Added</key><date>2023-09-25T16:53:01Z</date>
			<key>Bit Rate</key><integer>256</integer>
			<key>Sample Rate</key><integer>44100</integer>
			<key>Comments</key><string>Yellow</string>
			<key>Play Count</key><integer>3</integer>
			<key>Play Date</key><integer>3795005892</integer>
			<key>Play Date UTC</key><date>2024-04-03T22:18:12Z</date>
			<key>Release Date</key><date>2008-06-12T07:00:00Z</date>
			<key>Loved</key><true/>
			<key>Artwork Count</key><integer>1</integer>
			<key>Sort Album</key><string>Viva La Vida or Death and All His Friends</string>
			<key>Sort Artist</key><string>Coldplay</string>
			<key>Sort Name</key><string>Strawberry Swing</string>
			<key>Persistent ID</key><string>664B6519671D7D02</string>
			<key>Track Type</key><string>Remote</string>
			<key>Apple Music</key><true/>
		</dict>
		<key>7543</key>
		<dict>
			<key>Track ID</key><integer>7543</integer>
			<key>Name</key><string>Rings of Saturn</string>
			<key>Artist</key><string>Nick Cave &#38; The Bad Seeds</string>
			<key>Album Artist</key><string>Nick Cave &#38; The Bad Seeds</string>
			<key>Album</key><string>Skeleton Tree</string>
			<key>Genre</key><string>Music</string>
			<key>Kind</key><string>Apple Music AAC audio file</string>
			<key>Size</key><integer>7443105</integer>
			<key>Total Time</key><integer>208520</integer>
			<key>Disc Number</key><integer>1</integer>
			<key>Disc Count</key><integer>1</integer>
			<key>Track Number</key><integer>2</integer>
			<key>Track Count</key><integer>8</integer>
			<key>Year</key><integer>2016</integer>
			<key>Date Modified</key><date>2023-09-25T16:53:01Z</date>
			<key>Date Added</key><date>2023-09-25T16:53:01Z</date>
			<key>Bit Rate</key><integer>256</integer>
			<key>Sample Rate</key><integer>44100</integer>
			<key>Comments</key><string>Blue</string>
			<key>Play Count</key><integer>2</integer>
			<key>Play Date</key><integer>3826955655</integer>
			<key>Play Date UTC</key><date>2025-04-08T17:14:15Z</date>
			<key>Release Date</key><date>2016-09-09T07:00:00Z</date>
			<key>Loved</key><true/>
			<key>Artwork Count</key><integer>1</integer>
			<key>Sort Album</key><string>Skeleton Tree</string>
			<key>Sort Artist</key><string>Nick Cave &#38; The Bad Seeds</string>
			<key>Sort Name</key><string>Rings of Saturn</string>
			<key>Persistent ID</key><string>762A716B34BCD041</string>
			<key>Track Type</key><string>Remote</string>
			<key>Apple Music</key><true/>
		</dict>
		<key>7567</key>
		<dict>
			<key>Track ID</key><integer>7567</integer>
			<key>Name</key><string>She's a Woman</string>
			<key>Artist</key><string>The Beatles</string>
			<key>Album Artist</key><string>The Beatles</string>
			<key>Composer</key><string>John Lennon &#38; Paul McCartney</string>
			<key>Album</key><string>Past Masters, Vols. 1 &#38; 2</string>
			<key>Genre</key><string>Music</string>
			<key>Kind</key><string>Apple Music AAC audio file</string>
			<key>Size</key><integer>7387923</integer>
			<key>Total Time</key><integer>182880</integer>
			<key>Disc Number</key><integer>1</integer>
			<key>Disc Count</key><integer>2</integer>
			<key>Track Number</key><integer>15</integer>
			<key>Track Count</key><integer>18</integer>
			<key>Year</key><integer>1964</integer>
			<key>Date Modified</key><date>2023-09-25T16:53:02Z</date>
			<key>Date Added</key><date>2023-09-25T16:53:02Z</date>
			<key>Bit Rate</key><integer>256</integer>
			<key>Sample Rate</key><integer>44100</integer>
			<key>Play Count</key><integer>1</integer>
			<key>Play Date</key><integer>3834559723</integer>
			<key>Play Date UTC</key><date>2025-07-05T17:28:43Z</date>
			<key>Skip Count</key><integer>1</integer>
			<key>Skip Date</key><date>2025-07-04T23:59:53Z</date>
			<key>Release Date</key><date>1964-11-23T12:00:00Z</date>
			<key>Loved</key><true/>
			<key>Compilation</key><true/>
			<key>Artwork Count</key><integer>1</integer>
			<key>Sort Album</key><string>Past Masters, Vols. 1 &#38; 2</string>
			<key>Sort Album Artist</key><string>Beatles</string>
			<key>Sort Artist</key><string>Beatles</string>
			<key>Sort Name</key><string>She's a Woman</string>
			<key>Persistent ID</key><string>E7E6646AD74C3076</string>
			<key>Track Type</key><string>Remote</string>
			<key>Apple Music</key><true/>
		</dict>
		<key>7629</key>
		<dict>
			<key>Track ID</key><integer>7629</integer>
			<key>Name</key><string>Don't Think Twice, It's All Right</string>
			<key>Artist</key><string>Bob Dylan</string>
			<key>Album Artist</key><string>Bob Dylan</string>
			<key>Composer</key><string>Bob Dylan</string>
			<key>Album</key><string>The Freewheelin' Bob Dylan</string>
			<key>Genre</key><string>Music</string>
			<key>Kind</key><string>Apple Music AAC audio file</string>
			<key>Size</key><integer>8043930</integer>
			<key>Total Time</key><integer>220888</integer>
			<key>Disc Number</key><integer>1</integer>
			<key>Disc Count</key><integer>1</integer>
			<key>Track Number</key><integer>7</integer>
			<key>Track Count</key><integer>13</integer>
			<key>Year</key><integer>1963</integer>
			<key>Date Modified</key><date>2023-09-25T16:53:02Z</date>
			<key>Date Added</key><date>2023-09-25T16:53:02Z</date>
			<key>Bit Rate</key><integer>256</integer>
			<key>Sample Rate</key><integer>44100</integer>
			<key>Comments</key><string>Green</string>
			<key>Play Count</key><integer>35</integer>
			<key>Play Date</key><integer>3834722443</integer>
			<key>Play Date UTC</key><date>2025-07-07T14:40:43Z</date>
			<key>Skip Count</key><integer>1</integer>
			<key>Skip Date</key><date>2025-03-05T22:11:45Z</date>
			<key>Release Date</key><date>1963-05-27T07:00:00Z</date>
			<key>Loved</key><true/>
			<key>Artwork Count</key><integer>1</integer>
			<key>Sort Album</key><string>Freewheelin' Bob Dylan</string>
			<key>Sort Artist</key><string>Bob Dylan</string>
			<key>Sort Name</key><string>Don't Think Twice, It's All Right</string>
			<key>Persistent ID</key><string>C996452E5DF287DC</string>
			<key>Track Type</key><string>Remote</string>
			<key>Apple Music</key><true/>
		</dict>
		<key>7657</key>
		<dict>
			<key>Track ID</key><integer>7657</integer>
			<key>Name</key><string>Drive</string>
			<key>Artist</key><string>Incubus</string>
			<key>Album Artist</key><string>Incubus</string>
			<key>Composer</key><string>Brandon Boyd, Michael Einziger, José Pasillas II, Alex Katunich &#38; Chris Kilmore</string>
			<key>Album</key><string>Make Yourself</string>
			<key>Genre</key><string>Music</string>
			<key>Kind</key><string>Apple Music AAC audio file</string>
			<key>Size</key><integer>8546176</integer>
			<key>Total Time</key><integer>232428</integer>
			<key>Disc Number</key><integer>1</integer>
			<key>Disc Count</key><integer>1</integer>
			<key>Track Number</key><integer>8</integer>
			<key>Track Count</key><integer>13</integer>
			<key>Year</key><integer>1999</integer>
			<key>Date Modified</key><date>2023-09-25T16:53:02Z</date>
			<key>Date Added</key><date>2023-09-25T16:53:02Z</date>
			<key>Bit Rate</key><integer>256</integer>
			<key>Sample Rate</key><integer>44100</integer>
			<key>Play Count</key><integer>3</integer>
			<key>Play Date</key><integer>3828276658</integer>
			<key>Play Date UTC</key><date>2025-04-24T00:10:58Z</date>
			<key>Skip Count</key><integer>2</integer>
			<key>Skip Date</key><date>2025-03-31T00:35:48Z</date>
			<key>Release Date</key><date>1999-10-26T07:00:00Z</date>
			<key>Loved</key><true/>
			<key>Artwork Count</key><integer>1</integer>
			<key>Sort Album</key><string>Make Yourself</string>
			<key>Sort Artist</key><string>Incubus</string>
			<key>Sort Name</key><string>Drive</string>
			<key>Persistent ID</key><string>850B1F52FB1E80B9</string>
			<key>Track Type</key><string>Remote</string>
			<key>Apple Music</key><true/>
		</dict>
		<key>7659</key>
		<dict>
			<key>Track ID</key><integer>7659</integer>
			<key>Name</key><string>This Must Be the Place (Naive Melody)</string>
			<key>Artist</key><string>Talking Heads</string>
			<key>Album Artist</key><string>Talking Heads</string>
			<key>Composer</key><string>Chris Frantz, David Byrne, Jerry Harrison &#38; Tina Weymouth</string>
			<key>Album</key><string>Speaking In Tongues</string>
			<key>Genre</key><string>Music</string>
			<key>Kind</key><string>Apple Music AAC audio file</string>
			<key>Size</key><integer>11209345</integer>
			<key>Total Time</key><integer>295427</integer>
			<key>Disc Number</key><integer>1</integer>
			<key>Disc Count</key><integer>1</integer>
			<key>Track Number</key><integer>9</integer>
			<key>Track Count</key><integer>9</integer>
			<key>Year</key><integer>1983</integer>
			<key>Date Modified</key><date>2023-09-25T16:53:02Z</date>
			<key>Date Added</key><date>2023-09-25T16:53:02Z</date>
			<key>Bit Rate</key><integer>256</integer>
			<key>Sample Rate</key><integer>44100</integer>
			<key>Play Count</key><integer>32</integer>
			<key>Play Date</key><integer>3834426928</integer>
			<key>Play Date UTC</key><date>2025-07-04T04:35:28Z</date>
			<key>Skip Count</key><integer>1</integer>
			<key>Skip Date</key><date>2024-11-23T19:11:14Z</date>
			<key>Release Date</key><date>1983-05-31T07:00:00Z</date>
			<key>Loved</key><true/>
			<key>Artwork Count</key><integer>1</integer>
			<key>Sort Album</key><string>Speaking In Tongues</string>
			<key>Sort Artist</key><string>Talking Heads</string>
			<key>Sort Name</key><string>This Must Be the Place (Naive Melody)</string>
			<key>Persistent ID</key><string>1734C63ABCD8A5CA</string>
			<key>Track Type</key><string>Remote</string>
			<key>Apple Music</key><true/>
		</dict>
		<key>7793</key>
		<dict>
			<key>Track ID</key><integer>7793</integer>
			<key>Name</key><string>This Boy</string>
			<key>Artist</key><string>The Beatles</string>
			<key>Album Artist</key><string>The Beatles</string>
			<key>Composer</key><string>John Lennon &#38; Paul McCartney</string>
			<key>Album</key><string>Past Masters, Vols. 1 &#38; 2</string>
			<key>Genre</key><string>Music</string>
			<key>Kind</key><string>Apple Music AAC audio file</string>
			<key>Size</key><integer>5576550</integer>
			<key>Total Time</key><integer>136080</integer>
			<key>Disc Number</key><integer>1</integer>
			<key>Disc Count</key><integer>2</integer>
			<key>Track Number</key><integer>7</integer>
			<key>Track Count</key><integer>18</integer>
			<key>Year</key><integer>1963</integer>
			<key>Date Modified</key><date>2023-09-25T16:53:02Z</date>
			<key>Date Added</key><date>2023-09-25T16:53:02Z</date>
			<key>Bit Rate</key><integer>256</integer>
			<key>Sample Rate</key><integer>44100</integer>
			<key>Play Count</key><integer>1</integer>
			<key>Play Date</key><integer>3834496933</integer>
			<key>Play Date UTC</key><date>2025-07-05T00:02:13Z</date>
			<key>Release Date</key><date>1963-11-29T12:00:00Z</date>
			<key>Loved</key><true/>
			<key>Compilation</key><true/>
			<key>Artwork Count</key><integer>1</integer>
			<key>Sort Album</key><string>Past Masters, Vols. 1 &#38; 2</string>
			<key>Sort Album Artist</key><string>Beatles</string>
			<key>Sort Artist</key><string>Beatles</string>
			<key>Sort Name</key><string>This Boy</string>
			<key>Persistent ID</key><string>3798DC44886554F0</string>
			<key>Track Type</key><string>Remote</string>
			<key>Apple Music</key><true/>
		</dict>
		<key>7819</key>
		<dict>
			<key>Track ID</key><integer>7819</integer>
			<key>Name</key><string>Dancing Queen</string>
			<key>Artist</key><string>ABBA</string>
			<key>Album Artist</key><string>ABBA</string>
			<key>Composer</key><string>Benny Andersson, Stig Anderson &#38; Björn Ulvaeus</string>
			<key>Album</key><string>Arrival (Bonus Track Version)</string>
			<key>Genre</key><string>Music</string>
			<key>Kind</key><string>Apple Music AAC audio file</string>
			<key>Size</key><integer>9138044</integer>
			<key>Total Time</key><integer>231844</integer>
			<key>Disc Number</key><integer>1</integer>
			<key>Disc Count</key><integer>1</integer>
			<key>Track Number</key><integer>2</integer>
			<key>Track Count</key><integer>12</integer>
			<key>Year</key><integer>1976</integer>
			<key>Date Modified</key><date>2023-09-25T16:53:02Z</date>
			<key>Date Added</key><date>2023-09-25T16:53:02Z</date>
			<key>Bit Rate</key><integer>256</integer>
			<key>Sample Rate</key><integer>44100</integer>
			<key>Play Count</key><integer>1</integer>
			<key>Play Date</key><integer>3780408847</integer>
			<key>Play Date UTC</key><date>2023-10-17T23:34:07Z</date>
			<key>Release Date</key><date>1976-10-11T07:00:00Z</date>
			<key>Loved</key><true/>
			<key>Artwork Count</key><integer>1</integer>
			<key>Sort Album</key><string>Arrival (Bonus Track Version)</string>
			<key>Sort Artist</key><string>ABBA</string>
			<key>Sort Name</key><string>Dancing Queen</string>
			<key>Persistent ID</key><string>1CC823E342B93172</string>
			<key>Track Type</key><string>Remote</string>
			<key>Apple Music</key><true/>
		</dict>
		<key>7943</key>
		<dict>
			<key>Track ID</key><integer>7943</integer>
			<key>Name</key><string>Night Ride</string>
			<key>Artist</key><string>The Growlers</string>
			<key>Album Artist</key><string>The Growlers</string>
			<key>Composer</key><string>Brooks Nielsen, Matt Taylor &#38; Kyle Straka</string>
			<key>Album</key><string>City Club</string>
			<key>Genre</key><string>Music</string>
			<key>Kind</key><string>Apple Music AAC audio file</string>
			<key>Size</key><integer>8885797</integer>
			<key>Total Time</key><integer>251424</integer>
			<key>Disc Number</key><integer>1</integer>
			<key>Disc Count</key><integer>1</integer>
			<key>Track Number</key><integer>4</integer>
			<key>Track Count</key><integer>13</integer>
			<key>Year</key><integer>2016</integer>
			<key>Date Modified</key><date>2023-09-25T16:53:02Z</date>
			<key>Date Added</key><date>2023-09-25T16:53:02Z</date>
			<key>Bit Rate</key><integer>256</integer>
			<key>Sample Rate</key><integer>44100</integer>
			<key>Play Count</key><integer>2</integer>
			<key>Play Date</key><integer>3832262500</integer>
			<key>Play Date UTC</key><date>2025-06-09T03:21:40Z</date>
			<key>Release Date</key><date>2016-09-23T12:00:00Z</date>
			<key>Loved</key><true/>
			<key>Artwork Count</key><integer>1</integer>
			<key>Sort Album</key><string>City Club</string>
			<key>Sort Album Artist</key><string>Growlers</string>
			<key>Sort Artist</key><string>Growlers</string>
			<key>Sort Name</key><string>Night Ride</string>
			<key>Persistent ID</key><string>8A9A342135147FE4</string>
			<key>Track Type</key><string>Remote</string>
			<key>Apple Music</key><true/>
		</dict>
		<key>7949</key>
		<dict>
			<key>Track ID</key><integer>7949</integer>
			<key>Name</key><string>When You Were Made</string>
			<key>Artist</key><string>The Growlers</string>
			<key>Album Artist</key><string>The Growlers</string>
			<key>Composer</key><string>Brooks Nielsen, Matt Taylor &#38; Kyle Straka</string>
			<key>Album</key><string>City Club</string>
			<key>Genre</key><string>Music</string>
			<key>Kind</key><string>Apple Music AAC audio file</string>
			<key>Size</key><integer>7719589</integer>
			<key>Total Time</key><integer>218352</integer>
			<key>Disc Number</key><integer>1</integer>
			<key>Disc Count</key><integer>1</integer>
			<key>Track Number</key><integer>6</integer>
			<key>Track Count</key><integer>13</integer>
			<key>Year</key><integer>2016</integer>
			<key>Date Modified</key><date>2023-09-25T16:53:02Z</date>
			<key>Date Added</key><date>2023-09-25T16:53:02Z</date>
			<key>Bit Rate</key><integer>256</integer>
			<key>Sample Rate</key><integer>44100</integer>
			<key>Comments</key><string>Green</string>
			<key>Play Count</key><integer>2</integer>
			<key>Play Date</key><integer>3818394982</integer>
			<key>Play Date UTC</key><date>2024-12-30T16:16:22Z</date>
			<key>Release Date</key><date>2016-09-30T12:00:00Z</date>
			<key>Loved</key><true/>
			<key>Artwork Count</key><integer>1</integer>
			<key>Sort Album</key><string>City Club</string>
			<key>Sort Album Artist</key><string>Growlers</string>
			<key>Sort Artist</key><string>Growlers</string>
			<key>Sort Name</key><string>When You Were Made</string>
			<key>Persistent ID</key><string>E44E598FCDD3E4D6</string>
			<key>Track Type</key><string>Remote</string>
			<key>Apple Music</key><true/>
		</dict>
		<key>8093</key>
		<dict>
			<key>Track ID</key><integer>8093</integer>
			<key>Name</key><string>Sour Times</string>
			<key>Artist</key><string>Portishead</string>
			<key>Album Artist</key><string>Portishead</string>
			<key>Composer</key><string>Geoff Barrow, Beth Gibbons &#38; Adrian Utley</string>
			<key>Album</key><string>Dummy</string>
			<key>Genre</key><string>Music</string>
			<key>Kind</key><string>Apple Music AAC audio file</string>
			<key>Size</key><integer>9022884</integer>
			<key>Total Time</key><integer>252267</integer>
			<key>Disc Number</key><integer>1</integer>
			<key>Disc Count</key><integer>1</integer>
			<key>Track Number</key><integer>2</integer>
			<key>Track Count</key><integer>11</integer>
			<key>Year</key><integer>1994</integer>
			<key>Date Modified</key><date>2023-09-25T16:53:03Z</date>
			<key>Date Added</key><date>2023-09-25T16:53:03Z</date>
			<key>Bit Rate</key><integer>256</integer>
			<key>Sample Rate</key><integer>44100</integer>
			<key>Play Count</key><integer>10</integer>
			<key>Play Date</key><integer>3832843665</integer>
			<key>Play Date UTC</key><date>2025-06-15T20:47:45Z</date>
			<key>Skip Count</key><integer>2</integer>
			<key>Skip Date</key><date>2025-06-04T15:34:18Z</date>
			<key>Release Date</key><date>1994-01-01T12:00:00Z</date>
			<key>Loved</key><true/>
			<key>Artwork Count</key><integer>1</integer>
			<key>Sort Album</key><string>Dummy</string>
			<key>Sort Artist</key><string>Portishead</string>
			<key>Sort Name</key><string>Sour Times</string>
			<key>Persistent ID</key><string>D4A6884706041CDB</string>
			<key>Track Type</key><string>Remote</string>
			<key>Apple Music</key><true/>
		</dict>
		<key>8123</key>
		<dict>
			<key>Track ID</key><integer>8123</integer>
			<key>Name</key><string>Disarm</string>
			<key>Artist</key><string>The Smashing Pumpkins</string>
			<key>Album Artist</key><string>The Smashing Pumpkins</string>
			<key>Composer</key><string>Billy Corgan</string>
			<key>Album</key><string>Siamese Dream</string>
			<key>Genre</key><string>Music</string>
			<key>Kind</key><string>Apple Music AAC audio file</string>
			<key>Size</key><integer>7151774</integer>
			<key>Total Time</key><integer>196913</integer>
			<key>Disc Number</key><integer>1</integer>
			<key>Disc Count</key><integer>1</integer>
			<key>Track Number</key><integer>6</integer>
			<key>Track Count</key><integer>13</integer>
			<key>Year</key><integer>1993</integer>
			<key>Date Modified</key><date>2023-09-25T16:53:03Z</date>
			<key>Date Added</key><date>2023-09-25T16:53:03Z</date>
			<key>Bit Rate</key><integer>256</integer>
			<key>Sample Rate</key><integer>44100</integer>
			<key>Comments</key><string>White</string>
			<key>Play Count</key><integer>5</integer>
			<key>Play Date</key><integer>3817625703</integer>
			<key>Play Date UTC</key><date>2024-12-21T18:35:03Z</date>
			<key>Release Date</key><date>1993-07-27T07:00:00Z</date>
			<key>Loved</key><true/>
			<key>Artwork Count</key><integer>1</integer>
			<key>Sort Album</key><string>Siamese Dream</string>
			<key>Sort Album Artist</key><string>Smashing Pumpkins</string>
			<key>Sort Artist</key><string>Smashing Pumpkins</string>
			<key>Sort Name</key><string>Disarm</string>
			<key>Persistent ID</key><string>80B16C527CE7397E</string>
			<key>Track Type</key><string>Remote</string>
			<key>Apple Music</key><true/>
		</dict>
		<key>8197</key>
		<dict>
			<key>Track ID</key><integer>8197</integer>
			<key>Name</key><string>Poison &#38; Wine</string>
			<key>Artist</key><string>The Civil Wars</string>
			<key>Album Artist</key><string>The Civil Wars</string>
			<key>Composer</key><string>John Paul White, Joy Williams &#38; Chris Lindsey</string>
			<key>Album</key><string>Barton Hollow</string>
			<key>Genre</key><string>Music</string>
			<key>Kind</key><string>Apple Music AAC audio file</string>
			<key>Size</key><integer>7715877</integer>
			<key>Total Time</key><integer>219467</integer>
			<key>Disc Number</key><integer>1</integer>
			<key>Disc Count</key><integer>1</integer>
			<key>Track Number</key><integer>5</integer>
			<key>Track Count</key><integer>14</integer>
			<key>Year</key><integer>2009</integer>
			<key>Date Modified</key><date>2023-09-25T16:53:03Z</date>
			<key>Date Added</key><date>2023-09-25T16:53:03Z</date>
			<key>Bit Rate</key><integer>256</integer>
			<key>Sample Rate</key><integer>44100</integer>
			<key>Play Count</key><integer>3</integer>
			<key>Play Date</key><integer>3832137572</integer>
			<key>Play Date UTC</key><date>2025-06-07T16:39:32Z</date>
			<key>Release Date</key><date>2009-11-15T12:00:00Z</date>
			<key>Loved</key><true/>
			<key>Artwork Count</key><integer>1</integer>
			<key>Sort Album</key><string>Barton Hollow</string>
			<key>Sort Album Artist</key><string>Civil Wars</string>
			<key>Sort Artist</key><string>Civil Wars</string>
			<key>Sort Name</key><string>Poison &#38; Wine</string>
			<key>Persistent ID</key><string>9E515F2A801F8A0B</string>
			<key>Track Type</key><string>Remote</string>
			<key>Apple Music</key><true/>
		</dict>
		<key>8209</key>
		<dict>
			<key>Track ID</key><integer>8209</integer>
			<key>Name</key><string>Under Control</string>
			<key>Artist</key><string>The Strokes</string>
			<key>Album Artist</key><string>The Strokes</string>
			<key>Composer</key><string>Julian Casablancas</string>
			<key>Album</key><string>Room On Fire</string>
			<key>Genre</key><string>Music</string>
			<key>Kind</key><string>Apple Music AAC audio file</string>
			<key>Size</key><integer>6740333</integer>
			<key>Total Time</key><integer>187307</integer>
			<key>Disc Number</key><integer>1</integer>
			<key>Disc Count</key><integer>1</integer>
			<key>Track Number</key><integer>8</integer>
			<key>Track Count</key><integer>11</integer>
			<key>Year</key><integer>2003</integer>
			<key>Date Modified</key><date>2023-09-25T16:53:03Z</date>
			<key>Date Added</key><date>2023-09-25T16:53:03Z</date>
			<key>Bit Rate</key><integer>256</integer>
			<key>Sample Rate</key><integer>44100</integer>
			<key>Comments</key><string>Yellow</string>
			<key>Play Count</key><integer>3</integer>
			<key>Play Date</key><integer>3832573647</integer>
			<key>Play Date UTC</key><date>2025-06-12T17:47:27Z</date>
			<key>Release Date</key><date>2003-10-21T07:00:00Z</date>
			<key>Loved</key><true/>
			<key>Artwork Count</key><integer>1</integer>
			<key>Sort Album</key><string>Room On Fire</string>
			<key>Sort Album Artist</key><string>Strokes</string>
			<key>Sort Artist</key><string>Strokes</string>
			<key>Sort Name</key><string>Under Control</string>
			<key>Persistent ID</key><string>E463C24FA0903FC8</string>
			<key>Track Type</key><string>Remote</string>
			<key>Apple Music</key><true/>
		</dict>
		<key>8225</key>
		<dict>
			<key>Track ID</key><integer>8225</integer>
			<key>Name</key><string>Kiss Me</string>
			<key>Artist</key><string>Sixpence None the Richer</string>
			<key>Album Artist</key><string>Sixpence None the Richer</string>
			<key>Album</key><string>Sixpence None the Richer</string>
			<key>Genre</key><string>Music</string>
			<key>Kind</key><string>Apple Music AAC audio file</string>
			<key>Size</key><integer>7742635</integer>
			<key>Total Time</key><integer>208680</integer>
			<key>Disc Number</key><integer>1</integer>
			<key>Disc Count</key><integer>1</integer>
			<key>Track Number</key><integer>4</integer>
			<key>Track Count</key><integer>13</integer>
			<key>Year</key><integer>1997</integer>
			<key>Date Modified</key><date>2023-09-25T16:53:03Z</date>
			<key>Date Added</key><date>2023-09-25T16:53:03Z</date>
			<key>Bit Rate</key><integer>256</integer>
			<key>Sample Rate</key><integer>44100</integer>
			<key>Comments</key><string>Green</string>
			<key>Play Count</key><integer>2</integer>
			<key>Play Date</key><integer>3795442423</integer>
			<key>Play Date UTC</key><date>2024-04-08T23:33:43Z</date>
			<key>Release Date</key><date>1997-11-22T08:00:00Z</date>
			<key>Loved</key><true/>
			<key>Artwork Count</key><integer>1</integer>
			<key>Sort Album</key><string>Sixpence None the Richer</string>
			<key>Sort Artist</key><string>Sixpence None the Richer</string>
			<key>Sort Name</key><string>Kiss Me</string>
			<key>Persistent ID</key><string>3F68DC2348EBD049</string>
			<key>Track Type</key><string>Remote</string>
			<key>Apple Music</key><true/>
		</dict>
		<key>8241</key>
		<dict>
			<key>Track ID</key><integer>8241</integer>
			<key>Name</key><string>Santa Monica</string>
			<key>Artist</key><string>Everclear</string>
			<key>Album Artist</key><string>Everclear</string>
			<key>Composer</key><string>Art Alexakis, Craig Montoya &#38; Greg Eklund</string>
			<key>Album</key><string>Sparkle And Fade</string>
			<key>Genre</key><string>Music</string>
			<key>Kind</key><string>Apple Music AAC audio file</string>
			<key>Size</key><integer>7091172</integer>
			<key>Total Time</key><integer>191507</integer>
			<key>Disc Number</key><integer>1</integer>
			<key>Disc Count</key><integer>1</integer>
			<key>Track Number</key><integer>4</integer>
			<key>Track Count</key><integer>14</integer>
			<key>Year</key><integer>1995</integer>
			<key>Date Modified</key><date>2023-09-25T16:53:03Z</date>
			<key>Date Added</key><date>2023-09-25T16:53:03Z</date>
			<key>Bit Rate</key><integer>256</integer>
			<key>Sample Rate</key><integer>44100</integer>
			<key>Comments</key><string>Green</string>
			<key>Play Count</key><integer>2</integer>
			<key>Play Date</key><integer>3817637560</integer>
			<key>Play Date UTC</key><date>2024-12-21T21:52:40Z</date>
			<key>Release Date</key><date>1995-05-23T07:00:00Z</date>
			<key>Loved</key><true/>
			<key>Artwork Count</key><integer>1</integer>
			<key>Sort Album</key><string>Sparkle And Fade</string>
			<key>Sort Artist</key><string>Everclear</string>
			<key>Sort Name</key><string>Santa Monica</string>
			<key>Persistent ID</key><string>0043DC3DAD11BBF9</string>
			<key>Track Type</key><string>Remote</string>
			<key>Apple Music</key><true/>
		</dict>
		<key>8275</key>
		<dict>
			<key>Track ID</key><integer>8275</integer>
			<key>Name</key><string>Because I'm Me</string>
			<key>Artist</key><string>The Avalanches</string>
			<key>Album Artist</key><string>The Avalanches</string>
			<key>Composer</key><string>Robbie Chater, Tony Di Blasi, Salahadeen Wilds, Saladine T. Wallace, Gregory Perry, General Norman Johnson &#38; Barney Perkins</string>
			<key>Album</key><string>Wildflower</string>
			<key>Genre</key><string>Music</string>
			<key>Kind</key><string>Apple Music AAC audio file</string>
			<key>Size</key><integer>9231806</integer>
			<key>Total Time</key><integer>252800</integer>
			<key>Disc Number</key><integer>1</integer>
			<key>Disc Count</key><integer>1</integer>
			<key>Track Number</key><integer>2</integer>
			<key>Track Count</key><integer>22</integer>
			<key>Year</key><integer>2016</integer>
			<key>Date Modified</key><date>2023-09-25T16:53:03Z</date>
			<key>Date Added</key><date>2023-09-25T16:53:03Z</date>
			<key>Bit Rate</key><integer>256</integer>
			<key>Sample Rate</key><integer>44100</integer>
			<key>Comments</key><string>Yellow</string>
			<key>Play Count</key><integer>1</integer>
			<key>Play Date</key><integer>3795865565</integer>
			<key>Play Date UTC</key><date>2024-04-13T21:06:05Z</date>
			<key>Release Date</key><date>2016-07-01T12:00:00Z</date>
			<key>Loved</key><true/>
			<key>Artwork Count</key><integer>1</integer>
			<key>Sort Album</key><string>Wildflower</string>
			<key>Sort Album Artist</key><string>Avalanches</string>
			<key>Sort Artist</key><string>Avalanches</string>
			<key>Sort Name</key><string>Because I'm Me</string>
			<key>Persistent ID</key><string>9303084DFC8CF95D</string>
			<key>Track Type</key><string>Remote</string>
			<key>Apple Music</key><true/>
		</dict>
		<key>8313</key>
		<dict>
			<key>Track ID</key><integer>8313</integer>
			<key>Name</key><string>I'm Down</string>
			<key>Artist</key><string>The Beatles</string>
			<key>Album Artist</key><string>The Beatles</string>
			<key>Composer</key><string>Paul McCartney &#38; John Lennon</string>
			<key>Album</key><string>Past Masters, Vols. 1 &#38; 2</string>
			<key>Genre</key><string>Music</string>
			<key>Kind</key><string>Apple Music AAC audio file</string>
			<key>Size</key><integer>6017347</integer>
			<key>Total Time</key><integer>151895</integer>
			<key>Disc Number</key><integer>1</integer>
			<key>Disc Count</key><integer>2</integer>
			<key>Track Number</key><integer>18</integer>
			<key>Track Count</key><integer>18</integer>
			<key>Year</key><integer>1965</integer>
			<key>Date Modified</key><date>2023-09-25T16:53:03Z</date>
			<key>Date Added</key><date>2023-09-25T16:53:03Z</date>
			<key>Bit Rate</key><integer>256</integer>
			<key>Sample Rate</key><integer>44100</integer>
			<key>Play Count</key><integer>1</integer>
			<key>Play Date</key><integer>3834494591</integer>
			<key>Play Date UTC</key><date>2025-07-04T23:23:11Z</date>
			<key>Release Date</key><date>1965-07-19T12:00:00Z</date>
			<key>Loved</key><true/>
			<key>Compilation</key><true/>
			<key>Artwork Count</key><integer>1</integer>
			<key>Sort Album</key><string>Past Masters, Vols. 1 &#38; 2</string>
			<key>Sort Album Artist</key><string>Beatles</string>
			<key>Sort Artist</key><string>Beatles</string>
			<key>Sort Name</key><string>I'm Down</string>
			<key>Persistent ID</key><string>AD8F6CBBA3EF8503</string>
			<key>Track Type</key><string>Remote</string>
			<key>Apple Music</key><true/>
		</dict>
		<key>8351</key>
		<dict>
			<key>Track ID</key><integer>8351</integer>
			<key>Name</key><string>Never Let You Go</string>
			<key>Artist</key><string>Third Eye Blind</string>
			<key>Album Artist</key><string>Third Eye Blind</string>
			<key>Composer</key><string>Stephan Jenkins</string>
			<key>Album</key><string>Blue</string>
			<key>Genre</key><string>Music</string>
			<key>Kind</key><string>Apple Music AAC audio file</string>
			<key>Size</key><integer>9152130</integer>
			<key>Total Time</key><integer>237240</integer>
			<key>Disc Number</key><integer>1</integer>
			<key>Disc Count</key><integer>1</integer>
			<key>Track Number</key><integer>4</integer>
			<key>Track Count</key><integer>13</integer>
			<key>Year</key><integer>1999</integer>
			<key>Date Modified</key><date>2023-09-25T16:53:03Z</date>
			<key>Date Added</key><date>2023-09-25T16:53:03Z</date>
			<key>Bit Rate</key><integer>256</integer>
			<key>Sample Rate</key><integer>44100</integer>
			<key>Play Count</key><integer>2</integer>
			<key>Play Date</key><integer>3790790209</integer>
			<key>Play Date UTC</key><date>2024-02-15T04:16:49Z</date>
			<key>Release Date</key><date>1999-11-23T08:00:00Z</date>
			<key>Loved</key><true/>
			<key>Artwork Count</key><integer>1</integer>
			<key>Sort Album</key><string>Blue</string>
			<key>Sort Artist</key><string>Third Eye Blind</string>
			<key>Sort Name</key><string>Never Let You Go</string>
			<key>Persistent ID</key><string>DE5A7CE2FA978B27</string>
			<key>Track Type</key><string>Remote</string>
			<key>Apple Music</key><true/>
		</dict>
		<key>8391</key>
		<dict>
			<key>Track ID</key><integer>8391</integer>
			<key>Name</key><string>Dreams Tonite</string>
			<key>Artist</key><string>Alvvays</string>
			<key>Album Artist</key><string>Alvvays</string>
			<key>Album</key><string>Antisocialites</string>
			<key>Genre</key><string>Music</string>
			<key>Kind</key><string>Apple Music AAC audio file</string>
			<key>Size</key><integer>7124769</integer>
			<key>Total Time</key><integer>196027</integer>
			<key>Disc Number</key><integer>1</integer>
			<key>Disc Count</key><integer>1</integer>
			<key>Track Number</key><integer>2</integer>
			<key>Track Count</key><integer>10</integer>
			<key>Year</key><integer>2017</integer>
			<key>Date Modified</key><date>2023-09-25T16:53:03Z</date>
			<key>Date Added</key><date>2023-09-25T16:53:03Z</date>
			<key>Bit Rate</key><integer>256</integer>
			<key>Sample Rate</key><integer>44100</integer>
			<key>Comments</key><string>Green</string>
			<key>Play Count</key><integer>1</integer>
			<key>Play Date</key><integer>3817815995</integer>
			<key>Play Date UTC</key><date>2024-12-23T23:26:35Z</date>
			<key>Skip Count</key><integer>1</integer>
			<key>Skip Date</key><date>2025-06-09T02:31:19Z</date>
			<key>Release Date</key><date>2017-07-25T12:00:00Z</date>
			<key>Loved</key><true/>
			<key>Artwork Count</key><integer>1</integer>
			<key>Sort Album</key><string>Antisocialites</string>
			<key>Sort Artist</key><string>Alvvays</string>
			<key>Sort Name</key><string>Dreams Tonite</string>
			<key>Persistent ID</key><string>C2383A9BD4A8DF9F</string>
			<key>Track Type</key><string>Remote</string>
			<key>Apple Music</key><true/>
		</dict>
		<key>8405</key>
		<dict>
			<key>Track ID</key><integer>8405</integer>
			<key>Name</key><string>Not My Baby</string>
			<key>Artist</key><string>Alvvays</string>
			<key>Album Artist</key><string>Alvvays</string>
			<key>Album</key><string>Antisocialites</string>
			<key>Genre</key><string>Music</string>
			<key>Kind</key><string>Apple Music AAC audio file</string>
			<key>Size</key><integer>9004864</integer>
			<key>Total Time</key><integer>256413</integer>
			<key>Disc Number</key><integer>1</integer>
			<key>Disc Count</key><integer>1</integer>
			<key>Track Number</key><integer>5</integer>
			<key>Track Count</key><integer>10</integer>
			<key>Year</key><integer>2017</integer>
			<key>Date Modified</key><date>2023-09-25T16:53:03Z</date>
			<key>Date Added</key><date>2023-09-25T16:53:03Z</date>
			<key>Bit Rate</key><integer>256</integer>
			<key>Sample Rate</key><integer>44100</integer>
			<key>Play Count</key><integer>1</integer>
			<key>Play Date</key><integer>3784459091</integer>
			<key>Play Date UTC</key><date>2023-12-03T21:38:11Z</date>
			<key>Release Date</key><date>2017-09-08T07:00:00Z</date>
			<key>Loved</key><true/>
			<key>Artwork Count</key><integer>1</integer>
			<key>Sort Album</key><string>Antisocialites</string>
			<key>Sort Artist</key><string>Alvvays</string>
			<key>Sort Name</key><string>Not My Baby</string>
			<key>Persistent ID</key><string>054F49CF7A209E28</string>
			<key>Track Type</key><string>Remote</string>
			<key>Apple Music</key><true/>
		</dict>
		<key>8513</key>
		<dict>
			<key>Track ID</key><integer>8513</integer>
			<key>Name</key><string>Lollipop (Ode to Jim)</string>
			<key>Artist</key><string>Alvvays</string>
			<key>Album Artist</key><string>Alvvays</string>
			<key>Album</key><string>Antisocialites</string>
			<key>Genre</key><string>Music</string>
			<key>Kind</key><string>Apple Music AAC audio file</string>
			<key>Size</key><integer>7532239</integer>
			<key>Total Time</key><integer>197202</integer>
			<key>Disc Number</key><integer>1</integer>
			<key>Disc Count</key><integer>1</integer>
			<key>Track Number</key><integer>7</integer>
			<key>Track Count</key><integer>10</integer>
			<key>Year</key><integer>2017</integer>
			<key>Date Modified</key><date>2023-09-25T16:53:04Z</date>
			<key>Date Added</key><date>2023-09-25T16:53:04Z</date>
			<key>Bit Rate</key><integer>256</integer>
			<key>Sample Rate</key><integer>44100</integer>
			<key>Comments</key><string>Yellow</string>
			<key>Play Count</key><integer>2</integer>
			<key>Play Date</key><integer>3795866760</integer>
			<key>Play Date UTC</key><date>2024-04-13T21:26:00Z</date>
			<key>Skip Count</key><integer>1</integer>
			<key>Skip Date</key><date>2023-10-12T23:22:28Z</date>
			<key>Release Date</key><date>2017-09-08T07:00:00Z</date>
			<key>Loved</key><true/>
			<key>Artwork Count</key><integer>1</integer>
			<key>Sort Album</key><string>Antisocialites</string>
			<key>Sort Artist</key><string>Alvvays</string>
			<key>Sort Name</key><string>Lollipop (Ode to Jim)</string>
			<key>Persistent ID</key><string>11427B040BB81001</string>
			<key>Track Type</key><string>Remote</string>
			<key>Apple Music</key><true/>
		</dict>
		<key>8565</key>
		<dict>
			<key>Track ID</key><integer>8565</integer>
			<key>Name</key><string>Reelin' In The Years</string>
			<key>Artist</key><string>Steely Dan</string>
			<key>Album Artist</key><string>Steely Dan</string>
			<key>Composer</key><string>Donald Fagen &#38; Walter Becker</string>
			<key>Album</key><string>Can't Buy A Thrill</string>
			<key>Genre</key><string>Music</string>
			<key>Kind</key><string>Apple Music AAC audio file</string>
			<key>Size</key><integer>10454209</integer>
			<key>Total Time</key><integer>277305</integer>
			<key>Disc Number</key><integer>1</integer>
			<key>Disc Count</key><integer>1</integer>
			<key>Track Number</key><integer>6</integer>
			<key>Track Count</key><integer>10</integer>
			<key>Year</key><integer>1972</integer>
			<key>Date Modified</key><date>2023-09-25T16:53:04Z</date>
			<key>Date Added</key><date>2023-09-25T16:53:04Z</date>
			<key>Bit Rate</key><integer>256</integer>
			<key>Sample Rate</key><integer>44100</integer>
			<key>Play Count</key><integer>10</integer>
			<key>Play Date</key><integer>3814117379</integer>
			<key>Play Date UTC</key><date>2024-11-11T04:02:59Z</date>
			<key>Skip Count</key><integer>1</integer>
			<key>Skip Date</key><date>2024-10-16T16:27:13Z</date>
			<key>Release Date</key><date>1972-10-01T12:00:00Z</date>
			<key>Loved</key><true/>
			<key>Artwork Count</key><integer>1</integer>
			<key>Sort Album</key><string>Can't Buy A Thrill</string>
			<key>Sort Artist</key><string>Steely Dan</string>
			<key>Sort Name</key><string>Reelin' In The Years</string>
			<key>Persistent ID</key><string>55821C6EC917D160</string>
			<key>Track Type</key><string>Remote</string>
			<key>Apple Music</key><true/>
		</dict>
		<key>8587</key>
		<dict>
			<key>Track ID</key><integer>8587</integer>
			<key>Name</key><string>10 A.M. Automatic</string>
			<key>Artist</key><string>The Black Keys</string>
			<key>Album Artist</key><string>The Black Keys</string>
			<key>Composer</key><string>Not Documented</string>
			<key>Album</key><string>Rubber Factory</string>
			<key>Genre</key><string>Music</string>
			<key>Kind</key><string>Apple Music AAC audio file</string>
			<key>Size</key><integer>6521587</integer>
			<key>Total Time</key><integer>179133</integer>
			<key>Disc Number</key><integer>1</integer>
			<key>Disc Count</key><integer>1</integer>
			<key>Track Number</key><integer>2</integer>
			<key>Track Count</key><integer>13</integer>
			<key>Year</key><integer>2004</integer>
			<key>Date Modified</key><date>2023-09-25T16:53:04Z</date>
			<key>Date Added</key><date>2023-09-25T16:53:04Z</date>
			<key>Bit Rate</key><integer>256</integer>
			<key>Sample Rate</key><integer>44100</integer>
			<key>Play Count</key><integer>2</integer>
			<key>Play Date</key><integer>3834597322</integer>
			<key>Play Date UTC</key><date>2025-07-06T03:55:22Z</date>
			<key>Release Date</key><date>2004-08-23T12:00:00Z</date>
			<key>Loved</key><true/>
			<key>Artwork Count</key><integer>1</integer>
			<key>Sort Album</key><string>Rubber Factory</string>
			<key>Sort Album Artist</key><string>Black Keys</string>
			<key>Sort Artist</key><string>Black Keys</string>
			<key>Sort Name</key><string>10 A.M. Automatic</string>
			<key>Persistent ID</key><string>E0B8BF302C77CCF3</string>
			<key>Track Type</key><string>Remote</string>
			<key>Apple Music</key><true/>
		</dict>
		<key>8591</key>
		<dict>
			<key>Track ID</key><integer>8591</integer>
			<key>Name</key><string>Kansas City</string>
			<key>Artist</key><string>The New Basement Tapes</string>
			<key>Album Artist</key><string>The New Basement Tapes</string>
			<key>Composer</key><string>Bob Dylan, Marcus Mumford &#38; Taylor Goldsmith</string>
			<key>Album</key><string>Lost On the River (Deluxe Version)</string>
			<key>Genre</key><string>Music</string>
			<key>Kind</key><string>Apple Music AAC audio file</string>
			<key>Size</key><integer>8955191</integer>
			<key>Total Time</key><integer>244430</integer>
			<key>Disc Number</key><integer>1</integer>
			<key>Disc Count</key><integer>1</integer>
			<key>Track Number</key><integer>3</integer>
			<key>Track Count</key><integer>20</integer>
			<key>Year</key><integer>2014</integer>
			<key>Date Modified</key><date>2023-09-25T16:53:04Z</date>
			<key>Date Added</key><date>2023-09-25T16:53:04Z</date>
			<key>Bit Rate</key><integer>256</integer>
			<key>Sample Rate</key><integer>44100</integer>
			<key>Play Count</key><integer>2</integer>
			<key>Play Date</key><integer>3798892449</integer>
			<key>Play Date UTC</key><date>2024-05-18T21:54:09Z</date>
			<key>Release Date</key><date>2014-08-19T12:00:00Z</date>
			<key>Loved</key><true/>
			<key>Artwork Count</key><integer>1</integer>
			<key>Sort Album</key><string>Lost On the River (Deluxe Version)</string>
			<key>Sort Album Artist</key><string>New Basement Tapes</string>
			<key>Sort Artist</key><string>New Basement Tapes</string>
			<key>Sort Name</key><string>Kansas City</string>
			<key>Persistent ID</key><string>6A22444152D873C2</string>
			<key>Track Type</key><string>Remote</string>
			<key>Apple Music</key><true/>
		</dict>
		<key>8683</key>
		<dict>
			<key>Track ID</key><integer>8683</integer>
			<key>Name</key><string>Gimme! Gimme! Gimme! (A Man After Midnight)</string>
			<key>Artist</key><string>ABBA</string>
			<key>Album Artist</key><string>ABBA</string>
			<key>Composer</key><string>Benny Andersson &#38; Björn Ulvaeus</string>
			<key>Album</key><string>Voulez-Vous (Bonus Track Version)</string>
			<key>Genre</key><string>Music</string>
			<key>Kind</key><string>Apple Music AAC audio file</string>
			<key>Size</key><integer>10734425</integer>
			<key>Total Time</key><integer>290265</integer>
			<key>Disc Number</key><integer>1</integer>
			<key>Disc Count</key><integer>1</integer>
			<key>Track Number</key><integer>13</integer>
			<key>Track Count</key><integer>13</integer>
			<key>Year</key><integer>1979</integer>
			<key>Date Modified</key><date>2023-09-25T16:53:04Z</date>
			<key>Date Added</key><date>2023-09-25T16:53:04Z</date>
			<key>Bit Rate</key><integer>256</integer>
			<key>Sample Rate</key><integer>44100</integer>
			<key>Play Count</key><integer>1</integer>
			<key>Play Date</key><integer>3788342054</integer>
			<key>Play Date UTC</key><date>2024-01-17T20:14:14Z</date>
			<key>Release Date</key><date>1979-04-23T12:00:00Z</date>
			<key>Loved</key><true/>
			<key>Artwork Count</key><integer>1</integer>
			<key>Sort Album</key><string>Voulez-Vous (Bonus Track Version)</string>
			<key>Sort Artist</key><string>ABBA</string>
			<key>Sort Name</key><string>Gimme! Gimme! Gimme! (A Man After Midnight)</string>
			<key>Persistent ID</key><string>DECD702406FF2B7E</string>
			<key>Track Type</key><string>Remote</string>
			<key>Apple Music</key><true/>
		</dict>
		<key>8719</key>
		<dict>
			<key>Track ID</key><integer>8719</integer>
			<key>Name</key><string>A Beginner's Guide to Destroying the Moon</string>
			<key>Artist</key><string>Foster the People</string>
			<key>Album Artist</key><string>Foster the People</string>
			<key>Composer</key><string>Mark Foster, Paul Epworth, Mike Volpe &#38; Rakim Mayers</string>
			<key>Album</key><string>Supermodel</string>
			<key>Genre</key><string>Music</string>
			<key>Kind</key><string>Apple Music AAC audio file</string>
			<key>Size</key><integer>10928089</integer>
			<key>Total Time</key><integer>279680</integer>
			<key>Disc Number</key><integer>1</integer>
			<key>Disc Count</key><integer>1</integer>
			<key>Track Number</key><integer>8</integer>
			<key>Track Count</key><integer>11</integer>
			<key>Year</key><integer>2014</integer>
			<key>Date Modified</key><date>2023-09-25T16:53:04Z</date>
			<key>Date Added</key><date>2023-09-25T16:53:04Z</date>
			<key>Bit Rate</key><integer>256</integer>
			<key>Sample Rate</key><integer>44100</integer>
			<key>Play Count</key><integer>2</integer>
			<key>Play Date</key><integer>3783849287</integer>
			<key>Play Date UTC</key><date>2023-11-26T20:14:47Z</date>
			<key>Release Date</key><date>2014-03-14T07:00:00Z</date>
			<key>Loved</key><true/>
			<key>Artwork Count</key><integer>1</integer>
			<key>Sort Album</key><string>Supermodel</string>
			<key>Sort Artist</key><string>Foster the People</string>
			<key>Sort Name</key><string>Beginner's Guide to Destroying the Moon</string>
			<key>Persistent ID</key><string>6A2182A5E21512FC</string>
			<key>Track Type</key><string>Remote</string>
			<key>Apple Music</key><true/>
		</dict>
		<key>8743</key>
		<dict>
			<key>Track ID</key><integer>8743</integer>
			<key>Name</key><string>Sister Golden Hair</string>
			<key>Artist</key><string>America</string>
			<key>Album Artist</key><string>America</string>
			<key>Composer</key><string>Gerry Beckley</string>
			<key>Album</key><string>Hearts</string>
			<key>Genre</key><string>Music</string>
			<key>Kind</key><string>Apple Music AAC audio file</string>
			<key>Size</key><integer>7402273</integer>
			<key>Total Time</key><integer>199573</integer>
			<key>Disc Number</key><integer>1</integer>
			<key>Disc Count</key><integer>1</integer>
			<key>Track Number</key><integer>10</integer>
			<key>Track Count</key><integer>12</integer>
			<key>Year</key><integer>1975</integer>
			<key>Date Modified</key><date>2023-09-25T16:53:04Z</date>
			<key>Date Added</key><date>2023-09-25T16:53:04Z</date>
			<key>Bit Rate</key><integer>256</integer>
			<key>Sample Rate</key><integer>44100</integer>
			<key>Comments</key><string>Green</string>
			<key>Play Count</key><integer>1</integer>
			<key>Play Date</key><integer>3834577511</integer>
			<key>Play Date UTC</key><date>2025-07-05T22:25:11Z</date>
			<key>Release Date</key><date>1975-03-19T07:00:00Z</date>
			<key>Loved</key><true/>
			<key>Artwork Count</key><integer>1</integer>
			<key>Sort Album</key><string>Hearts</string>
			<key>Sort Artist</key><string>America</string>
			<key>Sort Name</key><string>Sister Golden Hair</string>
			<key>Persistent ID</key><string>CF3703B6913ED1F0</string>
			<key>Track Type</key><string>Remote</string>
			<key>Apple Music</key><true/>
		</dict>
		<key>8887</key>
		<dict>
			<key>Track ID</key><integer>8887</integer>
			<key>Name</key><string>Teardrop</string>
			<key>Artist</key><string>Massive Attack</string>
			<key>Album Artist</key><string>Massive Attack</string>
			<key>Composer</key><string>Elizabeth Fraser, Grantley Marshall, Robert Del Naja &#38; Andrew Lee Isaac Vowles</string>
			<key>Album</key><string>Mezzanine</string>
			<key>Genre</key><string>Music</string>
			<key>Kind</key><string>Apple Music AAC audio file</string>
			<key>Size</key><integer>11404609</integer>
			<key>Total Time</key><integer>330773</integer>
			<key>Disc Number</key><integer>1</integer>
			<key>Disc Count</key><integer>1</integer>
			<key>Track Number</key><integer>3</integer>
			<key>Track Count</key><integer>11</integer>
			<key>Year</key><integer>1998</integer>
			<key>Date Modified</key><date>2023-09-25T16:53:04Z</date>
			<key>Date Added</key><date>2023-09-25T16:53:04Z</date>
			<key>Bit Rate</key><integer>256</integer>
			<key>Sample Rate</key><integer>44100</integer>
			<key>Play Count</key><integer>8</integer>
			<key>Play Date</key><integer>3830415710</integer>
			<key>Play Date UTC</key><date>2025-05-18T18:21:50Z</date>
			<key>Release Date</key><date>1998-04-20T07:00:00Z</date>
			<key>Loved</key><true/>
			<key>Artwork Count</key><integer>1</integer>
			<key>Sort Album</key><string>Mezzanine</string>
			<key>Sort Artist</key><string>Massive Attack</string>
			<key>Sort Name</key><string>Teardrop</string>
			<key>Persistent ID</key><string>048868D46CD5712C</string>
			<key>Track Type</key><string>Remote</string>
			<key>Apple Music</key><true/>
		</dict>
		<key>8909</key>
		<dict>
			<key>Track ID</key><integer>8909</integer>
			<key>Name</key><string>Pinch Me</string>
			<key>Artist</key><string>Barenaked Ladies</string>
			<key>Album Artist</key><string>Barenaked Ladies</string>
			<key>Composer</key><string>Ed Robertson &#38; Steven Page</string>
			<key>Album</key><string>Maroon</string>
			<key>Genre</key><string>Music</string>
			<key>Kind</key><string>Apple Music AAC audio file</string>
			<key>Size</key><integer>10630585</integer>
			<key>Total Time</key><integer>288467</integer>
			<key>Disc Number</key><integer>1</integer>
			<key>Disc Count</key><integer>1</integer>
			<key>Track Number</key><integer>3</integer>
			<key>Track Count</key><integer>12</integer>
			<key>Year</key><integer>2000</integer>
			<key>Date Modified</key><date>2023-09-25T16:53:04Z</date>
			<key>Date Added</key><date>2023-09-25T16:53:04Z</date>
			<key>Bit Rate</key><integer>256</integer>
			<key>Sample Rate</key><integer>44100</integer>
			<key>Play Count</key><integer>14</integer>
			<key>Play Date</key><integer>3835011565</integer>
			<key>Play Date UTC</key><date>2025-07-10T22:59:25Z</date>
			<key>Skip Count</key><integer>1</integer>
			<key>Skip Date</key><date>2025-07-05T17:28:45Z</date>
			<key>Release Date</key><date>2000-08-08T12:00:00Z</date>
			<key>Loved</key><true/>
			<key>Artwork Count</key><integer>1</integer>
			<key>Sort Album</key><string>Maroon (Bonus Track)</string>
			<key>Sort Artist</key><string>Barenaked Ladies</string>
			<key>Sort Name</key><string>Pinch Me</string>
			<key>Persistent ID</key><string>732970F64775494C</string>
			<key>Track Type</key><string>Remote</string>
			<key>Apple Music</key><true/>
		</dict>
		<key>8989</key>
		<dict>
			<key>Track ID</key><integer>8989</integer>
			<key>Name</key><string>Inertia Creeps</string>
			<key>Artist</key><string>Massive Attack</string>
			<key>Album Artist</key><string>Massive Attack</string>
			<key>Composer</key><string>Andrew Vowles, Grantley Marshall &#38; Robert Del Naja</string>
			<key>Album</key><string>Mezzanine</string>
			<key>Genre</key><string>Music</string>
			<key>Kind</key><string>Apple Music AAC audio file</string>
			<key>Size</key><integer>12453396</integer>
			<key>Total Time</key><integer>357133</integer>
			<key>Disc Number</key><integer>1</integer>
			<key>Disc Count</key><integer>1</integer>
			<key>Track Number</key><integer>4</integer>
			<key>Track Count</key><integer>11</integer>
			<key>Year</key><integer>1998</integer>
			<key>Date Modified</key><date>2023-09-25T16:53:04Z</date>
			<key>Date Added</key><date>2023-09-25T16:53:04Z</date>
			<key>Bit Rate</key><integer>256</integer>
			<key>Sample Rate</key><integer>44100</integer>
			<key>Play Count</key><integer>21</integer>
			<key>Play Date</key><integer>3832854903</integer>
			<key>Play Date UTC</key><date>2025-06-15T23:55:03Z</date>
			<key>Skip Count</key><integer>1</integer>
			<key>Skip Date</key><date>2025-07-07T19:01:07Z</date>
			<key>Release Date</key><date>1998-04-20T07:00:00Z</date>
			<key>Loved</key><true/>
			<key>Artwork Count</key><integer>1</integer>
			<key>Sort Album</key><string>Mezzanine</string>
			<key>Sort Artist</key><string>Massive Attack</string>
			<key>Sort Name</key><string>Inertia Creeps</string>
			<key>Persistent ID</key><string>FD2AF988743150FB</string>
			<key>Track Type</key><string>Remote</string>
			<key>Apple Music</key><true/>
		</dict>
		<key>9015</key>
		<dict>
			<key>Track ID</key><integer>9015</integer>
			<key>Name</key><string>Wake Up</string>
			<key>Artist</key><string>Arcade Fire</string>
			<key>Album Artist</key><string>Arcade Fire</string>
			<key>Composer</key><string>Edwin Butler, Regine Chassagne, William Butler, Tim Kingsbury &#38; Richard Reed Parry</string>
			<key>Album</key><string>Funeral</string>
			<key>Genre</key><string>Music</string>
			<key>Kind</key><string>Apple Music AAC audio file</string>
			<key>Size</key><integer>11545853</integer>
			<key>Total Time</key><integer>335333</integer>
			<key>Disc Number</key><integer>1</integer>
			<key>Disc Count</key><integer>1</integer>
			<key>Track Number</key><integer>7</integer>
			<key>Track Count</key><integer>10</integer>
			<key>Year</key><integer>2004</integer>
			<key>Date Modified</key><date>2023-09-25T16:53:04Z</date>
			<key>Date Added</key><date>2023-09-25T16:53:04Z</date>
			<key>Bit Rate</key><integer>256</integer>
			<key>Sample Rate</key><integer>44100</integer>
			<key>Comments</key><string>White</string>
			<key>Play Count</key><integer>1</integer>
			<key>Play Date</key><integer>3778680667</integer>
			<key>Play Date UTC</key><date>2023-09-27T23:31:07Z</date>
			<key>Release Date</key><date>2004-09-14T12:00:00Z</date>
			<key>Loved</key><true/>
			<key>Artwork Count</key><integer>1</integer>
			<key>Sort Album</key><string>Funeral</string>
			<key>Sort Artist</key><string>Arcade Fire</string>
			<key>Sort Name</key><string>Wake Up</string>
			<key>Persistent ID</key><string>C0805F34A484BB8F</string>
			<key>Track Type</key><string>Remote</string>
			<key>Apple Music</key><true/>
		</dict>
		<key>9043</key>
		<dict>
			<key>Track ID</key><integer>9043</integer>
			<key>Name</key><string>Your Man</string>
			<key>Artist</key><string>Joji</string>
			<key>Album Artist</key><string>Joji</string>
			<key>Composer</key><string>Alexander Kotz, George Miller &#38; James Stack</string>
			<key>Album</key><string>Nectar</string>
			<key>Genre</key><string>Music</string>
			<key>Kind</key><string>Apple Music AAC audio file</string>
			<key>Size</key><integer>6003067</integer>
			<key>Total Time</key><integer>163759</integer>
			<key>Disc Number</key><integer>1</integer>
			<key>Disc Count</key><integer>1</integer>
			<key>Track Number</key><integer>18</integer>
			<key>Track Count</key><integer>18</integer>
			<key>Year</key><integer>2020</integer>
			<key>Date Modified</key><date>2023-09-26T02:15:20Z</date>
			<key>Date Added</key><date>2023-09-26T02:15:20Z</date>
			<key>Bit Rate</key><integer>256</integer>
			<key>Sample Rate</key><integer>44100</integer>
			<key>Play Count</key><integer>3</integer>
			<key>Play Date</key><integer>3832573460</integer>
			<key>Play Date UTC</key><date>2025-06-12T17:44:20Z</date>
			<key>Release Date</key><date>2020-07-10T12:00:00Z</date>
			<key>Loved</key><true/>
			<key>Artwork Count</key><integer>1</integer>
			<key>Sort Album</key><string>Nectar</string>
			<key>Sort Artist</key><string>Joji</string>
			<key>Sort Name</key><string>Your Man</string>
			<key>Persistent ID</key><string>81D7F9AB59C0CE2A</string>
			<key>Track Type</key><string>Remote</string>
			<key>Apple Music</key><true/>
		</dict>
		<key>9045</key>
		<dict>
			<key>Track ID</key><integer>9045</integer>
			<key>Name</key><string>Days</string>
			<key>Artist</key><string>The Drums</string>
			<key>Album Artist</key><string>The Drums</string>
			<key>Composer</key><string>Jonny Pierce &#38; Connor Hanwick</string>
			<key>Album</key><string>Portamento</string>
			<key>Genre</key><string>Music</string>
			<key>Kind</key><string>Apple Music AAC audio file</string>
			<key>Size</key><integer>9419877</integer>
			<key>Total Time</key><integer>269082</integer>
			<key>Disc Number</key><integer>1</integer>
			<key>Disc Count</key><integer>1</integer>
			<key>Track Number</key><integer>2</integer>
			<key>Track Count</key><integer>14</integer>
			<key>Year</key><integer>2011</integer>
			<key>Date Modified</key><date>2023-09-26T02:15:20Z</date>
			<key>Date Added</key><date>2023-09-26T02:15:20Z</date>
			<key>Bit Rate</key><integer>256</integer>
			<key>Sample Rate</key><integer>44100</integer>
			<key>Comments</key><string>Green</string>
			<key>Play Count</key><integer>2</integer>
			<key>Play Date</key><integer>3832261111</integer>
			<key>Play Date UTC</key><date>2025-06-09T02:58:31Z</date>
			<key>Release Date</key><date>2011-01-01T12:00:00Z</date>
			<key>Loved</key><true/>
			<key>Artwork Count</key><integer>1</integer>
			<key>Sort Album</key><string>Portamento</string>
			<key>Sort Album Artist</key><string>Drums</string>
			<key>Sort Artist</key><string>Drums</string>
			<key>Sort Name</key><string>Days</string>
			<key>Persistent ID</key><string>E6FCE39F172BDFD5</string>
			<key>Track Type</key><string>Remote</string>
			<key>Apple Music</key><true/>
		</dict>
		<key>9131</key>
		<dict>
			<key>Track ID</key><integer>9131</integer>
			<key>Name</key><string>Atlas</string>
			<key>Artist</key><string>Battles</string>
			<key>Album Artist</key><string>Battles</string>
			<key>Album</key><string>Mirrored</string>
			<key>Genre</key><string>Music</string>
			<key>Kind</key><string>Apple Music AAC audio file</string>
			<key>Size</key><integer>15665888</integer>
			<key>Total Time</key><integer>427200</integer>
			<key>Disc Number</key><integer>1</integer>
			<key>Disc Count</key><integer>1</integer>
			<key>Track Number</key><integer>2</integer>
			<key>Track Count</key><integer>11</integer>
			<key>Year</key><integer>2007</integer>
			<key>Date Modified</key><date>2023-09-26T02:15:20Z</date>
			<key>Date Added</key><date>2023-09-26T02:15:20Z</date>
			<key>Bit Rate</key><integer>256</integer>
			<key>Sample Rate</key><integer>44100</integer>
			<key>Comments</key><string>Indigo</string>
			<key>Play Count</key><integer>1</integer>
			<key>Play Date</key><integer>3784458835</integer>
			<key>Play Date UTC</key><date>2023-12-03T21:33:55Z</date>
			<key>Skip Count</key><integer>1</integer>
			<key>Skip Date</key><date>2025-01-08T22:12:56Z</date>
			<key>Release Date</key><date>2007-04-02T07:00:00Z</date>
			<key>Loved</key><true/>
			<key>Artwork Count</key><integer>1</integer>
			<key>Sort Album</key><string>Mirrored</string>
			<key>Sort Artist</key><string>Battles</string>
			<key>Sort Name</key><string>Atlas</string>
			<key>Persistent ID</key><string>C5CC34120026236B</string>
			<key>Track Type</key><string>Remote</string>
			<key>Apple Music</key><true/>
		</dict>
		<key>9225</key>
		<dict>
			<key>Track ID</key><integer>9225</integer>
			<key>Name</key><string>SOS</string>
			<key>Artist</key><string>ABBA</string>
			<key>Album Artist</key><string>ABBA</string>
			<key>Composer</key><string>Benny Andersson, Stig Anderson &#38; Björn Ulvaeus</string>
			<key>Album</key><string>ABBA (Bonus Track Version)</string>
			<key>Genre</key><string>Music</string>
			<key>Kind</key><string>Apple Music AAC audio file</string>
			<key>Size</key><integer>7623544</integer>
			<key>Total Time</key><integer>201959</integer>
			<key>Disc Number</key><integer>1</integer>
			<key>Disc Count</key><integer>1</integer>
			<key>Track Number</key><integer>4</integer>
			<key>Track Count</key><integer>13</integer>
			<key>Year</key><integer>1975</integer>
			<key>Date Modified</key><date>2023-09-26T02:15:20Z</date>
			<key>Date Added</key><date>2023-09-26T02:15:20Z</date>
			<key>Bit Rate</key><integer>256</integer>
			<key>Sample Rate</key><integer>44100</integer>
			<key>Play Count</key><integer>1</integer>
			<key>Play Date</key><integer>3799439164</integer>
			<key>Play Date UTC</key><date>2024-05-25T05:46:04Z</date>
			<key>Release Date</key><date>1975-04-21T07:00:00Z</date>
			<key>Loved</key><true/>
			<key>Artwork Count</key><integer>1</integer>
			<key>Sort Album</key><string>ABBA (Bonus Track Version)</string>
			<key>Sort Artist</key><string>ABBA</string>
			<key>Sort Name</key><string>SOS</string>
			<key>Persistent ID</key><string>4B9DECE29EB9DF17</string>
			<key>Track Type</key><string>Remote</string>
			<key>Apple Music</key><true/>
		</dict>
		<key>9233</key>
		<dict>
			<key>Track ID</key><integer>9233</integer>
			<key>Name</key><string>Gimme Love</string>
			<key>Artist</key><string>Joji</string>
			<key>Album Artist</key><string>Joji</string>
			<key>Composer</key><string>Daniel Krieger, Daniel Tannenbaum, George Miller, Sergiu Adrian Gherman &#38; Tyler Reese Mehlenbacher</string>
			<key>Album</key><string>Nectar</string>
			<key>Genre</key><string>Music</string>
			<key>Kind</key><string>Apple Music AAC audio file</string>
			<key>Size</key><integer>7811722</integer>
			<key>Total Time</key><integer>214558</integer>
			<key>Disc Number</key><integer>1</integer>
			<key>Disc Count</key><integer>1</integer>
			<key>Track Number</key><integer>6</integer>
			<key>Track Count</key><integer>18</integer>
			<key>Year</key><integer>2020</integer>
			<key>Date Modified</key><date>2023-09-26T02:15:20Z</date>
			<key>Date Added</key><date>2023-09-26T02:15:20Z</date>
			<key>Bit Rate</key><integer>256</integer>
			<key>Sample Rate</key><integer>44100</integer>
			<key>Play Count</key><integer>2</integer>
			<key>Play Date</key><integer>3818327943</integer>
			<key>Play Date UTC</key><date>2024-12-29T21:39:03Z</date>
			<key>Release Date</key><date>2020-04-16T12:00:00Z</date>
			<key>Loved</key><true/>
			<key>Artwork Count</key><integer>1</integer>
			<key>Sort Album</key><string>Nectar</string>
			<key>Sort Artist</key><string>Joji</string>
			<key>Sort Name</key><string>Gimme Love</string>
			<key>Persistent ID</key><string>9C38D342848CCAF5</string>
			<key>Track Type</key><string>Remote</string>
			<key>Apple Music</key><true/>
		</dict>
		<key>9287</key>
		<dict>
			<key>Track ID</key><integer>9287</integer>
			<key>Name</key><string>Little Black Submarines</string>
			<key>Artist</key><string>The Black Keys</string>
			<key>Album Artist</key><string>The Black Keys</string>
			<key>Composer</key><string>Brian Burton, Dan Auerbach &#38; Patrick Carney</string>
			<key>Album</key><string>El Camino</string>
			<key>Genre</key><string>Music</string>
			<key>Kind</key><string>Apple Music AAC audio file</string>
			<key>Size</key><integer>9673471</integer>
			<key>Total Time</key><integer>251267</integer>
			<key>Disc Number</key><integer>1</integer>
			<key>Disc Count</key><integer>1</integer>
			<key>Track Number</key><integer>4</integer>
			<key>Track Count</key><integer>11</integer>
			<key>Year</key><integer>2011</integer>
			<key>Date Modified</key><date>2023-09-26T02:15:20Z</date>
			<key>Date Added</key><date>2023-09-26T02:15:20Z</date>
			<key>Bit Rate</key><integer>256</integer>
			<key>Sample Rate</key><integer>44100</integer>
			<key>Play Count</key><integer>2</integer>
			<key>Play Date</key><integer>3834597586</integer>
			<key>Play Date UTC</key><date>2025-07-06T03:59:46Z</date>
			<key>Release Date</key><date>2011-12-06T08:00:00Z</date>
			<key>Loved</key><true/>
			<key>Artwork Count</key><integer>1</integer>
			<key>Sort Album</key><string>El Camino</string>
			<key>Sort Album Artist</key><string>Black Keys</string>
			<key>Sort Artist</key><string>Black Keys</string>
			<key>Sort Name</key><string>Little Black Submarines</string>
			<key>Persistent ID</key><string>A0B30B8C520FA61C</string>
			<key>Track Type</key><string>Remote</string>
			<key>Apple Music</key><true/>
		</dict>
		<key>9303</key>
		<dict>
			<key>Track ID</key><integer>9303</integer>
			<key>Name</key><string>Linger</string>
			<key>Artist</key><string>The Cranberries</string>
			<key>Album Artist</key><string>The Cranberries</string>
			<key>Composer</key><string>Dolores O'Riordan &#38; Noel Hogan</string>
			<key>Album</key><string>Everybody Else Is Doing It, So Why Can't We?</string>
			<key>Genre</key><string>Music</string>
			<key>Kind</key><string>Apple Music AAC audio file</string>
			<key>Size</key><integer>10351243</integer>
			<key>Total Time</key><integer>274707</integer>
			<key>Disc Number</key><integer>1</integer>
			<key>Disc Count</key><integer>1</integer>
			<key>Track Number</key><integer>7</integer>
			<key>Track Count</key><integer>12</integer>
			<key>Year</key><integer>1993</integer>
			<key>Date Modified</key><date>2023-09-26T02:15:20Z</date>
			<key>Date Added</key><date>2023-09-26T02:15:20Z</date>
			<key>Bit Rate</key><integer>256</integer>
			<key>Sample Rate</key><integer>44100</integer>
			<key>Comments</key><string>Green</string>
			<key>Play Count</key><integer>3</integer>
			<key>Play Date</key><integer>3817639994</integer>
			<key>Play Date UTC</key><date>2024-12-21T22:33:14Z</date>
			<key>Release Date</key><date>1993-02-15T08:00:00Z</date>
			<key>Loved</key><true/>
			<key>Artwork Count</key><integer>1</integer>
			<key>Sort Album</key><string>Everybody Else Is Doing It, So Why Can't We?</string>
			<key>Sort Album Artist</key><string>Cranberries</string>
			<key>Sort Artist</key><string>Cranberries</string>
			<key>Sort Name</key><string>Linger</string>
			<key>Persistent ID</key><string>2F9405A838503270</string>
			<key>Track Type</key><string>Remote</string>
			<key>Apple Music</key><true/>
		</dict>
		<key>9349</key>
		<dict>
			<key>Track ID</key><integer>9349</integer>
			<key>Name</key><string>Maps</string>
			<key>Artist</key><string>Yeah Yeah Yeahs</string>
			<key>Album Artist</key><string>Yeah Yeah Yeahs</string>
			<key>Composer</key><string>Brian Chase, Karen Orzolek &#38; Nicholas Joseph Zinner</string>
			<key>Album</key><string>Fever to Tell</string>
			<key>Genre</key><string>Music</string>
			<key>Kind</key><string>Apple Music AAC audio file</string>
			<key>Size</key><integer>8065729</integer>
			<key>Total Time</key><integer>219987</integer>
			<key>Disc Number</key><integer>1</integer>
			<key>Disc Count</key><integer>1</integer>
			<key>Track Number</key><integer>9</integer>
			<key>Track Count</key><integer>12</integer>
			<key>Year</key><integer>2003</integer>
			<key>Date Modified</key><date>2023-09-26T02:15:20Z</date>
			<key>Date Added</key><date>2023-09-26T02:15:20Z</date>
			<key>Bit Rate</key><integer>256</integer>
			<key>Sample Rate</key><integer>44100</integer>
			<key>Comments</key><string>Green</string>
			<key>Play Count</key><integer>8</integer>
			<key>Play Date</key><integer>3822479285</integer>
			<key>Play Date UTC</key><date>2025-02-15T22:48:05Z</date>
			<key>Release Date</key><date>2003-04-29T12:00:00Z</date>
			<key>Loved</key><true/>
			<key>Artwork Count</key><integer>1</integer>
			<key>Sort Album</key><string>Fever to Tell</string>
			<key>Sort Artist</key><string>Yeah Yeah Yeahs</string>
			<key>Sort Name</key><string>Maps</string>
			<key>Persistent ID</key><string>89F6BAE0FC78AA32</string>
			<key>Track Type</key><string>Remote</string>
			<key>Apple Music</key><true/>
		</dict>
		<key>9397</key>
		<dict>
			<key>Track ID</key><integer>9397</integer>
			<key>Name</key><string>Lamb's Wool</string>
			<key>Artist</key><string>Foster the People</string>
			<key>Album Artist</key><string>Foster the People</string>
			<key>Composer</key><string>Mark Foster &#38; Isom Innis</string>
			<key>Album</key><string>In The Darkest Of Nights, Let The Birds Sing - EP</string>
			<key>Genre</key><string>Music</string>
			<key>Kind</key><string>Apple Music AAC audio file</string>
			<key>Size</key><integer>9919485</integer>
			<key>Total Time</key><integer>276360</integer>
			<key>Disc Number</key><integer>1</integer>
			<key>Disc Count</key><integer>1</integer>
			<key>Track Number</key><integer>3</integer>
			<key>Track Count</key><integer>6</integer>
			<key>Year</key><integer>2020</integer>
			<key>Date Modified</key><date>2023-09-26T02:15:20Z</date>
			<key>Date Added</key><date>2023-09-26T02:15:20Z</date>
			<key>Bit Rate</key><integer>256</integer>
			<key>Sample Rate</key><integer>44100</integer>
			<key>Comments</key><string>Green</string>
			<key>Play Count</key><integer>4</integer>
			<key>Play Date</key><integer>3832562462</integer>
			<key>Play Date UTC</key><date>2025-06-12T14:41:02Z</date>
			<key>Release Date</key><date>2020-05-22T07:00:00Z</date>
			<key>Loved</key><true/>
			<key>Artwork Count</key><integer>1</integer>
			<key>Sort Album</key><string>In The Darkest Of Nights, Let The Birds Sing - EP</string>
			<key>Sort Artist</key><string>Foster the People</string>
			<key>Sort Name</key><string>Lamb's Wool</string>
			<key>Persistent ID</key><string>B0D7CC3628EF01D1</string>
			<key>Track Type</key><string>Remote</string>
			<key>Apple Music</key><true/>
		</dict>
		<key>9421</key>
		<dict>
			<key>Track ID</key><integer>9421</integer>
			<key>Name</key><string>No Rain</string>
			<key>Artist</key><string>Blind Melon</string>
			<key>Album Artist</key><string>Blind Melon</string>
			<key>Composer</key><string>Blind Melon, R. Parahsar, Glen Graham, Brad Smith, Shannon Hoon, Christopher Thorn &#38; Rogers Stevens</string>
			<key>Album</key><string>Blind Melon</string>
			<key>Genre</key><string>Music</string>
			<key>Kind</key><string>Apple Music AAC audio file</string>
			<key>Size</key><integer>8230187</integer>
			<key>Total Time</key><integer>217107</integer>
			<key>Disc Number</key><integer>1</integer>
			<key>Disc Count</key><integer>1</integer>
			<key>Track Number</key><integer>7</integer>
			<key>Track Count</key><integer>13</integer>
			<key>Year</key><integer>1992</integer>
			<key>Date Modified</key><date>2023-09-26T02:15:20Z</date>
			<key>Date Added</key><date>2023-09-26T02:15:20Z</date>
			<key>Bit Rate</key><integer>256</integer>
			<key>Sample Rate</key><integer>44100</integer>
			<key>Comments</key><string>Green</string>
			<key>Play Count</key><integer>4</integer>
			<key>Play Date</key><integer>3834558370</integer>
			<key>Play Date UTC</key><date>2025-07-05T17:06:10Z</date>
			<key>Release Date</key><date>1992-09-14T07:00:00Z</date>
			<key>Loved</key><true/>
			<key>Artwork Count</key><integer>1</integer>
			<key>Sort Album</key><string>Blind Melon</string>
			<key>Sort Artist</key><string>Blind Melon</string>
			<key>Sort Name</key><string>No Rain</string>
			<key>Persistent ID</key><string>FEF0D9F851C144D4</string>
			<key>Track Type</key><string>Remote</string>
			<key>Apple Music</key><true/>
		</dict>
		<key>9473</key>
		<dict>
			<key>Track ID</key><integer>9473</integer>
			<key>Name</key><string>I Melt with You</string>
			<key>Artist</key><string>Modern English</string>
			<key>Album Artist</key><string>Modern English</string>
			<key>Composer</key><string>Robbie Grey, Gary McDowell, Stephen Walker, Michael Conroy &#38; Richard Ian Brown</string>
			<key>Album</key><string>After the Snow</string>
			<key>Genre</key><string>Music</string>
			<key>Kind</key><string>Apple Music AAC audio file</string>
			<key>Size</key><integer>8758233</integer>
			<key>Total Time</key><integer>251573</integer>
			<key>Disc Number</key><integer>1</integer>
			<key>Disc Count</key><integer>1</integer>
			<key>Track Number</key><integer>5</integer>
			<key>Track Count</key><integer>14</integer>
			<key>Year</key><integer>1982</integer>
			<key>Date Modified</key><date>2023-09-26T02:15:20Z</date>
			<key>Date Added</key><date>2023-09-26T02:15:20Z</date>
			<key>Bit Rate</key><integer>256</integer>
			<key>Sample Rate</key><integer>44100</integer>
			<key>Comments</key><string>Yellow</string>
			<key>Play Count</key><integer>2</integer>
			<key>Play Date</key><integer>3834494439</integer>
			<key>Play Date UTC</key><date>2025-07-04T23:20:39Z</date>
			<key>Release Date</key><date>1982-05-03T07:00:00Z</date>
			<key>Loved</key><true/>
			<key>Artwork Count</key><integer>1</integer>
			<key>Sort Album</key><string>After the Snow</string>
			<key>Sort Artist</key><string>Modern English</string>
			<key>Sort Name</key><string>I Melt with You</string>
			<key>Persistent ID</key><string>4A77D87D88C80C34</string>
			<key>Track Type</key><string>Remote</string>
			<key>Apple Music</key><true/>
		</dict>
		<key>9565</key>
		<dict>
			<key>Track ID</key><integer>9565</integer>
			<key>Name</key><string>Fly By Night</string>
			<key>Artist</key><string>Rush</string>
			<key>Album Artist</key><string>Rush</string>
			<key>Composer</key><string>Neil Peart &#38; Geddy Lee</string>
			<key>Album</key><string>Fly By Night (Remastered)</string>
			<key>Genre</key><string>Music</string>
			<key>Kind</key><string>Apple Music AAC audio file</string>
			<key>Size</key><integer>7294356</integer>
			<key>Total Time</key><integer>202215</integer>
			<key>Disc Number</key><integer>1</integer>
			<key>Disc Count</key><integer>1</integer>
			<key>Track Number</key><integer>5</integer>
			<key>Track Count</key><integer>8</integer>
			<key>Year</key><integer>1975</integer>
			<key>Date Modified</key><date>2023-09-26T02:15:20Z</date>
			<key>Date Added</key><date>2023-09-26T02:15:20Z</date>
			<key>Bit Rate</key><integer>256</integer>
			<key>Sample Rate</key><integer>44100</integer>
			<key>Play Count</key><integer>2</integer>
			<key>Play Date</key><integer>3834559148</integer>
			<key>Play Date UTC</key><date>2025-07-05T17:19:08Z</date>
			<key>Release Date</key><date>1975-02-15T08:00:00Z</date>
			<key>Loved</key><true/>
			<key>Artwork Count</key><integer>1</integer>
			<key>Sort Album</key><string>Fly By Night (Remastered)</string>
			<key>Sort Artist</key><string>Rush</string>
			<key>Sort Name</key><string>Fly By Night</string>
			<key>Persistent ID</key><string>5438CA2D9DA0EE67</string>
			<key>Track Type</key><string>Remote</string>
			<key>Apple Music</key><true/>
		</dict>
		<key>9593</key>
		<dict>
			<key>Track ID</key><integer>9593</integer>
			<key>Name</key><string>Samson</string>
			<key>Artist</key><string>Regina Spektor</string>
			<key>Album Artist</key><string>Regina Spektor</string>
			<key>Composer</key><string>Regina Spektor</string>
			<key>Album</key><string>Begin to Hope</string>
			<key>Genre</key><string>Music</string>
			<key>Kind</key><string>Apple Music AAC audio file</string>
			<key>Size</key><integer>6808740</integer>
			<key>Total Time</key><integer>189446</integer>
			<key>Disc Number</key><integer>1</integer>
			<key>Disc Count</key><integer>1</integer>
			<key>Track Number</key><integer>3</integer>
			<key>Track Count</key><integer>12</integer>
			<key>Year</key><integer>2006</integer>
			<key>Date Modified</key><date>2023-09-26T02:15:20Z</date>
			<key>Date Added</key><date>2023-09-26T02:15:20Z</date>
			<key>Bit Rate</key><integer>256</integer>
			<key>Sample Rate</key><integer>44100</integer>
			<key>Play Count</key><integer>4</integer>
			<key>Play Date</key><integer>3817629100</integer>
			<key>Play Date UTC</key><date>2024-12-21T19:31:40Z</date>
			<key>Release Date</key><date>2006-06-13T07:00:00Z</date>
			<key>Loved</key><true/>
			<key>Artwork Count</key><integer>1</integer>
			<key>Sort Album</key><string>Begin to Hope</string>
			<key>Sort Artist</key><string>Regina Spektor</string>
			<key>Sort Name</key><string>Samson</string>
			<key>Persistent ID</key><string>D10E06174936769B</string>
			<key>Track Type</key><string>Remote</string>
			<key>Apple Music</key><true/>
		</dict>
		<key>9627</key>
		<dict>
			<key>Track ID</key><integer>9627</integer>
			<key>Name</key><string>Danny's Song</string>
			<key>Artist</key><string>Loggins &#38; Messina</string>
			<key>Album Artist</key><string>Loggins &#38; Messina</string>
			<key>Composer</key><string>Kenny Loggins</string>
			<key>Album</key><string>Sittin' In</string>
			<key>Genre</key><string>Music</string>
			<key>Kind</key><string>Apple Music AAC audio file</string>
			<key>Size</key><integer>9635922</integer>
			<key>Total Time</key><integer>255773</integer>
			<key>Disc Number</key><integer>1</integer>
			<key>Disc Count</key><integer>1</integer>
			<key>Track Number</key><integer>2</integer>
			<key>Track Count</key><integer>9</integer>
			<key>Year</key><integer>1971</integer>
			<key>Date Modified</key><date>2023-09-26T02:15:20Z</date>
			<key>Date Added</key><date>2023-09-26T02:15:20Z</date>
			<key>Bit Rate</key><integer>256</integer>
			<key>Sample Rate</key><integer>44100</integer>
			<key>Comments</key><string>Green</string>
			<key>Play Count</key><integer>2</integer>
			<key>Play Date</key><integer>3834562917</integer>
			<key>Play Date UTC</key><date>2025-07-05T18:21:57Z</date>
			<key>Skip Count</key><integer>3</integer>
			<key>Skip Date</key><date>2025-07-06T03:52:20Z</date>
			<key>Release Date</key><date>1971-11-01T12:00:00Z</date>
			<key>Loved</key><true/>
			<key>Artwork Count</key><integer>1</integer>
			<key>Sort Album</key><string>Sittin' In</string>
			<key>Sort Artist</key><string>Loggins &#38; Messina</string>
			<key>Sort Name</key><string>Danny's Song</string>
			<key>Persistent ID</key><string>8C4F16F087F2AC31</string>
			<key>Track Type</key><string>Remote</string>
			<key>Apple Music</key><true/>
		</dict>
		<key>9629</key>
		<dict>
			<key>Track ID</key><integer>9629</integer>
			<key>Name</key><string>Lady Madonna</string>
			<key>Artist</key><string>The Beatles</string>
			<key>Album Artist</key><string>The Beatles</string>
			<key>Composer</key><string>John Lennon &#38; Paul McCartney</string>
			<key>Album</key><string>Past Masters, Vols. 1 &#38; 2</string>
			<key>Genre</key><string>Music</string>
			<key>Kind</key><string>Apple Music AAC audio file</string>
			<key>Size</key><integer>5654264</integer>
			<key>Total Time</key><integer>137587</integer>
			<key>Disc Number</key><integer>2</integer>
			<key>Disc Count</key><integer>2</integer>
			<key>Track Number</key><integer>5</integer>
			<key>Track Count</key><integer>15</integer>
			<key>Year</key><integer>1968</integer>
			<key>Date Modified</key><date>2023-09-26T02:15:20Z</date>
			<key>Date Added</key><date>2023-09-26T02:15:20Z</date>
			<key>Bit Rate</key><integer>256</integer>
			<key>Sample Rate</key><integer>44100</integer>
			<key>Play Count</key><integer>1</integer>
			<key>Play Date</key><integer>3834480231</integer>
			<key>Play Date UTC</key><date>2025-07-04T19:23:51Z</date>
			<key>Release Date</key><date>1968-03-15T12:00:00Z</date>
			<key>Loved</key><true/>
			<key>Compilation</key><true/>
			<key>Artwork Count</key><integer>1</integer>
			<key>Sort Album</key><string>Past Masters, Vols. 1 &#38; 2</string>
			<key>Sort Album Artist</key><string>Beatles</string>
			<key>Sort Artist</key><string>Beatles</string>
			<key>Sort Name</key><string>Lady Madonna</string>
			<key>Persistent ID</key><string>232BC76835E2E3F7</string>
			<key>Track Type</key><string>Remote</string>
			<key>Apple Music</key><true/>
		</dict>
		<key>9653</key>
		<dict>
			<key>Track ID</key><integer>9653</integer>
			<key>Name</key><string>Can I Believe You</string>
			<key>Artist</key><string>Fleet Foxes</string>
			<key>Album Artist</key><string>Fleet Foxes</string>
			<key>Composer</key><string>Robin Pecknold</string>
			<key>Album</key><string>Shore</string>
			<key>Genre</key><string>Music</string>
			<key>Kind</key><string>Apple Music AAC audio file</string>
			<key>Size</key><integer>8871570</integer>
			<key>Total Time</key><integer>244187</integer>
			<key>Disc Number</key><integer>1</integer>
			<key>Disc Count</key><integer>1</integer>
			<key>Track Number</key><integer>3</integer>
			<key>Track Count</key><integer>15</integer>
			<key>Year</key><integer>2020</integer>
			<key>Date Modified</key><date>2023-09-26T02:15:20Z</date>
			<key>Date Added</key><date>2023-09-26T02:15:20Z</date>
			<key>Bit Rate</key><integer>256</integer>
			<key>Sample Rate</key><integer>44100</integer>
			<key>Comments</key><string>Green</string>
			<key>Play Count</key><integer>2</integer>
			<key>Play Date</key><integer>3818330077</integer>
			<key>Play Date UTC</key><date>2024-12-29T22:14:37Z</date>
			<key>Release Date</key><date>2020-09-22T12:00:00Z</date>
			<key>Loved</key><true/>
			<key>Artwork Count</key><integer>1</integer>
			<key>Sort Album</key><string>Shore</string>
			<key>Sort Artist</key><string>Fleet Foxes</string>
			<key>Sort Name</key><string>Can I Believe You</string>
			<key>Persistent ID</key><string>EFC0695529C530E4</string>
			<key>Track Type</key><string>Remote</string>
			<key>Apple Music</key><true/>
		</dict>
		<key>9655</key>
		<dict>
			<key>Track ID</key><integer>9655</integer>
			<key>Name</key><string>Sunblind</string>
			<key>Artist</key><string>Fleet Foxes</string>
			<key>Album Artist</key><string>Fleet Foxes</string>
			<key>Composer</key><string>Robin Pecknold</string>
			<key>Album</key><string>Shore</string>
			<key>Genre</key><string>Music</string>
			<key>Kind</key><string>Apple Music AAC audio file</string>
			<key>Size</key><integer>9380016</integer>
			<key>Total Time</key><integer>253613</integer>
			<key>Disc Number</key><integer>1</integer>
			<key>Disc Count</key><integer>1</integer>
			<key>Track Number</key><integer>2</integer>
			<key>Track Count</key><integer>15</integer>
			<key>Year</key><integer>2020</integer>
			<key>Date Modified</key><date>2023-09-26T02:15:20Z</date>
			<key>Date Added</key><date>2023-09-26T02:15:20Z</date>
			<key>Bit Rate</key><integer>256</integer>
			<key>Sample Rate</key><integer>44100</integer>
			<key>Comments</key><string>Yellow</string>
			<key>Play Count</key><integer>3</integer>
			<key>Play Date</key><integer>3832259736</integer>
			<key>Play Date UTC</key><date>2025-06-09T02:35:36Z</date>
			<key>Skip Count</key><integer>2</integer>
			<key>Skip Date</key><date>2025-01-08T22:23:55Z</date>
			<key>Release Date</key><date>2020-09-22T12:00:00Z</date>
			<key>Loved</key><true/>
			<key>Artwork Count</key><integer>1</integer>
			<key>Sort Album</key><string>Shore</string>
			<key>Sort Artist</key><string>Fleet Foxes</string>
			<key>Sort Name</key><string>Sunblind</string>
			<key>Persistent ID</key><string>24906AA02F3B6BF6</string>
			<key>Track Type</key><string>Remote</string>
			<key>Apple Music</key><true/>
		</dict>
		<key>9687</key>
		<dict>
			<key>Track ID</key><integer>9687</integer>
			<key>Name</key><string>We Can Work It Out</string>
			<key>Artist</key><string>The Beatles</string>
			<key>Album Artist</key><string>The Beatles</string>
			<key>Composer</key><string>John Lennon &#38; Paul McCartney</string>
			<key>Album</key><string>Past Masters, Vols. 1 &#38; 2</string>
			<key>Genre</key><string>Music</string>
			<key>Kind</key><string>Apple Music AAC audio file</string>
			<key>Size</key><integer>5213408</integer>
			<key>Total Time</key><integer>135440</integer>
			<key>Disc Number</key><integer>2</integer>
			<key>Disc Count</key><integer>2</integer>
			<key>Track Number</key><integer>2</integer>
			<key>Track Count</key><integer>15</integer>
			<key>Year</key><integer>1965</integer>
			<key>Date Modified</key><date>2023-09-26T02:15:21Z</date>
			<key>Date Added</key><date>2023-09-26T02:15:21Z</date>
			<key>Bit Rate</key><integer>256</integer>
			<key>Sample Rate</key><integer>44100</integer>
			<key>Play Count</key><integer>4</integer>
			<key>Play Date</key><integer>3834514272</integer>
			<key>Play Date UTC</key><date>2025-07-05T04:51:12Z</date>
			<key>Release Date</key><date>1965-12-03T12:00:00Z</date>
			<key>Loved</key><true/>
			<key>Compilation</key><true/>
			<key>Artwork Count</key><integer>1</integer>
			<key>Sort Album</key><string>Past Masters, Vols. 1 &#38; 2</string>
			<key>Sort Album Artist</key><string>Beatles</string>
			<key>Sort Artist</key><string>Beatles</string>
			<key>Sort Name</key><string>We Can Work It Out</string>
			<key>Persistent ID</key><string>DF0C6D4F7E540FB4</string>
			<key>Track Type</key><string>Remote</string>
			<key>Apple Music</key><true/>
		</dict>
		<key>9787</key>
		<dict>
			<key>Track ID</key><integer>9787</integer>
			<key>Name</key><string>Do It Again</string>
			<key>Artist</key><string>Camera Obscura</string>
			<key>Album Artist</key><string>Camera Obscura</string>
			<key>Composer</key><string>Tracyanne Campbell</string>
			<key>Album</key><string>Desire Lines</string>
			<key>Genre</key><string>Music</string>
			<key>Kind</key><string>Apple Music AAC audio file</string>
			<key>Size</key><integer>7418738</integer>
			<key>Total Time</key><integer>197294</integer>
			<key>Disc Number</key><integer>1</integer>
			<key>Disc Count</key><integer>1</integer>
			<key>Track Number</key><integer>6</integer>
			<key>Track Count</key><integer>13</integer>
			<key>Year</key><integer>2013</integer>
			<key>Date Modified</key><date>2023-09-26T02:15:21Z</date>
			<key>Date Added</key><date>2023-09-26T02:15:21Z</date>
			<key>Bit Rate</key><integer>256</integer>
			<key>Sample Rate</key><integer>44100</integer>
			<key>Comments</key><string>Yellow</string>
			<key>Play Count</key><integer>2</integer>
			<key>Play Date</key><integer>3810203100</integer>
			<key>Play Date UTC</key><date>2024-09-26T19:45:00Z</date>
			<key>Release Date</key><date>2013-06-03T12:00:00Z</date>
			<key>Loved</key><true/>
			<key>Artwork Count</key><integer>1</integer>
			<key>Sort Album</key><string>Desire Lines</string>
			<key>Sort Artist</key><string>Camera Obscura</string>
			<key>Sort Name</key><string>Do It Again</string>
			<key>Persistent ID</key><string>9F51D289B69C4181</string>
			<key>Track Type</key><string>Remote</string>
			<key>Apple Music</key><true/>
		</dict>
		<key>9805</key>
		<dict>
			<key>Track ID</key><integer>9805</integer>
			<key>Name</key><string>Aries (feat. Peter Hook and Georgia)</string>
			<key>Artist</key><string>Gorillaz</string>
			<key>Album Artist</key><string>Gorillaz</string>
			<key>Composer</key><string>Damon Albarn, P.Hook, R. Isong &#38; R. Kabaka Jr.</string>
			<key>Album</key><string>Song Machine, Season One: Strange Timez (Deluxe)</string>
			<key>Genre</key><string>Music</string>
			<key>Kind</key><string>Apple Music AAC audio file</string>
			<key>Size</key><integer>8940138</integer>
			<key>Total Time</key><integer>253333</integer>
			<key>Disc Number</key><integer>1</integer>
			<key>Disc Count</key><integer>1</integer>
			<key>Track Number</key><integer>7</integer>
			<key>Track Count</key><integer>16</integer>
			<key>Year</key><integer>2020</integer>
			<key>Date Modified</key><date>2023-09-26T02:15:21Z</date>
			<key>Date Added</key><date>2023-09-26T02:15:21Z</date>
			<key>Bit Rate</key><integer>256</integer>
			<key>Sample Rate</key><integer>44100</integer>
			<key>Comments</key><string>Green</string>
			<key>Play Count</key><integer>2</integer>
			<key>Play Date</key><integer>3832259440</integer>
			<key>Play Date UTC</key><date>2025-06-09T02:30:40Z</date>
			<key>Release Date</key><date>2020-09-09T07:00:00Z</date>
			<key>Loved</key><true/>
			<key>Artwork Count</key><integer>1</integer>
			<key>Sort Album</key><string>Song Machine, Season One: Strange Timez (Deluxe)</string>
			<key>Sort Artist</key><string>Gorillaz</string>
			<key>Sort Name</key><string>Aries (feat. Peter Hook and Georgia)</string>
			<key>Persistent ID</key><string>49329AC1A9106431</string>
			<key>Track Type</key><string>Remote</string>
			<key>Apple Music</key><true/>
		</dict>
		<key>9831</key>
		<dict>
			<key>Track ID</key><integer>9831</integer>
			<key>Name</key><string>Deep Sea</string>
			<key>Artist</key><string>Snail Mail</string>
			<key>Album Artist</key><string>Snail Mail</string>
			<key>Composer</key><string>Lindsey Jordan</string>
			<key>Album</key><string>Lush</string>
			<key>Genre</key><string>Music</string>
			<key>Kind</key><string>Apple Music AAC audio file</string>
			<key>Size</key><integer>9854800</integer>
			<key>Total Time</key><integer>282400</integer>
			<key>Disc Number</key><integer>1</integer>
			<key>Disc Count</key><integer>1</integer>
			<key>Track Number</key><integer>9</integer>
			<key>Track Count</key><integer>10</integer>
			<key>Year</key><integer>2018</integer>
			<key>Date Modified</key><date>2023-09-26T02:15:21Z</date>
			<key>Date Added</key><date>2023-09-26T02:15:21Z</date>
			<key>Bit Rate</key><integer>256</integer>
			<key>Sample Rate</key><integer>44100</integer>
			<key>Play Count</key><integer>6</integer>
			<key>Play Date</key><integer>3783762687</integer>
			<key>Play Date UTC</key><date>2023-11-25T20:11:27Z</date>
			<key>Release Date</key><date>2018-06-08T12:00:00Z</date>
			<key>Loved</key><true/>
			<key>Artwork Count</key><integer>1</integer>
			<key>Sort Album</key><string>Lush</string>
			<key>Sort Artist</key><string>Snail Mail</string>
			<key>Sort Name</key><string>Deep Sea</string>
			<key>Persistent ID</key><string>E613C0E6336A12AF</string>
			<key>Track Type</key><string>Remote</string>
			<key>Apple Music</key><true/>
		</dict>
		<key>9833</key>
		<dict>
			<key>Track ID</key><integer>9833</integer>
			<key>Name</key><string>Golden Dream</string>
			<key>Artist</key><string>Snail Mail</string>
			<key>Album Artist</key><string>Snail Mail</string>
			<key>Composer</key><string>Lindsey Jordan</string>
			<key>Album</key><string>Lush</string>
			<key>Genre</key><string>Music</string>
			<key>Kind</key><string>Apple Music AAC audio file</string>
			<key>Size</key><integer>7406204</integer>
			<key>Total Time</key><integer>207333</integer>
			<key>Disc Number</key><integer>1</integer>
			<key>Disc Count</key><integer>1</integer>
			<key>Track Number</key><integer>7</integer>
			<key>Track Count</key><integer>10</integer>
			<key>Year</key><integer>2018</integer>
			<key>Date Modified</key><date>2023-09-26T02:15:21Z</date>
			<key>Date Added</key><date>2023-09-26T02:15:21Z</date>
			<key>Bit Rate</key><integer>256</integer>
			<key>Sample Rate</key><integer>44100</integer>
			<key>Play Count</key><integer>4</integer>
			<key>Play Date</key><integer>3783767242</integer>
			<key>Play Date UTC</key><date>2023-11-25T21:27:22Z</date>
			<key>Release Date</key><date>2018-06-08T12:00:00Z</date>
			<key>Loved</key><true/>
			<key>Artwork Count</key><integer>1</integer>
			<key>Sort Album</key><string>Lush</string>
			<key>Sort Artist</key><string>Snail Mail</string>
			<key>Sort Name</key><string>Golden Dream</string>
			<key>Persistent ID</key><string>1BCA12538EE42DD8</string>
			<key>Track Type</key><string>Remote</string>
			<key>Apple Music</key><true/>
		</dict>
		<key>9873</key>
		<dict>
			<key>Track ID</key><integer>9873</integer>
			<key>Name</key><string>Charlie</string>
			<key>Artist</key><string>Mallrat</string>
			<key>Album Artist</key><string>Mallrat</string>
			<key>Composer</key><string>Grace Shaw &#38; Leroy James Clampitt</string>
			<key>Album</key><string>Driving Music - EP</string>
			<key>Genre</key><string>Music</string>
			<key>Kind</key><string>Apple Music AAC audio file</string>
			<key>Size</key><integer>6801195</integer>
			<key>Total Time</key><integer>190947</integer>
			<key>Disc Number</key><integer>1</integer>
			<key>Disc Count</key><integer>1</integer>
			<key>Track Number</key><integer>5</integer>
			<key>Track Count</key><integer>6</integer>
			<key>Year</key><integer>2019</integer>
			<key>Date Modified</key><date>2023-09-26T02:15:21Z</date>
			<key>Date Added</key><date>2023-09-26T02:15:21Z</date>
			<key>Bit Rate</key><integer>256</integer>
			<key>Sample Rate</key><integer>44100</integer>
			<key>Comments</key><string>Green</string>
			<key>Play Count</key><integer>2</integer>
			<key>Play Date</key><integer>3798892204</integer>
			<key>Play Date UTC</key><date>2024-05-18T21:50:04Z</date>
			<key>Release Date</key><date>2019-08-07T12:00:00Z</date>
			<key>Loved</key><true/>
			<key>Artwork Count</key><integer>1</integer>
			<key>Sort Album</key><string>Driving Music - EP</string>
			<key>Sort Artist</key><string>Mallrat</string>
			<key>Sort Name</key><string>Charlie</string>
			<key>Persistent ID</key><string>E5E642D742785BEB</string>
			<key>Track Type</key><string>Remote</string>
			<key>Apple Music</key><true/>
		</dict>
		<key>9925</key>
		<dict>
			<key>Track ID</key><integer>9925</integer>
			<key>Name</key><string>Ok Pal</string>
			<key>Artist</key><string>M83</string>
			<key>Album Artist</key><string>M83</string>
			<key>Composer</key><string>M83</string>
			<key>Album</key><string>Hurry Up, We're Dreaming</string>
			<key>Genre</key><string>Music</string>
			<key>Kind</key><string>Apple Music AAC audio file</string>
			<key>Size</key><integer>8447650</integer>
			<key>Total Time</key><integer>238120</integer>
			<key>Disc Number</key><integer>2</integer>
			<key>Disc Count</key><integer>2</integer>
			<key>Track Number</key><integer>3</integer>
			<key>Track Count</key><integer>11</integer>
			<key>Year</key><integer>2011</integer>
			<key>Date Modified</key><date>2023-09-26T02:15:21Z</date>
			<key>Date Added</key><date>2023-09-26T02:15:21Z</date>
			<key>Bit Rate</key><integer>256</integer>
			<key>Sample Rate</key><integer>44100</integer>
			<key>Play Count</key><integer>14</integer>
			<key>Play Date</key><integer>3817630243</integer>
			<key>Play Date UTC</key><date>2024-12-21T19:50:43Z</date>
			<key>Release Date</key><date>2011-10-18T07:00:00Z</date>
			<key>Loved</key><true/>
			<key>Artwork Count</key><integer>1</integer>
			<key>Sort Album</key><string>Hurry Up, We're Dreaming</string>
			<key>Sort Artist</key><string>M83</string>
			<key>Sort Name</key><string>Ok Pal</string>
			<key>Persistent ID</key><string>FCE0AE33FF6ABFCD</string>
			<key>Track Type</key><string>Remote</string>
			<key>Apple Music</key><true/>
		</dict>
		<key>10011</key>
		<dict>
			<key>Track ID</key><integer>10011</integer>
			<key>Name</key><string>Sweet Disposition</string>
			<key>Artist</key><string>The Temper Trap</string>
			<key>Album Artist</key><string>The Temper Trap</string>
			<key>Composer</key><string>Abby Mandagi &#38; Lorenzo Silitto</string>
			<key>Album</key><string>Conditions</string>
			<key>Genre</key><string>Music</string>
			<key>Kind</key><string>Apple Music AAC audio file</string>
			<key>Size</key><integer>8542419</integer>
			<key>Total Time</key><integer>236467</integer>
			<key>Disc Number</key><integer>1</integer>
			<key>Disc Count</key><integer>1</integer>
			<key>Track Number</key><integer>2</integer>
			<key>Track Count</key><integer>10</integer>
			<key>Year</key><integer>2008</integer>
			<key>Date Modified</key><date>2023-09-26T02:15:21Z</date>
			<key>Date Added</key><date>2023-09-26T02:15:21Z</date>
			<key>Bit Rate</key><integer>256</integer>
			<key>Sample Rate</key><integer>44100</integer>
			<key>Comments</key><string>Green</string>
			<key>Play Count</key><integer>2</integer>
			<key>Play Date</key><integer>3817621709</integer>
			<key>Play Date UTC</key><date>2024-12-21T17:28:29Z</date>
			<key>Release Date</key><date>2008-09-16T12:00:00Z</date>
			<key>Loved</key><true/>
			<key>Artwork Count</key><integer>1</integer>
			<key>Sort Album</key><string>Conditions</string>
			<key>Sort Album Artist</key><string>Temper Trap</string>
			<key>Sort Artist</key><string>Temper Trap</string>
			<key>Sort Name</key><string>Sweet Disposition</string>
			<key>Persistent ID</key><string>27F880F68A43A03E</string>
			<key>Track Type</key><string>Remote</string>
			<key>Apple Music</key><true/>
		</dict>
		<key>10027</key>
		<dict>
			<key>Track ID</key><integer>10027</integer>
			<key>Name</key><string>Human</string>
			<key>Artist</key><string>The Killers</string>
			<key>Album Artist</key><string>The Killers</string>
			<key>Composer</key><string>Dave Keuning, Ronnie Vannucci, Brandon Flowers &#38; Mark Stoermer</string>
			<key>Album</key><string>Day &#38; Age</string>
			<key>Genre</key><string>Music</string>
			<key>Kind</key><string>Apple Music AAC audio file</string>
			<key>Size</key><integer>8845613</integer>
			<key>Total Time</key><integer>245373</integer>
			<key>Disc Number</key><integer>1</integer>
			<key>Disc Count</key><integer>1</integer>
			<key>Track Number</key><integer>2</integer>
			<key>Track Count</key><integer>12</integer>
			<key>Year</key><integer>2008</integer>
			<key>Date Modified</key><date>2023-09-26T02:15:21Z</date>
			<key>Date Added</key><date>2023-09-26T02:15:21Z</date>
			<key>Bit Rate</key><integer>256</integer>
			<key>Sample Rate</key><integer>44100</integer>
			<key>Play Count</key><integer>3</integer>
			<key>Play Date</key><integer>3832139284</integer>
			<key>Play Date UTC</key><date>2025-06-07T17:08:04Z</date>
			<key>Release Date</key><date>2008-09-22T12:00:00Z</date>
			<key>Loved</key><true/>
			<key>Artwork Count</key><integer>1</integer>
			<key>Sort Album</key><string>Day &#38; Age</string>
			<key>Sort Album Artist</key><string>Killers</string>
			<key>Sort Artist</key><string>Killers</string>
			<key>Sort Name</key><string>Human</string>
			<key>Persistent ID</key><string>7D31F9134E687AB3</string>
			<key>Track Type</key><string>Remote</string>
			<key>Apple Music</key><true/>
		</dict>
		<key>10047</key>
		<dict>
			<key>Track ID</key><integer>10047</integer>
			<key>Name</key><string>She Burns</string>
			<key>Artist</key><string>Foy Vance</string>
			<key>Album Artist</key><string>Foy Vance</string>
			<key>Composer</key><string>Foy Vance</string>
			<key>Album</key><string>The Wild Swan</string>
			<key>Genre</key><string>Music</string>
			<key>Kind</key><string>Apple Music AAC audio file</string>
			<key>Size</key><integer>8018226</integer>
			<key>Total Time</key><integer>230017</integer>
			<key>Disc Number</key><integer>1</integer>
			<key>Disc Count</key><integer>1</integer>
			<key>Track Number</key><integer>7</integer>
			<key>Track Count</key><integer>12</integer>
			<key>Year</key><integer>2016</integer>
			<key>Date Modified</key><date>2023-09-26T02:15:21Z</date>
			<key>Date Added</key><date>2023-09-26T02:15:21Z</date>
			<key>Bit Rate</key><integer>256</integer>
			<key>Sample Rate</key><integer>44100</integer>
			<key>Comments</key><string>Green</string>
			<key>Play Count</key><integer>2</integer>
			<key>Play Date</key><integer>3832262732</integer>
			<key>Play Date UTC</key><date>2025-06-09T03:25:32Z</date>
			<key>Release Date</key><date>2016-05-13T12:00:00Z</date>
			<key>Loved</key><true/>
			<key>Artwork Count</key><integer>1</integer>
			<key>Sort Album</key><string>Wild Swan</string>
			<key>Sort Artist</key><string>Foy Vance</string>
			<key>Sort Name</key><string>She Burns</string>
			<key>Persistent ID</key><string>B5A9972268BB4AF8</string>
			<key>Track Type</key><string>Remote</string>
			<key>Apple Music</key><true/>
		</dict>
		<key>10061</key>
		<dict>
			<key>Track ID</key><integer>10061</integer>
			<key>Name</key><string>Fly Me to the Moon (feat. Count Basie and His Orchestra)</string>
			<key>Artist</key><string>Frank Sinatra</string>
			<key>Album Artist</key><string>Frank Sinatra</string>
			<key>Composer</key><string>Bart Howard</string>
			<key>Album</key><string>Nothing But the Best (Remastered)</string>
			<key>Genre</key><string>Music</string>
			<key>Kind</key><string>Apple Music AAC audio file</string>
			<key>Size</key><integer>5493060</integer>
			<key>Total Time</key><integer>147520</integer>
			<key>Disc Number</key><integer>1</integer>
			<key>Disc Count</key><integer>1</integer>
			<key>Track Number</key><integer>8</integer>
			<key>Track Count</key><integer>22</integer>
			<key>Year</key><integer>2008</integer>
			<key>Date Modified</key><date>2023-09-26T02:15:21Z</date>
			<key>Date Added</key><date>2023-09-26T02:15:21Z</date>
			<key>Bit Rate</key><integer>256</integer>
			<key>Sample Rate</key><integer>44100</integer>
			<key>Play Count</key><integer>2</integer>
			<key>Play Date</key><integer>3817637898</integer>
			<key>Play Date UTC</key><date>2024-12-21T21:58:18Z</date>
			<key>Release Date</key><date>2008-05-13T12:00:00Z</date>
			<key>Loved</key><true/>
			<key>Compilation</key><true/>
			<key>Artwork Count</key><integer>1</integer>
			<key>Sort Album</key><string>Nothing But the Best (Remastered)</string>
			<key>Sort Artist</key><string>Frank Sinatra</string>
			<key>Sort Name</key><string>Fly Me to the Moon (feat. Count Basie and His Orchestra)</string>
			<key>Persistent ID</key><string>3F43E500A8E33077</string>
			<key>Track Type</key><string>Remote</string>
			<key>Apple Music</key><true/>
		</dict>
		<key>10099</key>
		<dict>
			<key>Track ID</key><integer>10099</integer>
			<key>Name</key><string>Down to the River to Pray</string>
			<key>Artist</key><string>Alison Krauss</string>
			<key>Album Artist</key><string>Various Artists</string>
			<key>Composer</key><string>Traditional</string>
			<key>Album</key><string>O Brother, Where Art Thou? (Music from the Motion Picture)</string>
			<key>Genre</key><string>Music</string>
			<key>Kind</key><string>Apple Music AAC audio file</string>
			<key>Size</key><integer>6385139</integer>
			<key>Total Time</key><integer>176919</integer>
			<key>Disc Number</key><integer>1</integer>
			<key>Disc Count</key><integer>1</integer>
			<key>Track Number</key><integer>4</integer>
			<key>Track Count</key><integer>19</integer>
			<key>Year</key><integer>2000</integer>
			<key>Date Modified</key><date>2023-09-26T02:15:21Z</date>
			<key>Date Added</key><date>2023-09-26T02:15:21Z</date>
			<key>Bit Rate</key><integer>256</integer>
			<key>Sample Rate</key><integer>44100</integer>
			<key>Comments</key><string>White</string>
			<key>Play Count</key><integer>2</integer>
			<key>Play Date</key><integer>3798891767</integer>
			<key>Play Date UTC</key><date>2024-05-18T21:42:47Z</date>
			<key>Release Date</key><date>2000-01-01T12:00:00Z</date>
			<key>Loved</key><true/>
			<key>Compilation</key><true/>
			<key>Artwork Count</key><integer>1</integer>
			<key>Sort Album</key><string>O Brother, Where Art Thou? (Music from the Motion Picture)</string>
			<key>Sort Artist</key><string>Alison Krauss</string>
			<key>Sort Name</key><string>Down to the River to Pray</string>
			<key>Persistent ID</key><string>CA93967DECC411EE</string>
			<key>Track Type</key><string>Remote</string>
			<key>Apple Music</key><true/>
		</dict>
		<key>10103</key>
		<dict>
			<key>Track ID</key><integer>10103</integer>
			<key>Name</key><string>Into the Ocean</string>
			<key>Artist</key><string>Blue October</string>
			<key>Album Artist</key><string>Blue October</string>
			<key>Composer</key><string>Justin Furstenfeld</string>
			<key>Album</key><string>Foiled</string>
			<key>Genre</key><string>Music</string>
			<key>Kind</key><string>Apple Music AAC audio file</string>
			<key>Size</key><integer>8300897</integer>
			<key>Total Time</key><integer>239947</integer>
			<key>Disc Number</key><integer>1</integer>
			<key>Disc Count</key><integer>1</integer>
			<key>Track Number</key><integer>3</integer>
			<key>Track Count</key><integer>13</integer>
			<key>Year</key><integer>2006</integer>
			<key>Date Modified</key><date>2023-09-26T02:15:21Z</date>
			<key>Date Added</key><date>2023-09-26T02:15:21Z</date>
			<key>Bit Rate</key><integer>256</integer>
			<key>Sample Rate</key><integer>44100</integer>
			<key>Comments</key><string>Blue</string>
			<key>Play Count</key><integer>2</integer>
			<key>Play Date</key><integer>3795443020</integer>
			<key>Play Date UTC</key><date>2024-04-08T23:43:40Z</date>
			<key>Release Date</key><date>2006-01-01T12:00:00Z</date>
			<key>Loved</key><true/>
			<key>Artwork Count</key><integer>1</integer>
			<key>Sort Album</key><string>Foiled</string>
			<key>Sort Artist</key><string>Blue October</string>
			<key>Sort Name</key><string>Into the Ocean</string>
			<key>Persistent ID</key><string>2733CA8D8C90BA71</string>
			<key>Clean</key><true/>
			<key>Track Type</key><string>Remote</string>
			<key>Apple Music</key><true/>
		</dict>
		<key>10147</key>
		<dict>
			<key>Track ID</key><integer>10147</integer>
			<key>Name</key><string>Roxanne (Remastered 2003)</string>
			<key>Artist</key><string>The Police</string>
			<key>Album Artist</key><string>The Police</string>
			<key>Composer</key><string>Sting</string>
			<key>Album</key><string>Outlandos D'Amour (Remastered 2003)</string>
			<key>Genre</key><string>Music</string>
			<key>Kind</key><string>Apple Music AAC audio file</string>
			<key>Size</key><integer>6909202</integer>
			<key>Total Time</key><integer>193893</integer>
			<key>Disc Number</key><integer>1</integer>
			<key>Disc Count</key><integer>1</integer>
			<key>Track Number</key><integer>3</integer>
			<key>Track Count</key><integer>10</integer>
			<key>Year</key><integer>1978</integer>
			<key>Date Modified</key><date>2023-09-26T02:15:21Z</date>
			<key>Date Added</key><date>2023-09-26T02:15:21Z</date>
			<key>Bit Rate</key><integer>256</integer>
			<key>Sample Rate</key><integer>44100</integer>
			<key>Play Count</key><integer>4</integer>
			<key>Play Date</key><integer>3834419551</integer>
			<key>Play Date UTC</key><date>2025-07-04T02:32:31Z</date>
			<key>Release Date</key><date>1978-04-07T12:00:00Z</date>
			<key>Loved</key><true/>
			<key>Artwork Count</key><integer>1</integer>
			<key>Sort Album</key><string>Outlandos D'Amour (Remastered 2003)</string>
			<key>Sort Album Artist</key><string>Police</string>
			<key>Sort Artist</key><string>Police</string>
			<key>Sort Name</key><string>Roxanne (Remastered 2003)</string>
			<key>Persistent ID</key><string>31EF5E67AFB27D4C</string>
			<key>Track Type</key><string>Remote</string>
			<key>Apple Music</key><true/>
		</dict>
		<key>10189</key>
		<dict>
			<key>Track ID</key><integer>10189</integer>
			<key>Name</key><string>Space Song</string>
			<key>Artist</key><string>Beach House</string>
			<key>Album Artist</key><string>Beach House</string>
			<key>Composer</key><string>Beach House</string>
			<key>Album</key><string>Depression Cherry</string>
			<key>Genre</key><string>Music</string>
			<key>Kind</key><string>Apple Music AAC audio file</string>
			<key>Size</key><integer>11137589</integer>
			<key>Total Time</key><integer>320467</integer>
			<key>Disc Number</key><integer>1</integer>
			<key>Disc Count</key><integer>1</integer>
			<key>Track Number</key><integer>3</integer>
			<key>Track Count</key><integer>9</integer>
			<key>Year</key><integer>2015</integer>
			<key>Date Modified</key><date>2023-09-26T02:15:21Z</date>
			<key>Date Added</key><date>2023-09-26T02:15:21Z</date>
			<key>Bit Rate</key><integer>256</integer>
			<key>Sample Rate</key><integer>44100</integer>
			<key>Comments</key><string>Violet</string>
			<key>Play Count</key><integer>1</integer>
			<key>Play Date</key><integer>3783779354</integer>
			<key>Play Date UTC</key><date>2023-11-26T00:49:14Z</date>
			<key>Release Date</key><date>2015-08-28T07:00:00Z</date>
			<key>Loved</key><true/>
			<key>Artwork Count</key><integer>1</integer>
			<key>Sort Album</key><string>Depression Cherry</string>
			<key>Sort Artist</key><string>Beach House</string>
			<key>Sort Name</key><string>Space Song</string>
			<key>Persistent ID</key><string>AA1ABEE6AA0BB753</string>
			<key>Track Type</key><string>Remote</string>
			<key>Apple Music</key><true/>
		</dict>
		<key>10211</key>
		<dict>
			<key>Track ID</key><integer>10211</integer>
			<key>Name</key><string>Down in the Valley</string>
			<key>Artist</key><string>The Head and the Heart</string>
			<key>Album Artist</key><string>The Head and the Heart</string>
			<key>Composer</key><string>Charity Rose Thielen, Christopher Zasche, Jonathan Russell, Josiah Johnson, Kenneth Hensley &#38; Robert Tyler Williams</string>
			<key>Album</key><string>The Head And The Heart</string>
			<key>Genre</key><string>Music</string>
			<key>Kind</key><string>Apple Music AAC audio file</string>
			<key>Size</key><integer>10825822</integer>
			<key>Total Time</key><integer>303653</integer>
			<key>Disc Number</key><integer>1</integer>
			<key>Disc Count</key><integer>1</integer>
			<key>Track Number</key><integer>4</integer>
			<key>Track Count</key><integer>10</integer>
			<key>Year</key><integer>2010</integer>
			<key>Date Modified</key><date>2023-09-26T02:15:21Z</date>
			<key>Date Added</key><date>2023-09-26T02:15:21Z</date>
			<key>Bit Rate</key><integer>256</integer>
			<key>Sample Rate</key><integer>44100</integer>
			<key>Comments</key><string>Green</string>
			<key>Play Count</key><integer>2</integer>
			<key>Play Date</key><integer>3834585235</integer>
			<key>Play Date UTC</key><date>2025-07-06T00:33:55Z</date>
			<key>Release Date</key><date>2010-06-29T12:00:00Z</date>
			<key>Loved</key><true/>
			<key>Artwork Count</key><integer>1</integer>
			<key>Sort Album</key><string>Head And The Heart</string>
			<key>Sort Album Artist</key><string>Head and the Heart</string>
			<key>Sort Artist</key><string>Head and the Heart</string>
			<key>Sort Name</key><string>Down in the Valley</string>
			<key>Persistent ID</key><string>C47EF240DB287ABC</string>
			<key>Track Type</key><string>Remote</string>
			<key>Apple Music</key><true/>
		</dict>
		<key>10263</key>
		<dict>
			<key>Track ID</key><integer>10263</integer>
			<key>Name</key><string>Comfortably Numb</string>
			<key>Artist</key><string>Pink Floyd</string>
			<key>Album Artist</key><string>Pink Floyd</string>
			<key>Composer</key><string>Roger Waters &#38; David Gilmour</string>
			<key>Album</key><string>The Wall</string>
			<key>Genre</key><string>Music</string>
			<key>Kind</key><string>Apple Music AAC audio file</string>
			<key>Size</key><integer>14171010</integer>
			<key>Total Time</key><integer>382280</integer>
			<key>Disc Number</key><integer>2</integer>
			<key>Disc Count</key><integer>2</integer>
			<key>Track Number</key><integer>6</integer>
			<key>Track Count</key><integer>13</integer>
			<key>Year</key><integer>1979</integer>
			<key>Date Modified</key><date>2023-09-26T02:15:21Z</date>
			<key>Date Added</key><date>2023-09-26T02:15:21Z</date>
			<key>Bit Rate</key><integer>256</integer>
			<key>Sample Rate</key><integer>44100</integer>
			<key>Comments</key><string>Black</string>
			<key>Play Count</key><integer>3</integer>
			<key>Play Date</key><integer>3822334762</integer>
			<key>Play Date UTC</key><date>2025-02-14T06:39:22Z</date>
			<key>Skip Count</key><integer>1</integer>
			<key>Skip Date</key><date>2025-02-01T16:45:19Z</date>
			<key>Release Date</key><date>1979-11-30T08:00:00Z</date>
			<key>Loved</key><true/>
			<key>Artwork Count</key><integer>1</integer>
			<key>Sort Album</key><string>Wall</string>
			<key>Sort Artist</key><string>Pink Floyd</string>
			<key>Sort Name</key><string>Comfortably Numb</string>
			<key>Persistent ID</key><string>C79A40BA8AA8861E</string>
			<key>Track Type</key><string>Remote</string>
			<key>Apple Music</key><true/>
		</dict>
		<key>10291</key>
		<dict>
			<key>Track ID</key><integer>10291</integer>
			<key>Name</key><string>Ways To Go</string>
			<key>Artist</key><string>GROUPLOVE</string>
			<key>Album Artist</key><string>GROUPLOVE</string>
			<key>Composer</key><string>GROUPLOVE</string>
			<key>Album</key><string>Spreading Rumours (Deluxe)</string>
			<key>Genre</key><string>Music</string>
			<key>Kind</key><string>Apple Music AAC audio file</string>
			<key>Size</key><integer>8255372</integer>
			<key>Total Time</key><integer>215493</integer>
			<key>Disc Number</key><integer>1</integer>
			<key>Disc Count</key><integer>1</integer>
			<key>Track Number</key><integer>4</integer>
			<key>Track Count</key><integer>16</integer>
			<key>Year</key><integer>2013</integer>
			<key>Date Modified</key><date>2023-09-26T02:15:21Z</date>
			<key>Date Added</key><date>2023-09-26T02:15:21Z</date>
			<key>Bit Rate</key><integer>256</integer>
			<key>Sample Rate</key><integer>44100</integer>
			<key>Comments</key><string>Yellow</string>
			<key>Play Count</key><integer>2</integer>
			<key>Play Date</key><integer>3832475715</integer>
			<key>Play Date UTC</key><date>2025-06-11T14:35:15Z</date>
			<key>Skip Count</key><integer>1</integer>
			<key>Skip Date</key><date>2024-12-23T22:05:40Z</date>
			<key>Release Date</key><date>2013-06-07T07:00:00Z</date>
			<key>Loved</key><true/>
			<key>Artwork Count</key><integer>1</integer>
			<key>Sort Album</key><string>Spreading Rumours (Deluxe)</string>
			<key>Sort Artist</key><string>GROUPLOVE</string>
			<key>Sort Name</key><string>Ways To Go</string>
			<key>Persistent ID</key><string>E41A78B7BB5A43A9</string>
			<key>Track Type</key><string>Remote</string>
			<key>Apple Music</key><true/>
		</dict>
		<key>10321</key>
		<dict>
			<key>Track ID</key><integer>10321</integer>
			<key>Name</key><string>Somewhere Tonight</string>
			<key>Artist</key><string>Beach House</string>
			<key>Album Artist</key><string>Beach House</string>
			<key>Composer</key><string>Beach House</string>
			<key>Album</key><string>Thank Your Lucky Stars</string>
			<key>Genre</key><string>Music</string>
			<key>Kind</key><string>Apple Music AAC audio file</string>
			<key>Size</key><integer>8907154</integer>
			<key>Total Time</key><integer>253936</integer>
			<key>Disc Number</key><integer>1</integer>
			<key>Disc Count</key><integer>1</integer>
			<key>Track Number</key><integer>9</integer>
			<key>Track Count</key><integer>9</integer>
			<key>Year</key><integer>2015</integer>
			<key>Date Modified</key><date>2023-09-26T02:15:21Z</date>
			<key>Date Added</key><date>2023-09-26T02:15:21Z</date>
			<key>Bit Rate</key><integer>256</integer>
			<key>Sample Rate</key><integer>44100</integer>
			<key>Play Count</key><integer>1</integer>
			<key>Play Date</key><integer>3831540858</integer>
			<key>Play Date UTC</key><date>2025-05-31T18:54:18Z</date>
			<key>Release Date</key><date>2015-10-16T12:00:00Z</date>
			<key>Loved</key><true/>
			<key>Artwork Count</key><integer>1</integer>
			<key>Sort Album</key><string>Thank Your Lucky Stars</string>
			<key>Sort Artist</key><string>Beach House</string>
			<key>Sort Name</key><string>Somewhere Tonight</string>
			<key>Persistent ID</key><string>67907E7997F02AD3</string>
			<key>Track Type</key><string>Remote</string>
			<key>Apple Music</key><true/>
		</dict>
		<key>10381</key>
		<dict>
			<key>Track ID</key><integer>10381</integer>
			<key>Name</key><string>Giving Up the Gun</string>
			<key>Artist</key><string>Vampire Weekend</string>
			<key>Album Artist</key><string>Vampire Weekend</string>
			<key>Composer</key><string>Chris Baio, Chris Tomson, Rostam &#38; Ezra Koenig</string>
			<key>Album</key><string>Contra (Bonus Track Version)</string>
			<key>Genre</key><string>Music</string>
			<key>Kind</key><string>Apple Music AAC audio file</string>
			<key>Size</key><integer>9987894</integer>
			<key>Total Time</key><integer>286160</integer>
			<key>Disc Number</key><integer>1</integer>
			<key>Disc Count</key><integer>1</integer>
			<key>Track Number</key><integer>8</integer>
			<key>Track Count</key><integer>11</integer>
			<key>Year</key><integer>2010</integer>
			<key>Date Modified</key><date>2023-09-26T02:15:21Z</date>
			<key>Date Added</key><date>2023-09-26T02:15:21Z</date>
			<key>Bit Rate</key><integer>256</integer>
			<key>Sample Rate</key><integer>44100</integer>
			<key>Comments</key><string>Yellow</string>
			<key>Play Count</key><integer>2</integer>
			<key>Play Date</key><integer>3832476411</integer>
			<key>Play Date UTC</key><date>2025-06-11T14:46:51Z</date>
			<key>Release Date</key><date>2010-01-11T08:00:00Z</date>
			<key>Loved</key><true/>
			<key>Artwork Count</key><integer>1</integer>
			<key>Sort Album</key><string>Contra (Bonus Track Version)</string>
			<key>Sort Artist</key><string>Vampire Weekend</string>
			<key>Sort Name</key><string>Giving Up the Gun</string>
			<key>Persistent ID</key><string>49E08FDBF707E67B</string>
			<key>Track Type</key><string>Remote</string>
			<key>Apple Music</key><true/>
		</dict>
		<key>10517</key>
		<dict>
			<key>Track ID</key><integer>10517</integer>
			<key>Name</key><string>Gravity</string>
			<key>Artist</key><string>John Mayer</string>
			<key>Album Artist</key><string>John Mayer</string>
			<key>Composer</key><string>John Mayer</string>
			<key>Album</key><string>Continuum</string>
			<key>Genre</key><string>Music</string>
			<key>Kind</key><string>Apple Music AAC audio file</string>
			<key>Size</key><integer>8890741</integer>
			<key>Total Time</key><integer>245773</integer>
			<key>Disc Number</key><integer>1</integer>
			<key>Disc Count</key><integer>1</integer>
			<key>Track Number</key><integer>4</integer>
			<key>Track Count</key><integer>12</integer>
			<key>Year</key><integer>2006</integer>
			<key>Date Modified</key><date>2023-09-26T02:15:22Z</date>
			<key>Date Added</key><date>2023-09-26T02:15:22Z</date>
			<key>Bit Rate</key><integer>256</integer>
			<key>Sample Rate</key><integer>44100</integer>
			<key>Play Count</key><integer>2</integer>
			<key>Play Date</key><integer>3798892013</integer>
			<key>Play Date UTC</key><date>2024-05-18T21:46:53Z</date>
			<key>Release Date</key><date>2006-09-12T07:00:00Z</date>
			<key>Loved</key><true/>
			<key>Compilation</key><true/>
			<key>Artwork Count</key><integer>1</integer>
			<key>Sort Album</key><string>Continuum</string>
			<key>Sort Artist</key><string>John Mayer</string>
			<key>Sort Name</key><string>Gravity</string>
			<key>Persistent ID</key><string>39EA9308F5F9DC5E</string>
			<key>Track Type</key><string>Remote</string>
			<key>Apple Music</key><true/>
		</dict>
		<key>10581</key>
		<dict>
			<key>Track ID</key><integer>10581</integer>
			<key>Name</key><string>Where'd All the Time Go?</string>
			<key>Artist</key><string>Dr. Dog</string>
			<key>Album Artist</key><string>Dr. Dog</string>
			<key>Composer</key><string>Scott McMicken &#38; Toby Leaman</string>
			<key>Album</key><string>Shame, Shame (Deluxe Edition)</string>
			<key>Genre</key><string>Music</string>
			<key>Kind</key><string>Apple Music AAC audio file</string>
			<key>Size</key><integer>8265051</integer>
			<key>Total Time</key><integer>234800</integer>
			<key>Disc Number</key><integer>1</integer>
			<key>Disc Count</key><integer>1</integer>
			<key>Track Number</key><integer>5</integer>
			<key>Track Count</key><integer>18</integer>
			<key>Year</key><integer>2010</integer>
			<key>Date Modified</key><date>2023-09-26T03:39:10Z</date>
			<key>Date Added</key><date>2023-09-26T03:39:10Z</date>
			<key>Bit Rate</key><integer>256</integer>
			<key>Sample Rate</key><integer>44100</integer>
			<key>Play Count</key><integer>2</integer>
			<key>Play Date</key><integer>3834419787</integer>
			<key>Play Date UTC</key><date>2025-07-04T02:36:27Z</date>
			<key>Release Date</key><date>2010-04-02T12:00:00Z</date>
			<key>Loved</key><true/>
			<key>Artwork Count</key><integer>1</integer>
			<key>Sort Album</key><string>Shame, Shame (Deluxe Edition)</string>
			<key>Sort Artist</key><string>Dr. Dog</string>
			<key>Sort Name</key><string>Where'd All the Time Go?</string>
			<key>Persistent ID</key><string>A1255FEE88D3214A</string>
			<key>Track Type</key><string>Remote</string>
			<key>Apple Music</key><true/>
		</dict>
		<key>10595</key>
		<dict>
			<key>Track ID</key><integer>10595</integer>
			<key>Name</key><string>Less Than Zero</string>
			<key>Artist</key><string>Elvis Costello</string>
			<key>Album Artist</key><string>Elvis Costello</string>
			<key>Composer</key><string>Elvis Costello</string>
			<key>Album</key><string>My Aim Is True</string>
			<key>Genre</key><string>Music</string>
			<key>Kind</key><string>Apple Music AAC audio file</string>
			<key>Size</key><integer>7901133</integer>
			<key>Total Time</key><integer>194733</integer>
			<key>Disc Number</key><integer>1</integer>
			<key>Disc Count</key><integer>1</integer>
			<key>Track Number</key><integer>8</integer>
			<key>Track Count</key><integer>13</integer>
			<key>Year</key><integer>1977</integer>
			<key>Date Modified</key><date>2023-09-26T03:39:10Z</date>
			<key>Date Added</key><date>2023-09-26T03:39:10Z</date>
			<key>Bit Rate</key><integer>256</integer>
			<key>Sample Rate</key><integer>44100</integer>
			<key>Play Count</key><integer>2</integer>
			<key>Play Date</key><integer>3834558154</integer>
			<key>Play Date UTC</key><date>2025-07-05T17:02:34Z</date>
			<key>Release Date</key><date>1977-07-22T12:00:00Z</date>
			<key>Loved</key><true/>
			<key>Artwork Count</key><integer>1</integer>
			<key>Sort Album</key><string>My Aim Is True</string>
			<key>Sort Artist</key><string>Elvis Costello</string>
			<key>Sort Name</key><string>Less Than Zero</string>
			<key>Persistent ID</key><string>2D3D63C158C04456</string>
			<key>Track Type</key><string>Remote</string>
			<key>Apple Music</key><true/>
		</dict>
		<key>10605</key>
		<dict>
			<key>Track ID</key><integer>10605</integer>
			<key>Name</key><string>Die Hard</string>
			<key>Artist</key><string>Kendrick Lamar, Blxst &#38; Amanda Reifer</string>
			<key>Album Artist</key><string>Kendrick Lamar</string>
			<key>Composer</key><string>Kendrick Lamar, Amanda Reifer, Matthew Burdette, Hykeem Carter, M. Spears, J. Pounds, D. Natche, Michael John Mule, Isaac John De Boni, Thundercat, Sam Dew, Victor Ekpo, M. Smith &#38; Robert Smith</string>
			<key>Album</key><string>Mr. Morale &#38; The Big Steppers</string>
			<key>Genre</key><string>Music</string>
			<key>Kind</key><string>Apple Music AAC audio file</string>
			<key>Size</key><integer>8498118</integer>
			<key>Total Time</key><integer>239027</integer>
			<key>Disc Number</key><integer>1</integer>
			<key>Disc Count</key><integer>2</integer>
			<key>Track Number</key><integer>4</integer>
			<key>Track Count</key><integer>9</integer>
			<key>Year</key><integer>2022</integer>
			<key>Date Modified</key><date>2023-09-26T03:39:10Z</date>
			<key>Date Added</key><date>2023-09-26T03:39:10Z</date>
			<key>Bit Rate</key><integer>256</integer>
			<key>Sample Rate</key><integer>44100</integer>
			<key>Play Count</key><integer>4</integer>
			<key>Play Date</key><integer>3825494759</integer>
			<key>Play Date UTC</key><date>2025-03-22T19:25:59Z</date>
			<key>Skip Count</key><integer>1</integer>
			<key>Skip Date</key><date>2025-02-26T05:21:28Z</date>
			<key>Release Date</key><date>2022-05-13T12:00:00Z</date>
			<key>Loved</key><true/>
			<key>Artwork Count</key><integer>1</integer>
			<key>Sort Album</key><string>Mr. Morale &#38; The Big Steppers</string>
			<key>Sort Artist</key><string>Kendrick Lamar, Blxst &#38; Amanda Reifer</string>
			<key>Sort Name</key><string>Die Hard</string>
			<key>Persistent ID</key><string>5AE67F87BFA0712D</string>
			<key>Explicit</key><true/>
			<key>Track Type</key><string>Remote</string>
			<key>Apple Music</key><true/>
		</dict>
		<key>10621</key>
		<dict>
			<key>Track ID</key><integer>10621</integer>
			<key>Name</key><string>Lauder Too (feat. Ravyn Lenae &#38; Eryn Allen Kane)</string>
			<key>Artist</key><string>JID</string>
			<key>Album Artist</key><string>JID</string>
			<key>Composer</key><string>Eryn Allen Kane, Destin Route, Ravyn Lenae Washington, James Blake Litherland, Ahmanti Booker, Benjamin Tolbert, Edmund Sylvers &#38; Leon Sylvers III</string>
			<key>Album</key><string>The Forever Story</string>
			<key>Genre</key><string>Music</string>
			<key>Kind</key><string>Apple Music AAC audio file</string>
			<key>Size</key><integer>8267740</integer>
			<key>Total Time</key><integer>233078</integer>
			<key>Disc Number</key><integer>1</integer>
			<key>Disc Count</key><integer>1</integer>
			<key>Track Number</key><integer>15</integer>
			<key>Track Count</key><integer>15</integer>
			<key>Year</key><integer>2022</integer>
			<key>Date Modified</key><date>2023-09-26T03:39:10Z</date>
			<key>Date Added</key><date>2023-09-26T03:39:10Z</date>
			<key>Bit Rate</key><integer>256</integer>
			<key>Sample Rate</key><integer>44100</integer>
			<key>Comments</key><string>Indigo</string>
			<key>Play Count</key><integer>6</integer>
			<key>Play Date</key><integer>3824907265</integer>
			<key>Play Date UTC</key><date>2025-03-16T00:14:25Z</date>
			<key>Skip Count</key><integer>1</integer>
			<key>Skip Date</key><date>2025-01-08T21:49:53Z</date>
			<key>Release Date</key><date>2022-08-26T12:00:00Z</date>
			<key>Loved</key><true/>
			<key>Artwork Count</key><integer>1</integer>
			<key>Sort Album</key><string>Forever Story</string>
			<key>Sort Artist</key><string>JID</string>
			<key>Sort Name</key><string>Lauder Too (feat. Ravyn Lenae &#38; Eryn Allen Kane)</string>
			<key>Persistent ID</key><string>88349AE310B1D5E2</string>
			<key>Explicit</key><true/>
			<key>Track Type</key><string>Remote</string>
			<key>Apple Music</key><true/>
		</dict>
		<key>10627</key>
		<dict>
			<key>Track ID</key><integer>10627</integer>
			<key>Name</key><string>Life In One Day (2018 Remaster)</string>
			<key>Artist</key><string>Howard Jones</string>
			<key>Album Artist</key><string>Howard Jones</string>
			<key>Composer</key><string>Howard Jones</string>
			<key>Album</key><string>Dream Into Action (Deluxe Audio Commentary Edition) [2018 Remaster]</string>
			<key>Genre</key><string>Music</string>
			<key>Kind</key><string>Apple Music AAC audio file</string>
			<key>Size</key><integer>7894396</integer>
			<key>Total Time</key><integer>219373</integer>
			<key>Disc Number</key><integer>1</integer>
			<key>Disc Count</key><integer>1</integer>
			<key>Track Number</key><integer>4</integer>
			<key>Track Count</key><integer>28</integer>
			<key>Year</key><integer>1985</integer>
			<key>Date Modified</key><date>2023-09-26T03:39:10Z</date>
			<key>Date Added</key><date>2023-09-26T03:39:10Z</date>
			<key>Bit Rate</key><integer>256</integer>
			<key>Sample Rate</key><integer>44100</integer>
			<key>Comments</key><string>Yellow</string>
			<key>Play Count</key><integer>2</integer>
			<key>Play Date</key><integer>3834597930</integer>
			<key>Play Date UTC</key><date>2025-07-06T04:05:30Z</date>
			<key>Release Date</key><date>1985-03-11T12:00:00Z</date>
			<key>Loved</key><true/>
			<key>Artwork Count</key><integer>1</integer>
			<key>Sort Album</key><string>Dream Into Action (Deluxe Audio Commentary Edition) [2018 Remaster]</string>
			<key>Sort Artist</key><string>Howard Jones</string>
			<key>Sort Name</key><string>Life In One Day (2018 Remaster)</string>
			<key>Persistent ID</key><string>9A62AB6ACAE03E9A</string>
			<key>Track Type</key><string>Remote</string>
			<key>Apple Music</key><true/>
		</dict>
		<key>10629</key>
		<dict>
			<key>Track ID</key><integer>10629</integer>
			<key>Name</key><string>Rich Spirit</string>
			<key>Artist</key><string>Kendrick Lamar</string>
			<key>Album Artist</key><string>Kendrick Lamar</string>
			<key>Composer</key><string>Kendrick Lamar, M. Spears, D. Natche, Frano Huett, Sam Dew &#38; Jahaan Sweet</string>
			<key>Album</key><string>Mr. Morale &#38; The Big Steppers</string>
			<key>Genre</key><string>Music</string>
			<key>Kind</key><string>Apple Music AAC audio file</string>
			<key>Size</key><integer>7312928</integer>
			<key>Total Time</key><integer>202286</integer>
			<key>Disc Number</key><integer>1</integer>
			<key>Disc Count</key><integer>2</integer>
			<key>Track Number</key><integer>7</integer>
			<key>Track Count</key><integer>9</integer>
			<key>Year</key><integer>2022</integer>
			<key>Date Modified</key><date>2023-09-26T03:39:10Z</date>
			<key>Date Added</key><date>2023-09-26T03:39:10Z</date>
			<key>Bit Rate</key><integer>256</integer>
			<key>Sample Rate</key><integer>44100</integer>
			<key>Play Count</key><integer>5</integer>
			<key>Play Date</key><integer>3825494961</integer>
			<key>Play Date UTC</key><date>2025-03-22T19:29:21Z</date>
			<key>Release Date</key><date>2022-05-13T12:00:00Z</date>
			<key>Loved</key><true/>
			<key>Artwork Count</key><integer>1</integer>
			<key>Sort Album</key><string>Mr. Morale &#38; The Big Steppers</string>
			<key>Sort Artist</key><string>Kendrick Lamar</string>
			<key>Sort Name</key><string>Rich Spirit</string>
			<key>Persistent ID</key><string>275276B203F37D1F</string>
			<key>Explicit</key><true/>
			<key>Track Type</key><string>Remote</string>
			<key>Apple Music</key><true/>
		</dict>
		<key>10637</key>
		<dict>
			<key>Track ID</key><integer>10637</integer>
			<key>Name</key><string>Father Time (feat. Sampha)</string>
			<key>Artist</key><string>Kendrick Lamar</string>
			<key>Album Artist</key><string>Kendrick Lamar</string>
			<key>Composer</key><string>Kendrick Lamar, Sampha Sisay, M. Spears, D. Natche, Daniel Tannenbaum, Matthew Schaeffer, Johnny Kosich, Jake Kosich, Duval Timothy, Victor Ekpo &#38; K. Jones</string>
			<key>Album</key><string>Mr. Morale &#38; The Big Steppers</string>
			<key>Genre</key><string>Music</string>
			<key>Kind</key><string>Apple Music AAC audio file</string>
			<key>Size</key><integer>8055448</integer>
			<key>Total Time</key><integer>222497</integer>
			<key>Disc Number</key><integer>1</integer>
			<key>Disc Count</key><integer>2</integer>
			<key>Track Number</key><integer>5</integer>
			<key>Track Count</key><integer>9</integer>
			<key>Year</key><integer>2022</integer>
			<key>Date Modified</key><date>2023-09-26T03:39:10Z</date>
			<key>Date Added</key><date>2023-09-26T03:39:10Z</date>
			<key>Bit Rate</key><integer>256</integer>
			<key>Sample Rate</key><integer>44100</integer>
			<key>Play Count</key><integer>2</integer>
			<key>Play Date</key><integer>3798015229</integer>
			<key>Play Date UTC</key><date>2024-05-08T18:13:49Z</date>
			<key>Release Date</key><date>2022-05-13T12:00:00Z</date>
			<key>Loved</key><true/>
			<key>Artwork Count</key><integer>1</integer>
			<key>Sort Album</key><string>Mr. Morale &#38; The Big Steppers</string>
			<key>Sort Artist</key><string>Kendrick Lamar</string>
			<key>Sort Name</key><string>Father Time (feat. Sampha)</string>
			<key>Persistent ID</key><string>0503F345336515C6</string>
			<key>Explicit</key><true/>
			<key>Track Type</key><string>Remote</string>
			<key>Apple Music</key><true/>
		</dict>
		<key>10681</key>
		<dict>
			<key>Track ID</key><integer>10681</integer>
			<key>Name</key><string>Heavy Bend</string>
			<key>Artist</key><string>Big Thief</string>
			<key>Album Artist</key><string>Big Thief</string>
			<key>Composer</key><string>Adrianne Lenker</string>
			<key>Album</key><string>Dragon New Warm Mountain I Believe In You</string>
			<key>Genre</key><string>Music</string>
			<key>Kind</key><string>Apple Music AAC audio file</string>
			<key>Size</key><integer>4076734</integer>
			<key>Total Time</key><integer>96554</integer>
			<key>Disc Number</key><integer>1</integer>
			<key>Disc Count</key><integer>1</integer>
			<key>Track Number</key><integer>8</integer>
			<key>Track Count</key><integer>20</integer>
			<key>Year</key><integer>2022</integer>
			<key>Date Modified</key><date>2023-09-26T03:39:10Z</date>
			<key>Date Added</key><date>2023-09-26T03:39:10Z</date>
			<key>Bit Rate</key><integer>256</integer>
			<key>Sample Rate</key><integer>44100</integer>
			<key>Comments</key><string>Green</string>
			<key>Play Count</key><integer>2</integer>
			<key>Play Date</key><integer>3826625048</integer>
			<key>Play Date UTC</key><date>2025-04-04T21:24:08Z</date>
			<key>Release Date</key><date>2022-02-11T12:00:00Z</date>
			<key>Loved</key><true/>
			<key>Artwork Count</key><integer>1</integer>
			<key>Sort Album</key><string>Dragon New Warm Mountain I Believe In You</string>
			<key>Sort Artist</key><string>Big Thief</string>
			<key>Sort Name</key><string>Heavy Bend</string>
			<key>Persistent ID</key><string>1208F246A8F645B7</string>
			<key>Track Type</key><string>Remote</string>
			<key>Apple Music</key><true/>
		</dict>
		<key>10747</key>
		<dict>
			<key>Track ID</key><integer>10747</integer>
			<key>Name</key><string>Cars</string>
			<key>Artist</key><string>Gary Numan</string>
			<key>Album Artist</key><string>Gary Numan</string>
			<key>Composer</key><string>Gary Numan</string>
			<key>Album</key><string>The Pleasure Principle</string>
			<key>Genre</key><string>Music</string>
			<key>Kind</key><string>Apple Music AAC audio file</string>
			<key>Size</key><integer>8940294</integer>
			<key>Total Time</key><integer>238907</integer>
			<key>Disc Number</key><integer>1</integer>
			<key>Disc Count</key><integer>1</integer>
			<key>Track Number</key><integer>9</integer>
			<key>Track Count</key><integer>17</integer>
			<key>Year</key><integer>1979</integer>
			<key>Date Modified</key><date>2023-09-26T03:39:10Z</date>
			<key>Date Added</key><date>2023-09-26T03:39:10Z</date>
			<key>Bit Rate</key><integer>256</integer>
			<key>Sample Rate</key><integer>44100</integer>
			<key>Play Count</key><integer>14</integer>
			<key>Play Date</key><integer>3832834323</integer>
			<key>Play Date UTC</key><date>2025-06-15T18:12:03Z</date>
			<key>Skip Count</key><integer>2</integer>
			<key>Skip Date</key><date>2025-06-06T22:52:32Z</date>
			<key>Release Date</key><date>1979-08-01T12:00:00Z</date>
			<key>Loved</key><true/>
			<key>Artwork Count</key><integer>1</integer>
			<key>Sort Album</key><string>Pleasure Principle (Bonus Tracks)</string>
			<key>Sort Artist</key><string>Gary Numan</string>
			<key>Sort Name</key><string>Cars</string>
			<key>Persistent ID</key><string>527A7FC752DE53B0</string>
			<key>Track Type</key><string>Remote</string>
			<key>Apple Music</key><true/>
		</dict>
		<key>10753</key>
		<dict>
			<key>Track ID</key><integer>10753</integer>
			<key>Name</key><string>Heat Wave</string>
			<key>Artist</key><string>Snail Mail</string>
			<key>Album Artist</key><string>Snail Mail</string>
			<key>Composer</key><string>Lindsey Jordan</string>
			<key>Album</key><string>Lush</string>
			<key>Genre</key><string>Music</string>
			<key>Kind</key><string>Apple Music AAC audio file</string>
			<key>Size</key><integer>10751994</integer>
			<key>Total Time</key><integer>308347</integer>
			<key>Disc Number</key><integer>1</integer>
			<key>Disc Count</key><integer>1</integer>
			<key>Track Number</key><integer>4</integer>
			<key>Track Count</key><integer>10</integer>
			<key>Year</key><integer>2018</integer>
			<key>Date Modified</key><date>2023-09-26T03:39:10Z</date>
			<key>Date Added</key><date>2023-09-26T03:39:10Z</date>
			<key>Bit Rate</key><integer>256</integer>
			<key>Sample Rate</key><integer>44100</integer>
			<key>Play Count</key><integer>5</integer>
			<key>Play Date</key><integer>3783761381</integer>
			<key>Play Date UTC</key><date>2023-11-25T19:49:41Z</date>
			<key>Skip Count</key><integer>1</integer>
			<key>Skip Date</key><date>2025-01-08T22:11:30Z</date>
			<key>Release Date</key><date>2018-06-08T12:00:00Z</date>
			<key>Loved</key><true/>
			<key>Artwork Count</key><integer>1</integer>
			<key>Sort Album</key><string>Lush</string>
			<key>Sort Artist</key><string>Snail Mail</string>
			<key>Sort Name</key><string>Heat Wave</string>
			<key>Persistent ID</key><string>37DD11C53AE00239</string>
			<key>Track Type</key><string>Remote</string>
			<key>Apple Music</key><true/>
		</dict>
		<key>10755</key>
		<dict>
			<key>Track ID</key><integer>10755</integer>
			<key>Name</key><string>Speaking Terms</string>
			<key>Artist</key><string>Snail Mail</string>
			<key>Album Artist</key><string>Snail Mail</string>
			<key>Composer</key><string>Lindsey Jordan</string>
			<key>Album</key><string>Lush</string>
			<key>Genre</key><string>Music</string>
			<key>Kind</key><string>Apple Music AAC audio file</string>
			<key>Size</key><integer>8318612</integer>
			<key>Total Time</key><integer>233560</integer>
			<key>Disc Number</key><integer>1</integer>
			<key>Disc Count</key><integer>1</integer>
			<key>Track Number</key><integer>3</integer>
			<key>Track Count</key><integer>10</integer>
			<key>Year</key><integer>2018</integer>
			<key>Date Modified</key><date>2023-09-26T03:39:10Z</date>
			<key>Date Added</key><date>2023-09-26T03:39:10Z</date>
			<key>Bit Rate</key><integer>256</integer>
			<key>Sample Rate</key><integer>44100</integer>
			<key>Play Count</key><integer>7</integer>
			<key>Play Date</key><integer>3783779827</integer>
			<key>Play Date UTC</key><date>2023-11-26T00:57:07Z</date>
			<key>Skip Count</key><integer>3</integer>
			<key>Skip Date</key><date>2025-01-08T21:52:17Z</date>
			<key>Release Date</key><date>2018-06-08T12:00:00Z</date>
			<key>Loved</key><true/>
			<key>Artwork Count</key><integer>1</integer>
			<key>Sort Album</key><string>Lush</string>
			<key>Sort Artist</key><string>Snail Mail</string>
			<key>Sort Name</key><string>Speaking Terms</string>
			<key>Persistent ID</key><string>C31F6A86F71ED287</string>
			<key>Track Type</key><string>Remote</string>
			<key>Apple Music</key><true/>
		</dict>
		<key>10759</key>
		<dict>
			<key>Track ID</key><integer>10759</integer>
			<key>Name</key><string>Pristine</string>
			<key>Artist</key><string>Snail Mail</string>
			<key>Album Artist</key><string>Snail Mail</string>
			<key>Composer</key><string>Lindsey Jordan</string>
			<key>Album</key><string>Lush</string>
			<key>Genre</key><string>Music</string>
			<key>Kind</key><string>Apple Music AAC audio file</string>
			<key>Size</key><integer>10333651</integer>
			<key>Total Time</key><integer>295333</integer>
			<key>Disc Number</key><integer>1</integer>
			<key>Disc Count</key><integer>1</integer>
			<key>Track Number</key><integer>2</integer>
			<key>Track Count</key><integer>10</integer>
			<key>Year</key><integer>2018</integer>
			<key>Date Modified</key><date>2023-09-26T03:39:10Z</date>
			<key>Date Added</key><date>2023-09-26T03:39:10Z</date>
			<key>Bit Rate</key><integer>256</integer>
			<key>Sample Rate</key><integer>44100</integer>
			<key>Play Count</key><integer>7</integer>
			<key>Play Date</key><integer>3783759580</integer>
			<key>Play Date UTC</key><date>2023-11-25T19:19:40Z</date>
			<key>Skip Count</key><integer>3</integer>
			<key>Skip Date</key><date>2025-01-08T22:12:41Z</date>
			<key>Release Date</key><date>2018-06-08T12:00:00Z</date>
			<key>Loved</key><true/>
			<key>Artwork Count</key><integer>1</integer>
			<key>Sort Album</key><string>Lush</string>
			<key>Sort Artist</key><string>Snail Mail</string>
			<key>Sort Name</key><string>Pristine</string>
			<key>Persistent ID</key><string>B23AE460B26FBB2C</string>
			<key>Track Type</key><string>Remote</string>
			<key>Apple Music</key><true/>
		</dict>
		<key>10795</key>
		<dict>
			<key>Track ID</key><integer>10795</integer>
			<key>Name</key><string>Let's Find an Out</string>
			<key>Artist</key><string>Snail Mail</string>
			<key>Album Artist</key><string>Snail Mail</string>
			<key>Composer</key><string>Lindsey Jordan</string>
			<key>Album</key><string>Lush</string>
			<key>Genre</key><string>Music</string>
			<key>Kind</key><string>Apple Music AAC audio file</string>
			<key>Size</key><integer>5154787</integer>
			<key>Total Time</key><integer>133227</integer>
			<key>Disc Number</key><integer>1</integer>
			<key>Disc Count</key><integer>1</integer>
			<key>Track Number</key><integer>6</integer>
			<key>Track Count</key><integer>10</integer>
			<key>Year</key><integer>2018</integer>
			<key>Date Modified</key><date>2023-09-26T03:39:10Z</date>
			<key>Date Added</key><date>2023-09-26T03:39:10Z</date>
			<key>Bit Rate</key><integer>256</integer>
			<key>Sample Rate</key><integer>44100</integer>
			<key>Play Count</key><integer>6</integer>
			<key>Play Date</key><integer>3783760161</integer>
			<key>Play Date UTC</key><date>2023-11-25T19:29:21Z</date>
			<key>Release Date</key><date>2018-06-08T12:00:00Z</date>
			<key>Loved</key><true/>
			<key>Artwork Count</key><integer>1</integer>
			<key>Sort Album</key><string>Lush</string>
			<key>Sort Artist</key><string>Snail Mail</string>
			<key>Sort Name</key><string>Let's Find an Out</string>
			<key>Persistent ID</key><string>BF0F892DA1F9964A</string>
			<key>Track Type</key><string>Remote</string>
			<key>Apple Music</key><true/>
		</dict>
		<key>10817</key>
		<dict>
			<key>Track ID</key><integer>10817</integer>
			<key>Name</key><string>Mother I Sober (feat. Beth Gibbons)</string>
			<key>Artist</key><string>Kendrick Lamar</string>
			<key>Album Artist</key><string>Kendrick Lamar</string>
			<key>Composer</key><string>Kendrick Lamar, Beth Gibbons, J. Pounds, M. Spears, Daniel Tannenbaum, Sam Dew, Stephen Bruner &#38; Tim Maxey</string>
			<key>Album</key><string>Mr. Morale &#38; The Big Steppers</string>
			<key>Genre</key><string>Music</string>
			<key>Kind</key><string>Apple Music AAC audio file</string>
			<key>Size</key><integer>14227824</integer>
			<key>Total Time</key><integer>406528</integer>
			<key>Disc Number</key><integer>2</integer>
			<key>Disc Count</key><integer>2</integer>
			<key>Track Number</key><integer>8</integer>
			<key>Track Count</key><integer>9</integer>
			<key>Year</key><integer>2022</integer>
			<key>Date Modified</key><date>2023-09-26T03:39:10Z</date>
			<key>Date Added</key><date>2023-09-26T03:39:10Z</date>
			<key>Bit Rate</key><integer>256</integer>
			<key>Sample Rate</key><integer>44100</integer>
			<key>Play Count</key><integer>2</integer>
			<key>Play Date</key><integer>3798030436</integer>
			<key>Play Date UTC</key><date>2024-05-08T22:27:16Z</date>
			<key>Skip Count</key><integer>1</integer>
			<key>Skip Date</key><date>2024-05-02T04:41:34Z</date>
			<key>Release Date</key><date>2022-05-13T12:00:00Z</date>
			<key>Loved</key><true/>
			<key>Artwork Count</key><integer>1</integer>
			<key>Sort Album</key><string>Mr. Morale &#38; The Big Steppers</string>
			<key>Sort Artist</key><string>Kendrick Lamar</string>
			<key>Sort Name</key><string>Mother I Sober (feat. Beth Gibbons)</string>
			<key>Persistent ID</key><string>9EB817B4DF4B1DB8</string>
			<key>Explicit</key><true/>
			<key>Track Type</key><string>Remote</string>
			<key>Apple Music</key><true/>
		</dict>
		<key>10835</key>
		<dict>
			<key>Track ID</key><integer>10835</integer>
			<key>Name</key><string>Blinding Lights</string>
			<key>Artist</key><string>The Weeknd</string>
			<key>Album Artist</key><string>The Weeknd</string>
			<key>Composer</key><string>Max Martin, Oscar Holter, Abel Tesfaye, Ahmad Balshe &#38; Jason 'Daheala' Quenneville</string>
			<key>Album</key><string>After Hours</string>
			<key>Genre</key><string>Music</string>
			<key>Kind</key><string>Apple Music AAC audio file</string>
			<key>Size</key><integer>7251196</integer>
			<key>Total Time</key><integer>200046</integer>
			<key>Disc Number</key><integer>1</integer>
			<key>Disc Count</key><integer>1</integer>
			<key>Track Number</key><integer>9</integer>
			<key>Track Count</key><integer>14</integer>
			<key>Year</key><integer>2019</integer>
			<key>Date Modified</key><date>2023-09-26T03:39:10Z</date>
			<key>Date Added</key><date>2023-09-26T03:39:10Z</date>
			<key>Bit Rate</key><integer>256</integer>
			<key>Sample Rate</key><integer>44100</integer>
			<key>Comments</key><string>Orange</string>
			<key>Play Count</key><integer>2</integer>
			<key>Play Date</key><integer>3832581398</integer>
			<key>Play Date UTC</key><date>2025-06-12T19:56:38Z</date>
			<key>Skip Count</key><integer>2</integer>
			<key>Skip Date</key><date>2024-12-24T21:27:39Z</date>
			<key>Release Date</key><date>2019-11-29T08:00:00Z</date>
			<key>Loved</key><true/>
			<key>Artwork Count</key><integer>1</integer>
			<key>Sort Album</key><string>After Hours</string>
			<key>Sort Album Artist</key><string>Weeknd</string>
			<key>Sort Artist</key><string>Weeknd</string>
			<key>Sort Name</key><string>Blinding Lights</string>
			<key>Persistent ID</key><string>32F65265831E6FD9</string>
			<key>Track Type</key><string>Remote</string>
			<key>Apple Music</key><true/>
		</dict>
		<key>10857</key>
		<dict>
			<key>Track ID</key><integer>10857</integer>
			<key>Name</key><string>This Is the Day</string>
			<key>Artist</key><string>The The</string>
			<key>Album Artist</key><string>The The</string>
			<key>Composer</key><string>Matt Johnson</string>
			<key>Album</key><string>Soul Mining</string>
			<key>Genre</key><string>Music</string>
			<key>Kind</key><string>Apple Music AAC audio file</string>
			<key>Size</key><integer>11408522</integer>
			<key>Total Time</key><integer>297067</integer>
			<key>Disc Number</key><integer>1</integer>
			<key>Disc Count</key><integer>1</integer>
			<key>Track Number</key><integer>2</integer>
			<key>Track Count</key><integer>7</integer>
			<key>Year</key><integer>1982</integer>
			<key>Date Modified</key><date>2023-09-26T03:39:10Z</date>
			<key>Date Added</key><date>2023-09-26T03:39:10Z</date>
			<key>Bit Rate</key><integer>256</integer>
			<key>Sample Rate</key><integer>44100</integer>
			<key>Comments</key><string>Green</string>
			<key>Play Count</key><integer>7</integer>
			<key>Play Date</key><integer>3834428659</integer>
			<key>Play Date UTC</key><date>2025-07-04T05:04:19Z</date>
			<key>Skip Count</key><integer>1</integer>
			<key>Skip Date</key><date>2024-05-02T04:44:47Z</date>
			<key>Release Date</key><date>1982-01-01T12:00:00Z</date>
			<key>Loved</key><true/>
			<key>Artwork Count</key><integer>1</integer>
			<key>Sort Album</key><string>Soul Mining</string>
			<key>Sort Album Artist</key><string>The</string>
			<key>Sort Artist</key><string>The</string>
			<key>Sort Name</key><string>This Is the Day</string>
			<key>Persistent ID</key><string>7B17D5F8CCB4490C</string>
			<key>Track Type</key><string>Remote</string>
			<key>Apple Music</key><true/>
		</dict>
		<key>10983</key>
		<dict>
			<key>Track ID</key><integer>10983</integer>
			<key>Name</key><string>Sistanem</string>
			<key>Artist</key><string>JID</string>
			<key>Album Artist</key><string>JID</string>
			<key>Composer</key><string>Destin Route, Kameron Cole, John Welch, James Blake Litherland, Taalib Johnson, Osunlade &#38; Eric Roberson</string>
			<key>Album</key><string>The Forever Story</string>
			<key>Genre</key><string>Music</string>
			<key>Kind</key><string>Apple Music AAC audio file</string>
			<key>Size</key><integer>12989394</integer>
			<key>Total Time</key><integer>369779</integer>
			<key>Disc Number</key><integer>1</integer>
			<key>Disc Count</key><integer>1</integer>
			<key>Track Number</key><integer>9</integer>
			<key>Track Count</key><integer>15</integer>
			<key>Year</key><integer>2022</integer>
			<key>Date Modified</key><date>2023-09-26T03:39:10Z</date>
			<key>Date Added</key><date>2023-09-26T03:39:10Z</date>
			<key>Bit Rate</key><integer>256</integer>
			<key>Sample Rate</key><integer>44100</integer>
			<key>Play Count</key><integer>2</integer>
			<key>Play Date</key><integer>3822302547</integer>
			<key>Play Date UTC</key><date>2025-02-13T21:42:27Z</date>
			<key>Release Date</key><date>2022-08-26T12:00:00Z</date>
			<key>Loved</key><true/>
			<key>Artwork Count</key><integer>1</integer>
			<key>Sort Album</key><string>Forever Story</string>
			<key>Sort Artist</key><string>JID</string>
			<key>Sort Name</key><string>Sistanem</string>
			<key>Persistent ID</key><string>1E293C66404A6ED8</string>
			<key>Explicit</key><true/>
			<key>Track Type</key><string>Remote</string>
			<key>Apple Music</key><true/>
		</dict>
		<key>10997</key>
		<dict>
			<key>Track ID</key><integer>10997</integer>
			<key>Name</key><string>Bruddanem (feat. Lil Durk)</string>
			<key>Artist</key><string>JID</string>
			<key>Album Artist</key><string>JID</string>
			<key>Composer</key><string>Destin Route, Durk Derrick Banks, Neal H. Pogue II, Khalil Abdul-Rahman, John Welch, Margaux Whitney &#38; Daniel Seeff</string>
			<key>Album</key><string>The Forever Story</string>
			<key>Genre</key><string>Music</string>
			<key>Kind</key><string>Apple Music AAC audio file</string>
			<key>Size</key><integer>8437716</integer>
			<key>Total Time</key><integer>235424</integer>
			<key>Disc Number</key><integer>1</integer>
			<key>Disc Count</key><integer>1</integer>
			<key>Track Number</key><integer>8</integer>
			<key>Track Count</key><integer>15</integer>
			<key>Year</key><integer>2022</integer>
			<key>Date Modified</key><date>2023-09-26T03:39:10Z</date>
			<key>Date Added</key><date>2023-09-26T03:39:10Z</date>
			<key>Bit Rate</key><integer>256</integer>
			<key>Sample Rate</key><integer>44100</integer>
			<key>Play Count</key><integer>3</integer>
			<key>Play Date</key><integer>3822296032</integer>
			<key>Play Date UTC</key><date>2025-02-13T19:53:52Z</date>
			<key>Release Date</key><date>2022-08-26T12:00:00Z</date>
			<key>Loved</key><true/>
			<key>Artwork Count</key><integer>1</integer>
			<key>Sort Album</key><string>Forever Story</string>
			<key>Sort Artist</key><string>JID</string>
			<key>Sort Name</key><string>Bruddanem (feat. Lil Durk)</string>
			<key>Persistent ID</key><string>C2EF27176B4091F9</string>
			<key>Explicit</key><true/>
			<key>Track Type</key><string>Remote</string>
			<key>Apple Music</key><true/>
		</dict>
		<key>11009</key>
		<dict>
			<key>Track ID</key><integer>11009</integer>
			<key>Name</key><string>Kody Blu 31</string>
			<key>Artist</key><string>JID</string>
			<key>Album Artist</key><string>JID</string>
			<key>Composer</key><string>Destin Route, John Welch, Ian Welch, Taji Ausar, Margaux Whitney, Justin Barnett, Jerramy Barnett, DJ Barnett &#38; Nicolas Barnett</string>
			<key>Album</key><string>The Forever Story</string>
			<key>Genre</key><string>Music</string>
			<key>Kind</key><string>Apple Music AAC audio file</string>
			<key>Size</key><integer>8087350</integer>
			<key>Total Time</key><integer>224630</integer>
			<key>Disc Number</key><integer>1</integer>
			<key>Disc Count</key><integer>1</integer>
			<key>Track Number</key><integer>7</integer>
			<key>Track Count</key><integer>15</integer>
			<key>Year</key><integer>2022</integer>
			<key>Date Modified</key><date>2023-09-26T03:39:10Z</date>
			<key>Date Added</key><date>2023-09-26T03:39:10Z</date>
			<key>Bit Rate</key><integer>256</integer>
			<key>Sample Rate</key><integer>44100</integer>
			<key>Play Count</key><integer>3</integer>
			<key>Play Date</key><integer>3824907813</integer>
			<key>Play Date UTC</key><date>2025-03-16T00:23:33Z</date>
			<key>Release Date</key><date>2022-08-26T12:00:00Z</date>
			<key>Loved</key><true/>
			<key>Artwork Count</key><integer>1</integer>
			<key>Sort Album</key><string>Forever Story</string>
			<key>Sort Artist</key><string>JID</string>
			<key>Sort Name</key><string>Kody Blu 31</string>
			<key>Persistent ID</key><string>B8F75C689D5347DF</string>
			<key>Explicit</key><true/>
			<key>Track Type</key><string>Remote</string>
			<key>Apple Music</key><true/>
		</dict>
		<key>11015</key>
		<dict>
			<key>Track ID</key><integer>11015</integer>
			<key>Name</key><string>Surround Sound (feat. 21 Savage &#38; Baby Tate)</string>
			<key>Artist</key><string>JID</string>
			<key>Album Artist</key><string>JID</string>
			<key>Composer</key><string>Destin Route, Nuri Saberin, Shéyaa Bin Abraham-Joseph, Tate Farris, John Welch, Gabriel Guerra, Charles Singleton &#38; Eddie Snyder</string>
			<key>Album</key><string>The Forever Story</string>
			<key>Genre</key><string>Music</string>
			<key>Kind</key><string>Apple Music AAC audio file</string>
			<key>Size</key><integer>8247775</integer>
			<key>Total Time</key><integer>229938</integer>
			<key>Disc Number</key><integer>1</integer>
			<key>Disc Count</key><integer>1</integer>
			<key>Track Number</key><integer>6</integer>
			<key>Track Count</key><integer>15</integer>
			<key>Year</key><integer>2022</integer>
			<key>Date Modified</key><date>2023-09-26T03:39:10Z</date>
			<key>Date Added</key><date>2023-09-26T03:39:10Z</date>
			<key>Bit Rate</key><integer>256</integer>
			<key>Sample Rate</key><integer>44100</integer>
			<key>Play Count</key><integer>4</integer>
			<key>Play Date</key><integer>3824906820</integer>
			<key>Play Date UTC</key><date>2025-03-16T00:07:00Z</date>
			<key>Release Date</key><date>2022-01-14T12:00:00Z</date>
			<key>Loved</key><true/>
			<key>Artwork Count</key><integer>1</integer>
			<key>Sort Album</key><string>Forever Story</string>
			<key>Sort Artist</key><string>JID</string>
			<key>Sort Name</key><string>Surround Sound (feat. 21 Savage &#38; Baby Tate)</string>
			<key>Persistent ID</key><string>C3B71575A1632EB9</string>
			<key>Explicit</key><true/>
			<key>Track Type</key><string>Remote</string>
			<key>Apple Music</key><true/>
		</dict>
		<key>11019</key>
		<dict>
			<key>Track ID</key><integer>11019</integer>
			<key>Name</key><string>Dance Now</string>
			<key>Artist</key><string>JID &#38; Kenny Mason</string>
			<key>Album Artist</key><string>JID</string>
			<key>Composer</key><string>Destin Route, Aviad Poznansky, John Welch, Edwin Kenneth Green Jr., Shlomo Ari Gaisin, Zachary Goldschmiedt &#38; Elisha Mlotek</string>
			<key>Album</key><string>The Forever Story</string>
			<key>Genre</key><string>Music</string>
			<key>Kind</key><string>Apple Music AAC audio file</string>
			<key>Size</key><integer>8596823</integer>
			<key>Total Time</key><integer>227556</integer>
			<key>Disc Number</key><integer>1</integer>
			<key>Disc Count</key><integer>1</integer>
			<key>Track Number</key><integer>3</integer>
			<key>Track Count</key><integer>15</integer>
			<key>Year</key><integer>2022</integer>
			<key>Date Modified</key><date>2023-09-26T03:39:10Z</date>
			<key>Date Added</key><date>2023-09-26T03:39:10Z</date>
			<key>Bit Rate</key><integer>256</integer>
			<key>Sample Rate</key><integer>44100</integer>
			<key>Play Count</key><integer>3</integer>
			<key>Play Date</key><integer>3824907580</integer>
			<key>Play Date UTC</key><date>2025-03-16T00:19:40Z</date>
			<key>Skip Count</key><integer>2</integer>
			<key>Skip Date</key><date>2025-03-16T00:03:01Z</date>
			<key>Release Date</key><date>2022-08-09T07:00:00Z</date>
			<key>Loved</key><true/>
			<key>Artwork Count</key><integer>1</integer>
			<key>Sort Album</key><string>Forever Story</string>
			<key>Sort Artist</key><string>JID &#38; Kenny Mason</string>
			<key>Sort Name</key><string>Dance Now</string>
			<key>Persistent ID</key><string>74C5E1C17E0AE3AE</string>
			<key>Explicit</key><true/>
			<key>Track Type</key><string>Remote</string>
			<key>Apple Music</key><true/>
		</dict>
		<key>11033</key>
		<dict>
			<key>Track ID</key><integer>11033</integer>
			<key>Name</key><string>Raydar</string>
			<key>Artist</key><string>JID</string>
			<key>Album Artist</key><string>JID</string>
			<key>Composer</key><string>Destin Route, Asheton Hogan, Gary Evan Fountaine, Markus Randle, John Welch, Jesse Gumer, James Icart &#38; Jalal Nuriddin</string>
			<key>Album</key><string>The Forever Story</string>
			<key>Genre</key><string>Music</string>
			<key>Kind</key><string>Apple Music AAC audio file</string>
			<key>Size</key><integer>7411543</integer>
			<key>Total Time</key><integer>204910</integer>
			<key>Disc Number</key><integer>1</integer>
			<key>Disc Count</key><integer>1</integer>
			<key>Track Number</key><integer>2</integer>
			<key>Track Count</key><integer>15</integer>
			<key>Year</key><integer>2022</integer>
			<key>Date Modified</key><date>2023-09-26T03:39:11Z</date>
			<key>Date Added</key><date>2023-09-26T03:39:11Z</date>
			<key>Bit Rate</key><integer>256</integer>
			<key>Sample Rate</key><integer>44100</integer>
			<key>Play Count</key><integer>6</integer>
			<key>Play Date</key><integer>3824906577</integer>
			<key>Play Date UTC</key><date>2025-03-16T00:02:57Z</date>
			<key>Release Date</key><date>2022-08-26T12:00:00Z</date>
			<key>Loved</key><true/>
			<key>Artwork Count</key><integer>1</integer>
			<key>Sort Album</key><string>Forever Story</string>
			<key>Sort Artist</key><string>JID</string>
			<key>Sort Name</key><string>Raydar</string>
			<key>Persistent ID</key><string>CB2EF7937E4FE9E2</string>
			<key>Explicit</key><true/>
			<key>Track Type</key><string>Remote</string>
			<key>Apple Music</key><true/>
		</dict>
		<key>11077</key>
		<dict>
			<key>Track ID</key><integer>11077</integer>
			<key>Name</key><string>Tile by Tile</string>
			<key>Artist</key><string>Alvvays</string>
			<key>Album Artist</key><string>Alvvays</string>
			<key>Album</key><string>Blue Rev</string>
			<key>Genre</key><string>Music</string>
			<key>Kind</key><string>Apple Music AAC audio file</string>
			<key>Size</key><integer>6872111</integer>
			<key>Total Time</key><integer>178047</integer>
			<key>Disc Number</key><integer>1</integer>
			<key>Disc Count</key><integer>1</integer>
			<key>Track Number</key><integer>9</integer>
			<key>Track Count</key><integer>14</integer>
			<key>Year</key><integer>2022</integer>
			<key>Date Modified</key><date>2023-09-26T03:39:11Z</date>
			<key>Date Added</key><date>2023-09-26T03:39:11Z</date>
			<key>Bit Rate</key><integer>256</integer>
			<key>Sample Rate</key><integer>44100</integer>
			<key>Play Count</key><integer>1</integer>
			<key>Play Date</key><integer>3785925239</integer>
			<key>Play Date UTC</key><date>2023-12-20T20:53:59Z</date>
			<key>Release Date</key><date>2022-10-07T12:00:00Z</date>
			<key>Loved</key><true/>
			<key>Artwork Count</key><integer>1</integer>
			<key>Sort Album</key><string>Blue Rev</string>
			<key>Sort Artist</key><string>Alvvays</string>
			<key>Sort Name</key><string>Tile by Tile</string>
			<key>Persistent ID</key><string>0E723227140DBDBE</string>
			<key>Track Type</key><string>Remote</string>
			<key>Apple Music</key><true/>
		</dict>
		<key>11099</key>
		<dict>
			<key>Track ID</key><integer>11099</integer>
			<key>Name</key><string>Tom Verlaine</string>
			<key>Artist</key><string>Alvvays</string>
			<key>Album Artist</key><string>Alvvays</string>
			<key>Album</key><string>Blue Rev</string>
			<key>Genre</key><string>Music</string>
			<key>Kind</key><string>Apple Music AAC audio file</string>
			<key>Size</key><integer>7520250</integer>
			<key>Total Time</key><integer>206335</integer>
			<key>Disc Number</key><integer>1</integer>
			<key>Disc Count</key><integer>1</integer>
			<key>Track Number</key><integer>4</integer>
			<key>Track Count</key><integer>14</integer>
			<key>Year</key><integer>2022</integer>
			<key>Date Modified</key><date>2023-09-26T03:39:11Z</date>
			<key>Date Added</key><date>2023-09-26T03:39:11Z</date>
			<key>Bit Rate</key><integer>256</integer>
			<key>Sample Rate</key><integer>44100</integer>
			<key>Play Count</key><integer>1</integer>
			<key>Play Date</key><integer>3783845259</integer>
			<key>Play Date UTC</key><date>2023-11-26T19:07:39Z</date>
			<key>Release Date</key><date>2022-10-07T12:00:00Z</date>
			<key>Loved</key><true/>
			<key>Artwork Count</key><integer>1</integer>
			<key>Sort Album</key><string>Blue Rev</string>
			<key>Sort Artist</key><string>Alvvays</string>
			<key>Sort Name</key><string>Tom Verlaine</string>
			<key>Persistent ID</key><string>9994350BC867EE91</string>
			<key>Track Type</key><string>Remote</string>
			<key>Apple Music</key><true/>
		</dict>
		<key>11149</key>
		<dict>
			<key>Track ID</key><integer>11149</integer>
			<key>Name</key><string>SAFARI</string>
			<key>Artist</key><string>Tyler, The Creator</string>
			<key>Album Artist</key><string>Tyler, The Creator</string>
			<key>Composer</key><string>Tyler Okonma &#38; Jahlil Gunter</string>
			<key>Album</key><string>CALL ME IF YOU GET LOST</string>
			<key>Genre</key><string>Music</string>
			<key>Kind</key><string>Apple Music AAC audio file</string>
			<key>Size</key><integer>6367335</integer>
			<key>Total Time</key><integer>177743</integer>
			<key>Disc Number</key><integer>1</integer>
			<key>Disc Count</key><integer>1</integer>
			<key>Track Number</key><integer>16</integer>
			<key>Track Count</key><integer>16</integer>
			<key>Year</key><integer>2021</integer>
			<key>Date Modified</key><date>2023-09-26T03:39:11Z</date>
			<key>Date Added</key><date>2023-09-26T03:39:11Z</date>
			<key>Bit Rate</key><integer>256</integer>
			<key>Sample Rate</key><integer>44100</integer>
			<key>Play Count</key><integer>2</integer>
			<key>Play Date</key><integer>3824905108</integer>
			<key>Play Date UTC</key><date>2025-03-15T23:38:28Z</date>
			<key>Release Date</key><date>2021-06-25T12:00:00Z</date>
			<key>Loved</key><true/>
			<key>Artwork Count</key><integer>1</integer>
			<key>Sort Album</key><string>CALL ME IF YOU GET LOST</string>
			<key>Sort Artist</key><string>Tyler, The Creator</string>
			<key>Sort Name</key><string>SAFARI</string>
			<key>Persistent ID</key><string>18E3C4F03AE8D028</string>
			<key>Explicit</key><true/>
			<key>Track Type</key><string>Remote</string>
			<key>Apple Music</key><true/>
		</dict>
		<key>11169</key>
		<dict>
			<key>Track ID</key><integer>11169</integer>
			<key>Name</key><string>JUGGERNAUT (feat. Lil Uzi Vert &#38; Pharrell Williams)</string>
			<key>Artist</key><string>Tyler, The Creator</string>
			<key>Album Artist</key><string>Tyler, The Creator</string>
			<key>Composer</key><string>Pharrell Williams, Tyler Okonma &#38; Symere Woods</string>
			<key>Album</key><string>CALL ME IF YOU GET LOST</string>
			<key>Genre</key><string>Music</string>
			<key>Kind</key><string>Apple Music AAC audio file</string>
			<key>Size</key><integer>5418380</integer>
			<key>Total Time</key><integer>146419</integer>
			<key>Disc Number</key><integer>1</integer>
			<key>Disc Count</key><integer>1</integer>
			<key>Track Number</key><integer>14</integer>
			<key>Track Count</key><integer>16</integer>
			<key>Year</key><integer>2021</integer>
			<key>Date Modified</key><date>2023-09-26T03:39:11Z</date>
			<key>Date Added</key><date>2023-09-26T03:39:11Z</date>
			<key>Bit Rate</key><integer>256</integer>
			<key>Sample Rate</key><integer>44100</integer>
			<key>Play Count</key><integer>3</integer>
			<key>Play Date</key><integer>3824904930</integer>
			<key>Play Date UTC</key><date>2025-03-15T23:35:30Z</date>
			<key>Release Date</key><date>2021-06-25T12:00:00Z</date>
			<key>Loved</key><true/>
			<key>Artwork Count</key><integer>1</integer>
			<key>Sort Album</key><string>CALL ME IF YOU GET LOST</string>
			<key>Sort Artist</key><string>Tyler, The Creator</string>
			<key>Sort Name</key><string>JUGGERNAUT (feat. Lil Uzi Vert &#38; Pharrell Williams)</string>
			<key>Persistent ID</key><string>CA8FD68AE5A508A7</string>
			<key>Explicit</key><true/>
			<key>Track Type</key><string>Remote</string>
			<key>Apple Music</key><true/>
		</dict>
		<key>11189</key>
		<dict>
			<key>Track ID</key><integer>11189</integer>
			<key>Name</key><string>Eye Know (feat. Otis Redding)</string>
			<key>Artist</key><string>De La Soul</string>
			<key>Album Artist</key><string>De La Soul</string>
			<key>Composer</key><string>Otis Redding, Kelvin Mercer, David Jolicoeur, Vincent Mason, Paul Huston, Donald Fagen, Walter Becker, Stephen Lee Cropper, John Gary Williams &#38; Booker T. Jones Jr.</string>
			<key>Album</key><string>3 Feet High and Rising</string>
			<key>Genre</key><string>Music</string>
			<key>Kind</key><string>Apple Music AAC audio file</string>
			<key>Size</key><integer>8978949</integer>
			<key>Total Time</key><integer>252672</integer>
			<key>Disc Number</key><integer>1</integer>
			<key>Disc Count</key><integer>1</integer>
			<key>Track Number</key><integer>9</integer>
			<key>Track Count</key><integer>23</integer>
			<key>Year</key><integer>1989</integer>
			<key>Date Modified</key><date>2023-09-26T03:39:11Z</date>
			<key>Date Added</key><date>2023-09-26T03:39:11Z</date>
			<key>Bit Rate</key><integer>256</integer>
			<key>Sample Rate</key><integer>44100</integer>
			<key>Play Count</key><integer>4</integer>
			<key>Play Date</key><integer>3833127590</integer>
			<key>Play Date UTC</key><date>2025-06-19T03:39:50Z</date>
			<key>Release Date</key><date>1989-03-03T08:00:00Z</date>
			<key>Loved</key><true/>
			<key>Artwork Count</key><integer>1</integer>
			<key>Sort Album</key><string>3 Feet High and Rising</string>
			<key>Sort Artist</key><string>De La Soul</string>
			<key>Sort Name</key><string>Eye Know (feat. Otis Redding)</string>
			<key>Persistent ID</key><string>C26F3F53C17A736B</string>
			<key>Track Type</key><string>Remote</string>
			<key>Apple Music</key><true/>
		</dict>
		<key>11203</key>
		<dict>
			<key>Track ID</key><integer>11203</integer>
			<key>Name</key><string>Pump It Up (2021 Remaster)</string>
			<key>Artist</key><string>Elvis Costello &#38; The Attractions</string>
			<key>Album Artist</key><string>Elvis Costello &#38; The Attractions</string>
			<key>Composer</key><string>Elvis Costello</string>
			<key>Album</key><string>This Year's Model (2021 Remaster)</string>
			<key>Genre</key><string>Music</string>
			<key>Kind</key><string>Apple Music AAC audio file</string>
			<key>Size</key><integer>7125684</integer>
			<key>Total Time</key><integer>198347</integer>
			<key>Disc Number</key><integer>1</integer>
			<key>Disc Count</key><integer>1</integer>
			<key>Track Number</key><integer>4</integer>
			<key>Track Count</key><integer>14</integer>
			<key>Year</key><integer>1978</integer>
			<key>Date Modified</key><date>2023-09-26T03:39:11Z</date>
			<key>Date Added</key><date>2023-09-26T03:39:11Z</date>
			<key>Bit Rate</key><integer>256</integer>
			<key>Sample Rate</key><integer>44100</integer>
			<key>Play Count</key><integer>2</integer>
			<key>Play Date</key><integer>3834563116</integer>
			<key>Play Date UTC</key><date>2025-07-05T18:25:16Z</date>
			<key>Skip Count</key><integer>1</integer>
			<key>Skip Date</key><date>2025-07-04T21:06:03Z</date>
			<key>Release Date</key><date>1978-01-01T12:00:00Z</date>
			<key>Loved</key><true/>
			<key>Artwork Count</key><integer>1</integer>
			<key>Sort Album</key><string>This Year's Model (2021 Remaster)</string>
			<key>Sort Artist</key><string>Elvis Costello &#38; The Attractions</string>
			<key>Sort Name</key><string>Pump It Up (2021 Remaster)</string>
			<key>Persistent ID</key><string>6FB2120A0D2D1A14</string>
			<key>Track Type</key><string>Remote</string>
			<key>Apple Music</key><true/>
		</dict>
		<key>11227</key>
		<dict>
			<key>Track ID</key><integer>11227</integer>
			<key>Name</key><string>My Girl</string>
			<key>Artist</key><string>The Temptations</string>
			<key>Album Artist</key><string>The Temptations</string>
			<key>Composer</key><string>Ronald White &#38; Smokey Robinson</string>
			<key>Album</key><string>The Temptations Sing Smokey</string>
			<key>Genre</key><string>Music</string>
			<key>Kind</key><string>Apple Music AAC audio file</string>
			<key>Size</key><integer>6546716</integer>
			<key>Total Time</key><integer>164728</integer>
			<key>Disc Number</key><integer>1</integer>
			<key>Disc Count</key><integer>1</integer>
			<key>Track Number</key><integer>3</integer>
			<key>Track Count</key><integer>12</integer>
			<key>Year</key><integer>1964</integer>
			<key>Date Modified</key><date>2023-09-26T03:39:11Z</date>
			<key>Date Added</key><date>2023-09-26T03:39:11Z</date>
			<key>Bit Rate</key><integer>256</integer>
			<key>Sample Rate</key><integer>44100</integer>
			<key>Play Count</key><integer>3</integer>
			<key>Play Date</key><integer>3794835559</integer>
			<key>Play Date UTC</key><date>2024-04-01T22:59:19Z</date>
			<key>Release Date</key><date>1964-12-21T12:00:00Z</date>
			<key>Loved</key><true/>
			<key>Artwork Count</key><integer>1</integer>
			<key>Sort Album</key><string>Temptations Sing Smokey</string>
			<key>Sort Album Artist</key><string>Temptations</string>
			<key>Sort Artist</key><string>Temptations</string>
			<key>Sort Name</key><string>My Girl</string>
			<key>Persistent ID</key><string>67D4D03A8991B84F</string>
			<key>Track Type</key><string>Remote</string>
			<key>Apple Music</key><true/>
		</dict>
		<key>11245</key>
		<dict>
			<key>Track ID</key><integer>11245</integer>
			<key>Name</key><string>Desperados</string>
			<key>Artist</key><string>The Tontons</string>
			<key>Album Artist</key><string>The Tontons</string>
			<key>Composer</key><string>The Tontons</string>
			<key>Album</key><string>The Tontons</string>
			<key>Genre</key><string>Music</string>
			<key>Kind</key><string>Apple Music AAC audio file</string>
			<key>Size</key><integer>9983547</integer>
			<key>Total Time</key><integer>288000</integer>
			<key>Disc Number</key><integer>1</integer>
			<key>Disc Count</key><integer>1</integer>
			<key>Track Number</key><integer>9</integer>
			<key>Track Count</key><integer>10</integer>
			<key>Year</key><integer>2009</integer>
			<key>Date Modified</key><date>2023-09-26T03:39:11Z</date>
			<key>Date Added</key><date>2023-09-26T03:39:11Z</date>
			<key>Bit Rate</key><integer>256</integer>
			<key>Sample Rate</key><integer>44100</integer>
			<key>Play Count</key><integer>6</integer>
			<key>Play Date</key><integer>3783781057</integer>
			<key>Play Date UTC</key><date>2023-11-26T01:17:37Z</date>
			<key>Release Date</key><date>2009-07-28T12:00:00Z</date>
			<key>Loved</key><true/>
			<key>Artwork Count</key><integer>1</integer>
			<key>Sort Album</key><string>Tontons</string>
			<key>Sort Album Artist</key><string>Tontons</string>
			<key>Sort Artist</key><string>Tontons</string>
			<key>Sort Composer</key><string>Tontons</string>
			<key>Sort Name</key><string>Desperados</string>
			<key>Persistent ID</key><string>4430C77607FC0FEF</string>
			<key>Track Type</key><string>Remote</string>
			<key>Apple Music</key><true/>
		</dict>
		<key>11281</key>
		<dict>
			<key>Track ID</key><integer>11281</integer>
			<key>Name</key><string>How Can I Make It OK?</string>
			<key>Artist</key><string>Wolf Alice</string>
			<key>Album Artist</key><string>Wolf Alice</string>
			<key>Composer</key><string>Ellie Rowsell, Joff Oddie, Theo Ellis &#38; Joel Amey</string>
			<key>Album</key><string>Blue Weekend</string>
			<key>Genre</key><string>Music</string>
			<key>Kind</key><string>Apple Music AAC audio file</string>
			<key>Size</key><integer>10100018</integer>
			<key>Total Time</key><integer>287441</integer>
			<key>Disc Number</key><integer>1</integer>
			<key>Disc Count</key><integer>1</integer>
			<key>Track Number</key><integer>6</integer>
			<key>Track Count</key><integer>11</integer>
			<key>Year</key><integer>2021</integer>
			<key>Date Modified</key><date>2023-09-26T03:39:11Z</date>
			<key>Date Added</key><date>2023-09-26T03:39:11Z</date>
			<key>Bit Rate</key><integer>256</integer>
			<key>Sample Rate</key><integer>44100</integer>
			<key>Play Count</key><integer>2</integer>
			<key>Play Date</key><integer>3784013380</integer>
			<key>Play Date UTC</key><date>2023-11-28T17:49:40Z</date>
			<key>Release Date</key><date>2021-06-04T07:00:00Z</date>
			<key>Loved</key><true/>
			<key>Artwork Count</key><integer>1</integer>
			<key>Sort Album</key><string>Blue Weekend</string>
			<key>Sort Artist</key><string>Wolf Alice</string>
			<key>Sort Name</key><string>How Can I Make It OK?</string>
			<key>Persistent ID</key><string>F963EF142BD45823</string>
			<key>Track Type</key><string>Remote</string>
			<key>Apple Music</key><true/>
		</dict>
		<key>11307</key>
		<dict>
			<key>Track ID</key><integer>11307</integer>
			<key>Name</key><string>MANIFESTO (feat. Domo Genesis)</string>
			<key>Artist</key><string>Tyler, The Creator</string>
			<key>Album Artist</key><string>Tyler, The Creator</string>
			<key>Composer</key><string>Tyler Okonma, Dominique Cole &#38; Barry White</string>
			<key>Album</key><string>CALL ME IF YOU GET LOST</string>
			<key>Genre</key><string>Music</string>
			<key>Kind</key><string>Apple Music AAC audio file</string>
			<key>Size</key><integer>6352153</integer>
			<key>Total Time</key><integer>175123</integer>
			<key>Disc Number</key><integer>1</integer>
			<key>Disc Count</key><integer>1</integer>
			<key>Track Number</key><integer>9</integer>
			<key>Track Count</key><integer>16</integer>
			<key>Year</key><integer>2021</integer>
			<key>Date Modified</key><date>2023-09-26T03:39:11Z</date>
			<key>Date Added</key><date>2023-09-26T03:39:11Z</date>
			<key>Bit Rate</key><integer>256</integer>
			<key>Sample Rate</key><integer>44100</integer>
			<key>Play Count</key><integer>3</integer>
			<key>Play Date</key><integer>3824903992</integer>
			<key>Play Date UTC</key><date>2025-03-15T23:19:52Z</date>
			<key>Release Date</key><date>2021-06-25T12:00:00Z</date>
			<key>Loved</key><true/>
			<key>Artwork Count</key><integer>1</integer>
			<key>Sort Album</key><string>CALL ME IF YOU GET LOST</string>
			<key>Sort Artist</key><string>Tyler, The Creator</string>
			<key>Sort Name</key><string>MANIFESTO (feat. Domo Genesis)</string>
			<key>Persistent ID</key><string>763B8521EE673993</string>
			<key>Explicit</key><true/>
			<key>Track Type</key><string>Remote</string>
			<key>Apple Music</key><true/>
		</dict>
		<key>11317</key>
		<dict>
			<key>Track ID</key><integer>11317</integer>
			<key>Name</key><string>CORSO</string>
			<key>Artist</key><string>Tyler, The Creator</string>
			<key>Album Artist</key><string>Tyler, The Creator</string>
			<key>Composer</key><string>Tyler Okonma &#38; James Asher</string>
			<key>Album</key><string>CALL ME IF YOU GET LOST</string>
			<key>Genre</key><string>Music</string>
			<key>Kind</key><string>Apple Music AAC audio file</string>
			<key>Size</key><integer>5389145</integer>
			<key>Total Time</key><integer>146482</integer>
			<key>Disc Number</key><integer>1</integer>
			<key>Disc Count</key><integer>1</integer>
			<key>Track Number</key><integer>2</integer>
			<key>Track Count</key><integer>16</integer>
			<key>Year</key><integer>2021</integer>
			<key>Date Modified</key><date>2023-09-26T03:39:11Z</date>
			<key>Date Added</key><date>2023-09-26T03:39:11Z</date>
			<key>Bit Rate</key><integer>256</integer>
			<key>Sample Rate</key><integer>44100</integer>
			<key>Play Count</key><integer>3</integer>
			<key>Play Date</key><integer>3824903402</integer>
			<key>Play Date UTC</key><date>2025-03-15T23:10:02Z</date>
			<key>Skip Count</key><integer>1</integer>
			<key>Skip Date</key><date>2025-01-08T22:05:20Z</date>
			<key>Release Date</key><date>2021-06-25T12:00:00Z</date>
			<key>Loved</key><true/>
			<key>Artwork Count</key><integer>1</integer>
			<key>Sort Album</key><string>CALL ME IF YOU GET LOST</string>
			<key>Sort Artist</key><string>Tyler, The Creator</string>
			<key>Sort Name</key><string>CORSO</string>
			<key>Persistent ID</key><string>F415991B1BD739EA</string>
			<key>Explicit</key><true/>
			<key>Track Type</key><string>Remote</string>
			<key>Apple Music</key><true/>
		</dict>
		<key>11319</key>
		<dict>
			<key>Track ID</key><integer>11319</integer>
			<key>Name</key><string>LUMBERJACK</string>
			<key>Artist</key><string>Tyler, The Creator</string>
			<key>Album Artist</key><string>Tyler, The Creator</string>
			<key>Composer</key><string>Tyler Okonma, Larry Willis, Anthony Berkeley, Robert Diggs, Arnold Hamilton &#38; Paul Huston</string>
			<key>Album</key><string>CALL ME IF YOU GET LOST</string>
			<key>Genre</key><string>Music</string>
			<key>Kind</key><string>Apple Music AAC audio file</string>
			<key>Size</key><integer>5120530</integer>
			<key>Total Time</key><integer>138312</integer>
			<key>Disc Number</key><integer>1</integer>
			<key>Disc Count</key><integer>1</integer>
			<key>Track Number</key><integer>5</integer>
			<key>Track Count</key><integer>16</integer>
			<key>Year</key><integer>2021</integer>
			<key>Date Modified</key><date>2023-09-26T03:39:11Z</date>
			<key>Date Added</key><date>2023-09-26T03:39:11Z</date>
			<key>Bit Rate</key><integer>256</integer>
			<key>Sample Rate</key><integer>44100</integer>
			<key>Comments</key><string>Orange</string>
			<key>Play Count</key><integer>3</integer>
			<key>Play Date</key><integer>3824903662</integer>
			<key>Play Date UTC</key><date>2025-03-15T23:14:22Z</date>
			<key>Skip Count</key><integer>1</integer>
			<key>Skip Date</key><date>2025-01-08T21:41:58Z</date>
			<key>Release Date</key><date>2021-06-16T07:00:00Z</date>
			<key>Loved</key><true/>
			<key>Artwork Count</key><integer>1</integer>
			<key>Sort Album</key><string>CALL ME IF YOU GET LOST</string>
			<key>Sort Artist</key><string>Tyler, The Creator</string>
			<key>Sort Name</key><string>LUMBERJACK</string>
			<key>Persistent ID</key><string>2234574111DA8F19</string>
			<key>Explicit</key><true/>
			<key>Track Type</key><string>Remote</string>
			<key>Apple Music</key><true/>
		</dict>
		<key>11323</key>
		<dict>
			<key>Track ID</key><integer>11323</integer>
			<key>Name</key><string>WUSYANAME (feat. YoungBoy Never Broke Again &#38; Ty Dolla $ign)</string>
			<key>Artist</key><string>Tyler, The Creator</string>
			<key>Album Artist</key><string>Tyler, The Creator</string>
			<key>Composer</key><string>Tyler Okonma, Kentrell Gaulden, Tyrone Griffin Jr, Bishop Paul Burrell Sr., Delando Conner, Solomon Conner &#38; Darryl Lyn Jackson</string>
			<key>Album</key><string>CALL ME IF YOU GET LOST</string>
			<key>Genre</key><string>Music</string>
			<key>Kind</key><string>Apple Music AAC audio file</string>
			<key>Size</key><integer>4550861</integer>
			<key>Total Time</key><integer>121573</integer>
			<key>Disc Number</key><integer>1</integer>
			<key>Disc Count</key><integer>1</integer>
			<key>Track Number</key><integer>4</integer>
			<key>Track Count</key><integer>16</integer>
			<key>Year</key><integer>2021</integer>
			<key>Date Modified</key><date>2023-09-26T03:39:11Z</date>
			<key>Date Added</key><date>2023-09-26T03:39:11Z</date>
			<key>Bit Rate</key><integer>256</integer>
			<key>Sample Rate</key><integer>44100</integer>
			<key>Play Count</key><integer>3</integer>
			<key>Play Date</key><integer>3824903524</integer>
			<key>Play Date UTC</key><date>2025-03-15T23:12:04Z</date>
			<key>Release Date</key><date>2021-06-25T12:00:00Z</date>
			<key>Loved</key><true/>
			<key>Artwork Count</key><integer>1</integer>
			<key>Sort Album</key><string>CALL ME IF YOU GET LOST</string>
			<key>Sort Artist</key><string>Tyler, The Creator</string>
			<key>Sort Name</key><string>WUSYANAME (feat. YoungBoy Never Broke Again &#38; Ty Dolla $ign)</string>
			<key>Persistent ID</key><string>92B67792959568CB</string>
			<key>Explicit</key><true/>
			<key>Track Type</key><string>Remote</string>
			<key>Apple Music</key><true/>
		</dict>
		<key>11331</key>
		<dict>
			<key>Track ID</key><integer>11331</integer>
			<key>Name</key><string>HOT WIND BLOWS (feat. Lil Wayne)</string>
			<key>Artist</key><string>Tyler, The Creator</string>
			<key>Album Artist</key><string>Tyler, The Creator</string>
			<key>Composer</key><string>Tyler Okonma, Dwayne Carter, Jr. &#38; Henry Mancini</string>
			<key>Album</key><string>CALL ME IF YOU GET LOST</string>
			<key>Genre</key><string>Music</string>
			<key>Kind</key><string>Apple Music AAC audio file</string>
			<key>Size</key><integer>5666301</integer>
			<key>Total Time</key><integer>155293</integer>
			<key>Disc Number</key><integer>1</integer>
			<key>Disc Count</key><integer>1</integer>
			<key>Track Number</key><integer>6</integer>
			<key>Track Count</key><integer>16</integer>
			<key>Year</key><integer>2021</integer>
			<key>Date Modified</key><date>2023-09-26T03:39:11Z</date>
			<key>Date Added</key><date>2023-09-26T03:39:11Z</date>
			<key>Bit Rate</key><integer>256</integer>
			<key>Sample Rate</key><integer>44100</integer>
			<key>Play Count</key><integer>3</integer>
			<key>Play Date</key><integer>3824903817</integer>
			<key>Play Date UTC</key><date>2025-03-15T23:16:57Z</date>
			<key>Release Date</key><date>2021-06-25T12:00:00Z</date>
			<key>Loved</key><true/>
			<key>Artwork Count</key><integer>1</integer>
			<key>Sort Album</key><string>CALL ME IF YOU GET LOST</string>
			<key>Sort Artist</key><string>Tyler, The Creator</string>
			<key>Sort Name</key><string>HOT WIND BLOWS (feat. Lil Wayne)</string>
			<key>Persistent ID</key><string>FE2CF8BAD62841F5</string>
			<key>Explicit</key><true/>
			<key>Track Type</key><string>Remote</string>
			<key>Apple Music</key><true/>
		</dict>
		<key>11431</key>
		<dict>
			<key>Track ID</key><integer>11431</integer>
			<key>Name</key><string>Kill Bill</string>
			<key>Artist</key><string>SZA</string>
			<key>Album Artist</key><string>SZA</string>
			<key>Composer</key><string>SZA, Rob Bisel &#38; Carter Lang</string>
			<key>Album</key><string>SOS</string>
			<key>Genre</key><string>Music</string>
			<key>Kind</key><string>Apple Music AAC audio file</string>
			<key>Size</key><integer>5623194</integer>
			<key>Total Time</key><integer>153947</integer>
			<key>Disc Number</key><integer>1</integer>
			<key>Disc Count</key><integer>1</integer>
			<key>Track Number</key><integer>2</integer>
			<key>Track Count</key><integer>23</integer>
			<key>Year</key><integer>2022</integer>
			<key>Date Modified</key><date>2023-09-26T03:39:11Z</date>
			<key>Date Added</key><date>2023-09-26T03:39:11Z</date>
			<key>Bit Rate</key><integer>256</integer>
			<key>Sample Rate</key><integer>44100</integer>
			<key>Play Count</key><integer>6</integer>
			<key>Play Date</key><integer>3832807284</integer>
			<key>Play Date UTC</key><date>2025-06-15T10:41:24Z</date>
			<key>Skip Count</key><integer>1</integer>
			<key>Skip Date</key><date>2025-06-06T20:50:40Z</date>
			<key>Release Date</key><date>2022-12-09T12:00:00Z</date>
			<key>Loved</key><true/>
			<key>Artwork Count</key><integer>1</integer>
			<key>Sort Album</key><string>SOS</string>
			<key>Sort Artist</key><string>SZA</string>
			<key>Sort Name</key><string>Kill Bill</string>
			<key>Persistent ID</key><string>3ACEBE21AD28F78A</string>
			<key>Track Type</key><string>Remote</string>
			<key>Apple Music</key><true/>
		</dict>
		<key>11523</key>
		<dict>
			<key>Track ID</key><integer>11523</integer>
			<key>Name</key><string>El Pastor</string>
			<key>Artist</key><string>Delta Sleep</string>
			<key>Album Artist</key><string>Delta Sleep</string>
			<key>Composer</key><string>Delta Sleep</string>
			<key>Album</key><string>Ghost City</string>
			<key>Genre</key><string>Music</string>
			<key>Kind</key><string>Apple Music AAC audio file</string>
			<key>Size</key><integer>11064755</integer>
			<key>Total Time</key><integer>310047</integer>
			<key>Disc Number</key><integer>1</integer>
			<key>Disc Count</key><integer>1</integer>
			<key>Track Number</key><integer>8</integer>
			<key>Track Count</key><integer>11</integer>
			<key>Year</key><integer>2018</integer>
			<key>Date Modified</key><date>2023-09-26T03:39:11Z</date>
			<key>Date Added</key><date>2023-09-26T03:39:11Z</date>
			<key>Bit Rate</key><integer>256</integer>
			<key>Sample Rate</key><integer>44100</integer>
			<key>Comments</key><string>Indigo</string>
			<key>Play Count</key><integer>2</integer>
			<key>Play Date</key><integer>3832582253</integer>
			<key>Play Date UTC</key><date>2025-06-12T20:10:53Z</date>
			<key>Release Date</key><date>2018-08-10T12:00:00Z</date>
			<key>Loved</key><true/>
			<key>Artwork Count</key><integer>1</integer>
			<key>Sort Album</key><string>Ghost City</string>
			<key>Sort Artist</key><string>Delta Sleep</string>
			<key>Sort Name</key><string>El Pastor</string>
			<key>Persistent ID</key><string>2D98993A65D2F868</string>
			<key>Track Type</key><string>Remote</string>
			<key>Apple Music</key><true/>
		</dict>
		<key>11531</key>
		<dict>
			<key>Track ID</key><integer>11531</integer>
			<key>Name</key><string>Always: Your Way</string>
			<key>Artist</key><string>My Vitriol</string>
			<key>Album Artist</key><string>My Vitriol</string>
			<key>Composer</key><string>Som Wardner</string>
			<key>Album</key><string>Finelines</string>
			<key>Genre</key><string>Music</string>
			<key>Kind</key><string>Apple Music AAC audio file</string>
			<key>Size</key><integer>8298903</integer>
			<key>Total Time</key><integer>229107</integer>
			<key>Disc Number</key><integer>1</integer>
			<key>Disc Count</key><integer>1</integer>
			<key>Track Number</key><integer>2</integer>
			<key>Track Count</key><integer>16</integer>
			<key>Year</key><integer>2001</integer>
			<key>Date Modified</key><date>2023-09-26T03:39:11Z</date>
			<key>Date Added</key><date>2023-09-26T03:39:11Z</date>
			<key>Bit Rate</key><integer>256</integer>
			<key>Sample Rate</key><integer>44100</integer>
			<key>Play Count</key><integer>3</integer>
			<key>Play Date</key><integer>3785319171</integer>
			<key>Play Date UTC</key><date>2023-12-13T20:32:51Z</date>
			<key>Release Date</key><date>2001-03-05T12:00:00Z</date>
			<key>Loved</key><true/>
			<key>Artwork Count</key><integer>1</integer>
			<key>Sort Album</key><string>Finelines</string>
			<key>Sort Artist</key><string>My Vitriol</string>
			<key>Sort Name</key><string>Always: Your Way</string>
			<key>Persistent ID</key><string>506E26295E34393B</string>
			<key>Track Type</key><string>Remote</string>
			<key>Apple Music</key><true/>
		</dict>
		<key>11619</key>
		<dict>
			<key>Track ID</key><integer>11619</integer>
			<key>Name</key><string>Purple Hearts</string>
			<key>Artist</key><string>Kendrick Lamar, Summer Walker &#38; Ghostface Killah</string>
			<key>Album Artist</key><string>Kendrick Lamar</string>
			<key>Composer</key><string>Kendrick Lamar, Summer Walker, Dennis Coles, Anthony Dixon, M. Spears, Khalil Abdul-Rahman, Matthew Schaeffer, Johnny Kosich, Jake Kosich, J. Pounds &#38; Sam Dew</string>
			<key>Album</key><string>Mr. Morale &#38; The Big Steppers</string>
			<key>Genre</key><string>Music</string>
			<key>Kind</key><string>Apple Music AAC audio file</string>
			<key>Size</key><integer>11521048</integer>
			<key>Total Time</key><integer>329295</integer>
			<key>Disc Number</key><integer>1</integer>
			<key>Disc Count</key><integer>2</integer>
			<key>Track Number</key><integer>9</integer>
			<key>Track Count</key><integer>9</integer>
			<key>Year</key><integer>2022</integer>
			<key>Date Modified</key><date>2023-09-26T03:39:11Z</date>
			<key>Date Added</key><date>2023-09-26T03:39:11Z</date>
			<key>Bit Rate</key><integer>256</integer>
			<key>Sample Rate</key><integer>44100</integer>
			<key>Play Count</key><integer>4</integer>
			<key>Play Date</key><integer>3798025813</integer>
			<key>Play Date UTC</key><date>2024-05-08T21:10:13Z</date>
			<key>Skip Count</key><integer>2</integer>
			<key>Skip Date</key><date>2025-04-04T21:38:45Z</date>
			<key>Release Date</key><date>2022-05-13T12:00:00Z</date>
			<key>Loved</key><true/>
			<key>Artwork Count</key><integer>1</integer>
			<key>Sort Album</key><string>Mr. Morale &#38; The Big Steppers</string>
			<key>Sort Artist</key><string>Kendrick Lamar, Summer Walker &#38; Ghostface Killah</string>
			<key>Sort Name</key><string>Purple Hearts</string>
			<key>Persistent ID</key><string>BF0371320013D160</string>
			<key>Explicit</key><true/>
			<key>Track Type</key><string>Remote</string>
			<key>Apple Music</key><true/>
		</dict>
		<key>11633</key>
		<dict>
			<key>Track ID</key><integer>11633</integer>
			<key>Name</key><string>Mr. Morale</string>
			<key>Artist</key><string>Kendrick Lamar &#38; Tanna Leone</string>
			<key>Album Artist</key><string>Kendrick Lamar</string>
			<key>Composer</key><string>Kendrick Lamar, Pharrell Williams, Avante Santana &#38; Sam Dew</string>
			<key>Album</key><string>Mr. Morale &#38; The Big Steppers</string>
			<key>Genre</key><string>Music</string>
			<key>Kind</key><string>Apple Music AAC audio file</string>
			<key>Size</key><integer>7572202</integer>
			<key>Total Time</key><integer>210841</integer>
			<key>Disc Number</key><integer>2</integer>
			<key>Disc Count</key><integer>2</integer>
			<key>Track Number</key><integer>7</integer>
			<key>Track Count</key><integer>9</integer>
			<key>Year</key><integer>2022</integer>
			<key>Date Modified</key><date>2023-09-26T03:39:11Z</date>
			<key>Date Added</key><date>2023-09-26T03:39:11Z</date>
			<key>Bit Rate</key><integer>256</integer>
			<key>Sample Rate</key><integer>44100</integer>
			<key>Play Count</key><integer>3</integer>
			<key>Play Date</key><integer>3817350144</integer>
			<key>Play Date UTC</key><date>2024-12-18T14:02:24Z</date>
			<key>Release Date</key><date>2022-05-13T12:00:00Z</date>
			<key>Loved</key><true/>
			<key>Artwork Count</key><integer>1</integer>
			<key>Sort Album</key><string>Mr. Morale &#38; The Big Steppers</string>
			<key>Sort Artist</key><string>Kendrick Lamar &#38; Tanna Leone</string>
			<key>Sort Name</key><string>Mr. Morale</string>
			<key>Persistent ID</key><string>32647E2F730477CA</string>
			<key>Explicit</key><true/>
			<key>Track Type</key><string>Remote</string>
			<key>Apple Music</key><true/>
		</dict>
		<key>11689</key>
		<dict>
			<key>Track ID</key><integer>11689</integer>
			<key>Name</key><string>Films</string>
			<key>Artist</key><string>Gary Numan</string>
			<key>Album Artist</key><string>Gary Numan</string>
			<key>Composer</key><string>Gary Numan</string>
			<key>Album</key><string>The Pleasure Principle</string>
			<key>Genre</key><string>Music</string>
			<key>Kind</key><string>Apple Music AAC audio file</string>
			<key>Size</key><integer>9354142</integer>
			<key>Total Time</key><integer>249467</integer>
			<key>Disc Number</key><integer>1</integer>
			<key>Disc Count</key><integer>1</integer>
			<key>Track Number</key><integer>4</integer>
			<key>Track Count</key><integer>17</integer>
			<key>Year</key><integer>1979</integer>
			<key>Date Modified</key><date>2023-09-26T03:39:11Z</date>
			<key>Date Added</key><date>2023-09-26T03:39:11Z</date>
			<key>Bit Rate</key><integer>256</integer>
			<key>Sample Rate</key><integer>44100</integer>
			<key>Play Count</key><integer>12</integer>
			<key>Play Date</key><integer>3834418343</integer>
			<key>Play Date UTC</key><date>2025-07-04T02:12:23Z</date>
			<key>Skip Count</key><integer>1</integer>
			<key>Skip Date</key><date>2025-04-19T03:24:03Z</date>
			<key>Release Date</key><date>1979-09-07T12:00:00Z</date>
			<key>Loved</key><true/>
			<key>Artwork Count</key><integer>1</integer>
			<key>Sort Album</key><string>Pleasure Principle (Bonus Tracks)</string>
			<key>Sort Artist</key><string>Gary Numan</string>
			<key>Sort Name</key><string>Films</string>
			<key>Persistent ID</key><string>8FB5D1F37E35F745</string>
			<key>Track Type</key><string>Remote</string>
			<key>Apple Music</key><true/>
		</dict>
		<key>11763</key>
		<dict>
			<key>Track ID</key><integer>11763</integer>
			<key>Name</key><string>All The Stars</string>
			<key>Artist</key><string>Kendrick Lamar, SZA</string>
			<key>Album Artist</key><string>Kendrick Lamar</string>
			<key>Composer</key><string>Kendrick Lamar, SZA, M. Spears, Alexander Shuckburgh &#38; Anthony Tiffith</string>
			<key>Album</key><string>Black Panther: The Album</string>
			<key>Genre</key><string>Music</string>
			<key>Kind</key><string>Apple Music AAC audio file</string>
			<key>Size</key><integer>8331267</integer>
			<key>Total Time</key><integer>232190</integer>
			<key>Disc Number</key><integer>1</integer>
			<key>Disc Count</key><integer>1</integer>
			<key>Track Number</key><integer>2</integer>
			<key>Track Count</key><integer>14</integer>
			<key>Year</key><integer>2018</integer>
			<key>Date Modified</key><date>2023-09-26T03:39:11Z</date>
			<key>Date Added</key><date>2023-09-26T03:39:11Z</date>
			<key>Bit Rate</key><integer>256</integer>
			<key>Sample Rate</key><integer>44100</integer>
			<key>Play Count</key><integer>2</integer>
			<key>Play Date</key><integer>3825487797</integer>
			<key>Play Date UTC</key><date>2025-03-22T17:29:57Z</date>
			<key>Release Date</key><date>2018-01-04T12:00:00Z</date>
			<key>Loved</key><true/>
			<key>Compilation</key><true/>
			<key>Artwork Count</key><integer>1</integer>
			<key>Sort Album</key><string>Black Panther: The Album</string>
			<key>Sort Artist</key><string>Kendrick Lamar, SZA</string>
			<key>Sort Name</key><string>All The Stars</string>
			<key>Persistent ID</key><string>A8B97F10E9FD0145</string>
			<key>Explicit</key><true/>
			<key>Track Type</key><string>Remote</string>
			<key>Apple Music</key><true/>
		</dict>
		<key>11813</key>
		<dict>
			<key>Track ID</key><integer>11813</integer>
			<key>Name</key><string>Savior</string>
			<key>Artist</key><string>Kendrick Lamar, Baby Keem &#38; Sam Dew</string>
			<key>Album Artist</key><string>Kendrick Lamar</string>
			<key>Composer</key><string>Kendrick Lamar, Sam Dew, M. Spears, J. Pounds, Ronald LaTour, Daniel Tannenbaum, Rascal, Mario, Luciano, Tommy Paxton-Beesley, John Julian &#38; Medearis Dixson</string>
			<key>Album</key><string>Mr. Morale &#38; The Big Steppers</string>
			<key>Genre</key><string>Music</string>
			<key>Kind</key><string>Apple Music AAC audio file</string>
			<key>Size</key><integer>8067702</integer>
			<key>Total Time</key><integer>224466</integer>
			<key>Disc Number</key><integer>2</integer>
			<key>Disc Count</key><integer>2</integer>
			<key>Track Number</key><integer>5</integer>
			<key>Track Count</key><integer>9</integer>
			<key>Year</key><integer>2022</integer>
			<key>Date Modified</key><date>2023-09-26T03:39:12Z</date>
			<key>Date Added</key><date>2023-09-26T03:39:12Z</date>
			<key>Bit Rate</key><integer>256</integer>
			<key>Sample Rate</key><integer>44100</integer>
			<key>Play Count</key><integer>2</integer>
			<key>Play Date</key><integer>3798026543</integer>
			<key>Play Date UTC</key><date>2024-05-08T21:22:23Z</date>
			<key>Release Date</key><date>2022-05-13T12:00:00Z</date>
			<key>Loved</key><true/>
			<key>Artwork Count</key><integer>1</integer>
			<key>Sort Album</key><string>Mr. Morale &#38; The Big Steppers</string>
			<key>Sort Artist</key><string>Kendrick Lamar, Baby Keem &#38; Sam Dew</string>
			<key>Sort Name</key><string>Savior</string>
			<key>Persistent ID</key><string>A1D4B5F933DC003B</string>
			<key>Explicit</key><true/>
			<key>Track Type</key><string>Remote</string>
			<key>Apple Music</key><true/>
		</dict>
		<key>11935</key>
		<dict>
			<key>Track ID</key><integer>11935</integer>
			<key>Name</key><string>S.D.O.S</string>
			<key>Artist</key><string>Alex G</string>
			<key>Album Artist</key><string>Alex G</string>
			<key>Composer</key><string>Alex Giannascoli</string>
			<key>Album</key><string>God Save the Animals</string>
			<key>Genre</key><string>Music</string>
			<key>Kind</key><string>Apple Music AAC audio file</string>
			<key>Size</key><integer>6332949</integer>
			<key>Total Time</key><integer>170345</integer>
			<key>Disc Number</key><integer>1</integer>
			<key>Disc Count</key><integer>1</integer>
			<key>Track Number</key><integer>4</integer>
			<key>Track Count</key><integer>13</integer>
			<key>Year</key><integer>2022</integer>
			<key>Date Modified</key><date>2023-09-26T03:39:12Z</date>
			<key>Date Added</key><date>2023-09-26T03:39:12Z</date>
			<key>Bit Rate</key><integer>256</integer>
			<key>Sample Rate</key><integer>44100</integer>
			<key>Play Count</key><integer>1</integer>
			<key>Play Date</key><integer>3790233002</integer>
			<key>Play Date UTC</key><date>2024-02-08T17:30:02Z</date>
			<key>Release Date</key><date>2022-09-23T12:00:00Z</date>
			<key>Loved</key><true/>
			<key>Artwork Count</key><integer>1</integer>
			<key>Sort Album</key><string>God Save the Animals</string>
			<key>Sort Artist</key><string>Alex G</string>
			<key>Sort Name</key><string>S.D.O.S</string>
			<key>Persistent ID</key><string>299D5C5CAC8EFE1B</string>
			<key>Track Type</key><string>Remote</string>
			<key>Apple Music</key><true/>
		</dict>
		<key>11941</key>
		<dict>
			<key>Track ID</key><integer>11941</integer>
			<key>Name</key><string>Fake Fealty</string>
			<key>Artist</key><string>Balmorhea</string>
			<key>Album Artist</key><string>Balmorhea</string>
			<key>Album</key><string>Stranger</string>
			<key>Genre</key><string>Music</string>
			<key>Kind</key><string>Apple Music AAC audio file</string>
			<key>Size</key><integer>10383069</integer>
			<key>Total Time</key><integer>269781</integer>
			<key>Disc Number</key><integer>1</integer>
			<key>Disc Count</key><integer>1</integer>
			<key>Track Number</key><integer>3</integer>
			<key>Track Count</key><integer>10</integer>
			<key>Year</key><integer>2012</integer>
			<key>Date Modified</key><date>2023-09-26T03:39:12Z</date>
			<key>Date Added</key><date>2023-09-26T03:39:12Z</date>
			<key>Bit Rate</key><integer>256</integer>
			<key>Sample Rate</key><integer>44100</integer>
			<key>Comments</key><string>Indigo</string>
			<key>Play Count</key><integer>3</integer>
			<key>Play Date</key><integer>3780321476</integer>
			<key>Play Date UTC</key><date>2023-10-16T23:17:56Z</date>
			<key>Skip Count</key><integer>1</integer>
			<key>Skip Date</key><date>2023-10-25T14:23:01Z</date>
			<key>Release Date</key><date>2012-10-01T12:00:00Z</date>
			<key>Loved</key><true/>
			<key>Artwork Count</key><integer>1</integer>
			<key>Sort Album</key><string>Stranger</string>
			<key>Sort Artist</key><string>Balmorhea</string>
			<key>Sort Name</key><string>Fake Fealty</string>
			<key>Persistent ID</key><string>2AFFFBC08E5E3BA9</string>
			<key>Track Type</key><string>Remote</string>
			<key>Apple Music</key><true/>
		</dict>
		<key>11943</key>
		<dict>
			<key>Track ID</key><integer>11943</integer>
			<key>Name</key><string>Runner</string>
			<key>Artist</key><string>Alex G</string>
			<key>Album Artist</key><string>Alex G</string>
			<key>Composer</key><string>Alex Giannascoli</string>
			<key>Album</key><string>God Save the Animals</string>
			<key>Genre</key><string>Music</string>
			<key>Kind</key><string>Apple Music AAC audio file</string>
			<key>Size</key><integer>5754533</integer>
			<key>Total Time</key><integer>156772</integer>
			<key>Disc Number</key><integer>1</integer>
			<key>Disc Count</key><integer>1</integer>
			<key>Track Number</key><integer>2</integer>
			<key>Track Count</key><integer>13</integer>
			<key>Year</key><integer>2022</integer>
			<key>Date Modified</key><date>2023-09-26T03:39:12Z</date>
			<key>Date Added</key><date>2023-09-26T03:39:12Z</date>
			<key>Bit Rate</key><integer>256</integer>
			<key>Sample Rate</key><integer>44100</integer>
			<key>Play Count</key><integer>1</integer>
			<key>Play Date</key><integer>3790232831</integer>
			<key>Play Date UTC</key><date>2024-02-08T17:27:11Z</date>
			<key>Release Date</key><date>2022-09-23T12:00:00Z</date>
			<key>Loved</key><true/>
			<key>Artwork Count</key><integer>1</integer>
			<key>Sort Album</key><string>God Save the Animals</string>
			<key>Sort Artist</key><string>Alex G</string>
			<key>Sort Name</key><string>Runner</string>
			<key>Persistent ID</key><string>E48096CDEFFE0072</string>
			<key>Track Type</key><string>Remote</string>
			<key>Apple Music</key><true/>
		</dict>
		<key>11961</key>
		<dict>
			<key>Track ID</key><integer>11961</integer>
			<key>Name</key><string>Silent Hill</string>
			<key>Artist</key><string>Kendrick Lamar &#38; Kodak Black</string>
			<key>Album Artist</key><string>Kendrick Lamar</string>
			<key>Composer</key><string>Kendrick Lamar, Bill K. Kapri, M. Spears, Matthew Jehu Samuels, Jahaan Akil Sweet &#38; Beach Noise (Matthew, Johnny, Jake)</string>
			<key>Album</key><string>Mr. Morale &#38; The Big Steppers</string>
			<key>Genre</key><string>Music</string>
			<key>Kind</key><string>Apple Music AAC audio file</string>
			<key>Size</key><integer>7978209</integer>
			<key>Total Time</key><integer>220779</integer>
			<key>Disc Number</key><integer>2</integer>
			<key>Disc Count</key><integer>2</integer>
			<key>Track Number</key><integer>3</integer>
			<key>Track Count</key><integer>9</integer>
			<key>Year</key><integer>2022</integer>
			<key>Date Modified</key><date>2023-09-26T03:39:12Z</date>
			<key>Date Added</key><date>2023-09-26T03:39:12Z</date>
			<key>Bit Rate</key><integer>256</integer>
			<key>Sample Rate</key><integer>44100</integer>
			<key>Play Count</key><integer>2</integer>
			<key>Play Date</key><integer>3798026318</integer>
			<key>Play Date UTC</key><date>2024-05-08T21:18:38Z</date>
			<key>Release Date</key><date>2022-05-13T12:00:00Z</date>
			<key>Loved</key><true/>
			<key>Artwork Count</key><integer>1</integer>
			<key>Sort Album</key><string>Mr. Morale &#38; The Big Steppers</string>
			<key>Sort Artist</key><string>Kendrick Lamar &#38; Kodak Black</string>
			<key>Sort Name</key><string>Silent Hill</string>
			<key>Persistent ID</key><string>D103BBC79DE82BA2</string>
			<key>Explicit</key><true/>
			<key>Track Type</key><string>Remote</string>
			<key>Apple Music</key><true/>
		</dict>
		<key>11967</key>
		<dict>
			<key>Track ID</key><integer>11967</integer>
			<key>Name</key><string>Somebody to Love</string>
			<key>Artist</key><string>Queen</string>
			<key>Album Artist</key><string>Queen</string>
			<key>Composer</key><string>Freddie Mercury</string>
			<key>Album</key><string>A Day at the Races</string>
			<key>Genre</key><string>Music</string>
			<key>Kind</key><string>Apple Music AAC audio file</string>
			<key>Size</key><integer>10884106</integer>
			<key>Total Time</key><integer>298933</integer>
			<key>Disc Number</key><integer>1</integer>
			<key>Disc Count</key><integer>1</integer>
			<key>Track Number</key><integer>6</integer>
			<key>Track Count</key><integer>10</integer>
			<key>Year</key><integer>1976</integer>
			<key>Date Modified</key><date>2023-09-26T03:39:12Z</date>
			<key>Date Added</key><date>2023-09-26T03:39:12Z</date>
			<key>Bit Rate</key><integer>256</integer>
			<key>Sample Rate</key><integer>44100</integer>
			<key>Play Count</key><integer>3</integer>
			<key>Play Date</key><integer>3799220984</integer>
			<key>Play Date UTC</key><date>2024-05-22T17:09:44Z</date>
			<key>Release Date</key><date>1976-11-12T12:00:00Z</date>
			<key>Loved</key><true/>
			<key>Artwork Count</key><integer>1</integer>
			<key>Sort Album</key><string>Day at the Races</string>
			<key>Sort Artist</key><string>Queen</string>
			<key>Sort Name</key><string>Somebody to Love</string>
			<key>Persistent ID</key><string>F8E4AC0C10AE5692</string>
			<key>Track Type</key><string>Remote</string>
			<key>Apple Music</key><true/>
		</dict>
		<key>11979</key>
		<dict>
			<key>Track ID</key><integer>11979</integer>
			<key>Name</key><string>The Loneliest Time (feat. Rufus Wainwright)</string>
			<key>Artist</key><string>Carly Rae Jepsen</string>
			<key>Album Artist</key><string>Carly Rae Jepsen</string>
			<key>Composer</key><string>Carly Rae Jepsen, Kyle Shearer &#38; Nate Cyphert</string>
			<key>Album</key><string>The Loneliest Time</string>
			<key>Genre</key><string>Music</string>
			<key>Kind</key><string>Apple Music AAC audio file</string>
			<key>Size</key><integer>9589588</integer>
			<key>Total Time</key><integer>274507</integer>
			<key>Disc Number</key><integer>1</integer>
			<key>Disc Count</key><integer>1</integer>
			<key>Track Number</key><integer>13</integer>
			<key>Track Count</key><integer>16</integer>
			<key>Year</key><integer>2022</integer>
			<key>Date Modified</key><date>2023-09-26T03:39:12Z</date>
			<key>Date Added</key><date>2023-09-26T03:39:12Z</date>
			<key>Bit Rate</key><integer>256</integer>
			<key>Sample Rate</key><integer>44100</integer>
			<key>Comments</key><string>Yellow</string>
			<key>Play Count</key><integer>2</integer>
			<key>Play Date</key><integer>3832126389</integer>
			<key>Play Date UTC</key><date>2025-06-07T13:33:09Z</date>
			<key>Release Date</key><date>2022-10-07T12:00:00Z</date>
			<key>Loved</key><true/>
			<key>Artwork Count</key><integer>1</integer>
			<key>Sort Album</key><string>Loneliest Time</string>
			<key>Sort Artist</key><string>Carly Rae Jepsen</string>
			<key>Sort Name</key><string>Loneliest Time (feat. Rufus Wainwright)</string>
			<key>Persistent ID</key><string>87C06280D9E4223E</string>
			<key>Track Type</key><string>Remote</string>
			<key>Apple Music</key><true/>
		</dict>
		<key>12017</key>
		<dict>
			<key>Track ID</key><integer>12017</integer>
			<key>Name</key><string>Don't Go Breaking My Heart</string>
			<key>Artist</key><string>Elton John &#38; Kiki Dee</string>
			<key>Album Artist</key><string>Elton John</string>
			<key>Composer</key><string>Elton John &#38; Bernie Taupin</string>
			<key>Album</key><string>Rock of the Westies (Remastered)</string>
			<key>Genre</key><string>Music</string>
			<key>Kind</key><string>Apple Music AAC audio file</string>
			<key>Size</key><integer>10523949</integer>
			<key>Total Time</key><integer>275440</integer>
			<key>Disc Number</key><integer>1</integer>
			<key>Disc Count</key><integer>1</integer>
			<key>Track Number</key><integer>10</integer>
			<key>Track Count</key><integer>10</integer>
			<key>Year</key><integer>1975</integer>
			<key>Date Modified</key><date>2023-09-26T04:08:59Z</date>
			<key>Date Added</key><date>2023-09-26T04:08:59Z</date>
			<key>Bit Rate</key><integer>256</integer>
			<key>Sample Rate</key><integer>44100</integer>
			<key>Play Count</key><integer>4</integer>
			<key>Play Date</key><integer>3817637366</integer>
			<key>Play Date UTC</key><date>2024-12-21T21:49:26Z</date>
			<key>Release Date</key><date>1975-10-24T07:00:00Z</date>
			<key>Loved</key><true/>
			<key>Artwork Count</key><integer>1</integer>
			<key>Sort Album</key><string>Rock of the Westies (Remastered)</string>
			<key>Sort Artist</key><string>Elton John &#38; Kiki Dee</string>
			<key>Sort Name</key><string>Don't Go Breaking My Heart</string>
			<key>Persistent ID</key><string>A4439D5512709FBD</string>
			<key>Track Type</key><string>Remote</string>
			<key>Apple Music</key><true/>
		</dict>
		<key>12019</key>
		<dict>
			<key>Track ID</key><integer>12019</integer>
			<key>Name</key><string>I Can't Give Everything Away</string>
			<key>Artist</key><string>David Bowie</string>
			<key>Album Artist</key><string>David Bowie</string>
			<key>Composer</key><string>David Bowie</string>
			<key>Album</key><string>Blackstar</string>
			<key>Genre</key><string>Music</string>
			<key>Kind</key><string>Apple Music AAC audio file</string>
			<key>Size</key><integer>12210317</integer>
			<key>Total Time</key><integer>347280</integer>
			<key>Disc Number</key><integer>1</integer>
			<key>Disc Count</key><integer>1</integer>
			<key>Track Number</key><integer>7</integer>
			<key>Track Count</key><integer>7</integer>
			<key>Year</key><integer>2016</integer>
			<key>Date Modified</key><date>2023-09-26T04:08:59Z</date>
			<key>Date Added</key><date>2023-09-26T04:08:59Z</date>
			<key>Bit Rate</key><integer>256</integer>
			<key>Sample Rate</key><integer>44100</integer>
			<key>Play Count</key><integer>2</integer>
			<key>Play Date</key><integer>3822478284</integer>
			<key>Play Date UTC</key><date>2025-02-15T22:31:24Z</date>
			<key>Release Date</key><date>2016-01-08T12:00:00Z</date>
			<key>Loved</key><true/>
			<key>Artwork Count</key><integer>1</integer>
			<key>Sort Album</key><string>Blackstar</string>
			<key>Sort Artist</key><string>David Bowie</string>
			<key>Sort Name</key><string>I Can't Give Everything Away</string>
			<key>Persistent ID</key><string>DE147260FC40FC8A</string>
			<key>Track Type</key><string>Remote</string>
			<key>Apple Music</key><true/>
		</dict>
		<key>12029</key>
		<dict>
			<key>Track ID</key><integer>12029</integer>
			<key>Name</key><string>Stamping Ground (Instrumental)</string>
			<key>Artist</key><string>Moondog</string>
			<key>Album Artist</key><string>Moondog</string>
			<key>Composer</key><string>Louis Thomas Hardin</string>
			<key>Album</key><string>Moondog</string>
			<key>Genre</key><string>Music</string>
			<key>Kind</key><string>Apple Music AAC audio file</string>
			<key>Size</key><integer>5251119</integer>
			<key>Total Time</key><integer>136557</integer>
			<key>Disc Number</key><integer>1</integer>
			<key>Disc Count</key><integer>1</integer>
			<key>Track Number</key><integer>2</integer>
			<key>Track Count</key><integer>8</integer>
			<key>Year</key><integer>1969</integer>
			<key>Date Modified</key><date>2023-09-26T04:08:59Z</date>
			<key>Date Added</key><date>2023-09-26T04:08:59Z</date>
			<key>Bit Rate</key><integer>256</integer>
			<key>Sample Rate</key><integer>44100</integer>
			<key>Play Count</key><integer>2</integer>
			<key>Play Date</key><integer>3781067912</integer>
			<key>Play Date UTC</key><date>2023-10-25T14:38:32Z</date>
			<key>Release Date</key><date>1969-01-01T12:00:00Z</date>
			<key>Loved</key><true/>
			<key>Artwork Count</key><integer>1</integer>
			<key>Sort Album</key><string>Moondog</string>
			<key>Sort Artist</key><string>Moondog</string>
			<key>Sort Name</key><string>Stamping Ground (Instrumental)</string>
			<key>Persistent ID</key><string>0B322F2BBC54CCC9</string>
			<key>Track Type</key><string>Remote</string>
			<key>Apple Music</key><true/>
		</dict>
		<key>12099</key>
		<dict>
			<key>Track ID</key><integer>12099</integer>
			<key>Name</key><string>Satemo Appare Yume-Zakura</string>
			<key>Artist</key><string>Mioko Yamaguchi</string>
			<key>Album Artist</key><string>Mioko Yamaguchi</string>
			<key>Composer</key><string>Mioko Yamaguchi</string>
			<key>Album</key><string>Tsuki-Hime</string>
			<key>Genre</key><string>Music</string>
			<key>Kind</key><string>Apple Music AAC audio file</string>
			<key>Size</key><integer>9385755</integer>
			<key>Total Time</key><integer>244347</integer>
			<key>Disc Number</key><integer>1</integer>
			<key>Disc Count</key><integer>1</integer>
			<key>Track Number</key><integer>7</integer>
			<key>Track Count</key><integer>8</integer>
			<key>Year</key><integer>1983</integer>
			<key>Date Modified</key><date>2023-09-26T04:08:59Z</date>
			<key>Date Added</key><date>2023-09-26T04:08:59Z</date>
			<key>Bit Rate</key><integer>256</integer>
			<key>Sample Rate</key><integer>44100</integer>
			<key>Play Count</key><integer>2</integer>
			<key>Play Date</key><integer>3781065360</integer>
			<key>Play Date UTC</key><date>2023-10-25T13:56:00Z</date>
			<key>Release Date</key><date>1983-03-21T12:00:00Z</date>
			<key>Loved</key><true/>
			<key>Artwork Count</key><integer>1</integer>
			<key>Sort Album</key><string>Tsuki-Hime</string>
			<key>Sort Artist</key><string>Mioko Yamaguchi</string>
			<key>Sort Name</key><string>Satemo Appare Yume-Zakura</string>
			<key>Persistent ID</key><string>BA7A16B1B27D0C69</string>
			<key>Track Type</key><string>Remote</string>
			<key>Apple Music</key><true/>
		</dict>
		<key>12189</key>
		<dict>
			<key>Track ID</key><integer>12189</integer>
			<key>Name</key><string>Arrival</string>
			<key>Artist</key><string>Parannoul</string>
			<key>Album Artist</key><string>Parannoul</string>
			<key>Composer</key><string>Parannoul</string>
			<key>Album</key><string>After the Magic</string>
			<key>Genre</key><string>Music</string>
			<key>Kind</key><string>Apple Music AAC audio file</string>
			<key>Size</key><integer>16624743</integer>
			<key>Total Time</key><integer>464527</integer>
			<key>Disc Number</key><integer>1</integer>
			<key>Disc Count</key><integer>1</integer>
			<key>Track Number</key><integer>3</integer>
			<key>Track Count</key><integer>10</integer>
			<key>Year</key><integer>2023</integer>
			<key>Date Modified</key><date>2023-09-26T04:08:59Z</date>
			<key>Date Added</key><date>2023-09-26T04:08:59Z</date>
			<key>Bit Rate</key><integer>256</integer>
			<key>Sample Rate</key><integer>44100</integer>
			<key>Play Count</key><integer>2</integer>
			<key>Play Date</key><integer>3785318844</integer>
			<key>Play Date UTC</key><date>2023-12-13T20:27:24Z</date>
			<key>Release Date</key><date>2023-01-28T12:00:00Z</date>
			<key>Loved</key><true/>
			<key>Artwork Count</key><integer>1</integer>
			<key>Sort Album</key><string>After the Magic</string>
			<key>Sort Artist</key><string>Parannoul</string>
			<key>Sort Name</key><string>Arrival</string>
			<key>Persistent ID</key><string>80E337285599E1E7</string>
			<key>Track Type</key><string>Remote</string>
			<key>Apple Music</key><true/>
		</dict>
		<key>12191</key>
		<dict>
			<key>Track ID</key><integer>12191</integer>
			<key>Name</key><string>Dollar Days</string>
			<key>Artist</key><string>David Bowie</string>
			<key>Album Artist</key><string>David Bowie</string>
			<key>Composer</key><string>David Bowie</string>
			<key>Album</key><string>Blackstar</string>
			<key>Genre</key><string>Music</string>
			<key>Kind</key><string>Apple Music AAC audio file</string>
			<key>Size</key><integer>10305904</integer>
			<key>Total Time</key><integer>284813</integer>
			<key>Disc Number</key><integer>1</integer>
			<key>Disc Count</key><integer>1</integer>
			<key>Track Number</key><integer>6</integer>
			<key>Track Count</key><integer>7</integer>
			<key>Year</key><integer>2016</integer>
			<key>Date Modified</key><date>2023-09-26T04:08:59Z</date>
			<key>Date Added</key><date>2023-09-26T04:08:59Z</date>
			<key>Bit Rate</key><integer>256</integer>
			<key>Sample Rate</key><integer>44100</integer>
			<key>Play Count</key><integer>2</integer>
			<key>Play Date</key><integer>3822477936</integer>
			<key>Play Date UTC</key><date>2025-02-15T22:25:36Z</date>
			<key>Release Date</key><date>2016-01-08T12:00:00Z</date>
			<key>Loved</key><true/>
			<key>Artwork Count</key><integer>1</integer>
			<key>Sort Album</key><string>Blackstar</string>
			<key>Sort Artist</key><string>David Bowie</string>
			<key>Sort Name</key><string>Dollar Days</string>
			<key>Persistent ID</key><string>88504530716F043B</string>
			<key>Track Type</key><string>Remote</string>
			<key>Apple Music</key><true/>
		</dict>
		<key>12219</key>
		<dict>
			<key>Track ID</key><integer>12219</integer>
			<key>Name</key><string>STUNTMAN (feat. Vince Staples)</string>
			<key>Artist</key><string>Tyler, The Creator</string>
			<key>Album Artist</key><string>Tyler, The Creator</string>
			<key>Composer</key><string>Vince Staples &#38; Tyler Okonma</string>
			<key>Album</key><string>CALL ME IF YOU GET LOST: The Estate Sale</string>
			<key>Genre</key><string>Music</string>
			<key>Kind</key><string>Apple Music AAC audio file</string>
			<key>Size</key><integer>7233432</integer>
			<key>Total Time</key><integer>199742</integer>
			<key>Disc Number</key><integer>1</integer>
			<key>Disc Count</key><integer>1</integer>
			<key>Track Number</key><integer>18</integer>
			<key>Track Count</key><integer>24</integer>
			<key>Year</key><integer>2023</integer>
			<key>Date Modified</key><date>2023-09-26T04:08:59Z</date>
			<key>Date Added</key><date>2023-09-26T04:08:59Z</date>
			<key>Bit Rate</key><integer>256</integer>
			<key>Sample Rate</key><integer>44100</integer>
			<key>Play Count</key><integer>3</integer>
			<key>Play Date</key><integer>3824905319</integer>
			<key>Play Date UTC</key><date>2025-03-15T23:41:59Z</date>
			<key>Skip Count</key><integer>2</integer>
			<key>Skip Date</key><date>2025-01-08T21:40:42Z</date>
			<key>Release Date</key><date>2023-03-31T07:00:00Z</date>
			<key>Loved</key><true/>
			<key>Artwork Count</key><integer>1</integer>
			<key>Sort Album</key><string>CALL ME IF YOU GET LOST: The Estate Sale</string>
			<key>Sort Artist</key><string>Tyler, The Creator</string>
			<key>Sort Name</key><string>STUNTMAN (feat. Vince Staples)</string>
			<key>Persistent ID</key><string>B6682A0D4891D176</string>
			<key>Explicit</key><true/>
			<key>Track Type</key><string>Remote</string>
			<key>Apple Music</key><true/>
		</dict>
		<key>12231</key>
		<dict>
			<key>Track ID</key><integer>12231</integer>
			<key>Name</key><string>Sue (Or In A Season Of Crime)</string>
			<key>Artist</key><string>David Bowie</string>
			<key>Album Artist</key><string>David Bowie</string>
			<key>Composer</key><string>Bob Bhamra, David Bowie, Maria Schneider &#38; Paul Bateman</string>
			<key>Album</key><string>Blackstar</string>
			<key>Genre</key><string>Music</string>
			<key>Kind</key><string>Apple Music AAC audio file</string>
			<key>Size</key><integer>10641038</integer>
			<key>Total Time</key><integer>280373</integer>
			<key>Disc Number</key><integer>1</integer>
			<key>Disc Count</key><integer>1</integer>
			<key>Track Number</key><integer>4</integer>
			<key>Track Count</key><integer>7</integer>
			<key>Year</key><integer>2016</integer>
			<key>Date Modified</key><date>2023-09-26T04:08:59Z</date>
			<key>Date Added</key><date>2023-09-26T04:08:59Z</date>
			<key>Bit Rate</key><integer>256</integer>
			<key>Sample Rate</key><integer>44100</integer>
			<key>Play Count</key><integer>2</integer>
			<key>Play Date</key><integer>3822477360</integer>
			<key>Play Date UTC</key><date>2025-02-15T22:16:00Z</date>
			<key>Release Date</key><date>2016-01-08T12:00:00Z</date>
			<key>Loved</key><true/>
			<key>Artwork Count</key><integer>1</integer>
			<key>Sort Album</key><string>Blackstar</string>
			<key>Sort Artist</key><string>David Bowie</string>
			<key>Sort Name</key><string>Sue (Or In A Season Of Crime)</string>
			<key>Persistent ID</key><string>0697441487918F22</string>
			<key>Track Type</key><string>Remote</string>
			<key>Apple Music</key><true/>
		</dict>
		<key>12241</key>
		<dict>
			<key>Track ID</key><integer>12241</integer>
			<key>Name</key><string>The Universal</string>
			<key>Artist</key><string>Blur</string>
			<key>Album Artist</key><string>Blur</string>
			<key>Composer</key><string>Alex James, Damon Albarn, Dave Rowntree &#38; Graham Coxon</string>
			<key>Album</key><string>The Great Escape</string>
			<key>Genre</key><string>Music</string>
			<key>Kind</key><string>Apple Music AAC audio file</string>
			<key>Size</key><integer>9420870</integer>
			<key>Total Time</key><integer>238520</integer>
			<key>Disc Number</key><integer>1</integer>
			<key>Disc Count</key><integer>1</integer>
			<key>Track Number</key><integer>7</integer>
			<key>Track Count</key><integer>15</integer>
			<key>Year</key><integer>1995</integer>
			<key>Date Modified</key><date>2023-09-26T04:08:59Z</date>
			<key>Date Added</key><date>2023-09-26T04:08:59Z</date>
			<key>Bit Rate</key><integer>256</integer>
			<key>Sample Rate</key><integer>44100</integer>
			<key>Play Count</key><integer>6</integer>
			<key>Play Date</key><integer>3822480445</integer>
			<key>Play Date UTC</key><date>2025-02-15T23:07:25Z</date>
			<key>Release Date</key><date>1995-09-11T12:00:00Z</date>
			<key>Loved</key><true/>
			<key>Artwork Count</key><integer>1</integer>
			<key>Sort Album</key><string>Great Escape</string>
			<key>Sort Artist</key><string>Blur</string>
			<key>Sort Name</key><string>Universal</string>
			<key>Persistent ID</key><string>9C3B4AF02D6C6C79</string>
			<key>Track Type</key><string>Remote</string>
			<key>Apple Music</key><true/>
		</dict>
		<key>12243</key>
		<dict>
			<key>Track ID</key><integer>12243</integer>
			<key>Name</key><string>Lazarus</string>
			<key>Artist</key><string>David Bowie</string>
			<key>Album Artist</key><string>David Bowie</string>
			<key>Composer</key><string>David Bowie</string>
			<key>Album</key><string>Blackstar</string>
			<key>Genre</key><string>Music</string>
			<key>Kind</key><string>Apple Music AAC audio file</string>
			<key>Size</key><integer>13967196</integer>
			<key>Total Time</key><integer>384453</integer>
			<key>Disc Number</key><integer>1</integer>
			<key>Disc Count</key><integer>1</integer>
			<key>Track Number</key><integer>3</integer>
			<key>Track Count</key><integer>7</integer>
			<key>Year</key><integer>2015</integer>
			<key>Date Modified</key><date>2023-09-26T04:08:59Z</date>
			<key>Date Added</key><date>2023-09-26T04:08:59Z</date>
			<key>Bit Rate</key><integer>256</integer>
			<key>Sample Rate</key><integer>44100</integer>
			<key>Play Count</key><integer>2</integer>
			<key>Play Date</key><integer>3822477079</integer>
			<key>Play Date UTC</key><date>2025-02-15T22:11:19Z</date>
			<key>Release Date</key><date>2015-12-17T12:00:00Z</date>
			<key>Loved</key><true/>
			<key>Artwork Count</key><integer>1</integer>
			<key>Sort Album</key><string>Blackstar</string>
			<key>Sort Artist</key><string>David Bowie</string>
			<key>Sort Name</key><string>Lazarus</string>
			<key>Persistent ID</key><string>F2DA10206BD0A746</string>
			<key>Track Type</key><string>Remote</string>
			<key>Apple Music</key><true/>
		</dict>
		<key>12247</key>
		<dict>
			<key>Track ID</key><integer>12247</integer>
			<key>Name</key><string>'Tis A Pity She Was A Whore</string>
			<key>Artist</key><string>David Bowie</string>
			<key>Album Artist</key><string>David Bowie</string>
			<key>Composer</key><string>David Bowie</string>
			<key>Album</key><string>Blackstar</string>
			<key>Genre</key><string>Music</string>
			<key>Kind</key><string>Apple Music AAC audio file</string>
			<key>Size</key><integer>11025163</integer>
			<key>Total Time</key><integer>292627</integer>
			<key>Disc Number</key><integer>1</integer>
			<key>Disc Count</key><integer>1</integer>
			<key>Track Number</key><integer>2</integer>
			<key>Track Count</key><integer>7</integer>
			<key>Year</key><integer>2016</integer>
			<key>Date Modified</key><date>2023-09-26T04:08:59Z</date>
			<key>Date Added</key><date>2023-09-26T04:08:59Z</date>
			<key>Bit Rate</key><integer>256</integer>
			<key>Sample Rate</key><integer>44100</integer>
			<key>Play Count</key><integer>2</integer>
			<key>Play Date</key><integer>3822476695</integer>
			<key>Play Date UTC</key><date>2025-02-15T22:04:55Z</date>
			<key>Release Date</key><date>2016-01-08T12:00:00Z</date>
			<key>Loved</key><true/>
			<key>Artwork Count</key><integer>1</integer>
			<key>Sort Album</key><string>Blackstar</string>
			<key>Sort Artist</key><string>David Bowie</string>
			<key>Sort Name</key><string>'Tis A Pity She Was A Whore</string>
			<key>Persistent ID</key><string>3CD2D62539AF3602</string>
			<key>Explicit</key><true/>
			<key>Track Type</key><string>Remote</string>
			<key>Apple Music</key><true/>
		</dict>
		<key>12277</key>
		<dict>
			<key>Track ID</key><integer>12277</integer>
			<key>Name</key><string>Bonny</string>
			<key>Artist</key><string>Prefab Sprout</string>
			<key>Album Artist</key><string>Prefab Sprout</string>
			<key>Composer</key><string>Paddy McAloon</string>
			<key>Album</key><string>Steve McQueen (Legacy Edition)</string>
			<key>Genre</key><string>Music</string>
			<key>Kind</key><string>Apple Music AAC audio file</string>
			<key>Size</key><integer>8558185</integer>
			<key>Total Time</key><integer>226373</integer>
			<key>Disc Number</key><integer>1</integer>
			<key>Disc Count</key><integer>1</integer>
			<key>Track Number</key><integer>2</integer>
			<key>Track Count</key><integer>22</integer>
			<key>Year</key><integer>1985</integer>
			<key>Date Modified</key><date>2023-09-26T04:08:59Z</date>
			<key>Date Added</key><date>2023-09-26T04:08:59Z</date>
			<key>Bit Rate</key><integer>256</integer>
			<key>Sample Rate</key><integer>44100</integer>
			<key>Play Count</key><integer>8</integer>
			<key>Play Date</key><integer>3834496776</integer>
			<key>Play Date UTC</key><date>2025-07-04T23:59:36Z</date>
			<key>Release Date</key><date>1985-06-22T07:00:00Z</date>
			<key>Loved</key><true/>
			<key>Artwork Count</key><integer>1</integer>
			<key>Sort Album</key><string>Steve McQueen (Legacy Edition)</string>
			<key>Sort Artist</key><string>Prefab Sprout</string>
			<key>Sort Name</key><string>Bonny</string>
			<key>Persistent ID</key><string>09A5F69CB14AD3A5</string>
			<key>Track Type</key><string>Remote</string>
			<key>Apple Music</key><true/>
		</dict>
		<key>12287</key>
		<dict>
			<key>Track ID</key><integer>12287</integer>
			<key>Name</key><string>SORRY NOT SORRY</string>
			<key>Artist</key><string>Tyler, The Creator</string>
			<key>Album Artist</key><string>Tyler, The Creator</string>
			<key>Composer</key><string>Tyler Okonma, Lucille S. White &#38; Franchone L. Shells</string>
			<key>Album</key><string>CALL ME IF YOU GET LOST: The Estate Sale</string>
			<key>Genre</key><string>Music</string>
			<key>Kind</key><string>Apple Music AAC audio file</string>
			<key>Size</key><integer>7427599</integer>
			<key>Total Time</key><integer>206050</integer>
			<key>Disc Number</key><integer>1</integer>
			<key>Disc Count</key><integer>1</integer>
			<key>Track Number</key><integer>24</integer>
			<key>Track Count</key><integer>24</integer>
			<key>Year</key><integer>2023</integer>
			<key>Date Modified</key><date>2023-09-26T04:08:59Z</date>
			<key>Date Added</key><date>2023-09-26T04:08:59Z</date>
			<key>Bit Rate</key><integer>256</integer>
			<key>Sample Rate</key><integer>44100</integer>
			<key>Play Count</key><integer>3</integer>
			<key>Play Date</key><integer>3824906195</integer>
			<key>Play Date UTC</key><date>2025-03-15T23:56:35Z</date>
			<key>Release Date</key><date>2023-03-31T07:00:00Z</date>
			<key>Loved</key><true/>
			<key>Artwork Count</key><integer>1</integer>
			<key>Sort Album</key><string>CALL ME IF YOU GET LOST: The Estate Sale</string>
			<key>Sort Artist</key><string>Tyler, The Creator</string>
			<key>Sort Name</key><string>SORRY NOT SORRY</string>
			<key>Persistent ID</key><string>298CB906C881549E</string>
			<key>Explicit</key><true/>
			<key>Track Type</key><string>Remote</string>
			<key>Apple Music</key><true/>
		</dict>
		<key>12321</key>
		<dict>
			<key>Track ID</key><integer>12321</integer>
			<key>Name</key><string>untitled 03 l 05.28.2013.</string>
			<key>Artist</key><string>Kendrick Lamar</string>
			<key>Album Artist</key><string>Kendrick Lamar</string>
			<key>Composer</key><string>Kendrick Lamar</string>
			<key>Album</key><string>untitled unmastered.</string>
			<key>Genre</key><string>Music</string>
			<key>Kind</key><string>Apple Music AAC audio file</string>
			<key>Size</key><integer>5538069</integer>
			<key>Total Time</key><integer>154347</integer>
			<key>Disc Number</key><integer>1</integer>
			<key>Disc Count</key><integer>1</integer>
			<key>Track Number</key><integer>3</integer>
			<key>Track Count</key><integer>8</integer>
			<key>Year</key><integer>2016</integer>
			<key>Date Modified</key><date>2023-09-26T04:08:59Z</date>
			<key>Date Added</key><date>2023-09-26T04:08:59Z</date>
			<key>Bit Rate</key><integer>256</integer>
			<key>Sample Rate</key><integer>44100</integer>
			<key>Play Count</key><integer>9</integer>
			<key>Play Date</key><integer>3822489189</integer>
			<key>Play Date UTC</key><date>2025-02-16T01:33:09Z</date>
			<key>Skip Count</key><integer>1</integer>
			<key>Skip Date</key><date>2025-02-26T05:19:17Z</date>
			<key>Release Date</key><date>2016-03-04T12:00:00Z</date>
			<key>Loved</key><true/>
			<key>Artwork Count</key><integer>1</integer>
			<key>Sort Album</key><string>untitled unmastered.</string>
			<key>Sort Artist</key><string>Kendrick Lamar</string>
			<key>Sort Name</key><string>untitled 03 l 05.28.2013.</string>
			<key>Persistent ID</key><string>49682BE97800E877</string>
			<key>Explicit</key><true/>
			<key>Track Type</key><string>Remote</string>
			<key>Apple Music</key><true/>
		</dict>
		<key>12335</key>
		<dict>
			<key>Track ID</key><integer>12335</integer>
			<key>Name</key><string>Pain (Remastered)</string>
			<key>Artist</key><string>Boy Harsher</string>
			<key>Album Artist</key><string>Boy Harsher</string>
			<key>Composer</key><string>Augustus Muller</string>
			<key>Album</key><string>Lesser Man (Extended Version)</string>
			<key>Genre</key><string>Music</string>
			<key>Kind</key><string>Apple Music AAC audio file</string>
			<key>Size</key><integer>15187040</integer>
			<key>Total Time</key><integer>437902</integer>
			<key>Disc Number</key><integer>1</integer>
			<key>Disc Count</key><integer>1</integer>
			<key>Track Number</key><integer>3</integer>
			<key>Track Count</key><integer>9</integer>
			<key>Year</key><integer>2017</integer>
			<key>Date Modified</key><date>2023-09-26T04:08:59Z</date>
			<key>Date Added</key><date>2023-09-26T04:08:59Z</date>
			<key>Bit Rate</key><integer>256</integer>
			<key>Sample Rate</key><integer>44100</integer>
			<key>Part Of Gapless Album</key><true/>
			<key>Play Count</key><integer>3</integer>
			<key>Play Date</key><integer>3781090461</integer>
			<key>Play Date UTC</key><date>2023-10-25T20:54:21Z</date>
			<key>Release Date</key><date>2017-11-24T12:00:00Z</date>
			<key>Loved</key><true/>
			<key>Artwork Count</key><integer>1</integer>
			<key>Sort Album</key><string>Lesser Man (Extended Version)</string>
			<key>Sort Artist</key><string>Boy Harsher</string>
			<key>Sort Name</key><string>Pain (Remastered)</string>
			<key>Persistent ID</key><string>F1B99E63858B06B6</string>
			<key>Track Type</key><string>Remote</string>
			<key>Apple Music</key><true/>
		</dict>
		<key>12341</key>
		<dict>
			<key>Track ID</key><integer>12341</integer>
			<key>Name</key><string>Falling Down</string>
			<key>Artist</key><string>Tears for Fears</string>
			<key>Album Artist</key><string>Tears for Fears</string>
			<key>Composer</key><string>Roland Orzabal</string>
			<key>Album</key><string>Raoul and the Kings of Spain</string>
			<key>Genre</key><string>Music</string>
			<key>Kind</key><string>Apple Music AAC audio file</string>
			<key>Size</key><integer>10380275</integer>
			<key>Total Time</key><integer>295960</integer>
			<key>Disc Number</key><integer>1</integer>
			<key>Disc Count</key><integer>1</integer>
			<key>Track Number</key><integer>2</integer>
			<key>Track Count</key><integer>20</integer>
			<key>Year</key><integer>1995</integer>
			<key>Date Modified</key><date>2023-09-26T04:08:59Z</date>
			<key>Date Added</key><date>2023-09-26T04:08:59Z</date>
			<key>Bit Rate</key><integer>256</integer>
			<key>Sample Rate</key><integer>44100</integer>
			<key>Play Count</key><integer>7</integer>
			<key>Play Date</key><integer>3826623572</integer>
			<key>Play Date UTC</key><date>2025-04-04T20:59:32Z</date>
			<key>Skip Count</key><integer>1</integer>
			<key>Skip Date</key><date>2023-11-26T01:33:16Z</date>
			<key>Release Date</key><date>1995-10-04T12:00:00Z</date>
			<key>Loved</key><true/>
			<key>Artwork Count</key><integer>1</integer>
			<key>Sort Album</key><string>Raoul and the Kings of Spain (Expanded Edition)</string>
			<key>Sort Artist</key><string>Tears for Fears</string>
			<key>Sort Name</key><string>Falling Down</string>
			<key>Persistent ID</key><string>6CCE86CAB96AEB68</string>
			<key>Track Type</key><string>Remote</string>
			<key>Apple Music</key><true/>
		</dict>
		<key>12353</key>
		<dict>
			<key>Track ID</key><integer>12353</integer>
			<key>Name</key><string>Power Trip (feat. Miguel)</string>
			<key>Artist</key><string>J. Cole</string>
			<key>Album Artist</key><string>J. Cole</string>
			<key>Composer</key><string>J. Cole &#38; Hubert Laws</string>
			<key>Album</key><string>Born Sinner (Deluxe Version)</string>
			<key>Genre</key><string>Music</string>
			<key>Kind</key><string>Apple Music AAC audio file</string>
			<key>Size</key><integer>8560781</integer>
			<key>Total Time</key><integer>241160</integer>
			<key>Disc Number</key><integer>1</integer>
			<key>Disc Count</key><integer>1</integer>
			<key>Track Number</key><integer>4</integer>
			<key>Track Count</key><integer>21</integer>
			<key>Year</key><integer>2013</integer>
			<key>Date Modified</key><date>2023-09-26T04:08:59Z</date>
			<key>Date Added</key><date>2023-09-26T04:08:59Z</date>
			<key>Bit Rate</key><integer>256</integer>
			<key>Sample Rate</key><integer>44100</integer>
			<key>Play Count</key><integer>3</integer>
			<key>Play Date</key><integer>3795443537</integer>
			<key>Play Date UTC</key><date>2024-04-08T23:52:17Z</date>
			<key>Release Date</key><date>2013-02-14T12:00:00Z</date>
			<key>Loved</key><true/>
			<key>Artwork Count</key><integer>1</integer>
			<key>Sort Album</key><string>Born Sinner (Deluxe Version)</string>
			<key>Sort Artist</key><string>J. Cole</string>
			<key>Sort Name</key><string>Power Trip (feat. Miguel)</string>
			<key>Persistent ID</key><string>9D843C90BC24869F</string>
			<key>Explicit</key><true/>
			<key>Track Type</key><string>Remote</string>
			<key>Apple Music</key><true/>
		</dict>
		<key>12369</key>
		<dict>
			<key>Track ID</key><integer>12369</integer>
			<key>Name</key><string>New Generation (2012 Remastered)</string>
			<key>Artist</key><string>Akina Nakamori</string>
			<key>Album Artist</key><string>Akina Nakamori</string>
			<key>Composer</key><string>Eurox</string>
			<key>Album</key><string>Fushigi (2012 Remaster)</string>
			<key>Genre</key><string>Music</string>
			<key>Kind</key><string>Apple Music AAC audio file</string>
			<key>Size</key><integer>8419635</integer>
			<key>Total Time</key><integer>239480</integer>
			<key>Disc Number</key><integer>1</integer>
			<key>Disc Count</key><integer>1</integer>
			<key>Track Number</key><integer>2</integer>
			<key>Track Count</key><integer>10</integer>
			<key>Year</key><integer>1986</integer>
			<key>Date Modified</key><date>2023-09-26T04:08:59Z</date>
			<key>Date Added</key><date>2023-09-26T04:08:59Z</date>
			<key>Bit Rate</key><integer>256</integer>
			<key>Sample Rate</key><integer>44100</integer>
			<key>Play Count</key><integer>2</integer>
			<key>Play Date</key><integer>3780892825</integer>
			<key>Play Date UTC</key><date>2023-10-23T14:00:25Z</date>
			<key>Release Date</key><date>1986-08-11T12:00:00Z</date>
			<key>Loved</key><true/>
			<key>Artwork Count</key><integer>1</integer>
			<key>Sort Album</key><string>Fushigi (2012 Remaster)</string>
			<key>Sort Artist</key><string>Akina Nakamori</string>
			<key>Sort Name</key><string>New Generation (2012 Remastered)</string>
			<key>Persistent ID</key><string>25E6FD1E64D447E5</string>
			<key>Track Type</key><string>Remote</string>
			<key>Apple Music</key><true/>
		</dict>
		<key>12381</key>
		<dict>
			<key>Track ID</key><integer>12381</integer>
			<key>Name</key><string>Glass World</string>
			<key>Artist</key><string>Citizen</string>
			<key>Album Artist</key><string>Citizen</string>
			<key>Composer</key><string>Citizen</string>
			<key>Album</key><string>Life In Your Glass World</string>
			<key>Genre</key><string>Music</string>
			<key>Kind</key><string>Apple Music AAC audio file</string>
			<key>Size</key><integer>7498247</integer>
			<key>Total Time</key><integer>204973</integer>
			<key>Disc Number</key><integer>1</integer>
			<key>Disc Count</key><integer>1</integer>
			<key>Track Number</key><integer>9</integer>
			<key>Track Count</key><integer>11</integer>
			<key>Year</key><integer>2021</integer>
			<key>Date Modified</key><date>2023-09-26T04:08:59Z</date>
			<key>Date Added</key><date>2023-09-26T04:08:59Z</date>
			<key>Bit Rate</key><integer>256</integer>
			<key>Sample Rate</key><integer>44100</integer>
			<key>Comments</key><string>Blue</string>
			<key>Play Count</key><integer>2</integer>
			<key>Play Date</key><integer>3817638989</integer>
			<key>Play Date UTC</key><date>2024-12-21T22:16:29Z</date>
			<key>Skip Count</key><integer>1</integer>
			<key>Skip Date</key><date>2025-06-12T17:47:30Z</date>
			<key>Release Date</key><date>2021-03-26T12:00:00Z</date>
			<key>Loved</key><true/>
			<key>Artwork Count</key><integer>1</integer>
			<key>Sort Album</key><string>Life In Your Glass World</string>
			<key>Sort Artist</key><string>Citizen</string>
			<key>Sort Name</key><string>Glass World</string>
			<key>Persistent ID</key><string>CED9FE0F7C085D2A</string>
			<key>Track Type</key><string>Remote</string>
			<key>Apple Music</key><true/>
		</dict>
		<key>12409</key>
		<dict>
			<key>Track ID</key><integer>12409</integer>
			<key>Name</key><string>HEAVEN TO ME</string>
			<key>Artist</key><string>Tyler, The Creator</string>
			<key>Album Artist</key><string>Tyler, The Creator</string>
			<key>Composer</key><string>Tyler Okonma, John Stephens, Kanye West, Alexandra Louise Brown, Milton Bland, Vaughn Stephens &#38; Jessyca Wilson</string>
			<key>Album</key><string>CALL ME IF YOU GET LOST: The Estate Sale</string>
			<key>Genre</key><string>Music</string>
			<key>Kind</key><string>Apple Music AAC audio file</string>
			<key>Size</key><integer>8281486</integer>
			<key>Total Time</key><integer>230554</integer>
			<key>Disc Number</key><integer>1</integer>
			<key>Disc Count</key><integer>1</integer>
			<key>Track Number</key><integer>22</integer>
			<key>Track Count</key><integer>24</integer>
			<key>Year</key><integer>2023</integer>
			<key>Date Modified</key><date>2023-09-26T04:08:59Z</date>
			<key>Date Added</key><date>2023-09-26T04:08:59Z</date>
			<key>Bit Rate</key><integer>256</integer>
			<key>Sample Rate</key><integer>44100</integer>
			<key>Play Count</key><integer>3</integer>
			<key>Play Date</key><integer>3824905988</integer>
			<key>Play Date UTC</key><date>2025-03-15T23:53:08Z</date>
			<key>Release Date</key><date>2023-03-31T07:00:00Z</date>
			<key>Loved</key><true/>
			<key>Artwork Count</key><integer>1</integer>
			<key>Sort Album</key><string>CALL ME IF YOU GET LOST: The Estate Sale</string>
			<key>Sort Artist</key><string>Tyler, The Creator</string>
			<key>Sort Name</key><string>HEAVEN TO ME</string>
			<key>Persistent ID</key><string>8CAB5D8CDD7F311D</string>
			<key>Explicit</key><true/>
			<key>Track Type</key><string>Remote</string>
			<key>Apple Music</key><true/>
		</dict>
		<key>12473</key>
		<dict>
			<key>Track ID</key><integer>12473</integer>
			<key>Name</key><string>Oklahoman Son</string>
			<key>Artist</key><string>Zach Bryan</string>
			<key>Album Artist</key><string>Zach Bryan</string>
			<key>Composer</key><string>Zach Bryan</string>
			<key>Album</key><string>Zach Bryan</string>
			<key>Genre</key><string>Music</string>
			<key>Kind</key><string>Apple Music AAC audio file</string>
			<key>Size</key><integer>8864014</integer>
			<key>Total Time</key><integer>249453</integer>
			<key>Disc Number</key><integer>1</integer>
			<key>Disc Count</key><integer>1</integer>
			<key>Track Number</key><integer>16</integer>
			<key>Track Count</key><integer>16</integer>
			<key>Year</key><integer>2023</integer>
			<key>Date Modified</key><date>2023-09-26T04:10:44Z</date>
			<key>Date Added</key><date>2023-09-26T04:10:44Z</date>
			<key>Bit Rate</key><integer>256</integer>
			<key>Sample Rate</key><integer>44100</integer>
			<key>Play Count</key><integer>5</integer>
			<key>Play Date</key><integer>3789584624</integer>
			<key>Play Date UTC</key><date>2024-02-01T05:23:44Z</date>
			<key>Release Date</key><date>2023-01-27T12:00:00Z</date>
			<key>Loved</key><true/>
			<key>Artwork Count</key><integer>1</integer>
			<key>Sort Artist</key><string>Zach Bryan</string>
			<key>Sort Name</key><string>Oklahoman Son</string>
			<key>Persistent ID</key><string>12E47CA7C144A4B3</string>
			<key>Track Type</key><string>Remote</string>
			<key>Apple Music</key><true/>
		</dict>
		<key>12481</key>
		<dict>
			<key>Track ID</key><integer>12481</integer>
			<key>Name</key><string>Teenage Dirtbag</string>
			<key>Artist</key><string>Wheatus</string>
			<key>Album Artist</key><string>Wheatus</string>
			<key>Composer</key><string>Brendan Brown</string>
			<key>Album</key><string>Wheatus</string>
			<key>Genre</key><string>Music</string>
			<key>Kind</key><string>Apple Music AAC audio file</string>
			<key>Size</key><integer>9317819</integer>
			<key>Total Time</key><integer>241667</integer>
			<key>Disc Number</key><integer>1</integer>
			<key>Disc Count</key><integer>1</integer>
			<key>Track Number</key><integer>3</integer>
			<key>Track Count</key><integer>10</integer>
			<key>Year</key><integer>2000</integer>
			<key>Date Modified</key><date>2023-09-26T04:10:44Z</date>
			<key>Date Added</key><date>2023-09-26T04:10:44Z</date>
			<key>Bit Rate</key><integer>256</integer>
			<key>Sample Rate</key><integer>44100</integer>
			<key>Play Count</key><integer>4</integer>
			<key>Play Date</key><integer>3817626311</integer>
			<key>Play Date UTC</key><date>2024-12-21T18:45:11Z</date>
			<key>Release Date</key><date>2000-06-20T07:00:00Z</date>
			<key>Loved</key><true/>
			<key>Artwork Count</key><integer>1</integer>
			<key>Sort Album</key><string>Wheatus</string>
			<key>Sort Artist</key><string>Wheatus</string>
			<key>Sort Name</key><string>Teenage Dirtbag</string>
			<key>Persistent ID</key><string>7220F1550CC26ABF</string>
			<key>Track Type</key><string>Remote</string>
			<key>Apple Music</key><true/>
		</dict>
		<key>12483</key>
		<dict>
			<key>Track ID</key><integer>12483</integer>
			<key>Name</key><string>Wasurerarenaino</string>
			<key>Artist</key><string>sakanaction</string>
			<key>Album Artist</key><string>sakanaction</string>
			<key>Composer</key><string>Yamaguchi Ichiro</string>
			<key>Album</key><string>834.194</string>
			<key>Genre</key><string>Music</string>
			<key>Kind</key><string>Apple Music AAC audio file</string>
			<key>Size</key><integer>8746723</integer>
			<key>Total Time</key><integer>238000</integer>
			<key>Disc Number</key><integer>1</integer>
			<key>Disc Count</key><integer>2</integer>
			<key>Track Number</key><integer>1</integer>
			<key>Track Count</key><integer>9</integer>
			<key>Year</key><integer>2019</integer>
			<key>Date Modified</key><date>2023-09-26T04:10:44Z</date>
			<key>Date Added</key><date>2023-09-26T04:10:44Z</date>
			<key>Bit Rate</key><integer>256</integer>
			<key>Sample Rate</key><integer>44100</integer>
			<key>Play Count</key><integer>3</integer>
			<key>Play Date</key><integer>3783859955</integer>
			<key>Play Date UTC</key><date>2023-11-26T23:12:35Z</date>
			<key>Skip Count</key><integer>1</integer>
			<key>Skip Date</key><date>2024-05-02T04:37:23Z</date>
			<key>Release Date</key><date>2019-06-19T12:00:00Z</date>
			<key>Loved</key><true/>
			<key>Artwork Count</key><integer>1</integer>
			<key>Sort Album</key><string>834.194</string>
			<key>Sort Artist</key><string>sakanaction</string>
			<key>Sort Name</key><string>Wasurerarenaino</string>
			<key>Persistent ID</key><string>3B2EA29A19D4D8B7</string>
			<key>Track Type</key><string>Remote</string>
			<key>Apple Music</key><true/>
		</dict>
		<key>12489</key>
		<dict>
			<key>Track ID</key><integer>12489</integer>
			<key>Name</key><string>Genesis</string>
			<key>Artist</key><string>Grimes</string>
			<key>Album Artist</key><string>Grimes</string>
			<key>Composer</key><string>Grimes</string>
			<key>Album</key><string>Visions</string>
			<key>Genre</key><string>Music</string>
			<key>Kind</key><string>Apple Music AAC audio file</string>
			<key>Size</key><integer>9022070</integer>
			<key>Total Time</key><integer>255320</integer>
			<key>Disc Number</key><integer>1</integer>
			<key>Disc Count</key><integer>1</integer>
			<key>Track Number</key><integer>2</integer>
			<key>Track Count</key><integer>14</integer>
			<key>Year</key><integer>2012</integer>
			<key>Date Modified</key><date>2023-09-26T04:10:44Z</date>
			<key>Date Added</key><date>2023-09-26T04:10:44Z</date>
			<key>Bit Rate</key><integer>256</integer>
			<key>Sample Rate</key><integer>44100</integer>
			<key>Play Count</key><integer>5</integer>
			<key>Play Date</key><integer>3783762105</integer>
			<key>Play Date UTC</key><date>2023-11-25T20:01:45Z</date>
			<key>Release Date</key><date>2012-01-09T08:00:00Z</date>
			<key>Loved</key><true/>
			<key>Artwork Count</key><integer>1</integer>
			<key>Sort Album</key><string>Visions</string>
			<key>Sort Artist</key><string>Grimes</string>
			<key>Sort Name</key><string>Genesis</string>
			<key>Persistent ID</key><string>6C7276918C7CF18E</string>
			<key>Track Type</key><string>Remote</string>
			<key>Apple Music</key><true/>
		</dict>
		<key>12499</key>
		<dict>
			<key>Track ID</key><integer>12499</integer>
			<key>Name</key><string>I Got 5 On It (feat. Michael Marshall)</string>
			<key>Artist</key><string>Luniz</string>
			<key>Album Artist</key><string>Luniz</string>
			<key>Composer</key><string>Garrick Husbands, Jerold P. Ellis Jr., Donald Boyce, Richard Westfield, Dennis Thomas, George Brown, Thomas McElroy, Denzil Foster, Jay King, Ronald Bell, Robert Mickens, Anthony Gilmour, Claydes Smith &#38; Robert Bell</string>
			<key>Album</key><string>Operation Stackola</string>
			<key>Genre</key><string>Music</string>
			<key>Kind</key><string>Apple Music AAC audio file</string>
			<key>Size</key><integer>9015262</integer>
			<key>Total Time</key><integer>253533</integer>
			<key>Disc Number</key><integer>1</integer>
			<key>Disc Count</key><integer>1</integer>
			<key>Track Number</key><integer>3</integer>
			<key>Track Count</key><integer>16</integer>
			<key>Year</key><integer>1995</integer>
			<key>Date Modified</key><date>2023-09-26T04:10:44Z</date>
			<key>Date Added</key><date>2023-09-26T04:10:44Z</date>
			<key>Bit Rate</key><integer>256</integer>
			<key>Sample Rate</key><integer>44100</integer>
			<key>Play Count</key><integer>2</integer>
			<key>Play Date</key><integer>3795867565</integer>
			<key>Play Date UTC</key><date>2024-04-13T21:39:25Z</date>
			<key>Release Date</key><date>1995-05-23T07:00:00Z</date>
			<key>Loved</key><true/>
			<key>Artwork Count</key><integer>1</integer>
			<key>Sort Album</key><string>Operation Stackola</string>
			<key>Sort Artist</key><string>Luniz</string>
			<key>Sort Name</key><string>I Got 5 On It (feat. Michael Marshall)</string>
			<key>Persistent ID</key><string>24DD73FB1B6D8845</string>
			<key>Track Type</key><string>Remote</string>
			<key>Apple Music</key><true/>
		</dict>
		<key>12529</key>
		<dict>
			<key>Track ID</key><integer>12529</integer>
			<key>Name</key><string>Not Allowed</string>
			<key>Artist</key><string>TV Girl</string>
			<key>Album Artist</key><string>TV Girl</string>
			<key>Composer</key><string>Bradley Robert Petering, Jane Guskin, Cammie Toloui, Kate Razo &#38; Joyce Jimenez</string>
			<key>Album</key><string>Who Really Cares</string>
			<key>Genre</key><string>Music</string>
			<key>Kind</key><string>Apple Music AAC audio file</string>
			<key>Size</key><integer>6128124</integer>
			<key>Total Time</key><integer>167864</integer>
			<key>Disc Number</key><integer>1</integer>
			<key>Disc Count</key><integer>1</integer>
			<key>Track Number</key><integer>5</integer>
			<key>Track Count</key><integer>10</integer>
			<key>Year</key><integer>2016</integer>
			<key>Date Modified</key><date>2023-09-26T04:10:44Z</date>
			<key>Date Added</key><date>2023-09-26T04:10:44Z</date>
			<key>Bit Rate</key><integer>256</integer>
			<key>Sample Rate</key><integer>44100</integer>
			<key>Play Count</key><integer>2</integer>
			<key>Play Date</key><integer>3781065783</integer>
			<key>Play Date UTC</key><date>2023-10-25T14:03:03Z</date>
			<key>Release Date</key><date>2016-02-26T08:00:00Z</date>
			<key>Loved</key><true/>
			<key>Artwork Count</key><integer>1</integer>
			<key>Sort Album</key><string>Who Really Cares</string>
			<key>Sort Artist</key><string>TV Girl</string>
			<key>Sort Name</key><string>Not Allowed</string>
			<key>Persistent ID</key><string>E6120017E9921AD5</string>
			<key>Explicit</key><true/>
			<key>Track Type</key><string>Remote</string>
			<key>Apple Music</key><true/>
		</dict>
		<key>12535</key>
		<dict>
			<key>Track ID</key><integer>12535</integer>
			<key>Name</key><string>WHAT A DAY</string>
			<key>Artist</key><string>Tyler, The Creator</string>
			<key>Album Artist</key><string>Tyler, The Creator</string>
			<key>Composer</key><string>Tyler Okonma, Otis Jackson Jr. &#38; Michał Urbaniak</string>
			<key>Album</key><string>CALL ME IF YOU GET LOST: The Estate Sale</string>
			<key>Genre</key><string>Music</string>
			<key>Kind</key><string>Apple Music AAC audio file</string>
			<key>Size</key><integer>7845794</integer>
			<key>Total Time</key><integer>216884</integer>
			<key>Disc Number</key><integer>1</integer>
			<key>Disc Count</key><integer>1</integer>
			<key>Track Number</key><integer>19</integer>
			<key>Track Count</key><integer>24</integer>
			<key>Year</key><integer>2023</integer>
			<key>Date Modified</key><date>2023-09-26T04:10:44Z</date>
			<key>Date Added</key><date>2023-09-26T04:10:44Z</date>
			<key>Bit Rate</key><integer>256</integer>
			<key>Sample Rate</key><integer>44100</integer>
			<key>Play Count</key><integer>4</integer>
			<key>Play Date</key><integer>3824905536</integer>
			<key>Play Date UTC</key><date>2025-03-15T23:45:36Z</date>
			<key>Release Date</key><date>2023-03-31T07:00:00Z</date>
			<key>Loved</key><true/>
			<key>Artwork Count</key><integer>1</integer>
			<key>Sort Album</key><string>CALL ME IF YOU GET LOST: The Estate Sale</string>
			<key>Sort Artist</key><string>Tyler, The Creator</string>
			<key>Sort Name</key><string>WHAT A DAY</string>
			<key>Persistent ID</key><string>4FBE110B46E03DCA</string>
			<key>Explicit</key><true/>
			<key>Track Type</key><string>Remote</string>
			<key>Apple Music</key><true/>
		</dict>
		<key>12553</key>
		<dict>
			<key>Track ID</key><integer>12553</integer>
			<key>Name</key><string>Glass, Concrete and Stone</string>
			<key>Artist</key><string>David Byrne</string>
			<key>Album Artist</key><string>David Byrne</string>
			<key>Composer</key><string>David Byrne</string>
			<key>Album</key><string>Grown Backwards</string>
			<key>Genre</key><string>Music</string>
			<key>Kind</key><string>Apple Music AAC audio file</string>
			<key>Size</key><integer>9148240</integer>
			<key>Total Time</key><integer>253600</integer>
			<key>Disc Number</key><integer>1</integer>
			<key>Disc Count</key><integer>1</integer>
			<key>Track Number</key><integer>1</integer>
			<key>Track Count</key><integer>15</integer>
			<key>Year</key><integer>2002</integer>
			<key>Date Modified</key><date>2023-09-26T04:10:44Z</date>
			<key>Date Added</key><date>2023-09-26T04:10:44Z</date>
			<key>Bit Rate</key><integer>256</integer>
			<key>Sample Rate</key><integer>44100</integer>
			<key>Play Count</key><integer>11</integer>
			<key>Play Date</key><integer>3815907737</integer>
			<key>Play Date UTC</key><date>2024-12-01T21:22:17Z</date>
			<key>Release Date</key><date>2002-07-31T12:00:00Z</date>
			<key>Loved</key><true/>
			<key>Artwork Count</key><integer>1</integer>
			<key>Sort Album</key><string>Grown Backwards</string>
			<key>Sort Artist</key><string>David Byrne</string>
			<key>Sort Name</key><string>Glass, Concrete and Stone</string>
			<key>Persistent ID</key><string>C110FF5C130D1241</string>
			<key>Track Type</key><string>Remote</string>
			<key>Apple Music</key><true/>
		</dict>
		<key>12561</key>
		<dict>
			<key>Track ID</key><integer>12561</integer>
			<key>Name</key><string>family ties</string>
			<key>Artist</key><string>Baby Keem &#38; Kendrick Lamar</string>
			<key>Album Artist</key><string>Baby Keem</string>
			<key>Composer</key><string>Kendrick Lamar, Hykeem Carter, Ronald LaTour, Jasper Harris, Tobias Dekker, Roshwita Larisha Bacha, Dominik Patrzek &#38; Colin Franken</string>
			<key>Album</key><string>The Melodic Blue (Deluxe)</string>
			<key>Genre</key><string>Music</string>
			<key>Kind</key><string>Apple Music AAC audio file</string>
			<key>Size</key><integer>8997381</integer>
			<key>Total Time</key><integer>252262</integer>
			<key>Disc Number</key><integer>1</integer>
			<key>Disc Count</key><integer>2</integer>
			<key>Track Number</key><integer>10</integer>
			<key>Track Count</key><integer>16</integer>
			<key>Year</key><integer>2021</integer>
			<key>Date Modified</key><date>2023-09-26T04:10:44Z</date>
			<key>Date Added</key><date>2023-09-26T04:10:44Z</date>
			<key>Bit Rate</key><integer>256</integer>
			<key>Sample Rate</key><integer>44100</integer>
			<key>Play Count</key><integer>1</integer>
			<key>Play Date</key><integer>3780057685</integer>
			<key>Play Date UTC</key><date>2023-10-13T22:01:25Z</date>
			<key>Release Date</key><date>2021-08-27T12:00:00Z</date>
			<key>Loved</key><true/>
			<key>Artwork Count</key><integer>1</integer>
			<key>Sort Album</key><string>Melodic Blue (Deluxe)</string>
			<key>Sort Artist</key><string>Baby Keem &#38; Kendrick Lamar</string>
			<key>Sort Name</key><string>family ties</string>
			<key>Persistent ID</key><string>0E0EA500B914AC78</string>
			<key>Explicit</key><true/>
			<key>Track Type</key><string>Remote</string>
			<key>Apple Music</key><true/>
		</dict>
		<key>12563</key>
		<dict>
			<key>Track ID</key><integer>12563</integer>
			<key>Name</key><string>Overtime</string>
			<key>Artist</key><string>Zach Bryan</string>
			<key>Album Artist</key><string>Zach Bryan</string>
			<key>Composer</key><string>Zach Bryan</string>
			<key>Album</key><string>Zach Bryan</string>
			<key>Genre</key><string>Music</string>
			<key>Kind</key><string>Apple Music AAC audio file</string>
			<key>Size</key><integer>6894230</integer>
			<key>Total Time</key><integer>190947</integer>
			<key>Disc Number</key><integer>1</integer>
			<key>Disc Count</key><integer>1</integer>
			<key>Track Number</key><integer>2</integer>
			<key>Track Count</key><integer>16</integer>
			<key>Year</key><integer>2023</integer>
			<key>Date Modified</key><date>2023-09-26T04:10:44Z</date>
			<key>Date Added</key><date>2023-09-26T04:10:44Z</date>
			<key>Bit Rate</key><integer>256</integer>
			<key>Sample Rate</key><integer>44100</integer>
			<key>Play Count</key><integer>6</integer>
			<key>Play Date</key><integer>3817623245</integer>
			<key>Play Date UTC</key><date>2024-12-21T17:54:05Z</date>
			<key>Release Date</key><date>2023-01-27T12:00:00Z</date>
			<key>Loved</key><true/>
			<key>Artwork Count</key><integer>1</integer>
			<key>Sort Artist</key><string>Zach Bryan</string>
			<key>Sort Name</key><string>Overtime</string>
			<key>Persistent ID</key><string>14362FA11E216C40</string>
			<key>Explicit</key><true/>
			<key>Track Type</key><string>Remote</string>
			<key>Apple Music</key><true/>
		</dict>
		<key>12599</key>
		<dict>
			<key>Track ID</key><integer>12599</integer>
			<key>Name</key><string>What a Hacker's Wii Sounds Like</string>
			<key>Artist</key><string>Acetantina</string>
			<key>Album</key><string>Blank Fashion Mystical</string>
			<key>Genre</key><string>Music</string>
			<key>Kind</key><string>MPEG audio file</string>
			<key>Size</key><integer>3441422</integer>
			<key>Total Time</key><integer>152137</integer>
			<key>Track Number</key><integer>9</integer>
			<key>Year</key><integer>2019</integer>
			<key>Date Modified</key><date>2023-03-12T03:43:06Z</date>
			<key>Date Added</key><date>2023-09-26T14:52:08Z</date>
			<key>Bit Rate</key><integer>160</integer>
			<key>Sample Rate</key><integer>44100</integer>
			<key>Play Count</key><integer>1</integer>
			<key>Play Date</key><integer>3779479800</integer>
			<key>Play Date UTC</key><date>2023-10-07T05:30:00Z</date>
			<key>Loved</key><true/>
			<key>Artwork Count</key><integer>1</integer>
			<key>Persistent ID</key><string>703DEF1146C4FA8C</string>
			<key>Track Type</key><string>Remote</string>
		</dict>
		<key>12643</key>
		<dict>
			<key>Track ID</key><integer>12643</integer>
			<key>Name</key><string>Endless 通路 (with CVLTVRE)</string>
			<key>Artist</key><string>猫 シ Corp.</string>
			<key>Album Artist</key><string>猫 シ Corp.</string>
			<key>Album</key><string>Palm Mall</string>
			<key>Genre</key><string>Music</string>
			<key>Kind</key><string>MPEG audio file</string>
			<key>Size</key><integer>5116805</integer>
			<key>Total Time</key><integer>207203</integer>
			<key>Track Number</key><integer>2</integer>
			<key>Year</key><integer>2014</integer>
			<key>Date Modified</key><date>2023-03-12T03:37:11Z</date>
			<key>Date Added</key><date>2023-09-26T14:52:08Z</date>
			<key>Bit Rate</key><integer>193</integer>
			<key>Sample Rate</key><integer>44100</integer>
			<key>Play Count</key><integer>2</integer>
			<key>Play Date</key><integer>3781155991</integer>
			<key>Play Date UTC</key><date>2023-10-26T15:06:31Z</date>
			<key>Loved</key><true/>
			<key>Artwork Count</key><integer>1</integer>
			<key>Persistent ID</key><string>9216131ACEA144F9</string>
			<key>Track Type</key><string>Remote</string>
		</dict>
		<key>12655</key>
		<dict>
			<key>Track ID</key><integer>12655</integer>
			<key>Name</key><string>Employees Only (with GōsutoMall)</string>
			<key>Artist</key><string>猫 シ Corp.</string>
			<key>Album Artist</key><string>猫 シ Corp.</string>
			<key>Album</key><string>Palm Mall</string>
			<key>Genre</key><string>Music</string>
			<key>Kind</key><string>MPEG audio file</string>
			<key>Size</key><integer>4468843</integer>
			<key>Total Time</key><integer>156760</integer>
			<key>Track Number</key><integer>8</integer>
			<key>Year</key><integer>2014</integer>
			<key>Date Modified</key><date>2023-03-12T03:37:10Z</date>
			<key>Date Added</key><date>2023-09-26T14:52:08Z</date>
			<key>Bit Rate</key><integer>222</integer>
			<key>Sample Rate</key><integer>44100</integer>
			<key>Play Count</key><integer>2</integer>
			<key>Play Date</key><integer>3781156148</integer>
			<key>Play Date UTC</key><date>2023-10-26T15:09:08Z</date>
			<key>Loved</key><true/>
			<key>Artwork Count</key><integer>1</integer>
			<key>Persistent ID</key><string>3BDCDC7A3B554FE5</string>
			<key>Track Type</key><string>Remote</string>
		</dict>
		<key>12697</key>
		<dict>
			<key>Track ID</key><integer>12697</integer>
			<key>Name</key><string>Polar Twilight</string>
			<key>Artist</key><string>Electric Specter 電妖怪</string>
			<key>Album Artist</key><string>Electric Specter 電妖怪</string>
			<key>Album</key><string>Arctic Circuitry</string>
			<key>Genre</key><string>Music</string>
			<key>Kind</key><string>MPEG audio file</string>
			<key>Size</key><integer>3186949</integer>
			<key>Total Time</key><integer>128182</integer>
			<key>Track Number</key><integer>3</integer>
			<key>Year</key><integer>2017</integer>
			<key>Date Modified</key><date>2023-03-30T00:02:15Z</date>
			<key>Date Added</key><date>2023-09-26T14:52:08Z</date>
			<key>Bit Rate</key><integer>193</integer>
			<key>Sample Rate</key><integer>44100</integer>
			<key>Play Count</key><integer>2</integer>
			<key>Play Date</key><integer>3781100080</integer>
			<key>Play Date UTC</key><date>2023-10-25T23:34:40Z</date>
			<key>Loved</key><true/>
			<key>Artwork Count</key><integer>1</integer>
			<key>Persistent ID</key><string>DB0FECFB3D34ED79</string>
			<key>Track Type</key><string>Remote</string>
		</dict>
		<key>12701</key>
		<dict>
			<key>Track ID</key><integer>12701</integer>
			<key>Name</key><string>Mr. Icy Bones</string>
			<key>Artist</key><string>Electric Specter 電妖怪</string>
			<key>Album Artist</key><string>Electric Specter 電妖怪</string>
			<key>Album</key><string>Arctic Circuitry</string>
			<key>Genre</key><string>Music</string>
			<key>Kind</key><string>MPEG audio file</string>
			<key>Size</key><integer>2737257</integer>
			<key>Total Time</key><integer>107807</integer>
			<key>Track Number</key><integer>5</integer>
			<key>Year</key><integer>2017</integer>
			<key>Date Modified</key><date>2023-03-30T00:02:15Z</date>
			<key>Date Added</key><date>2023-09-26T14:52:08Z</date>
			<key>Bit Rate</key><integer>197</integer>
			<key>Sample Rate</key><integer>44100</integer>
			<key>Play Count</key><integer>2</integer>
			<key>Play Date</key><integer>3781100187</integer>
			<key>Play Date UTC</key><date>2023-10-25T23:36:27Z</date>
			<key>Loved</key><true/>
			<key>Artwork Count</key><integer>1</integer>
			<key>Persistent ID</key><string>0387CF61C26C5C92</string>
			<key>Track Type</key><string>Remote</string>
		</dict>
		<key>12705</key>
		<dict>
			<key>Track ID</key><integer>12705</integer>
			<key>Name</key><string>Crystalline Surf</string>
			<key>Artist</key><string>Electric Specter 電妖怪</string>
			<key>Album Artist</key><string>Electric Specter 電妖怪</string>
			<key>Album</key><string>Arctic Circuitry</string>
			<key>Genre</key><string>Music</string>
			<key>Kind</key><string>MPEG audio file</string>
			<key>Size</key><integer>6383315</integer>
			<key>Total Time</key><integer>230112</integer>
			<key>Track Number</key><integer>7</integer>
			<key>Year</key><integer>2017</integer>
			<key>Date Modified</key><date>2023-03-30T00:02:15Z</date>
			<key>Date Added</key><date>2023-09-26T14:52:08Z</date>
			<key>Bit Rate</key><integer>218</integer>
			<key>Sample Rate</key><integer>44100</integer>
			<key>Play Count</key><integer>2</integer>
			<key>Play Date</key><integer>3781155483</integer>
			<key>Play Date UTC</key><date>2023-10-26T14:58:03Z</date>
			<key>Loved</key><true/>
			<key>Artwork Count</key><integer>1</integer>
			<key>Persistent ID</key><string>EAD65BB34AF072E7</string>
			<key>Track Type</key><string>Remote</string>
		</dict>
		<key>12717</key>
		<dict>
			<key>Track ID</key><integer>12717</integer>
			<key>Name</key><string>リサフランク420 / 現代のコンピュー</string>
			<key>Artist</key><string>Macintosh Plus</string>
			<key>Album Artist</key><string>Vektroid</string>
			<key>Album</key><string>Floral Shoppe</string>
			<key>Genre</key><string>Music</string>
			<key>Kind</key><string>MPEG audio file</string>
			<key>Size</key><integer>13927916</integer>
			<key>Total Time</key><integer>440790</integer>
			<key>Track Number</key><integer>2</integer>
			<key>Year</key><integer>2011</integer>
			<key>Date Modified</key><date>2023-03-11T18:18:38Z</date>
			<key>Date Added</key><date>2023-09-26T14:52:08Z</date>
			<key>Bit Rate</key><integer>212</integer>
			<key>Sample Rate</key><integer>44100</integer>
			<key>Play Count</key><integer>2</integer>
			<key>Play Date</key><integer>3781184807</integer>
			<key>Play Date UTC</key><date>2023-10-26T23:06:47Z</date>
			<key>Loved</key><true/>
			<key>Artwork Count</key><integer>1</integer>
			<key>Persistent ID</key><string>7A8A7D3AD9F3C604</string>
			<key>Track Type</key><string>Remote</string>
		</dict>
		<key>12837</key>
		<dict>
			<key>Track ID</key><integer>12837</integer>
			<key>Name</key><string>Amor Fati</string>
			<key>Artist</key><string>Washed Out</string>
			<key>Album Artist</key><string>Washed Out</string>
			<key>Composer</key><string>Ernest Greene</string>
			<key>Album</key><string>Within and Without</string>
			<key>Genre</key><string>Music</string>
			<key>Kind</key><string>Apple Music AAC audio file</string>
			<key>Size</key><integer>9497943</integer>
			<key>Total Time</key><integer>265867</integer>
			<key>Disc Number</key><integer>1</integer>
			<key>Disc Count</key><integer>1</integer>
			<key>Track Number</key><integer>3</integer>
			<key>Track Count</key><integer>9</integer>
			<key>Year</key><integer>2011</integer>
			<key>Date Modified</key><date>2023-09-27T04:37:07Z</date>
			<key>Date Added</key><date>2023-09-27T04:37:07Z</date>
			<key>Bit Rate</key><integer>256</integer>
			<key>Sample Rate</key><integer>44100</integer>
			<key>Play Count</key><integer>2</integer>
			<key>Play Date</key><integer>3780058471</integer>
			<key>Play Date UTC</key><date>2023-10-13T22:14:31Z</date>
			<key>Skip Count</key><integer>1</integer>
			<key>Skip Date</key><date>2024-05-02T04:36:56Z</date>
			<key>Release Date</key><date>2011-07-06T12:00:00Z</date>
			<key>Loved</key><true/>
			<key>Artwork Count</key><integer>1</integer>
			<key>Sort Album</key><string>Within and Without</string>
			<key>Sort Artist</key><string>Washed Out</string>
			<key>Sort Name</key><string>Amor Fati</string>
			<key>Persistent ID</key><string>3C099861850B3595</string>
			<key>Track Type</key><string>Remote</string>
			<key>Apple Music</key><true/>
		</dict>
		<key>12851</key>
		<dict>
			<key>Track ID</key><integer>12851</integer>
			<key>Name</key><string>Drake Era</string>
			<key>Artist</key><string>JPEGMAFIA</string>
			<key>Album Artist</key><string>JPEGMAFIA</string>
			<key>Composer</key><string>JPEGMAFIA</string>
			<key>Album</key><string>Black Ben Carson</string>
			<key>Genre</key><string>Music</string>
			<key>Kind</key><string>Apple Music AAC audio file</string>
			<key>Size</key><integer>8446260</integer>
			<key>Total Time</key><integer>237462</integer>
			<key>Disc Number</key><integer>1</integer>
			<key>Disc Count</key><integer>1</integer>
			<key>Track Number</key><integer>1</integer>
			<key>Track Count</key><integer>19</integer>
			<key>Year</key><integer>2016</integer>
			<key>Date Modified</key><date>2023-10-01T04:11:00Z</date>
			<key>Date Added</key><date>2023-10-01T04:11:00Z</date>
			<key>Bit Rate</key><integer>256</integer>
			<key>Sample Rate</key><integer>44100</integer>
			<key>Comments</key><string>Red</string>
			<key>Play Count</key><integer>6</integer>
			<key>Play Date</key><integer>3790087783</integer>
			<key>Play Date UTC</key><date>2024-02-07T01:09:43Z</date>
			<key>Skip Count</key><integer>1</integer>
			<key>Skip Date</key><date>2024-02-01T00:25:39Z</date>
			<key>Release Date</key><date>2016-02-14T12:00:00Z</date>
			<key>Loved</key><true/>
			<key>Artwork Count</key><integer>1</integer>
			<key>Sort Album</key><string>Black Ben Carson</string>
			<key>Sort Artist</key><string>JPEGMAFIA</string>
			<key>Sort Name</key><string>Drake Era</string>
			<key>Persistent ID</key><string>47C325C1E4A5C7E0</string>
			<key>Explicit</key><true/>
			<key>Track Type</key><string>Remote</string>
			<key>Apple Music</key><true/>
		</dict>
		<key>12861</key>
		<dict>
			<key>Track ID</key><integer>12861</integer>
			<key>Name</key><string>From The Start</string>
			<key>Artist</key><string>Laufey</string>
			<key>Album Artist</key><string>Laufey</string>
			<key>Composer</key><string>Laufey &#38; Spencer Stewart</string>
			<key>Album</key><string>Bewitched</string>
			<key>Genre</key><string>Music</string>
			<key>Kind</key><string>Apple Music AAC audio file</string>
			<key>Size</key><integer>6194284</integer>
			<key>Total Time</key><integer>169573</integer>
			<key>Disc Number</key><integer>1</integer>
			<key>Disc Count</key><integer>1</integer>
			<key>Track Number</key><integer>10</integer>
			<key>Track Count</key><integer>13</integer>
			<key>Year</key><integer>2023</integer>
			<key>Date Modified</key><date>2023-10-03T13:54:22Z</date>
			<key>Date Added</key><date>2023-10-03T13:54:22Z</date>
			<key>Bit Rate</key><integer>256</integer>
			<key>Sample Rate</key><integer>44100</integer>
			<key>Play Count</key><integer>9</integer>
			<key>Play Date</key><integer>3817623418</integer>
			<key>Play Date UTC</key><date>2024-12-21T17:56:58Z</date>
			<key>Release Date</key><date>2023-06-14T07:00:00Z</date>
			<key>Loved</key><true/>
			<key>Artwork Count</key><integer>1</integer>
			<key>Sort Album</key><string>Bewitched</string>
			<key>Sort Artist</key><string>Laufey</string>
			<key>Sort Name</key><string>From The Start</string>
			<key>Persistent ID</key><string>3AF9E5A4C7A7BDC8</string>
			<key>Track Type</key><string>Remote</string>
			<key>Apple Music</key><true/>
		</dict>
		<key>12863</key>
		<dict>
			<key>Track ID</key><integer>12863</integer>
			<key>Name</key><string>Falling Behind</string>
			<key>Artist</key><string>Laufey</string>
			<key>Album Artist</key><string>Laufey</string>
			<key>Composer</key><string>Spencer Stewart &#38; Laufey</string>
			<key>Album</key><string>Everything I Know About Love (Deluxe Edition)</string>
			<key>Genre</key><string>Music</string>
			<key>Kind</key><string>Apple Music AAC audio file</string>
			<key>Size</key><integer>6251959</integer>
			<key>Total Time</key><integer>173640</integer>
			<key>Disc Number</key><integer>1</integer>
			<key>Disc Count</key><integer>1</integer>
			<key>Track Number</key><integer>10</integer>
			<key>Track Count</key><integer>16</integer>
			<key>Year</key><integer>2022</integer>
			<key>Date Modified</key><date>2023-10-03T14:01:45Z</date>
			<key>Date Added</key><date>2023-10-03T14:01:45Z</date>
			<key>Bit Rate</key><integer>256</integer>
			<key>Sample Rate</key><integer>44100</integer>
			<key>Play Count</key><integer>3</integer>
			<key>Play Date</key><integer>3783761073</integer>
			<key>Play Date UTC</key><date>2023-11-25T19:44:33Z</date>
			<key>Skip Count</key><integer>2</integer>
			<key>Skip Date</key><date>2024-12-21T19:31:54Z</date>
			<key>Release Date</key><date>2022-08-11T12:00:00Z</date>
			<key>Loved</key><true/>
			<key>Artwork Count</key><integer>1</integer>
			<key>Sort Album</key><string>Everything I Know About Love (Deluxe Edition)</string>
			<key>Sort Artist</key><string>Laufey</string>
			<key>Sort Name</key><string>Falling Behind</string>
			<key>Persistent ID</key><string>A799AD136573348B</string>
			<key>Track Type</key><string>Remote</string>
			<key>Apple Music</key><true/>
		</dict>
		<key>12865</key>
		<dict>
			<key>Track ID</key><integer>12865</integer>
			<key>Name</key><string>#3</string>
			<key>Artist</key><string>Aphex Twin</string>
			<key>Album Artist</key><string>Aphex Twin</string>
			<key>Album</key><string>Selected Ambient Works, Vol. II</string>
			<key>Genre</key><string>Music</string>
			<key>Kind</key><string>Apple Music AAC audio file</string>
			<key>Size</key><integer>15793538</integer>
			<key>Total Time</key><integer>464293</integer>
			<key>Disc Number</key><integer>1</integer>
			<key>Disc Count</key><integer>1</integer>
			<key>Track Number</key><integer>3</integer>
			<key>Track Count</key><integer>24</integer>
			<key>Year</key><integer>1994</integer>
			<key>Date Modified</key><date>2023-10-07T18:36:30Z</date>
			<key>Date Added</key><date>2023-10-07T18:36:30Z</date>
			<key>Bit Rate</key><integer>256</integer>
			<key>Sample Rate</key><integer>44100</integer>
			<key>Play Count</key><integer>1</integer>
			<key>Play Date</key><integer>3779527402</integer>
			<key>Play Date UTC</key><date>2023-10-07T18:43:22Z</date>
			<key>Skip Count</key><integer>1</integer>
			<key>Skip Date</key><date>2023-10-09T19:15:29Z</date>
			<key>Release Date</key><date>1994-03-07T08:00:00Z</date>
			<key>Loved</key><true/>
			<key>Artwork Count</key><integer>1</integer>
			<key>Sort Album</key><string>Selected Ambient Works, Vol. II</string>
			<key>Sort Artist</key><string>Aphex Twin</string>
			<key>Sort Name</key><string>#3</string>
			<key>Persistent ID</key><string>4A46F5945C663984</string>
			<key>Track Type</key><string>Remote</string>
			<key>Apple Music</key><true/>
		</dict>
		<key>12869</key>
		<dict>
			<key>Track ID</key><integer>12869</integer>
			<key>Name</key><string>Goodbye Evergreen</string>
			<key>Artist</key><string>Sufjan Stevens</string>
			<key>Album Artist</key><string>Sufjan Stevens</string>
			<key>Composer</key><string>Sufjan Stevens</string>
			<key>Album</key><string>Javelin</string>
			<key>Genre</key><string>Music</string>
			<key>Kind</key><string>Apple Music AAC audio file</string>
			<key>Size</key><integer>7699375</integer>
			<key>Total Time</key><integer>215425</integer>
			<key>Disc Number</key><integer>1</integer>
			<key>Disc Count</key><integer>1</integer>
			<key>Track Number</key><integer>1</integer>
			<key>Track Count</key><integer>10</integer>
			<key>Year</key><integer>2023</integer>
			<key>Date Modified</key><date>2023-10-11T14:00:08Z</date>
			<key>Date Added</key><date>2023-10-11T14:00:08Z</date>
			<key>Bit Rate</key><integer>256</integer>
			<key>Sample Rate</key><integer>44100</integer>
			<key>Play Count</key><integer>10</integer>
			<key>Play Date</key><integer>3814165220</integer>
			<key>Play Date UTC</key><date>2024-11-11T17:20:20Z</date>
			<key>Skip Count</key><integer>4</integer>
			<key>Skip Date</key><date>2024-11-04T07:35:21Z</date>
			<key>Release Date</key><date>2023-10-06T12:00:00Z</date>
			<key>Loved</key><true/>
			<key>Artwork Count</key><integer>1</integer>
			<key>Sort Album</key><string>Javelin</string>
			<key>Sort Artist</key><string>Sufjan Stevens</string>
			<key>Sort Name</key><string>Goodbye Evergreen</string>
			<key>Persistent ID</key><string>C242641104432C58</string>
			<key>Track Type</key><string>Remote</string>
			<key>Apple Music</key><true/>
		</dict>
		<key>12871</key>
		<dict>
			<key>Track ID</key><integer>12871</integer>
			<key>Name</key><string>A Running Start</string>
			<key>Artist</key><string>Sufjan Stevens</string>
			<key>Album Artist</key><string>Sufjan Stevens</string>
			<key>Composer</key><string>Sufjan Stevens</string>
			<key>Album</key><string>Javelin</string>
			<key>Genre</key><string>Music</string>
			<key>Kind</key><string>Apple Music AAC audio file</string>
			<key>Size</key><integer>9313168</integer>
			<key>Total Time</key><integer>261167</integer>
			<key>Disc Number</key><integer>1</integer>
			<key>Disc Count</key><integer>1</integer>
			<key>Track Number</key><integer>2</integer>
			<key>Track Count</key><integer>10</integer>
			<key>Year</key><integer>2023</integer>
			<key>Date Modified</key><date>2023-10-11T14:52:09Z</date>
			<key>Date Added</key><date>2023-10-11T14:52:09Z</date>
			<key>Bit Rate</key><integer>256</integer>
			<key>Sample Rate</key><integer>44100</integer>
			<key>Play Count</key><integer>3</integer>
			<key>Play Date</key><integer>3789543156</integer>
			<key>Play Date UTC</key><date>2024-01-31T17:52:36Z</date>
			<key>Release Date</key><date>2023-10-06T12:00:00Z</date>
			<key>Loved</key><true/>
			<key>Artwork Count</key><integer>1</integer>
			<key>Sort Album</key><string>Javelin</string>
			<key>Sort Artist</key><string>Sufjan Stevens</string>
			<key>Sort Name</key><string>Running Start</string>
			<key>Persistent ID</key><string>6B01CAE52C866624</string>
			<key>Track Type</key><string>Remote</string>
			<key>Apple Music</key><true/>
		</dict>
		<key>12873</key>
		<dict>
			<key>Track ID</key><integer>12873</integer>
			<key>Name</key><string>Will Anybody Ever Love Me?</string>
			<key>Artist</key><string>Sufjan Stevens</string>
			<key>Album Artist</key><string>Sufjan Stevens</string>
			<key>Composer</key><string>Sufjan Stevens</string>
			<key>Album</key><string>Javelin</string>
			<key>Genre</key><string>Music</string>
			<key>Kind</key><string>Apple Music AAC audio file</string>
			<key>Size</key><integer>8816013</integer>
			<key>Total Time</key><integer>249259</integer>
			<key>Disc Number</key><integer>1</integer>
			<key>Disc Count</key><integer>1</integer>
			<key>Track Number</key><integer>3</integer>
			<key>Track Count</key><integer>10</integer>
			<key>Year</key><integer>2023</integer>
			<key>Date Modified</key><date>2023-10-11T15:19:46Z</date>
			<key>Date Added</key><date>2023-10-11T15:19:46Z</date>
			<key>Bit Rate</key><integer>256</integer>
			<key>Sample Rate</key><integer>44100</integer>
			<key>Play Count</key><integer>2</integer>
			<key>Play Date</key><integer>3787204522</integer>
			<key>Play Date UTC</key><date>2024-01-04T16:15:22Z</date>
			<key>Release Date</key><date>2023-09-15T07:00:00Z</date>
			<key>Loved</key><true/>
			<key>Artwork Count</key><integer>1</integer>
			<key>Sort Album</key><string>Javelin</string>
			<key>Sort Artist</key><string>Sufjan Stevens</string>
			<key>Sort Name</key><string>Will Anybody Ever Love Me?</string>
			<key>Persistent ID</key><string>8D64C4AB441A5140</string>
			<key>Track Type</key><string>Remote</string>
			<key>Apple Music</key><true/>
		</dict>
		<key>12875</key>
		<dict>
			<key>Track ID</key><integer>12875</integer>
			<key>Name</key><string>Everything That Rises</string>
			<key>Artist</key><string>Sufjan Stevens</string>
			<key>Album Artist</key><string>Sufjan Stevens</string>
			<key>Composer</key><string>Sufjan Stevens</string>
			<key>Album</key><string>Javelin</string>
			<key>Genre</key><string>Music</string>
			<key>Kind</key><string>Apple Music AAC audio file</string>
			<key>Size</key><integer>10614324</integer>
			<key>Total Time</key><integer>299623</integer>
			<key>Disc Number</key><integer>1</integer>
			<key>Disc Count</key><integer>1</integer>
			<key>Track Number</key><integer>4</integer>
			<key>Track Count</key><integer>10</integer>
			<key>Year</key><integer>2023</integer>
			<key>Date Modified</key><date>2023-10-11T15:23:12Z</date>
			<key>Date Added</key><date>2023-10-11T15:23:12Z</date>
			<key>Bit Rate</key><integer>256</integer>
			<key>Sample Rate</key><integer>44100</integer>
			<key>Play Count</key><integer>2</integer>
			<key>Play Date</key><integer>3787216249</integer>
			<key>Play Date UTC</key><date>2024-01-04T19:30:49Z</date>
			<key>Release Date</key><date>2023-10-06T12:00:00Z</date>
			<key>Loved</key><true/>
			<key>Artwork Count</key><integer>1</integer>
			<key>Sort Album</key><string>Javelin</string>
			<key>Sort Artist</key><string>Sufjan Stevens</string>
			<key>Sort Name</key><string>Everything That Rises</string>
			<key>Persistent ID</key><string>C66498BA2669CD16</string>
			<key>Track Type</key><string>Remote</string>
			<key>Apple Music</key><true/>
		</dict>
		<key>12877</key>
		<dict>
			<key>Track ID</key><integer>12877</integer>
			<key>Name</key><string>Come On! Feel the Illinoise!</string>
			<key>Artist</key><string>Sufjan Stevens</string>
			<key>Album Artist</key><string>Sufjan Stevens</string>
			<key>Album</key><string>Illinois</string>
			<key>Genre</key><string>Music</string>
			<key>Kind</key><string>Apple Music AAC audio file</string>
			<key>Size</key><integer>15126157</integer>
			<key>Total Time</key><integer>405554</integer>
			<key>Disc Number</key><integer>1</integer>
			<key>Disc Count</key><integer>1</integer>
			<key>Track Number</key><integer>3</integer>
			<key>Track Count</key><integer>26</integer>
			<key>Year</key><integer>2005</integer>
			<key>Date Modified</key><date>2023-10-11T19:02:16Z</date>
			<key>Date Added</key><date>2023-10-11T19:02:16Z</date>
			<key>Bit Rate</key><integer>256</integer>
			<key>Sample Rate</key><integer>44100</integer>
			<key>Play Count</key><integer>10</integer>
			<key>Play Date</key><integer>3813565565</integer>
			<key>Play Date UTC</key><date>2024-11-04T18:46:05Z</date>
			<key>Skip Count</key><integer>1</integer>
			<key>Skip Date</key><date>2024-10-16T02:29:20Z</date>
			<key>Release Date</key><date>2005-07-04T07:00:00Z</date>
			<key>Loved</key><true/>
			<key>Artwork Count</key><integer>1</integer>
			<key>Sort Album</key><string>Illinois</string>
			<key>Sort Artist</key><string>Sufjan Stevens</string>
			<key>Sort Name</key><string>Come On! Feel the Illinoise!</string>
			<key>Persistent ID</key><string>A896ACD8F7DE9682</string>
			<key>Track Type</key><string>Remote</string>
			<key>Apple Music</key><true/>
		</dict>
		<key>12879</key>
		<dict>
			<key>Track ID</key><integer>12879</integer>
			<key>Name</key><string>Holiday</string>
			<key>Artist</key><string>Green Day</string>
			<key>Album Artist</key><string>Green Day</string>
			<key>Composer</key><string>Billie Joe Armstrong, Mike Dirnt &#38; Tré Cool</string>
			<key>Album</key><string>American Idiot</string>
			<key>Genre</key><string>Music</string>
			<key>Kind</key><string>Apple Music AAC audio file</string>
			<key>Size</key><integer>8769099</integer>
			<key>Total Time</key><integer>232826</integer>
			<key>Disc Number</key><integer>1</integer>
			<key>Disc Count</key><integer>1</integer>
			<key>Track Number</key><integer>3</integer>
			<key>Track Count</key><integer>13</integer>
			<key>Year</key><integer>2004</integer>
			<key>Date Modified</key><date>2023-10-20T14:04:40Z</date>
			<key>Date Added</key><date>2023-10-20T14:04:40Z</date>
			<key>Bit Rate</key><integer>256</integer>
			<key>Sample Rate</key><integer>44100</integer>
			<key>Play Count</key><integer>4</integer>
			<key>Play Date</key><integer>3817624227</integer>
			<key>Play Date UTC</key><date>2024-12-21T18:10:27Z</date>
			<key>Release Date</key><date>2004-09-21T07:00:00Z</date>
			<key>Loved</key><true/>
			<key>Artwork Count</key><integer>1</integer>
			<key>Sort Album</key><string>American Idiot</string>
			<key>Sort Artist</key><string>Green Day</string>
			<key>Sort Name</key><string>Holiday</string>
			<key>Persistent ID</key><string>5C2C765B0EDEFDE1</string>
			<key>Track Type</key><string>Remote</string>
			<key>Apple Music</key><true/>
		</dict>
		<key>12881</key>
		<dict>
			<key>Track ID</key><integer>12881</integer>
			<key>Name</key><string>All I Wanna Do</string>
			<key>Artist</key><string>The Beach Boys</string>
			<key>Album Artist</key><string>The Beach Boys</string>
			<key>Composer</key><string>Brian Wilson &#38; Mike Love</string>
			<key>Album</key><string>Sunflower</string>
			<key>Genre</key><string>Music</string>
			<key>Kind</key><string>Apple Music AAC audio file</string>
			<key>Size</key><integer>6448921</integer>
			<key>Total Time</key><integer>153987</integer>
			<key>Disc Number</key><integer>1</integer>
			<key>Disc Count</key><integer>1</integer>
			<key>Track Number</key><integer>8</integer>
			<key>Track Count</key><integer>12</integer>
			<key>Year</key><integer>1970</integer>
			<key>Date Modified</key><date>2023-10-24T05:48:21Z</date>
			<key>Date Added</key><date>2023-10-24T05:48:21Z</date>
			<key>Bit Rate</key><integer>256</integer>
			<key>Sample Rate</key><integer>44100</integer>
			<key>Play Count</key><integer>8</integer>
			<key>Play Date</key><integer>3792482630</integer>
			<key>Play Date UTC</key><date>2024-03-05T18:23:50Z</date>
			<key>Release Date</key><date>1970-08-31T12:00:00Z</date>
			<key>Loved</key><true/>
			<key>Artwork Count</key><integer>1</integer>
			<key>Sort Album</key><string>Sunflower</string>
			<key>Sort Album Artist</key><string>Beach Boys</string>
			<key>Sort Artist</key><string>Beach Boys</string>
			<key>Sort Name</key><string>All I Wanna Do</string>
			<key>Persistent ID</key><string>C6A78CFF30A54BD7</string>
			<key>Track Type</key><string>Remote</string>
			<key>Apple Music</key><true/>
		</dict>
		<key>12887</key>
		<dict>
			<key>Track ID</key><integer>12887</integer>
			<key>Name</key><string>Make It Good</string>
			<key>Artist</key><string>Poetically &#38; Vita Schmidt</string>
			<key>Album Artist</key><string>Poetically</string>
			<key>Composer</key><string>Vita Schmidt &#38; Chris Molina</string>
			<key>Album</key><string>Us - EP</string>
			<key>Genre</key><string>Music</string>
			<key>Kind</key><string>Apple Music AAC audio file</string>
			<key>Size</key><integer>7188060</integer>
			<key>Total Time</key><integer>188858</integer>
			<key>Disc Number</key><integer>1</integer>
			<key>Disc Count</key><integer>1</integer>
			<key>Track Number</key><integer>4</integer>
			<key>Track Count</key><integer>5</integer>
			<key>Year</key><integer>2018</integer>
			<key>Date Modified</key><date>2023-10-24T23:52:19Z</date>
			<key>Date Added</key><date>2023-10-24T23:52:19Z</date>
			<key>Bit Rate</key><integer>256</integer>
			<key>Sample Rate</key><integer>44100</integer>
			<key>Part Of Gapless Album</key><true/>
			<key>Play Count</key><integer>6</integer>
			<key>Play Date</key><integer>3789657658</integer>
			<key>Play Date UTC</key><date>2024-02-02T01:40:58Z</date>
			<key>Release Date</key><date>2018-07-27T12:00:00Z</date>
			<key>Loved</key><true/>
			<key>Artwork Count</key><integer>1</integer>
			<key>Sort Album</key><string>Us - EP</string>
			<key>Sort Artist</key><string>Poetically &#38; Vita Schmidt</string>
			<key>Sort Name</key><string>Make It Good</string>
			<key>Persistent ID</key><string>BDE8BEA1165E2217</string>
			<key>Track Type</key><string>Remote</string>
			<key>Apple Music</key><true/>
		</dict>
		<key>12915</key>
		<dict>
			<key>Track ID</key><integer>12915</integer>
			<key>Name</key><string>X-Wing (Cold Blooded Soul Version)</string>
			<key>Artist</key><string>Denzel Curry</string>
			<key>Album Artist</key><string>Denzel Curry</string>
			<key>Composer</key><string>D. Curry, Matthew Jehu Samuels, M. Suski, G. Mardoyan &#38; J. Herold</string>
			<key>Album</key><string>Melt My Eyez See Your Future (The Extended Edition)</string>
			<key>Genre</key><string>Music</string>
			<key>Kind</key><string>Apple Music AAC audio file</string>
			<key>Size</key><integer>6700426</integer>
			<key>Total Time</key><integer>186280</integer>
			<key>Disc Number</key><integer>2</integer>
			<key>Disc Count</key><integer>2</integer>
			<key>Track Number</key><integer>7</integer>
			<key>Track Count</key><integer>10</integer>
			<key>Year</key><integer>2022</integer>
			<key>Date Modified</key><date>2023-11-02T14:17:24Z</date>
			<key>Date Added</key><date>2023-11-02T14:17:24Z</date>
			<key>Bit Rate</key><integer>256</integer>
			<key>Sample Rate</key><integer>44100</integer>
			<key>Play Count</key><integer>3</integer>
			<key>Play Date</key><integer>3784358301</integer>
			<key>Play Date UTC</key><date>2023-12-02T17:38:21Z</date>
			<key>Release Date</key><date>2022-09-30T12:00:00Z</date>
			<key>Loved</key><true/>
			<key>Artwork Count</key><integer>1</integer>
			<key>Sort Album</key><string>Melt My Eyez See Your Future (The Extended Edition)</string>
			<key>Sort Artist</key><string>Denzel Curry</string>
			<key>Sort Name</key><string>X-Wing (Cold Blooded Soul Version)</string>
			<key>Persistent ID</key><string>236333FDDFC6176E</string>
			<key>Explicit</key><true/>
			<key>Track Type</key><string>Remote</string>
			<key>Apple Music</key><true/>
		</dict>
		<key>12919</key>
		<dict>
			<key>Track ID</key><integer>12919</integer>
			<key>Name</key><string>Larger Than Life</string>
			<key>Artist</key><string>Denzel Curry</string>
			<key>Album Artist</key><string>Denzel Curry</string>
			<key>Composer</key><string>D. Curry &#38; K. Blume III</string>
			<key>Album</key><string>Melt My Eyez See Your Future (The Extended Edition)</string>
			<key>Genre</key><string>Music</string>
			<key>Kind</key><string>Apple Music AAC audio file</string>
			<key>Size</key><integer>7310847</integer>
			<key>Total Time</key><integer>204929</integer>
			<key>Disc Number</key><integer>2</integer>
			<key>Disc Count</key><integer>2</integer>
			<key>Track Number</key><integer>9</integer>
			<key>Track Count</key><integer>10</integer>
			<key>Year</key><integer>2022</integer>
			<key>Date Modified</key><date>2023-11-02T14:17:24Z</date>
			<key>Date Added</key><date>2023-11-02T14:17:24Z</date>
			<key>Bit Rate</key><integer>256</integer>
			<key>Sample Rate</key><integer>44100</integer>
			<key>Play Count</key><integer>2</integer>
			<key>Play Date</key><integer>3784358506</integer>
			<key>Play Date UTC</key><date>2023-12-02T17:41:46Z</date>
			<key>Release Date</key><date>2022-09-30T12:00:00Z</date>
			<key>Loved</key><true/>
			<key>Artwork Count</key><integer>1</integer>
			<key>Sort Album</key><string>Melt My Eyez See Your Future (The Extended Edition)</string>
			<key>Sort Artist</key><string>Denzel Curry</string>
			<key>Sort Name</key><string>Larger Than Life</string>
			<key>Persistent ID</key><string>B8A9DFAD61EB32DC</string>
			<key>Explicit</key><true/>
			<key>Track Type</key><string>Remote</string>
			<key>Apple Music</key><true/>
		</dict>
		<key>12945</key>
		<dict>
			<key>Track ID</key><integer>12945</integer>
			<key>Name</key><string>No Man's Land</string>
			<key>Artist</key><string>Sufjan Stevens</string>
			<key>Album Artist</key><string>Sufjan Stevens</string>
			<key>Album</key><string>The Avalanche</string>
			<key>Genre</key><string>Music</string>
			<key>Kind</key><string>Apple Music AAC audio file</string>
			<key>Size</key><integer>10330000</integer>
			<key>Total Time</key><integer>285107</integer>
			<key>Disc Number</key><integer>1</integer>
			<key>Disc Count</key><integer>1</integer>
			<key>Track Number</key><integer>14</integer>
			<key>Track Count</key><integer>21</integer>
			<key>Year</key><integer>2006</integer>
			<key>Date Modified</key><date>2023-11-08T06:15:26Z</date>
			<key>Date Added</key><date>2023-11-08T06:15:26Z</date>
			<key>Bit Rate</key><integer>256</integer>
			<key>Sample Rate</key><integer>44100</integer>
			<key>Play Count</key><integer>13</integer>
			<key>Play Date</key><integer>3815911037</integer>
			<key>Play Date UTC</key><date>2024-12-01T22:17:17Z</date>
			<key>Release Date</key><date>2006-07-11T07:00:00Z</date>
			<key>Loved</key><true/>
			<key>Artwork Count</key><integer>1</integer>
			<key>Sort Album</key><string>Avalanche</string>
			<key>Sort Artist</key><string>Sufjan Stevens</string>
			<key>Sort Name</key><string>No Man's Land</string>
			<key>Persistent ID</key><string>A461DF59FE12A70F</string>
			<key>Track Type</key><string>Remote</string>
			<key>Apple Music</key><true/>
		</dict>
		<key>13261</key>
		<dict>
			<key>Track ID</key><integer>13261</integer>
			<key>Name</key><string>This Is Why (Re: Foals)</string>
			<key>Artist</key><string>Paramore &#38; Foals</string>
			<key>Album Artist</key><string>Paramore</string>
			<key>Composer</key><string>Hayley Williams, Jack Bevan, Jimmy Smith, Taylor York, Yannis Philippakis &#38; Zac Farro</string>
			<key>Album</key><string>Re: This Is Why</string>
			<key>Genre</key><string>Music</string>
			<key>Kind</key><string>Apple Music AAC audio file</string>
			<key>Size</key><integer>12320642</integer>
			<key>Total Time</key><integer>351644</integer>
			<key>Disc Number</key><integer>1</integer>
			<key>Disc Count</key><integer>1</integer>
			<key>Track Number</key><integer>1</integer>
			<key>Track Count</key><integer>12</integer>
			<key>Year</key><integer>2023</integer>
			<key>Date Modified</key><date>2023-11-26T19:13:11Z</date>
			<key>Date Added</key><date>2023-11-26T19:13:11Z</date>
			<key>Bit Rate</key><integer>256</integer>
			<key>Sample Rate</key><integer>44100</integer>
			<key>Play Count</key><integer>9</integer>
			<key>Play Date</key><integer>3814108562</integer>
			<key>Play Date UTC</key><date>2024-11-11T01:36:02Z</date>
			<key>Skip Count</key><integer>2</integer>
			<key>Skip Date</key><date>2024-02-09T01:15:27Z</date>
			<key>Release Date</key><date>2023-02-10T12:00:00Z</date>
			<key>Loved</key><true/>
			<key>Artwork Count</key><integer>1</integer>
			<key>Sort Album</key><string>Re: This Is Why</string>
			<key>Sort Artist</key><string>Paramore &#38; Foals</string>
			<key>Sort Name</key><string>This Is Why (Re: Foals)</string>
			<key>Persistent ID</key><string>02A944D86EFB93EE</string>
			<key>Track Type</key><string>Remote</string>
			<key>Apple Music</key><true/>
		</dict>
		<key>13305</key>
		<dict>
			<key>Track ID</key><integer>13305</integer>
			<key>Name</key><string>Alien Days</string>
			<key>Artist</key><string>MGMT</string>
			<key>Album Artist</key><string>MGMT</string>
			<key>Composer</key><string>Andrew VanWyngarden &#38; Ben Goldwasser</string>
			<key>Album</key><string>MGMT (The "Optimizer" Deluxe Edition)</string>
			<key>Genre</key><string>Music</string>
			<key>Kind</key><string>Apple Music AAC audio file</string>
			<key>Size</key><integer>11949956</integer>
			<key>Total Time</key><integer>309616</integer>
			<key>Disc Number</key><integer>1</integer>
			<key>Disc Count</key><integer>1</integer>
			<key>Track Number</key><integer>1</integer>
			<key>Track Count</key><integer>10</integer>
			<key>Year</key><integer>2013</integer>
			<key>Date Modified</key><date>2023-11-26T19:55:49Z</date>
			<key>Date Added</key><date>2023-11-26T19:55:49Z</date>
			<key>Bit Rate</key><integer>256</integer>
			<key>Sample Rate</key><integer>44100</integer>
			<key>Play Count</key><integer>2</integer>
			<key>Play Date</key><integer>3792483578</integer>
			<key>Play Date UTC</key><date>2024-03-05T18:39:38Z</date>
			<key>Skip Count</key><integer>2</integer>
			<key>Skip Date</key><date>2024-04-10T19:34:03Z</date>
			<key>Release Date</key><date>2013-04-20T07:00:00Z</date>
			<key>Loved</key><true/>
			<key>Artwork Count</key><integer>1</integer>
			<key>Sort Album</key><string>MGMT (The "Optimizer" Deluxe Edition)</string>
			<key>Sort Artist</key><string>MGMT</string>
			<key>Sort Name</key><string>Alien Days</string>
			<key>Persistent ID</key><string>DE0552B47F63AC7C</string>
			<key>Track Type</key><string>Remote</string>
			<key>Apple Music</key><true/>
		</dict>
		<key>13309</key>
		<dict>
			<key>Track ID</key><integer>13309</integer>
			<key>Name</key><string>l e t . g o . m y . h a n d</string>
			<key>Artist</key><string>J. Cole, Bas &#38; 6LACK</string>
			<key>Album Artist</key><string>J. Cole</string>
			<key>Composer</key><string>J. Cole &#38; Bas</string>
			<key>Album</key><string>The Off-Season</string>
			<key>Genre</key><string>Music</string>
			<key>Kind</key><string>Apple Music AAC audio file</string>
			<key>Size</key><integer>9431738</integer>
			<key>Total Time</key><integer>266291</integer>
			<key>Disc Number</key><integer>1</integer>
			<key>Disc Count</key><integer>1</integer>
			<key>Track Number</key><integer>8</integer>
			<key>Track Count</key><integer>12</integer>
			<key>Year</key><integer>2021</integer>
			<key>Date Modified</key><date>2023-11-26T21:07:43Z</date>
			<key>Date Added</key><date>2023-11-26T21:07:43Z</date>
			<key>Bit Rate</key><integer>256</integer>
			<key>Sample Rate</key><integer>44100</integer>
			<key>Play Count</key><integer>10</integer>
			<key>Play Date</key><integer>3815905124</integer>
			<key>Play Date UTC</key><date>2024-12-01T20:38:44Z</date>
			<key>Skip Count</key><integer>1</integer>
			<key>Skip Date</key><date>2024-11-18T07:17:47Z</date>
			<key>Release Date</key><date>2021-05-14T12:00:00Z</date>
			<key>Loved</key><true/>
			<key>Artwork Count</key><integer>1</integer>
			<key>Sort Album</key><string>Off-Season</string>
			<key>Sort Artist</key><string>J. Cole, Bas &#38; 6LACK</string>
			<key>Sort Name</key><string>l e t . g o . m y . h a n d</string>
			<key>Persistent ID</key><string>BF2F7081EB5F86F5</string>
			<key>Explicit</key><true/>
			<key>Track Type</key><string>Remote</string>
			<key>Apple Music</key><true/>
		</dict>
		<key>13311</key>
		<dict>
			<key>Track ID</key><integer>13311</integer>
			<key>Name</key><string>The Last Man On Earth</string>
			<key>Artist</key><string>Wolf Alice</string>
			<key>Album Artist</key><string>Wolf Alice</string>
			<key>Composer</key><string>Ellie Rowsell, Joff Oddie, Theo Ellis &#38; Joel Amey</string>
			<key>Album</key><string>Blue Weekend</string>
			<key>Genre</key><string>Music</string>
			<key>Kind</key><string>Apple Music AAC audio file</string>
			<key>Size</key><integer>9485778</integer>
			<key>Total Time</key><integer>261217</integer>
			<key>Disc Number</key><integer>1</integer>
			<key>Disc Count</key><integer>1</integer>
			<key>Track Number</key><integer>9</integer>
			<key>Track Count</key><integer>11</integer>
			<key>Year</key><integer>2021</integer>
			<key>Date Modified</key><date>2023-11-26T22:26:03Z</date>
			<key>Date Added</key><date>2023-11-26T22:26:03Z</date>
			<key>Bit Rate</key><integer>256</integer>
			<key>Sample Rate</key><integer>44100</integer>
			<key>Play Count</key><integer>11</integer>
			<key>Play Date</key><integer>3814118719</integer>
			<key>Play Date UTC</key><date>2024-11-11T04:25:19Z</date>
			<key>Skip Count</key><integer>1</integer>
			<key>Skip Date</key><date>2024-11-07T16:53:29Z</date>
			<key>Release Date</key><date>2021-02-26T08:00:00Z</date>
			<key>Loved</key><true/>
			<key>Artwork Count</key><integer>1</integer>
			<key>Sort Album</key><string>Blue Weekend</string>
			<key>Sort Artist</key><string>Wolf Alice</string>
			<key>Sort Name</key><string>Last Man On Earth</string>
			<key>Persistent ID</key><string>434BD675EEABE9DD</string>
			<key>Track Type</key><string>Remote</string>
			<key>Apple Music</key><true/>
		</dict>
		<key>13445</key>
		<dict>
			<key>Track ID</key><integer>13445</integer>
			<key>Name</key><string>G.O.M.D</string>
			<key>Artist</key><string>J. Cole</string>
			<key>Album Artist</key><string>J. Cole</string>
			<key>Composer</key><string>J. Cole, Ron Gilmore, Dwight Andrews, Deongelo Holmes, Eric Jackson &#38; Jonathan Smith</string>
			<key>Album</key><string>2014 Forest Hills Drive</string>
			<key>Genre</key><string>Music</string>
			<key>Kind</key><string>Apple Music AAC audio file</string>
			<key>Size</key><integer>10633205</integer>
			<key>Total Time</key><integer>301064</integer>
			<key>Disc Number</key><integer>1</integer>
			<key>Disc Count</key><integer>1</integer>
			<key>Track Number</key><integer>8</integer>
			<key>Track Count</key><integer>13</integer>
			<key>Year</key><integer>2014</integer>
			<key>Date Modified</key><date>2023-11-30T06:33:08Z</date>
			<key>Date Added</key><date>2023-11-30T06:33:08Z</date>
			<key>Bit Rate</key><integer>256</integer>
			<key>Sample Rate</key><integer>44100</integer>
			<key>Play Count</key><integer>3</integer>
			<key>Play Date</key><integer>3787669276</integer>
			<key>Play Date UTC</key><date>2024-01-10T01:21:16Z</date>
			<key>Release Date</key><date>2014-12-09T12:00:00Z</date>
			<key>Loved</key><true/>
			<key>Artwork Count</key><integer>1</integer>
			<key>Sort Album</key><string>2014 Forest Hills Drive</string>
			<key>Sort Artist</key><string>J. Cole</string>
			<key>Sort Name</key><string>G.O.M.D</string>
			<key>Persistent ID</key><string>DC2CB51FE8A5A0B3</string>
			<key>Explicit</key><true/>
			<key>Track Type</key><string>Remote</string>
			<key>Apple Music</key><true/>
		</dict>
		<key>13449</key>
		<dict>
			<key>Track ID</key><integer>13449</integer>
			<key>Name</key><string>Only A Fool Would Say That</string>
			<key>Artist</key><string>Steely Dan</string>
			<key>Album Artist</key><string>Steely Dan</string>
			<key>Composer</key><string>Walter Becker &#38; Donald Fagen</string>
			<key>Album</key><string>Can't Buy A Thrill</string>
			<key>Genre</key><string>Music</string>
			<key>Kind</key><string>Apple Music AAC audio file</string>
			<key>Size</key><integer>6918253</integer>
			<key>Total Time</key><integer>175602</integer>
			<key>Disc Number</key><integer>1</integer>
			<key>Disc Count</key><integer>1</integer>
			<key>Track Number</key><integer>5</integer>
			<key>Track Count</key><integer>10</integer>
			<key>Year</key><integer>1972</integer>
			<key>Date Modified</key><date>2023-12-21T21:48:17Z</date>
			<key>Date Added</key><date>2023-12-21T21:48:17Z</date>
			<key>Bit Rate</key><integer>256</integer>
			<key>Sample Rate</key><integer>44100</integer>
			<key>Play Count</key><integer>13</integer>
			<key>Play Date</key><integer>3817628910</integer>
			<key>Play Date UTC</key><date>2024-12-21T19:28:30Z</date>
			<key>Release Date</key><date>1972-11-01T12:00:00Z</date>
			<key>Loved</key><true/>
			<key>Artwork Count</key><integer>1</integer>
			<key>Sort Album</key><string>Can't Buy A Thrill</string>
			<key>Sort Artist</key><string>Steely Dan</string>
			<key>Sort Name</key><string>Only A Fool Would Say That</string>
			<key>Persistent ID</key><string>AD9DF511F288B409</string>
			<key>Track Type</key><string>Remote</string>
			<key>Apple Music</key><true/>
		</dict>
		<key>13463</key>
		<dict>
			<key>Track ID</key><integer>13463</integer>
			<key>Name</key><string>Born to Die</string>
			<key>Artist</key><string>Lana Del Rey</string>
			<key>Album Artist</key><string>Lana Del Rey</string>
			<key>Composer</key><string>Lana Del Rey &#38; Justin Parker</string>
			<key>Album</key><string>Born to Die</string>
			<key>Genre</key><string>Music</string>
			<key>Kind</key><string>Apple Music AAC audio file</string>
			<key>Size</key><integer>9983114</integer>
			<key>Total Time</key><integer>286178</integer>
			<key>Disc Number</key><integer>1</integer>
			<key>Disc Count</key><integer>1</integer>
			<key>Track Number</key><integer>1</integer>
			<key>Track Count</key><integer>13</integer>
			<key>Year</key><integer>2011</integer>
			<key>Date Modified</key><date>2024-01-10T01:46:43Z</date>
			<key>Date Added</key><date>2024-01-10T01:46:43Z</date>
			<key>Bit Rate</key><integer>256</integer>
			<key>Sample Rate</key><integer>44100</integer>
			<key>Play Count</key><integer>11</integer>
			<key>Play Date</key><integer>3832136134</integer>
			<key>Play Date UTC</key><date>2025-06-07T16:15:34Z</date>
			<key>Skip Count</key><integer>3</integer>
			<key>Skip Date</key><date>2024-11-06T21:11:36Z</date>
			<key>Release Date</key><date>2011-12-30T12:00:00Z</date>
			<key>Loved</key><true/>
			<key>Artwork Count</key><integer>1</integer>
			<key>Sort Album</key><string>Born to Die</string>
			<key>Sort Artist</key><string>Lana Del Rey</string>
			<key>Sort Name</key><string>Born to Die</string>
			<key>Persistent ID</key><string>DB7EE0931694600E</string>
			<key>Track Type</key><string>Remote</string>
			<key>Apple Music</key><true/>
		</dict>
		<key>13465</key>
		<dict>
			<key>Track ID</key><integer>13465</integer>
			<key>Name</key><string>Video Games</string>
			<key>Artist</key><string>Lana Del Rey</string>
			<key>Album Artist</key><string>Lana Del Rey</string>
			<key>Composer</key><string>Elizabeth Grant &#38; Justin Parker</string>
			<key>Album</key><string>Born to Die</string>
			<key>Genre</key><string>Music</string>
			<key>Kind</key><string>Apple Music AAC audio file</string>
			<key>Size</key><integer>9935337</integer>
			<key>Total Time</key><integer>282108</integer>
			<key>Disc Number</key><integer>1</integer>
			<key>Disc Count</key><integer>1</integer>
			<key>Track Number</key><integer>4</integer>
			<key>Track Count</key><integer>13</integer>
			<key>Year</key><integer>2011</integer>
			<key>Date Modified</key><date>2024-01-10T15:46:30Z</date>
			<key>Date Added</key><date>2024-01-10T15:46:30Z</date>
			<key>Bit Rate</key><integer>256</integer>
			<key>Sample Rate</key><integer>44100</integer>
			<key>Play Count</key><integer>6</integer>
			<key>Play Date</key><integer>3832140103</integer>
			<key>Play Date UTC</key><date>2025-06-07T17:21:43Z</date>
			<key>Skip Count</key><integer>1</integer>
			<key>Skip Date</key><date>2024-01-12T00:53:32Z</date>
			<key>Release Date</key><date>2011-10-07T12:00:00Z</date>
			<key>Loved</key><true/>
			<key>Artwork Count</key><integer>1</integer>
			<key>Sort Album</key><string>Born to Die</string>
			<key>Sort Artist</key><string>Lana Del Rey</string>
			<key>Sort Name</key><string>Video Games</string>
			<key>Persistent ID</key><string>AC017E4D407AD98E</string>
			<key>Track Type</key><string>Remote</string>
			<key>Apple Music</key><true/>
		</dict>
		<key>13467</key>
		<dict>
			<key>Track ID</key><integer>13467</integer>
			<key>Name</key><string>Narrow Margins</string>
			<key>Artist</key><string>Half Moon Run</string>
			<key>Album Artist</key><string>Half Moon Run</string>
			<key>Composer</key><string>Half Moon Run</string>
			<key>Album</key><string>Sun Leads Me On</string>
			<key>Genre</key><string>Music</string>
			<key>Kind</key><string>Apple Music AAC audio file</string>
			<key>Size</key><integer>9278367</integer>
			<key>Total Time</key><integer>250933</integer>
			<key>Disc Number</key><integer>1</integer>
			<key>Disc Count</key><integer>1</integer>
			<key>Track Number</key><integer>6</integer>
			<key>Track Count</key><integer>13</integer>
			<key>Year</key><integer>2015</integer>
			<key>Date Modified</key><date>2024-01-10T19:02:19Z</date>
			<key>Date Added</key><date>2024-01-10T19:02:19Z</date>
			<key>Bit Rate</key><integer>256</integer>
			<key>Sample Rate</key><integer>44100</integer>
			<key>Play Count</key><integer>20</integer>
			<key>Play Date</key><integer>3817627809</integer>
			<key>Play Date UTC</key><date>2024-12-21T19:10:09Z</date>
			<key>Release Date</key><date>2015-10-23T12:00:00Z</date>
			<key>Loved</key><true/>
			<key>Artwork Count</key><integer>1</integer>
			<key>Sort Album</key><string>Sun Leads Me On</string>
			<key>Sort Artist</key><string>Half Moon Run</string>
			<key>Sort Name</key><string>Narrow Margins</string>
			<key>Persistent ID</key><string>6E584AA0A2305544</string>
			<key>Track Type</key><string>Remote</string>
			<key>Apple Music</key><true/>
		</dict>
		<key>13471</key>
		<dict>
			<key>Track ID</key><integer>13471</integer>
			<key>Name</key><string>Heads Will Roll</string>
			<key>Artist</key><string>Yeah Yeah Yeahs</string>
			<key>Album Artist</key><string>Yeah Yeah Yeahs</string>
			<key>Composer</key><string>Karen Orzolek, Nick Zinner &#38; Brian Chase</string>
			<key>Album</key><string>It's Blitz! (Deluxe Edition)</string>
			<key>Genre</key><string>Music</string>
			<key>Kind</key><string>Apple Music AAC audio file</string>
			<key>Size</key><integer>8177333</integer>
			<key>Total Time</key><integer>221000</integer>
			<key>Disc Number</key><integer>1</integer>
			<key>Disc Count</key><integer>1</integer>
			<key>Track Number</key><integer>2</integer>
			<key>Track Count</key><integer>15</integer>
			<key>Year</key><integer>2009</integer>
			<key>Date Modified</key><date>2024-01-21T02:12:57Z</date>
			<key>Date Added</key><date>2024-01-21T02:12:57Z</date>
			<key>Bit Rate</key><integer>256</integer>
			<key>Sample Rate</key><integer>44100</integer>
			<key>Play Count</key><integer>3</integer>
			<key>Play Date</key><integer>3795866292</integer>
			<key>Play Date UTC</key><date>2024-04-13T21:18:12Z</date>
			<key>Release Date</key><date>2009-03-06T12:00:00Z</date>
			<key>Loved</key><true/>
			<key>Artwork Count</key><integer>1</integer>
			<key>Sort Album</key><string>It's Blitz! (Deluxe Edition)</string>
			<key>Sort Artist</key><string>Yeah Yeah Yeahs</string>
			<key>Sort Name</key><string>Heads Will Roll</string>
			<key>Persistent ID</key><string>19B48C60533DB696</string>
			<key>Track Type</key><string>Remote</string>
			<key>Apple Music</key><true/>
		</dict>
		<key>13473</key>
		<dict>
			<key>Track ID</key><integer>13473</integer>
			<key>Name</key><string>Friend of a Friend</string>
			<key>Artist</key><string>The Smile</string>
			<key>Album Artist</key><string>The Smile</string>
			<key>Composer</key><string>Jonny Greenwood, Tom Skinner &#38; Thom Yorke</string>
			<key>Album</key><string>Wall of Eyes</string>
			<key>Genre</key><string>Music</string>
			<key>Kind</key><string>Apple Music AAC audio file</string>
			<key>Size</key><integer>9712447</integer>
			<key>Total Time</key><integer>275200</integer>
			<key>Disc Number</key><integer>1</integer>
			<key>Disc Count</key><integer>1</integer>
			<key>Track Number</key><integer>5</integer>
			<key>Track Count</key><integer>8</integer>
			<key>Year</key><integer>2024</integer>
			<key>Date Modified</key><date>2024-01-26T19:53:05Z</date>
			<key>Date Added</key><date>2024-01-26T19:53:05Z</date>
			<key>Bit Rate</key><integer>256</integer>
			<key>Sample Rate</key><integer>44100</integer>
			<key>Play Count</key><integer>10</integer>
			<key>Play Date</key><integer>3814117654</integer>
			<key>Play Date UTC</key><date>2024-11-11T04:07:34Z</date>
			<key>Skip Count</key><integer>4</integer>
			<key>Skip Date</key><date>2024-10-16T01:55:34Z</date>
			<key>Release Date</key><date>2024-01-26T12:00:00Z</date>
			<key>Loved</key><true/>
			<key>Artwork Count</key><integer>1</integer>
			<key>Sort Album</key><string>Wall of Eyes</string>
			<key>Sort Album Artist</key><string>Smile</string>
			<key>Sort Artist</key><string>Smile</string>
			<key>Sort Name</key><string>Friend of a Friend</string>
			<key>Persistent ID</key><string>E66C5B660BDC0E66</string>
			<key>Track Type</key><string>Remote</string>
			<key>Apple Music</key><true/>
		</dict>
		<key>13475</key>
		<dict>
			<key>Track ID</key><integer>13475</integer>
			<key>Name</key><string>Mother Nature</string>
			<key>Artist</key><string>MGMT</string>
			<key>Album Artist</key><string>MGMT</string>
			<key>Composer</key><string>Ben Goldwasser &#38; Brian Joseph Burton</string>
			<key>Album</key><string>Loss Of Life</string>
			<key>Genre</key><string>Music</string>
			<key>Kind</key><string>Apple Music AAC audio file</string>
			<key>Size</key><integer>9289143</integer>
			<key>Total Time</key><integer>236427</integer>
			<key>Disc Number</key><integer>1</integer>
			<key>Disc Count</key><integer>1</integer>
			<key>Track Number</key><integer>2</integer>
			<key>Track Count</key><integer>10</integer>
			<key>Year</key><integer>2023</integer>
			<key>Date Modified</key><date>2024-01-29T00:54:15Z</date>
			<key>Date Added</key><date>2024-01-29T00:54:15Z</date>
			<key>Bit Rate</key><integer>256</integer>
			<key>Sample Rate</key><integer>44100</integer>
			<key>Play Count</key><integer>130</integer>
			<key>Play Date</key><integer>3816936990</integer>
			<key>Play Date UTC</key><date>2024-12-13T19:16:30Z</date>
			<key>Skip Count</key><integer>4</integer>
			<key>Skip Date</key><date>2025-01-10T16:52:32Z</date>
			<key>Release Date</key><date>2023-10-31T12:00:00Z</date>
			<key>Loved</key><true/>
			<key>Artwork Count</key><integer>1</integer>
			<key>Sort Album</key><string>Loss Of Life</string>
			<key>Sort Artist</key><string>MGMT</string>
			<key>Sort Name</key><string>Mother Nature</string>
			<key>Persistent ID</key><string>10471849C9E07653</string>
			<key>Track Type</key><string>Remote</string>
			<key>Apple Music</key><true/>
		</dict>
		<key>13477</key>
		<dict>
			<key>Track ID</key><integer>13477</integer>
			<key>Name</key><string>Wall Of Eyes</string>
			<key>Artist</key><string>The Smile</string>
			<key>Album Artist</key><string>The Smile</string>
			<key>Composer</key><string>Jonny Greenwood, Tom Skinner &#38; Thom Yorke</string>
			<key>Album</key><string>Wall of Eyes</string>
			<key>Genre</key><string>Music</string>
			<key>Kind</key><string>Apple Music AAC audio file</string>
			<key>Size</key><integer>11242001</integer>
			<key>Total Time</key><integer>305947</integer>
			<key>Disc Number</key><integer>1</integer>
			<key>Disc Count</key><integer>1</integer>
			<key>Track Number</key><integer>1</integer>
			<key>Track Count</key><integer>8</integer>
			<key>Year</key><integer>2023</integer>
			<key>Date Modified</key><date>2024-01-29T16:43:29Z</date>
			<key>Date Added</key><date>2024-01-29T16:43:29Z</date>
			<key>Bit Rate</key><integer>256</integer>
			<key>Sample Rate</key><integer>44100</integer>
			<key>Play Count</key><integer>10</integer>
			<key>Play Date</key><integer>3814165883</integer>
			<key>Play Date UTC</key><date>2024-11-11T17:31:23Z</date>
			<key>Release Date</key><date>2023-11-13T08:00:00Z</date>
			<key>Loved</key><true/>
			<key>Artwork Count</key><integer>1</integer>
			<key>Sort Album</key><string>Wall of Eyes</string>
			<key>Sort Album Artist</key><string>Smile</string>
			<key>Sort Artist</key><string>Smile</string>
			<key>Sort Name</key><string>Wall Of Eyes</string>
			<key>Persistent ID</key><string>0E478701FE0EE9A1</string>
			<key>Track Type</key><string>Remote</string>
			<key>Apple Music</key><true/>
		</dict>
		<key>13491</key>
		<dict>
			<key>Track ID</key><integer>13491</integer>
			<key>Name</key><string>Throwing Stones</string>
			<key>Artist</key><string>Richie Quake</string>
			<key>Album Artist</key><string>Richie Quake</string>
			<key>Composer</key><string>Richie Quake &#38; Andreas Stavropolis</string>
			<key>Album</key><string>Dog</string>
			<key>Genre</key><string>Music</string>
			<key>Kind</key><string>Apple Music AAC audio file</string>
			<key>Size</key><integer>7099893</integer>
			<key>Total Time</key><integer>192816</integer>
			<key>Disc Number</key><integer>1</integer>
			<key>Disc Count</key><integer>1</integer>
			<key>Track Number</key><integer>6</integer>
			<key>Track Count</key><integer>10</integer>
			<key>Year</key><integer>2023</integer>
			<key>Date Modified</key><date>2024-01-30T00:45:49Z</date>
			<key>Date Added</key><date>2024-01-30T00:45:49Z</date>
			<key>Bit Rate</key><integer>256</integer>
			<key>Sample Rate</key><integer>44100</integer>
			<key>Play Count</key><integer>68</integer>
			<key>Play Date</key><integer>3832136706</integer>
			<key>Play Date UTC</key><date>2025-06-07T16:25:06Z</date>
			<key>Skip Count</key><integer>4</integer>
			<key>Skip Date</key><date>2024-12-27T04:46:56Z</date>
			<key>Release Date</key><date>2023-11-15T12:00:00Z</date>
			<key>Loved</key><true/>
			<key>Artwork Count</key><integer>1</integer>
			<key>Sort Album</key><string>Dog</string>
			<key>Sort Artist</key><string>Richie Quake</string>
			<key>Sort Name</key><string>Throwing Stones</string>
			<key>Persistent ID</key><string>4B5A9CDD05A6A06B</string>
			<key>Track Type</key><string>Remote</string>
			<key>Apple Music</key><true/>
		</dict>
		<key>13493</key>
		<dict>
			<key>Track ID</key><integer>13493</integer>
			<key>Name</key><string>Turn into Something</string>
			<key>Artist</key><string>Animal Collective</string>
			<key>Album Artist</key><string>Animal Collective</string>
			<key>Composer</key><string>Animal Collective</string>
			<key>Album</key><string>Feels</string>
			<key>Genre</key><string>Music</string>
			<key>Kind</key><string>Apple Music AAC audio file</string>
			<key>Size</key><integer>13528318</integer>
			<key>Total Time</key><integer>389787</integer>
			<key>Disc Number</key><integer>1</integer>
			<key>Disc Count</key><integer>1</integer>
			<key>Track Number</key><integer>9</integer>
			<key>Track Count</key><integer>9</integer>
			<key>Year</key><integer>2005</integer>
			<key>Date Modified</key><date>2024-02-01T02:17:17Z</date>
			<key>Date Added</key><date>2024-02-01T02:17:17Z</date>
			<key>Bit Rate</key><integer>256</integer>
			<key>Sample Rate</key><integer>44100</integer>
			<key>Play Count</key><integer>9</integer>
			<key>Play Date</key><integer>3814126062</integer>
			<key>Play Date UTC</key><date>2024-11-11T06:27:42Z</date>
			<key>Skip Count</key><integer>2</integer>
			<key>Skip Date</key><date>2024-11-04T07:35:24Z</date>
			<key>Release Date</key><date>2005-01-01T12:00:00Z</date>
			<key>Loved</key><true/>
			<key>Artwork Count</key><integer>1</integer>
			<key>Sort Album</key><string>Feels</string>
			<key>Sort Artist</key><string>Animal Collective</string>
			<key>Sort Name</key><string>Turn into Something</string>
			<key>Persistent ID</key><string>88AF0C3498F2A304</string>
			<key>Track Type</key><string>Remote</string>
			<key>Apple Music</key><true/>
		</dict>
		<key>13495</key>
		<dict>
			<key>Track ID</key><integer>13495</integer>
			<key>Name</key><string>Take What's Given</string>
			<key>Artist</key><string>BADBADNOTGOOD</string>
			<key>Album Artist</key><string>BADBADNOTGOOD</string>
			<key>Composer</key><string>Alexander Sowinski, Chester Hansen, Leland Whitty, Kaelin Murphy &#38; Felix-Fox Pappas</string>
			<key>Album</key><string>Take What's Given - Single</string>
			<key>Genre</key><string>Music</string>
			<key>Kind</key><string>Apple Music AAC audio file</string>
			<key>Size</key><integer>7292140</integer>
			<key>Total Time</key><integer>174257</integer>
			<key>Disc Number</key><integer>1</integer>
			<key>Disc Count</key><integer>1</integer>
			<key>Track Number</key><integer>1</integer>
			<key>Track Count</key><integer>1</integer>
			<key>Year</key><integer>2024</integer>
			<key>Date Modified</key><date>2024-02-03T02:16:08Z</date>
			<key>Date Added</key><date>2024-02-03T02:16:08Z</date>
			<key>Bit Rate</key><integer>256</integer>
			<key>Sample Rate</key><integer>44100</integer>
			<key>Play Count</key><integer>3</integer>
			<key>Play Date</key><integer>3792565857</integer>
			<key>Play Date UTC</key><date>2024-03-06T17:30:57Z</date>
			<key>Skip Count</key><integer>1</integer>
			<key>Skip Date</key><date>2024-03-17T07:28:28Z</date>
			<key>Release Date</key><date>2024-02-01T12:00:00Z</date>
			<key>Loved</key><true/>
			<key>Artwork Count</key><integer>1</integer>
			<key>Sort Album</key><string>Take What's Given - Single</string>
			<key>Sort Artist</key><string>BADBADNOTGOOD</string>
			<key>Sort Name</key><string>Take What's Given</string>
			<key>Persistent ID</key><string>18E642116D64EC33</string>
			<key>Track Type</key><string>Remote</string>
			<key>Apple Music</key><true/>
		</dict>
		<key>13497</key>
		<dict>
			<key>Track ID</key><integer>13497</integer>
			<key>Name</key><string>drive ME crazy!</string>
			<key>Artist</key><string>Lil Yachty</string>
			<key>Album Artist</key><string>Lil Yachty</string>
			<key>Composer</key><string>Benjamin Goldwasser, nami, Jeremiah Raisen, Macbriare Samuel Lanyon Demarco, Miles Parks McCollum, Patrick Wimberly, RUE &#38; Teo Lucas Halm</string>
			<key>Album</key><string>Let’s Start Here.</string>
			<key>Genre</key><string>Music</string>
			<key>Kind</key><string>Apple Music AAC audio file</string>
			<key>Size</key><integer>8333344</integer>
			<key>Total Time</key><integer>229805</integer>
			<key>Disc Number</key><integer>1</integer>
			<key>Disc Count</key><integer>1</integer>
			<key>Track Number</key><integer>8</integer>
			<key>Track Count</key><integer>14</integer>
			<key>Year</key><integer>2023</integer>
			<key>Date Modified</key><date>2024-02-08T04:07:27Z</date>
			<key>Date Added</key><date>2024-02-08T04:07:27Z</date>
			<key>Bit Rate</key><integer>256</integer>
			<key>Sample Rate</key><integer>44100</integer>
			<key>Play Count</key><integer>111</integer>
			<key>Play Date</key><integer>3816938470</integer>
			<key>Play Date UTC</key><date>2024-12-13T19:41:10Z</date>
			<key>Skip Count</key><integer>5</integer>
			<key>Skip Date</key><date>2024-11-04T08:19:22Z</date>
			<key>Release Date</key><date>2023-01-27T12:00:00Z</date>
			<key>Loved</key><true/>
			<key>Artwork Count</key><integer>1</integer>
			<key>Sort Album</key><string>Let’s Start Here.</string>
			<key>Sort Artist</key><string>Lil Yachty</string>
			<key>Sort Name</key><string>drive ME crazy!</string>
			<key>Persistent ID</key><string>45AC7F4524B69351</string>
			<key>Explicit</key><true/>
			<key>Track Type</key><string>Remote</string>
			<key>Apple Music</key><true/>
		</dict>
		<key>13499</key>
		<dict>
			<key>Track ID</key><integer>13499</integer>
			<key>Name</key><string>the BLACK seminole.</string>
			<key>Artist</key><string>Lil Yachty</string>
			<key>Album Artist</key><string>Lil Yachty</string>
			<key>Composer</key><string>Jacob Portrait, Jeremiah Raisen, Justin Raisen, Miles Parks McCollum, Patrick Wimberly, Joe Kennedy &#38; Anthony Paul Lopez</string>
			<key>Album</key><string>Let’s Start Here.</string>
			<key>Genre</key><string>Music</string>
			<key>Kind</key><string>Apple Music AAC audio file</string>
			<key>Size</key><integer>14593294</integer>
			<key>Total Time</key><integer>411912</integer>
			<key>Disc Number</key><integer>1</integer>
			<key>Disc Count</key><integer>1</integer>
			<key>Track Number</key><integer>1</integer>
			<key>Track Count</key><integer>14</integer>
			<key>Year</key><integer>2023</integer>
			<key>Date Modified</key><date>2024-02-08T04:10:26Z</date>
			<key>Date Added</key><date>2024-02-08T04:10:26Z</date>
			<key>Bit Rate</key><integer>256</integer>
			<key>Sample Rate</key><integer>44100</integer>
			<key>Play Count</key><integer>79</integer>
			<key>Play Date</key><integer>3816681887</integer>
			<key>Play Date UTC</key><date>2024-12-10T20:24:47Z</date>
			<key>Skip Count</key><integer>1</integer>
			<key>Skip Date</key><date>2024-12-27T04:40:13Z</date>
			<key>Release Date</key><date>2023-01-27T12:00:00Z</date>
			<key>Loved</key><true/>
			<key>Artwork Count</key><integer>1</integer>
			<key>Sort Album</key><string>Let’s Start Here.</string>
			<key>Sort Artist</key><string>Lil Yachty</string>
			<key>Sort Name</key><string>BLACK seminole.</string>
			<key>Persistent ID</key><string>38B03B2BCEC9655F</string>
			<key>Track Type</key><string>Remote</string>
			<key>Apple Music</key><true/>
		</dict>
		<key>13501</key>
		<dict>
			<key>Track ID</key><integer>13501</integer>
			<key>Name</key><string>the ride-</string>
			<key>Artist</key><string>Lil Yachty</string>
			<key>Album Artist</key><string>Lil Yachty</string>
			<key>Composer</key><string>Aaron Thomas, Jack Latham, Jeremiah Raisen, Justin Raisen, Miles Parks McCollum, Miles Robinson &#38; Patrick Wimberly</string>
			<key>Album</key><string>Let’s Start Here.</string>
			<key>Genre</key><string>Music</string>
			<key>Kind</key><string>Apple Music AAC audio file</string>
			<key>Size</key><integer>6972625</integer>
			<key>Total Time</key><integer>190581</integer>
			<key>Disc Number</key><integer>1</integer>
			<key>Disc Count</key><integer>1</integer>
			<key>Track Number</key><integer>2</integer>
			<key>Track Count</key><integer>14</integer>
			<key>Year</key><integer>2023</integer>
			<key>Date Modified</key><date>2024-02-08T04:10:26Z</date>
			<key>Date Added</key><date>2024-02-08T04:10:26Z</date>
			<key>Bit Rate</key><integer>256</integer>
			<key>Sample Rate</key><integer>44100</integer>
			<key>Play Count</key><integer>53</integer>
			<key>Play Date</key><integer>3816931689</integer>
			<key>Play Date UTC</key><date>2024-12-13T17:48:09Z</date>
			<key>Skip Count</key><integer>1</integer>
			<key>Skip Date</key><date>2024-12-27T20:06:47Z</date>
			<key>Release Date</key><date>2023-01-27T12:00:00Z</date>
			<key>Loved</key><true/>
			<key>Artwork Count</key><integer>1</integer>
			<key>Sort Album</key><string>Let’s Start Here.</string>
			<key>Sort Artist</key><string>Lil Yachty</string>
			<key>Sort Name</key><string>ride-</string>
			<key>Persistent ID</key><string>F4726C96A22A99F9</string>
			<key>Track Type</key><string>Remote</string>
			<key>Apple Music</key><true/>
		</dict>
		<key>13503</key>
		<dict>
			<key>Track ID</key><integer>13503</integer>
			<key>Name</key><string>running out of time</string>
			<key>Artist</key><string>Lil Yachty</string>
			<key>Album Artist</key><string>Lil Yachty</string>
			<key>Composer</key><string>Jeremiah Raisen, Justin Raisen, Matthew Lewin, Mica Tenenbaum, Miles Parks McCollum, Patrick Wimberly, aris tatalovich &#38; Justine Skye</string>
			<key>Album</key><string>Let’s Start Here.</string>
			<key>Genre</key><string>Music</string>
			<key>Kind</key><string>Apple Music AAC audio file</string>
			<key>Size</key><integer>10320573</integer>
			<key>Total Time</key><integer>269245</integer>
			<key>Disc Number</key><integer>1</integer>
			<key>Disc Count</key><integer>1</integer>
			<key>Track Number</key><integer>3</integer>
			<key>Track Count</key><integer>14</integer>
			<key>Year</key><integer>2023</integer>
			<key>Date Modified</key><date>2024-02-08T04:10:26Z</date>
			<key>Date Added</key><date>2024-02-08T04:10:26Z</date>
			<key>Bit Rate</key><integer>256</integer>
			<key>Sample Rate</key><integer>44100</integer>
			<key>Play Count</key><integer>61</integer>
			<key>Play Date</key><integer>3832135335</integer>
			<key>Play Date UTC</key><date>2025-06-07T16:02:15Z</date>
			<key>Release Date</key><date>2023-01-27T12:00:00Z</date>
			<key>Loved</key><true/>
			<key>Artwork Count</key><integer>1</integer>
			<key>Sort Album</key><string>Let’s Start Here.</string>
			<key>Sort Artist</key><string>Lil Yachty</string>
			<key>Sort Name</key><string>running out of time</string>
			<key>Persistent ID</key><string>653428F6C7EEF1B8</string>
			<key>Track Type</key><string>Remote</string>
			<key>Apple Music</key><true/>
		</dict>
		<key>13557</key>
		<dict>
			<key>Track ID</key><integer>13557</integer>
			<key>Name</key><string>All or None</string>
			<key>Artist</key><string>Pearl Jam</string>
			<key>Album Artist</key><string>Pearl Jam</string>
			<key>Composer</key><string>Stone Gossard</string>
			<key>Album</key><string>Riot Act</string>
			<key>Genre</key><string>Music</string>
			<key>Kind</key><string>Apple Music AAC audio file</string>
			<key>Size</key><integer>10150394</integer>
			<key>Total Time</key><integer>277409</integer>
			<key>Disc Number</key><integer>1</integer>
			<key>Disc Count</key><integer>1</integer>
			<key>Track Number</key><integer>15</integer>
			<key>Track Count</key><integer>15</integer>
			<key>Year</key><integer>2002</integer>
			<key>Date Modified</key><date>2024-02-12T05:32:31Z</date>
			<key>Date Added</key><date>2024-02-12T05:32:31Z</date>
			<key>Bit Rate</key><integer>256</integer>
			<key>Sample Rate</key><integer>44100</integer>
			<key>Play Count</key><integer>10</integer>
			<key>Play Date</key><integer>3814108210</integer>
			<key>Play Date UTC</key><date>2024-11-11T01:30:10Z</date>
			<key>Skip Count</key><integer>1</integer>
			<key>Skip Date</key><date>2024-11-10T20:27:47Z</date>
			<key>Release Date</key><date>2002-11-12T08:00:00Z</date>
			<key>Loved</key><true/>
			<key>Artwork Count</key><integer>1</integer>
			<key>Sort Album</key><string>Riot Act</string>
			<key>Sort Artist</key><string>Pearl Jam</string>
			<key>Sort Name</key><string>All or None</string>
			<key>Persistent ID</key><string>128CFD6F6BE98122</string>
			<key>Track Type</key><string>Remote</string>
			<key>Apple Music</key><true/>
		</dict>
		<key>13575</key>
		<dict>
			<key>Track ID</key><integer>13575</integer>
			<key>Name</key><string>Music Is Math</string>
			<key>Artist</key><string>Boards of Canada</string>
			<key>Album Artist</key><string>Boards of Canada</string>
			<key>Album</key><string>Geogaddi</string>
			<key>Genre</key><string>Music</string>
			<key>Kind</key><string>Apple Music AAC audio file</string>
			<key>Size</key><integer>11284191</integer>
			<key>Total Time</key><integer>321453</integer>
			<key>Disc Number</key><integer>1</integer>
			<key>Disc Count</key><integer>1</integer>
			<key>Track Number</key><integer>2</integer>
			<key>Track Count</key><integer>23</integer>
			<key>Year</key><integer>2002</integer>
			<key>Date Modified</key><date>2024-02-24T17:06:43Z</date>
			<key>Date Added</key><date>2024-02-24T17:06:43Z</date>
			<key>Bit Rate</key><integer>256</integer>
			<key>Sample Rate</key><integer>44100</integer>
			<key>Play Count</key><integer>9</integer>
			<key>Play Date</key><integer>3814116867</integer>
			<key>Play Date UTC</key><date>2024-11-11T03:54:27Z</date>
			<key>Skip Count</key><integer>1</integer>
			<key>Skip Date</key><date>2024-11-18T16:09:51Z</date>
			<key>Release Date</key><date>2002-02-13T08:00:00Z</date>
			<key>Loved</key><true/>
			<key>Artwork Count</key><integer>1</integer>
			<key>Sort Album</key><string>Geogaddi</string>
			<key>Sort Artist</key><string>Boards of Canada</string>
			<key>Sort Name</key><string>Music Is Math</string>
			<key>Persistent ID</key><string>4BD31A0D723BBE18</string>
			<key>Track Type</key><string>Remote</string>
			<key>Apple Music</key><true/>
		</dict>
		<key>13705</key>
		<dict>
			<key>Track ID</key><integer>13705</integer>
			<key>Name</key><string>Dancing In Babylon (feat. Christine and the Queens)</string>
			<key>Artist</key><string>MGMT</string>
			<key>Album Artist</key><string>MGMT</string>
			<key>Composer</key><string>Ben Goldwasser &#38; James Richardson</string>
			<key>Album</key><string>Loss Of Life</string>
			<key>Genre</key><string>Music</string>
			<key>Kind</key><string>Apple Music AAC audio file</string>
			<key>Size</key><integer>10711979</integer>
			<key>Total Time</key><integer>292093</integer>
			<key>Disc Number</key><integer>1</integer>
			<key>Disc Count</key><integer>1</integer>
			<key>Track Number</key><integer>3</integer>
			<key>Track Count</key><integer>10</integer>
			<key>Year</key><integer>2024</integer>
			<key>Date Modified</key><date>2024-02-27T07:21:54Z</date>
			<key>Date Added</key><date>2024-02-27T07:21:54Z</date>
			<key>Bit Rate</key><integer>256</integer>
			<key>Sample Rate</key><integer>44100</integer>
			<key>Play Count</key><integer>110</integer>
			<key>Play Date</key><integer>3832135065</integer>
			<key>Play Date UTC</key><date>2025-06-07T15:57:45Z</date>
			<key>Skip Count</key><integer>2</integer>
			<key>Skip Date</key><date>2024-11-29T08:01:54Z</date>
			<key>Release Date</key><date>2024-01-10T12:00:00Z</date>
			<key>Loved</key><true/>
			<key>Artwork Count</key><integer>1</integer>
			<key>Sort Album</key><string>Loss Of Life</string>
			<key>Sort Artist</key><string>MGMT</string>
			<key>Sort Name</key><string>Dancing In Babylon (feat. Christine and the Queens)</string>
			<key>Persistent ID</key><string>3575AF72156406BE</string>
			<key>Track Type</key><string>Remote</string>
			<key>Apple Music</key><true/>
		</dict>
		<key>13721</key>
		<dict>
			<key>Track ID</key><integer>13721</integer>
			<key>Name</key><string>She's a Rainbow</string>
			<key>Artist</key><string>The Rolling Stones</string>
			<key>Album Artist</key><string>The Rolling Stones</string>
			<key>Composer</key><string>Mick Jagger &#38; Keith Richards</string>
			<key>Album</key><string>Their Satanic Majesties Request</string>
			<key>Genre</key><string>Music</string>
			<key>Kind</key><string>Apple Music AAC audio file</string>
			<key>Size</key><integer>9741413</integer>
			<key>Total Time</key><integer>275078</integer>
			<key>Disc Number</key><integer>1</integer>
			<key>Disc Count</key><integer>1</integer>
			<key>Track Number</key><integer>6</integer>
			<key>Track Count</key><integer>10</integer>
			<key>Year</key><integer>1967</integer>
			<key>Date Modified</key><date>2024-03-03T08:44:46Z</date>
			<key>Date Added</key><date>2024-03-03T08:44:46Z</date>
			<key>Bit Rate</key><integer>256</integer>
			<key>Sample Rate</key><integer>44100</integer>
			<key>Play Count</key><integer>17</integer>
			<key>Play Date</key><integer>3816398730</integer>
			<key>Play Date UTC</key><date>2024-12-07T13:45:30Z</date>
			<key>Release Date</key><date>1967-12-08T12:00:00Z</date>
			<key>Loved</key><true/>
			<key>Artwork Count</key><integer>1</integer>
			<key>Sort Album</key><string>Their Satanic Majesties Request</string>
			<key>Sort Album Artist</key><string>Rolling Stones</string>
			<key>Sort Artist</key><string>Rolling Stones</string>
			<key>Sort Name</key><string>She's a Rainbow</string>
			<key>Persistent ID</key><string>972A0E847235D8FD</string>
			<key>Track Type</key><string>Remote</string>
			<key>Apple Music</key><true/>
		</dict>
		<key>13723</key>
		<dict>
			<key>Track ID</key><integer>13723</integer>
			<key>Name</key><string>Weapon of Choice</string>
			<key>Artist</key><string>Fatboy Slim</string>
			<key>Album Artist</key><string>Fatboy Slim</string>
			<key>Composer</key><string>Andreas Titus, Ashley Slater, Bootsy Collins, Norman Cook, Sylvester Stewart &#38; William McLean</string>
			<key>Album</key><string>Halfway Between the Gutter and the Stars</string>
			<key>Genre</key><string>Music</string>
			<key>Kind</key><string>Apple Music AAC audio file</string>
			<key>Size</key><integer>12011900</integer>
			<key>Total Time</key><integer>345893</integer>
			<key>Disc Number</key><integer>1</integer>
			<key>Disc Count</key><integer>1</integer>
			<key>Track Number</key><integer>8</integer>
			<key>Track Count</key><integer>12</integer>
			<key>Year</key><integer>2000</integer>
			<key>Date Modified</key><date>2024-03-03T21:49:23Z</date>
			<key>Date Added</key><date>2024-03-03T21:49:23Z</date>
			<key>Bit Rate</key><integer>256</integer>
			<key>Sample Rate</key><integer>44100</integer>
			<key>Play Count</key><integer>2</integer>
			<key>Play Date</key><integer>3792402052</integer>
			<key>Play Date UTC</key><date>2024-03-04T20:00:52Z</date>
			<key>Release Date</key><date>2000-01-01T12:00:00Z</date>
			<key>Loved</key><true/>
			<key>Artwork Count</key><integer>1</integer>
			<key>Sort Album</key><string>Halfway Between the Gutter and the Stars</string>
			<key>Sort Artist</key><string>Fatboy Slim</string>
			<key>Sort Name</key><string>Weapon of Choice</string>
			<key>Persistent ID</key><string>13519976E1544D53</string>
			<key>Track Type</key><string>Remote</string>
			<key>Apple Music</key><true/>
		</dict>
		<key>13725</key>
		<dict>
			<key>Track ID</key><integer>13725</integer>
			<key>Name</key><string>Here's Where The Story Ends</string>
			<key>Artist</key><string>The Sundays</string>
			<key>Album Artist</key><string>The Sundays</string>
			<key>Composer</key><string>David Gavurin &#38; Harriet Wheeler</string>
			<key>Album</key><string>Reading, Writing And Arithmetic</string>
			<key>Genre</key><string>Music</string>
			<key>Kind</key><string>Apple Music AAC audio file</string>
			<key>Size</key><integer>9003577</integer>
			<key>Total Time</key><integer>234928</integer>
			<key>Disc Number</key><integer>1</integer>
			<key>Disc Count</key><integer>1</integer>
			<key>Track Number</key><integer>2</integer>
			<key>Track Count</key><integer>10</integer>
			<key>Year</key><integer>1990</integer>
			<key>Date Modified</key><date>2024-03-06T01:09:45Z</date>
			<key>Date Added</key><date>2024-03-06T01:09:45Z</date>
			<key>Bit Rate</key><integer>256</integer>
			<key>Sample Rate</key><integer>44100</integer>
			<key>Play Count</key><integer>2</integer>
			<key>Play Date</key><integer>3792578679</integer>
			<key>Play Date UTC</key><date>2024-03-06T21:04:39Z</date>
			<key>Skip Count</key><integer>1</integer>
			<key>Skip Date</key><date>2024-03-06T01:16:12Z</date>
			<key>Release Date</key><date>1990-01-15T12:00:00Z</date>
			<key>Loved</key><true/>
			<key>Artwork Count</key><integer>1</integer>
			<key>Sort Album</key><string>Reading, Writing And Arithmetic</string>
			<key>Sort Album Artist</key><string>Sundays</string>
			<key>Sort Artist</key><string>Sundays</string>
			<key>Sort Name</key><string>Here's Where The Story Ends</string>
			<key>Persistent ID</key><string>5F3C7B22EDFD9B19</string>
			<key>Track Type</key><string>Remote</string>
			<key>Apple Music</key><true/>
		</dict>
		<key>13727</key>
		<dict>
			<key>Track ID</key><integer>13727</integer>
			<key>Name</key><string>Break It Off</string>
			<key>Artist</key><string>PinkPantheress</string>
			<key>Album Artist</key><string>PinkPantheress</string>
			<key>Composer</key><string>Adam Fenton &#38; PinkPantheress</string>
			<key>Album</key><string>to hell with it</string>
			<key>Genre</key><string>Music</string>
			<key>Kind</key><string>Apple Music AAC audio file</string>
			<key>Size</key><integer>3723341</integer>
			<key>Total Time</key><integer>95318</integer>
			<key>Disc Number</key><integer>1</integer>
			<key>Disc Count</key><integer>1</integer>
			<key>Track Number</key><integer>10</integer>
			<key>Year</key><integer>2020</integer>
			<key>Date Modified</key><date>2024-03-13T17:38:30Z</date>
			<key>Date Added</key><date>2024-03-13T17:38:30Z</date>
			<key>Bit Rate</key><integer>256</integer>
			<key>Sample Rate</key><integer>44100</integer>
			<key>Play Count</key><integer>24</integer>
			<key>Play Date</key><integer>3816524215</integer>
			<key>Play Date UTC</key><date>2024-12-09T00:36:55Z</date>
			<key>Release Date</key><date>2020-11-20T12:00:00Z</date>
			<key>Loved</key><true/>
			<key>Artwork Count</key><integer>1</integer>
			<key>Sort Album</key><string>to hell with it</string>
			<key>Sort Artist</key><string>PinkPantheress</string>
			<key>Sort Name</key><string>Break It Off</string>
			<key>Persistent ID</key><string>3BAA916618AD72EA</string>
			<key>Track Type</key><string>Remote</string>
			<key>Apple Music</key><true/>
		</dict>
		<key>13769</key>
		<dict>
			<key>Track ID</key><integer>13769</integer>
			<key>Name</key><string>Classical</string>
			<key>Artist</key><string>Vampire Weekend</string>
			<key>Album Artist</key><string>Vampire Weekend</string>
			<key>Composer</key><string>Ezra Koenig</string>
			<key>Album</key><string>Only God Was Above Us</string>
			<key>Genre</key><string>Music</string>
			<key>Kind</key><string>Apple Music AAC audio file</string>
			<key>Size</key><integer>9885069</integer>
			<key>Total Time</key><integer>259947</integer>
			<key>Disc Number</key><integer>1</integer>
			<key>Disc Count</key><integer>1</integer>
			<key>Track Number</key><integer>2</integer>
			<key>Track Count</key><integer>10</integer>
			<key>Year</key><integer>2024</integer>
			<key>Date Modified</key><date>2024-04-05T05:36:53Z</date>
			<key>Date Added</key><date>2024-04-05T05:36:53Z</date>
			<key>Bit Rate</key><integer>256</integer>
			<key>Sample Rate</key><integer>44100</integer>
			<key>Play Count</key><integer>54</integer>
			<key>Play Date</key><integer>3816529338</integer>
			<key>Play Date UTC</key><date>2024-12-09T02:02:18Z</date>
			<key>Skip Count</key><integer>4</integer>
			<key>Skip Date</key><date>2024-12-08T08:36:11Z</date>
			<key>Release Date</key><date>2024-03-15T07:00:00Z</date>
			<key>Loved</key><true/>
			<key>Artwork Count</key><integer>1</integer>
			<key>Sort Album</key><string>Only God Was Above Us</string>
			<key>Sort Artist</key><string>Vampire Weekend</string>
			<key>Sort Name</key><string>Classical</string>
			<key>Persistent ID</key><string>36678B14781831CE</string>
			<key>Track Type</key><string>Remote</string>
			<key>Apple Music</key><true/>
		</dict>
		<key>13771</key>
		<dict>
			<key>Track ID</key><integer>13771</integer>
			<key>Name</key><string>Capricorn</string>
			<key>Artist</key><string>Vampire Weekend</string>
			<key>Album Artist</key><string>Vampire Weekend</string>
			<key>Composer</key><string>Ezra Koenig</string>
			<key>Album</key><string>Only God Was Above Us</string>
			<key>Genre</key><string>Music</string>
			<key>Kind</key><string>Apple Music AAC audio file</string>
			<key>Size</key><integer>8822264</integer>
			<key>Total Time</key><integer>249560</integer>
			<key>Disc Number</key><integer>1</integer>
			<key>Disc Count</key><integer>1</integer>
			<key>Track Number</key><integer>3</integer>
			<key>Track Count</key><integer>10</integer>
			<key>Year</key><integer>2024</integer>
			<key>Date Modified</key><date>2024-04-05T05:36:53Z</date>
			<key>Date Added</key><date>2024-04-05T05:36:53Z</date>
			<key>Bit Rate</key><integer>256</integer>
			<key>Sample Rate</key><integer>44100</integer>
			<key>Play Count</key><integer>54</integer>
			<key>Play Date</key><integer>3818153175</integer>
			<key>Play Date UTC</key><date>2024-12-27T21:06:15Z</date>
			<key>Skip Count</key><integer>2</integer>
			<key>Skip Date</key><date>2024-12-03T20:40:12Z</date>
			<key>Release Date</key><date>2024-02-16T12:00:00Z</date>
			<key>Loved</key><true/>
			<key>Artwork Count</key><integer>1</integer>
			<key>Sort Album</key><string>Only God Was Above Us</string>
			<key>Sort Artist</key><string>Vampire Weekend</string>
			<key>Sort Name</key><string>Capricorn</string>
			<key>Persistent ID</key><string>563563F1733F0322</string>
			<key>Track Type</key><string>Remote</string>
			<key>Apple Music</key><true/>
		</dict>
		<key>13773</key>
		<dict>
			<key>Track ID</key><integer>13773</integer>
			<key>Name</key><string>Connect</string>
			<key>Artist</key><string>Vampire Weekend</string>
			<key>Album Artist</key><string>Vampire Weekend</string>
			<key>Composer</key><string>Ezra Koenig</string>
			<key>Album</key><string>Only God Was Above Us</string>
			<key>Genre</key><string>Music</string>
			<key>Kind</key><string>Apple Music AAC audio file</string>
			<key>Size</key><integer>11470572</integer>
			<key>Total Time</key><integer>310067</integer>
			<key>Disc Number</key><integer>1</integer>
			<key>Disc Count</key><integer>1</integer>
			<key>Track Number</key><integer>4</integer>
			<key>Track Count</key><integer>10</integer>
			<key>Year</key><integer>2024</integer>
			<key>Date Modified</key><date>2024-04-05T05:36:53Z</date>
			<key>Date Added</key><date>2024-04-05T05:36:53Z</date>
			<key>Bit Rate</key><integer>256</integer>
			<key>Sample Rate</key><integer>44100</integer>
			<key>Play Count</key><integer>44</integer>
			<key>Play Date</key><integer>3818156117</integer>
			<key>Play Date UTC</key><date>2024-12-27T21:55:17Z</date>
			<key>Skip Count</key><integer>2</integer>
			<key>Skip Date</key><date>2024-12-03T20:40:17Z</date>
			<key>Release Date</key><date>2024-04-05T12:00:00Z</date>
			<key>Loved</key><true/>
			<key>Artwork Count</key><integer>1</integer>
			<key>Sort Album</key><string>Only God Was Above Us</string>
			<key>Sort Artist</key><string>Vampire Weekend</string>
			<key>Sort Name</key><string>Connect</string>
			<key>Persistent ID</key><string>E91E1A897252FA1D</string>
			<key>Track Type</key><string>Remote</string>
			<key>Apple Music</key><true/>
		</dict>
		<key>13775</key>
		<dict>
			<key>Track ID</key><integer>13775</integer>
			<key>Name</key><string>Prep-School Gangsters</string>
			<key>Artist</key><string>Vampire Weekend</string>
			<key>Album Artist</key><string>Vampire Weekend</string>
			<key>Composer</key><string>Ezra Koenig</string>
			<key>Album</key><string>Only God Was Above Us</string>
			<key>Genre</key><string>Music</string>
			<key>Kind</key><string>Apple Music AAC audio file</string>
			<key>Size</key><integer>8238071</integer>
			<key>Total Time</key><integer>228547</integer>
			<key>Disc Number</key><integer>1</integer>
			<key>Disc Count</key><integer>1</integer>
			<key>Track Number</key><integer>5</integer>
			<key>Track Count</key><integer>10</integer>
			<key>Year</key><integer>2024</integer>
			<key>Date Modified</key><date>2024-04-05T05:36:53Z</date>
			<key>Date Added</key><date>2024-04-05T05:36:53Z</date>
			<key>Bit Rate</key><integer>256</integer>
			<key>Sample Rate</key><integer>44100</integer>
			<key>Play Count</key><integer>55</integer>
			<key>Play Date</key><integer>3818149836</integer>
			<key>Play Date UTC</key><date>2024-12-27T20:10:36Z</date>
			<key>Skip Count</key><integer>1</integer>
			<key>Skip Date</key><date>2024-12-08T08:25:46Z</date>
			<key>Release Date</key><date>2024-04-05T12:00:00Z</date>
			<key>Loved</key><true/>
			<key>Artwork Count</key><integer>1</integer>
			<key>Sort Album</key><string>Only God Was Above Us</string>
			<key>Sort Artist</key><string>Vampire Weekend</string>
			<key>Sort Name</key><string>Prep-School Gangsters</string>
			<key>Persistent ID</key><string>F37010659EF7FB64</string>
			<key>Track Type</key><string>Remote</string>
			<key>Apple Music</key><true/>
		</dict>
		<key>13777</key>
		<dict>
			<key>Track ID</key><integer>13777</integer>
			<key>Name</key><string>The Surfer</string>
			<key>Artist</key><string>Vampire Weekend</string>
			<key>Album Artist</key><string>Vampire Weekend</string>
			<key>Composer</key><string>Ezra Koenig, Ariel Rechtshaid &#38; Rostam</string>
			<key>Album</key><string>Only God Was Above Us</string>
			<key>Genre</key><string>Music</string>
			<key>Kind</key><string>Apple Music AAC audio file</string>
			<key>Size</key><integer>11995498</integer>
			<key>Total Time</key><integer>347373</integer>
			<key>Disc Number</key><integer>1</integer>
			<key>Disc Count</key><integer>1</integer>
			<key>Track Number</key><integer>6</integer>
			<key>Track Count</key><integer>10</integer>
			<key>Year</key><integer>2024</integer>
			<key>Date Modified</key><date>2024-04-05T05:36:53Z</date>
			<key>Date Added</key><date>2024-04-05T05:36:53Z</date>
			<key>Bit Rate</key><integer>256</integer>
			<key>Sample Rate</key><integer>44100</integer>
			<key>Play Count</key><integer>120</integer>
			<key>Play Date</key><integer>3816936008</integer>
			<key>Play Date UTC</key><date>2024-12-13T19:00:08Z</date>
			<key>Release Date</key><date>2024-04-05T12:00:00Z</date>
			<key>Loved</key><true/>
			<key>Artwork Count</key><integer>1</integer>
			<key>Sort Album</key><string>Only God Was Above Us</string>
			<key>Sort Artist</key><string>Vampire Weekend</string>
			<key>Sort Name</key><string>Surfer</string>
			<key>Persistent ID</key><string>1D86AE51A8B803F7</string>
			<key>Track Type</key><string>Remote</string>
			<key>Apple Music</key><true/>
		</dict>
		<key>13779</key>
		<dict>
			<key>Track ID</key><integer>13779</integer>
			<key>Name</key><string>Mary Boone</string>
			<key>Artist</key><string>Vampire Weekend</string>
			<key>Album Artist</key><string>Vampire Weekend</string>
			<key>Composer</key><string>Ezra Koenig, Nellee Hooper, Simon Law, Beresford Romero &#38; Caron Wheeler</string>
			<key>Album</key><string>Only God Was Above Us</string>
			<key>Genre</key><string>Music</string>
			<key>Kind</key><string>Apple Music AAC audio file</string>
			<key>Size</key><integer>9553158</integer>
			<key>Total Time</key><integer>266027</integer>
			<key>Disc Number</key><integer>1</integer>
			<key>Disc Count</key><integer>1</integer>
			<key>Track Number</key><integer>8</integer>
			<key>Track Count</key><integer>10</integer>
			<key>Year</key><integer>2024</integer>
			<key>Date Modified</key><date>2024-04-05T05:36:53Z</date>
			<key>Date Added</key><date>2024-04-05T05:36:53Z</date>
			<key>Bit Rate</key><integer>256</integer>
			<key>Sample Rate</key><integer>44100</integer>
			<key>Play Count</key><integer>21</integer>
			<key>Play Date</key><integer>3816932370</integer>
			<key>Play Date UTC</key><date>2024-12-13T17:59:30Z</date>
			<key>Release Date</key><date>2024-03-29T07:00:00Z</date>
			<key>Loved</key><true/>
			<key>Artwork Count</key><integer>1</integer>
			<key>Sort Album</key><string>Only God Was Above Us</string>
			<key>Sort Artist</key><string>Vampire Weekend</string>
			<key>Sort Name</key><string>Mary Boone</string>
			<key>Persistent ID</key><string>42B7D3842A1D1791</string>
			<key>Track Type</key><string>Remote</string>
			<key>Apple Music</key><true/>
		</dict>
		<key>13893</key>
		<dict>
			<key>Track ID</key><integer>13893</integer>
			<key>Name</key><string>If I'd Known</string>
			<key>Artist</key><string>Kero Kero Bonito</string>
			<key>Album Artist</key><string>Kero Kero Bonito</string>
			<key>Album</key><string>Time 'n' Place</string>
			<key>Genre</key><string>Music</string>
			<key>Kind</key><string>Apple Music AAC audio file</string>
			<key>Size</key><integer>5970110</integer>
			<key>Total Time</key><integer>163884</integer>
			<key>Disc Number</key><integer>1</integer>
			<key>Disc Count</key><integer>1</integer>
			<key>Track Number</key><integer>9</integer>
			<key>Track Count</key><integer>12</integer>
			<key>Year</key><integer>2018</integer>
			<key>Date Modified</key><date>2024-04-19T13:52:39Z</date>
			<key>Date Added</key><date>2024-04-19T13:52:39Z</date>
			<key>Bit Rate</key><integer>256</integer>
			<key>Sample Rate</key><integer>44100</integer>
			<key>Play Count</key><integer>109</integer>
			<key>Play Date</key><integer>3818093237</integer>
			<key>Play Date UTC</key><date>2024-12-27T04:27:17Z</date>
			<key>Release Date</key><date>2018-10-01T12:00:00Z</date>
			<key>Loved</key><true/>
			<key>Artwork Count</key><integer>1</integer>
			<key>Sort Album</key><string>Time 'n' Place</string>
			<key>Sort Artist</key><string>Kero Kero Bonito</string>
			<key>Sort Name</key><string>If I'd Known</string>
			<key>Persistent ID</key><string>31C8368D856C8966</string>
			<key>Track Type</key><string>Remote</string>
			<key>Apple Music</key><true/>
		</dict>
		<key>13895</key>
		<dict>
			<key>Track ID</key><integer>13895</integer>
			<key>Name</key><string>Rest Stop</string>
			<key>Artist</key><string>Kero Kero Bonito</string>
			<key>Album Artist</key><string>Kero Kero Bonito</string>
			<key>Album</key><string>Time 'n' Place</string>
			<key>Genre</key><string>Music</string>
			<key>Kind</key><string>Apple Music AAC audio file</string>
			<key>Size</key><integer>7684227</integer>
			<key>Total Time</key><integer>202543</integer>
			<key>Disc Number</key><integer>1</integer>
			<key>Disc Count</key><integer>1</integer>
			<key>Track Number</key><integer>12</integer>
			<key>Track Count</key><integer>12</integer>
			<key>Year</key><integer>2018</integer>
			<key>Date Modified</key><date>2024-04-19T14:00:57Z</date>
			<key>Date Added</key><date>2024-04-19T14:00:57Z</date>
			<key>Bit Rate</key><integer>256</integer>
			<key>Sample Rate</key><integer>44100</integer>
			<key>Play Count</key><integer>52</integer>
			<key>Play Date</key><integer>3816403302</integer>
			<key>Play Date UTC</key><date>2024-12-07T15:01:42Z</date>
			<key>Skip Count</key><integer>1</integer>
			<key>Skip Date</key><date>2024-12-27T20:06:40Z</date>
			<key>Release Date</key><date>2018-10-01T12:00:00Z</date>
			<key>Loved</key><true/>
			<key>Artwork Count</key><integer>1</integer>
			<key>Sort Album</key><string>Time 'n' Place</string>
			<key>Sort Artist</key><string>Kero Kero Bonito</string>
			<key>Sort Name</key><string>Rest Stop</string>
			<key>Persistent ID</key><string>4F0A292EC9525491</string>
			<key>Track Type</key><string>Remote</string>
			<key>Apple Music</key><true/>
		</dict>
		<key>13897</key>
		<dict>
			<key>Track ID</key><integer>13897</integer>
			<key>Name</key><string>Time Today</string>
			<key>Artist</key><string>Kero Kero Bonito</string>
			<key>Album Artist</key><string>Kero Kero Bonito</string>
			<key>Album</key><string>Time 'n' Place</string>
			<key>Genre</key><string>Music</string>
			<key>Kind</key><string>Apple Music AAC audio file</string>
			<key>Size</key><integer>4870683</integer>
			<key>Total Time</key><integer>131595</integer>
			<key>Disc Number</key><integer>1</integer>
			<key>Disc Count</key><integer>1</integer>
			<key>Track Number</key><integer>2</integer>
			<key>Track Count</key><integer>12</integer>
			<key>Year</key><integer>2018</integer>
			<key>Date Modified</key><date>2024-04-19T17:57:24Z</date>
			<key>Date Added</key><date>2024-04-19T17:57:24Z</date>
			<key>Bit Rate</key><integer>256</integer>
			<key>Sample Rate</key><integer>44100</integer>
			<key>Comments</key><string>Yellow</string>
			<key>Play Count</key><integer>62</integer>
			<key>Play Date</key><integer>3816679837</integer>
			<key>Play Date UTC</key><date>2024-12-10T19:50:37Z</date>
			<key>Skip Count</key><integer>1</integer>
			<key>Skip Date</key><date>2024-12-27T19:59:23Z</date>
			<key>Release Date</key><date>2018-05-08T12:00:00Z</date>
			<key>Loved</key><true/>
			<key>Artwork Count</key><integer>1</integer>
			<key>Sort Album</key><string>Time 'n' Place</string>
			<key>Sort Artist</key><string>Kero Kero Bonito</string>
			<key>Sort Name</key><string>Time Today</string>
			<key>Persistent ID</key><string>4C85DD11B1476651</string>
			<key>Track Type</key><string>Remote</string>
			<key>Apple Music</key><true/>
		</dict>
		<key>13899</key>
		<dict>
			<key>Track ID</key><integer>13899</integer>
			<key>Name</key><string>Only Acting</string>
			<key>Artist</key><string>Kero Kero Bonito</string>
			<key>Album Artist</key><string>Kero Kero Bonito</string>
			<key>Album</key><string>Time 'n' Place</string>
			<key>Genre</key><string>Music</string>
			<key>Kind</key><string>Apple Music AAC audio file</string>
			<key>Size</key><integer>8371577</integer>
			<key>Total Time</key><integer>229855</integer>
			<key>Disc Number</key><integer>1</integer>
			<key>Disc Count</key><integer>1</integer>
			<key>Track Number</key><integer>3</integer>
			<key>Track Count</key><integer>12</integer>
			<key>Year</key><integer>2018</integer>
			<key>Date Modified</key><date>2024-04-19T17:59:41Z</date>
			<key>Date Added</key><date>2024-04-19T17:59:41Z</date>
			<key>Bit Rate</key><integer>256</integer>
			<key>Sample Rate</key><integer>44100</integer>
			<key>Play Count</key><integer>72</integer>
			<key>Play Date</key><integer>3816401844</integer>
			<key>Play Date UTC</key><date>2024-12-07T14:37:24Z</date>
			<key>Skip Count</key><integer>3</integer>
			<key>Skip Date</key><date>2024-12-02T16:57:01Z</date>
			<key>Release Date</key><date>2018-02-12T12:00:00Z</date>
			<key>Loved</key><true/>
			<key>Artwork Count</key><integer>1</integer>
			<key>Sort Album</key><string>Time 'n' Place</string>
			<key>Sort Artist</key><string>Kero Kero Bonito</string>
			<key>Sort Name</key><string>Only Acting</string>
			<key>Persistent ID</key><string>6686B73F501D4429</string>
			<key>Track Type</key><string>Remote</string>
			<key>Apple Music</key><true/>
		</dict>
		<key>13903</key>
		<dict>
			<key>Track ID</key><integer>13903</integer>
			<key>Name</key><string>Wolf Like Me</string>
			<key>Artist</key><string>TV on the Radio</string>
			<key>Album Artist</key><string>TV on the Radio</string>
			<key>Composer</key><string>Tunde Adebimpe</string>
			<key>Album</key><string>Return To Cookie Mountain</string>
			<key>Genre</key><string>Music</string>
			<key>Kind</key><string>Apple Music AAC audio file</string>
			<key>Size</key><integer>9699230</integer>
			<key>Total Time</key><integer>277467</integer>
			<key>Disc Number</key><integer>1</integer>
			<key>Disc Count</key><integer>1</integer>
			<key>Track Number</key><integer>5</integer>
			<key>Track Count</key><integer>11</integer>
			<key>Year</key><integer>2006</integer>
			<key>Date Modified</key><date>2024-04-22T00:07:00Z</date>
			<key>Date Added</key><date>2024-04-22T00:07:00Z</date>
			<key>Bit Rate</key><integer>256</integer>
			<key>Sample Rate</key><integer>44100</integer>
			<key>Comments</key><string>Orange</string>
			<key>Play Count</key><integer>2</integer>
			<key>Play Date</key><integer>3832262048</integer>
			<key>Play Date UTC</key><date>2025-06-09T03:14:08Z</date>
			<key>Release Date</key><date>2006-02-13T12:00:00Z</date>
			<key>Loved</key><true/>
			<key>Artwork Count</key><integer>1</integer>
			<key>Sort Album</key><string>Return To Cookie Mountain</string>
			<key>Sort Artist</key><string>TV on the Radio</string>
			<key>Sort Name</key><string>Wolf Like Me</string>
			<key>Persistent ID</key><string>3A9ED7261B8D8A0E</string>
			<key>Track Type</key><string>Remote</string>
			<key>Apple Music</key><true/>
		</dict>
		<key>13905</key>
		<dict>
			<key>Track ID</key><integer>13905</integer>
			<key>Name</key><string>Battle Lines</string>
			<key>Artist</key><string>Kero Kero Bonito</string>
			<key>Album Artist</key><string>Kero Kero Bonito</string>
			<key>Album</key><string>Civilisation</string>
			<key>Genre</key><string>Music</string>
			<key>Kind</key><string>Apple Music AAC audio file</string>
			<key>Size</key><integer>9951947</integer>
			<key>Total Time</key><integer>258930</integer>
			<key>Disc Number</key><integer>1</integer>
			<key>Disc Count</key><integer>1</integer>
			<key>Track Number</key><integer>1</integer>
			<key>Track Count</key><integer>7</integer>
			<key>Year</key><integer>2019</integer>
			<key>Date Modified</key><date>2024-04-22T23:52:03Z</date>
			<key>Date Added</key><date>2024-04-22T23:52:03Z</date>
			<key>Bit Rate</key><integer>256</integer>
			<key>Sample Rate</key><integer>44100</integer>
			<key>Play Count</key><integer>18</integer>
			<key>Play Date</key><integer>3816463684</integer>
			<key>Play Date UTC</key><date>2024-12-08T07:48:04Z</date>
			<key>Release Date</key><date>2019-09-30T12:00:00Z</date>
			<key>Loved</key><true/>
			<key>Artwork Count</key><integer>1</integer>
			<key>Sort Album</key><string>Civilisation</string>
			<key>Sort Artist</key><string>Kero Kero Bonito</string>
			<key>Sort Name</key><string>Battle Lines</string>
			<key>Persistent ID</key><string>550D9213E156E31B</string>
			<key>Track Type</key><string>Remote</string>
			<key>Apple Music</key><true/>
		</dict>
		<key>13907</key>
		<dict>
			<key>Track ID</key><integer>13907</integer>
			<key>Name</key><string>When the Fires Come</string>
			<key>Artist</key><string>Kero Kero Bonito</string>
			<key>Album Artist</key><string>Kero Kero Bonito</string>
			<key>Album</key><string>Civilisation</string>
			<key>Genre</key><string>Music</string>
			<key>Kind</key><string>Apple Music AAC audio file</string>
			<key>Size</key><integer>7835835</integer>
			<key>Total Time</key><integer>220434</integer>
			<key>Disc Number</key><integer>1</integer>
			<key>Disc Count</key><integer>1</integer>
			<key>Track Number</key><integer>2</integer>
			<key>Track Count</key><integer>7</integer>
			<key>Year</key><integer>2019</integer>
			<key>Date Modified</key><date>2024-04-22T23:52:03Z</date>
			<key>Date Added</key><date>2024-04-22T23:52:03Z</date>
			<key>Bit Rate</key><integer>256</integer>
			<key>Sample Rate</key><integer>44100</integer>
			<key>Play Count</key><integer>18</integer>
			<key>Play Date</key><integer>3816465925</integer>
			<key>Play Date UTC</key><date>2024-12-08T08:25:25Z</date>
			<key>Skip Count</key><integer>1</integer>
			<key>Skip Date</key><date>2024-12-02T01:33:40Z</date>
			<key>Release Date</key><date>2019-09-09T12:00:00Z</date>
			<key>Loved</key><true/>
			<key>Artwork Count</key><integer>1</integer>
			<key>Sort Album</key><string>Civilisation</string>
			<key>Sort Artist</key><string>Kero Kero Bonito</string>
			<key>Sort Name</key><string>When the Fires Come</string>
			<key>Persistent ID</key><string>F4C0384C41917B4C</string>
			<key>Track Type</key><string>Remote</string>
			<key>Apple Music</key><true/>
		</dict>
		<key>13913</key>
		<dict>
			<key>Track ID</key><integer>13913</integer>
			<key>Name</key><string>The Princess and the Clock</string>
			<key>Artist</key><string>Kero Kero Bonito</string>
			<key>Album Artist</key><string>Kero Kero Bonito</string>
			<key>Album</key><string>Civilisation</string>
			<key>Genre</key><string>Music</string>
			<key>Kind</key><string>Apple Music AAC audio file</string>
			<key>Size</key><integer>8334763</integer>
			<key>Total Time</key><integer>229190</integer>
			<key>Disc Number</key><integer>1</integer>
			<key>Disc Count</key><integer>1</integer>
			<key>Track Number</key><integer>5</integer>
			<key>Track Count</key><integer>7</integer>
			<key>Year</key><integer>2020</integer>
			<key>Date Modified</key><date>2024-04-22T23:52:03Z</date>
			<key>Date Added</key><date>2024-04-22T23:52:03Z</date>
			<key>Bit Rate</key><integer>256</integer>
			<key>Sample Rate</key><integer>44100</integer>
			<key>Play Count</key><integer>19</integer>
			<key>Play Date</key><integer>3816403099</integer>
			<key>Play Date UTC</key><date>2024-12-07T14:58:19Z</date>
			<key>Release Date</key><date>2020-01-01T12:00:00Z</date>
			<key>Loved</key><true/>
			<key>Artwork Count</key><integer>1</integer>
			<key>Sort Album</key><string>Civilisation</string>
			<key>Sort Artist</key><string>Kero Kero Bonito</string>
			<key>Sort Name</key><string>Princess and the Clock</string>
			<key>Persistent ID</key><string>B3DC799195C1182D</string>
			<key>Track Type</key><string>Remote</string>
			<key>Apple Music</key><true/>
		</dict>
		<key>13917</key>
		<dict>
			<key>Track ID</key><integer>13917</integer>
			<key>Name</key><string>Well Rested</string>
			<key>Artist</key><string>Kero Kero Bonito</string>
			<key>Album Artist</key><string>Kero Kero Bonito</string>
			<key>Album</key><string>Civilisation</string>
			<key>Genre</key><string>Music</string>
			<key>Kind</key><string>Apple Music AAC audio file</string>
			<key>Size</key><integer>15136767</integer>
			<key>Total Time</key><integer>430752</integer>
			<key>Disc Number</key><integer>1</integer>
			<key>Disc Count</key><integer>1</integer>
			<key>Track Number</key><integer>7</integer>
			<key>Track Count</key><integer>7</integer>
			<key>Year</key><integer>2021</integer>
			<key>Date Modified</key><date>2024-04-22T23:52:03Z</date>
			<key>Date Added</key><date>2024-04-22T23:52:03Z</date>
			<key>Bit Rate</key><integer>256</integer>
			<key>Sample Rate</key><integer>44100</integer>
			<key>Play Count</key><integer>28</integer>
			<key>Play Date</key><integer>3818158245</integer>
			<key>Play Date UTC</key><date>2024-12-27T22:30:45Z</date>
			<key>Release Date</key><date>2021-04-21T12:00:00Z</date>
			<key>Loved</key><true/>
			<key>Artwork Count</key><integer>1</integer>
			<key>Sort Album</key><string>Civilisation</string>
			<key>Sort Artist</key><string>Kero Kero Bonito</string>
			<key>Sort Name</key><string>Well Rested</string>
			<key>Persistent ID</key><string>2827D3A6A14AEFB4</string>
			<key>Track Type</key><string>Remote</string>
			<key>Apple Music</key><true/>
		</dict>
		<key>13933</key>
		<dict>
			<key>Track ID</key><integer>13933</integer>
			<key>Name</key><string>Dump</string>
			<key>Artist</key><string>Kero Kero Bonito</string>
			<key>Album Artist</key><string>Kero Kero Bonito</string>
			<key>Album</key><string>Time 'n' Place</string>
			<key>Genre</key><string>Music</string>
			<key>Kind</key><string>Apple Music AAC audio file</string>
			<key>Size</key><integer>6616856</integer>
			<key>Total Time</key><integer>181687</integer>
			<key>Disc Number</key><integer>1</integer>
			<key>Disc Count</key><integer>1</integer>
			<key>Track Number</key><integer>5</integer>
			<key>Track Count</key><integer>12</integer>
			<key>Year</key><integer>2018</integer>
			<key>Date Modified</key><date>2024-05-03T22:01:56Z</date>
			<key>Date Added</key><date>2024-05-03T22:01:56Z</date>
			<key>Bit Rate</key><integer>256</integer>
			<key>Sample Rate</key><integer>44100</integer>
			<key>Play Count</key><integer>54</integer>
			<key>Play Date</key><integer>3818153357</integer>
			<key>Play Date UTC</key><date>2024-12-27T21:09:17Z</date>
			<key>Skip Count</key><integer>1</integer>
			<key>Skip Date</key><date>2024-12-05T02:26:48Z</date>
			<key>Release Date</key><date>2018-10-01T12:00:00Z</date>
			<key>Loved</key><true/>
			<key>Artwork Count</key><integer>1</integer>
			<key>Sort Album</key><string>Time 'n' Place</string>
			<key>Sort Artist</key><string>Kero Kero Bonito</string>
			<key>Sort Name</key><string>Dump</string>
			<key>Persistent ID</key><string>70FBE7C9DE35B31D</string>
			<key>Track Type</key><string>Remote</string>
			<key>Apple Music</key><true/>
		</dict>
		<key>13935</key>
		<dict>
			<key>Track ID</key><integer>13935</integer>
			<key>Name</key><string>Make Believe</string>
			<key>Artist</key><string>Kero Kero Bonito</string>
			<key>Album Artist</key><string>Kero Kero Bonito</string>
			<key>Album</key><string>Time 'n' Place</string>
			<key>Genre</key><string>Music</string>
			<key>Kind</key><string>Apple Music AAC audio file</string>
			<key>Size</key><integer>7452058</integer>
			<key>Total Time</key><integer>207708</integer>
			<key>Disc Number</key><integer>1</integer>
			<key>Disc Count</key><integer>1</integer>
			<key>Track Number</key><integer>6</integer>
			<key>Track Count</key><integer>12</integer>
			<key>Year</key><integer>2018</integer>
			<key>Date Modified</key><date>2024-05-03T22:01:56Z</date>
			<key>Date Added</key><date>2024-05-03T22:01:56Z</date>
			<key>Bit Rate</key><integer>256</integer>
			<key>Sample Rate</key><integer>44100</integer>
			<key>Play Count</key><integer>41</integer>
			<key>Play Date</key><integer>3818156768</integer>
			<key>Play Date UTC</key><date>2024-12-27T22:06:08Z</date>
			<key>Release Date</key><date>2018-09-17T12:00:00Z</date>
			<key>Loved</key><true/>
			<key>Artwork Count</key><integer>1</integer>
			<key>Sort Album</key><string>Time 'n' Place</string>
			<key>Sort Artist</key><string>Kero Kero Bonito</string>
			<key>Sort Name</key><string>Make Believe</string>
			<key>Persistent ID</key><string>7DC66AB33591CA0B</string>
			<key>Track Type</key><string>Remote</string>
			<key>Apple Music</key><true/>
		</dict>
		<key>13937</key>
		<dict>
			<key>Track ID</key><integer>13937</integer>
			<key>Name</key><string>Swimming</string>
			<key>Artist</key><string>Kero Kero Bonito</string>
			<key>Album Artist</key><string>Kero Kero Bonito</string>
			<key>Album</key><string>Time 'n' Place</string>
			<key>Genre</key><string>Music</string>
			<key>Kind</key><string>Apple Music AAC audio file</string>
			<key>Size</key><integer>7071350</integer>
			<key>Total Time</key><integer>199498</integer>
			<key>Disc Number</key><integer>1</integer>
			<key>Disc Count</key><integer>1</integer>
			<key>Track Number</key><integer>11</integer>
			<key>Track Count</key><integer>12</integer>
			<key>Year</key><integer>2018</integer>
			<key>Date Modified</key><date>2024-05-03T22:01:56Z</date>
			<key>Date Added</key><date>2024-05-03T22:01:56Z</date>
			<key>Bit Rate</key><integer>256</integer>
			<key>Sample Rate</key><integer>44100</integer>
			<key>Play Count</key><integer>44</integer>
			<key>Play Date</key><integer>3818156317</integer>
			<key>Play Date UTC</key><date>2024-12-27T21:58:37Z</date>
			<key>Release Date</key><date>2018-10-01T12:00:00Z</date>
			<key>Loved</key><true/>
			<key>Artwork Count</key><integer>1</integer>
			<key>Sort Album</key><string>Time 'n' Place</string>
			<key>Sort Artist</key><string>Kero Kero Bonito</string>
			<key>Sort Name</key><string>Swimming</string>
			<key>Persistent ID</key><string>84D7F853EC5C3066</string>
			<key>Track Type</key><string>Remote</string>
			<key>Apple Music</key><true/>
		</dict>
		<key>13943</key>
		<dict>
			<key>Track ID</key><integer>13943</integer>
			<key>Name</key><string>Sick Beat</string>
			<key>Artist</key><string>Kero Kero Bonito</string>
			<key>Album Artist</key><string>Kero Kero Bonito</string>
			<key>Composer</key><string>Sarah Perry &#38; Douglas Lobban</string>
			<key>Album</key><string>Intro Bonito</string>
			<key>Genre</key><string>Music</string>
			<key>Kind</key><string>Apple Music AAC audio file</string>
			<key>Size</key><integer>6235236</integer>
			<key>Total Time</key><integer>179091</integer>
			<key>Disc Number</key><integer>1</integer>
			<key>Disc Count</key><integer>1</integer>
			<key>Track Number</key><integer>3</integer>
			<key>Track Count</key><integer>15</integer>
			<key>Year</key><integer>2014</integer>
			<key>Date Modified</key><date>2024-05-03T22:33:22Z</date>
			<key>Date Added</key><date>2024-05-03T22:33:22Z</date>
			<key>Bit Rate</key><integer>256</integer>
			<key>Sample Rate</key><integer>44100</integer>
			<key>Part Of Gapless Album</key><true/>
			<key>Play Count</key><integer>18</integer>
			<key>Play Date</key><integer>3816463425</integer>
			<key>Play Date UTC</key><date>2024-12-08T07:43:45Z</date>
			<key>Release Date</key><date>2014-08-25T12:00:00Z</date>
			<key>Loved</key><true/>
			<key>Artwork Count</key><integer>1</integer>
			<key>Sort Album</key><string>Intro Bonito</string>
			<key>Sort Artist</key><string>Kero Kero Bonito</string>
			<key>Sort Name</key><string>Sick Beat</string>
			<key>Persistent ID</key><string>A822020CC2544220</string>
			<key>Track Type</key><string>Remote</string>
			<key>Apple Music</key><true/>
		</dict>
		<key>13967</key>
		<dict>
			<key>Track ID</key><integer>13967</integer>
			<key>Name</key><string>I'd Rather Sleep</string>
			<key>Artist</key><string>Kero Kero Bonito</string>
			<key>Album Artist</key><string>Kero Kero Bonito</string>
			<key>Composer</key><string>Sarah Perry &#38; Douglas Lobban</string>
			<key>Album</key><string>Intro Bonito</string>
			<key>Genre</key><string>Music</string>
			<key>Kind</key><string>Apple Music AAC audio file</string>
			<key>Size</key><integer>4347285</integer>
			<key>Total Time</key><integer>115352</integer>
			<key>Disc Number</key><integer>1</integer>
			<key>Disc Count</key><integer>1</integer>
			<key>Track Number</key><integer>15</integer>
			<key>Track Count</key><integer>15</integer>
			<key>Year</key><integer>2014</integer>
			<key>Date Modified</key><date>2024-05-03T22:33:22Z</date>
			<key>Date Added</key><date>2024-05-03T22:33:22Z</date>
			<key>Bit Rate</key><integer>256</integer>
			<key>Sample Rate</key><integer>44100</integer>
			<key>Part Of Gapless Album</key><true/>
			<key>Play Count</key><integer>18</integer>
			<key>Play Date</key><integer>3816463247</integer>
			<key>Play Date UTC</key><date>2024-12-08T07:40:47Z</date>
			<key>Skip Count</key><integer>1</integer>
			<key>Skip Date</key><date>2024-12-27T22:31:07Z</date>
			<key>Release Date</key><date>2014-08-25T12:00:00Z</date>
			<key>Loved</key><true/>
			<key>Artwork Count</key><integer>1</integer>
			<key>Sort Album</key><string>Intro Bonito</string>
			<key>Sort Artist</key><string>Kero Kero Bonito</string>
			<key>Sort Name</key><string>I'd Rather Sleep</string>
			<key>Persistent ID</key><string>498D40D899C9291A</string>
			<key>Track Type</key><string>Remote</string>
			<key>Apple Music</key><true/>
		</dict>
		<key>13969</key>
		<dict>
			<key>Track ID</key><integer>13969</integer>
			<key>Name</key><string>Back On 74</string>
			<key>Artist</key><string>Jungle</string>
			<key>Album Artist</key><string>Jungle</string>
			<key>Composer</key><string>Josh Lloyd Watson, Thomas McFarland &#38; Lydia Kitto</string>
			<key>Album</key><string>Volcano</string>
			<key>Genre</key><string>Music</string>
			<key>Kind</key><string>Apple Music AAC audio file</string>
			<key>Size</key><integer>7524155</integer>
			<key>Total Time</key><integer>209483</integer>
			<key>Disc Number</key><integer>1</integer>
			<key>Disc Count</key><integer>1</integer>
			<key>Track Number</key><integer>6</integer>
			<key>Track Count</key><integer>14</integer>
			<key>Year</key><integer>2023</integer>
			<key>Date Modified</key><date>2024-05-04T04:37:07Z</date>
			<key>Date Added</key><date>2024-05-04T04:37:07Z</date>
			<key>Bit Rate</key><integer>256</integer>
			<key>Sample Rate</key><integer>44100</integer>
			<key>Comments</key><string>Violet</string>
			<key>Play Count</key><integer>20</integer>
			<key>Play Date</key><integer>3832134132</integer>
			<key>Play Date UTC</key><date>2025-06-07T15:42:12Z</date>
			<key>Skip Count</key><integer>2</integer>
			<key>Skip Date</key><date>2024-10-16T02:22:25Z</date>
			<key>Release Date</key><date>2023-07-27T12:00:00Z</date>
			<key>Loved</key><true/>
			<key>Artwork Count</key><integer>1</integer>
			<key>Sort Album</key><string>Volcano</string>
			<key>Sort Artist</key><string>Jungle</string>
			<key>Sort Name</key><string>Back On 74</string>
			<key>Persistent ID</key><string>6B7D6AEC6E300A67</string>
			<key>Track Type</key><string>Remote</string>
			<key>Apple Music</key><true/>
		</dict>
		<key>13973</key>
		<dict>
			<key>Track ID</key><integer>13973</integer>
			<key>Name</key><string>Not Like Us</string>
			<key>Artist</key><string>Kendrick Lamar</string>
			<key>Album Artist</key><string>Kendrick Lamar</string>
			<key>Composer</key><string>Kendrick Lamar, Ray Charles, Sean Momberger, Dijon McFarlane &#38; Mark Anthony Spears</string>
			<key>Album</key><string>Not Like Us - Single</string>
			<key>Genre</key><string>Music</string>
			<key>Kind</key><string>Apple Music AAC audio file</string>
			<key>Size</key><integer>9762420</integer>
			<key>Total Time</key><integer>274192</integer>
			<key>Disc Number</key><integer>1</integer>
			<key>Disc Count</key><integer>1</integer>
			<key>Track Number</key><integer>1</integer>
			<key>Track Count</key><integer>1</integer>
			<key>Year</key><integer>2024</integer>
			<key>Date Modified</key><date>2024-05-08T17:23:31Z</date>
			<key>Date Added</key><date>2024-05-08T17:23:31Z</date>
			<key>Bit Rate</key><integer>256</integer>
			<key>Sample Rate</key><integer>44100</integer>
			<key>Play Count</key><integer>20</integer>
			<key>Play Date</key><integer>3817351348</integer>
			<key>Play Date UTC</key><date>2024-12-18T14:22:28Z</date>
			<key>Skip Count</key><integer>1</integer>
			<key>Skip Date</key><date>2025-06-06T20:33:18Z</date>
			<key>Release Date</key><date>2024-05-04T12:00:00Z</date>
			<key>Loved</key><true/>
			<key>Artwork Count</key><integer>1</integer>
			<key>Sort Album</key><string>Not Like Us - Single</string>
			<key>Sort Artist</key><string>Kendrick Lamar</string>
			<key>Sort Name</key><string>Not Like Us</string>
			<key>Persistent ID</key><string>4EC293CDFCB8D983</string>
			<key>Explicit</key><true/>
			<key>Track Type</key><string>Remote</string>
			<key>Apple Music</key><true/>
		</dict>
		<key>13991</key>
		<dict>
			<key>Track ID</key><integer>13991</integer>
			<key>Name</key><string>Cherry, Cherry</string>
			<key>Artist</key><string>Neil Diamond</string>
			<key>Album Artist</key><string>Neil Diamond</string>
			<key>Composer</key><string>Neil Diamond</string>
			<key>Album</key><string>The Feel Of Neil Diamond</string>
			<key>Genre</key><string>Music</string>
			<key>Kind</key><string>Apple Music AAC audio file</string>
			<key>Size</key><integer>5917662</integer>
			<key>Total Time</key><integer>163400</integer>
			<key>Disc Number</key><integer>1</integer>
			<key>Disc Count</key><integer>1</integer>
			<key>Track Number</key><integer>12</integer>
			<key>Track Count</key><integer>12</integer>
			<key>Year</key><integer>1966</integer>
			<key>Date Modified</key><date>2024-05-17T22:32:36Z</date>
			<key>Date Added</key><date>2024-05-17T22:32:36Z</date>
			<key>Bit Rate</key><integer>256</integer>
			<key>Sample Rate</key><integer>44100</integer>
			<key>Play Count</key><integer>2</integer>
			<key>Play Date</key><integer>3799219205</integer>
			<key>Play Date UTC</key><date>2024-05-22T16:40:05Z</date>
			<key>Skip Count</key><integer>1</integer>
			<key>Skip Date</key><date>2024-05-25T03:37:45Z</date>
			<key>Release Date</key><date>1966-08-12T12:00:00Z</date>
			<key>Loved</key><true/>
			<key>Artwork Count</key><integer>1</integer>
			<key>Sort Album</key><string>Feel Of Neil Diamond</string>
			<key>Sort Artist</key><string>Neil Diamond</string>
			<key>Sort Name</key><string>Cherry, Cherry</string>
			<key>Persistent ID</key><string>463177B79B811336</string>
			<key>Track Type</key><string>Remote</string>
			<key>Apple Music</key><true/>
		</dict>
		<key>13993</key>
		<dict>
			<key>Track ID</key><integer>13993</integer>
			<key>Name</key><string>End of Beginning</string>
			<key>Artist</key><string>Djo</string>
			<key>Album Artist</key><string>Djo</string>
			<key>Composer</key><string>Joe Keery</string>
			<key>Album</key><string>DECIDE</string>
			<key>Genre</key><string>Music</string>
			<key>Kind</key><string>Apple Music AAC audio file</string>
			<key>Size</key><integer>5875067</integer>
			<key>Total Time</key><integer>159246</integer>
			<key>Disc Number</key><integer>1</integer>
			<key>Disc Count</key><integer>1</integer>
			<key>Track Number</key><integer>6</integer>
			<key>Track Count</key><integer>13</integer>
			<key>Year</key><integer>2024</integer>
			<key>Date Modified</key><date>2024-05-25T05:38:16Z</date>
			<key>Date Added</key><date>2024-05-25T05:38:16Z</date>
			<key>Bit Rate</key><integer>256</integer>
			<key>Sample Rate</key><integer>44100</integer>
			<key>Play Count</key><integer>4</integer>
			<key>Play Date</key><integer>3832134292</integer>
			<key>Play Date UTC</key><date>2025-06-07T15:44:52Z</date>
			<key>Release Date</key><date>2024-03-01T12:00:00Z</date>
			<key>Loved</key><true/>
			<key>Artwork Count</key><integer>1</integer>
			<key>Sort Album</key><string>DECIDE</string>
			<key>Sort Artist</key><string>Djo</string>
			<key>Sort Name</key><string>End of Beginning</string>
			<key>Persistent ID</key><string>624824B0DAAAC32A</string>
			<key>Track Type</key><string>Remote</string>
			<key>Apple Music</key><true/>
		</dict>
		<key>13995</key>
		<dict>
			<key>Track ID</key><integer>13995</integer>
			<key>Name</key><string>SWEET / I THOUGHT YOU WANTED TO DANCE (feat. Brent Faiyaz &#38; Fana Hues)</string>
			<key>Artist</key><string>Tyler, The Creator</string>
			<key>Album Artist</key><string>Tyler, The Creator</string>
			<key>Composer</key><string>Tyler Okonma &#38; Fil Callender</string>
			<key>Album</key><string>CALL ME IF YOU GET LOST</string>
			<key>Genre</key><string>Music</string>
			<key>Kind</key><string>Apple Music AAC audio file</string>
			<key>Size</key><integer>20418793</integer>
			<key>Total Time</key><integer>588139</integer>
			<key>Disc Number</key><integer>1</integer>
			<key>Disc Count</key><integer>1</integer>
			<key>Track Number</key><integer>10</integer>
			<key>Track Count</key><integer>16</integer>
			<key>Year</key><integer>2021</integer>
			<key>Date Modified</key><date>2024-05-26T02:50:37Z</date>
			<key>Date Added</key><date>2024-05-26T02:50:37Z</date>
			<key>Bit Rate</key><integer>256</integer>
			<key>Sample Rate</key><integer>44100</integer>
			<key>Play Count</key><integer>2</integer>
			<key>Play Date</key><integer>3824904580</integer>
			<key>Play Date UTC</key><date>2025-03-15T23:29:40Z</date>
			<key>Release Date</key><date>2021-06-25T12:00:00Z</date>
			<key>Loved</key><true/>
			<key>Artwork Count</key><integer>1</integer>
			<key>Sort Album</key><string>CALL ME IF YOU GET LOST</string>
			<key>Sort Artist</key><string>Tyler, The Creator</string>
			<key>Sort Name</key><string>SWEET / I THOUGHT YOU WANTED TO DANCE (feat. Brent Faiyaz &#38; Fana Hues)</string>
			<key>Persistent ID</key><string>448E6650CE84D973</string>
			<key>Explicit</key><true/>
			<key>Track Type</key><string>Remote</string>
			<key>Apple Music</key><true/>
		</dict>
		<key>13997</key>
		<dict>
			<key>Track ID</key><integer>13997</integer>
			<key>Name</key><string>RISE! (feat. DAISY WORLD)</string>
			<key>Artist</key><string>Tyler, The Creator</string>
			<key>Album Artist</key><string>Tyler, The Creator</string>
			<key>Composer</key><string>Tyler Okonma, Daisy Hamel-Buffa &#38; James Smith</string>
			<key>Album</key><string>CALL ME IF YOU GET LOST</string>
			<key>Genre</key><string>Music</string>
			<key>Kind</key><string>Apple Music AAC audio file</string>
			<key>Size</key><integer>7266871</integer>
			<key>Total Time</key><integer>203588</integer>
			<key>Disc Number</key><integer>1</integer>
			<key>Disc Count</key><integer>1</integer>
			<key>Track Number</key><integer>12</integer>
			<key>Track Count</key><integer>16</integer>
			<key>Year</key><integer>2021</integer>
			<key>Date Modified</key><date>2024-05-26T03:55:04Z</date>
			<key>Date Added</key><date>2024-05-26T03:55:04Z</date>
			<key>Bit Rate</key><integer>256</integer>
			<key>Sample Rate</key><integer>44100</integer>
			<key>Play Count</key><integer>3</integer>
			<key>Play Date</key><integer>3824904784</integer>
			<key>Play Date UTC</key><date>2025-03-15T23:33:04Z</date>
			<key>Release Date</key><date>2021-06-25T12:00:00Z</date>
			<key>Loved</key><true/>
			<key>Artwork Count</key><integer>1</integer>
			<key>Sort Album</key><string>CALL ME IF YOU GET LOST</string>
			<key>Sort Artist</key><string>Tyler, The Creator</string>
			<key>Sort Name</key><string>RISE! (feat. DAISY WORLD)</string>
			<key>Persistent ID</key><string>D94B34F61342AAE8</string>
			<key>Explicit</key><true/>
			<key>Track Type</key><string>Remote</string>
			<key>Apple Music</key><true/>
		</dict>
		<key>14003</key>
		<dict>
			<key>Track ID</key><integer>14003</integer>
			<key>Name</key><string>An Ear To The Chest</string>
			<key>Artist</key><string>Lewsberg</string>
			<key>Album Artist</key><string>Lewsberg</string>
			<key>Composer</key><string>Michiel Klein, Shalita Dietrich &#38; Marrit Meinema</string>
			<key>Album</key><string>Out And About</string>
			<key>Genre</key><string>Music</string>
			<key>Kind</key><string>Apple Music AAC audio file</string>
			<key>Size</key><integer>6479519</integer>
			<key>Total Time</key><integer>180045</integer>
			<key>Disc Number</key><integer>1</integer>
			<key>Disc Count</key><integer>1</integer>
			<key>Track Number</key><integer>3</integer>
			<key>Track Count</key><integer>11</integer>
			<key>Year</key><integer>2023</integer>
			<key>Date Modified</key><date>2024-06-05T04:10:30Z</date>
			<key>Date Added</key><date>2024-06-05T04:10:30Z</date>
			<key>Bit Rate</key><integer>256</integer>
			<key>Sample Rate</key><integer>44100</integer>
			<key>Play Count</key><integer>18</integer>
			<key>Play Date</key><integer>3816403731</integer>
			<key>Play Date UTC</key><date>2024-12-07T15:08:51Z</date>
			<key>Skip Count</key><integer>1</integer>
			<key>Skip Date</key><date>2024-12-08T08:32:54Z</date>
			<key>Release Date</key><date>2023-09-15T12:00:00Z</date>
			<key>Loved</key><true/>
			<key>Artwork Count</key><integer>1</integer>
			<key>Sort Album</key><string>Out And About</string>
			<key>Sort Artist</key><string>Lewsberg</string>
			<key>Sort Name</key><string>Ear To The Chest</string>
			<key>Persistent ID</key><string>00A4D98EA20A19D6</string>
			<key>Track Type</key><string>Remote</string>
			<key>Apple Music</key><true/>
		</dict>
		<key>14029</key>
		<dict>
			<key>Track ID</key><integer>14029</integer>
			<key>Name</key><string>Genesis.</string>
			<key>Artist</key><string>RAYE</string>
			<key>Album Artist</key><string>RAYE</string>
			<key>Composer</key><string>Rachel Keen, Rodney Jerkins, Marvin Hemmings, Shankar Ravindran &#38; Tom Richards</string>
			<key>Album</key><string>Genesis. - EP</string>
			<key>Genre</key><string>Music</string>
			<key>Kind</key><string>Apple Music AAC audio file</string>
			<key>Size</key><integer>14554466</integer>
			<key>Total Time</key><integer>420000</integer>
			<key>Disc Number</key><integer>1</integer>
			<key>Disc Count</key><integer>1</integer>
			<key>Track Number</key><integer>1</integer>
			<key>Track Count</key><integer>5</integer>
			<key>Year</key><integer>2024</integer>
			<key>Date Modified</key><date>2024-06-15T16:52:49Z</date>
			<key>Date Added</key><date>2024-06-15T16:52:49Z</date>
			<key>Bit Rate</key><integer>256</integer>
			<key>Sample Rate</key><integer>44100</integer>
			<key>Play Count</key><integer>10</integer>
			<key>Play Date</key><integer>3814106995</integer>
			<key>Play Date UTC</key><date>2024-11-11T01:09:55Z</date>
			<key>Release Date</key><date>2024-06-07T12:00:00Z</date>
			<key>Loved</key><true/>
			<key>Artwork Count</key><integer>1</integer>
			<key>Sort Album</key><string>Genesis. - EP</string>
			<key>Sort Artist</key><string>RAYE</string>
			<key>Sort Name</key><string>Genesis.</string>
			<key>Persistent ID</key><string>FBD8790B2C3DD3C7</string>
			<key>Explicit</key><true/>
			<key>Track Type</key><string>Remote</string>
			<key>Apple Music</key><true/>
		</dict>
		<key>14031</key>
		<dict>
			<key>Track ID</key><integer>14031</integer>
			<key>Name</key><string>Sexy to Someone</string>
			<key>Artist</key><string>Clairo</string>
			<key>Album Artist</key><string>Clairo</string>
			<key>Composer</key><string>Claire Cottrill, Leon Michels, Homer Steinweiss &#38; Nick Movshon</string>
			<key>Album</key><string>Charm</string>
			<key>Genre</key><string>Music</string>
			<key>Kind</key><string>Apple Music AAC audio file</string>
			<key>Size</key><integer>7527867</integer>
			<key>Total Time</key><integer>207796</integer>
			<key>Disc Number</key><integer>1</integer>
			<key>Disc Count</key><integer>1</integer>
			<key>Track Number</key><integer>2</integer>
			<key>Track Count</key><integer>11</integer>
			<key>Year</key><integer>2024</integer>
			<key>Date Modified</key><date>2024-06-15T16:55:28Z</date>
			<key>Date Added</key><date>2024-06-15T16:55:28Z</date>
			<key>Bit Rate</key><integer>256</integer>
			<key>Sample Rate</key><integer>44100</integer>
			<key>Play Count</key><integer>103</integer>
			<key>Play Date</key><integer>3832136915</integer>
			<key>Play Date UTC</key><date>2025-06-07T16:28:35Z</date>
			<key>Skip Count</key><integer>2</integer>
			<key>Skip Date</key><date>2024-12-09T22:32:23Z</date>
			<key>Release Date</key><date>2024-05-23T07:00:00Z</date>
			<key>Loved</key><true/>
			<key>Artwork Count</key><integer>1</integer>
			<key>Sort Album</key><string>Charm</string>
			<key>Sort Artist</key><string>Clairo</string>
			<key>Sort Name</key><string>Sexy to Someone</string>
			<key>Persistent ID</key><string>C5CB6AB3B76482FE</string>
			<key>Track Type</key><string>Remote</string>
			<key>Apple Music</key><true/>
		</dict>
		<key>14033</key>
		<dict>
			<key>Track ID</key><integer>14033</integer>
			<key>Name</key><string>You Know You're Right</string>
			<key>Artist</key><string>Nirvana</string>
			<key>Album Artist</key><string>Nirvana</string>
			<key>Composer</key><string>Kurt Cobain</string>
			<key>Album</key><string>Nirvana</string>
			<key>Genre</key><string>Music</string>
			<key>Kind</key><string>Apple Music AAC audio file</string>
			<key>Size</key><integer>7769039</integer>
			<key>Total Time</key><integer>217000</integer>
			<key>Disc Number</key><integer>1</integer>
			<key>Disc Count</key><integer>1</integer>
			<key>Track Number</key><integer>1</integer>
			<key>Track Count</key><integer>14</integer>
			<key>Year</key><integer>2002</integer>
			<key>Date Modified</key><date>2024-06-16T05:43:48Z</date>
			<key>Date Added</key><date>2024-06-16T05:43:48Z</date>
			<key>Bit Rate</key><integer>256</integer>
			<key>Sample Rate</key><integer>44100</integer>
			<key>Play Count</key><integer>17</integer>
			<key>Play Date</key><integer>3816390664</integer>
			<key>Play Date UTC</key><date>2024-12-07T11:31:04Z</date>
			<key>Release Date</key><date>2002-10-08T12:00:00Z</date>
			<key>Loved</key><true/>
			<key>Compilation</key><true/>
			<key>Artwork Count</key><integer>1</integer>
			<key>Sort Album</key><string>Nirvana</string>
			<key>Sort Artist</key><string>Nirvana</string>
			<key>Sort Name</key><string>You Know You're Right</string>
			<key>Persistent ID</key><string>2A56FF408C354257</string>
			<key>Track Type</key><string>Remote</string>
			<key>Apple Music</key><true/>
		</dict>
		<key>14073</key>
		<dict>
			<key>Track ID</key><integer>14073</integer>
			<key>Name</key><string>Police On My Back (Remastered)</string>
			<key>Artist</key><string>The Clash</string>
			<key>Album Artist</key><string>The Clash</string>
			<key>Composer</key><string>Edmond Grant</string>
			<key>Album</key><string>Sandinista! (Remastered)</string>
			<key>Genre</key><string>Music</string>
			<key>Kind</key><string>Apple Music AAC audio file</string>
			<key>Size</key><integer>7506560</integer>
			<key>Total Time</key><integer>196954</integer>
			<key>Disc Number</key><integer>1</integer>
			<key>Disc Count</key><integer>1</integer>
			<key>Track Number</key><integer>19</integer>
			<key>Track Count</key><integer>36</integer>
			<key>Year</key><integer>1980</integer>
			<key>Date Modified</key><date>2024-06-22T03:38:06Z</date>
			<key>Date Added</key><date>2024-06-22T03:38:06Z</date>
			<key>Bit Rate</key><integer>256</integer>
			<key>Sample Rate</key><integer>44100</integer>
			<key>Play Count</key><integer>59</integer>
			<key>Play Date</key><integer>3834418540</integer>
			<key>Play Date UTC</key><date>2025-07-04T02:15:40Z</date>
			<key>Skip Count</key><integer>1</integer>
			<key>Skip Date</key><date>2025-01-08T21:55:12Z</date>
			<key>Release Date</key><date>1980-12-12T08:00:00Z</date>
			<key>Loved</key><true/>
			<key>Artwork Count</key><integer>1</integer>
			<key>Sort Album</key><string>Sandinista! (Remastered)</string>
			<key>Sort Album Artist</key><string>Clash</string>
			<key>Sort Artist</key><string>Clash</string>
			<key>Sort Name</key><string>Police On My Back (Remastered)</string>
			<key>Persistent ID</key><string>1B92638C997E5BD4</string>
			<key>Track Type</key><string>Remote</string>
			<key>Apple Music</key><true/>
		</dict>
		<key>14117</key>
		<dict>
			<key>Track ID</key><integer>14117</integer>
			<key>Name</key><string>I Think I Need a New Heart</string>
			<key>Artist</key><string>The Magnetic Fields</string>
			<key>Album Artist</key><string>The Magnetic Fields</string>
			<key>Album</key><string>69 Love Songs</string>
			<key>Genre</key><string>Music</string>
			<key>Kind</key><string>Apple Music AAC audio file</string>
			<key>Size</key><integer>5763033</integer>
			<key>Total Time</key><integer>152733</integer>
			<key>Disc Number</key><integer>1</integer>
			<key>Disc Count</key><integer>3</integer>
			<key>Track Number</key><integer>11</integer>
			<key>Track Count</key><integer>23</integer>
			<key>Year</key><integer>1999</integer>
			<key>Date Modified</key><date>2024-06-27T15:11:51Z</date>
			<key>Date Added</key><date>2024-06-27T15:11:51Z</date>
			<key>Bit Rate</key><integer>256</integer>
			<key>Sample Rate</key><integer>44100</integer>
			<key>Play Count</key><integer>67</integer>
			<key>Play Date</key><integer>3832136288</integer>
			<key>Play Date UTC</key><date>2025-06-07T16:18:08Z</date>
			<key>Skip Count</key><integer>1</integer>
			<key>Skip Date</key><date>2024-12-05T16:07:49Z</date>
			<key>Release Date</key><date>1999-09-07T07:00:00Z</date>
			<key>Loved</key><true/>
			<key>Artwork Count</key><integer>1</integer>
			<key>Sort Album</key><string>69 Love Songs</string>
			<key>Sort Album Artist</key><string>Magnetic Fields</string>
			<key>Sort Artist</key><string>Magnetic Fields</string>
			<key>Sort Name</key><string>I Think I Need a New Heart</string>
			<key>Persistent ID</key><string>03C0E1B5A4C4AB65</string>
			<key>Track Type</key><string>Remote</string>
			<key>Apple Music</key><true/>
		</dict>
		<key>14119</key>
		<dict>
			<key>Track ID</key><integer>14119</integer>
			<key>Name</key><string>Velouria</string>
			<key>Artist</key><string>Pixies</string>
			<key>Album Artist</key><string>Pixies</string>
			<key>Composer</key><string>Black Francis</string>
			<key>Album</key><string>Bossanova</string>
			<key>Genre</key><string>Music</string>
			<key>Kind</key><string>Apple Music AAC audio file</string>
			<key>Size</key><integer>8094644</integer>
			<key>Total Time</key><integer>220333</integer>
			<key>Disc Number</key><integer>1</integer>
			<key>Disc Count</key><integer>1</integer>
			<key>Track Number</key><integer>3</integer>
			<key>Track Count</key><integer>14</integer>
			<key>Year</key><integer>1990</integer>
			<key>Date Modified</key><date>2024-06-27T15:11:51Z</date>
			<key>Date Added</key><date>2024-06-27T15:11:51Z</date>
			<key>Bit Rate</key><integer>256</integer>
			<key>Sample Rate</key><integer>44100</integer>
			<key>Play Count</key><integer>91</integer>
			<key>Play Date</key><integer>3818093666</integer>
			<key>Play Date UTC</key><date>2024-12-27T04:34:26Z</date>
			<key>Skip Count</key><integer>3</integer>
			<key>Skip Date</key><date>2024-12-21T22:20:18Z</date>
			<key>Release Date</key><date>1990-07-16T12:00:00Z</date>
			<key>Loved</key><true/>
			<key>Artwork Count</key><integer>1</integer>
			<key>Sort Album</key><string>Bossanova</string>
			<key>Sort Artist</key><string>Pixies</string>
			<key>Sort Name</key><string>Velouria</string>
			<key>Persistent ID</key><string>813D96995945B76C</string>
			<key>Track Type</key><string>Remote</string>
			<key>Apple Music</key><true/>
		</dict>
		<key>14147</key>
		<dict>
			<key>Track ID</key><integer>14147</integer>
			<key>Name</key><string>Last Train Home</string>
			<key>Artist</key><string>John Mayer</string>
			<key>Album Artist</key><string>John Mayer</string>
			<key>Composer</key><string>John Mayer</string>
			<key>Album</key><string>Sob Rock</string>
			<key>Genre</key><string>Music</string>
			<key>Kind</key><string>Apple Music AAC audio file</string>
			<key>Size</key><integer>6671659</integer>
			<key>Total Time</key><integer>187310</integer>
			<key>Disc Number</key><integer>1</integer>
			<key>Disc Count</key><integer>1</integer>
			<key>Track Number</key><integer>1</integer>
			<key>Track Count</key><integer>10</integer>
			<key>Year</key><integer>2021</integer>
			<key>Date Modified</key><date>2024-06-27T15:12:33Z</date>
			<key>Date Added</key><date>2024-06-27T15:12:33Z</date>
			<key>Bit Rate</key><integer>256</integer>
			<key>Sample Rate</key><integer>44100</integer>
			<key>Play Count</key><integer>24</integer>
			<key>Play Date</key><integer>3832135522</integer>
			<key>Play Date UTC</key><date>2025-06-07T16:05:22Z</date>
			<key>Release Date</key><date>2021-06-04T07:00:00Z</date>
			<key>Loved</key><true/>
			<key>Artwork Count</key><integer>1</integer>
			<key>Sort Album</key><string>Sob Rock</string>
			<key>Sort Artist</key><string>John Mayer</string>
			<key>Sort Name</key><string>Last Train Home</string>
			<key>Persistent ID</key><string>57978BA90C333D45</string>
			<key>Track Type</key><string>Remote</string>
			<key>Apple Music</key><true/>
		</dict>
		<key>14157</key>
		<dict>
			<key>Track ID</key><integer>14157</integer>
			<key>Name</key><string>Via Chicago</string>
			<key>Artist</key><string>Wilco</string>
			<key>Album Artist</key><string>Wilco</string>
			<key>Composer</key><string>Jeff Tweedy &#38; Wilco</string>
			<key>Album</key><string>Summerteeth</string>
			<key>Genre</key><string>Music</string>
			<key>Kind</key><string>Apple Music AAC audio file</string>
			<key>Size</key><integer>11690832</integer>
			<key>Total Time</key><integer>333573</integer>
			<key>Disc Number</key><integer>1</integer>
			<key>Disc Count</key><integer>1</integer>
			<key>Track Number</key><integer>9</integer>
			<key>Track Count</key><integer>17</integer>
			<key>Year</key><integer>1999</integer>
			<key>Date Modified</key><date>2024-06-27T15:12:33Z</date>
			<key>Date Added</key><date>2024-06-27T15:12:33Z</date>
			<key>Bit Rate</key><integer>256</integer>
			<key>Sample Rate</key><integer>44100</integer>
			<key>Play Count</key><integer>10</integer>
			<key>Play Date</key><integer>3814126395</integer>
			<key>Play Date UTC</key><date>2024-11-11T06:33:15Z</date>
			<key>Skip Count</key><integer>1</integer>
			<key>Skip Date</key><date>2024-11-13T04:18:47Z</date>
			<key>Release Date</key><date>1999-03-08T12:00:00Z</date>
			<key>Loved</key><true/>
			<key>Artwork Count</key><integer>1</integer>
			<key>Sort Album</key><string>Summerteeth</string>
			<key>Sort Artist</key><string>Wilco</string>
			<key>Sort Name</key><string>Via Chicago</string>
			<key>Persistent ID</key><string>1C5C298C3D4945B6</string>
			<key>Track Type</key><string>Remote</string>
			<key>Apple Music</key><true/>
		</dict>
		<key>14161</key>
		<dict>
			<key>Track ID</key><integer>14161</integer>
			<key>Name</key><string>One Fine Day</string>
			<key>Artist</key><string>David Byrne &#38; Brian Eno</string>
			<key>Album Artist</key><string>David Byrne &#38; Brian Eno</string>
			<key>Album</key><string>Everything That Happens Will Happen Today</string>
			<key>Genre</key><string>Music</string>
			<key>Kind</key><string>Apple Music AAC audio file</string>
			<key>Size</key><integer>10827226</integer>
			<key>Total Time</key><integer>293640</integer>
			<key>Disc Number</key><integer>1</integer>
			<key>Disc Count</key><integer>1</integer>
			<key>Track Number</key><integer>9</integer>
			<key>Track Count</key><integer>11</integer>
			<key>Year</key><integer>2008</integer>
			<key>Date Modified</key><date>2024-06-27T15:20:13Z</date>
			<key>Date Added</key><date>2024-06-27T15:20:13Z</date>
			<key>Bit Rate</key><integer>256</integer>
			<key>Sample Rate</key><integer>44100</integer>
			<key>Play Count</key><integer>10</integer>
			<key>Play Date</key><integer>3814765773</integer>
			<key>Play Date UTC</key><date>2024-11-18T16:09:33Z</date>
			<key>Release Date</key><date>2008-08-04T07:00:00Z</date>
			<key>Loved</key><true/>
			<key>Artwork Count</key><integer>1</integer>
			<key>Sort Album</key><string>Everything That Happens Will Happen Today</string>
			<key>Sort Artist</key><string>David Byrne &#38; Brian Eno</string>
			<key>Sort Name</key><string>One Fine Day</string>
			<key>Persistent ID</key><string>03A87E844093D719</string>
			<key>Track Type</key><string>Remote</string>
			<key>Apple Music</key><true/>
		</dict>
		<key>14185</key>
		<dict>
			<key>Track ID</key><integer>14185</integer>
			<key>Name</key><string>New Noise</string>
			<key>Artist</key><string>Refused</string>
			<key>Album Artist</key><string>Refused</string>
			<key>Composer</key><string>Dennis Lyxzén, David Sandström, Kristofer Steen &#38; Jon F. Brannstrom</string>
			<key>Album</key><string>The Shape of Punk to Come</string>
			<key>Genre</key><string>Music</string>
			<key>Kind</key><string>Apple Music AAC audio file</string>
			<key>Size</key><integer>11895709</integer>
			<key>Total Time</key><integer>310200</integer>
			<key>Disc Number</key><integer>1</integer>
			<key>Disc Count</key><integer>1</integer>
			<key>Track Number</key><integer>6</integer>
			<key>Track Count</key><integer>12</integer>
			<key>Year</key><integer>1998</integer>
			<key>Date Modified</key><date>2024-06-27T16:15:27Z</date>
			<key>Date Added</key><date>2024-06-27T16:15:27Z</date>
			<key>Bit Rate</key><integer>256</integer>
			<key>Sample Rate</key><integer>44100</integer>
			<key>Comments</key><string>Red</string>
			<key>Play Count</key><integer>28</integer>
			<key>Play Date</key><integer>3816462892</integer>
			<key>Play Date UTC</key><date>2024-12-08T07:34:52Z</date>
			<key>Skip Count</key><integer>2</integer>
			<key>Skip Date</key><date>2025-04-08T17:14:53Z</date>
			<key>Release Date</key><date>1998-10-26T12:00:00Z</date>
			<key>Loved</key><true/>
			<key>Compilation</key><true/>
			<key>Artwork Count</key><integer>1</integer>
			<key>Sort Album</key><string>Shape of Punk to Come</string>
			<key>Sort Artist</key><string>Refused</string>
			<key>Sort Name</key><string>New Noise</string>
			<key>Persistent ID</key><string>8C7DFC20AD920F0D</string>
			<key>Track Type</key><string>Remote</string>
			<key>Apple Music</key><true/>
		</dict>
		<key>14187</key>
		<dict>
			<key>Track ID</key><integer>14187</integer>
			<key>Name</key><string>Big Songbirds Don't Cry</string>
			<key>Artist</key><string>Superviolet</string>
			<key>Album Artist</key><string>Superviolet</string>
			<key>Composer</key><string>Steve Ciolek</string>
			<key>Album</key><string>Infinite Spring</string>
			<key>Genre</key><string>Music</string>
			<key>Kind</key><string>Apple Music AAC audio file</string>
			<key>Size</key><integer>8451091</integer>
			<key>Total Time</key><integer>234500</integer>
			<key>Disc Number</key><integer>1</integer>
			<key>Disc Count</key><integer>1</integer>
			<key>Track Number</key><integer>3</integer>
			<key>Track Count</key><integer>10</integer>
			<key>Year</key><integer>2023</integer>
			<key>Date Modified</key><date>2024-06-28T00:24:34Z</date>
			<key>Date Added</key><date>2024-06-28T00:24:34Z</date>
			<key>Bit Rate</key><integer>256</integer>
			<key>Sample Rate</key><integer>44100</integer>
			<key>Comments</key><string>Green</string>
			<key>Play Count</key><integer>37</integer>
			<key>Play Date</key><integer>3818157575</integer>
			<key>Play Date UTC</key><date>2024-12-27T22:19:35Z</date>
			<key>Skip Count</key><integer>2</integer>
			<key>Skip Date</key><date>2024-12-21T21:58:52Z</date>
			<key>Release Date</key><date>2023-04-21T12:00:00Z</date>
			<key>Loved</key><true/>
			<key>Artwork Count</key><integer>1</integer>
			<key>Sort Album</key><string>Infinite Spring</string>
			<key>Sort Artist</key><string>Superviolet</string>
			<key>Sort Name</key><string>Big Songbirds Don't Cry</string>
			<key>Persistent ID</key><string>6E6DA8EC3E13E235</string>
			<key>Track Type</key><string>Remote</string>
			<key>Apple Music</key><true/>
		</dict>
		<key>14193</key>
		<dict>
			<key>Track ID</key><integer>14193</integer>
			<key>Name</key><string>Graduation</string>
			<key>Artist</key><string>Kero Kero Bonito</string>
			<key>Album Artist</key><string>Kero Kero Bonito</string>
			<key>Album</key><string>Bonito Generation</string>
			<key>Genre</key><string>Music</string>
			<key>Kind</key><string>Apple Music AAC audio file</string>
			<key>Size</key><integer>7162443</integer>
			<key>Total Time</key><integer>199843</integer>
			<key>Disc Number</key><integer>1</integer>
			<key>Disc Count</key><integer>1</integer>
			<key>Track Number</key><integer>3</integer>
			<key>Track Count</key><integer>12</integer>
			<key>Year</key><integer>2016</integer>
			<key>Date Modified</key><date>2024-07-03T01:12:39Z</date>
			<key>Date Added</key><date>2024-07-03T01:12:39Z</date>
			<key>Bit Rate</key><integer>256</integer>
			<key>Sample Rate</key><integer>44100</integer>
			<key>Part Of Gapless Album</key><true/>
			<key>Play Count</key><integer>18</integer>
			<key>Play Date</key><integer>3816546839</integer>
			<key>Play Date UTC</key><date>2024-12-09T06:53:59Z</date>
			<key>Release Date</key><date>2016-08-23T12:00:00Z</date>
			<key>Loved</key><true/>
			<key>Artwork Count</key><integer>1</integer>
			<key>Sort Album</key><string>Bonito Generation</string>
			<key>Sort Artist</key><string>Kero Kero Bonito</string>
			<key>Sort Name</key><string>Graduation</string>
			<key>Persistent ID</key><string>3480A4F390311034</string>
			<key>Track Type</key><string>Remote</string>
			<key>Apple Music</key><true/>
		</dict>
		<key>14213</key>
		<dict>
			<key>Track ID</key><integer>14213</integer>
			<key>Name</key><string>Meditate (feat. J.I.D.)</string>
			<key>Artist</key><string>EARTHGANG</string>
			<key>Album Artist</key><string>EARTHGANG</string>
			<key>Album</key><string>Rags - EP</string>
			<key>Genre</key><string>Music</string>
			<key>Kind</key><string>Apple Music AAC audio file</string>
			<key>Size</key><integer>9730643</integer>
			<key>Total Time</key><integer>278084</integer>
			<key>Disc Number</key><integer>1</integer>
			<key>Disc Count</key><integer>1</integer>
			<key>Track Number</key><integer>1</integer>
			<key>Track Count</key><integer>5</integer>
			<key>Year</key><integer>2017</integer>
			<key>Date Modified</key><date>2024-07-03T04:38:36Z</date>
			<key>Date Added</key><date>2024-07-03T04:38:36Z</date>
			<key>Bit Rate</key><integer>256</integer>
			<key>Sample Rate</key><integer>44100</integer>
			<key>Part Of Gapless Album</key><true/>
			<key>Play Count</key><integer>10</integer>
			<key>Play Date</key><integer>3814114457</integer>
			<key>Play Date UTC</key><date>2024-11-11T03:14:17Z</date>
			<key>Release Date</key><date>2017-09-01T12:00:00Z</date>
			<key>Loved</key><true/>
			<key>Artwork Count</key><integer>1</integer>
			<key>Sort Album</key><string>Rags - EP</string>
			<key>Sort Artist</key><string>EARTHGANG</string>
			<key>Sort Name</key><string>Meditate (feat. J.I.D.)</string>
			<key>Persistent ID</key><string>12A4F0DA151E69A5</string>
			<key>Explicit</key><true/>
			<key>Track Type</key><string>Remote</string>
			<key>Apple Music</key><true/>
		</dict>
		<key>14215</key>
		<dict>
			<key>Track ID</key><integer>14215</integer>
			<key>Name</key><string>Pretty In Pink (Original Version)</string>
			<key>Artist</key><string>The Psychedelic Furs</string>
			<key>Album Artist</key><string>The Psychedelic Furs</string>
			<key>Composer</key><string>Richard Lofthouse Butler, Timothy Butler, John Ashton, Vincent Davey, Roger Morris &#38; Duncan Kilburn</string>
			<key>Album</key><string>Talk Talk Talk</string>
			<key>Genre</key><string>Music</string>
			<key>Kind</key><string>Apple Music AAC audio file</string>
			<key>Size</key><integer>8520781</integer>
			<key>Total Time</key><integer>239000</integer>
			<key>Disc Number</key><integer>1</integer>
			<key>Disc Count</key><integer>1</integer>
			<key>Track Number</key><integer>1</integer>
			<key>Track Count</key><integer>10</integer>
			<key>Year</key><integer>1981</integer>
			<key>Date Modified</key><date>2024-07-03T06:20:52Z</date>
			<key>Date Added</key><date>2024-07-03T06:20:52Z</date>
			<key>Bit Rate</key><integer>256</integer>
			<key>Sample Rate</key><integer>44100</integer>
			<key>Play Count</key><integer>46</integer>
			<key>Play Date</key><integer>3834428362</integer>
			<key>Play Date UTC</key><date>2025-07-04T04:59:22Z</date>
			<key>Skip Count</key><integer>2</integer>
			<key>Skip Date</key><date>2024-11-24T22:36:06Z</date>
			<key>Release Date</key><date>1981-01-01T08:00:00Z</date>
			<key>Loved</key><true/>
			<key>Artwork Count</key><integer>1</integer>
			<key>Sort Album Artist</key><string>Psychedelic Furs</string>
			<key>Sort Artist</key><string>Psychedelic Furs</string>
			<key>Sort Name</key><string>Pretty In Pink (Original Version)</string>
			<key>Persistent ID</key><string>5981F256E546921E</string>
			<key>Track Type</key><string>Remote</string>
			<key>Apple Music</key><true/>
		</dict>
		<key>14257</key>
		<dict>
			<key>Track ID</key><integer>14257</integer>
			<key>Name</key><string>Pale Shelter</string>
			<key>Artist</key><string>Tears for Fears</string>
			<key>Album Artist</key><string>Tears for Fears</string>
			<key>Composer</key><string>Roland Orzabal</string>
			<key>Album</key><string>The Hurting (Remastered)</string>
			<key>Genre</key><string>Music</string>
			<key>Kind</key><string>Apple Music AAC audio file</string>
			<key>Size</key><integer>9759720</integer>
			<key>Total Time</key><integer>273893</integer>
			<key>Disc Number</key><integer>1</integer>
			<key>Disc Count</key><integer>1</integer>
			<key>Track Number</key><integer>3</integer>
			<key>Track Count</key><integer>14</integer>
			<key>Year</key><integer>1982</integer>
			<key>Date Modified</key><date>2024-07-17T03:11:55Z</date>
			<key>Date Added</key><date>2024-07-17T03:11:55Z</date>
			<key>Bit Rate</key><integer>256</integer>
			<key>Sample Rate</key><integer>44100</integer>
			<key>Play Count</key><integer>12</integer>
			<key>Play Date</key><integer>3834416943</integer>
			<key>Play Date UTC</key><date>2025-07-04T01:49:03Z</date>
			<key>Release Date</key><date>1982-03-01T12:00:00Z</date>
			<key>Loved</key><true/>
			<key>Artwork Count</key><integer>1</integer>
			<key>Sort Album</key><string>Hurting (Remastered)</string>
			<key>Sort Artist</key><string>Tears for Fears</string>
			<key>Sort Name</key><string>Pale Shelter</string>
			<key>Persistent ID</key><string>F3B2BF485C6F8C7B</string>
			<key>Track Type</key><string>Remote</string>
			<key>Apple Music</key><true/>
		</dict>
		<key>14381</key>
		<dict>
			<key>Track ID</key><integer>14381</integer>
			<key>Name</key><string>X Gon' Give It To Ya</string>
			<key>Artist</key><string>DMX</string>
			<key>Album Artist</key><string>DMX</string>
			<key>Composer</key><string>Earl Simmons, Shatek King &#38; Kasseem Dean</string>
			<key>Album</key><string>The Definition of X: Pick of the Litter</string>
			<key>Genre</key><string>Music</string>
			<key>Kind</key><string>Apple Music AAC audio file</string>
			<key>Size</key><integer>7763806</integer>
			<key>Total Time</key><integer>217587</integer>
			<key>Disc Number</key><integer>1</integer>
			<key>Disc Count</key><integer>1</integer>
			<key>Track Number</key><integer>11</integer>
			<key>Track Count</key><integer>20</integer>
			<key>Year</key><integer>2003</integer>
			<key>Date Modified</key><date>2024-08-06T14:05:17Z</date>
			<key>Date Added</key><date>2024-08-06T14:05:17Z</date>
			<key>Bit Rate</key><integer>256</integer>
			<key>Sample Rate</key><integer>44100</integer>
			<key>Play Count</key><integer>3</integer>
			<key>Play Date</key><integer>3813577172</integer>
			<key>Play Date UTC</key><date>2024-11-04T21:59:32Z</date>
			<key>Skip Count</key><integer>1</integer>
			<key>Skip Date</key><date>2024-11-04T02:56:18Z</date>
			<key>Release Date</key><date>2003-01-20T12:00:00Z</date>
			<key>Loved</key><true/>
			<key>Compilation</key><true/>
			<key>Artwork Count</key><integer>1</integer>
			<key>Sort Album</key><string>Definition of X: Pick of the Litter</string>
			<key>Sort Artist</key><string>DMX</string>
			<key>Sort Name</key><string>X Gon' Give It To Ya</string>
			<key>Persistent ID</key><string>B4C27FD9F7363692</string>
			<key>Explicit</key><true/>
			<key>Track Type</key><string>Remote</string>
			<key>Apple Music</key><true/>
		</dict>
		<key>14383</key>
		<dict>
			<key>Track ID</key><integer>14383</integer>
			<key>Name</key><string>Reflection</string>
			<key>Artist</key><string>Ichika Nito &#38; Clara Benin</string>
			<key>Album Artist</key><string>Ichika Nito &#38; Clara Benin</string>
			<key>Composer</key><string>Ichika Nito</string>
			<key>Album</key><string>Reflection - Single</string>
			<key>Genre</key><string>Music</string>
			<key>Kind</key><string>Apple Music AAC audio file</string>
			<key>Size</key><integer>7076710</integer>
			<key>Total Time</key><integer>202875</integer>
			<key>Disc Number</key><integer>1</integer>
			<key>Disc Count</key><integer>1</integer>
			<key>Track Number</key><integer>1</integer>
			<key>Track Count</key><integer>1</integer>
			<key>Year</key><integer>2023</integer>
			<key>Date Modified</key><date>2024-08-06T21:43:56Z</date>
			<key>Date Added</key><date>2024-08-06T21:43:56Z</date>
			<key>Bit Rate</key><integer>256</integer>
			<key>Sample Rate</key><integer>44100</integer>
			<key>Play Count</key><integer>11</integer>
			<key>Play Date</key><integer>3814795763</integer>
			<key>Play Date UTC</key><date>2024-11-19T00:29:23Z</date>
			<key>Release Date</key><date>2023-08-05T12:00:00Z</date>
			<key>Loved</key><true/>
			<key>Artwork Count</key><integer>1</integer>
			<key>Sort Album</key><string>Reflection - Single</string>
			<key>Sort Artist</key><string>Ichika Nito &#38; Clara Benin</string>
			<key>Sort Name</key><string>Reflection</string>
			<key>Persistent ID</key><string>0BF3E348B8EE1200</string>
			<key>Track Type</key><string>Remote</string>
			<key>Apple Music</key><true/>
		</dict>
		<key>14385</key>
		<dict>
			<key>Track ID</key><integer>14385</integer>
			<key>Name</key><string>Summer</string>
			<key>Artist</key><string>Vanilla</string>
			<key>Album Artist</key><string>Vanilla</string>
			<key>Composer</key><string>Hugo Harrison</string>
			<key>Album</key><string>Origin</string>
			<key>Genre</key><string>Music</string>
			<key>Kind</key><string>Apple Music AAC audio file</string>
			<key>Size</key><integer>10435818</integer>
			<key>Total Time</key><integer>280250</integer>
			<key>Disc Number</key><integer>1</integer>
			<key>Disc Count</key><integer>1</integer>
			<key>Track Number</key><integer>8</integer>
			<key>Track Count</key><integer>17</integer>
			<key>Year</key><integer>2015</integer>
			<key>Date Modified</key><date>2024-08-14T00:59:26Z</date>
			<key>Date Added</key><date>2024-08-14T00:59:26Z</date>
			<key>Bit Rate</key><integer>256</integer>
			<key>Sample Rate</key><integer>44100</integer>
			<key>Play Count</key><integer>10</integer>
			<key>Play Date</key><integer>3814126675</integer>
			<key>Play Date UTC</key><date>2024-11-11T06:37:55Z</date>
			<key>Release Date</key><date>2015-09-20T12:00:00Z</date>
			<key>Loved</key><true/>
			<key>Artwork Count</key><integer>1</integer>
			<key>Sort Album</key><string>Origin</string>
			<key>Sort Artist</key><string>Vanilla</string>
			<key>Sort Name</key><string>Summer</string>
			<key>Persistent ID</key><string>9EE98C01FF65207D</string>
			<key>Track Type</key><string>Remote</string>
			<key>Apple Music</key><true/>
		</dict>
		<key>14395</key>
		<dict>
			<key>Track ID</key><integer>14395</integer>
			<key>Name</key><string>Eye on the Bat</string>
			<key>Artist</key><string>Palehound</string>
			<key>Album Artist</key><string>Palehound</string>
			<key>Composer</key><string>E. Kempner</string>
			<key>Album</key><string>Eye on the Bat</string>
			<key>Genre</key><string>Music</string>
			<key>Kind</key><string>Apple Music AAC audio file</string>
			<key>Size</key><integer>6465576</integer>
			<key>Total Time</key><integer>176870</integer>
			<key>Disc Number</key><integer>1</integer>
			<key>Disc Count</key><integer>1</integer>
			<key>Track Number</key><integer>4</integer>
			<key>Track Count</key><integer>10</integer>
			<key>Year</key><integer>2023</integer>
			<key>Date Modified</key><date>2024-08-28T00:02:30Z</date>
			<key>Date Added</key><date>2024-08-28T00:02:30Z</date>
			<key>Bit Rate</key><integer>256</integer>
			<key>Sample Rate</key><integer>44100</integer>
			<key>Play Count</key><integer>18</integer>
			<key>Play Date</key><integer>3817398781</integer>
			<key>Play Date UTC</key><date>2024-12-19T03:33:01Z</date>
			<key>Release Date</key><date>2023-07-14T12:00:00Z</date>
			<key>Loved</key><true/>
			<key>Artwork Count</key><integer>1</integer>
			<key>Sort Album</key><string>Eye on the Bat</string>
			<key>Sort Artist</key><string>Palehound</string>
			<key>Sort Name</key><string>Eye on the Bat</string>
			<key>Persistent ID</key><string>AE32B69409754A9D</string>
			<key>Track Type</key><string>Remote</string>
			<key>Apple Music</key><true/>
		</dict>
		<key>14397</key>
		<dict>
			<key>Track ID</key><integer>14397</integer>
			<key>Name</key><string>Paint Me Silver</string>
			<key>Artist</key><string>Pond</string>
			<key>Album Artist</key><string>Pond</string>
			<key>Composer</key><string>Jay Watson, Nicholas Allbrook &#38; Todd Rundgren</string>
			<key>Album</key><string>The Weather</string>
			<key>Genre</key><string>Music</string>
			<key>Kind</key><string>Apple Music AAC audio file</string>
			<key>Size</key><integer>8024828</integer>
			<key>Total Time</key><integer>224973</integer>
			<key>Disc Number</key><integer>1</integer>
			<key>Disc Count</key><integer>1</integer>
			<key>Track Number</key><integer>3</integer>
			<key>Track Count</key><integer>11</integer>
			<key>Year</key><integer>2017</integer>
			<key>Date Modified</key><date>2024-08-28T00:05:24Z</date>
			<key>Date Added</key><date>2024-08-28T00:05:24Z</date>
			<key>Bit Rate</key><integer>256</integer>
			<key>Sample Rate</key><integer>44100</integer>
			<key>Play Count</key><integer>130</integer>
			<key>Play Date</key><integer>3832136512</integer>
			<key>Play Date UTC</key><date>2025-06-07T16:21:52Z</date>
			<key>Skip Count</key><integer>2</integer>
			<key>Skip Date</key><date>2024-12-05T16:07:57Z</date>
			<key>Release Date</key><date>2017-04-20T12:00:00Z</date>
			<key>Loved</key><true/>
			<key>Artwork Count</key><integer>1</integer>
			<key>Sort Album</key><string>Weather</string>
			<key>Sort Artist</key><string>Pond</string>
			<key>Sort Name</key><string>Paint Me Silver</string>
			<key>Persistent ID</key><string>CB52D9FA2A0039BC</string>
			<key>Track Type</key><string>Remote</string>
			<key>Apple Music</key><true/>
		</dict>
		<key>14453</key>
		<dict>
			<key>Track ID</key><integer>14453</integer>
			<key>Name</key><string>Song of the Lake</string>
			<key>Artist</key><string>Nick Cave &#38; The Bad Seeds</string>
			<key>Album Artist</key><string>Nick Cave &#38; The Bad Seeds</string>
			<key>Composer</key><string>Nick Cave &#38; Warren Ellis</string>
			<key>Album</key><string>Wild God</string>
			<key>Genre</key><string>Music</string>
			<key>Kind</key><string>Apple Music AAC audio file</string>
			<key>Size</key><integer>7740728</integer>
			<key>Total Time</key><integer>216587</integer>
			<key>Disc Number</key><integer>1</integer>
			<key>Disc Count</key><integer>1</integer>
			<key>Track Number</key><integer>1</integer>
			<key>Track Count</key><integer>10</integer>
			<key>Year</key><integer>2024</integer>
			<key>Date Modified</key><date>2024-09-21T01:15:34Z</date>
			<key>Date Added</key><date>2024-09-21T01:15:34Z</date>
			<key>Bit Rate</key><integer>256</integer>
			<key>Sample Rate</key><integer>44100</integer>
			<key>Part Of Gapless Album</key><true/>
			<key>Play Count</key><integer>9</integer>
			<key>Play Date</key><integer>3814109491</integer>
			<key>Play Date UTC</key><date>2024-11-11T01:51:31Z</date>
			<key>Release Date</key><date>2024-08-30T12:00:00Z</date>
			<key>Loved</key><true/>
			<key>Artwork Count</key><integer>1</integer>
			<key>Sort Album</key><string>Wild God</string>
			<key>Sort Artist</key><string>Nick Cave &#38; The Bad Seeds</string>
			<key>Sort Name</key><string>Song of the Lake</string>
			<key>Persistent ID</key><string>4E598A188BB667C7</string>
			<key>Track Type</key><string>Remote</string>
			<key>Apple Music</key><true/>
		</dict>
		<key>14455</key>
		<dict>
			<key>Track ID</key><integer>14455</integer>
			<key>Name</key><string>Wild God</string>
			<key>Artist</key><string>Nick Cave &#38; The Bad Seeds</string>
			<key>Album Artist</key><string>Nick Cave &#38; The Bad Seeds</string>
			<key>Composer</key><string>Nick Cave &#38; Warren Ellis</string>
			<key>Album</key><string>Wild God</string>
			<key>Genre</key><string>Music</string>
			<key>Kind</key><string>Apple Music AAC audio file</string>
			<key>Size</key><integer>12355894</integer>
			<key>Total Time</key><integer>319107</integer>
			<key>Disc Number</key><integer>1</integer>
			<key>Disc Count</key><integer>1</integer>
			<key>Track Number</key><integer>2</integer>
			<key>Track Count</key><integer>10</integer>
			<key>Year</key><integer>2024</integer>
			<key>Date Modified</key><date>2024-09-21T01:15:34Z</date>
			<key>Date Added</key><date>2024-09-21T01:15:34Z</date>
			<key>Bit Rate</key><integer>256</integer>
			<key>Sample Rate</key><integer>44100</integer>
			<key>Part Of Gapless Album</key><true/>
			<key>Play Count</key><integer>9</integer>
			<key>Play Date</key><integer>3814109275</integer>
			<key>Play Date UTC</key><date>2024-11-11T01:47:55Z</date>
			<key>Skip Count</key><integer>1</integer>
			<key>Skip Date</key><date>2024-11-12T15:56:55Z</date>
			<key>Release Date</key><date>2024-03-08T08:00:00Z</date>
			<key>Loved</key><true/>
			<key>Artwork Count</key><integer>1</integer>
			<key>Sort Album</key><string>Wild God</string>
			<key>Sort Artist</key><string>Nick Cave &#38; The Bad Seeds</string>
			<key>Sort Name</key><string>Wild God</string>
			<key>Persistent ID</key><string>1ABFE815F46D21A9</string>
			<key>Track Type</key><string>Remote</string>
			<key>Apple Music</key><true/>
		</dict>
		<key>14475</key>
		<dict>
			<key>Track ID</key><integer>14475</integer>
			<key>Name</key><string>THINGS BEHIND THINGS BEHIND THINGS</string>
			<key>Artist</key><string>Bon Iver</string>
			<key>Album Artist</key><string>Bon Iver</string>
			<key>Composer</key><string>Justin Vernon, Phil Cook &#38; Trever Hagen</string>
			<key>Album</key><string>SABLE, fABLE</string>
			<key>Genre</key><string>Music</string>
			<key>Kind</key><string>Apple Music AAC audio file</string>
			<key>Size</key><integer>6977748</integer>
			<key>Total Time</key><integer>200589</integer>
			<key>Disc Number</key><integer>1</integer>
			<key>Disc Count</key><integer>2</integer>
			<key>Track Number</key><integer>2</integer>
			<key>Track Count</key><integer>4</integer>
			<key>Year</key><integer>2024</integer>
			<key>Date Modified</key><date>2024-09-24T02:03:55Z</date>
			<key>Date Added</key><date>2024-10-18T04:12:41Z</date>
			<key>Bit Rate</key><integer>256</integer>
			<key>Sample Rate</key><integer>44100</integer>
			<key>Play Count</key><integer>66</integer>
			<key>Play Date</key><integer>3818094620</integer>
			<key>Play Date UTC</key><date>2024-12-27T04:50:20Z</date>
			<key>Release Date</key><date>2024-10-18T07:00:00Z</date>
			<key>Loved</key><true/>
			<key>Artwork Count</key><integer>1</integer>
			<key>Sort Album</key><string>SABLE, fABLE</string>
			<key>Sort Artist</key><string>Bon Iver</string>
			<key>Sort Name</key><string>THINGS BEHIND THINGS BEHIND THINGS</string>
			<key>Persistent ID</key><string>71CD6AD57AE7B28E</string>
			<key>Track Type</key><string>Remote</string>
			<key>Apple Music</key><true/>
		</dict>
		<key>14477</key>
		<dict>
			<key>Track ID</key><integer>14477</integer>
			<key>Name</key><string>S P E Y S I D E</string>
			<key>Artist</key><string>Bon Iver</string>
			<key>Album Artist</key><string>Bon Iver</string>
			<key>Composer</key><string>Justin Vernon, Brandon Burton &#38; Ryan Olson</string>
			<key>Album</key><string>SABLE, fABLE</string>
			<key>Genre</key><string>Music</string>
			<key>Kind</key><string>Apple Music AAC audio file</string>
			<key>Size</key><integer>7665066</integer>
			<key>Total Time</key><integer>209078</integer>
			<key>Disc Number</key><integer>1</integer>
			<key>Disc Count</key><integer>2</integer>
			<key>Track Number</key><integer>3</integer>
			<key>Track Count</key><integer>4</integer>
			<key>Year</key><integer>2024</integer>
			<key>Date Modified</key><date>2024-09-24T02:03:55Z</date>
			<key>Date Added</key><date>2024-09-24T02:03:55Z</date>
			<key>Bit Rate</key><integer>256</integer>
			<key>Sample Rate</key><integer>44100</integer>
			<key>Play Count</key><integer>69</integer>
			<key>Play Date</key><integer>3818094412</integer>
			<key>Play Date UTC</key><date>2024-12-27T04:46:52Z</date>
			<key>Skip Count</key><integer>1</integer>
			<key>Skip Date</key><date>2024-11-04T02:56:12Z</date>
			<key>Release Date</key><date>2024-09-20T07:00:00Z</date>
			<key>Loved</key><true/>
			<key>Artwork Count</key><integer>1</integer>
			<key>Sort Album</key><string>SABLE, fABLE</string>
			<key>Sort Artist</key><string>Bon Iver</string>
			<key>Sort Name</key><string>S P E Y S I D E</string>
			<key>Persistent ID</key><string>8013422BE0DB6CF2</string>
			<key>Track Type</key><string>Remote</string>
			<key>Apple Music</key><true/>
		</dict>
		<key>14479</key>
		<dict>
			<key>Track ID</key><integer>14479</integer>
			<key>Name</key><string>AWARDS SEASON</string>
			<key>Artist</key><string>Bon Iver</string>
			<key>Album Artist</key><string>Bon Iver</string>
			<key>Composer</key><string>Justin Vernon &#38; Michael Lewis</string>
			<key>Album</key><string>SABLE, fABLE</string>
			<key>Genre</key><string>Music</string>
			<key>Kind</key><string>Apple Music AAC audio file</string>
			<key>Size</key><integer>11041930</integer>
			<key>Total Time</key><integer>316487</integer>
			<key>Disc Number</key><integer>1</integer>
			<key>Disc Count</key><integer>2</integer>
			<key>Track Number</key><integer>4</integer>
			<key>Track Count</key><integer>4</integer>
			<key>Year</key><integer>2024</integer>
			<key>Date Modified</key><date>2024-09-24T02:03:55Z</date>
			<key>Date Added</key><date>2024-10-18T04:12:41Z</date>
			<key>Bit Rate</key><integer>256</integer>
			<key>Sample Rate</key><integer>44100</integer>
			<key>Play Count</key><integer>43</integer>
			<key>Play Date</key><integer>3818153674</integer>
			<key>Play Date UTC</key><date>2024-12-27T21:14:34Z</date>
			<key>Release Date</key><date>2024-10-18T07:00:00Z</date>
			<key>Loved</key><true/>
			<key>Artwork Count</key><integer>1</integer>
			<key>Sort Album</key><string>SABLE, fABLE</string>
			<key>Sort Artist</key><string>Bon Iver</string>
			<key>Sort Name</key><string>AWARDS SEASON</string>
			<key>Persistent ID</key><string>353C0FB1C3478757</string>
			<key>Track Type</key><string>Remote</string>
			<key>Apple Music</key><true/>
		</dict>
		<key>14483</key>
		<dict>
			<key>Track ID</key><integer>14483</integer>
			<key>Name</key><string>killstreaks (feat. Don Toliver &#38; PinkPantheress)</string>
			<key>Artist</key><string>Baby Keem</string>
			<key>Album Artist</key><string>Baby Keem</string>
			<key>Composer</key><string>PinkPantheress, Hykeem Carter, Caleb Toliver, Jahaan Sweet &#38; Ruchaun Akers</string>
			<key>Album</key><string>The Melodic Blue (Deluxe)</string>
			<key>Genre</key><string>Music</string>
			<key>Kind</key><string>Apple Music AAC audio file</string>
			<key>Size</key><integer>7818113</integer>
			<key>Total Time</key><integer>215680</integer>
			<key>Disc Number</key><integer>2</integer>
			<key>Disc Count</key><integer>2</integer>
			<key>Track Number</key><integer>5</integer>
			<key>Track Count</key><integer>10</integer>
			<key>Year</key><integer>2022</integer>
			<key>Date Modified</key><date>2024-10-16T01:47:04Z</date>
			<key>Date Added</key><date>2024-10-16T01:47:04Z</date>
			<key>Bit Rate</key><integer>256</integer>
			<key>Sample Rate</key><integer>44100</integer>
			<key>Play Count</key><integer>21</integer>
			<key>Play Date</key><integer>3816935948</integer>
			<key>Play Date UTC</key><date>2024-12-13T18:59:08Z</date>
			<key>Skip Count</key><integer>3</integer>
			<key>Skip Date</key><date>2024-11-10T23:22:20Z</date>
			<key>Release Date</key><date>2022-10-28T12:00:00Z</date>
			<key>Loved</key><true/>
			<key>Artwork Count</key><integer>1</integer>
			<key>Sort Album</key><string>Melodic Blue (Deluxe)</string>
			<key>Sort Artist</key><string>Baby Keem</string>
			<key>Sort Name</key><string>killstreaks (feat. Don Toliver &#38; PinkPantheress)</string>
			<key>Persistent ID</key><string>136333AE68233B28</string>
			<key>Explicit</key><true/>
			<key>Track Type</key><string>Remote</string>
			<key>Apple Music</key><true/>
		</dict>
		<key>14485</key>
		<dict>
			<key>Track ID</key><integer>14485</integer>
			<key>Name</key><string>Black on Black on Black</string>
			<key>Artist</key><string>Frog</string>
			<key>Album Artist</key><string>Frog</string>
			<key>Composer</key><string>Daniel Joseph Bateman</string>
			<key>Album</key><string>Grog</string>
			<key>Genre</key><string>Music</string>
			<key>Kind</key><string>Apple Music AAC audio file</string>
			<key>Size</key><integer>7918758</integer>
			<key>Total Time</key><integer>219753</integer>
			<key>Disc Number</key><integer>1</integer>
			<key>Disc Count</key><integer>1</integer>
			<key>Track Number</key><integer>5</integer>
			<key>Track Count</key><integer>11</integer>
			<key>Year</key><integer>2023</integer>
			<key>Date Modified</key><date>2024-10-18T02:02:40Z</date>
			<key>Date Added</key><date>2024-10-18T02:02:40Z</date>
			<key>Bit Rate</key><integer>256</integer>
			<key>Sample Rate</key><integer>44100</integer>
			<key>Play Count</key><integer>22</integer>
			<key>Play Date</key><integer>3817386060</integer>
			<key>Play Date UTC</key><date>2024-12-19T00:01:00Z</date>
			<key>Release Date</key><date>2023-10-27T12:00:00Z</date>
			<key>Loved</key><true/>
			<key>Artwork Count</key><integer>1</integer>
			<key>Sort Album</key><string>Grog</string>
			<key>Sort Artist</key><string>Frog</string>
			<key>Sort Name</key><string>Black on Black on Black</string>
			<key>Persistent ID</key><string>5E6E92E5267F607D</string>
			<key>Explicit</key><true/>
			<key>Track Type</key><string>Remote</string>
			<key>Apple Music</key><true/>
		</dict>
		<key>14491</key>
		<dict>
			<key>Track ID</key><integer>14491</integer>
			<key>Name</key><string>St. Chroma (feat. Daniel Caesar)</string>
			<key>Artist</key><string>Tyler, The Creator</string>
			<key>Album Artist</key><string>Tyler, The Creator</string>
			<key>Composer</key><string>Tyler Okonma &#38; Ashton Dumar Simmonds</string>
			<key>Album</key><string>CHROMAKOPIA</string>
			<key>Genre</key><string>Music</string>
			<key>Kind</key><string>Apple Music AAC audio file</string>
			<key>Size</key><integer>7160688</integer>
			<key>Total Time</key><integer>197020</integer>
			<key>Disc Number</key><integer>1</integer>
			<key>Disc Count</key><integer>1</integer>
			<key>Track Number</key><integer>1</integer>
			<key>Track Count</key><integer>14</integer>
			<key>Year</key><integer>2024</integer>
			<key>Date Modified</key><date>2024-10-28T13:50:58Z</date>
			<key>Date Added</key><date>2024-10-28T13:50:58Z</date>
			<key>Bit Rate</key><integer>256</integer>
			<key>Sample Rate</key><integer>44100</integer>
			<key>Play Count</key><integer>132</integer>
			<key>Play Date</key><integer>3824814558</integer>
			<key>Play Date UTC</key><date>2025-03-14T22:29:18Z</date>
			<key>Skip Count</key><integer>5</integer>
			<key>Skip Date</key><date>2024-12-27T03:59:21Z</date>
			<key>Release Date</key><date>2024-10-28T12:00:00Z</date>
			<key>Loved</key><true/>
			<key>Artwork Count</key><integer>1</integer>
			<key>Sort Album</key><string>CHROMAKOPIA</string>
			<key>Sort Artist</key><string>Tyler, The Creator</string>
			<key>Sort Name</key><string>St. Chroma (feat. Daniel Caesar)</string>
			<key>Persistent ID</key><string>0A75685191627853</string>
			<key>Explicit</key><true/>
			<key>Track Type</key><string>Remote</string>
			<key>Apple Music</key><true/>
		</dict>
		<key>14493</key>
		<dict>
			<key>Track ID</key><integer>14493</integer>
			<key>Name</key><string>Rah Tah Tah</string>
			<key>Artist</key><string>Tyler, The Creator</string>
			<key>Album Artist</key><string>Tyler, The Creator</string>
			<key>Composer</key><string>Tyler Okonma</string>
			<key>Album</key><string>CHROMAKOPIA</string>
			<key>Genre</key><string>Music</string>
			<key>Kind</key><string>Apple Music AAC audio file</string>
			<key>Size</key><integer>6072708</integer>
			<key>Total Time</key><integer>165413</integer>
			<key>Disc Number</key><integer>1</integer>
			<key>Disc Count</key><integer>1</integer>
			<key>Track Number</key><integer>2</integer>
			<key>Track Count</key><integer>14</integer>
			<key>Year</key><integer>2024</integer>
			<key>Date Modified</key><date>2024-10-28T13:50:58Z</date>
			<key>Date Added</key><date>2024-10-28T13:50:58Z</date>
			<key>Bit Rate</key><integer>256</integer>
			<key>Sample Rate</key><integer>44100</integer>
			<key>Play Count</key><integer>81</integer>
			<key>Play Date</key><integer>3830288858</integer>
			<key>Play Date UTC</key><date>2025-05-17T07:07:38Z</date>
			<key>Skip Count</key><integer>1</integer>
			<key>Skip Date</key><date>2025-04-08T17:20:44Z</date>
			<key>Release Date</key><date>2024-10-28T12:00:00Z</date>
			<key>Loved</key><true/>
			<key>Artwork Count</key><integer>1</integer>
			<key>Sort Album</key><string>CHROMAKOPIA</string>
			<key>Sort Artist</key><string>Tyler, The Creator</string>
			<key>Sort Name</key><string>Rah Tah Tah</string>
			<key>Persistent ID</key><string>37E285CA2686B6CD</string>
			<key>Explicit</key><true/>
			<key>Track Type</key><string>Remote</string>
			<key>Apple Music</key><true/>
		</dict>
		<key>14495</key>
		<dict>
			<key>Track ID</key><integer>14495</integer>
			<key>Name</key><string>Noid</string>
			<key>Artist</key><string>Tyler, The Creator</string>
			<key>Album Artist</key><string>Tyler, The Creator</string>
			<key>Composer</key><string>Tyler Okonma &#38; Paul Dobson Nyirongo</string>
			<key>Album</key><string>CHROMAKOPIA</string>
			<key>Genre</key><string>Music</string>
			<key>Kind</key><string>Apple Music AAC audio file</string>
			<key>Size</key><integer>10067828</integer>
			<key>Total Time</key><integer>284364</integer>
			<key>Disc Number</key><integer>1</integer>
			<key>Disc Count</key><integer>1</integer>
			<key>Track Number</key><integer>3</integer>
			<key>Track Count</key><integer>14</integer>
			<key>Year</key><integer>2024</integer>
			<key>Date Modified</key><date>2024-10-28T13:50:58Z</date>
			<key>Date Added</key><date>2024-10-28T13:50:58Z</date>
			<key>Bit Rate</key><integer>256</integer>
			<key>Sample Rate</key><integer>44100</integer>
			<key>Play Count</key><integer>86</integer>
			<key>Play Date</key><integer>3824041470</integer>
			<key>Play Date UTC</key><date>2025-03-06T00:44:30Z</date>
			<key>Skip Count</key><integer>2</integer>
			<key>Skip Date</key><date>2025-04-08T17:20:40Z</date>
			<key>Release Date</key><date>2024-10-21T07:00:00Z</date>
			<key>Loved</key><true/>
			<key>Artwork Count</key><integer>1</integer>
			<key>Sort Album</key><string>CHROMAKOPIA</string>
			<key>Sort Artist</key><string>Tyler, The Creator</string>
			<key>Sort Name</key><string>Noid</string>
			<key>Persistent ID</key><string>5DBA32B331D90F09</string>
			<key>Explicit</key><true/>
			<key>Track Type</key><string>Remote</string>
			<key>Apple Music</key><true/>
		</dict>
		<key>14497</key>
		<dict>
			<key>Track ID</key><integer>14497</integer>
			<key>Name</key><string>Darling, I (feat. Teezo Touchdown)</string>
			<key>Artist</key><string>Tyler, The Creator</string>
			<key>Album Artist</key><string>Tyler, The Creator</string>
			<key>Composer</key><string>Tyler Okonma, Kamaal Ibn John Fareed &#38; Barry White</string>
			<key>Album</key><string>CHROMAKOPIA</string>
			<key>Genre</key><string>Music</string>
			<key>Kind</key><string>Apple Music AAC audio file</string>
			<key>Size</key><integer>9016861</integer>
			<key>Total Time</key><integer>253834</integer>
			<key>Disc Number</key><integer>1</integer>
			<key>Disc Count</key><integer>1</integer>
			<key>Track Number</key><integer>4</integer>
			<key>Track Count</key><integer>14</integer>
			<key>Year</key><integer>2024</integer>
			<key>Date Modified</key><date>2024-10-28T13:50:58Z</date>
			<key>Date Added</key><date>2024-10-28T13:50:58Z</date>
			<key>Bit Rate</key><integer>256</integer>
			<key>Sample Rate</key><integer>44100</integer>
			<key>Play Count</key><integer>20</integer>
			<key>Play Date</key><integer>3816400144</integer>
			<key>Play Date UTC</key><date>2024-12-07T14:09:04Z</date>
			<key>Skip Count</key><integer>2</integer>
			<key>Skip Date</key><date>2024-12-27T22:31:09Z</date>
			<key>Release Date</key><date>2024-10-28T12:00:00Z</date>
			<key>Loved</key><true/>
			<key>Artwork Count</key><integer>1</integer>
			<key>Sort Album</key><string>CHROMAKOPIA</string>
			<key>Sort Artist</key><string>Tyler, The Creator</string>
			<key>Sort Name</key><string>Darling, I (feat. Teezo Touchdown)</string>
			<key>Persistent ID</key><string>410D49CC7A9BEF64</string>
			<key>Explicit</key><true/>
			<key>Track Type</key><string>Remote</string>
			<key>Apple Music</key><true/>
		</dict>
		<key>14501</key>
		<dict>
			<key>Track ID</key><integer>14501</integer>
			<key>Name</key><string>I Killed You</string>
			<key>Artist</key><string>Tyler, The Creator</string>
			<key>Album Artist</key><string>Tyler, The Creator</string>
			<key>Composer</key><string>Tyler Okonma</string>
			<key>Album</key><string>CHROMAKOPIA</string>
			<key>Genre</key><string>Music</string>
			<key>Kind</key><string>Apple Music AAC audio file</string>
			<key>Size</key><integer>6182400</integer>
			<key>Total Time</key><integer>168421</integer>
			<key>Disc Number</key><integer>1</integer>
			<key>Disc Count</key><integer>1</integer>
			<key>Track Number</key><integer>6</integer>
			<key>Track Count</key><integer>14</integer>
			<key>Year</key><integer>2024</integer>
			<key>Date Modified</key><date>2024-10-28T13:50:58Z</date>
			<key>Date Added</key><date>2024-10-28T13:50:58Z</date>
			<key>Bit Rate</key><integer>256</integer>
			<key>Sample Rate</key><integer>44100</integer>
			<key>Play Count</key><integer>2</integer>
			<key>Play Date</key><integer>3812988628</integer>
			<key>Play Date UTC</key><date>2024-10-29T01:30:28Z</date>
			<key>Skip Count</key><integer>1</integer>
			<key>Skip Date</key><date>2024-10-29T02:02:09Z</date>
			<key>Release Date</key><date>2024-10-28T12:00:00Z</date>
			<key>Loved</key><true/>
			<key>Artwork Count</key><integer>1</integer>
			<key>Sort Album</key><string>CHROMAKOPIA</string>
			<key>Sort Artist</key><string>Tyler, The Creator</string>
			<key>Sort Name</key><string>I Killed You</string>
			<key>Persistent ID</key><string>C5EF038DE8C50649</string>
			<key>Explicit</key><true/>
			<key>Track Type</key><string>Remote</string>
			<key>Apple Music</key><true/>
		</dict>
		<key>14505</key>
		<dict>
			<key>Track ID</key><integer>14505</integer>
			<key>Name</key><string>Sticky (feat. GloRilla, Sexyy Red &#38; Lil Wayne)</string>
			<key>Artist</key><string>Tyler, The Creator</string>
			<key>Album Artist</key><string>Tyler, The Creator</string>
			<key>Composer</key><string>Tyler Okonma, Gloria Woods, Dwyane Carter, Jr., Janae Wherry, Rex Zamor, Aaron Bolton, Dudley Alexander Duverne, Timothy Mosley, David Darnell Brown, Elvis L. JR. Williams, Jamal F. Jones, Timothy Clayton &#38; Zachary Anson Wallace</string>
			<key>Album</key><string>CHROMAKOPIA</string>
			<key>Genre</key><string>Music</string>
			<key>Kind</key><string>Apple Music AAC audio file</string>
			<key>Size</key><integer>9133661</integer>
			<key>Total Time</key><integer>255916</integer>
			<key>Disc Number</key><integer>1</integer>
			<key>Disc Count</key><integer>1</integer>
			<key>Track Number</key><integer>8</integer>
			<key>Track Count</key><integer>14</integer>
			<key>Year</key><integer>2024</integer>
			<key>Date Modified</key><date>2024-10-28T13:50:58Z</date>
			<key>Date Added</key><date>2024-10-28T13:50:58Z</date>
			<key>Bit Rate</key><integer>256</integer>
			<key>Sample Rate</key><integer>44100</integer>
			<key>Play Count</key><integer>7</integer>
			<key>Play Date</key><integer>3824052753</integer>
			<key>Play Date UTC</key><date>2025-03-06T03:52:33Z</date>
			<key>Release Date</key><date>2024-10-28T12:00:00Z</date>
			<key>Artwork Count</key><integer>1</integer>
			<key>Sort Album</key><string>CHROMAKOPIA</string>
			<key>Sort Artist</key><string>Tyler, The Creator</string>
			<key>Sort Name</key><string>Sticky (feat. GloRilla, Sexyy Red &#38; Lil Wayne)</string>
			<key>Persistent ID</key><string>390B6C44A060E336</string>
			<key>Explicit</key><true/>
			<key>Track Type</key><string>Remote</string>
			<key>Apple Music</key><true/>
		</dict>
		<key>14507</key>
		<dict>
			<key>Track ID</key><integer>14507</integer>
			<key>Name</key><string>Take Your Mask Off (feat. Daniel Caesar &#38; Latoiya Williams)</string>
			<key>Artist</key><string>Tyler, The Creator</string>
			<key>Album Artist</key><string>Tyler, The Creator</string>
			<key>Composer</key><string>Tyler Okonma, Greg Cook &#38; K. Thomas</string>
			<key>Album</key><string>CHROMAKOPIA</string>
			<key>Genre</key><string>Music</string>
			<key>Kind</key><string>Apple Music AAC audio file</string>
			<key>Size</key><integer>9079096</integer>
			<key>Total Time</key><integer>253910</integer>
			<key>Disc Number</key><integer>1</integer>
			<key>Disc Count</key><integer>1</integer>
			<key>Track Number</key><integer>9</integer>
			<key>Track Count</key><integer>14</integer>
			<key>Year</key><integer>2024</integer>
			<key>Date Modified</key><date>2024-10-28T13:50:58Z</date>
			<key>Date Added</key><date>2024-10-28T13:50:58Z</date>
			<key>Bit Rate</key><integer>256</integer>
			<key>Sample Rate</key><integer>44100</integer>
			<key>Play Count</key><integer>53</integer>
			<key>Play Date</key><integer>3816687153</integer>
			<key>Play Date UTC</key><date>2024-12-10T21:52:33Z</date>
			<key>Release Date</key><date>2024-10-28T12:00:00Z</date>
			<key>Loved</key><true/>
			<key>Artwork Count</key><integer>1</integer>
			<key>Sort Album</key><string>CHROMAKOPIA</string>
			<key>Sort Artist</key><string>Tyler, The Creator</string>
			<key>Sort Name</key><string>Take Your Mask Off (feat. Daniel Caesar &#38; Latoiya Williams)</string>
			<key>Persistent ID</key><string>CCCA60374B8F1065</string>
			<key>Explicit</key><true/>
			<key>Track Type</key><string>Remote</string>
			<key>Apple Music</key><true/>
		</dict>
		<key>14509</key>
		<dict>
			<key>Track ID</key><integer>14509</integer>
			<key>Name</key><string>Tomorrow</string>
			<key>Artist</key><string>Tyler, The Creator</string>
			<key>Album Artist</key><string>Tyler, The Creator</string>
			<key>Composer</key><string>Tyler Okonma &#38; Ashton Dumar Simmonds</string>
			<key>Album</key><string>CHROMAKOPIA</string>
			<key>Genre</key><string>Music</string>
			<key>Kind</key><string>Apple Music AAC audio file</string>
			<key>Size</key><integer>6623621</integer>
			<key>Total Time</key><integer>182326</integer>
			<key>Disc Number</key><integer>1</integer>
			<key>Disc Count</key><integer>1</integer>
			<key>Track Number</key><integer>10</integer>
			<key>Track Count</key><integer>14</integer>
			<key>Year</key><integer>2024</integer>
			<key>Date Modified</key><date>2024-10-28T13:50:58Z</date>
			<key>Date Added</key><date>2024-10-28T13:50:58Z</date>
			<key>Bit Rate</key><integer>256</integer>
			<key>Sample Rate</key><integer>44100</integer>
			<key>Play Count</key><integer>35</integer>
			<key>Play Date</key><integer>3816663732</integer>
			<key>Play Date UTC</key><date>2024-12-10T15:22:12Z</date>
			<key>Skip Count</key><integer>1</integer>
			<key>Skip Date</key><date>2024-12-09T22:24:02Z</date>
			<key>Release Date</key><date>2024-10-28T12:00:00Z</date>
			<key>Loved</key><true/>
			<key>Artwork Count</key><integer>1</integer>
			<key>Sort Album</key><string>CHROMAKOPIA</string>
			<key>Sort Artist</key><string>Tyler, The Creator</string>
			<key>Sort Name</key><string>Tomorrow</string>
			<key>Persistent ID</key><string>9DB5D16C1332CA88</string>
			<key>Explicit</key><true/>
			<key>Track Type</key><string>Remote</string>
			<key>Apple Music</key><true/>
		</dict>
		<key>14511</key>
		<dict>
			<key>Track ID</key><integer>14511</integer>
			<key>Name</key><string>Thought I Was Dead (feat. ScHoolboy Q &#38; Santigold)</string>
			<key>Artist</key><string>Tyler, The Creator</string>
			<key>Album Artist</key><string>Tyler, The Creator</string>
			<key>Composer</key><string>Tyler Okonma &#38; Quincy Hanley</string>
			<key>Album</key><string>CHROMAKOPIA</string>
			<key>Genre</key><string>Music</string>
			<key>Kind</key><string>Apple Music AAC audio file</string>
			<key>Size</key><integer>7487539</integer>
			<key>Total Time</key><integer>207273</integer>
			<key>Disc Number</key><integer>1</integer>
			<key>Disc Count</key><integer>1</integer>
			<key>Track Number</key><integer>11</integer>
			<key>Track Count</key><integer>14</integer>
			<key>Year</key><integer>2024</integer>
			<key>Date Modified</key><date>2024-10-28T13:50:58Z</date>
			<key>Date Added</key><date>2024-10-28T13:50:58Z</date>
			<key>Bit Rate</key><integer>256</integer>
			<key>Sample Rate</key><integer>44100</integer>
			<key>Play Count</key><integer>22</integer>
			<key>Play Date</key><integer>3816404802</integer>
			<key>Play Date UTC</key><date>2024-12-07T15:26:42Z</date>
			<key>Skip Count</key><integer>1</integer>
			<key>Skip Date</key><date>2024-12-13T17:59:33Z</date>
			<key>Release Date</key><date>2024-10-28T12:00:00Z</date>
			<key>Loved</key><true/>
			<key>Artwork Count</key><integer>1</integer>
			<key>Sort Album</key><string>CHROMAKOPIA</string>
			<key>Sort Artist</key><string>Tyler, The Creator</string>
			<key>Sort Name</key><string>Thought I Was Dead (feat. ScHoolboy Q &#38; Santigold)</string>
			<key>Persistent ID</key><string>C672384D69AE77C7</string>
			<key>Explicit</key><true/>
			<key>Track Type</key><string>Remote</string>
			<key>Apple Music</key><true/>
		</dict>
		<key>14513</key>
		<dict>
			<key>Track ID</key><integer>14513</integer>
			<key>Name</key><string>Like Him (feat. Lola Young)</string>
			<key>Artist</key><string>Tyler, The Creator</string>
			<key>Album Artist</key><string>Tyler, The Creator</string>
			<key>Composer</key><string>Tyler Okonma</string>
			<key>Album</key><string>CHROMAKOPIA</string>
			<key>Genre</key><string>Music</string>
			<key>Kind</key><string>Apple Music AAC audio file</string>
			<key>Size</key><integer>9804571</integer>
			<key>Total Time</key><integer>278015</integer>
			<key>Disc Number</key><integer>1</integer>
			<key>Disc Count</key><integer>1</integer>
			<key>Track Number</key><integer>12</integer>
			<key>Track Count</key><integer>14</integer>
			<key>Year</key><integer>2024</integer>
			<key>Date Modified</key><date>2024-10-28T13:50:58Z</date>
			<key>Date Added</key><date>2024-10-28T13:50:58Z</date>
			<key>Bit Rate</key><integer>256</integer>
			<key>Sample Rate</key><integer>44100</integer>
			<key>Play Count</key><integer>39</integer>
			<key>Play Date</key><integer>3816686386</integer>
			<key>Play Date UTC</key><date>2024-12-10T21:39:46Z</date>
			<key>Skip Count</key><integer>2</integer>
			<key>Skip Date</key><date>2024-12-27T22:02:40Z</date>
			<key>Release Date</key><date>2024-10-28T12:00:00Z</date>
			<key>Loved</key><true/>
			<key>Artwork Count</key><integer>1</integer>
			<key>Sort Album</key><string>CHROMAKOPIA</string>
			<key>Sort Artist</key><string>Tyler, The Creator</string>
			<key>Sort Name</key><string>Like Him (feat. Lola Young)</string>
			<key>Persistent ID</key><string>2700A4FE30E80D30</string>
			<key>Explicit</key><true/>
			<key>Track Type</key><string>Remote</string>
			<key>Apple Music</key><true/>
		</dict>
		<key>14517</key>
		<dict>
			<key>Track ID</key><integer>14517</integer>
			<key>Name</key><string>I Hope You Find Your Way Home</string>
			<key>Artist</key><string>Tyler, The Creator</string>
			<key>Album Artist</key><string>Tyler, The Creator</string>
			<key>Composer</key><string>Tyler Okonma</string>
			<key>Album</key><string>CHROMAKOPIA</string>
			<key>Genre</key><string>Music</string>
			<key>Kind</key><string>Apple Music AAC audio file</string>
			<key>Size</key><integer>9538671</integer>
			<key>Total Time</key><integer>269704</integer>
			<key>Disc Number</key><integer>1</integer>
			<key>Disc Count</key><integer>1</integer>
			<key>Track Number</key><integer>14</integer>
			<key>Track Count</key><integer>14</integer>
			<key>Year</key><integer>2024</integer>
			<key>Date Modified</key><date>2024-10-28T13:50:58Z</date>
			<key>Date Added</key><date>2024-10-28T13:50:58Z</date>
			<key>Bit Rate</key><integer>256</integer>
			<key>Sample Rate</key><integer>44100</integer>
			<key>Play Count</key><integer>20</integer>
			<key>Play Date</key><integer>3816663550</integer>
			<key>Play Date UTC</key><date>2024-12-10T15:19:10Z</date>
			<key>Release Date</key><date>2024-10-28T12:00:00Z</date>
			<key>Loved</key><true/>
			<key>Artwork Count</key><integer>1</integer>
			<key>Sort Album</key><string>CHROMAKOPIA</string>
			<key>Sort Artist</key><string>Tyler, The Creator</string>
			<key>Sort Name</key><string>I Hope You Find Your Way Home</string>
			<key>Persistent ID</key><string>468B8A0DC26F26AA</string>
			<key>Explicit</key><true/>
			<key>Track Type</key><string>Remote</string>
			<key>Apple Music</key><true/>
		</dict>
		<key>14535</key>
		<dict>
			<key>Track ID</key><integer>14535</integer>
			<key>Name</key><string>She Looked Like Me!</string>
			<key>Artist</key><string>Magdalena Bay</string>
			<key>Album Artist</key><string>Magdalena Bay</string>
			<key>Composer</key><string>Matthew Lewin &#38; Mica Tenenbaum</string>
			<key>Album</key><string>Imaginal Disk</string>
			<key>Genre</key><string>Music</string>
			<key>Kind</key><string>Apple Music AAC audio file</string>
			<key>Size</key><integer>6997708</integer>
			<key>Total Time</key><integer>193187</integer>
			<key>Disc Number</key><integer>1</integer>
			<key>Disc Count</key><integer>1</integer>
			<key>Track Number</key><integer>1</integer>
			<key>Track Count</key><integer>15</integer>
			<key>Year</key><integer>2024</integer>
			<key>Date Modified</key><date>2024-11-02T07:41:07Z</date>
			<key>Date Added</key><date>2024-11-02T07:41:07Z</date>
			<key>Bit Rate</key><integer>256</integer>
			<key>Sample Rate</key><integer>44100</integer>
			<key>Play Count</key><integer>29</integer>
			<key>Play Date</key><integer>3830325672</integer>
			<key>Play Date UTC</key><date>2025-05-17T17:21:12Z</date>
			<key>Skip Count</key><integer>4</integer>
			<key>Skip Date</key><date>2025-05-17T19:00:05Z</date>
			<key>Release Date</key><date>2024-08-23T12:00:00Z</date>
			<key>Loved</key><true/>
			<key>Artwork Count</key><integer>1</integer>
			<key>Sort Album</key><string>Imaginal Disk</string>
			<key>Sort Artist</key><string>Magdalena Bay</string>
			<key>Sort Name</key><string>She Looked Like Me!</string>
			<key>Persistent ID</key><string>6A3286FFDD1E9C01</string>
			<key>Track Type</key><string>Remote</string>
			<key>Apple Music</key><true/>
		</dict>
		<key>14537</key>
		<dict>
			<key>Track ID</key><integer>14537</integer>
			<key>Name</key><string>Killing Time</string>
			<key>Artist</key><string>Magdalena Bay</string>
			<key>Album Artist</key><string>Magdalena Bay</string>
			<key>Composer</key><string>Matthew Lewin &#38; Mica Tenenbaum</string>
			<key>Album</key><string>Imaginal Disk</string>
			<key>Genre</key><string>Music</string>
			<key>Kind</key><string>Apple Music AAC audio file</string>
			<key>Size</key><integer>8636554</integer>
			<key>Total Time</key><integer>233547</integer>
			<key>Disc Number</key><integer>1</integer>
			<key>Disc Count</key><integer>1</integer>
			<key>Track Number</key><integer>2</integer>
			<key>Track Count</key><integer>15</integer>
			<key>Year</key><integer>2024</integer>
			<key>Date Modified</key><date>2024-11-02T07:41:07Z</date>
			<key>Date Added</key><date>2024-11-02T07:41:07Z</date>
			<key>Bit Rate</key><integer>256</integer>
			<key>Sample Rate</key><integer>44100</integer>
			<key>Play Count</key><integer>32</integer>
			<key>Play Date</key><integer>3830322184</integer>
			<key>Play Date UTC</key><date>2025-05-17T16:23:04Z</date>
			<key>Skip Count</key><integer>3</integer>
			<key>Skip Date</key><date>2025-01-16T02:15:03Z</date>
			<key>Release Date</key><date>2024-08-23T12:00:00Z</date>
			<key>Loved</key><true/>
			<key>Artwork Count</key><integer>1</integer>
			<key>Sort Album</key><string>Imaginal Disk</string>
			<key>Sort Artist</key><string>Magdalena Bay</string>
			<key>Sort Name</key><string>Killing Time</string>
			<key>Persistent ID</key><string>380D657491741968</string>
			<key>Track Type</key><string>Remote</string>
			<key>Apple Music</key><true/>
		</dict>
		<key>14539</key>
		<dict>
			<key>Track ID</key><integer>14539</integer>
			<key>Name</key><string>True Blue Interlude</string>
			<key>Artist</key><string>Magdalena Bay</string>
			<key>Album Artist</key><string>Magdalena Bay</string>
			<key>Composer</key><string>Matthew Lewin &#38; Mica Tenenbaum</string>
			<key>Album</key><string>Imaginal Disk</string>
			<key>Genre</key><string>Music</string>
			<key>Kind</key><string>Apple Music AAC audio file</string>
			<key>Size</key><integer>4318590</integer>
			<key>Total Time</key><integer>109227</integer>
			<key>Disc Number</key><integer>1</integer>
			<key>Disc Count</key><integer>1</integer>
			<key>Track Number</key><integer>3</integer>
			<key>Track Count</key><integer>15</integer>
			<key>Year</key><integer>2024</integer>
			<key>Date Modified</key><date>2024-11-02T07:41:07Z</date>
			<key>Date Added</key><date>2024-11-02T07:41:07Z</date>
			<key>Bit Rate</key><integer>256</integer>
			<key>Sample Rate</key><integer>44100</integer>
			<key>Play Count</key><integer>17</integer>
			<key>Play Date</key><integer>3830345131</integer>
			<key>Play Date UTC</key><date>2025-05-17T22:45:31Z</date>
			<key>Skip Count</key><integer>3</integer>
			<key>Skip Date</key><date>2025-02-20T21:43:12Z</date>
			<key>Release Date</key><date>2024-08-23T12:00:00Z</date>
			<key>Loved</key><true/>
			<key>Artwork Count</key><integer>1</integer>
			<key>Sort Album</key><string>Imaginal Disk</string>
			<key>Sort Artist</key><string>Magdalena Bay</string>
			<key>Sort Name</key><string>True Blue Interlude</string>
			<key>Persistent ID</key><string>2BAC667D9D815BB4</string>
			<key>Track Type</key><string>Remote</string>
			<key>Apple Music</key><true/>
		</dict>
		<key>14541</key>
		<dict>
			<key>Track ID</key><integer>14541</integer>
			<key>Name</key><string>Image</string>
			<key>Artist</key><string>Magdalena Bay</string>
			<key>Album Artist</key><string>Magdalena Bay</string>
			<key>Composer</key><string>Matthew Lewin &#38; Mica Tenenbaum</string>
			<key>Album</key><string>Imaginal Disk</string>
			<key>Genre</key><string>Music</string>
			<key>Kind</key><string>Apple Music AAC audio file</string>
			<key>Size</key><integer>7706361</integer>
			<key>Total Time</key><integer>212867</integer>
			<key>Disc Number</key><integer>1</integer>
			<key>Disc Count</key><integer>1</integer>
			<key>Track Number</key><integer>4</integer>
			<key>Track Count</key><integer>15</integer>
			<key>Year</key><integer>2024</integer>
			<key>Date Modified</key><date>2024-11-02T07:41:07Z</date>
			<key>Date Added</key><date>2024-11-02T07:41:07Z</date>
			<key>Bit Rate</key><integer>256</integer>
			<key>Sample Rate</key><integer>44100</integer>
			<key>Play Count</key><integer>34</integer>
			<key>Play Date</key><integer>3830336507</integer>
			<key>Play Date UTC</key><date>2025-05-17T20:21:47Z</date>
			<key>Skip Count</key><integer>2</integer>
			<key>Skip Date</key><date>2025-07-10T22:59:43Z</date>
			<key>Release Date</key><date>2024-07-10T07:00:00Z</date>
			<key>Loved</key><true/>
			<key>Artwork Count</key><integer>1</integer>
			<key>Sort Album</key><string>Imaginal Disk</string>
			<key>Sort Artist</key><string>Magdalena Bay</string>
			<key>Sort Name</key><string>Image</string>
			<key>Persistent ID</key><string>EF1E01B5EEFD33D6</string>
			<key>Track Type</key><string>Remote</string>
			<key>Apple Music</key><true/>
		</dict>
		<key>14543</key>
		<dict>
			<key>Track ID</key><integer>14543</integer>
			<key>Name</key><string>Death &#38; Romance</string>
			<key>Artist</key><string>Magdalena Bay</string>
			<key>Album Artist</key><string>Magdalena Bay</string>
			<key>Composer</key><string>Matthew Lewin &#38; Mica Tenenbaum</string>
			<key>Album</key><string>Imaginal Disk</string>
			<key>Genre</key><string>Music</string>
			<key>Kind</key><string>Apple Music AAC audio file</string>
			<key>Size</key><integer>11184783</integer>
			<key>Total Time</key><integer>314733</integer>
			<key>Disc Number</key><integer>1</integer>
			<key>Disc Count</key><integer>1</integer>
			<key>Track Number</key><integer>5</integer>
			<key>Track Count</key><integer>15</integer>
			<key>Year</key><integer>2024</integer>
			<key>Date Modified</key><date>2024-11-02T07:41:07Z</date>
			<key>Date Added</key><date>2024-11-02T07:41:07Z</date>
			<key>Bit Rate</key><integer>256</integer>
			<key>Sample Rate</key><integer>44100</integer>
			<key>Play Count</key><integer>36</integer>
			<key>Play Date</key><integer>3830345446</integer>
			<key>Play Date UTC</key><date>2025-05-17T22:50:46Z</date>
			<key>Skip Count</key><integer>1</integer>
			<key>Skip Date</key><date>2025-07-10T14:55:37Z</date>
			<key>Release Date</key><date>2024-05-28T12:00:00Z</date>
			<key>Loved</key><true/>
			<key>Artwork Count</key><integer>1</integer>
			<key>Sort Album</key><string>Imaginal Disk</string>
			<key>Sort Artist</key><string>Magdalena Bay</string>
			<key>Sort Name</key><string>Death &#38; Romance</string>
			<key>Persistent ID</key><string>818FE6935FF066BF</string>
			<key>Track Type</key><string>Remote</string>
			<key>Apple Music</key><true/>
		</dict>
		<key>14545</key>
		<dict>
			<key>Track ID</key><integer>14545</integer>
			<key>Name</key><string>Fear, Sex</string>
			<key>Artist</key><string>Magdalena Bay</string>
			<key>Album Artist</key><string>Magdalena Bay</string>
			<key>Composer</key><string>Matthew Lewin &#38; Mica Tenenbaum</string>
			<key>Album</key><string>Imaginal Disk</string>
			<key>Genre</key><string>Music</string>
			<key>Kind</key><string>Apple Music AAC audio file</string>
			<key>Size</key><integer>5645782</integer>
			<key>Total Time</key><integer>152053</integer>
			<key>Disc Number</key><integer>1</integer>
			<key>Disc Count</key><integer>1</integer>
			<key>Track Number</key><integer>6</integer>
			<key>Track Count</key><integer>15</integer>
			<key>Year</key><integer>2024</integer>
			<key>Date Modified</key><date>2024-11-02T07:41:08Z</date>
			<key>Date Added</key><date>2024-11-02T07:41:08Z</date>
			<key>Bit Rate</key><integer>256</integer>
			<key>Sample Rate</key><integer>44100</integer>
			<key>Play Count</key><integer>18</integer>
			<key>Play Date</key><integer>3830337958</integer>
			<key>Play Date UTC</key><date>2025-05-17T20:45:58Z</date>
			<key>Skip Count</key><integer>2</integer>
			<key>Skip Date</key><date>2025-03-06T17:15:27Z</date>
			<key>Release Date</key><date>2024-08-23T12:00:00Z</date>
			<key>Loved</key><true/>
			<key>Artwork Count</key><integer>1</integer>
			<key>Sort Album</key><string>Imaginal Disk</string>
			<key>Sort Artist</key><string>Magdalena Bay</string>
			<key>Sort Name</key><string>Fear, Sex</string>
			<key>Persistent ID</key><string>10ABCF4E8DD14C6F</string>
			<key>Track Type</key><string>Remote</string>
			<key>Apple Music</key><true/>
		</dict>
		<key>14547</key>
		<dict>
			<key>Track ID</key><integer>14547</integer>
			<key>Name</key><string>Vampire in the Corner</string>
			<key>Artist</key><string>Magdalena Bay</string>
			<key>Album Artist</key><string>Magdalena Bay</string>
			<key>Composer</key><string>Matthew Lewin &#38; Mica Tenenbaum</string>
			<key>Album</key><string>Imaginal Disk</string>
			<key>Genre</key><string>Music</string>
			<key>Kind</key><string>Apple Music AAC audio file</string>
			<key>Size</key><integer>7409077</integer>
			<key>Total Time</key><integer>202440</integer>
			<key>Disc Number</key><integer>1</integer>
			<key>Disc Count</key><integer>1</integer>
			<key>Track Number</key><integer>7</integer>
			<key>Track Count</key><integer>15</integer>
			<key>Year</key><integer>2024</integer>
			<key>Date Modified</key><date>2024-11-02T07:41:08Z</date>
			<key>Date Added</key><date>2024-11-02T07:41:08Z</date>
			<key>Bit Rate</key><integer>256</integer>
			<key>Sample Rate</key><integer>44100</integer>
			<key>Play Count</key><integer>22</integer>
			<key>Play Date</key><integer>3830336966</integer>
			<key>Play Date UTC</key><date>2025-05-17T20:29:26Z</date>
			<key>Release Date</key><date>2024-08-23T12:00:00Z</date>
			<key>Loved</key><true/>
			<key>Artwork Count</key><integer>1</integer>
			<key>Sort Album</key><string>Imaginal Disk</string>
			<key>Sort Artist</key><string>Magdalena Bay</string>
			<key>Sort Name</key><string>Vampire in the Corner</string>
			<key>Persistent ID</key><string>55814F78426A0937</string>
			<key>Track Type</key><string>Remote</string>
			<key>Apple Music</key><true/>
		</dict>
		<key>14549</key>
		<dict>
			<key>Track ID</key><integer>14549</integer>
			<key>Name</key><string>Watching T.V.</string>
			<key>Artist</key><string>Magdalena Bay</string>
			<key>Album Artist</key><string>Magdalena Bay</string>
			<key>Composer</key><string>Matthew Lewin &#38; Mica Tenenbaum</string>
			<key>Album</key><string>Imaginal Disk</string>
			<key>Genre</key><string>Music</string>
			<key>Kind</key><string>Apple Music AAC audio file</string>
			<key>Size</key><integer>8848133</integer>
			<key>Total Time</key><integer>245413</integer>
			<key>Disc Number</key><integer>1</integer>
			<key>Disc Count</key><integer>1</integer>
			<key>Track Number</key><integer>8</integer>
			<key>Track Count</key><integer>15</integer>
			<key>Year</key><integer>2024</integer>
			<key>Date Modified</key><date>2024-11-02T07:41:08Z</date>
			<key>Date Added</key><date>2024-11-02T07:41:08Z</date>
			<key>Bit Rate</key><integer>256</integer>
			<key>Sample Rate</key><integer>44100</integer>
			<key>Play Count</key><integer>21</integer>
			<key>Play Date</key><integer>3830337748</integer>
			<key>Play Date UTC</key><date>2025-05-17T20:42:28Z</date>
			<key>Release Date</key><date>2024-08-23T12:00:00Z</date>
			<key>Loved</key><true/>
			<key>Artwork Count</key><integer>1</integer>
			<key>Sort Album</key><string>Imaginal Disk</string>
			<key>Sort Artist</key><string>Magdalena Bay</string>
			<key>Sort Name</key><string>Watching T.V.</string>
			<key>Persistent ID</key><string>37C82E24092AEC6F</string>
			<key>Track Type</key><string>Remote</string>
			<key>Apple Music</key><true/>
		</dict>
		<key>14551</key>
		<dict>
			<key>Track ID</key><integer>14551</integer>
			<key>Name</key><string>Tunnel Vision</string>
			<key>Artist</key><string>Magdalena Bay</string>
			<key>Album Artist</key><string>Magdalena Bay</string>
			<key>Composer</key><string>Matthew Lewin &#38; Mica Tenenbaum</string>
			<key>Album</key><string>Imaginal Disk</string>
			<key>Genre</key><string>Music</string>
			<key>Kind</key><string>Apple Music AAC audio file</string>
			<key>Size</key><integer>10754488</integer>
			<key>Total Time</key><integer>305520</integer>
			<key>Disc Number</key><integer>1</integer>
			<key>Disc Count</key><integer>1</integer>
			<key>Track Number</key><integer>9</integer>
			<key>Track Count</key><integer>15</integer>
			<key>Year</key><integer>2024</integer>
			<key>Date Modified</key><date>2024-11-02T07:41:08Z</date>
			<key>Date Added</key><date>2024-11-02T07:41:08Z</date>
			<key>Bit Rate</key><integer>256</integer>
			<key>Sample Rate</key><integer>44100</integer>
			<key>Play Count</key><integer>30</integer>
			<key>Play Date</key><integer>3830317605</integer>
			<key>Play Date UTC</key><date>2025-05-17T15:06:45Z</date>
			<key>Skip Count</key><integer>3</integer>
			<key>Skip Date</key><date>2025-03-26T16:31:45Z</date>
			<key>Release Date</key><date>2024-08-23T12:00:00Z</date>
			<key>Loved</key><true/>
			<key>Artwork Count</key><integer>1</integer>
			<key>Sort Album</key><string>Imaginal Disk</string>
			<key>Sort Artist</key><string>Magdalena Bay</string>
			<key>Sort Name</key><string>Tunnel Vision</string>
			<key>Persistent ID</key><string>5ED9650A14DE852D</string>
			<key>Track Type</key><string>Remote</string>
			<key>Apple Music</key><true/>
		</dict>
		<key>14553</key>
		<dict>
			<key>Track ID</key><integer>14553</integer>
			<key>Name</key><string>Love Is Everywhere</string>
			<key>Artist</key><string>Magdalena Bay</string>
			<key>Album Artist</key><string>Magdalena Bay</string>
			<key>Composer</key><string>Matthew Lewin &#38; Mica Tenenbaum</string>
			<key>Album</key><string>Imaginal Disk</string>
			<key>Genre</key><string>Music</string>
			<key>Kind</key><string>Apple Music AAC audio file</string>
			<key>Size</key><integer>7100974</integer>
			<key>Total Time</key><integer>194413</integer>
			<key>Disc Number</key><integer>1</integer>
			<key>Disc Count</key><integer>1</integer>
			<key>Track Number</key><integer>10</integer>
			<key>Track Count</key><integer>15</integer>
			<key>Year</key><integer>2024</integer>
			<key>Date Modified</key><date>2024-11-02T07:41:08Z</date>
			<key>Date Added</key><date>2024-11-02T07:41:08Z</date>
			<key>Bit Rate</key><integer>256</integer>
			<key>Sample Rate</key><integer>44100</integer>
			<key>Play Count</key><integer>14</integer>
			<key>Play Date</key><integer>3827066952</integer>
			<key>Play Date UTC</key><date>2025-04-10T00:09:12Z</date>
			<key>Skip Count</key><integer>2</integer>
			<key>Skip Date</key><date>2025-03-07T18:16:27Z</date>
			<key>Release Date</key><date>2024-08-23T12:00:00Z</date>
			<key>Loved</key><true/>
			<key>Artwork Count</key><integer>1</integer>
			<key>Sort Album</key><string>Imaginal Disk</string>
			<key>Sort Artist</key><string>Magdalena Bay</string>
			<key>Sort Name</key><string>Love Is Everywhere</string>
			<key>Persistent ID</key><string>5034FFCA69E12A3C</string>
			<key>Track Type</key><string>Remote</string>
			<key>Apple Music</key><true/>
		</dict>
		<key>14555</key>
		<dict>
			<key>Track ID</key><integer>14555</integer>
			<key>Name</key><string>Feeling Diskinserted?</string>
			<key>Artist</key><string>Magdalena Bay</string>
			<key>Album Artist</key><string>Magdalena Bay</string>
			<key>Composer</key><string>Matthew Lewin &#38; Mica Tenenbaum</string>
			<key>Album</key><string>Imaginal Disk</string>
			<key>Genre</key><string>Music</string>
			<key>Kind</key><string>Apple Music AAC audio file</string>
			<key>Size</key><integer>2539880</integer>
			<key>Total Time</key><integer>58600</integer>
			<key>Disc Number</key><integer>1</integer>
			<key>Disc Count</key><integer>1</integer>
			<key>Track Number</key><integer>11</integer>
			<key>Track Count</key><integer>15</integer>
			<key>Year</key><integer>2024</integer>
			<key>Date Modified</key><date>2024-11-02T07:41:08Z</date>
			<key>Date Added</key><date>2024-11-02T07:41:08Z</date>
			<key>Bit Rate</key><integer>256</integer>
			<key>Sample Rate</key><integer>44100</integer>
			<key>Play Count</key><integer>14</integer>
			<key>Play Date</key><integer>3830337806</integer>
			<key>Play Date UTC</key><date>2025-05-17T20:43:26Z</date>
			<key>Skip Count</key><integer>2</integer>
			<key>Skip Date</key><date>2025-01-30T19:58:05Z</date>
			<key>Release Date</key><date>2024-08-23T12:00:00Z</date>
			<key>Loved</key><true/>
			<key>Artwork Count</key><integer>1</integer>
			<key>Sort Album</key><string>Imaginal Disk</string>
			<key>Sort Artist</key><string>Magdalena Bay</string>
			<key>Sort Name</key><string>Feeling Diskinserted?</string>
			<key>Persistent ID</key><string>CBB3876FE79BCE3C</string>
			<key>Track Type</key><string>Remote</string>
			<key>Apple Music</key><true/>
		</dict>
		<key>14557</key>
		<dict>
			<key>Track ID</key><integer>14557</integer>
			<key>Name</key><string>That's My Floor</string>
			<key>Artist</key><string>Magdalena Bay</string>
			<key>Album Artist</key><string>Magdalena Bay</string>
			<key>Composer</key><string>Matthew Lewin &#38; Mica Tenenbaum</string>
			<key>Album</key><string>Imaginal Disk</string>
			<key>Genre</key><string>Music</string>
			<key>Kind</key><string>Apple Music AAC audio file</string>
			<key>Size</key><integer>7711212</integer>
			<key>Total Time</key><integer>209800</integer>
			<key>Disc Number</key><integer>1</integer>
			<key>Disc Count</key><integer>1</integer>
			<key>Track Number</key><integer>12</integer>
			<key>Track Count</key><integer>15</integer>
			<key>Year</key><integer>2024</integer>
			<key>Date Modified</key><date>2024-11-02T07:41:08Z</date>
			<key>Date Added</key><date>2024-11-02T07:41:08Z</date>
			<key>Bit Rate</key><integer>256</integer>
			<key>Sample Rate</key><integer>44100</integer>
			<key>Play Count</key><integer>33</integer>
			<key>Play Date</key><integer>3830345656</integer>
			<key>Play Date UTC</key><date>2025-05-17T22:54:16Z</date>
			<key>Skip Count</key><integer>2</integer>
			<key>Skip Date</key><date>2025-03-18T14:00:57Z</date>
			<key>Release Date</key><date>2024-08-23T12:00:00Z</date>
			<key>Loved</key><true/>
			<key>Artwork Count</key><integer>1</integer>
			<key>Sort Album</key><string>Imaginal Disk</string>
			<key>Sort Artist</key><string>Magdalena Bay</string>
			<key>Sort Name</key><string>That's My Floor</string>
			<key>Persistent ID</key><string>AF1764483E29569F</string>
			<key>Track Type</key><string>Remote</string>
			<key>Apple Music</key><true/>
		</dict>
		<key>14559</key>
		<dict>
			<key>Track ID</key><integer>14559</integer>
			<key>Name</key><string>Cry for Me</string>
			<key>Artist</key><string>Magdalena Bay</string>
			<key>Album Artist</key><string>Magdalena Bay</string>
			<key>Composer</key><string>Matthew Lewin &#38; Mica Tenenbaum</string>
			<key>Album</key><string>Imaginal Disk</string>
			<key>Genre</key><string>Music</string>
			<key>Kind</key><string>Apple Music AAC audio file</string>
			<key>Size</key><integer>10853959</integer>
			<key>Total Time</key><integer>307267</integer>
			<key>Disc Number</key><integer>1</integer>
			<key>Disc Count</key><integer>1</integer>
			<key>Track Number</key><integer>13</integer>
			<key>Track Count</key><integer>15</integer>
			<key>Year</key><integer>2024</integer>
			<key>Date Modified</key><date>2024-11-02T07:41:08Z</date>
			<key>Date Added</key><date>2024-11-02T07:41:08Z</date>
			<key>Bit Rate</key><integer>256</integer>
			<key>Sample Rate</key><integer>44100</integer>
			<key>Play Count</key><integer>17</integer>
			<key>Play Date</key><integer>3830334778</integer>
			<key>Play Date UTC</key><date>2025-05-17T19:52:58Z</date>
			<key>Skip Count</key><integer>2</integer>
			<key>Skip Date</key><date>2025-05-08T22:25:59Z</date>
			<key>Release Date</key><date>2024-08-23T12:00:00Z</date>
			<key>Loved</key><true/>
			<key>Artwork Count</key><integer>1</integer>
			<key>Sort Album</key><string>Imaginal Disk</string>
			<key>Sort Artist</key><string>Magdalena Bay</string>
			<key>Sort Name</key><string>Cry for Me</string>
			<key>Persistent ID</key><string>1E6D9788E9084740</string>
			<key>Track Type</key><string>Remote</string>
			<key>Apple Music</key><true/>
		</dict>
		<key>14561</key>
		<dict>
			<key>Track ID</key><integer>14561</integer>
			<key>Name</key><string>Angel on a Satellite</string>
			<key>Artist</key><string>Magdalena Bay</string>
			<key>Album Artist</key><string>Magdalena Bay</string>
			<key>Composer</key><string>Matthew Lewin &#38; Mica Tenenbaum</string>
			<key>Album</key><string>Imaginal Disk</string>
			<key>Genre</key><string>Music</string>
			<key>Kind</key><string>Apple Music AAC audio file</string>
			<key>Size</key><integer>8745767</integer>
			<key>Total Time</key><integer>243427</integer>
			<key>Disc Number</key><integer>1</integer>
			<key>Disc Count</key><integer>1</integer>
			<key>Track Number</key><integer>14</integer>
			<key>Track Count</key><integer>15</integer>
			<key>Year</key><integer>2024</integer>
			<key>Date Modified</key><date>2024-11-02T07:41:08Z</date>
			<key>Date Added</key><date>2024-11-02T07:41:08Z</date>
			<key>Bit Rate</key><integer>256</integer>
			<key>Sample Rate</key><integer>44100</integer>
			<key>Play Count</key><integer>32</integer>
			<key>Play Date</key><integer>3830314506</integer>
			<key>Play Date UTC</key><date>2025-05-17T14:15:06Z</date>
			<key>Skip Count</key><integer>1</integer>
			<key>Skip Date</key><date>2025-04-08T17:21:22Z</date>
			<key>Release Date</key><date>2024-08-23T12:00:00Z</date>
			<key>Loved</key><true/>
			<key>Artwork Count</key><integer>1</integer>
			<key>Sort Album</key><string>Imaginal Disk</string>
			<key>Sort Artist</key><string>Magdalena Bay</string>
			<key>Sort Name</key><string>Angel on a Satellite</string>
			<key>Persistent ID</key><string>66C18604C7A8EA10</string>
			<key>Track Type</key><string>Remote</string>
			<key>Apple Music</key><true/>
		</dict>
		<key>14563</key>
		<dict>
			<key>Track ID</key><integer>14563</integer>
			<key>Name</key><string>The Ballad of Matt &#38; Mica</string>
			<key>Artist</key><string>Magdalena Bay</string>
			<key>Album Artist</key><string>Magdalena Bay</string>
			<key>Composer</key><string>Matthew Lewin &#38; Mica Tenenbaum</string>
			<key>Album</key><string>Imaginal Disk</string>
			<key>Genre</key><string>Music</string>
			<key>Kind</key><string>Apple Music AAC audio file</string>
			<key>Size</key><integer>8672810</integer>
			<key>Total Time</key><integer>240000</integer>
			<key>Disc Number</key><integer>1</integer>
			<key>Disc Count</key><integer>1</integer>
			<key>Track Number</key><integer>15</integer>
			<key>Track Count</key><integer>15</integer>
			<key>Year</key><integer>2024</integer>
			<key>Date Modified</key><date>2024-11-02T07:41:08Z</date>
			<key>Date Added</key><date>2024-11-02T07:41:08Z</date>
			<key>Bit Rate</key><integer>256</integer>
			<key>Sample Rate</key><integer>44100</integer>
			<key>Play Count</key><integer>16</integer>
			<key>Play Date</key><integer>3830340761</integer>
			<key>Play Date UTC</key><date>2025-05-17T21:32:41Z</date>
			<key>Skip Count</key><integer>1</integer>
			<key>Skip Date</key><date>2025-01-16T02:11:41Z</date>
			<key>Release Date</key><date>2024-08-23T12:00:00Z</date>
			<key>Loved</key><true/>
			<key>Artwork Count</key><integer>1</integer>
			<key>Sort Album</key><string>Imaginal Disk</string>
			<key>Sort Artist</key><string>Magdalena Bay</string>
			<key>Sort Name</key><string>Ballad of Matt &#38; Mica</string>
			<key>Persistent ID</key><string>F24D34B597CCFF06</string>
			<key>Track Type</key><string>Remote</string>
			<key>Apple Music</key><true/>
		</dict>
		<key>14595</key>
		<dict>
			<key>Track ID</key><integer>14595</integer>
			<key>Name</key><string>wacced out murals</string>
			<key>Artist</key><string>Kendrick Lamar</string>
			<key>Album Artist</key><string>Kendrick Lamar</string>
			<key>Composer</key><string>Kendrick Lamar, Dahi, Frano Huett, Mark Anthony Spears, Jack Antonoff, Tyler Mehlenbacher, Craig Balmoris, Matthew Bernard &#38; Tim Maxey</string>
			<key>Album</key><string>GNX</string>
			<key>Genre</key><string>Music</string>
			<key>Kind</key><string>Apple Music AAC audio file</string>
			<key>Size</key><integer>11163368</integer>
			<key>Total Time</key><integer>317093</integer>
			<key>Disc Number</key><integer>1</integer>
			<key>Disc Count</key><integer>1</integer>
			<key>Track Number</key><integer>1</integer>
			<key>Track Count</key><integer>12</integer>
			<key>Year</key><integer>2024</integer>
			<key>Date Modified</key><date>2024-11-22T18:09:53Z</date>
			<key>Date Added</key><date>2024-11-22T18:09:53Z</date>
			<key>Bit Rate</key><integer>256</integer>
			<key>Sample Rate</key><integer>44100</integer>
			<key>Play Count</key><integer>44</integer>
			<key>Play Date</key><integer>3829968405</integer>
			<key>Play Date UTC</key><date>2025-05-13T14:06:45Z</date>
			<key>Skip Count</key><integer>2</integer>
			<key>Skip Date</key><date>2024-12-09T08:19:07Z</date>
			<key>Release Date</key><date>2024-11-22T12:00:00Z</date>
			<key>Loved</key><true/>
			<key>Artwork Count</key><integer>1</integer>
			<key>Sort Album</key><string>GNX</string>
			<key>Sort Artist</key><string>Kendrick Lamar</string>
			<key>Sort Name</key><string>wacced out murals</string>
			<key>Persistent ID</key><string>C8E4C04ACB3DD388</string>
			<key>Explicit</key><true/>
			<key>Track Type</key><string>Remote</string>
			<key>Apple Music</key><true/>
		</dict>
		<key>14597</key>
		<dict>
			<key>Track ID</key><integer>14597</integer>
			<key>Name</key><string>squabble up</string>
			<key>Artist</key><string>Kendrick Lamar</string>
			<key>Album Artist</key><string>Kendrick Lamar</string>
			<key>Composer</key><string>Kendrick Lamar, Mark Anthony Spears, Scott Bridgeway, Jack Antonoff, Matthew Bernard &#38; Tony Butler</string>
			<key>Album</key><string>GNX</string>
			<key>Genre</key><string>Music</string>
			<key>Kind</key><string>Apple Music AAC audio file</string>
			<key>Size</key><integer>5810426</integer>
			<key>Total Time</key><integer>157992</integer>
			<key>Disc Number</key><integer>1</integer>
			<key>Disc Count</key><integer>1</integer>
			<key>Track Number</key><integer>2</integer>
			<key>Track Count</key><integer>12</integer>
			<key>Year</key><integer>2024</integer>
			<key>Date Modified</key><date>2024-11-22T18:09:53Z</date>
			<key>Date Added</key><date>2024-11-22T18:09:53Z</date>
			<key>Bit Rate</key><integer>256</integer>
			<key>Sample Rate</key><integer>44100</integer>
			<key>Play Count</key><integer>69</integer>
			<key>Play Date</key><integer>3830349285</integer>
			<key>Play Date UTC</key><date>2025-05-17T23:54:45Z</date>
			<key>Skip Count</key><integer>1</integer>
			<key>Skip Date</key><date>2024-12-27T04:50:24Z</date>
			<key>Release Date</key><date>2024-11-22T12:00:00Z</date>
			<key>Loved</key><true/>
			<key>Artwork Count</key><integer>1</integer>
			<key>Sort Album</key><string>GNX</string>
			<key>Sort Artist</key><string>Kendrick Lamar</string>
			<key>Sort Name</key><string>squabble up</string>
			<key>Persistent ID</key><string>D22136BA484A8F09</string>
			<key>Explicit</key><true/>
			<key>Track Type</key><string>Remote</string>
			<key>Apple Music</key><true/>
		</dict>
		<key>14599</key>
		<dict>
			<key>Track ID</key><integer>14599</integer>
			<key>Name</key><string>luther</string>
			<key>Artist</key><string>Kendrick Lamar &#38; SZA</string>
			<key>Album Artist</key><string>Kendrick Lamar</string>
			<key>Composer</key><string>Kendrick Lamar, SZA, Ink, Sam Dew, Mark Anthony Spears, Jack Antonoff, Roshwita Larisha Bacha, Matthew Bernard, Kamasi Washington, Scott Bridgeway &#38; Marvin Gaye</string>
			<key>Album</key><string>GNX</string>
			<key>Genre</key><string>Music</string>
			<key>Kind</key><string>Apple Music AAC audio file</string>
			<key>Size</key><integer>6491724</integer>
			<key>Total Time</key><integer>177599</integer>
			<key>Disc Number</key><integer>1</integer>
			<key>Disc Count</key><integer>1</integer>
			<key>Track Number</key><integer>3</integer>
			<key>Track Count</key><integer>12</integer>
			<key>Year</key><integer>2024</integer>
			<key>Date Modified</key><date>2024-11-22T18:09:53Z</date>
			<key>Date Added</key><date>2024-11-22T18:09:53Z</date>
			<key>Bit Rate</key><integer>256</integer>
			<key>Sample Rate</key><integer>44100</integer>
			<key>Play Count</key><integer>119</integer>
			<key>Play Date</key><integer>3829968740</integer>
			<key>Play Date UTC</key><date>2025-05-13T14:12:20Z</date>
			<key>Skip Count</key><integer>2</integer>
			<key>Skip Date</key><date>2025-02-26T05:23:35Z</date>
			<key>Release Date</key><date>2024-11-21T12:00:00Z</date>
			<key>Loved</key><true/>
			<key>Artwork Count</key><integer>1</integer>
			<key>Sort Album</key><string>GNX</string>
			<key>Sort Artist</key><string>Kendrick Lamar &#38; SZA</string>
			<key>Sort Name</key><string>luther</string>
			<key>Persistent ID</key><string>70775CAC61209A5B</string>
			<key>Track Type</key><string>Remote</string>
			<key>Apple Music</key><true/>
		</dict>
		<key>14601</key>
		<dict>
			<key>Track ID</key><integer>14601</integer>
			<key>Name</key><string>man at the garden</string>
			<key>Artist</key><string>Kendrick Lamar</string>
			<key>Album Artist</key><string>Kendrick Lamar</string>
			<key>Composer</key><string>Kendrick Lamar, Tyler Mehlenbacher, Craig Balmoris, Mark Anthony Spears, Jack Antonoff &#38; Matthew Bernard</string>
			<key>Album</key><string>GNX</string>
			<key>Genre</key><string>Music</string>
			<key>Kind</key><string>Apple Music AAC audio file</string>
			<key>Size</key><integer>8320798</integer>
			<key>Total Time</key><integer>233173</integer>
			<key>Disc Number</key><integer>1</integer>
			<key>Disc Count</key><integer>1</integer>
			<key>Track Number</key><integer>4</integer>
			<key>Track Count</key><integer>12</integer>
			<key>Year</key><integer>2024</integer>
			<key>Date Modified</key><date>2024-11-22T18:09:53Z</date>
			<key>Date Added</key><date>2024-11-22T18:09:53Z</date>
			<key>Bit Rate</key><integer>256</integer>
			<key>Sample Rate</key><integer>44100</integer>
			<key>Play Count</key><integer>29</integer>
			<key>Play Date</key><integer>3823336488</integer>
			<key>Play Date UTC</key><date>2025-02-25T20:54:48Z</date>
			<key>Skip Count</key><integer>3</integer>
			<key>Skip Date</key><date>2025-05-13T14:12:23Z</date>
			<key>Release Date</key><date>2024-11-22T12:00:00Z</date>
			<key>Loved</key><true/>
			<key>Artwork Count</key><integer>1</integer>
			<key>Sort Album</key><string>GNX</string>
			<key>Sort Artist</key><string>Kendrick Lamar</string>
			<key>Sort Name</key><string>man at the garden</string>
			<key>Persistent ID</key><string>862C86851D72835E</string>
			<key>Explicit</key><true/>
			<key>Track Type</key><string>Remote</string>
			<key>Apple Music</key><true/>
		</dict>
		<key>14603</key>
		<dict>
			<key>Track ID</key><integer>14603</integer>
			<key>Name</key><string>hey now (feat. Dody6)</string>
			<key>Artist</key><string>Kendrick Lamar</string>
			<key>Album Artist</key><string>Kendrick Lamar</string>
			<key>Composer</key><string>Kendrick Lamar, Zarius Cunningham, Dijon McFarlane, Mark Anthony Spears, Jack Antonoff, Barry Adams &#38; Fabo</string>
			<key>Album</key><string>GNX</string>
			<key>Genre</key><string>Music</string>
			<key>Kind</key><string>Apple Music AAC audio file</string>
			<key>Size</key><integer>7843630</integer>
			<key>Total Time</key><integer>217479</integer>
			<key>Disc Number</key><integer>1</integer>
			<key>Disc Count</key><integer>1</integer>
			<key>Track Number</key><integer>5</integer>
			<key>Track Count</key><integer>12</integer>
			<key>Year</key><integer>2024</integer>
			<key>Date Modified</key><date>2024-11-22T18:09:53Z</date>
			<key>Date Added</key><date>2024-11-22T18:09:53Z</date>
			<key>Bit Rate</key><integer>256</integer>
			<key>Sample Rate</key><integer>44100</integer>
			<key>Play Count</key><integer>71</integer>
			<key>Play Date</key><integer>3829968961</integer>
			<key>Play Date UTC</key><date>2025-05-13T14:16:01Z</date>
			<key>Skip Count</key><integer>2</integer>
			<key>Skip Date</key><date>2025-02-26T05:23:47Z</date>
			<key>Release Date</key><date>2024-11-22T12:00:00Z</date>
			<key>Loved</key><true/>
			<key>Artwork Count</key><integer>1</integer>
			<key>Sort Album</key><string>GNX</string>
			<key>Sort Artist</key><string>Kendrick Lamar</string>
			<key>Sort Name</key><string>hey now (feat. Dody6)</string>
			<key>Persistent ID</key><string>A883E77DD7725E67</string>
			<key>Explicit</key><true/>
			<key>Track Type</key><string>Remote</string>
			<key>Apple Music</key><true/>
		</dict>
		<key>14605</key>
		<dict>
			<key>Track ID</key><integer>14605</integer>
			<key>Name</key><string>reincarnated</string>
			<key>Artist</key><string>Kendrick Lamar</string>
			<key>Album Artist</key><string>Kendrick Lamar</string>
			<key>Composer</key><string>Kendrick Lamar, Mark Anthony Spears, Jack Antonoff, Matthew Bernard, Noah Ehler, Mouth Beale, Qatari Cox, Yafeu Fula, Malcolm Greenidge, Johnny Jackson, 2Pac &#38; Bruce Washington</string>
			<key>Album</key><string>GNX</string>
			<key>Genre</key><string>Music</string>
			<key>Kind</key><string>Apple Music AAC audio file</string>
			<key>Size</key><integer>9733083</integer>
			<key>Total Time</key><integer>275740</integer>
			<key>Disc Number</key><integer>1</integer>
			<key>Disc Count</key><integer>1</integer>
			<key>Track Number</key><integer>6</integer>
			<key>Track Count</key><integer>12</integer>
			<key>Year</key><integer>2024</integer>
			<key>Date Modified</key><date>2024-11-22T18:09:53Z</date>
			<key>Date Added</key><date>2024-11-22T18:09:53Z</date>
			<key>Bit Rate</key><integer>256</integer>
			<key>Sample Rate</key><integer>44100</integer>
			<key>Play Count</key><integer>139</integer>
			<key>Play Date</key><integer>3829994579</integer>
			<key>Play Date UTC</key><date>2025-05-13T21:22:59Z</date>
			<key>Skip Count</key><integer>1</integer>
			<key>Skip Date</key><date>2025-06-06T20:50:24Z</date>
			<key>Release Date</key><date>2024-11-22T12:00:00Z</date>
			<key>Loved</key><true/>
			<key>Artwork Count</key><integer>1</integer>
			<key>Sort Album</key><string>GNX</string>
			<key>Sort Artist</key><string>Kendrick Lamar</string>
			<key>Sort Name</key><string>reincarnated</string>
			<key>Persistent ID</key><string>226BC643131E3F0C</string>
			<key>Explicit</key><true/>
			<key>Track Type</key><string>Remote</string>
			<key>Apple Music</key><true/>
		</dict>
		<key>14607</key>
		<dict>
			<key>Track ID</key><integer>14607</integer>
			<key>Name</key><string>tv off (feat. Lefty Gunplay)</string>
			<key>Artist</key><string>Kendrick Lamar</string>
			<key>Album Artist</key><string>Kendrick Lamar</string>
			<key>Composer</key><string>Kendrick Lamar, Dijon McFarlane, Sean Momberger, Mark Anthony Spears, Jack Antonoff, Kamasi Washington, Larry Jayy, Jimmy Webb, John Barry, Jay Hawkins, Chris Martin &#38; Christopher Wallace</string>
			<key>Album</key><string>GNX</string>
			<key>Genre</key><string>Music</string>
			<key>Kind</key><string>Apple Music AAC audio file</string>
			<key>Size</key><integer>7917318</integer>
			<key>Total Time</key><integer>220690</integer>
			<key>Disc Number</key><integer>1</integer>
			<key>Disc Count</key><integer>1</integer>
			<key>Track Number</key><integer>7</integer>
			<key>Track Count</key><integer>12</integer>
			<key>Year</key><integer>2024</integer>
			<key>Date Modified</key><date>2024-11-22T18:09:53Z</date>
			<key>Date Added</key><date>2024-11-22T18:09:53Z</date>
			<key>Bit Rate</key><integer>256</integer>
			<key>Sample Rate</key><integer>44100</integer>
			<key>Play Count</key><integer>24</integer>
			<key>Play Date</key><integer>3823339298</integer>
			<key>Play Date UTC</key><date>2025-02-25T21:41:38Z</date>
			<key>Skip Count</key><integer>3</integer>
			<key>Skip Date</key><date>2024-11-26T19:08:46Z</date>
			<key>Release Date</key><date>2024-11-22T12:00:00Z</date>
			<key>Loved</key><true/>
			<key>Artwork Count</key><integer>1</integer>
			<key>Sort Album</key><string>GNX</string>
			<key>Sort Artist</key><string>Kendrick Lamar</string>
			<key>Sort Name</key><string>tv off (feat. Lefty Gunplay)</string>
			<key>Persistent ID</key><string>27C05159C74072A6</string>
			<key>Explicit</key><true/>
			<key>Track Type</key><string>Remote</string>
			<key>Apple Music</key><true/>
		</dict>
		<key>14609</key>
		<dict>
			<key>Track ID</key><integer>14609</integer>
			<key>Name</key><string>dodger blue (feat. Wallie the Sensei, Siete7x &#38; Roddy Ricch)</string>
			<key>Artist</key><string>Kendrick Lamar</string>
			<key>Album Artist</key><string>Kendrick Lamar</string>
			<key>Composer</key><string>Kendrick Lamar, Traquan Tyson, C. Lamonte Johnson Jr, Sam Dew, Tim Maxey, Tane Runo, Mark Anthony Spears, Jack Antonoff, Terrace Martin &#38; Ink</string>
			<key>Album</key><string>GNX</string>
			<key>Genre</key><string>Music</string>
			<key>Kind</key><string>Apple Music AAC audio file</string>
			<key>Size</key><integer>4981577</integer>
			<key>Total Time</key><integer>131241</integer>
			<key>Disc Number</key><integer>1</integer>
			<key>Disc Count</key><integer>1</integer>
			<key>Track Number</key><integer>8</integer>
			<key>Track Count</key><integer>12</integer>
			<key>Year</key><integer>2024</integer>
			<key>Date Modified</key><date>2024-11-22T18:09:53Z</date>
			<key>Date Added</key><date>2024-11-22T18:09:53Z</date>
			<key>Bit Rate</key><integer>256</integer>
			<key>Sample Rate</key><integer>44100</integer>
			<key>Play Count</key><integer>88</integer>
			<key>Play Date</key><integer>3832065642</integer>
			<key>Play Date UTC</key><date>2025-06-06T20:40:42Z</date>
			<key>Skip Count</key><integer>1</integer>
			<key>Skip Date</key><date>2024-12-06T18:45:16Z</date>
			<key>Release Date</key><date>2024-11-22T12:00:00Z</date>
			<key>Loved</key><true/>
			<key>Artwork Count</key><integer>1</integer>
			<key>Sort Album</key><string>GNX</string>
			<key>Sort Artist</key><string>Kendrick Lamar</string>
			<key>Sort Name</key><string>dodger blue (feat. Wallie the Sensei, Siete7x &#38; Roddy Ricch)</string>
			<key>Persistent ID</key><string>F57FF8208A05FF57</string>
			<key>Explicit</key><true/>
			<key>Track Type</key><string>Remote</string>
			<key>Apple Music</key><true/>
		</dict>
		<key>14611</key>
		<dict>
			<key>Track ID</key><integer>14611</integer>
			<key>Name</key><string>peekaboo (feat. AzChike)</string>
			<key>Artist</key><string>Kendrick Lamar</string>
			<key>Album Artist</key><string>Kendrick Lamar</string>
			<key>Composer</key><string>Kendrick Lamar, DK Walker, Sean Momberger, Scott Bridgeway, Mark Anthony Spears, Willie Clarke, Willie Hale &#38; Michel Legrand</string>
			<key>Album</key><string>GNX</string>
			<key>Genre</key><string>Music</string>
			<key>Kind</key><string>Apple Music AAC audio file</string>
			<key>Size</key><integer>5734737</integer>
			<key>Total Time</key><integer>155917</integer>
			<key>Disc Number</key><integer>1</integer>
			<key>Disc Count</key><integer>1</integer>
			<key>Track Number</key><integer>9</integer>
			<key>Track Count</key><integer>12</integer>
			<key>Year</key><integer>2024</integer>
			<key>Date Modified</key><date>2024-11-22T18:09:53Z</date>
			<key>Date Added</key><date>2024-11-22T18:09:53Z</date>
			<key>Bit Rate</key><integer>256</integer>
			<key>Sample Rate</key><integer>44100</integer>
			<key>Play Count</key><integer>24</integer>
			<key>Play Date</key><integer>3823341904</integer>
			<key>Play Date UTC</key><date>2025-02-25T22:25:04Z</date>
			<key>Skip Count</key><integer>1</integer>
			<key>Skip Date</key><date>2024-11-24T23:33:11Z</date>
			<key>Release Date</key><date>2024-11-22T12:00:00Z</date>
			<key>Loved</key><true/>
			<key>Artwork Count</key><integer>1</integer>
			<key>Sort Album</key><string>GNX</string>
			<key>Sort Artist</key><string>Kendrick Lamar</string>
			<key>Sort Name</key><string>peekaboo (feat. AzChike)</string>
			<key>Persistent ID</key><string>074B5FD529A79199</string>
			<key>Explicit</key><true/>
			<key>Track Type</key><string>Remote</string>
			<key>Apple Music</key><true/>
		</dict>
		<key>14613</key>
		<dict>
			<key>Track ID</key><integer>14613</integer>
			<key>Name</key><string>heart pt. 6</string>
			<key>Artist</key><string>Kendrick Lamar</string>
			<key>Album Artist</key><string>Kendrick Lamar</string>
			<key>Composer</key><string>Kendrick Lamar, Mark Anthony Spears, Jack Antonoff, Matthew Bernard, Juju The Fool, Sam Dew, Tammy Lucas, Chad Hugo &#38; Pharrell Williams</string>
			<key>Album</key><string>GNX</string>
			<key>Genre</key><string>Music</string>
			<key>Kind</key><string>Apple Music AAC audio file</string>
			<key>Size</key><integer>10350332</integer>
			<key>Total Time</key><integer>292461</integer>
			<key>Disc Number</key><integer>1</integer>
			<key>Disc Count</key><integer>1</integer>
			<key>Track Number</key><integer>10</integer>
			<key>Track Count</key><integer>12</integer>
			<key>Year</key><integer>2024</integer>
			<key>Date Modified</key><date>2024-11-22T18:09:53Z</date>
			<key>Date Added</key><date>2024-11-22T18:09:53Z</date>
			<key>Bit Rate</key><integer>256</integer>
			<key>Sample Rate</key><integer>44100</integer>
			<key>Play Count</key><integer>63</integer>
			<key>Play Date</key><integer>3823343730</integer>
			<key>Play Date UTC</key><date>2025-02-25T22:55:30Z</date>
			<key>Skip Count</key><integer>2</integer>
			<key>Skip Date</key><date>2024-12-21T21:58:41Z</date>
			<key>Release Date</key><date>2024-11-22T12:00:00Z</date>
			<key>Loved</key><true/>
			<key>Artwork Count</key><integer>1</integer>
			<key>Sort Album</key><string>GNX</string>
			<key>Sort Artist</key><string>Kendrick Lamar</string>
			<key>Sort Name</key><string>heart pt. 6</string>
			<key>Persistent ID</key><string>B72B61754AD55D6F</string>
			<key>Explicit</key><true/>
			<key>Track Type</key><string>Remote</string>
			<key>Apple Music</key><true/>
		</dict>
		<key>14615</key>
		<dict>
			<key>Track ID</key><integer>14615</integer>
			<key>Name</key><string>gnx (feat. Hitta J3, YoungThreat &#38; Peysoh)</string>
			<key>Artist</key><string>Kendrick Lamar</string>
			<key>Album Artist</key><string>Kendrick Lamar</string>
			<key>Composer</key><string>Kendrick Lamar, Hitta J3, Peysoh, Young Threat, T. Breuer, Kenny &#38;amp, K.S Gnanasundaram, B.S. Gnanasundaram, Mark Anthony Spears &#38; Jack Antonoff</string>
			<key>Album</key><string>GNX</string>
			<key>Genre</key><string>Music</string>
			<key>Kind</key><string>Apple Music AAC audio file</string>
			<key>Size</key><integer>7014525</integer>
			<key>Total Time</key><integer>193539</integer>
			<key>Disc Number</key><integer>1</integer>
			<key>Disc Count</key><integer>1</integer>
			<key>Track Number</key><integer>11</integer>
			<key>Track Count</key><integer>12</integer>
			<key>Year</key><integer>2024</integer>
			<key>Date Modified</key><date>2024-11-22T18:09:53Z</date>
			<key>Date Added</key><date>2024-11-22T18:09:53Z</date>
			<key>Bit Rate</key><integer>256</integer>
			<key>Sample Rate</key><integer>44100</integer>
			<key>Play Count</key><integer>35</integer>
			<key>Play Date</key><integer>3818157805</integer>
			<key>Play Date UTC</key><date>2024-12-27T22:23:25Z</date>
			<key>Skip Count</key><integer>1</integer>
			<key>Skip Date</key><date>2025-02-26T05:23:55Z</date>
			<key>Release Date</key><date>2024-11-22T12:00:00Z</date>
			<key>Loved</key><true/>
			<key>Artwork Count</key><integer>1</integer>
			<key>Sort Album</key><string>GNX</string>
			<key>Sort Artist</key><string>Kendrick Lamar</string>
			<key>Sort Name</key><string>gnx (feat. Hitta J3, YoungThreat &#38; Peysoh)</string>
			<key>Persistent ID</key><string>2350930E59A5B6E9</string>
			<key>Explicit</key><true/>
			<key>Track Type</key><string>Remote</string>
			<key>Apple Music</key><true/>
		</dict>
		<key>14617</key>
		<dict>
			<key>Track ID</key><integer>14617</integer>
			<key>Name</key><string>gloria</string>
			<key>Artist</key><string>Kendrick Lamar &#38; SZA</string>
			<key>Album Artist</key><string>Kendrick Lamar</string>
			<key>Composer</key><string>Kendrick Lamar, Ink, SZA, D. Patrzek, Mark Anthony Spears, Jack Antonoff &#38; J. Castadeña</string>
			<key>Album</key><string>GNX</string>
			<key>Genre</key><string>Music</string>
			<key>Kind</key><string>Apple Music AAC audio file</string>
			<key>Size</key><integer>10095430</integer>
			<key>Total Time</key><integer>287523</integer>
			<key>Disc Number</key><integer>1</integer>
			<key>Disc Count</key><integer>1</integer>
			<key>Track Number</key><integer>12</integer>
			<key>Track Count</key><integer>12</integer>
			<key>Year</key><integer>2024</integer>
			<key>Date Modified</key><date>2024-11-22T18:09:53Z</date>
			<key>Date Added</key><date>2024-11-22T18:09:53Z</date>
			<key>Bit Rate</key><integer>256</integer>
			<key>Sample Rate</key><integer>44100</integer>
			<key>Play Count</key><integer>27</integer>
			<key>Play Date</key><integer>3823367323</integer>
			<key>Play Date UTC</key><date>2025-02-26T05:28:43Z</date>
			<key>Skip Count</key><integer>1</integer>
			<key>Skip Date</key><date>2024-12-27T22:31:01Z</date>
			<key>Release Date</key><date>2024-11-22T12:00:00Z</date>
			<key>Loved</key><true/>
			<key>Artwork Count</key><integer>1</integer>
			<key>Sort Album</key><string>GNX</string>
			<key>Sort Artist</key><string>Kendrick Lamar &#38; SZA</string>
			<key>Sort Name</key><string>gloria</string>
			<key>Persistent ID</key><string>89F9D948499EEBDA</string>
			<key>Explicit</key><true/>
			<key>Track Type</key><string>Remote</string>
			<key>Apple Music</key><true/>
		</dict>
		<key>14619</key>
		<dict>
			<key>Track ID</key><integer>14619</integer>
			<key>Name</key><string>If This World Were Mine</string>
			<key>Artist</key><string>Marvin Gaye &#38; Tammi Terrell</string>
			<key>Album Artist</key><string>Marvin Gaye &#38; Tammi Terrell</string>
			<key>Composer</key><string>Marvin Gaye</string>
			<key>Album</key><string>United</string>
			<key>Genre</key><string>Music</string>
			<key>Kind</key><string>Apple Music AAC audio file</string>
			<key>Size</key><integer>6689907</integer>
			<key>Total Time</key><integer>162061</integer>
			<key>Disc Number</key><integer>1</integer>
			<key>Disc Count</key><integer>1</integer>
			<key>Track Number</key><integer>9</integer>
			<key>Track Count</key><integer>12</integer>
			<key>Year</key><integer>1967</integer>
			<key>Date Modified</key><date>2024-11-26T20:01:02Z</date>
			<key>Date Added</key><date>2024-11-26T20:01:02Z</date>
			<key>Bit Rate</key><integer>256</integer>
			<key>Sample Rate</key><integer>44100</integer>
			<key>Play Count</key><integer>3</integer>
			<key>Play Date</key><integer>3819142354</integer>
			<key>Play Date UTC</key><date>2025-01-08T07:52:34Z</date>
			<key>Skip Count</key><integer>1</integer>
			<key>Skip Date</key><date>2025-01-20T19:40:31Z</date>
			<key>Release Date</key><date>1967-08-29T12:00:00Z</date>
			<key>Loved</key><true/>
			<key>Artwork Count</key><integer>1</integer>
			<key>Sort Album</key><string>United</string>
			<key>Sort Artist</key><string>Marvin Gaye &#38; Tammi Terrell</string>
			<key>Sort Name</key><string>If This World Were Mine</string>
			<key>Persistent ID</key><string>A80A4BADB05A4E7B</string>
			<key>Track Type</key><string>Remote</string>
			<key>Apple Music</key><true/>
		</dict>
		<key>14691</key>
		<dict>
			<key>Track ID</key><integer>14691</integer>
			<key>Name</key><string>Sidewalks (feat. Kendrick Lamar)</string>
			<key>Artist</key><string>The Weeknd</string>
			<key>Album Artist</key><string>The Weeknd</string>
			<key>Composer</key><string>Kendrick Lamar, Abel Tesfaye, Martin McKinney, Robert John Richardson, Dan Wilson &#38; Ali Shaheed Muhammad</string>
			<key>Album</key><string>Starboy</string>
			<key>Genre</key><string>Music</string>
			<key>Kind</key><string>Apple Music AAC audio file</string>
			<key>Size</key><integer>8235479</integer>
			<key>Total Time</key><integer>231358</integer>
			<key>Disc Number</key><integer>1</integer>
			<key>Disc Count</key><integer>1</integer>
			<key>Track Number</key><integer>9</integer>
			<key>Track Count</key><integer>18</integer>
			<key>Year</key><integer>2016</integer>
			<key>Date Modified</key><date>2024-12-12T03:07:43Z</date>
			<key>Date Added</key><date>2024-12-12T03:07:43Z</date>
			<key>Bit Rate</key><integer>256</integer>
			<key>Sample Rate</key><integer>44100</integer>
			<key>Play Count</key><integer>2</integer>
			<key>Play Date</key><integer>3819141798</integer>
			<key>Play Date UTC</key><date>2025-01-08T07:43:18Z</date>
			<key>Skip Count</key><integer>3</integer>
			<key>Skip Date</key><date>2025-01-23T21:02:35Z</date>
			<key>Release Date</key><date>2016-11-25T12:00:00Z</date>
			<key>Loved</key><true/>
			<key>Artwork Count</key><integer>1</integer>
			<key>Sort Album</key><string>Starboy</string>
			<key>Sort Album Artist</key><string>Weeknd</string>
			<key>Sort Artist</key><string>Weeknd</string>
			<key>Sort Name</key><string>Sidewalks (feat. Kendrick Lamar)</string>
			<key>Persistent ID</key><string>1A4FE87843F8F741</string>
			<key>Explicit</key><true/>
			<key>Track Type</key><string>Remote</string>
			<key>Apple Music</key><true/>
		</dict>
		<key>14701</key>
		<dict>
			<key>Track ID</key><integer>14701</integer>
			<key>Name</key><string>Hope</string>
			<key>Artist</key><string>Vampire Weekend</string>
			<key>Album Artist</key><string>Vampire Weekend</string>
			<key>Composer</key><string>Ezra Koenig</string>
			<key>Album</key><string>Only God Was Above Us</string>
			<key>Genre</key><string>Music</string>
			<key>Kind</key><string>Apple Music AAC audio file</string>
			<key>Size</key><integer>17302205</integer>
			<key>Total Time</key><integer>477880</integer>
			<key>Disc Number</key><integer>1</integer>
			<key>Disc Count</key><integer>1</integer>
			<key>Track Number</key><integer>10</integer>
			<key>Track Count</key><integer>10</integer>
			<key>Year</key><integer>2024</integer>
			<key>Date Modified</key><date>2024-12-13T05:02:38Z</date>
			<key>Date Added</key><date>2024-12-13T05:02:38Z</date>
			<key>Bit Rate</key><integer>256</integer>
			<key>Sample Rate</key><integer>44100</integer>
			<key>Play Count</key><integer>17</integer>
			<key>Play Date</key><integer>3816938240</integer>
			<key>Play Date UTC</key><date>2024-12-13T19:37:20Z</date>
			<key>Release Date</key><date>2024-04-05T12:00:00Z</date>
			<key>Loved</key><true/>
			<key>Artwork Count</key><integer>1</integer>
			<key>Sort Album</key><string>Only God Was Above Us</string>
			<key>Sort Artist</key><string>Vampire Weekend</string>
			<key>Sort Name</key><string>Hope</string>
			<key>Persistent ID</key><string>9B73A433462EEF76</string>
			<key>Track Type</key><string>Remote</string>
			<key>Apple Music</key><true/>
		</dict>
		<key>14711</key>
		<dict>
			<key>Track ID</key><integer>14711</integer>
			<key>Name</key><string>SLOW DANCING IN THE DARK</string>
			<key>Artist</key><string>Joji</string>
			<key>Album Artist</key><string>Joji</string>
			<key>Composer</key><string>George Miller &#38; Patrick Wimberly</string>
			<key>Album</key><string>BALLADS 1</string>
			<key>Genre</key><string>Music</string>
			<key>Kind</key><string>Apple Music AAC audio file</string>
			<key>Size</key><integer>7495235</integer>
			<key>Total Time</key><integer>209274</integer>
			<key>Disc Number</key><integer>1</integer>
			<key>Disc Count</key><integer>1</integer>
			<key>Track Number</key><integer>2</integer>
			<key>Track Count</key><integer>12</integer>
			<key>Year</key><integer>2018</integer>
			<key>Date Modified</key><date>2024-12-21T18:32:24Z</date>
			<key>Date Added</key><date>2024-12-21T18:32:24Z</date>
			<key>Bit Rate</key><integer>256</integer>
			<key>Sample Rate</key><integer>44100</integer>
			<key>Play Count</key><integer>2</integer>
			<key>Play Date</key><integer>3817642841</integer>
			<key>Play Date UTC</key><date>2024-12-21T23:20:41Z</date>
			<key>Release Date</key><date>2018-09-12T12:00:00Z</date>
			<key>Loved</key><true/>
			<key>Artwork Count</key><integer>1</integer>
			<key>Sort Album</key><string>BALLADS 1</string>
			<key>Sort Artist</key><string>Joji</string>
			<key>Sort Name</key><string>SLOW DANCING IN THE DARK</string>
			<key>Persistent ID</key><string>7A71624B5FF196CD</string>
			<key>Explicit</key><true/>
			<key>Track Type</key><string>Remote</string>
			<key>Apple Music</key><true/>
		</dict>
		<key>14713</key>
		<dict>
			<key>Track ID</key><integer>14713</integer>
			<key>Name</key><string>QKThr</string>
			<key>Artist</key><string>Aphex Twin</string>
			<key>Album Artist</key><string>Aphex Twin</string>
			<key>Album</key><string>Drukqs</string>
			<key>Genre</key><string>Music</string>
			<key>Kind</key><string>Apple Music AAC audio file</string>
			<key>Size</key><integer>3310693</integer>
			<key>Total Time</key><integer>87467</integer>
			<key>Disc Number</key><integer>1</integer>
			<key>Disc Count</key><integer>1</integer>
			<key>Track Number</key><integer>19</integer>
			<key>Track Count</key><integer>30</integer>
			<key>Year</key><integer>2001</integer>
			<key>Date Modified</key><date>2025-01-06T18:40:21Z</date>
			<key>Date Added</key><date>2025-01-06T18:40:21Z</date>
			<key>Bit Rate</key><integer>256</integer>
			<key>Sample Rate</key><integer>44100</integer>
			<key>Play Count</key><integer>6</integer>
			<key>Play Date</key><integer>3822478775</integer>
			<key>Play Date UTC</key><date>2025-02-15T22:39:35Z</date>
			<key>Release Date</key><date>2001-10-22T12:00:00Z</date>
			<key>Loved</key><true/>
			<key>Artwork Count</key><integer>1</integer>
			<key>Sort Album</key><string>Drukqs</string>
			<key>Sort Artist</key><string>Aphex Twin</string>
			<key>Sort Name</key><string>QKThr</string>
			<key>Persistent ID</key><string>24F63FD2F61FC803</string>
			<key>Track Type</key><string>Remote</string>
			<key>Apple Music</key><true/>
		</dict>
		<key>14733</key>
		<dict>
			<key>Track ID</key><integer>14733</integer>
			<key>Name</key><string>Nerve</string>
			<key>Artist</key><string>Do Nothing</string>
			<key>Album Artist</key><string>Do Nothing</string>
			<key>Composer</key><string>Andrew Harrison, Charlie Howarth, Chris Bailey &#38; Kasper Sandstrøm</string>
			<key>Album</key><string>Snake Sideways</string>
			<key>Genre</key><string>Music</string>
			<key>Kind</key><string>Apple Music AAC audio file</string>
			<key>Size</key><integer>6974489</integer>
			<key>Total Time</key><integer>183363</integer>
			<key>Disc Number</key><integer>1</integer>
			<key>Disc Count</key><integer>1</integer>
			<key>Track Number</key><integer>1</integer>
			<key>Track Count</key><integer>10</integer>
			<key>Year</key><integer>2023</integer>
			<key>Date Modified</key><date>2025-01-10T04:46:41Z</date>
			<key>Date Added</key><date>2025-01-10T04:46:41Z</date>
			<key>Bit Rate</key><integer>256</integer>
			<key>Sample Rate</key><integer>44100</integer>
			<key>Play Count</key><integer>5</integer>
			<key>Play Date</key><integer>3832134475</integer>
			<key>Play Date UTC</key><date>2025-06-07T15:47:55Z</date>
			<key>Skip Count</key><integer>1</integer>
			<key>Skip Date</key><date>2025-02-19T03:23:49Z</date>
			<key>Release Date</key><date>2023-06-30T12:00:00Z</date>
			<key>Loved</key><true/>
			<key>Artwork Count</key><integer>1</integer>
			<key>Sort Album</key><string>Snake Sideways</string>
			<key>Sort Artist</key><string>Do Nothing</string>
			<key>Sort Name</key><string>Nerve</string>
			<key>Persistent ID</key><string>7CF75A04FF778F43</string>
			<key>Track Type</key><string>Remote</string>
			<key>Apple Music</key><true/>
		</dict>
		<key>14735</key>
		<dict>
			<key>Track ID</key><integer>14735</integer>
			<key>Name</key><string>Make It Wit Chu</string>
			<key>Artist</key><string>Queens of the Stone Age</string>
			<key>Album Artist</key><string>Queens of the Stone Age</string>
			<key>Composer</key><string>Joshua Homme, Alain Johannes &#38; Michael Melchiondo</string>
			<key>Album</key><string>Era Vulgaris</string>
			<key>Genre</key><string>Music</string>
			<key>Kind</key><string>Apple Music AAC audio file</string>
			<key>Size</key><integer>10560833</integer>
			<key>Total Time</key><integer>290493</integer>
			<key>Disc Number</key><integer>1</integer>
			<key>Disc Count</key><integer>1</integer>
			<key>Track Number</key><integer>7</integer>
			<key>Track Count</key><integer>12</integer>
			<key>Year</key><integer>2007</integer>
			<key>Date Modified</key><date>2025-01-10T04:46:41Z</date>
			<key>Date Added</key><date>2025-01-10T04:46:41Z</date>
			<key>Bit Rate</key><integer>256</integer>
			<key>Sample Rate</key><integer>44100</integer>
			<key>Play Count</key><integer>7</integer>
			<key>Play Date</key><integer>3830360263</integer>
			<key>Play Date UTC</key><date>2025-05-18T02:57:43Z</date>
			<key>Skip Count</key><integer>3</integer>
			<key>Skip Date</key><date>2025-04-08T17:29:34Z</date>
			<key>Release Date</key><date>2007-01-01T12:00:00Z</date>
			<key>Loved</key><true/>
			<key>Artwork Count</key><integer>1</integer>
			<key>Sort Album</key><string>Era Vulgaris</string>
			<key>Sort Artist</key><string>Queens of the Stone Age</string>
			<key>Sort Name</key><string>Make It Wit Chu</string>
			<key>Persistent ID</key><string>21E812A51EB41182</string>
			<key>Track Type</key><string>Remote</string>
			<key>Apple Music</key><true/>
		</dict>
		<key>14757</key>
		<dict>
			<key>Track ID</key><integer>14757</integer>
			<key>Name</key><string>Risingson</string>
			<key>Artist</key><string>Massive Attack</string>
			<key>Album Artist</key><string>Massive Attack</string>
			<key>Composer</key><string>Andrew Vowles, Grantley Marshall &#38; Robert Del Naja</string>
			<key>Album</key><string>Mezzanine</string>
			<key>Genre</key><string>Music</string>
			<key>Kind</key><string>Apple Music AAC audio file</string>
			<key>Size</key><integer>10408734</integer>
			<key>Total Time</key><integer>298827</integer>
			<key>Disc Number</key><integer>1</integer>
			<key>Disc Count</key><integer>1</integer>
			<key>Track Number</key><integer>2</integer>
			<key>Track Count</key><integer>11</integer>
			<key>Year</key><integer>1997</integer>
			<key>Date Modified</key><date>2025-01-11T03:25:21Z</date>
			<key>Date Added</key><date>2025-01-11T03:25:21Z</date>
			<key>Bit Rate</key><integer>256</integer>
			<key>Sample Rate</key><integer>44100</integer>
			<key>Play Count</key><integer>20</integer>
			<key>Play Date</key><integer>3832851248</integer>
			<key>Play Date UTC</key><date>2025-06-15T22:54:08Z</date>
			<key>Skip Count</key><integer>1</integer>
			<key>Skip Date</key><date>2025-01-28T04:09:36Z</date>
			<key>Release Date</key><date>1997-07-07T07:00:00Z</date>
			<key>Loved</key><true/>
			<key>Artwork Count</key><integer>1</integer>
			<key>Sort Album</key><string>Mezzanine</string>
			<key>Sort Artist</key><string>Massive Attack</string>
			<key>Sort Name</key><string>Risingson</string>
			<key>Persistent ID</key><string>BF912E5EB1613BA1</string>
			<key>Track Type</key><string>Remote</string>
			<key>Apple Music</key><true/>
		</dict>
		<key>14759</key>
		<dict>
			<key>Track ID</key><integer>14759</integer>
			<key>Name</key><string>Dissolved Girl</string>
			<key>Artist</key><string>Massive Attack</string>
			<key>Album Artist</key><string>Massive Attack</string>
			<key>Composer</key><string>Grantley Marshall, Andrew Vowles, Robert Del Naja, Sarah J Hawley. &#38; Matt Schwartz</string>
			<key>Album</key><string>Mezzanine</string>
			<key>Genre</key><string>Music</string>
			<key>Kind</key><string>Apple Music AAC audio file</string>
			<key>Size</key><integer>12599978</integer>
			<key>Total Time</key><integer>366893</integer>
			<key>Disc Number</key><integer>1</integer>
			<key>Disc Count</key><integer>1</integer>
			<key>Track Number</key><integer>6</integer>
			<key>Track Count</key><integer>11</integer>
			<key>Year</key><integer>1998</integer>
			<key>Date Modified</key><date>2025-01-11T03:25:21Z</date>
			<key>Date Added</key><date>2025-01-11T03:25:21Z</date>
			<key>Bit Rate</key><integer>256</integer>
			<key>Sample Rate</key><integer>44100</integer>
			<key>Play Count</key><integer>22</integer>
			<key>Play Date</key><integer>3832840174</integer>
			<key>Play Date UTC</key><date>2025-06-15T19:49:34Z</date>
			<key>Skip Count</key><integer>3</integer>
			<key>Skip Date</key><date>2025-07-07T19:01:10Z</date>
			<key>Release Date</key><date>1998-04-20T07:00:00Z</date>
			<key>Loved</key><true/>
			<key>Artwork Count</key><integer>1</integer>
			<key>Sort Album</key><string>Mezzanine</string>
			<key>Sort Artist</key><string>Massive Attack</string>
			<key>Sort Name</key><string>Dissolved Girl</string>
			<key>Persistent ID</key><string>4600055BD733899D</string>
			<key>Track Type</key><string>Remote</string>
			<key>Apple Music</key><true/>
		</dict>
		<key>14761</key>
		<dict>
			<key>Track ID</key><integer>14761</integer>
			<key>Name</key><string>Black Milk</string>
			<key>Artist</key><string>Massive Attack</string>
			<key>Album Artist</key><string>Massive Attack</string>
			<key>Composer</key><string>Andrew Lee Isaac Vowles, Robert Del Naja, Grantley Marshall, Liz Fraser &#38; Manfred Mann</string>
			<key>Album</key><string>Mezzanine</string>
			<key>Genre</key><string>Music</string>
			<key>Kind</key><string>Apple Music AAC audio file</string>
			<key>Size</key><integer>13132865</integer>
			<key>Total Time</key><integer>381667</integer>
			<key>Disc Number</key><integer>1</integer>
			<key>Disc Count</key><integer>1</integer>
			<key>Track Number</key><integer>8</integer>
			<key>Track Count</key><integer>11</integer>
			<key>Year</key><integer>1998</integer>
			<key>Date Modified</key><date>2025-01-11T03:25:21Z</date>
			<key>Date Added</key><date>2025-01-11T03:25:21Z</date>
			<key>Bit Rate</key><integer>256</integer>
			<key>Sample Rate</key><integer>44100</integer>
			<key>Play Count</key><integer>18</integer>
			<key>Play Date</key><integer>3832845711</integer>
			<key>Play Date UTC</key><date>2025-06-15T21:21:51Z</date>
			<key>Skip Count</key><integer>2</integer>
			<key>Skip Date</key><date>2025-05-19T20:08:25Z</date>
			<key>Release Date</key><date>1998-04-20T07:00:00Z</date>
			<key>Loved</key><true/>
			<key>Artwork Count</key><integer>1</integer>
			<key>Sort Album</key><string>Mezzanine</string>
			<key>Sort Artist</key><string>Massive Attack</string>
			<key>Sort Name</key><string>Black Milk</string>
			<key>Persistent ID</key><string>80D5FEF70B46EFFE</string>
			<key>Track Type</key><string>Remote</string>
			<key>Apple Music</key><true/>
		</dict>
		<key>14763</key>
		<dict>
			<key>Track ID</key><integer>14763</integer>
			<key>Name</key><string>Mezzanine</string>
			<key>Artist</key><string>Massive Attack</string>
			<key>Album Artist</key><string>Massive Attack</string>
			<key>Composer</key><string>Andrew Vowles, Grantley Marshall &#38; Robert Del Naja</string>
			<key>Album</key><string>Mezzanine</string>
			<key>Genre</key><string>Music</string>
			<key>Kind</key><string>Apple Music AAC audio file</string>
			<key>Size</key><integer>12319063</integer>
			<key>Total Time</key><integer>356800</integer>
			<key>Disc Number</key><integer>1</integer>
			<key>Disc Count</key><integer>1</integer>
			<key>Track Number</key><integer>9</integer>
			<key>Track Count</key><integer>11</integer>
			<key>Year</key><integer>1998</integer>
			<key>Date Modified</key><date>2025-01-11T03:25:21Z</date>
			<key>Date Added</key><date>2025-01-11T03:25:21Z</date>
			<key>Bit Rate</key><integer>256</integer>
			<key>Sample Rate</key><integer>44100</integer>
			<key>Play Count</key><integer>19</integer>
			<key>Play Date</key><integer>3832846760</integer>
			<key>Play Date UTC</key><date>2025-06-15T21:39:20Z</date>
			<key>Skip Count</key><integer>1</integer>
			<key>Skip Date</key><date>2025-03-24T17:04:49Z</date>
			<key>Release Date</key><date>1998-04-20T07:00:00Z</date>
			<key>Loved</key><true/>
			<key>Artwork Count</key><integer>1</integer>
			<key>Sort Album</key><string>Mezzanine</string>
			<key>Sort Artist</key><string>Massive Attack</string>
			<key>Sort Name</key><string>Mezzanine</string>
			<key>Persistent ID</key><string>62D5D11264D7D2D1</string>
			<key>Track Type</key><string>Remote</string>
			<key>Apple Music</key><true/>
		</dict>
		<key>14767</key>
		<dict>
			<key>Track ID</key><integer>14767</integer>
			<key>Name</key><string>Group Four</string>
			<key>Artist</key><string>Massive Attack</string>
			<key>Album Artist</key><string>Massive Attack</string>
			<key>Composer</key><string>Robert Del Naja, Liz Fraser, Andrew Vowles &#38; Grantley Marshall</string>
			<key>Album</key><string>Mezzanine</string>
			<key>Genre</key><string>Music</string>
			<key>Kind</key><string>Apple Music AAC audio file</string>
			<key>Size</key><integer>16716725</integer>
			<key>Total Time</key><integer>492267</integer>
			<key>Disc Number</key><integer>1</integer>
			<key>Disc Count</key><integer>1</integer>
			<key>Track Number</key><integer>10</integer>
			<key>Track Count</key><integer>11</integer>
			<key>Year</key><integer>1998</integer>
			<key>Date Modified</key><date>2025-01-11T03:25:21Z</date>
			<key>Date Added</key><date>2025-01-11T03:25:21Z</date>
			<key>Bit Rate</key><integer>256</integer>
			<key>Sample Rate</key><integer>44100</integer>
			<key>Play Count</key><integer>17</integer>
			<key>Play Date</key><integer>3832843033</integer>
			<key>Play Date UTC</key><date>2025-06-15T20:37:13Z</date>
			<key>Skip Count</key><integer>2</integer>
			<key>Skip Date</key><date>2025-07-07T19:01:28Z</date>
			<key>Release Date</key><date>1998-04-20T07:00:00Z</date>
			<key>Loved</key><true/>
			<key>Artwork Count</key><integer>1</integer>
			<key>Sort Album</key><string>Mezzanine</string>
			<key>Sort Artist</key><string>Massive Attack</string>
			<key>Sort Name</key><string>Group Four</string>
			<key>Persistent ID</key><string>53C9A4F6ECF6EAFB</string>
			<key>Track Type</key><string>Remote</string>
			<key>Apple Music</key><true/>
		</dict>
		<key>14851</key>
		<dict>
			<key>Track ID</key><integer>14851</integer>
			<key>Name</key><string>All My Little Words</string>
			<key>Artist</key><string>The Magnetic Fields</string>
			<key>Album Artist</key><string>The Magnetic Fields</string>
			<key>Album</key><string>69 Love Songs</string>
			<key>Genre</key><string>Music</string>
			<key>Kind</key><string>Apple Music AAC audio file</string>
			<key>Size</key><integer>6039633</integer>
			<key>Total Time</key><integer>166133</integer>
			<key>Disc Number</key><integer>1</integer>
			<key>Disc Count</key><integer>3</integer>
			<key>Track Number</key><integer>3</integer>
			<key>Track Count</key><integer>23</integer>
			<key>Year</key><integer>1999</integer>
			<key>Date Modified</key><date>2025-01-11T18:24:16Z</date>
			<key>Date Added</key><date>2025-01-11T18:24:16Z</date>
			<key>Bit Rate</key><integer>256</integer>
			<key>Sample Rate</key><integer>44100</integer>
			<key>Play Count</key><integer>8</integer>
			<key>Play Date</key><integer>3822489421</integer>
			<key>Play Date UTC</key><date>2025-02-16T01:37:01Z</date>
			<key>Skip Count</key><integer>2</integer>
			<key>Skip Date</key><date>2025-02-21T21:37:51Z</date>
			<key>Release Date</key><date>1999-09-07T07:00:00Z</date>
			<key>Loved</key><true/>
			<key>Artwork Count</key><integer>1</integer>
			<key>Sort Album</key><string>69 Love Songs</string>
			<key>Sort Album Artist</key><string>Magnetic Fields</string>
			<key>Sort Artist</key><string>Magnetic Fields</string>
			<key>Sort Name</key><string>All My Little Words</string>
			<key>Persistent ID</key><string>A14A1FC6225CB1A0</string>
			<key>Track Type</key><string>Remote</string>
			<key>Apple Music</key><true/>
		</dict>
		<key>15083</key>
		<dict>
			<key>Track ID</key><integer>15083</integer>
			<key>Name</key><string>5 Dollar Pony Rides</string>
			<key>Artist</key><string>Mac Miller</string>
			<key>Album Artist</key><string>Mac Miller</string>
			<key>Composer</key><string>Jameel Bruner, Malcolm McCormick, Ronald Bruner, Jr. &#38; Stephen Bruner</string>
			<key>Album</key><string>Balloonerism</string>
			<key>Genre</key><string>Music</string>
			<key>Kind</key><string>Apple Music AAC audio file</string>
			<key>Size</key><integer>8079069</integer>
			<key>Total Time</key><integer>222119</integer>
			<key>Disc Number</key><integer>1</integer>
			<key>Disc Count</key><integer>1</integer>
			<key>Track Number</key><integer>4</integer>
			<key>Track Count</key><integer>14</integer>
			<key>Year</key><integer>2025</integer>
			<key>Date Modified</key><date>2025-01-27T21:55:29Z</date>
			<key>Date Added</key><date>2025-01-27T21:55:29Z</date>
			<key>Bit Rate</key><integer>256</integer>
			<key>Sample Rate</key><integer>44100</integer>
			<key>Play Count</key><integer>35</integer>
			<key>Play Date</key><integer>3832845933</integer>
			<key>Play Date UTC</key><date>2025-06-15T21:25:33Z</date>
			<key>Skip Count</key><integer>1</integer>
			<key>Skip Date</key><date>2025-03-14T22:21:57Z</date>
			<key>Release Date</key><date>2025-01-09T08:00:00Z</date>
			<key>Loved</key><true/>
			<key>Artwork Count</key><integer>1</integer>
			<key>Sort Album</key><string>Balloonerism</string>
			<key>Sort Artist</key><string>Mac Miller</string>
			<key>Sort Name</key><string>5 Dollar Pony Rides</string>
			<key>Persistent ID</key><string>D4FEEF1C982C43DD</string>
			<key>Track Type</key><string>Remote</string>
			<key>Apple Music</key><true/>
		</dict>
		<key>15085</key>
		<dict>
			<key>Track ID</key><integer>15085</integer>
			<key>Name</key><string>Rock 'n' Roll Suicide (2012 Remaster)</string>
			<key>Artist</key><string>David Bowie</string>
			<key>Album Artist</key><string>David Bowie</string>
			<key>Composer</key><string>David Bowie</string>
			<key>Album</key><string>The Rise and Fall of Ziggy Stardust and the Spiders from Mars (2012 Remaster)</string>
			<key>Genre</key><string>Music</string>
			<key>Kind</key><string>Apple Music AAC audio file</string>
			<key>Size</key><integer>6443457</integer>
			<key>Total Time</key><integer>178267</integer>
			<key>Disc Number</key><integer>1</integer>
			<key>Disc Count</key><integer>1</integer>
			<key>Track Number</key><integer>11</integer>
			<key>Track Count</key><integer>11</integer>
			<key>Year</key><integer>1972</integer>
			<key>Date Modified</key><date>2025-01-27T22:03:44Z</date>
			<key>Date Added</key><date>2025-01-27T22:03:44Z</date>
			<key>Bit Rate</key><integer>256</integer>
			<key>Sample Rate</key><integer>44100</integer>
			<key>Play Count</key><integer>2</integer>
			<key>Play Date</key><integer>3822488851</integer>
			<key>Play Date UTC</key><date>2025-02-16T01:27:31Z</date>
			<key>Release Date</key><date>1972-04-11T08:00:00Z</date>
			<key>Loved</key><true/>
			<key>Artwork Count</key><integer>1</integer>
			<key>Sort Album</key><string>Rise and Fall of Ziggy Stardust and the Spiders from Mars (2012 Remaster)</string>
			<key>Sort Artist</key><string>David Bowie</string>
			<key>Sort Name</key><string>Rock 'n' Roll Suicide (2012 Remaster)</string>
			<key>Persistent ID</key><string>8C2E72D7484EDD8B</string>
			<key>Track Type</key><string>Remote</string>
			<key>Apple Music</key><true/>
		</dict>
		<key>15087</key>
		<dict>
			<key>Track ID</key><integer>15087</integer>
			<key>Name</key><string>Lady Stardust (2012 Remaster)</string>
			<key>Artist</key><string>David Bowie</string>
			<key>Album Artist</key><string>David Bowie</string>
			<key>Composer</key><string>David Bowie</string>
			<key>Album</key><string>The Rise and Fall of Ziggy Stardust and the Spiders from Mars (2012 Remaster)</string>
			<key>Genre</key><string>Music</string>
			<key>Kind</key><string>Apple Music AAC audio file</string>
			<key>Size</key><integer>7253091</integer>
			<key>Total Time</key><integer>201427</integer>
			<key>Disc Number</key><integer>1</integer>
			<key>Disc Count</key><integer>1</integer>
			<key>Track Number</key><integer>6</integer>
			<key>Track Count</key><integer>11</integer>
			<key>Year</key><integer>1972</integer>
			<key>Date Modified</key><date>2025-01-27T22:03:44Z</date>
			<key>Date Added</key><date>2025-01-27T22:03:44Z</date>
			<key>Bit Rate</key><integer>256</integer>
			<key>Sample Rate</key><integer>44100</integer>
			<key>Play Count</key><integer>2</integer>
			<key>Play Date</key><integer>3822487946</integer>
			<key>Play Date UTC</key><date>2025-02-16T01:12:26Z</date>
			<key>Release Date</key><date>1972-06-16T07:00:00Z</date>
			<key>Loved</key><true/>
			<key>Artwork Count</key><integer>1</integer>
			<key>Sort Album</key><string>Rise and Fall of Ziggy Stardust and the Spiders from Mars (2012 Remaster)</string>
			<key>Sort Artist</key><string>David Bowie</string>
			<key>Sort Name</key><string>Lady Stardust (2012 Remaster)</string>
			<key>Persistent ID</key><string>B20213BD5412D8E0</string>
			<key>Track Type</key><string>Remote</string>
			<key>Apple Music</key><true/>
		</dict>
		<key>15089</key>
		<dict>
			<key>Track ID</key><integer>15089</integer>
			<key>Name</key><string>Star (2012 Remaster)</string>
			<key>Artist</key><string>David Bowie</string>
			<key>Album Artist</key><string>David Bowie</string>
			<key>Composer</key><string>David Bowie</string>
			<key>Album</key><string>The Rise and Fall of Ziggy Stardust and the Spiders from Mars (2012 Remaster)</string>
			<key>Genre</key><string>Music</string>
			<key>Kind</key><string>Apple Music AAC audio file</string>
			<key>Size</key><integer>6042197</integer>
			<key>Total Time</key><integer>167547</integer>
			<key>Disc Number</key><integer>1</integer>
			<key>Disc Count</key><integer>1</integer>
			<key>Track Number</key><integer>7</integer>
			<key>Track Count</key><integer>11</integer>
			<key>Year</key><integer>1972</integer>
			<key>Date Modified</key><date>2025-01-27T22:03:44Z</date>
			<key>Date Added</key><date>2025-01-27T22:03:44Z</date>
			<key>Bit Rate</key><integer>256</integer>
			<key>Sample Rate</key><integer>44100</integer>
			<key>Play Count</key><integer>2</integer>
			<key>Play Date</key><integer>3822488114</integer>
			<key>Play Date UTC</key><date>2025-02-16T01:15:14Z</date>
			<key>Release Date</key><date>1972-06-16T07:00:00Z</date>
			<key>Loved</key><true/>
			<key>Artwork Count</key><integer>1</integer>
			<key>Sort Album</key><string>Rise and Fall of Ziggy Stardust and the Spiders from Mars (2012 Remaster)</string>
			<key>Sort Artist</key><string>David Bowie</string>
			<key>Sort Name</key><string>Star (2012 Remaster)</string>
			<key>Persistent ID</key><string>E2925DBC041EC10B</string>
			<key>Track Type</key><string>Remote</string>
			<key>Apple Music</key><true/>
		</dict>
		<key>15187</key>
		<dict>
			<key>Track ID</key><integer>15187</integer>
			<key>Name</key><string>Rooster</string>
			<key>Artist</key><string>Alice In Chains</string>
			<key>Album Artist</key><string>Alice In Chains</string>
			<key>Composer</key><string>Jerry Cantrell</string>
			<key>Album</key><string>Dirt (Remastered)</string>
			<key>Genre</key><string>Music</string>
			<key>Kind</key><string>Apple Music AAC audio file</string>
			<key>Size</key><integer>13090781</integer>
			<key>Total Time</key><integer>374333</integer>
			<key>Disc Number</key><integer>1</integer>
			<key>Disc Count</key><integer>1</integer>
			<key>Track Number</key><integer>6</integer>
			<key>Track Count</key><integer>13</integer>
			<key>Year</key><integer>1992</integer>
			<key>Date Modified</key><date>2025-01-28T04:48:50Z</date>
			<key>Date Added</key><date>2025-01-28T04:48:50Z</date>
			<key>Bit Rate</key><integer>256</integer>
			<key>Sample Rate</key><integer>44100</integer>
			<key>Play Count</key><integer>11</integer>
			<key>Play Date</key><integer>3832834697</integer>
			<key>Play Date UTC</key><date>2025-06-15T18:18:17Z</date>
			<key>Skip Count</key><integer>1</integer>
			<key>Skip Date</key><date>2025-06-07T01:16:42Z</date>
			<key>Release Date</key><date>1992-09-29T07:00:00Z</date>
			<key>Loved</key><true/>
			<key>Artwork Count</key><integer>1</integer>
			<key>Sort Album</key><string>Dirt (Remastered)</string>
			<key>Sort Artist</key><string>Alice In Chains</string>
			<key>Sort Name</key><string>Rooster</string>
			<key>Persistent ID</key><string>8058DC4AC28F6D2B</string>
			<key>Track Type</key><string>Remote</string>
			<key>Apple Music</key><true/>
		</dict>
		<key>15189</key>
		<dict>
			<key>Track ID</key><integer>15189</integer>
			<key>Name</key><string>Them Bones</string>
			<key>Artist</key><string>Alice In Chains</string>
			<key>Album Artist</key><string>Alice In Chains</string>
			<key>Composer</key><string>Jerry Cantrell</string>
			<key>Album</key><string>Dirt (Remastered)</string>
			<key>Genre</key><string>Music</string>
			<key>Kind</key><string>Apple Music AAC audio file</string>
			<key>Size</key><integer>5691621</integer>
			<key>Total Time</key><integer>149467</integer>
			<key>Disc Number</key><integer>1</integer>
			<key>Disc Count</key><integer>1</integer>
			<key>Track Number</key><integer>1</integer>
			<key>Track Count</key><integer>13</integer>
			<key>Year</key><integer>1992</integer>
			<key>Date Modified</key><date>2025-01-28T04:48:50Z</date>
			<key>Date Added</key><date>2025-01-28T04:48:50Z</date>
			<key>Bit Rate</key><integer>256</integer>
			<key>Sample Rate</key><integer>44100</integer>
			<key>Play Count</key><integer>28</integer>
			<key>Play Date</key><integer>3834722199</integer>
			<key>Play Date UTC</key><date>2025-07-07T14:36:39Z</date>
			<key>Skip Count</key><integer>4</integer>
			<key>Skip Date</key><date>2025-04-08T17:22:57Z</date>
			<key>Release Date</key><date>1992-09-08T07:00:00Z</date>
			<key>Loved</key><true/>
			<key>Artwork Count</key><integer>1</integer>
			<key>Sort Album</key><string>Dirt (Remastered)</string>
			<key>Sort Artist</key><string>Alice In Chains</string>
			<key>Sort Name</key><string>Them Bones</string>
			<key>Persistent ID</key><string>FB6FAC844B1BB5AB</string>
			<key>Track Type</key><string>Remote</string>
			<key>Apple Music</key><true/>
		</dict>
		<key>15203</key>
		<dict>
			<key>Track ID</key><integer>15203</integer>
			<key>Name</key><string>Using What You Got</string>
			<key>Artist</key><string>Flying Lotus</string>
			<key>Album Artist</key><string>Flying Lotus</string>
			<key>Album</key><string>Yasuke</string>
			<key>Genre</key><string>Music</string>
			<key>Kind</key><string>Apple Music AAC audio file</string>
			<key>Size</key><integer>2719947</integer>
			<key>Total Time</key><integer>65293</integer>
			<key>Disc Number</key><integer>1</integer>
			<key>Disc Count</key><integer>1</integer>
			<key>Track Number</key><integer>12</integer>
			<key>Track Count</key><integer>26</integer>
			<key>Year</key><integer>2021</integer>
			<key>Date Modified</key><date>2025-01-30T05:02:29Z</date>
			<key>Date Added</key><date>2025-01-30T05:02:29Z</date>
			<key>Bit Rate</key><integer>256</integer>
			<key>Sample Rate</key><integer>44100</integer>
			<key>Play Count</key><integer>18</integer>
			<key>Play Date</key><integer>3830340521</integer>
			<key>Play Date UTC</key><date>2025-05-17T21:28:41Z</date>
			<key>Skip Count</key><integer>2</integer>
			<key>Skip Date</key><date>2025-05-19T22:25:25Z</date>
			<key>Release Date</key><date>2021-04-30T12:00:00Z</date>
			<key>Loved</key><true/>
			<key>Artwork Count</key><integer>1</integer>
			<key>Sort Album</key><string>Yasuke</string>
			<key>Sort Artist</key><string>Flying Lotus</string>
			<key>Sort Name</key><string>Using What You Got</string>
			<key>Persistent ID</key><string>F4BE9F45836A568C</string>
			<key>Track Type</key><string>Remote</string>
			<key>Apple Music</key><true/>
		</dict>
		<key>15249</key>
		<dict>
			<key>Track ID</key><integer>15249</integer>
			<key>Name</key><string>Jah the Seventh Seal</string>
			<key>Artist</key><string>Goldie</string>
			<key>Album Artist</key><string>Goldie</string>
			<key>Composer</key><string>Clifford Price, Goldie, Playford, Price, R.Playford &#38; Robert Playford</string>
			<key>Album</key><string>Timeless</string>
			<key>Genre</key><string>Music</string>
			<key>Kind</key><string>Apple Music AAC audio file</string>
			<key>Size</key><integer>13431019</integer>
			<key>Total Time</key><integer>384253</integer>
			<key>Disc Number</key><integer>1</integer>
			<key>Disc Count</key><integer>1</integer>
			<key>Track Number</key><integer>6</integer>
			<key>Track Count</key><integer>14</integer>
			<key>Year</key><integer>1995</integer>
			<key>Date Modified</key><date>2025-01-31T07:32:39Z</date>
			<key>Date Added</key><date>2025-01-31T07:32:39Z</date>
			<key>Bit Rate</key><integer>256</integer>
			<key>Sample Rate</key><integer>44100</integer>
			<key>Play Count</key><integer>4</integer>
			<key>Play Date</key><integer>3830343364</integer>
			<key>Play Date UTC</key><date>2025-05-17T22:16:04Z</date>
			<key>Release Date</key><date>1995-01-01T12:00:00Z</date>
			<key>Loved</key><true/>
			<key>Artwork Count</key><integer>1</integer>
			<key>Sort Album</key><string>Timeless</string>
			<key>Sort Artist</key><string>Goldie</string>
			<key>Sort Name</key><string>Jah the Seventh Seal</string>
			<key>Persistent ID</key><string>0B9683CAA423C8A4</string>
			<key>Track Type</key><string>Remote</string>
			<key>Apple Music</key><true/>
		</dict>
		<key>15253</key>
		<dict>
			<key>Track ID</key><integer>15253</integer>
			<key>Name</key><string>This Is a Bad</string>
			<key>Artist</key><string>Goldie</string>
			<key>Album Artist</key><string>Goldie</string>
			<key>Composer</key><string>Clifford Price, Goldie &#38; Price</string>
			<key>Album</key><string>Timeless</string>
			<key>Genre</key><string>Music</string>
			<key>Kind</key><string>Apple Music AAC audio file</string>
			<key>Size</key><integer>12800748</integer>
			<key>Total Time</key><integer>370573</integer>
			<key>Disc Number</key><integer>1</integer>
			<key>Disc Count</key><integer>1</integer>
			<key>Track Number</key><integer>4</integer>
			<key>Track Count</key><integer>14</integer>
			<key>Year</key><integer>1995</integer>
			<key>Date Modified</key><date>2025-01-31T07:32:39Z</date>
			<key>Date Added</key><date>2025-01-31T07:32:39Z</date>
			<key>Bit Rate</key><integer>256</integer>
			<key>Sample Rate</key><integer>44100</integer>
			<key>Play Count</key><integer>3</integer>
			<key>Play Date</key><integer>3830334203</integer>
			<key>Play Date UTC</key><date>2025-05-17T19:43:23Z</date>
			<key>Skip Count</key><integer>1</integer>
			<key>Skip Date</key><date>2025-05-17T00:54:04Z</date>
			<key>Release Date</key><date>1995-08-01T12:00:00Z</date>
			<key>Loved</key><true/>
			<key>Artwork Count</key><integer>1</integer>
			<key>Sort Album</key><string>Timeless</string>
			<key>Sort Artist</key><string>Goldie</string>
			<key>Sort Name</key><string>This Is a Bad</string>
			<key>Persistent ID</key><string>09299BD4D26267F6</string>
			<key>Track Type</key><string>Remote</string>
			<key>Apple Music</key><true/>
		</dict>
		<key>15263</key>
		<dict>
			<key>Track ID</key><integer>15263</integer>
			<key>Name</key><string>DJ's Chord Organ (feat. SZA)</string>
			<key>Artist</key><string>Mac Miller</string>
			<key>Album Artist</key><string>Mac Miller</string>
			<key>Composer</key><string>Malcolm McCormick, SZA &#38; Stephen Bruner</string>
			<key>Album</key><string>Balloonerism</string>
			<key>Genre</key><string>Music</string>
			<key>Kind</key><string>Apple Music AAC audio file</string>
			<key>Size</key><integer>11073080</integer>
			<key>Total Time</key><integer>315641</integer>
			<key>Disc Number</key><integer>1</integer>
			<key>Disc Count</key><integer>1</integer>
			<key>Track Number</key><integer>2</integer>
			<key>Track Count</key><integer>14</integer>
			<key>Year</key><integer>2025</integer>
			<key>Date Modified</key><date>2025-01-31T20:32:26Z</date>
			<key>Date Added</key><date>2025-01-31T20:32:26Z</date>
			<key>Bit Rate</key><integer>256</integer>
			<key>Sample Rate</key><integer>44100</integer>
			<key>Play Count</key><integer>29</integer>
			<key>Play Date</key><integer>3832835967</integer>
			<key>Play Date UTC</key><date>2025-06-15T18:39:27Z</date>
			<key>Skip Count</key><integer>5</integer>
			<key>Skip Date</key><date>2025-06-07T00:59:23Z</date>
			<key>Release Date</key><date>2025-01-17T12:00:00Z</date>
			<key>Loved</key><true/>
			<key>Artwork Count</key><integer>1</integer>
			<key>Sort Album</key><string>Balloonerism</string>
			<key>Sort Artist</key><string>Mac Miller</string>
			<key>Sort Name</key><string>DJ's Chord Organ (feat. SZA)</string>
			<key>Persistent ID</key><string>8829043CDEE82955</string>
			<key>Explicit</key><true/>
			<key>Track Type</key><string>Remote</string>
			<key>Apple Music</key><true/>
		</dict>
		<key>15265</key>
		<dict>
			<key>Track ID</key><integer>15265</integer>
			<key>Name</key><string>Do You Have A Destination?</string>
			<key>Artist</key><string>Mac Miller</string>
			<key>Album Artist</key><string>Mac Miller</string>
			<key>Composer</key><string>Malcolm McCormick &#38; Taylor Graves</string>
			<key>Album</key><string>Balloonerism</string>
			<key>Genre</key><string>Music</string>
			<key>Kind</key><string>Apple Music AAC audio file</string>
			<key>Size</key><integer>7451855</integer>
			<key>Total Time</key><integer>204565</integer>
			<key>Disc Number</key><integer>1</integer>
			<key>Disc Count</key><integer>1</integer>
			<key>Track Number</key><integer>3</integer>
			<key>Track Count</key><integer>14</integer>
			<key>Year</key><integer>2025</integer>
			<key>Date Modified</key><date>2025-01-31T20:32:26Z</date>
			<key>Date Added</key><date>2025-01-31T20:32:26Z</date>
			<key>Bit Rate</key><integer>256</integer>
			<key>Sample Rate</key><integer>44100</integer>
			<key>Play Count</key><integer>34</integer>
			<key>Play Date</key><integer>3832836968</integer>
			<key>Play Date UTC</key><date>2025-06-15T18:56:08Z</date>
			<key>Skip Count</key><integer>1</integer>
			<key>Skip Date</key><date>2025-06-07T00:05:50Z</date>
			<key>Release Date</key><date>2025-01-17T12:00:00Z</date>
			<key>Loved</key><true/>
			<key>Artwork Count</key><integer>1</integer>
			<key>Sort Album</key><string>Balloonerism</string>
			<key>Sort Artist</key><string>Mac Miller</string>
			<key>Sort Name</key><string>Do You Have A Destination?</string>
			<key>Persistent ID</key><string>062CD23D9CEB6D31</string>
			<key>Explicit</key><true/>
			<key>Track Type</key><string>Remote</string>
			<key>Apple Music</key><true/>
		</dict>
		<key>15271</key>
		<dict>
			<key>Track ID</key><integer>15271</integer>
			<key>Name</key><string>Stoned</string>
			<key>Artist</key><string>Mac Miller</string>
			<key>Album Artist</key><string>Mac Miller</string>
			<key>Composer</key><string>Anne Dudley, Malcolm McCormick, Malcolm McLaren &#38; Trevor Horn</string>
			<key>Album</key><string>Balloonerism</string>
			<key>Genre</key><string>Music</string>
			<key>Kind</key><string>Apple Music AAC audio file</string>
			<key>Size</key><integer>8626357</integer>
			<key>Total Time</key><integer>243522</integer>
			<key>Disc Number</key><integer>1</integer>
			<key>Disc Count</key><integer>1</integer>
			<key>Track Number</key><integer>7</integer>
			<key>Track Count</key><integer>14</integer>
			<key>Year</key><integer>2025</integer>
			<key>Date Modified</key><date>2025-01-31T20:32:26Z</date>
			<key>Date Added</key><date>2025-01-31T20:32:26Z</date>
			<key>Bit Rate</key><integer>256</integer>
			<key>Sample Rate</key><integer>44100</integer>
			<key>Play Count</key><integer>31</integer>
			<key>Play Date</key><integer>3832839171</integer>
			<key>Play Date UTC</key><date>2025-06-15T19:32:51Z</date>
			<key>Release Date</key><date>2025-01-17T12:00:00Z</date>
			<key>Loved</key><true/>
			<key>Artwork Count</key><integer>1</integer>
			<key>Sort Album</key><string>Balloonerism</string>
			<key>Sort Artist</key><string>Mac Miller</string>
			<key>Sort Name</key><string>Stoned</string>
			<key>Persistent ID</key><string>805853DCB85DE598</string>
			<key>Track Type</key><string>Remote</string>
			<key>Apple Music</key><true/>
		</dict>
		<key>15275</key>
		<dict>
			<key>Track ID</key><integer>15275</integer>
			<key>Name</key><string>Funny Papers</string>
			<key>Artist</key><string>Mac Miller</string>
			<key>Album Artist</key><string>Mac Miller</string>
			<key>Composer</key><string>Malcolm McCormick, Stephen Bruner &#38; Taylor Graves</string>
			<key>Album</key><string>Balloonerism</string>
			<key>Genre</key><string>Music</string>
			<key>Kind</key><string>Apple Music AAC audio file</string>
			<key>Size</key><integer>9360641</integer>
			<key>Total Time</key><integer>263941</integer>
			<key>Disc Number</key><integer>1</integer>
			<key>Disc Count</key><integer>1</integer>
			<key>Track Number</key><integer>9</integer>
			<key>Track Count</key><integer>14</integer>
			<key>Year</key><integer>2025</integer>
			<key>Date Modified</key><date>2025-01-31T20:32:26Z</date>
			<key>Date Added</key><date>2025-01-31T20:32:26Z</date>
			<key>Bit Rate</key><integer>256</integer>
			<key>Sample Rate</key><integer>44100</integer>
			<key>Play Count</key><integer>27</integer>
			<key>Play Date</key><integer>3832833580</integer>
			<key>Play Date UTC</key><date>2025-06-15T17:59:40Z</date>
			<key>Release Date</key><date>2025-01-17T08:00:00Z</date>
			<key>Loved</key><true/>
			<key>Artwork Count</key><integer>1</integer>
			<key>Sort Album</key><string>Balloonerism</string>
			<key>Sort Artist</key><string>Mac Miller</string>
			<key>Sort Name</key><string>Funny Papers</string>
			<key>Persistent ID</key><string>5B47A75E8D4B7099</string>
			<key>Explicit</key><true/>
			<key>Track Type</key><string>Remote</string>
			<key>Apple Music</key><true/>
		</dict>
		<key>15293</key>
		<dict>
			<key>Track ID</key><integer>15293</integer>
			<key>Name</key><string>Eleanor Rigby</string>
			<key>Artist</key><string>The Beatles</string>
			<key>Album Artist</key><string>The Beatles</string>
			<key>Composer</key><string>John Lennon &#38; Paul McCartney</string>
			<key>Album</key><string>Revolver</string>
			<key>Genre</key><string>Music</string>
			<key>Kind</key><string>Apple Music AAC audio file</string>
			<key>Size</key><integer>4891288</integer>
			<key>Total Time</key><integer>126533</integer>
			<key>Disc Number</key><integer>1</integer>
			<key>Disc Count</key><integer>1</integer>
			<key>Track Number</key><integer>2</integer>
			<key>Track Count</key><integer>14</integer>
			<key>Year</key><integer>1966</integer>
			<key>Date Modified</key><date>2025-02-01T08:18:02Z</date>
			<key>Date Added</key><date>2025-02-01T08:18:02Z</date>
			<key>Bit Rate</key><integer>256</integer>
			<key>Sample Rate</key><integer>44100</integer>
			<key>Play Count</key><integer>2</integer>
			<key>Play Date</key><integer>3822737654</integer>
			<key>Play Date UTC</key><date>2025-02-18T22:34:14Z</date>
			<key>Release Date</key><date>1966-08-05T12:00:00Z</date>
			<key>Loved</key><true/>
			<key>Artwork Count</key><integer>1</integer>
			<key>Sort Album</key><string>Revolver</string>
			<key>Sort Album Artist</key><string>Beatles</string>
			<key>Sort Artist</key><string>Beatles</string>
			<key>Sort Name</key><string>Eleanor Rigby</string>
			<key>Persistent ID</key><string>67062587655CD4FF</string>
			<key>Track Type</key><string>Remote</string>
			<key>Apple Music</key><true/>
		</dict>
		<key>15297</key>
		<dict>
			<key>Track ID</key><integer>15297</integer>
			<key>Name</key><string>Love You To</string>
			<key>Artist</key><string>The Beatles</string>
			<key>Album Artist</key><string>The Beatles</string>
			<key>Composer</key><string>George Harrison</string>
			<key>Album</key><string>Revolver</string>
			<key>Genre</key><string>Music</string>
			<key>Kind</key><string>Apple Music AAC audio file</string>
			<key>Size</key><integer>6783016</integer>
			<key>Total Time</key><integer>179827</integer>
			<key>Disc Number</key><integer>1</integer>
			<key>Disc Count</key><integer>1</integer>
			<key>Track Number</key><integer>4</integer>
			<key>Track Count</key><integer>14</integer>
			<key>Year</key><integer>1966</integer>
			<key>Date Modified</key><date>2025-02-01T08:18:02Z</date>
			<key>Date Added</key><date>2025-02-01T08:18:02Z</date>
			<key>Bit Rate</key><integer>256</integer>
			<key>Sample Rate</key><integer>44100</integer>
			<key>Play Count</key><integer>2</integer>
			<key>Play Date</key><integer>3822738014</integer>
			<key>Play Date UTC</key><date>2025-02-18T22:40:14Z</date>
			<key>Release Date</key><date>1966-08-05T12:00:00Z</date>
			<key>Loved</key><true/>
			<key>Artwork Count</key><integer>1</integer>
			<key>Sort Album</key><string>Revolver</string>
			<key>Sort Album Artist</key><string>Beatles</string>
			<key>Sort Artist</key><string>Beatles</string>
			<key>Sort Name</key><string>Love You To</string>
			<key>Persistent ID</key><string>1FFCB6578D868ABE</string>
			<key>Track Type</key><string>Remote</string>
			<key>Apple Music</key><true/>
		</dict>
		<key>15299</key>
		<dict>
			<key>Track ID</key><integer>15299</integer>
			<key>Name</key><string>Good Day Sunshine</string>
			<key>Artist</key><string>The Beatles</string>
			<key>Album Artist</key><string>The Beatles</string>
			<key>Composer</key><string>Paul McCartney &#38; John Lennon</string>
			<key>Album</key><string>Revolver</string>
			<key>Genre</key><string>Music</string>
			<key>Kind</key><string>Apple Music AAC audio file</string>
			<key>Size</key><integer>5312411</integer>
			<key>Total Time</key><integer>129293</integer>
			<key>Disc Number</key><integer>1</integer>
			<key>Disc Count</key><integer>1</integer>
			<key>Track Number</key><integer>8</integer>
			<key>Track Count</key><integer>14</integer>
			<key>Year</key><integer>1966</integer>
			<key>Date Modified</key><date>2025-02-01T08:18:02Z</date>
			<key>Date Added</key><date>2025-02-01T08:18:02Z</date>
			<key>Bit Rate</key><integer>256</integer>
			<key>Sample Rate</key><integer>44100</integer>
			<key>Play Count</key><integer>2</integer>
			<key>Play Date</key><integer>3822744388</integer>
			<key>Play Date UTC</key><date>2025-02-19T00:26:28Z</date>
			<key>Release Date</key><date>1966-08-05T12:00:00Z</date>
			<key>Loved</key><true/>
			<key>Artwork Count</key><integer>1</integer>
			<key>Sort Album</key><string>Revolver</string>
			<key>Sort Album Artist</key><string>Beatles</string>
			<key>Sort Artist</key><string>Beatles</string>
			<key>Sort Name</key><string>Good Day Sunshine</string>
			<key>Persistent ID</key><string>47866917F9061649</string>
			<key>Track Type</key><string>Remote</string>
			<key>Apple Music</key><true/>
		</dict>
		<key>15301</key>
		<dict>
			<key>Track ID</key><integer>15301</integer>
			<key>Name</key><string>I'm Only Sleeping</string>
			<key>Artist</key><string>The Beatles</string>
			<key>Album Artist</key><string>The Beatles</string>
			<key>Composer</key><string>John Lennon &#38; Paul McCartney</string>
			<key>Album</key><string>Revolver</string>
			<key>Genre</key><string>Music</string>
			<key>Kind</key><string>Apple Music AAC audio file</string>
			<key>Size</key><integer>7162032</integer>
			<key>Total Time</key><integer>180320</integer>
			<key>Disc Number</key><integer>1</integer>
			<key>Disc Count</key><integer>1</integer>
			<key>Track Number</key><integer>3</integer>
			<key>Track Count</key><integer>14</integer>
			<key>Year</key><integer>1966</integer>
			<key>Date Modified</key><date>2025-02-01T08:18:02Z</date>
			<key>Date Added</key><date>2025-02-01T08:18:02Z</date>
			<key>Bit Rate</key><integer>256</integer>
			<key>Sample Rate</key><integer>44100</integer>
			<key>Play Count</key><integer>2</integer>
			<key>Play Date</key><integer>3822737834</integer>
			<key>Play Date UTC</key><date>2025-02-18T22:37:14Z</date>
			<key>Release Date</key><date>1966-06-20T12:00:00Z</date>
			<key>Loved</key><true/>
			<key>Artwork Count</key><integer>1</integer>
			<key>Sort Album</key><string>Revolver</string>
			<key>Sort Album Artist</key><string>Beatles</string>
			<key>Sort Artist</key><string>Beatles</string>
			<key>Sort Name</key><string>I'm Only Sleeping</string>
			<key>Persistent ID</key><string>9539CA3D83FBB967</string>
			<key>Track Type</key><string>Remote</string>
			<key>Apple Music</key><true/>
		</dict>
		<key>15303</key>
		<dict>
			<key>Track ID</key><integer>15303</integer>
			<key>Name</key><string>She Said She Said</string>
			<key>Artist</key><string>The Beatles</string>
			<key>Album Artist</key><string>The Beatles</string>
			<key>Composer</key><string>John Lennon &#38; Paul McCartney</string>
			<key>Album</key><string>Revolver</string>
			<key>Genre</key><string>Music</string>
			<key>Kind</key><string>Apple Music AAC audio file</string>
			<key>Size</key><integer>6117610</integer>
			<key>Total Time</key><integer>156040</integer>
			<key>Disc Number</key><integer>1</integer>
			<key>Disc Count</key><integer>1</integer>
			<key>Track Number</key><integer>7</integer>
			<key>Track Count</key><integer>14</integer>
			<key>Year</key><integer>1966</integer>
			<key>Date Modified</key><date>2025-02-01T08:18:02Z</date>
			<key>Date Added</key><date>2025-02-01T08:18:02Z</date>
			<key>Bit Rate</key><integer>256</integer>
			<key>Sample Rate</key><integer>44100</integer>
			<key>Play Count</key><integer>2</integer>
			<key>Play Date</key><integer>3822744258</integer>
			<key>Play Date UTC</key><date>2025-02-19T00:24:18Z</date>
			<key>Release Date</key><date>1966-08-05T12:00:00Z</date>
			<key>Loved</key><true/>
			<key>Artwork Count</key><integer>1</integer>
			<key>Sort Album</key><string>Revolver</string>
			<key>Sort Album Artist</key><string>Beatles</string>
			<key>Sort Artist</key><string>Beatles</string>
			<key>Sort Name</key><string>She Said She Said</string>
			<key>Persistent ID</key><string>2AF799A13DB09096</string>
			<key>Track Type</key><string>Remote</string>
			<key>Apple Music</key><true/>
		</dict>
		<key>15307</key>
		<dict>
			<key>Track ID</key><integer>15307</integer>
			<key>Name</key><string>For No One</string>
			<key>Artist</key><string>The Beatles</string>
			<key>Album Artist</key><string>The Beatles</string>
			<key>Composer</key><string>John Lennon &#38; Paul McCartney</string>
			<key>Album</key><string>Revolver</string>
			<key>Genre</key><string>Music</string>
			<key>Kind</key><string>Apple Music AAC audio file</string>
			<key>Size</key><integer>4943189</integer>
			<key>Total Time</key><integer>119813</integer>
			<key>Disc Number</key><integer>1</integer>
			<key>Disc Count</key><integer>1</integer>
			<key>Track Number</key><integer>10</integer>
			<key>Track Count</key><integer>14</integer>
			<key>Year</key><integer>1966</integer>
			<key>Date Modified</key><date>2025-02-01T08:18:02Z</date>
			<key>Date Added</key><date>2025-02-01T08:18:02Z</date>
			<key>Bit Rate</key><integer>256</integer>
			<key>Sample Rate</key><integer>44100</integer>
			<key>Play Count</key><integer>2</integer>
			<key>Play Date</key><integer>3822744637</integer>
			<key>Play Date UTC</key><date>2025-02-19T00:30:37Z</date>
			<key>Release Date</key><date>1966-08-05T12:00:00Z</date>
			<key>Loved</key><true/>
			<key>Artwork Count</key><integer>1</integer>
			<key>Sort Album</key><string>Revolver</string>
			<key>Sort Album Artist</key><string>Beatles</string>
			<key>Sort Artist</key><string>Beatles</string>
			<key>Sort Name</key><string>For No One</string>
			<key>Persistent ID</key><string>BBD9FCA617E940A9</string>
			<key>Track Type</key><string>Remote</string>
			<key>Apple Music</key><true/>
		</dict>
		<key>15309</key>
		<dict>
			<key>Track ID</key><integer>15309</integer>
			<key>Name</key><string>Here, There and Everywhere</string>
			<key>Artist</key><string>The Beatles</string>
			<key>Album Artist</key><string>The Beatles</string>
			<key>Composer</key><string>John Lennon &#38; Paul McCartney</string>
			<key>Album</key><string>Revolver</string>
			<key>Genre</key><string>Music</string>
			<key>Kind</key><string>Apple Music AAC audio file</string>
			<key>Size</key><integer>5866745</integer>
			<key>Total Time</key><integer>144880</integer>
			<key>Disc Number</key><integer>1</integer>
			<key>Disc Count</key><integer>1</integer>
			<key>Track Number</key><integer>5</integer>
			<key>Track Count</key><integer>14</integer>
			<key>Year</key><integer>1966</integer>
			<key>Date Modified</key><date>2025-02-01T08:18:02Z</date>
			<key>Date Added</key><date>2025-02-01T08:18:02Z</date>
			<key>Bit Rate</key><integer>256</integer>
			<key>Sample Rate</key><integer>44100</integer>
			<key>Play Count</key><integer>2</integer>
			<key>Play Date</key><integer>3822744096</integer>
			<key>Play Date UTC</key><date>2025-02-19T00:21:36Z</date>
			<key>Release Date</key><date>1966-08-05T12:00:00Z</date>
			<key>Loved</key><true/>
			<key>Artwork Count</key><integer>1</integer>
			<key>Sort Album</key><string>Revolver</string>
			<key>Sort Album Artist</key><string>Beatles</string>
			<key>Sort Artist</key><string>Beatles</string>
			<key>Sort Name</key><string>Here, There and Everywhere</string>
			<key>Persistent ID</key><string>4A2FEFA71A09CBE9</string>
			<key>Track Type</key><string>Remote</string>
			<key>Apple Music</key><true/>
		</dict>
		<key>15311</key>
		<dict>
			<key>Track ID</key><integer>15311</integer>
			<key>Name</key><string>And Your Bird Can Sing</string>
			<key>Artist</key><string>The Beatles</string>
			<key>Album Artist</key><string>The Beatles</string>
			<key>Composer</key><string>John Lennon &#38; Paul McCartney</string>
			<key>Album</key><string>Revolver</string>
			<key>Genre</key><string>Music</string>
			<key>Kind</key><string>Apple Music AAC audio file</string>
			<key>Size</key><integer>5153767</integer>
			<key>Total Time</key><integer>120493</integer>
			<key>Disc Number</key><integer>1</integer>
			<key>Disc Count</key><integer>1</integer>
			<key>Track Number</key><integer>9</integer>
			<key>Track Count</key><integer>14</integer>
			<key>Year</key><integer>1966</integer>
			<key>Date Modified</key><date>2025-02-01T08:18:02Z</date>
			<key>Date Added</key><date>2025-02-01T08:18:02Z</date>
			<key>Bit Rate</key><integer>256</integer>
			<key>Sample Rate</key><integer>44100</integer>
			<key>Play Count</key><integer>2</integer>
			<key>Play Date</key><integer>3822744508</integer>
			<key>Play Date UTC</key><date>2025-02-19T00:28:28Z</date>
			<key>Release Date</key><date>1966-06-20T12:00:00Z</date>
			<key>Loved</key><true/>
			<key>Artwork Count</key><integer>1</integer>
			<key>Sort Album</key><string>Revolver</string>
			<key>Sort Album Artist</key><string>Beatles</string>
			<key>Sort Artist</key><string>Beatles</string>
			<key>Sort Name</key><string>And Your Bird Can Sing</string>
			<key>Persistent ID</key><string>3831688E41078703</string>
			<key>Track Type</key><string>Remote</string>
			<key>Apple Music</key><true/>
		</dict>
		<key>15313</key>
		<dict>
			<key>Track ID</key><integer>15313</integer>
			<key>Name</key><string>Taxman</string>
			<key>Artist</key><string>The Beatles</string>
			<key>Album Artist</key><string>The Beatles</string>
			<key>Composer</key><string>George Harrison</string>
			<key>Album</key><string>Revolver</string>
			<key>Genre</key><string>Music</string>
			<key>Kind</key><string>Apple Music AAC audio file</string>
			<key>Size</key><integer>6391660</integer>
			<key>Total Time</key><integer>157853</integer>
			<key>Disc Number</key><integer>1</integer>
			<key>Disc Count</key><integer>1</integer>
			<key>Track Number</key><integer>1</integer>
			<key>Track Count</key><integer>14</integer>
			<key>Year</key><integer>1966</integer>
			<key>Date Modified</key><date>2025-02-01T08:18:02Z</date>
			<key>Date Added</key><date>2025-02-01T08:18:02Z</date>
			<key>Bit Rate</key><integer>256</integer>
			<key>Sample Rate</key><integer>44100</integer>
			<key>Play Count</key><integer>2</integer>
			<key>Play Date</key><integer>3822737527</integer>
			<key>Play Date UTC</key><date>2025-02-18T22:32:07Z</date>
			<key>Release Date</key><date>1966-08-05T12:00:00Z</date>
			<key>Loved</key><true/>
			<key>Artwork Count</key><integer>1</integer>
			<key>Sort Album</key><string>Revolver</string>
			<key>Sort Album Artist</key><string>Beatles</string>
			<key>Sort Artist</key><string>Beatles</string>
			<key>Sort Name</key><string>Taxman</string>
			<key>Persistent ID</key><string>D3B5C4D7938A00D9</string>
			<key>Track Type</key><string>Remote</string>
			<key>Apple Music</key><true/>
		</dict>
		<key>15315</key>
		<dict>
			<key>Track ID</key><integer>15315</integer>
			<key>Name</key><string>Got to Get You Into My Life</string>
			<key>Artist</key><string>The Beatles</string>
			<key>Album Artist</key><string>The Beatles</string>
			<key>Composer</key><string>John Lennon &#38; Paul McCartney</string>
			<key>Album</key><string>Revolver</string>
			<key>Genre</key><string>Music</string>
			<key>Kind</key><string>Apple Music AAC audio file</string>
			<key>Size</key><integer>6018995</integer>
			<key>Total Time</key><integer>149240</integer>
			<key>Disc Number</key><integer>1</integer>
			<key>Disc Count</key><integer>1</integer>
			<key>Track Number</key><integer>13</integer>
			<key>Track Count</key><integer>14</integer>
			<key>Year</key><integer>1966</integer>
			<key>Date Modified</key><date>2025-02-01T08:18:02Z</date>
			<key>Date Added</key><date>2025-02-01T08:18:02Z</date>
			<key>Bit Rate</key><integer>256</integer>
			<key>Sample Rate</key><integer>44100</integer>
			<key>Play Count</key><integer>2</integer>
			<key>Play Date</key><integer>3822744993</integer>
			<key>Play Date UTC</key><date>2025-02-19T00:36:33Z</date>
			<key>Release Date</key><date>1966-08-05T12:00:00Z</date>
			<key>Loved</key><true/>
			<key>Artwork Count</key><integer>1</integer>
			<key>Sort Album</key><string>Revolver</string>
			<key>Sort Album Artist</key><string>Beatles</string>
			<key>Sort Artist</key><string>Beatles</string>
			<key>Sort Name</key><string>Got to Get You Into My Life</string>
			<key>Persistent ID</key><string>F8A7682C1937B251</string>
			<key>Track Type</key><string>Remote</string>
			<key>Apple Music</key><true/>
		</dict>
		<key>15317</key>
		<dict>
			<key>Track ID</key><integer>15317</integer>
			<key>Name</key><string>Tomorrow Never Knows</string>
			<key>Artist</key><string>The Beatles</string>
			<key>Album Artist</key><string>The Beatles</string>
			<key>Composer</key><string>John Lennon &#38; Paul McCartney</string>
			<key>Album</key><string>Revolver</string>
			<key>Genre</key><string>Music</string>
			<key>Kind</key><string>Apple Music AAC audio file</string>
			<key>Size</key><integer>6520045</integer>
			<key>Total Time</key><integer>177545</integer>
			<key>Disc Number</key><integer>1</integer>
			<key>Disc Count</key><integer>1</integer>
			<key>Track Number</key><integer>14</integer>
			<key>Track Count</key><integer>14</integer>
			<key>Year</key><integer>1966</integer>
			<key>Date Modified</key><date>2025-02-01T08:18:02Z</date>
			<key>Date Added</key><date>2025-02-01T08:18:02Z</date>
			<key>Bit Rate</key><integer>256</integer>
			<key>Sample Rate</key><integer>44100</integer>
			<key>Play Count</key><integer>2</integer>
			<key>Play Date</key><integer>3822752489</integer>
			<key>Play Date UTC</key><date>2025-02-19T02:41:29Z</date>
			<key>Release Date</key><date>1966-08-05T12:00:00Z</date>
			<key>Loved</key><true/>
			<key>Artwork Count</key><integer>1</integer>
			<key>Sort Album</key><string>Revolver</string>
			<key>Sort Album Artist</key><string>Beatles</string>
			<key>Sort Artist</key><string>Beatles</string>
			<key>Sort Name</key><string>Tomorrow Never Knows</string>
			<key>Persistent ID</key><string>754FECC9C92251C1</string>
			<key>Track Type</key><string>Remote</string>
			<key>Apple Music</key><true/>
		</dict>
		<key>15319</key>
		<dict>
			<key>Track ID</key><integer>15319</integer>
			<key>Name</key><string>I Want to Tell You</string>
			<key>Artist</key><string>The Beatles</string>
			<key>Album Artist</key><string>The Beatles</string>
			<key>Composer</key><string>George Harrison</string>
			<key>Album</key><string>Revolver</string>
			<key>Genre</key><string>Music</string>
			<key>Kind</key><string>Apple Music AAC audio file</string>
			<key>Size</key><integer>5778317</integer>
			<key>Total Time</key><integer>147973</integer>
			<key>Disc Number</key><integer>1</integer>
			<key>Disc Count</key><integer>1</integer>
			<key>Track Number</key><integer>12</integer>
			<key>Track Count</key><integer>14</integer>
			<key>Year</key><integer>1966</integer>
			<key>Date Modified</key><date>2025-02-01T08:18:02Z</date>
			<key>Date Added</key><date>2025-02-01T08:18:02Z</date>
			<key>Bit Rate</key><integer>256</integer>
			<key>Sample Rate</key><integer>44100</integer>
			<key>Play Count</key><integer>2</integer>
			<key>Play Date</key><integer>3822744844</integer>
			<key>Play Date UTC</key><date>2025-02-19T00:34:04Z</date>
			<key>Release Date</key><date>1966-08-05T12:00:00Z</date>
			<key>Loved</key><true/>
			<key>Artwork Count</key><integer>1</integer>
			<key>Sort Album</key><string>Revolver</string>
			<key>Sort Album Artist</key><string>Beatles</string>
			<key>Sort Artist</key><string>Beatles</string>
			<key>Sort Name</key><string>I Want to Tell You</string>
			<key>Persistent ID</key><string>F384D7F2105B705A</string>
			<key>Track Type</key><string>Remote</string>
			<key>Apple Music</key><true/>
		</dict>
		<key>15359</key>
		<dict>
			<key>Track ID</key><integer>15359</integer>
			<key>Name</key><string>Do Not Fire! (Instrumental)</string>
			<key>Artist</key><string>Madvillain</string>
			<key>Album Artist</key><string>Madvillain</string>
			<key>Composer</key><string>Otis Jackson Jr &#38; Daniel Dumile Thompson</string>
			<key>Album</key><string>Madvillainy</string>
			<key>Genre</key><string>Music</string>
			<key>Kind</key><string>Apple Music AAC audio file</string>
			<key>Size</key><integer>2337340</integer>
			<key>Total Time</key><integer>52827</integer>
			<key>Disc Number</key><integer>1</integer>
			<key>Disc Count</key><integer>1</integer>
			<key>Track Number</key><integer>10</integer>
			<key>Track Count</key><integer>22</integer>
			<key>Year</key><integer>2004</integer>
			<key>Date Modified</key><date>2025-02-01T08:24:37Z</date>
			<key>Date Added</key><date>2025-02-01T08:24:37Z</date>
			<key>Bit Rate</key><integer>256</integer>
			<key>Sample Rate</key><integer>44100</integer>
			<key>Play Count</key><integer>3</integer>
			<key>Play Date</key><integer>3827054472</integer>
			<key>Play Date UTC</key><date>2025-04-09T20:41:12Z</date>
			<key>Release Date</key><date>2004-03-23T08:00:00Z</date>
			<key>Loved</key><true/>
			<key>Artwork Count</key><integer>1</integer>
			<key>Sort Album</key><string>Madvillainy</string>
			<key>Sort Artist</key><string>Madvillain</string>
			<key>Sort Name</key><string>Do Not Fire! (Instrumental)</string>
			<key>Persistent ID</key><string>2291C96EE4639610</string>
			<key>Track Type</key><string>Remote</string>
			<key>Apple Music</key><true/>
		</dict>
		<key>15361</key>
		<dict>
			<key>Track ID</key><integer>15361</integer>
			<key>Name</key><string>Supervillain Theme (Instrumental)</string>
			<key>Artist</key><string>Madvillain</string>
			<key>Album Artist</key><string>Madvillain</string>
			<key>Composer</key><string>Otis Jackson Jr &#38; Daniel Dumile Thompson</string>
			<key>Album</key><string>Madvillainy</string>
			<key>Genre</key><string>Music</string>
			<key>Kind</key><string>Apple Music AAC audio file</string>
			<key>Size</key><integer>2233193</integer>
			<key>Total Time</key><integer>50520</integer>
			<key>Disc Number</key><integer>1</integer>
			<key>Disc Count</key><integer>1</integer>
			<key>Track Number</key><integer>19</integer>
			<key>Track Count</key><integer>22</integer>
			<key>Year</key><integer>2004</integer>
			<key>Date Modified</key><date>2025-02-01T08:24:37Z</date>
			<key>Date Added</key><date>2025-02-01T08:24:37Z</date>
			<key>Bit Rate</key><integer>256</integer>
			<key>Sample Rate</key><integer>44100</integer>
			<key>Play Count</key><integer>2</integer>
			<key>Play Date</key><integer>3827055527</integer>
			<key>Play Date UTC</key><date>2025-04-09T20:58:47Z</date>
			<key>Release Date</key><date>2004-03-23T08:00:00Z</date>
			<key>Loved</key><true/>
			<key>Artwork Count</key><integer>1</integer>
			<key>Sort Album</key><string>Madvillainy</string>
			<key>Sort Artist</key><string>Madvillain</string>
			<key>Sort Name</key><string>Supervillain Theme (Instrumental)</string>
			<key>Persistent ID</key><string>FFE76F5D7F9FD8B6</string>
			<key>Track Type</key><string>Remote</string>
			<key>Apple Music</key><true/>
		</dict>
		<key>15369</key>
		<dict>
			<key>Track ID</key><integer>15369</integer>
			<key>Name</key><string>Hello, Hi</string>
			<key>Artist</key><string>Little Simz</string>
			<key>Album Artist</key><string>Little Simz</string>
			<key>Composer</key><string>Simbiatu Ajikawo, Shayan Vessal &#38; Pavlos Rigas</string>
			<key>Album</key><string>Hello, Hi - Single</string>
			<key>Genre</key><string>Music</string>
			<key>Kind</key><string>Apple Music AAC audio file</string>
			<key>Size</key><integer>5071369</integer>
			<key>Total Time</key><integer>135997</integer>
			<key>Disc Number</key><integer>1</integer>
			<key>Disc Count</key><integer>1</integer>
			<key>Track Number</key><integer>1</integer>
			<key>Track Count</key><integer>1</integer>
			<key>Year</key><integer>2024</integer>
			<key>Date Modified</key><date>2025-02-14T05:39:12Z</date>
			<key>Date Added</key><date>2025-02-14T05:39:12Z</date>
			<key>Bit Rate</key><integer>256</integer>
			<key>Sample Rate</key><integer>44100</integer>
			<key>Play Count</key><integer>4</integer>
			<key>Play Date</key><integer>3822489557</integer>
			<key>Play Date UTC</key><date>2025-02-16T01:39:17Z</date>
			<key>Release Date</key><date>2024-12-30T12:00:00Z</date>
			<key>Loved</key><true/>
			<key>Artwork Count</key><integer>1</integer>
			<key>Sort Album</key><string>Hello, Hi - Single</string>
			<key>Sort Artist</key><string>Little Simz</string>
			<key>Sort Name</key><string>Hello, Hi</string>
			<key>Persistent ID</key><string>CBF410F045577238</string>
			<key>Explicit</key><true/>
			<key>Track Type</key><string>Remote</string>
			<key>Apple Music</key><true/>
		</dict>
		<key>15371</key>
		<dict>
			<key>Track ID</key><integer>15371</integer>
			<key>Name</key><string>Everything Is Peaceful Love</string>
			<key>Artist</key><string>Bon Iver</string>
			<key>Album Artist</key><string>Bon Iver</string>
			<key>Composer</key><string>Justin Vernon, Brandon Burton &#38; James Stack</string>
			<key>Album</key><string>SABLE, fABLE</string>
			<key>Genre</key><string>Music</string>
			<key>Kind</key><string>Apple Music AAC audio file</string>
			<key>Size</key><integer>7604593</integer>
			<key>Total Time</key><integer>210055</integer>
			<key>Disc Number</key><integer>2</integer>
			<key>Disc Count</key><integer>2</integer>
			<key>Track Number</key><integer>2</integer>
			<key>Track Count</key><integer>9</integer>
			<key>Year</key><integer>2025</integer>
			<key>Date Modified</key><date>2025-02-19T03:13:59Z</date>
			<key>Date Added</key><date>2025-02-19T03:13:59Z</date>
			<key>Bit Rate</key><integer>256</integer>
			<key>Sample Rate</key><integer>44100</integer>
			<key>Play Count</key><integer>29</integer>
			<key>Play Date</key><integer>3832838604</integer>
			<key>Play Date UTC</key><date>2025-06-15T19:23:24Z</date>
			<key>Skip Count</key><integer>4</integer>
			<key>Skip Date</key><date>2025-07-07T14:40:47Z</date>
			<key>Release Date</key><date>2025-02-14T08:00:00Z</date>
			<key>Loved</key><true/>
			<key>Artwork Count</key><integer>1</integer>
			<key>Sort Album</key><string>SABLE, fABLE</string>
			<key>Sort Artist</key><string>Bon Iver</string>
			<key>Sort Name</key><string>Everything Is Peaceful Love</string>
			<key>Persistent ID</key><string>441D26C192545561</string>
			<key>Track Type</key><string>Remote</string>
			<key>Apple Music</key><true/>
		</dict>
		<key>15375</key>
		<dict>
			<key>Track ID</key><integer>15375</integer>
			<key>Name</key><string>Walk Home</string>
			<key>Artist</key><string>Bon Iver</string>
			<key>Album Artist</key><string>Bon Iver</string>
			<key>Composer</key><string>Justin Vernon, Eli Teplin, James Stack &#38; Michael Lewis</string>
			<key>Album</key><string>SABLE, fABLE</string>
			<key>Genre</key><string>Music</string>
			<key>Kind</key><string>AAC audio file</string>
			<key>Size</key><integer>7989943</integer>
			<key>Total Time</key><integer>226050</integer>
			<key>Disc Number</key><integer>2</integer>
			<key>Disc Count</key><integer>2</integer>
			<key>Track Number</key><integer>3</integer>
			<key>Track Count</key><integer>9</integer>
			<key>Year</key><integer>2025</integer>
			<key>Date Modified</key><date>2025-02-19T03:14:34Z</date>
			<key>Date Added</key><date>2025-03-14T04:11:42Z</date>
			<key>Bit Rate</key><integer>256</integer>
			<key>Sample Rate</key><integer>44100</integer>
			<key>Play Count</key><integer>6</integer>
			<key>Play Date</key><integer>3830349735</integer>
			<key>Play Date UTC</key><date>2025-05-18T00:02:15Z</date>
			<key>Release Date</key><date>2025-03-14T07:00:00Z</date>
			<key>Loved</key><true/>
			<key>Artwork Count</key><integer>1</integer>
			<key>Sort Album</key><string>SABLE, fABLE</string>
			<key>Sort Artist</key><string>Bon Iver</string>
			<key>Sort Name</key><string>Walk Home</string>
			<key>Persistent ID</key><string>D57B1126FB805433</string>
			<key>Track Type</key><string>Remote</string>
			<key>Apple Music</key><true/>
		</dict>
		<key>15383</key>
		<dict>
			<key>Track ID</key><integer>15383</integer>
			<key>Name</key><string>If Only I Could Wait (feat. Danielle Haim)</string>
			<key>Artist</key><string>Bon Iver</string>
			<key>Album Artist</key><string>Bon Iver</string>
			<key>Composer</key><string>Justin Vernon, James Stack &#38; Danielle Haim</string>
			<key>Album</key><string>SABLE, fABLE</string>
			<key>Genre</key><string>Music</string>
			<key>Kind</key><string>AAC audio file</string>
			<key>Size</key><integer>7174391</integer>
			<key>Total Time</key><integer>202004</integer>
			<key>Disc Number</key><integer>2</integer>
			<key>Disc Count</key><integer>2</integer>
			<key>Track Number</key><integer>7</integer>
			<key>Track Count</key><integer>9</integer>
			<key>Year</key><integer>2025</integer>
			<key>Date Modified</key><date>2025-02-19T03:14:34Z</date>
			<key>Date Added</key><date>2025-03-14T04:08:35Z</date>
			<key>Bit Rate</key><integer>256</integer>
			<key>Sample Rate</key><integer>44100</integer>
			<key>Play Count</key><integer>3</integer>
			<key>Play Date</key><integer>3827215195</integer>
			<key>Play Date UTC</key><date>2025-04-11T17:19:55Z</date>
			<key>Skip Count</key><integer>1</integer>
			<key>Skip Date</key><date>2025-03-14T22:21:43Z</date>
			<key>Release Date</key><date>2025-03-14T07:00:00Z</date>
			<key>Loved</key><true/>
			<key>Artwork Count</key><integer>1</integer>
			<key>Sort Album</key><string>SABLE, fABLE</string>
			<key>Sort Artist</key><string>Bon Iver</string>
			<key>Sort Name</key><string>If Only I Could Wait (feat. Danielle Haim)</string>
			<key>Persistent ID</key><string>68425C0078EFEFCF</string>
			<key>Track Type</key><string>Remote</string>
			<key>Apple Music</key><true/>
		</dict>
		<key>15391</key>
		<dict>
			<key>Track ID</key><integer>15391</integer>
			<key>Name</key><string>Space Cowboy</string>
			<key>Artist</key><string>Jamiroquai</string>
			<key>Album Artist</key><string>Jamiroquai</string>
			<key>Composer</key><string>Jason Kay</string>
			<key>Album</key><string>The Return of the Space Cowboy</string>
			<key>Genre</key><string>Music</string>
			<key>Kind</key><string>Apple Music AAC audio file</string>
			<key>Size</key><integer>14733769</integer>
			<key>Total Time</key><integer>386973</integer>
			<key>Disc Number</key><integer>1</integer>
			<key>Disc Count</key><integer>2</integer>
			<key>Track Number</key><integer>11</integer>
			<key>Track Count</key><integer>11</integer>
			<key>Year</key><integer>1994</integer>
			<key>Date Modified</key><date>2025-02-21T07:23:41Z</date>
			<key>Date Added</key><date>2025-02-21T07:23:41Z</date>
			<key>Bit Rate</key><integer>256</integer>
			<key>Sample Rate</key><integer>44100</integer>
			<key>Play Count</key><integer>25</integer>
			<key>Play Date</key><integer>3834983301</integer>
			<key>Play Date UTC</key><date>2025-07-10T15:08:21Z</date>
			<key>Skip Count</key><integer>2</integer>
			<key>Skip Date</key><date>2025-07-07T14:40:52Z</date>
			<key>Release Date</key><date>1994-09-26T12:00:00Z</date>
			<key>Loved</key><true/>
			<key>Artwork Count</key><integer>1</integer>
			<key>Sort Album</key><string>Return of the Space Cowboy (Remastered)</string>
			<key>Sort Artist</key><string>Jamiroquai</string>
			<key>Sort Name</key><string>Space Cowboy</string>
			<key>Persistent ID</key><string>ED4EC530C19E8945</string>
			<key>Track Type</key><string>Remote</string>
			<key>Apple Music</key><true/>
		</dict>
		<key>15395</key>
		<dict>
			<key>Track ID</key><integer>15395</integer>
			<key>Name</key><string>Staring at the Sun</string>
			<key>Artist</key><string>TV on the Radio</string>
			<key>Album Artist</key><string>TV on the Radio</string>
			<key>Album</key><string>Desperate Youth, Blood Thirsty Babes</string>
			<key>Genre</key><string>Music</string>
			<key>Kind</key><string>Apple Music AAC audio file</string>
			<key>Size</key><integer>7510948</integer>
			<key>Total Time</key><integer>206987</integer>
			<key>Disc Number</key><integer>1</integer>
			<key>Disc Count</key><integer>1</integer>
			<key>Track Number</key><integer>2</integer>
			<key>Track Count</key><integer>11</integer>
			<key>Year</key><integer>2004</integer>
			<key>Date Modified</key><date>2025-03-05T06:37:32Z</date>
			<key>Date Added</key><date>2025-03-05T06:37:32Z</date>
			<key>Bit Rate</key><integer>256</integer>
			<key>Sample Rate</key><integer>44100</integer>
			<key>Play Count</key><integer>29</integer>
			<key>Play Date</key><integer>3832842204</integer>
			<key>Play Date UTC</key><date>2025-06-15T20:23:24Z</date>
			<key>Skip Count</key><integer>1</integer>
			<key>Skip Date</key><date>2025-07-07T23:05:02Z</date>
			<key>Release Date</key><date>2004-03-09T12:00:00Z</date>
			<key>Loved</key><true/>
			<key>Artwork Count</key><integer>1</integer>
			<key>Sort Album</key><string>Desperate Youth, Blood Thirsty Babes</string>
			<key>Sort Artist</key><string>TV on the Radio</string>
			<key>Sort Name</key><string>Staring at the Sun</string>
			<key>Persistent ID</key><string>0DD210E56B686E80</string>
			<key>Track Type</key><string>Remote</string>
			<key>Apple Music</key><true/>
		</dict>
		<key>15449</key>
		<dict>
			<key>Track ID</key><integer>15449</integer>
			<key>Name</key><string>D&#62;E&#62;A&#62;T&#62;H&#62;M&#62;E&#62;T&#62;A&#62;L</string>
			<key>Artist</key><string>Panchiko</string>
			<key>Album Artist</key><string>Panchiko</string>
			<key>Composer</key><string>Panchiko</string>
			<key>Album</key><string>D&#62;E&#62;A&#62;T&#62;H&#62;M&#62;E&#62;T&#62;A&#62;L</string>
			<key>Genre</key><string>Music</string>
			<key>Kind</key><string>Apple Music AAC audio file</string>
			<key>Size</key><integer>9334919</integer>
			<key>Total Time</key><integer>261850</integer>
			<key>Disc Number</key><integer>1</integer>
			<key>Disc Count</key><integer>1</integer>
			<key>Track Number</key><integer>1</integer>
			<key>Track Count</key><integer>11</integer>
			<key>Year</key><integer>2000</integer>
			<key>Date Modified</key><date>2025-03-08T03:00:32Z</date>
			<key>Date Added</key><date>2025-03-08T03:00:32Z</date>
			<key>Bit Rate</key><integer>256</integer>
			<key>Sample Rate</key><integer>44100</integer>
			<key>Part Of Gapless Album</key><true/>
			<key>Play Count</key><integer>18</integer>
			<key>Play Date</key><integer>3832818633</integer>
			<key>Play Date UTC</key><date>2025-06-15T13:50:33Z</date>
			<key>Skip Count</key><integer>2</integer>
			<key>Skip Date</key><date>2025-06-04T15:28:15Z</date>
			<key>Release Date</key><date>2000-12-05T12:00:00Z</date>
			<key>Loved</key><true/>
			<key>Artwork Count</key><integer>1</integer>
			<key>Sort Album</key><string>D&#62;E&#62;A&#62;T&#62;H&#62;M&#62;E&#62;T&#62;A&#62;L</string>
			<key>Sort Artist</key><string>Panchiko</string>
			<key>Sort Name</key><string>D&#62;E&#62;A&#62;T&#62;H&#62;M&#62;E&#62;T&#62;A&#62;L</string>
			<key>Persistent ID</key><string>EA53AA545C87E066</string>
			<key>Track Type</key><string>Remote</string>
			<key>Apple Music</key><true/>
		</dict>
		<key>15451</key>
		<dict>
			<key>Track ID</key><integer>15451</integer>
			<key>Name</key><string>Stabilisers For Big Boys</string>
			<key>Artist</key><string>Panchiko</string>
			<key>Album Artist</key><string>Panchiko</string>
			<key>Composer</key><string>Panchiko</string>
			<key>Album</key><string>D&#62;E&#62;A&#62;T&#62;H&#62;M&#62;E&#62;T&#62;A&#62;L</string>
			<key>Genre</key><string>Music</string>
			<key>Kind</key><string>Apple Music AAC audio file</string>
			<key>Size</key><integer>9004928</integer>
			<key>Total Time</key><integer>252401</integer>
			<key>Disc Number</key><integer>1</integer>
			<key>Disc Count</key><integer>1</integer>
			<key>Track Number</key><integer>2</integer>
			<key>Track Count</key><integer>11</integer>
			<key>Year</key><integer>2000</integer>
			<key>Date Modified</key><date>2025-03-08T03:00:32Z</date>
			<key>Date Added</key><date>2025-03-08T03:00:32Z</date>
			<key>Bit Rate</key><integer>256</integer>
			<key>Sample Rate</key><integer>44100</integer>
			<key>Part Of Gapless Album</key><true/>
			<key>Play Count</key><integer>15</integer>
			<key>Play Date</key><integer>3832855155</integer>
			<key>Play Date UTC</key><date>2025-06-15T23:59:15Z</date>
			<key>Skip Count</key><integer>1</integer>
			<key>Skip Date</key><date>2025-06-04T15:28:18Z</date>
			<key>Release Date</key><date>2000-12-05T12:00:00Z</date>
			<key>Loved</key><true/>
			<key>Artwork Count</key><integer>1</integer>
			<key>Sort Album</key><string>D&#62;E&#62;A&#62;T&#62;H&#62;M&#62;E&#62;T&#62;A&#62;L</string>
			<key>Sort Artist</key><string>Panchiko</string>
			<key>Sort Name</key><string>Stabilisers For Big Boys</string>
			<key>Persistent ID</key><string>99F1B016C35E1BF6</string>
			<key>Track Type</key><string>Remote</string>
			<key>Apple Music</key><true/>
		</dict>
		<key>15455</key>
		<dict>
			<key>Track ID</key><integer>15455</integer>
			<key>Name</key><string>The Eyes of Ibad</string>
			<key>Artist</key><string>Panchiko</string>
			<key>Album Artist</key><string>Panchiko</string>
			<key>Composer</key><string>Panchiko</string>
			<key>Album</key><string>D&#62;E&#62;A&#62;T&#62;H&#62;M&#62;E&#62;T&#62;A&#62;L</string>
			<key>Genre</key><string>Music</string>
			<key>Kind</key><string>Apple Music AAC audio file</string>
			<key>Size</key><integer>14739030</integer>
			<key>Total Time</key><integer>417572</integer>
			<key>Disc Number</key><integer>1</integer>
			<key>Disc Count</key><integer>1</integer>
			<key>Track Number</key><integer>4</integer>
			<key>Track Count</key><integer>11</integer>
			<key>Year</key><integer>2000</integer>
			<key>Date Modified</key><date>2025-03-08T03:00:32Z</date>
			<key>Date Added</key><date>2025-03-08T03:00:32Z</date>
			<key>Bit Rate</key><integer>256</integer>
			<key>Sample Rate</key><integer>44100</integer>
			<key>Part Of Gapless Album</key><true/>
			<key>Play Count</key><integer>12</integer>
			<key>Play Date</key><integer>3832836385</integer>
			<key>Play Date UTC</key><date>2025-06-15T18:46:25Z</date>
			<key>Skip Count</key><integer>1</integer>
			<key>Skip Date</key><date>2025-06-04T15:28:25Z</date>
			<key>Release Date</key><date>2000-12-05T12:00:00Z</date>
			<key>Loved</key><true/>
			<key>Artwork Count</key><integer>1</integer>
			<key>Sort Album</key><string>D&#62;E&#62;A&#62;T&#62;H&#62;M&#62;E&#62;T&#62;A&#62;L</string>
			<key>Sort Artist</key><string>Panchiko</string>
			<key>Sort Name</key><string>Eyes of Ibad</string>
			<key>Persistent ID</key><string>5D376489947667ED</string>
			<key>Track Type</key><string>Remote</string>
			<key>Apple Music</key><true/>
		</dict>
		<key>15457</key>
		<dict>
			<key>Track ID</key><integer>15457</integer>
			<key>Name</key><string>Cut</string>
			<key>Artist</key><string>Panchiko</string>
			<key>Album Artist</key><string>Panchiko</string>
			<key>Composer</key><string>Panchiko</string>
			<key>Album</key><string>D&#62;E&#62;A&#62;T&#62;H&#62;M&#62;E&#62;T&#62;A&#62;L</string>
			<key>Genre</key><string>Music</string>
			<key>Kind</key><string>Apple Music AAC audio file</string>
			<key>Size</key><integer>10601236</integer>
			<key>Total Time</key><integer>293038</integer>
			<key>Disc Number</key><integer>1</integer>
			<key>Disc Count</key><integer>1</integer>
			<key>Track Number</key><integer>5</integer>
			<key>Track Count</key><integer>11</integer>
			<key>Year</key><integer>2000</integer>
			<key>Date Modified</key><date>2025-03-08T03:00:32Z</date>
			<key>Date Added</key><date>2025-03-08T03:00:32Z</date>
			<key>Bit Rate</key><integer>256</integer>
			<key>Sample Rate</key><integer>44100</integer>
			<key>Part Of Gapless Album</key><true/>
			<key>Play Count</key><integer>18</integer>
			<key>Play Date</key><integer>3832851541</integer>
			<key>Play Date UTC</key><date>2025-06-15T22:59:01Z</date>
			<key>Skip Count</key><integer>1</integer>
			<key>Skip Date</key><date>2025-06-04T15:28:28Z</date>
			<key>Release Date</key><date>2000-12-05T12:00:00Z</date>
			<key>Loved</key><true/>
			<key>Artwork Count</key><integer>1</integer>
			<key>Sort Album</key><string>D&#62;E&#62;A&#62;T&#62;H&#62;M&#62;E&#62;T&#62;A&#62;L</string>
			<key>Sort Artist</key><string>Panchiko</string>
			<key>Sort Name</key><string>Cut</string>
			<key>Persistent ID</key><string>892DC118B8875815</string>
			<key>Track Type</key><string>Remote</string>
			<key>Apple Music</key><true/>
		</dict>
		<key>15459</key>
		<dict>
			<key>Track ID</key><integer>15459</integer>
			<key>Name</key><string>Sodium Chloride</string>
			<key>Artist</key><string>Panchiko</string>
			<key>Album Artist</key><string>Panchiko</string>
			<key>Composer</key><string>Panchiko</string>
			<key>Album</key><string>D&#62;E&#62;A&#62;T&#62;H&#62;M&#62;E&#62;T&#62;A&#62;L</string>
			<key>Genre</key><string>Music</string>
			<key>Kind</key><string>Apple Music AAC audio file</string>
			<key>Size</key><integer>6079612</integer>
			<key>Total Time</key><integer>163749</integer>
			<key>Disc Number</key><integer>1</integer>
			<key>Disc Count</key><integer>1</integer>
			<key>Track Number</key><integer>6</integer>
			<key>Track Count</key><integer>11</integer>
			<key>Year</key><integer>2000</integer>
			<key>Date Modified</key><date>2025-03-08T03:00:32Z</date>
			<key>Date Added</key><date>2025-03-08T03:00:32Z</date>
			<key>Bit Rate</key><integer>256</integer>
			<key>Sample Rate</key><integer>44100</integer>
			<key>Part Of Gapless Album</key><true/>
			<key>Play Count</key><integer>19</integer>
			<key>Play Date</key><integer>3832850411</integer>
			<key>Play Date UTC</key><date>2025-06-15T22:40:11Z</date>
			<key>Skip Count</key><integer>2</integer>
			<key>Skip Date</key><date>2025-05-09T00:02:13Z</date>
			<key>Release Date</key><date>2000-12-05T12:00:00Z</date>
			<key>Loved</key><true/>
			<key>Artwork Count</key><integer>1</integer>
			<key>Sort Album</key><string>D&#62;E&#62;A&#62;T&#62;H&#62;M&#62;E&#62;T&#62;A&#62;L</string>
			<key>Sort Artist</key><string>Panchiko</string>
			<key>Sort Name</key><string>Sodium Chloride</string>
			<key>Persistent ID</key><string>121B0C6E2562FE54</string>
			<key>Track Type</key><string>Remote</string>
			<key>Apple Music</key><true/>
		</dict>
		<key>15467</key>
		<dict>
			<key>Track ID</key><integer>15467</integer>
			<key>Name</key><string>Secrets (Your Fire)</string>
			<key>Artist</key><string>Magdalena Bay</string>
			<key>Album Artist</key><string>Magdalena Bay</string>
			<key>Composer</key><string>Matthew Lewin &#38; Mica Tenenbaum</string>
			<key>Album</key><string>Mercurial World</string>
			<key>Genre</key><string>Music</string>
			<key>Kind</key><string>Apple Music AAC audio file</string>
			<key>Size</key><integer>8832371</integer>
			<key>Total Time</key><integer>245897</integer>
			<key>Disc Number</key><integer>1</integer>
			<key>Disc Count</key><integer>1</integer>
			<key>Track Number</key><integer>4</integer>
			<key>Track Count</key><integer>14</integer>
			<key>Year</key><integer>2021</integer>
			<key>Date Modified</key><date>2025-03-10T19:42:10Z</date>
			<key>Date Added</key><date>2025-03-10T19:42:10Z</date>
			<key>Bit Rate</key><integer>256</integer>
			<key>Sample Rate</key><integer>44100</integer>
			<key>Play Count</key><integer>12</integer>
			<key>Play Date</key><integer>3834982179</integer>
			<key>Play Date UTC</key><date>2025-07-10T14:49:39Z</date>
			<key>Release Date</key><date>2021-08-11T12:00:00Z</date>
			<key>Loved</key><true/>
			<key>Artwork Count</key><integer>1</integer>
			<key>Sort Album</key><string>Mercurial World</string>
			<key>Sort Artist</key><string>Magdalena Bay</string>
			<key>Sort Name</key><string>Secrets (Your Fire)</string>
			<key>Persistent ID</key><string>AD0030458DCB4C5E</string>
			<key>Track Type</key><string>Remote</string>
			<key>Apple Music</key><true/>
		</dict>
		<key>15469</key>
		<dict>
			<key>Track ID</key><integer>15469</integer>
			<key>Name</key><string>Prophecy</string>
			<key>Artist</key><string>Magdalena Bay</string>
			<key>Album Artist</key><string>Magdalena Bay</string>
			<key>Composer</key><string>Matthew Lewin &#38; Mica Tenenbaum</string>
			<key>Album</key><string>Mercurial World</string>
			<key>Genre</key><string>Music</string>
			<key>Kind</key><string>Apple Music AAC audio file</string>
			<key>Size</key><integer>7786842</integer>
			<key>Total Time</key><integer>214957</integer>
			<key>Disc Number</key><integer>1</integer>
			<key>Disc Count</key><integer>1</integer>
			<key>Track Number</key><integer>10</integer>
			<key>Track Count</key><integer>14</integer>
			<key>Year</key><integer>2021</integer>
			<key>Date Modified</key><date>2025-03-10T19:42:10Z</date>
			<key>Date Added</key><date>2025-03-10T19:42:10Z</date>
			<key>Bit Rate</key><integer>256</integer>
			<key>Sample Rate</key><integer>44100</integer>
			<key>Play Count</key><integer>12</integer>
			<key>Play Date</key><integer>3832841722</integer>
			<key>Play Date UTC</key><date>2025-06-15T20:15:22Z</date>
			<key>Release Date</key><date>2021-10-08T12:00:00Z</date>
			<key>Loved</key><true/>
			<key>Artwork Count</key><integer>1</integer>
			<key>Sort Album</key><string>Mercurial World</string>
			<key>Sort Artist</key><string>Magdalena Bay</string>
			<key>Sort Name</key><string>Prophecy</string>
			<key>Persistent ID</key><string>8887769A7D20A952</string>
			<key>Track Type</key><string>Remote</string>
			<key>Apple Music</key><true/>
		</dict>
		<key>15479</key>
		<dict>
			<key>Track ID</key><integer>15479</integer>
			<key>Name</key><string>Chaeri</string>
			<key>Artist</key><string>Magdalena Bay</string>
			<key>Album Artist</key><string>Magdalena Bay</string>
			<key>Composer</key><string>Matthew Lewin &#38; Mica Tenenbaum</string>
			<key>Album</key><string>Mercurial World</string>
			<key>Genre</key><string>Music</string>
			<key>Kind</key><string>Apple Music AAC audio file</string>
			<key>Size</key><integer>9209654</integer>
			<key>Total Time</key><integer>257130</integer>
			<key>Disc Number</key><integer>1</integer>
			<key>Disc Count</key><integer>1</integer>
			<key>Track Number</key><integer>7</integer>
			<key>Track Count</key><integer>14</integer>
			<key>Year</key><integer>2021</integer>
			<key>Date Modified</key><date>2025-03-10T19:42:10Z</date>
			<key>Date Added</key><date>2025-03-10T19:42:10Z</date>
			<key>Bit Rate</key><integer>256</integer>
			<key>Sample Rate</key><integer>44100</integer>
			<key>Play Count</key><integer>12</integer>
			<key>Play Date</key><integer>3832841354</integer>
			<key>Play Date UTC</key><date>2025-06-15T20:09:14Z</date>
			<key>Release Date</key><date>2021-06-30T07:00:00Z</date>
			<key>Loved</key><true/>
			<key>Artwork Count</key><integer>1</integer>
			<key>Sort Album</key><string>Mercurial World</string>
			<key>Sort Artist</key><string>Magdalena Bay</string>
			<key>Sort Name</key><string>Chaeri</string>
			<key>Persistent ID</key><string>35535CAC81423183</string>
			<key>Track Type</key><string>Remote</string>
			<key>Apple Music</key><true/>
		</dict>
		<key>15481</key>
		<dict>
			<key>Track ID</key><integer>15481</integer>
			<key>Name</key><string>You Lose!</string>
			<key>Artist</key><string>Magdalena Bay</string>
			<key>Album Artist</key><string>Magdalena Bay</string>
			<key>Composer</key><string>Matthew Lewin &#38; Mica Tenenbaum</string>
			<key>Album</key><string>Mercurial World</string>
			<key>Genre</key><string>Music</string>
			<key>Kind</key><string>Apple Music AAC audio file</string>
			<key>Size</key><integer>7724219</integer>
			<key>Total Time</key><integer>204391</integer>
			<key>Disc Number</key><integer>1</integer>
			<key>Disc Count</key><integer>1</integer>
			<key>Track Number</key><integer>5</integer>
			<key>Track Count</key><integer>14</integer>
			<key>Year</key><integer>2021</integer>
			<key>Date Modified</key><date>2025-03-10T19:42:10Z</date>
			<key>Date Added</key><date>2025-03-10T19:42:10Z</date>
			<key>Bit Rate</key><integer>256</integer>
			<key>Sample Rate</key><integer>44100</integer>
			<key>Play Count</key><integer>11</integer>
			<key>Play Date</key><integer>3832838195</integer>
			<key>Play Date UTC</key><date>2025-06-15T19:16:35Z</date>
			<key>Skip Count</key><integer>1</integer>
			<key>Skip Date</key><date>2025-05-08T23:58:31Z</date>
			<key>Release Date</key><date>2021-09-15T12:00:00Z</date>
			<key>Loved</key><true/>
			<key>Artwork Count</key><integer>1</integer>
			<key>Sort Album</key><string>Mercurial World</string>
			<key>Sort Artist</key><string>Magdalena Bay</string>
			<key>Sort Name</key><string>You Lose!</string>
			<key>Persistent ID</key><string>FAA50F9858FF7D09</string>
			<key>Track Type</key><string>Remote</string>
			<key>Apple Music</key><true/>
		</dict>
		<key>15491</key>
		<dict>
			<key>Track ID</key><integer>15491</integer>
			<key>Name</key><string>Hard Times</string>
			<key>Artist</key><string>Paramore</string>
			<key>Album Artist</key><string>Paramore</string>
			<key>Composer</key><string>Hayley Williams &#38; Taylor York</string>
			<key>Album</key><string>After Laughter</string>
			<key>Genre</key><string>Music</string>
			<key>Kind</key><string>Apple Music AAC audio file</string>
			<key>Size</key><integer>7033437</integer>
			<key>Total Time</key><integer>182695</integer>
			<key>Disc Number</key><integer>1</integer>
			<key>Disc Count</key><integer>1</integer>
			<key>Track Number</key><integer>1</integer>
			<key>Track Count</key><integer>12</integer>
			<key>Year</key><integer>2017</integer>
			<key>Date Modified</key><date>2025-03-14T22:17:46Z</date>
			<key>Date Added</key><date>2025-03-14T22:17:46Z</date>
			<key>Bit Rate</key><integer>256</integer>
			<key>Sample Rate</key><integer>44100</integer>
			<key>Play Count</key><integer>24</integer>
			<key>Play Date</key><integer>3834738271</integer>
			<key>Play Date UTC</key><date>2025-07-07T19:04:31Z</date>
			<key>Skip Count</key><integer>2</integer>
			<key>Skip Date</key><date>2025-04-08T17:26:49Z</date>
			<key>Release Date</key><date>2017-04-19T07:00:00Z</date>
			<key>Loved</key><true/>
			<key>Artwork Count</key><integer>1</integer>
			<key>Sort Album</key><string>After Laughter</string>
			<key>Sort Artist</key><string>Paramore</string>
			<key>Sort Name</key><string>Hard Times</string>
			<key>Persistent ID</key><string>5655102A9A73EDD9</string>
			<key>Track Type</key><string>Remote</string>
			<key>Apple Music</key><true/>
		</dict>
		<key>15525</key>
		<dict>
			<key>Track ID</key><integer>15525</integer>
			<key>Name</key><string>BALD!</string>
			<key>Artist</key><string>JPEGMAFIA</string>
			<key>Album Artist</key><string>JPEGMAFIA</string>
			<key>Composer</key><string>JPEGMAFIA</string>
			<key>Album</key><string>LP!</string>
			<key>Genre</key><string>Music</string>
			<key>Kind</key><string>Apple Music AAC audio file</string>
			<key>Size</key><integer>5860814</integer>
			<key>Total Time</key><integer>152588</integer>
			<key>Disc Number</key><integer>1</integer>
			<key>Disc Count</key><integer>1</integer>
			<key>Track Number</key><integer>17</integer>
			<key>Track Count</key><integer>18</integer>
			<key>Year</key><integer>2021</integer>
			<key>Date Modified</key><date>2025-03-18T05:20:15Z</date>
			<key>Date Added</key><date>2025-03-18T05:20:15Z</date>
			<key>Bit Rate</key><integer>256</integer>
			<key>Sample Rate</key><integer>44100</integer>
			<key>Play Count</key><integer>9</integer>
			<key>Play Date</key><integer>3825862159</integer>
			<key>Play Date UTC</key><date>2025-03-27T01:29:19Z</date>
			<key>Skip Count</key><integer>1</integer>
			<key>Skip Date</key><date>2025-05-19T20:38:12Z</date>
			<key>Release Date</key><date>2021-10-22T12:00:00Z</date>
			<key>Loved</key><true/>
			<key>Artwork Count</key><integer>1</integer>
			<key>Sort Album</key><string>LP!</string>
			<key>Sort Artist</key><string>JPEGMAFIA</string>
			<key>Sort Name</key><string>BALD!</string>
			<key>Persistent ID</key><string>834FE48231B74B67</string>
			<key>Explicit</key><true/>
			<key>Track Type</key><string>Remote</string>
			<key>Apple Music</key><true/>
		</dict>
		<key>15527</key>
		<dict>
			<key>Track ID</key><integer>15527</integer>
			<key>Name</key><string>BALD! REMIX</string>
			<key>Artist</key><string>JPEGMAFIA &#38; Denzel Curry</string>
			<key>Album Artist</key><string>JPEGMAFIA</string>
			<key>Composer</key><string>JPEGMAFIA &#38; Denzel Curry</string>
			<key>Album</key><string>LP!</string>
			<key>Genre</key><string>Music</string>
			<key>Kind</key><string>Apple Music AAC audio file</string>
			<key>Size</key><integer>5725770</integer>
			<key>Total Time</key><integer>153127</integer>
			<key>Disc Number</key><integer>1</integer>
			<key>Disc Count</key><integer>1</integer>
			<key>Track Number</key><integer>18</integer>
			<key>Track Count</key><integer>18</integer>
			<key>Year</key><integer>2020</integer>
			<key>Date Modified</key><date>2025-03-18T05:20:15Z</date>
			<key>Date Added</key><date>2025-03-18T05:20:15Z</date>
			<key>Bit Rate</key><integer>256</integer>
			<key>Sample Rate</key><integer>44100</integer>
			<key>Play Count</key><integer>22</integer>
			<key>Play Date</key><integer>3835327527</integer>
			<key>Play Date UTC</key><date>2025-07-14T14:45:27Z</date>
			<key>Release Date</key><date>2020-05-05T12:00:00Z</date>
			<key>Loved</key><true/>
			<key>Artwork Count</key><integer>1</integer>
			<key>Sort Album</key><string>LP!</string>
			<key>Sort Artist</key><string>JPEGMAFIA &#38; Denzel Curry</string>
			<key>Sort Name</key><string>BALD! REMIX</string>
			<key>Persistent ID</key><string>53652D3B1D66D166</string>
			<key>Explicit</key><true/>
			<key>Track Type</key><string>Remote</string>
			<key>Apple Music</key><true/>
		</dict>
		<key>15599</key>
		<dict>
			<key>Track ID</key><integer>15599</integer>
			<key>Name</key><string>Ain't It Fun</string>
			<key>Artist</key><string>Paramore</string>
			<key>Album Artist</key><string>Paramore</string>
			<key>Composer</key><string>Hayley Williams &#38; Taylor York</string>
			<key>Album</key><string>Paramore</string>
			<key>Genre</key><string>Music</string>
			<key>Kind</key><string>Apple Music AAC audio file</string>
			<key>Size</key><integer>10389425</integer>
			<key>Total Time</key><integer>296508</integer>
			<key>Disc Number</key><integer>1</integer>
			<key>Disc Count</key><integer>1</integer>
			<key>Track Number</key><integer>6</integer>
			<key>Track Count</key><integer>17</integer>
			<key>Year</key><integer>2013</integer>
			<key>Date Modified</key><date>2025-03-23T04:25:00Z</date>
			<key>Date Added</key><date>2025-03-23T04:25:00Z</date>
			<key>Bit Rate</key><integer>256</integer>
			<key>Sample Rate</key><integer>44100</integer>
			<key>Play Count</key><integer>6</integer>
			<key>Play Date</key><integer>3830349107</integer>
			<key>Play Date UTC</key><date>2025-05-17T23:51:47Z</date>
			<key>Release Date</key><date>2013-04-05T07:00:00Z</date>
			<key>Loved</key><true/>
			<key>Artwork Count</key><integer>1</integer>
			<key>Sort Album</key><string>Paramore</string>
			<key>Sort Artist</key><string>Paramore</string>
			<key>Sort Name</key><string>Ain't It Fun</string>
			<key>Persistent ID</key><string>0738D5E5734894B9</string>
			<key>Track Type</key><string>Remote</string>
			<key>Apple Music</key><true/>
		</dict>
		<key>15619</key>
		<dict>
			<key>Track ID</key><integer>15619</integer>
			<key>Name</key><string>The Windmills of Your Mind</string>
			<key>Artist</key><string>Mel Tormé</string>
			<key>Album Artist</key><string>Mel Tormé</string>
			<key>Composer</key><string>Alan Bergman, Michel Legrand &#38; Marilyn Bergman</string>
			<key>Album</key><string>A Time for Us</string>
			<key>Genre</key><string>Music</string>
			<key>Kind</key><string>Apple Music AAC audio file</string>
			<key>Size</key><integer>9477240</integer>
			<key>Total Time</key><integer>238073</integer>
			<key>Disc Number</key><integer>1</integer>
			<key>Disc Count</key><integer>1</integer>
			<key>Track Number</key><integer>4</integer>
			<key>Track Count</key><integer>10</integer>
			<key>Year</key><integer>1969</integer>
			<key>Date Modified</key><date>2025-03-25T13:42:58Z</date>
			<key>Date Added</key><date>2025-03-25T13:42:58Z</date>
			<key>Bit Rate</key><integer>256</integer>
			<key>Sample Rate</key><integer>44100</integer>
			<key>Play Count</key><integer>16</integer>
			<key>Play Date</key><integer>3832837206</integer>
			<key>Play Date UTC</key><date>2025-06-15T19:00:06Z</date>
			<key>Skip Count</key><integer>2</integer>
			<key>Skip Date</key><date>2025-04-03T15:45:55Z</date>
			<key>Release Date</key><date>1969-01-01T12:00:00Z</date>
			<key>Loved</key><true/>
			<key>Artwork Count</key><integer>1</integer>
			<key>Sort Album</key><string>Time for Us</string>
			<key>Sort Artist</key><string>Mel Tormé</string>
			<key>Sort Name</key><string>Windmills of Your Mind</string>
			<key>Persistent ID</key><string>5EA8647A144E9EFA</string>
			<key>Track Type</key><string>Remote</string>
			<key>Apple Music</key><true/>
		</dict>
		<key>15623</key>
		<dict>
			<key>Track ID</key><integer>15623</integer>
			<key>Name</key><string>Pink Skies</string>
			<key>Artist</key><string>Zach Bryan</string>
			<key>Album Artist</key><string>Zach Bryan</string>
			<key>Composer</key><string>Zach Bryan</string>
			<key>Album</key><string>Pink Skies - Single</string>
			<key>Genre</key><string>Music</string>
			<key>Kind</key><string>Apple Music AAC audio file</string>
			<key>Size</key><integer>6947756</integer>
			<key>Total Time</key><integer>194920</integer>
			<key>Disc Number</key><integer>1</integer>
			<key>Disc Count</key><integer>1</integer>
			<key>Track Number</key><integer>1</integer>
			<key>Track Count</key><integer>1</integer>
			<key>Year</key><integer>2024</integer>
			<key>Date Modified</key><date>2025-03-29T03:02:11Z</date>
			<key>Date Added</key><date>2025-03-29T03:02:11Z</date>
			<key>Bit Rate</key><integer>256</integer>
			<key>Sample Rate</key><integer>44100</integer>
			<key>Play Count</key><integer>22</integer>
			<key>Play Date</key><integer>3832816935</integer>
			<key>Play Date UTC</key><date>2025-06-15T13:22:15Z</date>
			<key>Skip Count</key><integer>1</integer>
			<key>Skip Date</key><date>2025-04-08T17:27:07Z</date>
			<key>Release Date</key><date>2024-05-24T07:00:00Z</date>
			<key>Loved</key><true/>
			<key>Artwork Count</key><integer>1</integer>
			<key>Sort Album</key><string>Pink Skies - Single</string>
			<key>Sort Artist</key><string>Zach Bryan</string>
			<key>Sort Name</key><string>Pink Skies</string>
			<key>Persistent ID</key><string>0D62712ABD254462</string>
			<key>Track Type</key><string>Remote</string>
			<key>Apple Music</key><true/>
		</dict>
		<key>15625</key>
		<dict>
			<key>Track ID</key><integer>15625</integer>
			<key>Name</key><string>Bleed</string>
			<key>Artist</key><string>Malcolm Todd &#38; Omar Apollo</string>
			<key>Album Artist</key><string>Malcolm Todd</string>
			<key>Composer</key><string>Omar Apollo, Malcolm Hobert, Jonah Cochran &#38; Charlie Ziman</string>
			<key>Album</key><string>Malcolm Todd</string>
			<key>Genre</key><string>Music</string>
			<key>Kind</key><string>Apple Music AAC audio file</string>
			<key>Size</key><integer>6501969</integer>
			<key>Total Time</key><integer>179373</integer>
			<key>Disc Number</key><integer>1</integer>
			<key>Disc Count</key><integer>1</integer>
			<key>Track Number</key><integer>6</integer>
			<key>Track Count</key><integer>14</integer>
			<key>Year</key><integer>2025</integer>
			<key>Date Modified</key><date>2025-03-30T04:18:31Z</date>
			<key>Date Added</key><date>2025-03-30T04:18:31Z</date>
			<key>Bit Rate</key><integer>256</integer>
			<key>Sample Rate</key><integer>44100</integer>
			<key>Play Count</key><integer>11</integer>
			<key>Play Date</key><integer>3832849357</integer>
			<key>Play Date UTC</key><date>2025-06-15T22:22:37Z</date>
			<key>Skip Count</key><integer>1</integer>
			<key>Skip Date</key><date>2025-04-01T20:25:20Z</date>
			<key>Release Date</key><date>2025-02-28T12:00:00Z</date>
			<key>Loved</key><true/>
			<key>Artwork Count</key><integer>1</integer>
			<key>Sort Album</key><string>Malcolm Todd</string>
			<key>Sort Artist</key><string>Malcolm Todd &#38; Omar Apollo</string>
			<key>Sort Name</key><string>Bleed</string>
			<key>Persistent ID</key><string>4107DFE8DB348DB2</string>
			<key>Track Type</key><string>Remote</string>
			<key>Apple Music</key><true/>
		</dict>
		<key>15673</key>
		<dict>
			<key>Track ID</key><integer>15673</integer>
			<key>Name</key><string>Every Painting Has a Price (feat. Eryn Allen Kane &#38; BJ Chicago Kid)</string>
			<key>Artist</key><string>Saba &#38; No ID</string>
			<key>Album Artist</key><string>Saba &#38; No ID</string>
			<key>Composer</key><string>Tahj Malik Chandler, Byran James Sledge &#38; Ernest Wilson</string>
			<key>Album</key><string>From The Private Collection of Saba and No ID</string>
			<key>Genre</key><string>Music</string>
			<key>Kind</key><string>Apple Music AAC audio file</string>
			<key>Size</key><integer>7673045</integer>
			<key>Total Time</key><integer>213240</integer>
			<key>Disc Number</key><integer>1</integer>
			<key>Disc Count</key><integer>1</integer>
			<key>Track Number</key><integer>1</integer>
			<key>Track Count</key><integer>15</integer>
			<key>Year</key><integer>2025</integer>
			<key>Date Modified</key><date>2025-04-03T18:29:16Z</date>
			<key>Date Added</key><date>2025-04-03T18:29:16Z</date>
			<key>Bit Rate</key><integer>256</integer>
			<key>Sample Rate</key><integer>44100</integer>
			<key>Play Count</key><integer>15</integer>
			<key>Play Date</key><integer>3832844630</integer>
			<key>Play Date UTC</key><date>2025-06-15T21:03:50Z</date>
			<key>Release Date</key><date>2025-03-18T12:00:00Z</date>
			<key>Loved</key><true/>
			<key>Artwork Count</key><integer>1</integer>
			<key>Sort Album</key><string>From The Private Collection of Saba and No ID</string>
			<key>Sort Artist</key><string>Saba &#38; No ID</string>
			<key>Sort Name</key><string>Every Painting Has a Price (feat. Eryn Allen Kane &#38; BJ Chicago Kid)</string>
			<key>Persistent ID</key><string>62DDE25341C3216B</string>
			<key>Explicit</key><true/>
			<key>Track Type</key><string>Remote</string>
			<key>Apple Music</key><true/>
		</dict>
		<key>15681</key>
		<dict>
			<key>Track ID</key><integer>15681</integer>
			<key>Name</key><string>Conrad Tokyo</string>
			<key>Artist</key><string>A Tribe Called Quest</string>
			<key>Album Artist</key><string>A Tribe Called Quest</string>
			<key>Composer</key><string>Kamaal Fareed, Malik Izaak Taylor &#38; Kendrick Lamar Duckworth</string>
			<key>Album</key><string>We Got It from Here... Thank You 4 Your Service</string>
			<key>Genre</key><string>Music</string>
			<key>Kind</key><string>Apple Music AAC audio file</string>
			<key>Size</key><integer>7761928</integer>
			<key>Total Time</key><integer>211989</integer>
			<key>Disc Number</key><integer>2</integer>
			<key>Disc Count</key><integer>2</integer>
			<key>Track Number</key><integer>6</integer>
			<key>Track Count</key><integer>8</integer>
			<key>Year</key><integer>2016</integer>
			<key>Date Modified</key><date>2025-04-04T19:11:43Z</date>
			<key>Date Added</key><date>2025-04-04T19:11:43Z</date>
			<key>Bit Rate</key><integer>256</integer>
			<key>Sample Rate</key><integer>44100</integer>
			<key>Play Count</key><integer>14</integer>
			<key>Play Date</key><integer>3832844961</integer>
			<key>Play Date UTC</key><date>2025-06-15T21:09:21Z</date>
			<key>Release Date</key><date>2016-11-11T12:00:00Z</date>
			<key>Loved</key><true/>
			<key>Artwork Count</key><integer>1</integer>
			<key>Sort Album</key><string>We Got It from Here... Thank You 4 Your Service</string>
			<key>Sort Album Artist</key><string>Tribe Called Quest</string>
			<key>Sort Artist</key><string>Tribe Called Quest</string>
			<key>Sort Name</key><string>Conrad Tokyo</string>
			<key>Persistent ID</key><string>80A9DA4AC7FEA07A</string>
			<key>Explicit</key><true/>
			<key>Track Type</key><string>Remote</string>
			<key>Apple Music</key><true/>
		</dict>
		<key>15733</key>
		<dict>
			<key>Track ID</key><integer>15733</integer>
			<key>Name</key><string>Back to School (Mini Maggit)</string>
			<key>Artist</key><string>Deftones</string>
			<key>Album Artist</key><string>Deftones</string>
			<key>Composer</key><string>Abe Cunningham, Chi Cheng, Chino Moreno &#38; Stephen Carpenter</string>
			<key>Album</key><string>White Pony</string>
			<key>Genre</key><string>Music</string>
			<key>Kind</key><string>Apple Music AAC audio file</string>
			<key>Size</key><integer>8994102</integer>
			<key>Total Time</key><integer>237427</integer>
			<key>Disc Number</key><integer>1</integer>
			<key>Disc Count</key><integer>1</integer>
			<key>Track Number</key><integer>1</integer>
			<key>Track Count</key><integer>12</integer>
			<key>Year</key><integer>2000</integer>
			<key>Date Modified</key><date>2025-04-07T05:20:28Z</date>
			<key>Date Added</key><date>2025-04-07T05:20:28Z</date>
			<key>Bit Rate</key><integer>256</integer>
			<key>Sample Rate</key><integer>44100</integer>
			<key>Play Count</key><integer>16</integer>
			<key>Play Date</key><integer>3832849870</integer>
			<key>Play Date UTC</key><date>2025-06-15T22:31:10Z</date>
			<key>Release Date</key><date>2000-06-20T07:00:00Z</date>
			<key>Loved</key><true/>
			<key>Artwork Count</key><integer>1</integer>
			<key>Sort Album</key><string>White Pony</string>
			<key>Sort Artist</key><string>Deftones</string>
			<key>Sort Name</key><string>Back to School (Mini Maggit)</string>
			<key>Persistent ID</key><string>9663E56FDD0EC688</string>
			<key>Track Type</key><string>Remote</string>
			<key>Apple Music</key><true/>
		</dict>
		<key>15735</key>
		<dict>
			<key>Track ID</key><integer>15735</integer>
			<key>Name</key><string>Passenger</string>
			<key>Artist</key><string>Deftones</string>
			<key>Album Artist</key><string>Deftones</string>
			<key>Composer</key><string>Abe Cunningham, Chi Cheng, Chino Moreno, Frank Delgado, Maynard James Keenan &#38; Stephen Carpenter</string>
			<key>Album</key><string>White Pony</string>
			<key>Genre</key><string>Music</string>
			<key>Kind</key><string>Apple Music AAC audio file</string>
			<key>Size</key><integer>14040007</integer>
			<key>Total Time</key><integer>368733</integer>
			<key>Disc Number</key><integer>1</integer>
			<key>Disc Count</key><integer>1</integer>
			<key>Track Number</key><integer>10</integer>
			<key>Track Count</key><integer>12</integer>
			<key>Year</key><integer>2000</integer>
			<key>Date Modified</key><date>2025-04-07T05:20:28Z</date>
			<key>Date Added</key><date>2025-04-07T05:20:28Z</date>
			<key>Bit Rate</key><integer>256</integer>
			<key>Sample Rate</key><integer>44100</integer>
			<key>Play Count</key><integer>15</integer>
			<key>Play Date</key><integer>3832845329</integer>
			<key>Play Date UTC</key><date>2025-06-15T21:15:29Z</date>
			<key>Skip Count</key><integer>2</integer>
			<key>Skip Date</key><date>2025-06-06T20:53:57Z</date>
			<key>Release Date</key><date>2000-06-20T07:00:00Z</date>
			<key>Loved</key><true/>
			<key>Artwork Count</key><integer>1</integer>
			<key>Sort Album</key><string>White Pony</string>
			<key>Sort Artist</key><string>Deftones</string>
			<key>Sort Name</key><string>Passenger</string>
			<key>Persistent ID</key><string>02827327DFDA87B7</string>
			<key>Track Type</key><string>Remote</string>
			<key>Apple Music</key><true/>
		</dict>
		<key>15737</key>
		<dict>
			<key>Track ID</key><integer>15737</integer>
			<key>Name</key><string>Change (In the House of Flies)</string>
			<key>Artist</key><string>Deftones</string>
			<key>Album Artist</key><string>Deftones</string>
			<key>Composer</key><string>Abe Cunningham, Chi Cheng, Chino Moreno, Frank Delgado &#38; Stephen Carpenter</string>
			<key>Album</key><string>White Pony</string>
			<key>Genre</key><string>Music</string>
			<key>Kind</key><string>Apple Music AAC audio file</string>
			<key>Size</key><integer>11722420</integer>
			<key>Total Time</key><integer>299587</integer>
			<key>Disc Number</key><integer>1</integer>
			<key>Disc Count</key><integer>1</integer>
			<key>Track Number</key><integer>11</integer>
			<key>Track Count</key><integer>12</integer>
			<key>Year</key><integer>2000</integer>
			<key>Date Modified</key><date>2025-04-07T05:20:28Z</date>
			<key>Date Added</key><date>2025-04-07T05:20:28Z</date>
			<key>Bit Rate</key><integer>256</integer>
			<key>Sample Rate</key><integer>44100</integer>
			<key>Play Count</key><integer>13</integer>
			<key>Play Date</key><integer>3832834997</integer>
			<key>Play Date UTC</key><date>2025-06-15T18:23:17Z</date>
			<key>Release Date</key><date>2000-06-20T07:00:00Z</date>
			<key>Loved</key><true/>
			<key>Artwork Count</key><integer>1</integer>
			<key>Sort Album</key><string>White Pony</string>
			<key>Sort Artist</key><string>Deftones</string>
			<key>Sort Name</key><string>Change (In the House of Flies)</string>
			<key>Persistent ID</key><string>69F0D54A7A834429</string>
			<key>Track Type</key><string>Remote</string>
			<key>Apple Music</key><true/>
		</dict>
		<key>15739</key>
		<dict>
			<key>Track ID</key><integer>15739</integer>
			<key>Name</key><string>Rx Queen</string>
			<key>Artist</key><string>Deftones</string>
			<key>Album Artist</key><string>Deftones</string>
			<key>Composer</key><string>Abe Cunningham, Chi Cheng, Chino Moreno, Frank Delgado &#38; Stephen Carpenter</string>
			<key>Album</key><string>White Pony</string>
			<key>Genre</key><string>Music</string>
			<key>Kind</key><string>Apple Music AAC audio file</string>
			<key>Size</key><integer>9845296</integer>
			<key>Total Time</key><integer>268107</integer>
			<key>Disc Number</key><integer>1</integer>
			<key>Disc Count</key><integer>1</integer>
			<key>Track Number</key><integer>5</integer>
			<key>Track Count</key><integer>12</integer>
			<key>Year</key><integer>2000</integer>
			<key>Date Modified</key><date>2025-04-07T05:20:28Z</date>
			<key>Date Added</key><date>2025-04-07T05:20:28Z</date>
			<key>Bit Rate</key><integer>256</integer>
			<key>Sample Rate</key><integer>44100</integer>
			<key>Play Count</key><integer>17</integer>
			<key>Play Date</key><integer>3832847698</integer>
			<key>Play Date UTC</key><date>2025-06-15T21:54:58Z</date>
			<key>Release Date</key><date>2000-06-20T07:00:00Z</date>
			<key>Loved</key><true/>
			<key>Artwork Count</key><integer>1</integer>
			<key>Sort Album</key><string>White Pony</string>
			<key>Sort Artist</key><string>Deftones</string>
			<key>Sort Name</key><string>Rx Queen</string>
			<key>Persistent ID</key><string>0CFC6C592DB6AE37</string>
			<key>Track Type</key><string>Remote</string>
			<key>Apple Music</key><true/>
		</dict>
		<key>15741</key>
		<dict>
			<key>Track ID</key><integer>15741</integer>
			<key>Name</key><string>Korea</string>
			<key>Artist</key><string>Deftones</string>
			<key>Album Artist</key><string>Deftones</string>
			<key>Composer</key><string>Abe Cunningham, Chi Cheng, Chino Moreno, Frank Delgado &#38; Stephen Carpenter</string>
			<key>Album</key><string>White Pony</string>
			<key>Genre</key><string>Music</string>
			<key>Kind</key><string>Apple Music AAC audio file</string>
			<key>Size</key><integer>7729161</integer>
			<key>Total Time</key><integer>203667</integer>
			<key>Disc Number</key><integer>1</integer>
			<key>Disc Count</key><integer>1</integer>
			<key>Track Number</key><integer>9</integer>
			<key>Track Count</key><integer>12</integer>
			<key>Year</key><integer>2000</integer>
			<key>Date Modified</key><date>2025-04-07T05:20:28Z</date>
			<key>Date Added</key><date>2025-04-07T05:20:28Z</date>
			<key>Bit Rate</key><integer>256</integer>
			<key>Sample Rate</key><integer>44100</integer>
			<key>Play Count</key><integer>12</integer>
			<key>Play Date</key><integer>3832839606</integer>
			<key>Play Date UTC</key><date>2025-06-15T19:40:06Z</date>
			<key>Release Date</key><date>2000-06-20T07:00:00Z</date>
			<key>Loved</key><true/>
			<key>Artwork Count</key><integer>1</integer>
			<key>Sort Album</key><string>White Pony</string>
			<key>Sort Artist</key><string>Deftones</string>
			<key>Sort Name</key><string>Korea</string>
			<key>Persistent ID</key><string>C5FDDFFC6266F0B0</string>
			<key>Track Type</key><string>Remote</string>
			<key>Apple Music</key><true/>
		</dict>
		<key>15745</key>
		<dict>
			<key>Track ID</key><integer>15745</integer>
			<key>Name</key><string>Elite</string>
			<key>Artist</key><string>Deftones</string>
			<key>Album Artist</key><string>Deftones</string>
			<key>Composer</key><string>Abe Cunningham, Chi Cheng, Chino Moreno, Frank Delgado &#38; Stephen Carpenter</string>
			<key>Album</key><string>White Pony</string>
			<key>Genre</key><string>Music</string>
			<key>Kind</key><string>Apple Music AAC audio file</string>
			<key>Size</key><integer>9129306</integer>
			<key>Total Time</key><integer>241853</integer>
			<key>Disc Number</key><integer>1</integer>
			<key>Disc Count</key><integer>1</integer>
			<key>Track Number</key><integer>4</integer>
			<key>Track Count</key><integer>12</integer>
			<key>Year</key><integer>2000</integer>
			<key>Date Modified</key><date>2025-04-07T05:20:28Z</date>
			<key>Date Added</key><date>2025-04-07T05:20:28Z</date>
			<key>Bit Rate</key><integer>256</integer>
			<key>Sample Rate</key><integer>44100</integer>
			<key>Play Count</key><integer>16</integer>
			<key>Play Date</key><integer>3832832416</integer>
			<key>Play Date UTC</key><date>2025-06-15T17:40:16Z</date>
			<key>Release Date</key><date>2000-06-20T07:00:00Z</date>
			<key>Loved</key><true/>
			<key>Artwork Count</key><integer>1</integer>
			<key>Sort Album</key><string>White Pony</string>
			<key>Sort Artist</key><string>Deftones</string>
			<key>Sort Name</key><string>Elite</string>
			<key>Persistent ID</key><string>4CB6B90DF1FD6AD8</string>
			<key>Track Type</key><string>Remote</string>
			<key>Apple Music</key><true/>
		</dict>
		<key>15747</key>
		<dict>
			<key>Track ID</key><integer>15747</integer>
			<key>Name</key><string>Knife Prty</string>
			<key>Artist</key><string>Deftones</string>
			<key>Album Artist</key><string>Deftones</string>
			<key>Composer</key><string>Abe Cunningham, Chi Cheng, Chino Moreno, Frank Delgado &#38; Stephen Carpenter</string>
			<key>Album</key><string>White Pony</string>
			<key>Genre</key><string>Music</string>
			<key>Kind</key><string>Apple Music AAC audio file</string>
			<key>Size</key><integer>10547666</integer>
			<key>Total Time</key><integer>289253</integer>
			<key>Disc Number</key><integer>1</integer>
			<key>Disc Count</key><integer>1</integer>
			<key>Track Number</key><integer>8</integer>
			<key>Track Count</key><integer>12</integer>
			<key>Year</key><integer>2000</integer>
			<key>Date Modified</key><date>2025-04-07T05:20:28Z</date>
			<key>Date Added</key><date>2025-04-07T05:20:28Z</date>
			<key>Bit Rate</key><integer>256</integer>
			<key>Sample Rate</key><integer>44100</integer>
			<key>Play Count</key><integer>14</integer>
			<key>Play Date</key><integer>3832850949</integer>
			<key>Play Date UTC</key><date>2025-06-15T22:49:09Z</date>
			<key>Release Date</key><date>2000-06-20T07:00:00Z</date>
			<key>Loved</key><true/>
			<key>Artwork Count</key><integer>1</integer>
			<key>Sort Album</key><string>White Pony</string>
			<key>Sort Artist</key><string>Deftones</string>
			<key>Sort Name</key><string>Knife Prty</string>
			<key>Persistent ID</key><string>AB74149D7798CB20</string>
			<key>Track Type</key><string>Remote</string>
			<key>Apple Music</key><true/>
		</dict>
		<key>15753</key>
		<dict>
			<key>Track ID</key><integer>15753</integer>
			<key>Name</key><string>Digital Bath</string>
			<key>Artist</key><string>Deftones</string>
			<key>Album Artist</key><string>Deftones</string>
			<key>Composer</key><string>Abe Cunningham, Chi Cheng, Chino Moreno, Frank Delgado &#38; Stephen Carpenter</string>
			<key>Album</key><string>White Pony</string>
			<key>Genre</key><string>Music</string>
			<key>Kind</key><string>Apple Music AAC audio file</string>
			<key>Size</key><integer>10001446</integer>
			<key>Total Time</key><integer>255440</integer>
			<key>Disc Number</key><integer>1</integer>
			<key>Disc Count</key><integer>1</integer>
			<key>Track Number</key><integer>3</integer>
			<key>Track Count</key><integer>12</integer>
			<key>Year</key><integer>2000</integer>
			<key>Date Modified</key><date>2025-04-07T05:20:28Z</date>
			<key>Date Added</key><date>2025-04-07T05:20:28Z</date>
			<key>Bit Rate</key><integer>256</integer>
			<key>Sample Rate</key><integer>44100</integer>
			<key>Play Count</key><integer>17</integer>
			<key>Play Date</key><integer>3832831777</integer>
			<key>Play Date UTC</key><date>2025-06-15T17:29:37Z</date>
			<key>Release Date</key><date>2000-06-20T07:00:00Z</date>
			<key>Loved</key><true/>
			<key>Artwork Count</key><integer>1</integer>
			<key>Sort Album</key><string>White Pony</string>
			<key>Sort Artist</key><string>Deftones</string>
			<key>Sort Name</key><string>Digital Bath</string>
			<key>Persistent ID</key><string>F1D94E780011EA57</string>
			<key>Track Type</key><string>Remote</string>
			<key>Apple Music</key><true/>
		</dict>
		<key>15769</key>
		<dict>
			<key>Track ID</key><integer>15769</integer>
			<key>Name</key><string>Oldie</string>
			<key>Artist</key><string>Odd Future</string>
			<key>Album Artist</key><string>Odd Future</string>
			<key>Composer</key><string>Christopher Breaux, D. Cole, Davon Wilson, G. Long, Michael Griffin, Tyler Okonma &#38; Vyron Turner</string>
			<key>Album</key><string>The OF Tape, Vol. 2</string>
			<key>Genre</key><string>Music</string>
			<key>Kind</key><string>Apple Music AAC audio file</string>
			<key>Size</key><integer>21543565</integer>
			<key>Total Time</key><integer>636213</integer>
			<key>Disc Number</key><integer>1</integer>
			<key>Disc Count</key><integer>1</integer>
			<key>Track Number</key><integer>18</integer>
			<key>Track Count</key><integer>18</integer>
			<key>Year</key><integer>2012</integer>
			<key>Date Modified</key><date>2025-04-10T05:52:57Z</date>
			<key>Date Added</key><date>2025-04-10T05:52:57Z</date>
			<key>Bit Rate</key><integer>256</integer>
			<key>Sample Rate</key><integer>44100</integer>
			<key>Play Count</key><integer>14</integer>
			<key>Play Date</key><integer>3832841097</integer>
			<key>Play Date UTC</key><date>2025-06-15T20:04:57Z</date>
			<key>Skip Count</key><integer>1</integer>
			<key>Skip Date</key><date>2025-07-10T22:59:37Z</date>
			<key>Release Date</key><date>2012-03-20T07:00:00Z</date>
			<key>Loved</key><true/>
			<key>Artwork Count</key><integer>1</integer>
			<key>Sort Album</key><string>OF Tape, Vol. 2</string>
			<key>Sort Artist</key><string>Odd Future</string>
			<key>Sort Name</key><string>Oldie</string>
			<key>Persistent ID</key><string>EF6B4DDA985B46BF</string>
			<key>Explicit</key><true/>
			<key>Track Type</key><string>Remote</string>
			<key>Apple Music</key><true/>
		</dict>
		<key>15793</key>
		<dict>
			<key>Track ID</key><integer>15793</integer>
			<key>Name</key><string>M.E.</string>
			<key>Artist</key><string>Gary Numan</string>
			<key>Album Artist</key><string>Gary Numan</string>
			<key>Composer</key><string>Gary Numan</string>
			<key>Album</key><string>The Pleasure Principle</string>
			<key>Genre</key><string>Music</string>
			<key>Kind</key><string>Apple Music AAC audio file</string>
			<key>Size</key><integer>12183810</integer>
			<key>Total Time</key><integer>337240</integer>
			<key>Disc Number</key><integer>1</integer>
			<key>Disc Count</key><integer>1</integer>
			<key>Track Number</key><integer>5</integer>
			<key>Track Count</key><integer>17</integer>
			<key>Year</key><integer>1979</integer>
			<key>Date Modified</key><date>2025-04-14T15:49:30Z</date>
			<key>Date Added</key><date>2025-04-14T15:49:30Z</date>
			<key>Bit Rate</key><integer>256</integer>
			<key>Sample Rate</key><integer>44100</integer>
			<key>Play Count</key><integer>12</integer>
			<key>Play Date</key><integer>3832848035</integer>
			<key>Play Date UTC</key><date>2025-06-15T22:00:35Z</date>
			<key>Release Date</key><date>1979-09-07T12:00:00Z</date>
			<key>Loved</key><true/>
			<key>Artwork Count</key><integer>1</integer>
			<key>Sort Album</key><string>Pleasure Principle (Bonus Tracks)</string>
			<key>Sort Artist</key><string>Gary Numan</string>
			<key>Sort Name</key><string>M.E.</string>
			<key>Persistent ID</key><string>F806C96345A7904D</string>
			<key>Track Type</key><string>Remote</string>
			<key>Apple Music</key><true/>
		</dict>
		<key>15805</key>
		<dict>
			<key>Track ID</key><integer>15805</integer>
			<key>Name</key><string>Tracks</string>
			<key>Artist</key><string>Gary Numan</string>
			<key>Album Artist</key><string>Gary Numan</string>
			<key>Composer</key><string>Gary Numan</string>
			<key>Album</key><string>The Pleasure Principle</string>
			<key>Genre</key><string>Music</string>
			<key>Kind</key><string>Apple Music AAC audio file</string>
			<key>Size</key><integer>6545534</integer>
			<key>Total Time</key><integer>171733</integer>
			<key>Disc Number</key><integer>1</integer>
			<key>Disc Count</key><integer>1</integer>
			<key>Track Number</key><integer>6</integer>
			<key>Track Count</key><integer>17</integer>
			<key>Year</key><integer>1979</integer>
			<key>Date Modified</key><date>2025-04-14T15:49:57Z</date>
			<key>Date Added</key><date>2025-04-14T15:49:57Z</date>
			<key>Bit Rate</key><integer>256</integer>
			<key>Sample Rate</key><integer>44100</integer>
			<key>Play Count</key><integer>13</integer>
			<key>Play Date</key><integer>3834418933</integer>
			<key>Play Date UTC</key><date>2025-07-04T02:22:13Z</date>
			<key>Skip Count</key><integer>1</integer>
			<key>Skip Date</key><date>2025-05-08T23:42:21Z</date>
			<key>Release Date</key><date>1979-09-07T12:00:00Z</date>
			<key>Loved</key><true/>
			<key>Artwork Count</key><integer>1</integer>
			<key>Sort Album</key><string>Pleasure Principle (Bonus Tracks)</string>
			<key>Sort Artist</key><string>Gary Numan</string>
			<key>Sort Name</key><string>Tracks</string>
			<key>Persistent ID</key><string>60F5E900338A27F1</string>
			<key>Track Type</key><string>Remote</string>
			<key>Apple Music</key><true/>
		</dict>
		<key>15823</key>
		<dict>
			<key>Track ID</key><integer>15823</integer>
			<key>Name</key><string>Phantom Island</string>
			<key>Artist</key><string>King Gizzard &#38; The Lizard Wizard</string>
			<key>Album Artist</key><string>King Gizzard &#38; The Lizard Wizard</string>
			<key>Composer</key><string>Stu Mackenzie, Joseph Walker, Lucas Harwood, Cook Craig, Ambrose Kenny-Smith &#38; Michael Cavanagh</string>
			<key>Album</key><string>Phantom Island</string>
			<key>Genre</key><string>Music</string>
			<key>Kind</key><string>Apple Music AAC audio file</string>
			<key>Size</key><integer>11052443</integer>
			<key>Total Time</key><integer>314134</integer>
			<key>Disc Number</key><integer>1</integer>
			<key>Disc Count</key><integer>1</integer>
			<key>Track Number</key><integer>1</integer>
			<key>Track Count</key><integer>9</integer>
			<key>Year</key><integer>2024</integer>
			<key>Date Modified</key><date>2025-04-20T23:59:09Z</date>
			<key>Date Added</key><date>2025-04-20T23:59:09Z</date>
			<key>Bit Rate</key><integer>256</integer>
			<key>Sample Rate</key><integer>44100</integer>
			<key>Play Count</key><integer>20</integer>
			<key>Play Date</key><integer>3832848534</integer>
			<key>Play Date UTC</key><date>2025-06-15T22:08:54Z</date>
			<key>Skip Count</key><integer>1</integer>
			<key>Skip Date</key><date>2025-04-24T14:04:32Z</date>
			<key>Release Date</key><date>2024-10-29T12:00:00Z</date>
			<key>Loved</key><true/>
			<key>Artwork Count</key><integer>1</integer>
			<key>Sort Album</key><string>Phantom Island</string>
			<key>Sort Artist</key><string>King Gizzard &#38; The Lizard Wizard</string>
			<key>Sort Name</key><string>Phantom Island</string>
			<key>Persistent ID</key><string>54B1161B7CEC980A</string>
			<key>Explicit</key><true/>
			<key>Track Type</key><string>Remote</string>
			<key>Apple Music</key><true/>
		</dict>
		<key>15825</key>
		<dict>
			<key>Track ID</key><integer>15825</integer>
			<key>Name</key><string>Deadstick</string>
			<key>Artist</key><string>King Gizzard &#38; The Lizard Wizard</string>
			<key>Album Artist</key><string>King Gizzard &#38; The Lizard Wizard</string>
			<key>Composer</key><string>Stu Mackenzie, Joseph Walker, Lucas Harwood, Cook Craig, Ambrose Kenny-Smith &#38; Michael Cavanagh</string>
			<key>Album</key><string>Phantom Island</string>
			<key>Genre</key><string>Music</string>
			<key>Kind</key><string>Apple Music AAC audio file</string>
			<key>Size</key><integer>7698046</integer>
			<key>Total Time</key><integer>213576</integer>
			<key>Disc Number</key><integer>1</integer>
			<key>Disc Count</key><integer>1</integer>
			<key>Track Number</key><integer>2</integer>
			<key>Track Count</key><integer>9</integer>
			<key>Year</key><integer>2025</integer>
			<key>Date Modified</key><date>2025-04-20T23:59:09Z</date>
			<key>Date Added</key><date>2025-04-20T23:59:09Z</date>
			<key>Bit Rate</key><integer>256</integer>
			<key>Sample Rate</key><integer>44100</integer>
			<key>Play Count</key><integer>18</integer>
			<key>Play Date</key><integer>3832834084</integer>
			<key>Play Date UTC</key><date>2025-06-15T18:08:04Z</date>
			<key>Skip Count</key><integer>1</integer>
			<key>Skip Date</key><date>2025-06-13T05:27:12Z</date>
			<key>Release Date</key><date>2025-06-13T12:00:00Z</date>
			<key>Loved</key><true/>
			<key>Artwork Count</key><integer>1</integer>
			<key>Sort Album</key><string>Phantom Island</string>
			<key>Sort Artist</key><string>King Gizzard &#38; The Lizard Wizard</string>
			<key>Sort Name</key><string>Deadstick</string>
			<key>Persistent ID</key><string>BAD702F90A5DDAAC</string>
			<key>Track Type</key><string>Remote</string>
			<key>Apple Music</key><true/>
		</dict>
		<key>15915</key>
		<dict>
			<key>Track ID</key><integer>15915</integer>
			<key>Name</key><string>Imaginary Folklore</string>
			<key>Artist</key><string>clammbon by Nujabes</string>
			<key>Album Artist</key><string>Various Artists</string>
			<key>Album</key><string>2nd Collection</string>
			<key>Genre</key><string>Hip-Hop/Rap</string>
			<key>Kind</key><string>Apple Music AAC audio file</string>
			<key>Size</key><integer>10964674</integer>
			<key>Total Time</key><integer>318027</integer>
			<key>Disc Number</key><integer>1</integer>
			<key>Disc Count</key><integer>1</integer>
			<key>Track Number</key><integer>4</integer>
			<key>Track Count</key><integer>14</integer>
			<key>Year</key><integer>2007</integer>
			<key>Date Modified</key><date>2025-05-31T19:53:10Z</date>
			<key>Date Added</key><date>2025-05-31T19:53:10Z</date>
			<key>Bit Rate</key><integer>256</integer>
			<key>Sample Rate</key><integer>44100</integer>
			<key>Play Count</key><integer>12</integer>
			<key>Play Date</key><integer>3833733452</integer>
			<key>Play Date UTC</key><date>2025-06-26T03:57:32Z</date>
			<key>Release Date</key><date>2007-11-11T12:00:00Z</date>
			<key>Compilation</key><true/>
			<key>Artwork Count</key><integer>1</integer>
			<key>Sort Album</key><string>2nd Collection</string>
			<key>Sort Artist</key><string>clammbon by Nujabes</string>
			<key>Sort Name</key><string>Imaginary Folklore</string>
			<key>Persistent ID</key><string>1763B16C64749E9B</string>
			<key>Track Type</key><string>Remote</string>
			<key>Apple Music</key><true/>
		</dict>
	</dict>
	<key>Playlists</key>
	<array>
		<dict>
			<key>Name</key><string>big playlist</string>
			<key>Description</key><string></string>
			<key>Playlist ID</key><integer>47560</integer>
			<key>Playlist Persistent ID</key><string>96C9843C0401195E</string>
			<key>All Items</key><true/>
			<key>Playlist Items</key>
			<array>
				<dict>
					<key>Track ID</key><integer>15491</integer>
				</dict>
				<dict>
					<key>Track ID</key><integer>4485</integer>
				</dict>
				<dict>
					<key>Track ID</key><integer>4987</integer>
				</dict>
				<dict>
					<key>Track ID</key><integer>5337</integer>
				</dict>
				<dict>
					<key>Track ID</key><integer>12851</integer>
				</dict>
				<dict>
					<key>Track ID</key><integer>5895</integer>
				</dict>
				<dict>
					<key>Track ID</key><integer>4763</integer>
				</dict>
				<dict>
					<key>Track ID</key><integer>5583</integer>
				</dict>
				<dict>
					<key>Track ID</key><integer>4161</integer>
				</dict>
				<dict>
					<key>Track ID</key><integer>13463</integer>
				</dict>
				<dict>
					<key>Track ID</key><integer>4667</integer>
				</dict>
				<dict>
					<key>Track ID</key><integer>4179</integer>
				</dict>
				<dict>
					<key>Track ID</key><integer>5383</integer>
				</dict>
				<dict>
					<key>Track ID</key><integer>4649</integer>
				</dict>
				<dict>
					<key>Track ID</key><integer>14491</integer>
				</dict>
				<dict>
					<key>Track ID</key><integer>13905</integer>
				</dict>
				<dict>
					<key>Track ID</key><integer>4233</integer>
				</dict>
				<dict>
					<key>Track ID</key><integer>15449</integer>
				</dict>
				<dict>
					<key>Track ID</key><integer>5845</integer>
				</dict>
				<dict>
					<key>Track ID</key><integer>5215</integer>
				</dict>
				<dict>
					<key>Track ID</key><integer>15189</integer>
				</dict>
				<dict>
					<key>Track ID</key><integer>4863</integer>
				</dict>
				<dict>
					<key>Track ID</key><integer>4487</integer>
				</dict>
				<dict>
					<key>Track ID</key><integer>4033</integer>
				</dict>
				<dict>
					<key>Track ID</key><integer>3999</integer>
				</dict>
				<dict>
					<key>Track ID</key><integer>15673</integer>
				</dict>
				<dict>
					<key>Track ID</key><integer>5857</integer>
				</dict>
				<dict>
					<key>Track ID</key><integer>14029</integer>
				</dict>
				<dict>
					<key>Track ID</key><integer>5239</integer>
				</dict>
				<dict>
					<key>Track ID</key><integer>14595</integer>
				</dict>
				<dict>
					<key>Track ID</key><integer>3905</integer>
				</dict>
				<dict>
					<key>Track ID</key><integer>12553</integer>
				</dict>
				<dict>
					<key>Track ID</key><integer>5547</integer>
				</dict>
				<dict>
					<key>Track ID</key><integer>15369</integer>
				</dict>
				<dict>
					<key>Track ID</key><integer>3921</integer>
				</dict>
				<dict>
					<key>Track ID</key><integer>4379</integer>
				</dict>
				<dict>
					<key>Track ID</key><integer>5833</integer>
				</dict>
				<dict>
					<key>Track ID</key><integer>5047</integer>
				</dict>
				<dict>
					<key>Track ID</key><integer>5665</integer>
				</dict>
				<dict>
					<key>Track ID</key><integer>4319</integer>
				</dict>
				<dict>
					<key>Track ID</key><integer>14535</integer>
				</dict>
				<dict>
					<key>Track ID</key><integer>12869</integer>
				</dict>
				<dict>
					<key>Track ID</key><integer>4355</integer>
				</dict>
				<dict>
					<key>Track ID</key><integer>5867</integer>
				</dict>
				<dict>
					<key>Track ID</key><integer>4277</integer>
				</dict>
				<dict>
					<key>Track ID</key><integer>13499</integer>
				</dict>
				<dict>
					<key>Track ID</key><integer>4743</integer>
				</dict>
				<dict>
					<key>Track ID</key><integer>3897</integer>
				</dict>
				<dict>
					<key>Track ID</key><integer>4733</integer>
				</dict>
				<dict>
					<key>Track ID</key><integer>4055</integer>
				</dict>
				<dict>
					<key>Track ID</key><integer>5539</integer>
				</dict>
				<dict>
					<key>Track ID</key><integer>4259</integer>
				</dict>
				<dict>
					<key>Track ID</key><integer>4497</integer>
				</dict>
				<dict>
					<key>Track ID</key><integer>13305</integer>
				</dict>
				<dict>
					<key>Track ID</key><integer>5741</integer>
				</dict>
				<dict>
					<key>Track ID</key><integer>5635</integer>
				</dict>
				<dict>
					<key>Track ID</key><integer>5407</integer>
				</dict>
				<dict>
					<key>Track ID</key><integer>14033</integer>
				</dict>
				<dict>
					<key>Track ID</key><integer>4131</integer>
				</dict>
				<dict>
					<key>Track ID</key><integer>13973</integer>
				</dict>
				<dict>
					<key>Track ID</key><integer>4917</integer>
				</dict>
				<dict>
					<key>Track ID</key><integer>5083</integer>
				</dict>
				<dict>
					<key>Track ID</key><integer>15823</integer>
				</dict>
				<dict>
					<key>Track ID</key><integer>15623</integer>
				</dict>
				<dict>
					<key>Track ID</key><integer>4325</integer>
				</dict>
				<dict>
					<key>Track ID</key><integer>14213</integer>
				</dict>
				<dict>
					<key>Track ID</key><integer>13261</integer>
				</dict>
				<dict>
					<key>Track ID</key><integer>14383</integer>
				</dict>
				<dict>
					<key>Track ID</key><integer>4187</integer>
				</dict>
				<dict>
					<key>Track ID</key><integer>4533</integer>
				</dict>
				<dict>
					<key>Track ID</key><integer>15313</integer>
				</dict>
				<dict>
					<key>Track ID</key><integer>4389</integer>
				</dict>
				<dict>
					<key>Track ID</key><integer>4801</integer>
				</dict>
				<dict>
					<key>Track ID</key><integer>14733</integer>
				</dict>
				<dict>
					<key>Track ID</key><integer>5761</integer>
				</dict>
				<dict>
					<key>Track ID</key><integer>14147</integer>
				</dict>
				<dict>
					<key>Track ID</key><integer>5905</integer>
				</dict>
				<dict>
					<key>Track ID</key><integer>4221</integer>
				</dict>
				<dict>
					<key>Track ID</key><integer>13495</integer>
				</dict>
				<dict>
					<key>Track ID</key><integer>14215</integer>
				</dict>
				<dict>
					<key>Track ID</key><integer>5493</integer>
				</dict>
				<dict>
					<key>Track ID</key><integer>5625</integer>
				</dict>
				<dict>
					<key>Track ID</key><integer>4823</integer>
				</dict>
				<dict>
					<key>Track ID</key><integer>4753</integer>
				</dict>
				<dict>
					<key>Track ID</key><integer>4333</integer>
				</dict>
				<dict>
					<key>Track ID</key><integer>5175</integer>
				</dict>
				<dict>
					<key>Track ID</key><integer>13477</integer>
				</dict>
				<dict>
					<key>Track ID</key><integer>5147</integer>
				</dict>
				<dict>
					<key>Track ID</key><integer>4493</integer>
				</dict>
				<dict>
					<key>Track ID</key><integer>15733</integer>
				</dict>
				<dict>
					<key>Track ID</key><integer>14453</integer>
				</dict>
				<dict>
					<key>Track ID</key><integer>12483</integer>
				</dict>
				<dict>
					<key>Track ID</key><integer>3929</integer>
				</dict>
				<dict>
					<key>Track ID</key><integer>8391</integer>
				</dict>
				<dict>
					<key>Track ID</key><integer>7819</integer>
				</dict>
				<dict>
					<key>Track ID</key><integer>14711</integer>
				</dict>
				<dict>
					<key>Track ID</key><integer>15263</integer>
				</dict>
				<dict>
					<key>Track ID</key><integer>11763</integer>
				</dict>
				<dict>
					<key>Track ID</key><integer>12247</integer>
				</dict>
				<dict>
					<key>Track ID</key><integer>4157</integer>
				</dict>
				<dict>
					<key>Track ID</key><integer>11317</integer>
				</dict>
				<dict>
					<key>Track ID</key><integer>4287</integer>
				</dict>
				<dict>
					<key>Track ID</key><integer>14031</integer>
				</dict>
				<dict>
					<key>Track ID</key><integer>14493</integer>
				</dict>
				<dict>
					<key>Track ID</key><integer>13907</integer>
				</dict>
				<dict>
					<key>Track ID</key><integer>10011</integer>
				</dict>
				<dict>
					<key>Track ID</key><integer>4387</integer>
				</dict>
				<dict>
					<key>Track ID</key><integer>15451</integer>
				</dict>
				<dict>
					<key>Track ID</key><integer>4369</integer>
				</dict>
				<dict>
					<key>Track ID</key><integer>10027</integer>
				</dict>
				<dict>
					<key>Track ID</key><integer>15395</integer>
				</dict>
				<dict>
					<key>Track ID</key><integer>8093</integer>
				</dict>
				<dict>
					<key>Track ID</key><integer>11531</integer>
				</dict>
				<dict>
					<key>Track ID</key><integer>4037</integer>
				</dict>
				<dict>
					<key>Track ID</key><integer>12717</integer>
				</dict>
				<dict>
					<key>Track ID</key><integer>11033</integer>
				</dict>
				<dict>
					<key>Track ID</key><integer>12369</integer>
				</dict>
				<dict>
					<key>Track ID</key><integer>13575</integer>
				</dict>
				<dict>
					<key>Track ID</key><integer>4331</integer>
				</dict>
				<dict>
					<key>Track ID</key><integer>14597</integer>
				</dict>
				<dict>
					<key>Track ID</key><integer>11943</integer>
				</dict>
				<dict>
					<key>Track ID</key><integer>3903</integer>
				</dict>
				<dict>
					<key>Track ID</key><integer>3967</integer>
				</dict>
				<dict>
					<key>Track ID</key><integer>3919</integer>
				</dict>
				<dict>
					<key>Track ID</key><integer>4321</integer>
				</dict>
				<dict>
					<key>Track ID</key><integer>14537</integer>
				</dict>
				<dict>
					<key>Track ID</key><integer>3939</integer>
				</dict>
				<dict>
					<key>Track ID</key><integer>13471</integer>
				</dict>
				<dict>
					<key>Track ID</key><integer>12871</integer>
				</dict>
				<dict>
					<key>Track ID</key><integer>13501</integer>
				</dict>
				<dict>
					<key>Track ID</key><integer>13475</integer>
				</dict>
				<dict>
					<key>Track ID</key><integer>4103</integer>
				</dict>
				<dict>
					<key>Track ID</key><integer>10759</integer>
				</dict>
				<dict>
					<key>Track ID</key><integer>4261</integer>
				</dict>
				<dict>
					<key>Track ID</key><integer>14757</integer>
				</dict>
				<dict>
					<key>Track ID</key><integer>9131</integer>
				</dict>
				<dict>
					<key>Track ID</key><integer>12029</integer>
				</dict>
				<dict>
					<key>Track ID</key><integer>7375</integer>
				</dict>
				<dict>
					<key>Track ID</key><integer>13769</integer>
				</dict>
				<dict>
					<key>Track ID</key><integer>12643</integer>
				</dict>
				<dict>
					<key>Track ID</key><integer>9687</integer>
				</dict>
				<dict>
					<key>Track ID</key><integer>15825</integer>
				</dict>
				<dict>
					<key>Track ID</key><integer>9045</integer>
				</dict>
				<dict>
					<key>Track ID</key><integer>12341</integer>
				</dict>
				<dict>
					<key>Track ID</key><integer>13725</integer>
				</dict>
				<dict>
					<key>Track ID</key><integer>15293</integer>
				</dict>
				<dict>
					<key>Track ID</key><integer>4089</integer>
				</dict>
				<dict>
					<key>Track ID</key><integer>8587</integer>
				</dict>
				<dict>
					<key>Track ID</key><integer>14475</integer>
				</dict>
				<dict>
					<key>Track ID</key><integer>15371</integer>
				</dict>
				<dict>
					<key>Track ID</key><integer>9655</integer>
				</dict>
				<dict>
					<key>Track ID</key><integer>9627</integer>
				</dict>
				<dict>
					<key>Track ID</key><integer>7543</integer>
				</dict>
				<dict>
					<key>Track ID</key><integer>11431</integer>
				</dict>
				<dict>
					<key>Track ID</key><integer>10857</integer>
				</dict>
				<dict>
					<key>Track ID</key><integer>12277</integer>
				</dict>
				<dict>
					<key>Track ID</key><integer>13897</integer>
				</dict>
				<dict>
					<key>Track ID</key><integer>12489</integer>
				</dict>
				<dict>
					<key>Track ID</key><integer>14455</integer>
				</dict>
				<dict>
					<key>Track ID</key><integer>8275</integer>
				</dict>
				<dict>
					<key>Track ID</key><integer>12563</integer>
				</dict>
				<dict>
					<key>Track ID</key><integer>6313</integer>
				</dict>
				<dict>
					<key>Track ID</key><integer>12189</integer>
				</dict>
				<dict>
					<key>Track ID</key><integer>12879</integer>
				</dict>
				<dict>
					<key>Track ID</key><integer>12697</integer>
				</dict>
				<dict>
					<key>Track ID</key><integer>15265</integer>
				</dict>
				<dict>
					<key>Track ID</key><integer>9593</integer>
				</dict>
				<dict>
					<key>Track ID</key><integer>12243</integer>
				</dict>
				<dict>
					<key>Track ID</key><integer>7035</integer>
				</dict>
				<dict>
					<key>Track ID</key><integer>14193</integer>
				</dict>
				<dict>
					<key>Track ID</key><integer>14119</integer>
				</dict>
				<dict>
					<key>Track ID</key><integer>14495</integer>
				</dict>
				<dict>
					<key>Track ID</key><integer>7157</integer>
				</dict>
				<dict>
					<key>Track ID</key><integer>10189</integer>
				</dict>
				<dict>
					<key>Track ID</key><integer>10103</integer>
				</dict>
				<dict>
					<key>Track ID</key><integer>6013</integer>
				</dict>
				<dict>
					<key>Track ID</key><integer>11019</integer>
				</dict>
				<dict>
					<key>Track ID</key><integer>6705</integer>
				</dict>
				<dict>
					<key>Track ID</key><integer>14599</integer>
				</dict>
				<dict>
					<key>Track ID</key><integer>7061</integer>
				</dict>
				<dict>
					<key>Track ID</key><integer>6125</integer>
				</dict>
				<dict>
					<key>Track ID</key><integer>6623</integer>
				</dict>
				<dict>
					<key>Track ID</key><integer>9925</integer>
				</dict>
				<dict>
					<key>Track ID</key><integer>14257</integer>
				</dict>
				<dict>
					<key>Track ID</key><integer>6689</integer>
				</dict>
				<dict>
					<key>Track ID</key><integer>12877</integer>
				</dict>
				<dict>
					<key>Track ID</key><integer>14539</integer>
				</dict>
				<dict>
					<key>Track ID</key><integer>7027</integer>
				</dict>
				<dict>
					<key>Track ID</key><integer>9397</integer>
				</dict>
				<dict>
					<key>Track ID</key><integer>14187</integer>
				</dict>
				<dict>
					<key>Track ID</key><integer>13943</integer>
				</dict>
				<dict>
					<key>Track ID</key><integer>12873</integer>
				</dict>
				<dict>
					<key>Track ID</key><integer>6489</integer>
				</dict>
				<dict>
					<key>Track ID</key><integer>12335</integer>
				</dict>
				<dict>
					<key>Track ID</key><integer>13503</integer>
				</dict>
				<dict>
					<key>Track ID</key><integer>13705</integer>
				</dict>
				<dict>
					<key>Track ID</key><integer>8591</integer>
				</dict>
				<dict>
					<key>Track ID</key><integer>6833</integer>
				</dict>
				<dict>
					<key>Track ID</key><integer>10755</integer>
				</dict>
				<dict>
					<key>Track ID</key><integer>6325</integer>
				</dict>
				<dict>
					<key>Track ID</key><integer>8909</integer>
				</dict>
				<dict>
					<key>Track ID</key><integer>8887</integer>
				</dict>
				<dict>
					<key>Track ID</key><integer>11961</integer>
				</dict>
				<dict>
					<key>Track ID</key><integer>13771</integer>
				</dict>
				<dict>
					<key>Track ID</key><integer>12499</integer>
				</dict>
				<dict>
					<key>Track ID</key><integer>14003</integer>
				</dict>
				<dict>
					<key>Track ID</key><integer>10147</integer>
				</dict>
				<dict>
					<key>Track ID</key><integer>15301</integer>
				</dict>
				<dict>
					<key>Track ID</key><integer>6683</integer>
				</dict>
				<dict>
					<key>Track ID</key><integer>14477</integer>
				</dict>
				<dict>
					<key>Track ID</key><integer>15375</integer>
				</dict>
				<dict>
					<key>Track ID</key><integer>12865</integer>
				</dict>
				<dict>
					<key>Track ID</key><integer>9653</integer>
				</dict>
				<dict>
					<key>Track ID</key><integer>4225</integer>
				</dict>
				<dict>
					<key>Track ID</key><integer>11941</integer>
				</dict>
				<dict>
					<key>Track ID</key><integer>11227</integer>
				</dict>
				<dict>
					<key>Track ID</key><integer>13899</integer>
				</dict>
				<dict>
					<key>Track ID</key><integer>4173</integer>
				</dict>
				<dict>
					<key>Track ID</key><integer>12321</integer>
				</dict>
				<dict>
					<key>Track ID</key><integer>14397</integer>
				</dict>
				<dict>
					<key>Track ID</key><integer>12481</integer>
				</dict>
				<dict>
					<key>Track ID</key><integer>15753</integer>
				</dict>
				<dict>
					<key>Track ID</key><integer>12837</integer>
				</dict>
				<dict>
					<key>Track ID</key><integer>14851</integer>
				</dict>
				<dict>
					<key>Track ID</key><integer>9225</integer>
				</dict>
				<dict>
					<key>Track ID</key><integer>6317</integer>
				</dict>
				<dict>
					<key>Track ID</key><integer>15083</integer>
				</dict>
				<dict>
					<key>Track ID</key><integer>12231</integer>
				</dict>
				<dict>
					<key>Track ID</key><integer>8351</integer>
				</dict>
				<dict>
					<key>Track ID</key><integer>11099</integer>
				</dict>
				<dict>
					<key>Track ID</key><integer>7055</integer>
				</dict>
				<dict>
					<key>Track ID</key><integer>12353</integer>
				</dict>
				<dict>
					<key>Track ID</key><integer>13465</integer>
				</dict>
				<dict>
					<key>Track ID</key><integer>11323</integer>
				</dict>
				<dict>
					<key>Track ID</key><integer>14497</integer>
				</dict>
				<dict>
					<key>Track ID</key><integer>7943</integer>
				</dict>
				<dict>
					<key>Track ID</key><integer>10517</integer>
				</dict>
				<dict>
					<key>Track ID</key><integer>7159</integer>
				</dict>
				<dict>
					<key>Track ID</key><integer>15455</integer>
				</dict>
				<dict>
					<key>Track ID</key><integer>4371</integer>
				</dict>
				<dict>
					<key>Track ID</key><integer>10627</integer>
				</dict>
				<dict>
					<key>Track ID</key><integer>9287</integer>
				</dict>
				<dict>
					<key>Track ID</key><integer>14395</integer>
				</dict>
				<dict>
					<key>Track ID</key><integer>6355</integer>
				</dict>
				<dict>
					<key>Track ID</key><integer>6713</integer>
				</dict>
				<dict>
					<key>Track ID</key><integer>14601</integer>
				</dict>
				<dict>
					<key>Track ID</key><integer>11935</integer>
				</dict>
				<dict>
					<key>Track ID</key><integer>3893</integer>
				</dict>
				<dict>
					<key>Track ID</key><integer>10211</integer>
				</dict>
				<dict>
					<key>Track ID</key><integer>6625</integer>
				</dict>
				<dict>
					<key>Track ID</key><integer>14541</integer>
				</dict>
				<dict>
					<key>Track ID</key><integer>6937</integer>
				</dict>
				<dict>
					<key>Track ID</key><integer>12875</integer>
				</dict>
				<dict>
					<key>Track ID</key><integer>6497</integer>
				</dict>
				<dict>
					<key>Track ID</key><integer>7413</integer>
				</dict>
				<dict>
					<key>Track ID</key><integer>6827</integer>
				</dict>
				<dict>
					<key>Track ID</key><integer>10753</integer>
				</dict>
				<dict>
					<key>Track ID</key><integer>6321</integer>
				</dict>
				<dict>
					<key>Track ID</key><integer>15467</integer>
				</dict>
				<dict>
					<key>Track ID</key><integer>8989</integer>
				</dict>
				<dict>
					<key>Track ID</key><integer>10605</integer>
				</dict>
				<dict>
					<key>Track ID</key><integer>10099</integer>
				</dict>
				<dict>
					<key>Track ID</key><integer>13773</integer>
				</dict>
				<dict>
					<key>Track ID</key><integer>5951</integer>
				</dict>
				<dict>
					<key>Track ID</key><integer>11689</integer>
				</dict>
				<dict>
					<key>Track ID</key><integer>7235</integer>
				</dict>
				<dict>
					<key>Track ID</key><integer>15297</integer>
				</dict>
				<dict>
					<key>Track ID</key><integer>6671</integer>
				</dict>
				<dict>
					<key>Track ID</key><integer>14479</integer>
				</dict>
				<dict>
					<key>Track ID</key><integer>8225</integer>
				</dict>
				<dict>
					<key>Track ID</key><integer>8241</integer>
				</dict>
				<dict>
					<key>Track ID</key><integer>10291</integer>
				</dict>
				<dict>
					<key>Track ID</key><integer>11203</integer>
				</dict>
				<dict>
					<key>Track ID</key><integer>15619</integer>
				</dict>
				<dict>
					<key>Track ID</key><integer>15253</integer>
				</dict>
				<dict>
					<key>Track ID</key><integer>6847</integer>
				</dict>
				<dict>
					<key>Track ID</key><integer>12887</integer>
				</dict>
				<dict>
					<key>Track ID</key><integer>15745</integer>
				</dict>
				<dict>
					<key>Track ID</key><integer>3891</integer>
				</dict>
				<dict>
					<key>Track ID</key><integer>15915</integer>
				</dict>
				<dict>
					<key>Track ID</key><integer>6303</integer>
				</dict>
				<dict>
					<key>Track ID</key><integer>9473</integer>
				</dict>
				<dict>
					<key>Track ID</key><integer>8405</integer>
				</dict>
				<dict>
					<key>Track ID</key><integer>12701</integer>
				</dict>
				<dict>
					<key>Track ID</key><integer>8197</integer>
				</dict>
				<dict>
					<key>Track ID</key><integer>7051</integer>
				</dict>
				<dict>
					<key>Track ID</key><integer>11319</integer>
				</dict>
				<dict>
					<key>Track ID</key><integer>13449</integer>
				</dict>
				<dict>
					<key>Track ID</key><integer>13913</integer>
				</dict>
				<dict>
					<key>Track ID</key><integer>7173</integer>
				</dict>
				<dict>
					<key>Track ID</key><integer>15457</integer>
				</dict>
				<dict>
					<key>Track ID</key><integer>7249</integer>
				</dict>
				<dict>
					<key>Track ID</key><integer>9873</integer>
				</dict>
				<dict>
					<key>Track ID</key><integer>9565</integer>
				</dict>
				<dict>
					<key>Track ID</key><integer>6767</integer>
				</dict>
				<dict>
					<key>Track ID</key><integer>14603</integer>
				</dict>
				<dict>
					<key>Track ID</key><integer>7063</integer>
				</dict>
				<dict>
					<key>Track ID</key><integer>14485</integer>
				</dict>
				<dict>
					<key>Track ID</key><integer>6635</integer>
				</dict>
				<dict>
					<key>Track ID</key><integer>6167</integer>
				</dict>
				<dict>
					<key>Track ID</key><integer>14543</integer>
				</dict>
				<dict>
					<key>Track ID</key><integer>7167</integer>
				</dict>
				<dict>
					<key>Track ID</key><integer>6463</integer>
				</dict>
				<dict>
					<key>Track ID</key><integer>6825</integer>
				</dict>
				<dict>
					<key>Track ID</key><integer>6331</integer>
				</dict>
				<dict>
					<key>Track ID</key><integer>14483</integer>
				</dict>
				<dict>
					<key>Track ID</key><integer>15481</integer>
				</dict>
				<dict>
					<key>Track ID</key><integer>10637</integer>
				</dict>
				<dict>
					<key>Track ID</key><integer>11813</integer>
				</dict>
				<dict>
					<key>Track ID</key><integer>7313</integer>
				</dict>
				<dict>
					<key>Track ID</key><integer>13775</integer>
				</dict>
				<dict>
					<key>Track ID</key><integer>9629</integer>
				</dict>
				<dict>
					<key>Track ID</key><integer>5953</integer>
				</dict>
				<dict>
					<key>Track ID</key><integer>15793</integer>
				</dict>
				<dict>
					<key>Track ID</key><integer>13903</integer>
				</dict>
				<dict>
					<key>Track ID</key><integer>15309</integer>
				</dict>
				<dict>
					<key>Track ID</key><integer>6673</integer>
				</dict>
				<dict>
					<key>Track ID</key><integer>10581</integer>
				</dict>
				<dict>
					<key>Track ID</key><integer>13933</integer>
				</dict>
				<dict>
					<key>Track ID</key><integer>13473</integer>
				</dict>
				<dict>
					<key>Track ID</key><integer>15739</integer>
				</dict>
				<dict>
					<key>Track ID</key><integer>12529</integer>
				</dict>
				<dict>
					<key>Track ID</key><integer>12191</integer>
				</dict>
				<dict>
					<key>Track ID</key><integer>11281</integer>
				</dict>
				<dict>
					<key>Track ID</key><integer>7059</integer>
				</dict>
				<dict>
					<key>Track ID</key><integer>6763</integer>
				</dict>
				<dict>
					<key>Track ID</key><integer>11331</integer>
				</dict>
				<dict>
					<key>Track ID</key><integer>8565</integer>
				</dict>
				<dict>
					<key>Track ID</key><integer>14501</integer>
				</dict>
				<dict>
					<key>Track ID</key><integer>7949</integer>
				</dict>
				<dict>
					<key>Track ID</key><integer>6901</integer>
				</dict>
				<dict>
					<key>Track ID</key><integer>15459</integer>
				</dict>
				<dict>
					<key>Track ID</key><integer>11967</integer>
				</dict>
				<dict>
					<key>Track ID</key><integer>13993</integer>
				</dict>
				<dict>
					<key>Track ID</key><integer>9787</integer>
				</dict>
				<dict>
					<key>Track ID</key><integer>15187</integer>
				</dict>
				<dict>
					<key>Track ID</key><integer>13491</integer>
				</dict>
				<dict>
					<key>Track ID</key><integer>11015</integer>
				</dict>
				<dict>
					<key>Track ID</key><integer>14605</integer>
				</dict>
				<dict>
					<key>Track ID</key><integer>3923</integer>
				</dict>
				<dict>
					<key>Track ID</key><integer>6425</integer>
				</dict>
				<dict>
					<key>Track ID</key><integer>14545</integer>
				</dict>
				<dict>
					<key>Track ID</key><integer>7115</integer>
				</dict>
				<dict>
					<key>Track ID</key><integer>6465</integer>
				</dict>
				<dict>
					<key>Track ID</key><integer>10795</integer>
				</dict>
				<dict>
					<key>Track ID</key><integer>15625</integer>
				</dict>
				<dict>
					<key>Track ID</key><integer>6433</integer>
				</dict>
				<dict>
					<key>Track ID</key><integer>5909</integer>
				</dict>
				<dict>
					<key>Track ID</key><integer>14759</integer>
				</dict>
				<dict>
					<key>Track ID</key><integer>9233</integer>
				</dict>
				<dict>
					<key>Track ID</key><integer>7317</integer>
				</dict>
				<dict>
					<key>Track ID</key><integer>13777</integer>
				</dict>
				<dict>
					<key>Track ID</key><integer>15599</integer>
				</dict>
				<dict>
					<key>Track ID</key><integer>5955</integer>
				</dict>
				<dict>
					<key>Track ID</key><integer>15805</integer>
				</dict>
				<dict>
					<key>Track ID</key><integer>15087</integer>
				</dict>
				<dict>
					<key>Track ID</key><integer>14185</integer>
				</dict>
				<dict>
					<key>Track ID</key><integer>8123</integer>
				</dict>
				<dict>
					<key>Track ID</key><integer>13467</integer>
				</dict>
				<dict>
					<key>Track ID</key><integer>6239</integer>
				</dict>
				<dict>
					<key>Track ID</key><integer>13721</integer>
				</dict>
				<dict>
					<key>Track ID</key><integer>13935</integer>
				</dict>
				<dict>
					<key>Track ID</key><integer>15249</integer>
				</dict>
				<dict>
					<key>Track ID</key><integer>7215</integer>
				</dict>
				<dict>
					<key>Track ID</key><integer>6803</integer>
				</dict>
				<dict>
					<key>Track ID</key><integer>13969</integer>
				</dict>
				<dict>
					<key>Track ID</key><integer>10263</integer>
				</dict>
				<dict>
					<key>Track ID</key><integer>15681</integer>
				</dict>
				<dict>
					<key>Track ID</key><integer>6301</integer>
				</dict>
				<dict>
					<key>Track ID</key><integer>8513</integer>
				</dict>
				<dict>
					<key>Track ID</key><integer>12705</integer>
				</dict>
				<dict>
					<key>Track ID</key><integer>15271</integer>
				</dict>
				<dict>
					<key>Track ID</key><integer>12019</integer>
				</dict>
				<dict>
					<key>Track ID</key><integer>9421</integer>
				</dict>
				<dict>
					<key>Track ID</key><integer>7057</integer>
				</dict>
				<dict>
					<key>Track ID</key><integer>13917</integer>
				</dict>
				<dict>
					<key>Track ID</key><integer>6915</integer>
				</dict>
				<dict>
					<key>Track ID</key><integer>6717</integer>
				</dict>
				<dict>
					<key>Track ID</key><integer>14735</integer>
				</dict>
				<dict>
					<key>Track ID</key><integer>9303</integer>
				</dict>
				<dict>
					<key>Track ID</key><integer>6163</integer>
				</dict>
				<dict>
					<key>Track ID</key><integer>11009</integer>
				</dict>
				<dict>
					<key>Track ID</key><integer>7629</integer>
				</dict>
				<dict>
					<key>Track ID</key><integer>9015</integer>
				</dict>
				<dict>
					<key>Track ID</key><integer>14607</integer>
				</dict>
				<dict>
					<key>Track ID</key><integer>6051</integer>
				</dict>
				<dict>
					<key>Track ID</key><integer>12241</integer>
				</dict>
				<dict>
					<key>Track ID</key><integer>6109</integer>
				</dict>
				<dict>
					<key>Track ID</key><integer>6431</integer>
				</dict>
				<dict>
					<key>Track ID</key><integer>14547</integer>
				</dict>
				<dict>
					<key>Track ID</key><integer>7117</integer>
				</dict>
				<dict>
					<key>Track ID</key><integer>6471</integer>
				</dict>
				<dict>
					<key>Track ID</key><integer>6531</integer>
				</dict>
				<dict>
					<key>Track ID</key><integer>6817</integer>
				</dict>
				<dict>
					<key>Track ID</key><integer>9833</integer>
				</dict>
				<dict>
					<key>Track ID</key><integer>6341</integer>
				</dict>
				<dict>
					<key>Track ID</key><integer>12915</integer>
				</dict>
				<dict>
					<key>Track ID</key><integer>15479</integer>
				</dict>
				<dict>
					<key>Track ID</key><integer>10629</integer>
				</dict>
				<dict>
					<key>Track ID</key><integer>11633</integer>
				</dict>
				<dict>
					<key>Track ID</key><integer>7793</integer>
				</dict>
				<dict>
					<key>Track ID</key><integer>3911</integer>
				</dict>
				<dict>
					<key>Track ID</key><integer>15303</integer>
				</dict>
				<dict>
					<key>Track ID</key><integer>15089</integer>
				</dict>
				<dict>
					<key>Track ID</key><integer>15383</integer>
				</dict>
				<dict>
					<key>Track ID</key><integer>9805</integer>
				</dict>
				<dict>
					<key>Track ID</key><integer>7083</integer>
				</dict>
				<dict>
					<key>Track ID</key><integer>12099</integer>
				</dict>
				<dict>
					<key>Track ID</key><integer>7213</integer>
				</dict>
				<dict>
					<key>Track ID</key><integer>10047</integer>
				</dict>
				<dict>
					<key>Track ID</key><integer>6293</integer>
				</dict>
				<dict>
					<key>Track ID</key><integer>7045</integer>
				</dict>
				<dict>
					<key>Track ID</key><integer>14505</integer>
				</dict>
				<dict>
					<key>Track ID</key><integer>10381</integer>
				</dict>
				<dict>
					<key>Track ID</key><integer>6923</integer>
				</dict>
				<dict>
					<key>Track ID</key><integer>6691</integer>
				</dict>
				<dict>
					<key>Track ID</key><integer>6709</integer>
				</dict>
				<dict>
					<key>Track ID</key><integer>10681</integer>
				</dict>
				<dict>
					<key>Track ID</key><integer>6459</integer>
				</dict>
				<dict>
					<key>Track ID</key><integer>6165</integer>
				</dict>
				<dict>
					<key>Track ID</key><integer>10997</integer>
				</dict>
				<dict>
					<key>Track ID</key><integer>11523</integer>
				</dict>
				<dict>
					<key>Track ID</key><integer>14609</integer>
				</dict>
				<dict>
					<key>Track ID</key><integer>3899</integer>
				</dict>
				<dict>
					<key>Track ID</key><integer>13723</integer>
				</dict>
				<dict>
					<key>Track ID</key><integer>6113</integer>
				</dict>
				<dict>
					<key>Track ID</key><integer>6411</integer>
				</dict>
				<dict>
					<key>Track ID</key><integer>14549</integer>
				</dict>
				<dict>
					<key>Track ID</key><integer>6065</integer>
				</dict>
				<dict>
					<key>Track ID</key><integer>13497</integer>
				</dict>
				<dict>
					<key>Track ID</key><integer>6813</integer>
				</dict>
				<dict>
					<key>Track ID</key><integer>7657</integer>
				</dict>
				<dict>
					<key>Track ID</key><integer>14761</integer>
				</dict>
				<dict>
					<key>Track ID</key><integer>10817</integer>
				</dict>
				<dict>
					<key>Track ID</key><integer>10595</integer>
				</dict>
				<dict>
					<key>Track ID</key><integer>10061</integer>
				</dict>
				<dict>
					<key>Track ID</key><integer>13309</integer>
				</dict>
				<dict>
					<key>Track ID</key><integer>13779</integer>
				</dict>
				<dict>
					<key>Track ID</key><integer>14385</integer>
				</dict>
				<dict>
					<key>Track ID</key><integer>12655</integer>
				</dict>
				<dict>
					<key>Track ID</key><integer>15299</integer>
				</dict>
				<dict>
					<key>Track ID</key><integer>6681</integer>
				</dict>
				<dict>
					<key>Track ID</key><integer>8209</integer>
				</dict>
				<dict>
					<key>Track ID</key><integer>12881</integer>
				</dict>
				<dict>
					<key>Track ID</key><integer>8719</integer>
				</dict>
				<dict>
					<key>Track ID</key><integer>15747</integer>
				</dict>
				<dict>
					<key>Track ID</key><integer>13445</integer>
				</dict>
				<dict>
					<key>Track ID</key><integer>6171</integer>
				</dict>
				<dict>
					<key>Track ID</key><integer>6343</integer>
				</dict>
				<dict>
					<key>Track ID</key><integer>10835</integer>
				</dict>
				<dict>
					<key>Track ID</key><integer>15275</integer>
				</dict>
				<dict>
					<key>Track ID</key><integer>12599</integer>
				</dict>
				<dict>
					<key>Track ID</key><integer>11077</integer>
				</dict>
				<dict>
					<key>Track ID</key><integer>13311</integer>
				</dict>
				<dict>
					<key>Track ID</key><integer>7043</integer>
				</dict>
				<dict>
					<key>Track ID</key><integer>11307</integer>
				</dict>
				<dict>
					<key>Track ID</key><integer>14507</integer>
				</dict>
				<dict>
					<key>Track ID</key><integer>6857</integer>
				</dict>
				<dict>
					<key>Track ID</key><integer>14161</integer>
				</dict>
				<dict>
					<key>Track ID</key><integer>13493</integer>
				</dict>
				<dict>
					<key>Track ID</key><integer>9349</integer>
				</dict>
				<dict>
					<key>Track ID</key><integer>10983</integer>
				</dict>
				<dict>
					<key>Track ID</key><integer>6757</integer>
				</dict>
				<dict>
					<key>Track ID</key><integer>14611</integer>
				</dict>
				<dict>
					<key>Track ID</key><integer>3895</integer>
				</dict>
				<dict>
					<key>Track ID</key><integer>6107</integer>
				</dict>
				<dict>
					<key>Track ID</key><integer>6393</integer>
				</dict>
				<dict>
					<key>Track ID</key><integer>14551</integer>
				</dict>
				<dict>
					<key>Track ID</key><integer>6059</integer>
				</dict>
				<dict>
					<key>Track ID</key><integer>6389</integer>
				</dict>
				<dict>
					<key>Track ID</key><integer>12381</integer>
				</dict>
				<dict>
					<key>Track ID</key><integer>6851</integer>
				</dict>
				<dict>
					<key>Track ID</key><integer>9831</integer>
				</dict>
				<dict>
					<key>Track ID</key><integer>12919</integer>
				</dict>
				<dict>
					<key>Track ID</key><integer>14763</integer>
				</dict>
				<dict>
					<key>Track ID</key><integer>11619</integer>
				</dict>
				<dict>
					<key>Track ID</key><integer>10747</integer>
				</dict>
				<dict>
					<key>Track ID</key><integer>15311</integer>
				</dict>
				<dict>
					<key>Track ID</key><integer>6675</integer>
				</dict>
				<dict>
					<key>Track ID</key><integer>7659</integer>
				</dict>
				<dict>
					<key>Track ID</key><integer>14691</integer>
				</dict>
				<dict>
					<key>Track ID</key><integer>14157</integer>
				</dict>
				<dict>
					<key>Track ID</key><integer>10321</integer>
				</dict>
				<dict>
					<key>Track ID</key><integer>13893</integer>
				</dict>
				<dict>
					<key>Track ID</key><integer>11245</integer>
				</dict>
				<dict>
					<key>Track ID</key><integer>14619</integer>
				</dict>
				<dict>
					<key>Track ID</key><integer>7469</integer>
				</dict>
				<dict>
					<key>Track ID</key><integer>15741</integer>
				</dict>
				<dict>
					<key>Track ID</key><integer>11189</integer>
				</dict>
				<dict>
					<key>Track ID</key><integer>6335</integer>
				</dict>
				<dict>
					<key>Track ID</key><integer>12861</integer>
				</dict>
				<dict>
					<key>Track ID</key><integer>7047</integer>
				</dict>
				<dict>
					<key>Track ID</key><integer>13995</integer>
				</dict>
				<dict>
					<key>Track ID</key><integer>14509</integer>
				</dict>
				<dict>
					<key>Track ID</key><integer>6651</integer>
				</dict>
				<dict>
					<key>Track ID</key><integer>6663</integer>
				</dict>
				<dict>
					<key>Track ID</key><integer>6867</integer>
				</dict>
				<dict>
					<key>Track ID</key><integer>12863</integer>
				</dict>
				<dict>
					<key>Track ID</key><integer>6751</integer>
				</dict>
				<dict>
					<key>Track ID</key><integer>14613</integer>
				</dict>
				<dict>
					<key>Track ID</key><integer>3901</integer>
				</dict>
				<dict>
					<key>Track ID</key><integer>8743</integer>
				</dict>
				<dict>
					<key>Track ID</key><integer>14553</integer>
				</dict>
				<dict>
					<key>Track ID</key><integer>6395</integer>
				</dict>
				<dict>
					<key>Track ID</key><integer>6849</integer>
				</dict>
				<dict>
					<key>Track ID</key><integer>15359</integer>
				</dict>
				<dict>
					<key>Track ID</key><integer>12561</integer>
				</dict>
				<dict>
					<key>Track ID</key><integer>15469</integer>
				</dict>
				<dict>
					<key>Track ID</key><integer>14767</integer>
				</dict>
				<dict>
					<key>Track ID</key><integer>14701</integer>
				</dict>
				<dict>
					<key>Track ID</key><integer>7311</integer>
				</dict>
				<dict>
					<key>Track ID</key><integer>15307</integer>
				</dict>
				<dict>
					<key>Track ID</key><integer>6677</integer>
				</dict>
				<dict>
					<key>Track ID</key><integer>12017</integer>
				</dict>
				<dict>
					<key>Track ID</key><integer>13727</integer>
				</dict>
				<dict>
					<key>Track ID</key><integer>15735</integer>
				</dict>
				<dict>
					<key>Track ID</key><integer>3931</integer>
				</dict>
				<dict>
					<key>Track ID</key><integer>14511</integer>
				</dict>
				<dict>
					<key>Track ID</key><integer>4087</integer>
				</dict>
				<dict>
					<key>Track ID</key><integer>4069</integer>
				</dict>
				<dict>
					<key>Track ID</key><integer>14381</integer>
				</dict>
				<dict>
					<key>Track ID</key><integer>4483</integer>
				</dict>
				<dict>
					<key>Track ID</key><integer>14615</integer>
				</dict>
				<dict>
					<key>Track ID</key><integer>3909</integer>
				</dict>
				<dict>
					<key>Track ID</key><integer>4703</integer>
				</dict>
				<dict>
					<key>Track ID</key><integer>14555</integer>
				</dict>
				<dict>
					<key>Track ID</key><integer>4105</integer>
				</dict>
				<dict>
					<key>Track ID</key><integer>15391</integer>
				</dict>
				<dict>
					<key>Track ID</key><integer>15085</integer>
				</dict>
				<dict>
					<key>Track ID</key><integer>4211</integer>
				</dict>
				<dict>
					<key>Track ID</key><integer>4481</integer>
				</dict>
				<dict>
					<key>Track ID</key><integer>13937</integer>
				</dict>
				<dict>
					<key>Track ID</key><integer>15737</integer>
				</dict>
				<dict>
					<key>Track ID</key><integer>14117</integer>
				</dict>
				<dict>
					<key>Track ID</key><integer>6327</integer>
				</dict>
				<dict>
					<key>Track ID</key><integer>13997</integer>
				</dict>
				<dict>
					<key>Track ID</key><integer>14513</integer>
				</dict>
				<dict>
					<key>Track ID</key><integer>6667</integer>
				</dict>
				<dict>
					<key>Track ID</key><integer>6971</integer>
				</dict>
				<dict>
					<key>Track ID</key><integer>13991</integer>
				</dict>
				<dict>
					<key>Track ID</key><integer>14617</integer>
				</dict>
				<dict>
					<key>Track ID</key><integer>14557</integer>
				</dict>
				<dict>
					<key>Track ID</key><integer>6223</integer>
				</dict>
				<dict>
					<key>Track ID</key><integer>15319</integer>
				</dict>
				<dict>
					<key>Track ID</key><integer>6793</integer>
				</dict>
				<dict>
					<key>Track ID</key><integer>13895</integer>
				</dict>
				<dict>
					<key>Track ID</key><integer>3889</integer>
				</dict>
				<dict>
					<key>Track ID</key><integer>15203</integer>
				</dict>
				<dict>
					<key>Track ID</key><integer>6323</integer>
				</dict>
				<dict>
					<key>Track ID</key><integer>6669</integer>
				</dict>
				<dict>
					<key>Track ID</key><integer>6587</integer>
				</dict>
				<dict>
					<key>Track ID</key><integer>7381</integer>
				</dict>
				<dict>
					<key>Track ID</key><integer>14559</integer>
				</dict>
				<dict>
					<key>Track ID</key><integer>11979</integer>
				</dict>
				<dict>
					<key>Track ID</key><integer>6231</integer>
				</dict>
				<dict>
					<key>Track ID</key><integer>15315</integer>
				</dict>
				<dict>
					<key>Track ID</key><integer>8683</integer>
				</dict>
				<dict>
					<key>Track ID</key><integer>6365</integer>
				</dict>
				<dict>
					<key>Track ID</key><integer>12945</integer>
				</dict>
				<dict>
					<key>Track ID</key><integer>11169</integer>
				</dict>
				<dict>
					<key>Track ID</key><integer>14517</integer>
				</dict>
				<dict>
					<key>Track ID</key><integer>14561</integer>
				</dict>
				<dict>
					<key>Track ID</key><integer>15317</integer>
				</dict>
				<dict>
					<key>Track ID</key><integer>6369</integer>
				</dict>
				<dict>
					<key>Track ID</key><integer>10621</integer>
				</dict>
				<dict>
					<key>Track ID</key><integer>14563</integer>
				</dict>
				<dict>
					<key>Track ID</key><integer>13967</integer>
				</dict>
				<dict>
					<key>Track ID</key><integer>6235</integer>
				</dict>
				<dict>
					<key>Track ID</key><integer>7567</integer>
				</dict>
				<dict>
					<key>Track ID</key><integer>13557</integer>
				</dict>
				<dict>
					<key>Track ID</key><integer>6359</integer>
				</dict>
				<dict>
					<key>Track ID</key><integer>11149</integer>
				</dict>
				<dict>
					<key>Track ID</key><integer>6205</integer>
				</dict>
				<dict>
					<key>Track ID</key><integer>12473</integer>
				</dict>
				<dict>
					<key>Track ID</key><integer>6363</integer>
				</dict>
				<dict>
					<key>Track ID</key><integer>15525</integer>
				</dict>
				<dict>
					<key>Track ID</key><integer>6197</integer>
				</dict>
				<dict>
					<key>Track ID</key><integer>12219</integer>
				</dict>
				<dict>
					<key>Track ID</key><integer>15527</integer>
				</dict>
				<dict>
					<key>Track ID</key><integer>6211</integer>
				</dict>
				<dict>
					<key>Track ID</key><integer>9043</integer>
				</dict>
				<dict>
					<key>Track ID</key><integer>15769</integer>
				</dict>
				<dict>
					<key>Track ID</key><integer>8313</integer>
				</dict>
				<dict>
					<key>Track ID</key><integer>12535</integer>
				</dict>
				<dict>
					<key>Track ID</key><integer>14713</integer>
				</dict>
				<dict>
					<key>Track ID</key><integer>6743</integer>
				</dict>
				<dict>
					<key>Track ID</key><integer>15361</integer>
				</dict>
				<dict>
					<key>Track ID</key><integer>14073</integer>
				</dict>
				<dict>
					<key>Track ID</key><integer>5869</integer>
				</dict>
				<dict>
					<key>Track ID</key><integer>12409</integer>
				</dict>
				<dict>
					<key>Track ID</key><integer>12287</integer>
				</dict>
			</array>
			<key>Loved</key><true/>
		</dict>
	</array>
</dict>
</plist>
