<?xml version="1.0" encoding="UTF-8"?>
<!DOCTYPE plist PUBLIC "-//Apple Computer//DTD PLIST 1.0//EN" "http://www.apple.com/DTDs/PropertyList-1.0.dtd">
<plist version="1.0">
<dict>
	<key>Major Version</key><integer>1</integer>
	<key>Minor Version</key><integer>1</integer>
	<key>Date</key><date>2025-07-16T15:37:34Z</date>
	<key>Application Version</key><string>12.13.7.1</string>
	<key>Features</key><integer>5</integer>
	<key>Show Content Ratings</key><true/>
	<key>Music Folder</key><string>file://localhost/C:/Users/hjhaw/Music/iTunes/iTunes%20Media/</string>
	<key>Library Persistent ID</key><string>5D01212205FC460C</string>
	<key>Tracks</key>
	<dict>
		<key>3884</key>
		<dict>
			<key>Track ID</key><integer>3884</integer>
			<key>Name</key><string>Heavenly Father</string>
			<key>Artist</key><string>Bon Iver</string>
			<key>Album Artist</key><string>Various Artists</string>
			<key>Composer</key><string>Justin Vernon</string>
			<key>Album</key><string>Wish I Was Here (Music From the Motion Picture)</string>
			<key>Genre</key><string>Music</string>
			<key>Kind</key><string>Purchased AAC audio file</string>
			<key>Size</key><integer>8717446</integer>
			<key>Total Time</key><integer>243920</integer>
			<key>Disc Number</key><integer>1</integer>
			<key>Disc Count</key><integer>1</integer>
			<key>Track Number</key><integer>12</integer>
			<key>Track Count</key><integer>15</integer>
			<key>Year</key><integer>2014</integer>
			<key>Date Modified</key><date>2020-01-20T00:35:06Z</date>
			<key>Date Added</key><date>2020-01-20T00:35:06Z</date>
			<key>Bit Rate</key><integer>256</integer>
			<key>Sample Rate</key><integer>44100</integer>
			<key>Comments</key><string>White</string>
			<key>Play Count</key><integer>5</integer>
			<key>Play Date</key><integer>3783780614</integer>
			<key>Play Date UTC</key><date>2023-11-26T01:10:14Z</date>
			<key>Release Date</key><date>2014-07-11T12:00:00Z</date>
			<key>Loved</key><true/>
			<key>Compilation</key><true/>
			<key>Artwork Count</key><integer>1</integer>
			<key>Sort Album</key><string>Wish I Was Here (Music From the Motion Picture)</string>
			<key>Sort Artist</key><string>Bon Iver</string>
			<key>Sort Composer</key><string>Justin Vernon</string>
			<key>Sort Name</key><string>Heavenly Father</string>
			<key>Persistent ID</key><string>967E69933FD5A991</string>
			<key>Track Type</key><string>Remote</string>
			<key>Purchased</key><true/>
		</dict>
		<key>3894</key>
		<dict>
			<key>Track ID</key><integer>3894</integer>
			<key>Name</key><string>m.A.A.d city (feat. MC Eiht)</string>
			<key>Artist</key><string>Kendrick Lamar</string>
			<key>Album Artist</key><string>Kendrick Lamar</string>
			<key>Composer</key><string>Kendrick Lamar, M. Spears, Ricci Riera, Axel Morgan &#38; A. Tyler</string>
			<key>Album</key><string>good kid, m.A.A.d city</string>
			<key>Genre</key><string>Music</string>
			<key>Kind</key><string>Apple Music AAC audio file</string>
			<key>Size</key><integer>12269782</integer>
			<key>Total Time</key><integer>350172</integer>
			<key>Disc Number</key><integer>1</integer>
			<key>Disc Count</key><integer>1</integer>
			<key>Track Number</key><integer>8</integer>
			<key>Track Count</key><integer>12</integer>
			<key>Year</key><integer>2012</integer>
			<key>Date Modified</key><date>2023-09-25T05:36:27Z</date>
			<key>Date Added</key><date>2023-09-25T05:36:27Z</date>
			<key>Bit Rate</key><integer>256</integer>
			<key>Sample Rate</key><integer>44100</integer>
			<key>Play Count</key><integer>9</integer>
			<key>Play Date</key><integer>3825433481</integer>
			<key>Play Date UTC</key><date>2025-03-22T02:24:41Z</date>
			<key>Skip Count</key><integer>2</integer>
			<key>Skip Date</key><date>2025-04-08T17:27:12Z</date>
			<key>Release Date</key><date>2012-10-22T12:00:00Z</date>
			<key>Loved</key><true/>
			<key>Artwork Count</key><integer>1</integer>
			<key>Sort Album</key><string>good kid, m.A.A.d city</string>
			<key>Sort Artist</key><string>Kendrick Lamar</string>
			<key>Sort Name</key><string>m.A.A.d city (feat. MC Eiht)</string>
			<key>Persistent ID</key><string>D26B6A876C366B80</string>
			<key>Explicit</key><true/>
			<key>Track Type</key><string>Remote</string>
			<key>Apple Music</key><true/>
		</dict>
		<key>5042</key>
		<dict>
			<key>Track ID</key><integer>5042</integer>
			<key>Name</key><string>Take On Me (2015 Remastered Version)</string>
			<key>Artist</key><string>a-ha</string>
			<key>Album Artist</key><string>a-ha</string>
			<key>Composer</key><string>Magne Furuholmen, Morten Harket &#38; Paul Waaktaar-Savoy</string>
			<key>Album</key><string>Hunting High &#38; Low (Remastered)</string>
			<key>Genre</key><string>Music</string>
			<key>Kind</key><string>Apple Music AAC audio file</string>
			<key>Size</key><integer>8460667</integer>
			<key>Total Time</key><integer>228480</integer>
			<key>Disc Number</key><integer>1</integer>
			<key>Disc Count</key><integer>1</integer>
			<key>Track Number</key><integer>1</integer>
			<key>Track Count</key><integer>10</integer>
			<key>Year</key><integer>1985</integer>
			<key>Date Modified</key><date>2023-09-25T05:46:52Z</date>
			<key>Date Added</key><date>2023-09-25T05:46:52Z</date>
			<key>Bit Rate</key><integer>256</integer>
			<key>Sample Rate</key><integer>44100</integer>
			<key>Play Count</key><integer>1</integer>
			<key>Play Date</key><integer>3834558859</integer>
			<key>Play Date UTC</key><date>2025-07-05T17:14:19Z</date>
			<key>Release Date</key><date>1985-06-01T07:00:00Z</date>
			<key>Loved</key><true/>
			<key>Artwork Count</key><integer>1</integer>
			<key>Sort Album</key><string>Hunting High &#38; Low (Remastered)</string>
			<key>Sort Artist</key><string>a-ha</string>
			<key>Sort Name</key><string>Take On Me (2015 Remastered Version)</string>
			<key>Persistent ID</key><string>4AF836AB4F8029FC</string>
			<key>Track Type</key><string>Remote</string>
			<key>Apple Music</key><true/>
		</dict>
		<key>5620</key>
		<dict>
			<key>Track ID</key><integer>5620</integer>
			<key>Name</key><string>Keep On Laughin'</string>
			<key>Artist</key><string>Ric Ocasek</string>
			<key>Album Artist</key><string>Ric Ocasek</string>
			<key>Composer</key><string>Ric Ocasek</string>
			<key>Album</key><string>This Side of Paradise</string>
			<key>Genre</key><string>Music</string>
			<key>Kind</key><string>Apple Music AAC audio file</string>
			<key>Size</key><integer>9889652</integer>
			<key>Total Time</key><integer>276600</integer>
			<key>Disc Number</key><integer>1</integer>
			<key>Disc Count</key><integer>1</integer>
			<key>Track Number</key><integer>1</integer>
			<key>Track Count</key><integer>10</integer>
			<key>Year</key><integer>1986</integer>
			<key>Date Modified</key><date>2023-09-25T05:59:55Z</date>
			<key>Date Added</key><date>2023-09-25T05:59:55Z</date>
			<key>Bit Rate</key><integer>256</integer>
			<key>Sample Rate</key><integer>44100</integer>
			<key>Play Count</key><integer>2</integer>
			<key>Play Date</key><integer>3780379050</integer>
			<key>Play Date UTC</key><date>2023-10-17T15:17:30Z</date>
			<key>Release Date</key><date>1986-01-01T12:00:00Z</date>
			<key>Loved</key><true/>
			<key>Artwork Count</key><integer>1</integer>
			<key>Sort Album</key><string>This Side of Paradise</string>
			<key>Sort Artist</key><string>Ric Ocasek</string>
			<key>Sort Name</key><string>Keep On Laughin'</string>
			<key>Persistent ID</key><string>2A29DFFCC4197AF0</string>
			<key>Track Type</key><string>Remote</string>
			<key>Apple Music</key><true/>
		</dict>
		<key>5630</key>
		<dict>
			<key>Track ID</key><integer>5630</integer>
			<key>Name</key><string>United In Grief</string>
			<key>Artist</key><string>Kendrick Lamar</string>
			<key>Album Artist</key><string>Kendrick Lamar</string>
			<key>Composer</key><string>Kendrick Lamar, M. Spears, J. Pounds, Duval Timothy, Matt Schaeffer, Johnny Kosich, Jake Kosich, Sam Dew &#38; Timothy Maxey</string>
			<key>Album</key><string>Mr. Morale &#38; The Big Steppers</string>
			<key>Genre</key><string>Music</string>
			<key>Kind</key><string>Apple Music AAC audio file</string>
			<key>Size</key><integer>8927297</integer>
			<key>Total Time</key><integer>255378</integer>
			<key>Disc Number</key><integer>1</integer>
			<key>Disc Count</key><integer>2</integer>
			<key>Track Number</key><integer>1</integer>
			<key>Track Count</key><integer>9</integer>
			<key>Year</key><integer>2022</integer>
			<key>Date Modified</key><date>2023-09-25T05:59:55Z</date>
			<key>Date Added</key><date>2023-09-25T05:59:55Z</date>
			<key>Bit Rate</key><integer>256</integer>
			<key>Sample Rate</key><integer>44100</integer>
			<key>Comments</key><string>Indigo</string>
			<key>Play Count</key><integer>5</integer>
			<key>Play Date</key><integer>3825494394</integer>
			<key>Play Date UTC</key><date>2025-03-22T19:19:54Z</date>
			<key>Release Date</key><date>2022-05-13T12:00:00Z</date>
			<key>Loved</key><true/>
			<key>Artwork Count</key><integer>1</integer>
			<key>Sort Album</key><string>Mr. Morale &#38; The Big Steppers</string>
			<key>Sort Artist</key><string>Kendrick Lamar</string>
			<key>Sort Name</key><string>United In Grief</string>
			<key>Persistent ID</key><string>7E11B75F0A084BA7</string>
			<key>Explicit</key><true/>
			<key>Track Type</key><string>Remote</string>
			<key>Apple Music</key><true/>
		</dict>
		<key>5660</key>
		<dict>
			<key>Track ID</key><integer>5660</integer>
			<key>Name</key><string>Mycelium</string>
			<key>Artist</key><string>King Gizzard &#38; The Lizard Wizard</string>
			<key>Album Artist</key><string>King Gizzard &#38; The Lizard Wizard</string>
			<key>Composer</key><string>Stu Mackenzie, Ambrose Kenny-Smith, Joey Walker, Nicholas Craig, Michael Cavanagh &#38; Lucas Harwood</string>
			<key>Album</key><string>Ice, Death, Planets, Lungs, Mushrooms And Lava</string>
			<key>Genre</key><string>Music</string>
			<key>Kind</key><string>Apple Music AAC audio file</string>
			<key>Size</key><integer>15953071</integer>
			<key>Total Time</key><integer>455684</integer>
			<key>Disc Number</key><integer>1</integer>
			<key>Disc Count</key><integer>1</integer>
			<key>Track Number</key><integer>1</integer>
			<key>Track Count</key><integer>7</integer>
			<key>Year</key><integer>2022</integer>
			<key>Date Modified</key><date>2023-09-25T05:59:55Z</date>
			<key>Date Added</key><date>2023-09-25T05:59:55Z</date>
			<key>Bit Rate</key><integer>256</integer>
			<key>Sample Rate</key><integer>44100</integer>
			<key>Comments</key><string>Yellow</string>
			<key>Play Count</key><integer>5</integer>
			<key>Play Date</key><integer>3817626785</integer>
			<key>Play Date UTC</key><date>2024-12-21T18:53:05Z</date>
			<key>Skip Count</key><integer>1</integer>
			<key>Skip Date</key><date>2024-01-18T01:11:34Z</date>
			<key>Release Date</key><date>2022-10-07T12:00:00Z</date>
			<key>Loved</key><true/>
			<key>Artwork Count</key><integer>1</integer>
			<key>Sort Album</key><string>Ice, Death, Planets, Lungs, Mushrooms And Lava</string>
			<key>Sort Artist</key><string>King Gizzard &#38; The Lizard Wizard</string>
			<key>Sort Name</key><string>Mycelium</string>
			<key>Persistent ID</key><string>7448CFBE588E171E</string>
			<key>Track Type</key><string>Remote</string>
			<key>Apple Music</key><true/>
		</dict>
		<key>5840</key>
		<dict>
			<key>Track ID</key><integer>5840</integer>
			<key>Name</key><string>Teen Age Riot (2012 Remastered Version)</string>
			<key>Artist</key><string>Sonic Youth</string>
			<key>Album Artist</key><string>Sonic Youth</string>
			<key>Album</key><string>Daydream Nation (2012 Remastered Version)</string>
			<key>Genre</key><string>Music</string>
			<key>Kind</key><string>Apple Music AAC audio file</string>
			<key>Size</key><integer>15247653</integer>
			<key>Total Time</key><integer>418947</integer>
			<key>Disc Number</key><integer>1</integer>
			<key>Disc Count</key><integer>1</integer>
			<key>Track Number</key><integer>1</integer>
			<key>Track Count</key><integer>14</integer>
			<key>Year</key><integer>1988</integer>
			<key>Date Modified</key><date>2023-09-25T06:02:06Z</date>
			<key>Date Added</key><date>2023-09-25T06:02:06Z</date>
			<key>Bit Rate</key><integer>256</integer>
			<key>Sample Rate</key><integer>44100</integer>
			<key>Play Count</key><integer>7</integer>
			<key>Play Date</key><integer>3834493861</integer>
			<key>Play Date UTC</key><date>2025-07-04T23:11:01Z</date>
			<key>Skip Count</key><integer>1</integer>
			<key>Skip Date</key><date>2025-01-08T21:53:10Z</date>
			<key>Release Date</key><date>1988-10-18T07:00:00Z</date>
			<key>Loved</key><true/>
			<key>Artwork Count</key><integer>1</integer>
			<key>Sort Album</key><string>Daydream Nation (2012 Remastered Version)</string>
			<key>Sort Artist</key><string>Sonic Youth</string>
			<key>Sort Name</key><string>Teen Age Riot (2012 Remastered Version)</string>
			<key>Persistent ID</key><string>183ACB73E5D9FE6B</string>
			<key>Track Type</key><string>Remote</string>
			<key>Apple Music</key><true/>
		</dict>
		<key>9282</key>
		<dict>
			<key>Track ID</key><integer>9282</integer>
			<key>Name</key><string>qq owvrnrwv qwoepqo</string>
			<key>Artist</key><string>The owvrnrwv qq</string>
			<key>Album Artist</key><string>The owvrnrwv qq</string>
			<key>Composer</key><string>Brian Burton, Dan Auerbach &#38; Patrick Carney</string>
			<key>Album</key><string>vmnbvmn</string>
			<key>Genre</key><string>Music</string>
			<key>Kind</key><string>Apple Music AAC audio file</string>
			<key>Size</key><integer>9673471</integer>
			<key>Total Time</key><integer>251267</integer>
			<key>Disc Number</key><integer>1</integer>
			<key>Disc Count</key><integer>1</integer>
			<key>Track Number</key><integer>4</integer>
			<key>Track Count</key><integer>11</integer>
			<key>Year</key><integer>2011</integer>
			<key>Date Modified</key><date>2023-09-26T02:15:20Z</date>
			<key>Date Added</key><date>2023-09-26T02:15:20Z</date>
			<key>Bit Rate</key><integer>256</integer>
			<key>Sample Rate</key><integer>44100</integer>
			<key>Play Count</key><integer>2</integer>
			<key>Play Date</key><integer>3834597586</integer>
			<key>Play Date UTC</key><date>2025-07-06T03:59:46Z</date>
			<key>Release Date</key><date>2011-12-06T08:00:00Z</date>
			<key>Loved</key><true/>
			<key>Artwork Count</key><integer>1</integer>
			<key>Sort Album</key><string>vmnbvmn</string>
			<key>Sort Album Artist</key><string>owvrnrwv Keys</string>
			<key>Sort Artist</key><string>owvrnrwv qq</string>
			<key>Sort Name</key><string>Little owvrnrwv qwoepqo</string>
			<key>Persistent ID</key><string>A0B30B8C520FA61C</string>
			<key>Track Type</key><string>Remote</string>
			<key>Apple Music</key><true/>
		</dict>
		<key>9298</key>
		<dict>
			<key>Track ID</key><integer>9298</integer>
			<key>Name</key><string>Linger</string>
			<key>Artist</key><string>The Cranberries</string>
			<key>Album Artist</key><string>The Cranberries</string>
			<key>Composer</key><string>Dolores O'Riordan &#38; Noel Hogan</string>
			<key>Album</key><string>Everybody Else Is Doing It, So Why Can't We?</string>
			<key>Genre</key><string>Music</string>
			<key>Kind</key><string>Apple Music AAC audio file</string>
			<key>Size</key><integer>10351243</integer>
			<key>Total Time</key><integer>274707</integer>
			<key>Disc Number</key><integer>1</integer>
			<key>Disc Count</key><integer>1</integer>
			<key>Track Number</key><integer>7</integer>
			<key>Track Count</key><integer>12</integer>
			<key>Year</key><integer>1993</integer>
			<key>Date Modified</key><date>2023-09-26T02:15:20Z</date>
			<key>Date Added</key><date>2023-09-26T02:15:20Z</date>
			<key>Bit Rate</key><integer>256</integer>
			<key>Sample Rate</key><integer>44100</integer>
			<key>Comments</key><string>Green</string>
			<key>Play Count</key><integer>3</integer>
			<key>Play Date</key><integer>3817639994</integer>
			<key>Play Date UTC</key><date>2024-12-21T22:33:14Z</date>
			<key>Release Date</key><date>1993-02-15T08:00:00Z</date>
			<key>Loved</key><true/>
			<key>Artwork Count</key><integer>1</integer>
			<key>Sort Album</key><string>Everybody Else Is Doing It, So Why Can't We?</string>
			<key>Sort Album Artist</key><string>Cranberries</string>
			<key>Sort Artist</key><string>Cranberries</string>
			<key>Sort Name</key><string>Linger</string>
			<key>Persistent ID</key><string>2F9405A838503270</string>
			<key>Track Type</key><string>Remote</string>
			<key>Apple Music</key><true/>
		</dict>
		<key>12234</key>
		<dict>
			<key>Track ID</key><integer>12234</integer>
			<key>Name</key><string>The Universal</string>
			<key>Artist</key><string>Blur</string>
			<key>Album Artist</key><string>Blur</string>
			<key>Composer</key><string>Alex James, Damon Albarn, Dave Rowntree &#38; Graham Coxon</string>
			<key>Album</key><string>The Great Escape</string>
			<key>Genre</key><string>Music</string>
			<key>Kind</key><string>Apple Music AAC audio file</string>
			<key>Size</key><integer>9420870</integer>
			<key>Total Time</key><integer>238520</integer>
			<key>Disc Number</key><integer>1</integer>
			<key>Disc Count</key><integer>1</integer>
			<key>Track Number</key><integer>7</integer>
			<key>Track Count</key><integer>15</integer>
			<key>Year</key><integer>1995</integer>
			<key>Date Modified</key><date>2023-09-26T04:08:59Z</date>
			<key>Date Added</key><date>2023-09-26T04:08:59Z</date>
			<key>Bit Rate</key><integer>256</integer>
			<key>Sample Rate</key><integer>44100</integer>
			<key>Play Count</key><integer>6</integer>
			<key>Play Date</key><integer>3822480445</integer>
			<key>Play Date UTC</key><date>2025-02-15T23:07:25Z</date>
			<key>Release Date</key><date>1995-09-11T12:00:00Z</date>
			<key>Loved</key><true/>
			<key>Artwork Count</key><integer>1</integer>
			<key>Sort Album</key><string>Great Escape</string>
			<key>Sort Artist</key><string>Blur</string>
			<key>Sort Name</key><string>Universal</string>
			<key>Persistent ID</key><string>9C3B4AF02D6C6C79</string>
			<key>Track Type</key><string>Remote</string>
			<key>Apple Music</key><true/>
		</dict>
	</dict>
	<key>Playlists</key>
	<array>
		<dict>
			<key>Name</key><string>tricky</string>
			<key>Description</key><string></string>
			<key>Playlist ID</key><integer>41837</integer>
			<key>Playlist Persistent ID</key><string>2DC1EC2F88B58A5B</string>
			<key>All Items</key><true/>
			<key>Playlist Items</key>
			<array>
				<dict>
					<key>Track ID</key><integer>3894</integer>
				</dict>
				<dict>
					<key>Track ID</key><integer>5042</integer>
				</dict>
				<dict>
					<key>Track ID</key><integer>5620</integer>
				</dict>
				<dict>
					<key>Track ID</key><integer>5630</integer>
				</dict>
				<dict>
					<key>Track ID</key><integer>5660</integer>
				</dict>
				<dict>
					<key>Track ID</key><integer>5840</integer>
				</dict>
				<dict>
					<key>Track ID</key><integer>9298</integer>
				</dict>
				<dict>
					<key>Track ID</key><integer>12234</integer>
				</dict>
				<dict>
					<key>Track ID</key><integer>3884</integer>
				</dict>
				<dict>
					<key>Track ID</key><integer>9282</integer>
				</dict>
			</array>
			<key>Loved</key><true/>
		</dict>
	</array>
</dict>
</plist>
