<?xml version="1.0" encoding="UTF-8"?>
<!DOCTYPE plist PUBLIC "-//Apple Computer//DTD PLIST 1.0//EN" "http://www.apple.com/DTDs/PropertyList-1.0.dtd">
<plist version="1.0">
<dict>
	<key>Major Version</key><integer>1</integer>
	<key>Minor Version</key><integer>1</integer>
	<key>Date</key><date>2025-07-18T17:52:28Z</date>
	<key>Application Version</key><string>12.13.7.1</string>
	<key>Features</key><integer>5</integer>
	<key>Show Content Ratings</key><true/>
	<key>Music Folder</key><string>file://localhost/C:/Users/hjhaw/Music/iTunes/iTunes%20Media/</string>
	<key>Library Persistent ID</key><string>5D01212205FC460C</string>
	<key>Tracks</key>
	<dict>
		<key>3885</key>
		<dict>
			<key>Track ID</key><integer>3885</integer>
			<key>Name</key><string>Heavenly Father</string>
			<key>Artist</key><string>Bon Iver</string>
			<key>Album Artist</key><string>Various Artists</string>
			<key>Composer</key><string>Justin Vernon</string>
			<key>Album</key><string>Wish I Was Here (Music From the Motion Picture)</string>
			<key>Genre</key><string>Music</string>
			<key>Kind</key><string>Purchased AAC audio file</string>
			<key>Size</key><integer>8717446</integer>
			<key>Total Time</key><integer>243920</integer>
			<key>Disc Number</key><integer>1</integer>
			<key>Disc Count</key><integer>1</integer>
			<key>Track Number</key><integer>12</integer>
			<key>Track Count</key><integer>15</integer>
			<key>Year</key><integer>2014</integer>
			<key>Date Modified</key><date>2020-01-20T00:35:06Z</date>
			<key>Date Added</key><date>2020-01-20T00:35:06Z</date>
			<key>Bit Rate</key><integer>256</integer>
			<key>Sample Rate</key><integer>44100</integer>
			<key>Comments</key><string>White</string>
			<key>Play Count</key><integer>5</integer>
			<key>Play Date</key><integer>3783780614</integer>
			<key>Play Date UTC</key><date>2023-11-26T01:10:14Z</date>
			<key>Release Date</key><date>2014-07-11T12:00:00Z</date>
			<key>Loved</key><true/>
			<key>Compilation</key><true/>
			<key>Artwork Count</key><integer>1</integer>
			<key>Sort Album</key><string>Wish I Was Here (Music From the Motion Picture)</string>
			<key>Sort Artist</key><string>Bon Iver</string>
			<key>Sort Composer</key><string>Justin Vernon</string>
			<key>Sort Name</key><string>Heavenly Father</string>
			<key>Persistent ID</key><string>967E69933FD5A991</string>
			<key>Track Type</key><string>Remote</string>
			<key>Purchased</key><true/>
		</dict>
		<key>3887</key>
		<dict>
			<key>Track ID</key><integer>3887</integer>
			<key>Name</key><string>Wish You Were Here</string>
			<key>Artist</key><string>Pink Floyd</string>
			<key>Album Artist</key><string>Pink Floyd</string>
			<key>Composer</key><string>David Gilmour &#38; Roger Waters</string>
			<key>Album</key><string>Wish You Were Here</string>
			<key>Genre</key><string>Music</string>
			<key>Kind</key><string>Apple Music AAC audio file</string>
			<key>Size</key><integer>12220042</integer>
			<key>Total Time</key><integer>338467</integer>
			<key>Disc Number</key><integer>1</integer>
			<key>Disc Count</key><integer>1</integer>
			<key>Track Number</key><integer>4</integer>
			<key>Track Count</key><integer>5</integer>
			<key>Year</key><integer>1975</integer>
			<key>Date Modified</key><date>2023-09-25T05:34:30Z</date>
			<key>Date Added</key><date>2023-09-25T05:34:30Z</date>
			<key>Bit Rate</key><integer>256</integer>
			<key>Sample Rate</key><integer>44100</integer>
			<key>Comments</key><string>Green</string>
			<key>Play Count</key><integer>2</integer>
			<key>Play Date</key><integer>3834584931</integer>
			<key>Play Date UTC</key><date>2025-07-06T00:28:51Z</date>
			<key>Skip Count</key><integer>1</integer>
			<key>Skip Date</key><date>2023-10-20T21:11:39Z</date>
			<key>Release Date</key><date>1975-09-12T07:00:00Z</date>
			<key>Loved</key><true/>
			<key>Artwork Count</key><integer>1</integer>
			<key>Sort Album</key><string>Wish You Were Here</string>
			<key>Sort Artist</key><string>Pink Floyd</string>
			<key>Sort Name</key><string>Wish You Were Here</string>
			<key>Persistent ID</key><string>A9C370DC161F1166</string>
			<key>Track Type</key><string>Remote</string>
			<key>Apple Music</key><true/>
		</dict>
		<key>3917</key>
		<dict>
			<key>Track ID</key><integer>3917</integer>
			<key>Name</key><string>Montezuma</string>
			<key>Artist</key><string>Fleet Foxes</string>
			<key>Album Artist</key><string>Fleet Foxes</string>
			<key>Composer</key><string>Robin Pecknold</string>
			<key>Album</key><string>Helplessness Blues</string>
			<key>Genre</key><string>Music</string>
			<key>Kind</key><string>Apple Music AAC audio file</string>
			<key>Size</key><integer>8020758</integer>
			<key>Total Time</key><integer>216605</integer>
			<key>Disc Number</key><integer>1</integer>
			<key>Disc Count</key><integer>1</integer>
			<key>Track Number</key><integer>1</integer>
			<key>Track Count</key><integer>12</integer>
			<key>Year</key><integer>2011</integer>
			<key>Date Modified</key><date>2023-09-25T05:36:27Z</date>
			<key>Date Added</key><date>2023-09-25T05:36:27Z</date>
			<key>Bit Rate</key><integer>256</integer>
			<key>Sample Rate</key><integer>44100</integer>
			<key>Comments</key><string>Green</string>
			<key>Play Count</key><integer>3</integer>
			<key>Play Date</key><integer>3822734672</integer>
			<key>Play Date UTC</key><date>2025-02-18T21:44:32Z</date>
			<key>Skip Count</key><integer>1</integer>
			<key>Skip Date</key><date>2025-02-02T08:02:05Z</date>
			<key>Release Date</key><date>2011-05-03T07:00:00Z</date>
			<key>Loved</key><true/>
			<key>Artwork Count</key><integer>1</integer>
			<key>Sort Album</key><string>Helplessness Blues</string>
			<key>Sort Artist</key><string>Fleet Foxes</string>
			<key>Sort Name</key><string>Montezuma</string>
			<key>Persistent ID</key><string>AA2AED9E8BE6E3DC</string>
			<key>Track Type</key><string>Remote</string>
			<key>Apple Music</key><true/>
		</dict>
		<key>3925</key>
		<dict>
			<key>Track ID</key><integer>3925</integer>
			<key>Name</key><string>Something</string>
			<key>Artist</key><string>The Beatles</string>
			<key>Album Artist</key><string>The Beatles</string>
			<key>Composer</key><string>George Harrison</string>
			<key>Album</key><string>Abbey Road (Remastered)</string>
			<key>Genre</key><string>Music</string>
			<key>Kind</key><string>Apple Music AAC audio file</string>
			<key>Size</key><integer>7086774</integer>
			<key>Total Time</key><integer>182293</integer>
			<key>Disc Number</key><integer>1</integer>
			<key>Disc Count</key><integer>1</integer>
			<key>Track Number</key><integer>2</integer>
			<key>Track Count</key><integer>17</integer>
			<key>Year</key><integer>1969</integer>
			<key>Date Modified</key><date>2023-09-25T05:36:27Z</date>
			<key>Date Added</key><date>2023-09-25T05:36:27Z</date>
			<key>Bit Rate</key><integer>256</integer>
			<key>Sample Rate</key><integer>44100</integer>
			<key>Comments</key><string>Green</string>
			<key>Play Count</key><integer>3</integer>
			<key>Play Date</key><integer>3834583104</integer>
			<key>Play Date UTC</key><date>2025-07-05T23:58:24Z</date>
			<key>Release Date</key><date>1969-09-26T12:00:00Z</date>
			<key>Loved</key><true/>
			<key>Artwork Count</key><integer>1</integer>
			<key>Sort Album</key><string>Abbey Road (Remastered)</string>
			<key>Sort Album Artist</key><string>Beatles</string>
			<key>Sort Artist</key><string>Beatles</string>
			<key>Sort Name</key><string>Something</string>
			<key>Persistent ID</key><string>800A031EACFDD279</string>
			<key>Track Type</key><string>Remote</string>
			<key>Apple Music</key><true/>
		</dict>
		<key>4033</key>
		<dict>
			<key>Track ID</key><integer>4033</integer>
			<key>Name</key><string>White Winter Hymnal</string>
			<key>Artist</key><string>Fleet Foxes</string>
			<key>Album Artist</key><string>Fleet Foxes</string>
			<key>Composer</key><string>Robin Pecknold</string>
			<key>Album</key><string>Fleet Foxes</string>
			<key>Genre</key><string>Music</string>
			<key>Kind</key><string>Apple Music AAC audio file</string>
			<key>Size</key><integer>5832463</integer>
			<key>Total Time</key><integer>147027</integer>
			<key>Disc Number</key><integer>1</integer>
			<key>Disc Count</key><integer>1</integer>
			<key>Track Number</key><integer>2</integer>
			<key>Track Count</key><integer>11</integer>
			<key>Year</key><integer>2008</integer>
			<key>Date Modified</key><date>2023-09-25T05:38:54Z</date>
			<key>Date Added</key><date>2023-09-25T05:38:54Z</date>
			<key>Bit Rate</key><integer>256</integer>
			<key>Sample Rate</key><integer>44100</integer>
			<key>Play Count</key><integer>2</integer>
			<key>Play Date</key><integer>3834648853</integer>
			<key>Play Date UTC</key><date>2025-07-06T18:14:13Z</date>
			<key>Release Date</key><date>2008-06-03T07:00:00Z</date>
			<key>Loved</key><true/>
			<key>Artwork Count</key><integer>1</integer>
			<key>Sort Album</key><string>Fleet Foxes</string>
			<key>Sort Artist</key><string>Fleet Foxes</string>
			<key>Sort Name</key><string>White Winter Hymnal</string>
			<key>Persistent ID</key><string>A221352AF49A25C4</string>
			<key>Track Type</key><string>Remote</string>
			<key>Apple Music</key><true/>
		</dict>
		<key>4127</key>
		<dict>
			<key>Track ID</key><integer>4127</integer>
			<key>Name</key><string>Gibraltar</string>
			<key>Artist</key><string>Beirut</string>
			<key>Album Artist</key><string>Beirut</string>
			<key>Composer</key><string>Zach Condon</string>
			<key>Album</key><string>No No No</string>
			<key>Genre</key><string>Music</string>
			<key>Kind</key><string>Apple Music AAC audio file</string>
			<key>Size</key><integer>7903389</integer>
			<key>Total Time</key><integer>221613</integer>
			<key>Disc Number</key><integer>1</integer>
			<key>Disc Count</key><integer>1</integer>
			<key>Track Number</key><integer>1</integer>
			<key>Track Count</key><integer>9</integer>
			<key>Year</key><integer>2015</integer>
			<key>Date Modified</key><date>2023-09-25T05:38:55Z</date>
			<key>Date Added</key><date>2023-09-25T05:38:55Z</date>
			<key>Bit Rate</key><integer>256</integer>
			<key>Sample Rate</key><integer>44100</integer>
			<key>Comments</key><string>Green</string>
			<key>Play Count</key><integer>3</integer>
			<key>Play Date</key><integer>3834575989</integer>
			<key>Play Date UTC</key><date>2025-07-05T21:59:49Z</date>
			<key>Release Date</key><date>2015-09-11T12:00:00Z</date>
			<key>Loved</key><true/>
			<key>Artwork Count</key><integer>1</integer>
			<key>Sort Album</key><string>No No No</string>
			<key>Sort Artist</key><string>Beirut</string>
			<key>Sort Name</key><string>Gibraltar</string>
			<key>Persistent ID</key><string>D4DA65D247E0DF08</string>
			<key>Track Type</key><string>Remote</string>
			<key>Apple Music</key><true/>
		</dict>
		<key>4183</key>
		<dict>
			<key>Track ID</key><integer>4183</integer>
			<key>Name</key><string>Born Under Punches (The Heat Goes On)</string>
			<key>Artist</key><string>Talking Heads</string>
			<key>Album Artist</key><string>Talking Heads</string>
			<key>Composer</key><string>Brian Eno, Chris Frantz, David Byrne, Jerry Harrison &#38; Tina Weymouth</string>
			<key>Album</key><string>Remain In Light</string>
			<key>Genre</key><string>Music</string>
			<key>Kind</key><string>Apple Music AAC audio file</string>
			<key>Size</key><integer>12174120</integer>
			<key>Total Time</key><integer>348973</integer>
			<key>Disc Number</key><integer>1</integer>
			<key>Disc Count</key><integer>1</integer>
			<key>Track Number</key><integer>1</integer>
			<key>Track Count</key><integer>8</integer>
			<key>Year</key><integer>1980</integer>
			<key>Date Modified</key><date>2023-09-25T05:38:55Z</date>
			<key>Date Added</key><date>2023-09-25T05:38:55Z</date>
			<key>Bit Rate</key><integer>256</integer>
			<key>Sample Rate</key><integer>44100</integer>
			<key>Play Count</key><integer>5</integer>
			<key>Play Date</key><integer>3834486357</integer>
			<key>Play Date UTC</key><date>2025-07-04T21:05:57Z</date>
			<key>Skip Count</key><integer>2</integer>
			<key>Skip Date</key><date>2025-07-06T14:38:29Z</date>
			<key>Release Date</key><date>1980-10-08T07:00:00Z</date>
			<key>Loved</key><true/>
			<key>Artwork Count</key><integer>1</integer>
			<key>Sort Album</key><string>Remain In Light</string>
			<key>Sort Artist</key><string>Talking Heads</string>
			<key>Sort Name</key><string>Born Under Punches (The Heat Goes On)</string>
			<key>Persistent ID</key><string>A40A72C0302A65E1</string>
			<key>Track Type</key><string>Remote</string>
			<key>Apple Music</key><true/>
		</dict>
		<key>4207</key>
		<dict>
			<key>Track ID</key><integer>4207</integer>
			<key>Name</key><string>In My Life</string>
			<key>Artist</key><string>The Beatles</string>
			<key>Album Artist</key><string>The Beatles</string>
			<key>Composer</key><string>Paul McCartney &#38; John Lennon</string>
			<key>Album</key><string>Rubber Soul</string>
			<key>Genre</key><string>Music</string>
			<key>Kind</key><string>Apple Music AAC audio file</string>
			<key>Size</key><integer>5839942</integer>
			<key>Total Time</key><integer>146333</integer>
			<key>Disc Number</key><integer>1</integer>
			<key>Disc Count</key><integer>1</integer>
			<key>Track Number</key><integer>11</integer>
			<key>Track Count</key><integer>14</integer>
			<key>Year</key><integer>1965</integer>
			<key>Date Modified</key><date>2023-09-25T05:38:55Z</date>
			<key>Date Added</key><date>2023-09-25T05:38:55Z</date>
			<key>Bit Rate</key><integer>256</integer>
			<key>Sample Rate</key><integer>44100</integer>
			<key>Comments</key><string>Green</string>
			<key>Play Count</key><integer>2</integer>
			<key>Play Date</key><integer>3834584592</integer>
			<key>Play Date UTC</key><date>2025-07-06T00:23:12Z</date>
			<key>Release Date</key><date>1965-12-03T12:00:00Z</date>
			<key>Loved</key><true/>
			<key>Artwork Count</key><integer>1</integer>
			<key>Sort Album</key><string>Rubber Soul</string>
			<key>Sort Album Artist</key><string>Beatles</string>
			<key>Sort Artist</key><string>Beatles</string>
			<key>Sort Name</key><string>In My Life</string>
			<key>Persistent ID</key><string>DD1F9ED033F8E761</string>
			<key>Track Type</key><string>Remote</string>
			<key>Apple Music</key><true/>
		</dict>
		<key>4273</key>
		<dict>
			<key>Track ID</key><integer>4273</integer>
			<key>Name</key><string>Immigrant Song</string>
			<key>Artist</key><string>Led Zeppelin</string>
			<key>Album Artist</key><string>Led Zeppelin</string>
			<key>Composer</key><string>Jimmy Page &#38; Robert Plant</string>
			<key>Album</key><string>Led Zeppelin III (Remastered)</string>
			<key>Genre</key><string>Music</string>
			<key>Kind</key><string>Apple Music AAC audio file</string>
			<key>Size</key><integer>6169016</integer>
			<key>Total Time</key><integer>146250</integer>
			<key>Disc Number</key><integer>1</integer>
			<key>Disc Count</key><integer>1</integer>
			<key>Track Number</key><integer>1</integer>
			<key>Track Count</key><integer>10</integer>
			<key>Year</key><integer>1970</integer>
			<key>Date Modified</key><date>2023-09-25T05:38:55Z</date>
			<key>Date Added</key><date>2023-09-25T05:38:55Z</date>
			<key>Bit Rate</key><integer>256</integer>
			<key>Sample Rate</key><integer>44100</integer>
			<key>Comments</key><string>Red</string>
			<key>Play Count</key><integer>2</integer>
			<key>Play Date</key><integer>3820836894</integer>
			<key>Play Date UTC</key><date>2025-01-27T22:34:54Z</date>
			<key>Release Date</key><date>1970-10-05T07:00:00Z</date>
			<key>Loved</key><true/>
			<key>Artwork Count</key><integer>1</integer>
			<key>Sort Album</key><string>Led Zeppelin III (Remastered)</string>
			<key>Sort Artist</key><string>Led Zeppelin</string>
			<key>Sort Name</key><string>Immigrant Song</string>
			<key>Persistent ID</key><string>016B77A513085EB6</string>
			<key>Track Type</key><string>Remote</string>
			<key>Apple Music</key><true/>
		</dict>
		<key>4283</key>
		<dict>
			<key>Track ID</key><integer>4283</integer>
			<key>Name</key><string>Thinkin Bout You</string>
			<key>Artist</key><string>Frank Ocean</string>
			<key>Album Artist</key><string>Frank Ocean</string>
			<key>Composer</key><string>Shea Taylor &#38; Frank Ocean</string>
			<key>Album</key><string>channel ORANGE</string>
			<key>Genre</key><string>Music</string>
			<key>Kind</key><string>Apple Music AAC audio file</string>
			<key>Size</key><integer>7254953</integer>
			<key>Total Time</key><integer>200747</integer>
			<key>Disc Number</key><integer>1</integer>
			<key>Disc Count</key><integer>1</integer>
			<key>Track Number</key><integer>2</integer>
			<key>Track Count</key><integer>17</integer>
			<key>Year</key><integer>2012</integer>
			<key>Date Modified</key><date>2023-09-25T05:38:56Z</date>
			<key>Date Added</key><date>2023-09-25T05:38:56Z</date>
			<key>Bit Rate</key><integer>256</integer>
			<key>Sample Rate</key><integer>44100</integer>
			<key>Comments</key><string>Blue</string>
			<key>Play Count</key><integer>2</integer>
			<key>Play Date</key><integer>3832262248</integer>
			<key>Play Date UTC</key><date>2025-06-09T03:17:28Z</date>
			<key>Release Date</key><date>2012-04-17T07:00:00Z</date>
			<key>Loved</key><true/>
			<key>Artwork Count</key><integer>1</integer>
			<key>Sort Album</key><string>channel ORANGE</string>
			<key>Sort Artist</key><string>Frank Ocean</string>
			<key>Sort Name</key><string>Thinkin Bout You</string>
			<key>Persistent ID</key><string>D7A05F8783B6C89F</string>
			<key>Track Type</key><string>Remote</string>
			<key>Apple Music</key><true/>
		</dict>
		<key>4321</key>
		<dict>
			<key>Track ID</key><integer>4321</integer>
			<key>Name</key><string>Age of Consent</string>
			<key>Artist</key><string>New Order</string>
			<key>Album Artist</key><string>New Order</string>
			<key>Composer</key><string>Bernard Sumner, Gillian Gilbert, Peter Hook &#38; Stephen Morris</string>
			<key>Album</key><string>Power, Corruption &#38; Lies</string>
			<key>Genre</key><string>Music</string>
			<key>Kind</key><string>Apple Music AAC audio file</string>
			<key>Size</key><integer>10991684</integer>
			<key>Total Time</key><integer>315347</integer>
			<key>Disc Number</key><integer>1</integer>
			<key>Disc Count</key><integer>1</integer>
			<key>Track Number</key><integer>1</integer>
			<key>Track Count</key><integer>8</integer>
			<key>Year</key><integer>1983</integer>
			<key>Date Modified</key><date>2023-09-25T05:38:56Z</date>
			<key>Date Added</key><date>2023-09-25T05:38:56Z</date>
			<key>Bit Rate</key><integer>256</integer>
			<key>Sample Rate</key><integer>44100</integer>
			<key>Comments</key><string>Green</string>
			<key>Play Count</key><integer>3</integer>
			<key>Play Date</key><integer>3834552318</integer>
			<key>Play Date UTC</key><date>2025-07-05T15:25:18Z</date>
			<key>Skip Count</key><integer>1</integer>
			<key>Skip Date</key><date>2025-01-08T22:20:09Z</date>
			<key>Release Date</key><date>1983-05-02T07:00:00Z</date>
			<key>Loved</key><true/>
			<key>Artwork Count</key><integer>1</integer>
			<key>Sort Album</key><string>Power, Corruption &#38; Lies</string>
			<key>Sort Artist</key><string>New Order</string>
			<key>Sort Name</key><string>Age of Consent</string>
			<key>Persistent ID</key><string>4E0E84B6F5D42FFD</string>
			<key>Track Type</key><string>Remote</string>
			<key>Apple Music</key><true/>
		</dict>
		<key>4351</key>
		<dict>
			<key>Track ID</key><integer>4351</integer>
			<key>Name</key><string>Everything In Its Right Place</string>
			<key>Artist</key><string>Radiohead</string>
			<key>Album Artist</key><string>Radiohead</string>
			<key>Composer</key><string>Colin Greenwood, Ed O'Brien, Jonny Greenwood, Phil Selway &#38; Thom Yorke</string>
			<key>Album</key><string>Kid A</string>
			<key>Genre</key><string>Music</string>
			<key>Kind</key><string>Apple Music AAC audio file</string>
			<key>Size</key><integer>9785203</integer>
			<key>Total Time</key><integer>251427</integer>
			<key>Disc Number</key><integer>1</integer>
			<key>Disc Count</key><integer>1</integer>
			<key>Track Number</key><integer>1</integer>
			<key>Track Count</key><integer>11</integer>
			<key>Year</key><integer>2000</integer>
			<key>Date Modified</key><date>2023-09-25T05:38:56Z</date>
			<key>Date Added</key><date>2023-09-25T05:38:56Z</date>
			<key>Bit Rate</key><integer>256</integer>
			<key>Sample Rate</key><integer>44100</integer>
			<key>Play Count</key><integer>3</integer>
			<key>Play Date</key><integer>3826955081</integer>
			<key>Play Date UTC</key><date>2025-04-08T17:04:41Z</date>
			<key>Release Date</key><date>2000-10-02T07:00:00Z</date>
			<key>Loved</key><true/>
			<key>Artwork Count</key><integer>1</integer>
			<key>Sort Album</key><string>Kid A</string>
			<key>Sort Artist</key><string>Radiohead</string>
			<key>Sort Name</key><string>Everything In Its Right Place</string>
			<key>Persistent ID</key><string>ADC3DD0D09708DE9</string>
			<key>Track Type</key><string>Remote</string>
			<key>Apple Music</key><true/>
		</dict>
		<key>4367</key>
		<dict>
			<key>Track ID</key><integer>4367</integer>
			<key>Name</key><string>ELEMENT.</string>
			<key>Artist</key><string>Kendrick Lamar</string>
			<key>Album Artist</key><string>Kendrick Lamar</string>
			<key>Composer</key><string>Kendrick Lamar, M. Spears, Juvenile, Mannie Fresh, James Blake &#38; Ricci Riera</string>
			<key>Album</key><string>DAMN.</string>
			<key>Genre</key><string>Music</string>
			<key>Kind</key><string>Apple Music AAC audio file</string>
			<key>Size</key><integer>7531228</integer>
			<key>Total Time</key><integer>208733</integer>
			<key>Disc Number</key><integer>1</integer>
			<key>Disc Count</key><integer>1</integer>
			<key>Track Number</key><integer>4</integer>
			<key>Track Count</key><integer>14</integer>
			<key>Year</key><integer>2017</integer>
			<key>Date Modified</key><date>2023-09-25T05:38:56Z</date>
			<key>Date Added</key><date>2023-09-25T05:38:56Z</date>
			<key>Bit Rate</key><integer>256</integer>
			<key>Sample Rate</key><integer>44100</integer>
			<key>Play Count</key><integer>5</integer>
			<key>Play Date</key><integer>3825436629</integer>
			<key>Play Date UTC</key><date>2025-03-22T03:17:09Z</date>
			<key>Skip Count</key><integer>2</integer>
			<key>Skip Date</key><date>2025-02-26T05:19:29Z</date>
			<key>Release Date</key><date>2017-04-14T12:00:00Z</date>
			<key>Loved</key><true/>
			<key>Artwork Count</key><integer>1</integer>
			<key>Sort Album</key><string>DAMN.</string>
			<key>Sort Artist</key><string>Kendrick Lamar</string>
			<key>Sort Name</key><string>ELEMENT.</string>
			<key>Persistent ID</key><string>A836D4E4D0D08158</string>
			<key>Explicit</key><true/>
			<key>Track Type</key><string>Remote</string>
			<key>Apple Music</key><true/>
		</dict>
		<key>4375</key>
		<dict>
			<key>Track ID</key><integer>4375</integer>
			<key>Name</key><string>Born Again</string>
			<key>Artist</key><string>Josh Garrels</string>
			<key>Album Artist</key><string>Josh Garrels</string>
			<key>Composer</key><string>Joshua Michael Garrels</string>
			<key>Album</key><string>Home</string>
			<key>Genre</key><string>Music</string>
			<key>Kind</key><string>Apple Music AAC audio file</string>
			<key>Size</key><integer>9643622</integer>
			<key>Total Time</key><integer>271907</integer>
			<key>Disc Number</key><integer>1</integer>
			<key>Disc Count</key><integer>1</integer>
			<key>Track Number</key><integer>1</integer>
			<key>Track Count</key><integer>11</integer>
			<key>Year</key><integer>2015</integer>
			<key>Date Modified</key><date>2023-09-25T05:38:56Z</date>
			<key>Date Added</key><date>2023-09-25T05:38:56Z</date>
			<key>Bit Rate</key><integer>256</integer>
			<key>Sample Rate</key><integer>44100</integer>
			<key>Play Count</key><integer>6</integer>
			<key>Play Date</key><integer>3820245817</integer>
			<key>Play Date UTC</key><date>2025-01-21T02:23:37Z</date>
			<key>Release Date</key><date>2015-04-07T12:00:00Z</date>
			<key>Loved</key><true/>
			<key>Artwork Count</key><integer>1</integer>
			<key>Sort Album</key><string>Home</string>
			<key>Sort Artist</key><string>Josh Garrels</string>
			<key>Sort Name</key><string>Born Again</string>
			<key>Persistent ID</key><string>A638685BA9BAAB36</string>
			<key>Track Type</key><string>Remote</string>
			<key>Apple Music</key><true/>
		</dict>
		<key>4477</key>
		<dict>
			<key>Track ID</key><integer>4477</integer>
			<key>Name</key><string>Rigamortus</string>
			<key>Artist</key><string>Kendrick Lamar</string>
			<key>Album Artist</key><string>Kendrick Lamar</string>
			<key>Album</key><string>Section.80</string>
			<key>Genre</key><string>Music</string>
			<key>Kind</key><string>Apple Music AAC audio file</string>
			<key>Size</key><integer>6129832</integer>
			<key>Total Time</key><integer>168591</integer>
			<key>Disc Number</key><integer>1</integer>
			<key>Disc Count</key><integer>1</integer>
			<key>Track Number</key><integer>11</integer>
			<key>Track Count</key><integer>15</integer>
			<key>Year</key><integer>2011</integer>
			<key>Date Modified</key><date>2023-09-25T05:44:22Z</date>
			<key>Date Added</key><date>2023-09-25T05:44:22Z</date>
			<key>Bit Rate</key><integer>256</integer>
			<key>Sample Rate</key><integer>44100</integer>
			<key>Part Of Gapless Album</key><true/>
			<key>Play Count</key><integer>11</integer>
			<key>Play Date</key><integer>3830337135</integer>
			<key>Play Date UTC</key><date>2025-05-17T20:32:15Z</date>
			<key>Skip Count</key><integer>1</integer>
			<key>Skip Date</key><date>2025-04-08T17:27:36Z</date>
			<key>Release Date</key><date>2011-07-02T07:00:00Z</date>
			<key>Loved</key><true/>
			<key>Artwork Count</key><integer>1</integer>
			<key>Sort Album</key><string>Section.80</string>
			<key>Sort Artist</key><string>Kendrick Lamar</string>
			<key>Sort Name</key><string>Rigamortus</string>
			<key>Persistent ID</key><string>F2BEA7797E8C44B5</string>
			<key>Explicit</key><true/>
			<key>Track Type</key><string>Remote</string>
			<key>Apple Music</key><true/>
		</dict>
		<key>4479</key>
		<dict>
			<key>Track ID</key><integer>4479</integer>
			<key>Name</key><string>Iris</string>
			<key>Artist</key><string>The Goo Goo Dolls</string>
			<key>Album Artist</key><string>The Goo Goo Dolls</string>
			<key>Composer</key><string>John Rzeznik</string>
			<key>Album</key><string>Dizzy Up the Girl</string>
			<key>Genre</key><string>Music</string>
			<key>Kind</key><string>Apple Music AAC audio file</string>
			<key>Size</key><integer>10764624</integer>
			<key>Total Time</key><integer>289559</integer>
			<key>Disc Number</key><integer>1</integer>
			<key>Disc Count</key><integer>1</integer>
			<key>Track Number</key><integer>11</integer>
			<key>Track Count</key><integer>13</integer>
			<key>Year</key><integer>1998</integer>
			<key>Date Modified</key><date>2023-09-25T05:44:22Z</date>
			<key>Date Added</key><date>2023-09-25T05:44:22Z</date>
			<key>Bit Rate</key><integer>256</integer>
			<key>Sample Rate</key><integer>44100</integer>
			<key>Comments</key><string>Blue</string>
			<key>Play Count</key><integer>2</integer>
			<key>Play Date</key><integer>3799221546</integer>
			<key>Play Date UTC</key><date>2024-05-22T17:19:06Z</date>
			<key>Release Date</key><date>1998-04-07T07:00:00Z</date>
			<key>Loved</key><true/>
			<key>Artwork Count</key><integer>1</integer>
			<key>Sort Album</key><string>Dizzy Up the Girl</string>
			<key>Sort Album Artist</key><string>Goo Goo Dolls</string>
			<key>Sort Artist</key><string>Goo Goo Dolls</string>
			<key>Sort Name</key><string>Iris</string>
			<key>Persistent ID</key><string>5C439374CD79CE77</string>
			<key>Track Type</key><string>Remote</string>
			<key>Apple Music</key><true/>
		</dict>
		<key>4483</key>
		<dict>
			<key>Track ID</key><integer>4483</integer>
			<key>Name</key><string>Run Away With Me</string>
			<key>Artist</key><string>Carly Rae Jepsen</string>
			<key>Album Artist</key><string>Carly Rae Jepsen</string>
			<key>Composer</key><string>Carly Rae Jepsen, Mattias Larsson, Oscar Holter, Shellback, Robin Fredriksson &#38; Jonnali Parmenius</string>
			<key>Album</key><string>Emotion (Deluxe Expanded Edition)</string>
			<key>Genre</key><string>Music</string>
			<key>Kind</key><string>Apple Music AAC audio file</string>
			<key>Size</key><integer>8967021</integer>
			<key>Total Time</key><integer>251327</integer>
			<key>Disc Number</key><integer>1</integer>
			<key>Disc Count</key><integer>1</integer>
			<key>Track Number</key><integer>1</integer>
			<key>Track Count</key><integer>17</integer>
			<key>Year</key><integer>2015</integer>
			<key>Date Modified</key><date>2023-09-25T05:44:22Z</date>
			<key>Date Added</key><date>2023-09-25T05:44:22Z</date>
			<key>Bit Rate</key><integer>256</integer>
			<key>Sample Rate</key><integer>44100</integer>
			<key>Comments</key><string>Yellow</string>
			<key>Play Count</key><integer>3</integer>
			<key>Play Date</key><integer>3818506784</integer>
			<key>Play Date UTC</key><date>2024-12-31T23:19:44Z</date>
			<key>Release Date</key><date>2015-06-24T12:00:00Z</date>
			<key>Loved</key><true/>
			<key>Artwork Count</key><integer>1</integer>
			<key>Sort Album</key><string>Emotion (Deluxe Expanded Edition)</string>
			<key>Sort Artist</key><string>Carly Rae Jepsen</string>
			<key>Sort Name</key><string>Run Away With Me</string>
			<key>Persistent ID</key><string>ECCC68206B49C3A2</string>
			<key>Track Type</key><string>Remote</string>
			<key>Apple Music</key><true/>
		</dict>
		<key>4489</key>
		<dict>
			<key>Track ID</key><integer>4489</integer>
			<key>Name</key><string>Mightiest of Guns</string>
			<key>Artist</key><string>A.A. Bondy</string>
			<key>Album Artist</key><string>A.A. Bondy</string>
			<key>Composer</key><string>Not Documented</string>
			<key>Album</key><string>When the Devil's Loose</string>
			<key>Genre</key><string>Music</string>
			<key>Kind</key><string>Apple Music AAC audio file</string>
			<key>Size</key><integer>8739728</integer>
			<key>Total Time</key><integer>227280</integer>
			<key>Disc Number</key><integer>1</integer>
			<key>Disc Count</key><integer>1</integer>
			<key>Track Number</key><integer>1</integer>
			<key>Track Count</key><integer>10</integer>
			<key>Year</key><integer>2009</integer>
			<key>Date Modified</key><date>2023-09-25T05:44:22Z</date>
			<key>Date Added</key><date>2023-09-25T05:44:22Z</date>
			<key>Bit Rate</key><integer>256</integer>
			<key>Sample Rate</key><integer>44100</integer>
			<key>Comments</key><string>Green</string>
			<key>Play Count</key><integer>2</integer>
			<key>Play Date</key><integer>3834584446</integer>
			<key>Play Date UTC</key><date>2025-07-06T00:20:46Z</date>
			<key>Release Date</key><date>2009-01-01T12:00:00Z</date>
			<key>Loved</key><true/>
			<key>Artwork Count</key><integer>1</integer>
			<key>Sort Album</key><string>When the Devil's Loose</string>
			<key>Sort Artist</key><string>A.A. Bondy</string>
			<key>Sort Name</key><string>Mightiest of Guns</string>
			<key>Persistent ID</key><string>4ECC26BB7D140CE6</string>
			<key>Track Type</key><string>Remote</string>
			<key>Apple Music</key><true/>
		</dict>
		<key>4529</key>
		<dict>
			<key>Track ID</key><integer>4529</integer>
			<key>Name</key><string>In the Meantime</string>
			<key>Artist</key><string>Spacehog</string>
			<key>Album Artist</key><string>Spacehog</string>
			<key>Composer</key><string>Royston Langdon</string>
			<key>Album</key><string>Resident Alien</string>
			<key>Genre</key><string>Music</string>
			<key>Kind</key><string>Apple Music AAC audio file</string>
			<key>Size</key><integer>10835627</integer>
			<key>Total Time</key><integer>299507</integer>
			<key>Disc Number</key><integer>1</integer>
			<key>Disc Count</key><integer>1</integer>
			<key>Track Number</key><integer>1</integer>
			<key>Track Count</key><integer>13</integer>
			<key>Year</key><integer>1995</integer>
			<key>Date Modified</key><date>2023-09-25T05:44:22Z</date>
			<key>Date Added</key><date>2023-09-25T05:44:22Z</date>
			<key>Bit Rate</key><integer>256</integer>
			<key>Sample Rate</key><integer>44100</integer>
			<key>Comments</key><string>Yellow</string>
			<key>Play Count</key><integer>5</integer>
			<key>Play Date</key><integer>3834416669</integer>
			<key>Play Date UTC</key><date>2025-07-04T01:44:29Z</date>
			<key>Release Date</key><date>1995-10-24T12:00:00Z</date>
			<key>Loved</key><true/>
			<key>Artwork Count</key><integer>1</integer>
			<key>Sort Album</key><string>Resident Alien</string>
			<key>Sort Artist</key><string>Spacehog</string>
			<key>Sort Name</key><string>In the Meantime</string>
			<key>Persistent ID</key><string>60C4AA429340F3E4</string>
			<key>Track Type</key><string>Remote</string>
			<key>Apple Music</key><true/>
		</dict>
		<key>4663</key>
		<dict>
			<key>Track ID</key><integer>4663</integer>
			<key>Name</key><string>The High Road</string>
			<key>Artist</key><string>Broken Bells</string>
			<key>Album Artist</key><string>Broken Bells</string>
			<key>Composer</key><string>James Mercer &#38; Brian Burton</string>
			<key>Album</key><string>Broken Bells</string>
			<key>Genre</key><string>Music</string>
			<key>Kind</key><string>Apple Music AAC audio file</string>
			<key>Size</key><integer>8134731</integer>
			<key>Total Time</key><integer>232108</integer>
			<key>Disc Number</key><integer>1</integer>
			<key>Disc Count</key><integer>1</integer>
			<key>Track Number</key><integer>1</integer>
			<key>Track Count</key><integer>10</integer>
			<key>Year</key><integer>2009</integer>
			<key>Date Modified</key><date>2023-09-25T05:44:23Z</date>
			<key>Date Added</key><date>2023-09-25T05:44:23Z</date>
			<key>Bit Rate</key><integer>256</integer>
			<key>Sample Rate</key><integer>44100</integer>
			<key>Play Count</key><integer>2</integer>
			<key>Play Date</key><integer>3832140872</integer>
			<key>Play Date UTC</key><date>2025-06-07T17:34:32Z</date>
			<key>Release Date</key><date>2009-12-17T12:00:00Z</date>
			<key>Loved</key><true/>
			<key>Artwork Count</key><integer>1</integer>
			<key>Sort Album</key><string>Broken Bells</string>
			<key>Sort Artist</key><string>Broken Bells</string>
			<key>Sort Name</key><string>High Road</string>
			<key>Persistent ID</key><string>CF23AC6575303745</string>
			<key>Track Type</key><string>Remote</string>
			<key>Apple Music</key><true/>
		</dict>
		<key>4729</key>
		<dict>
			<key>Track ID</key><integer>4729</integer>
			<key>Name</key><string>White Owl</string>
			<key>Artist</key><string>Josh Garrels</string>
			<key>Album Artist</key><string>Josh Garrels</string>
			<key>Composer</key><string>Joshua Michael Garrels</string>
			<key>Album</key><string>Love &#38; War &#38; The Sea In Between</string>
			<key>Genre</key><string>Music</string>
			<key>Kind</key><string>Apple Music AAC audio file</string>
			<key>Size</key><integer>12505500</integer>
			<key>Total Time</key><integer>348000</integer>
			<key>Disc Number</key><integer>1</integer>
			<key>Disc Count</key><integer>1</integer>
			<key>Track Number</key><integer>1</integer>
			<key>Track Count</key><integer>18</integer>
			<key>Year</key><integer>2011</integer>
			<key>Date Modified</key><date>2023-09-25T05:44:24Z</date>
			<key>Date Added</key><date>2023-09-25T05:44:24Z</date>
			<key>Bit Rate</key><integer>256</integer>
			<key>Sample Rate</key><integer>44100</integer>
			<key>Play Count</key><integer>2</integer>
			<key>Play Date</key><integer>3782325893</integer>
			<key>Play Date UTC</key><date>2023-11-09T05:04:53Z</date>
			<key>Release Date</key><date>2011-07-15T12:00:00Z</date>
			<key>Loved</key><true/>
			<key>Artwork Count</key><integer>1</integer>
			<key>Sort Album</key><string>Love &#38; War &#38; The Sea In Between</string>
			<key>Sort Artist</key><string>Josh Garrels</string>
			<key>Sort Name</key><string>White Owl</string>
			<key>Persistent ID</key><string>D227E26A03B57F85</string>
			<key>Track Type</key><string>Remote</string>
			<key>Apple Music</key><true/>
		</dict>
		<key>4739</key>
		<dict>
			<key>Track ID</key><integer>4739</integer>
			<key>Name</key><string>Modern Love</string>
			<key>Artist</key><string>David Bowie</string>
			<key>Album Artist</key><string>David Bowie</string>
			<key>Composer</key><string>David Bowie</string>
			<key>Album</key><string>Let's Dance (2018 Remaster)</string>
			<key>Genre</key><string>Music</string>
			<key>Kind</key><string>Apple Music AAC audio file</string>
			<key>Size</key><integer>10649011</integer>
			<key>Total Time</key><integer>288339</integer>
			<key>Disc Number</key><integer>1</integer>
			<key>Disc Count</key><integer>1</integer>
			<key>Track Number</key><integer>1</integer>
			<key>Track Count</key><integer>8</integer>
			<key>Year</key><integer>1983</integer>
			<key>Date Modified</key><date>2023-09-25T05:44:24Z</date>
			<key>Date Added</key><date>2023-09-25T05:44:24Z</date>
			<key>Bit Rate</key><integer>256</integer>
			<key>Sample Rate</key><integer>44100</integer>
			<key>Comments</key><string>Yellow</string>
			<key>Play Count</key><integer>2</integer>
			<key>Play Date</key><integer>3832563381</integer>
			<key>Play Date UTC</key><date>2025-06-12T14:56:21Z</date>
			<key>Release Date</key><date>1983-04-14T12:00:00Z</date>
			<key>Loved</key><true/>
			<key>Artwork Count</key><integer>1</integer>
			<key>Sort Album</key><string>Let's Dance (2018 Remaster)</string>
			<key>Sort Artist</key><string>David Bowie</string>
			<key>Sort Name</key><string>Modern Love</string>
			<key>Persistent ID</key><string>B3769C8A2E4D2A2E</string>
			<key>Track Type</key><string>Remote</string>
			<key>Apple Music</key><true/>
		</dict>
		<key>4797</key>
		<dict>
			<key>Track ID</key><integer>4797</integer>
			<key>Name</key><string>It Could Happen To You</string>
			<key>Artist</key><string>Ryo Fukui</string>
			<key>Album Artist</key><string>Ryo Fukui</string>
			<key>Composer</key><string>Jimmy Van Heusen</string>
			<key>Album</key><string>Scenery</string>
			<key>Genre</key><string>Music</string>
			<key>Kind</key><string>Apple Music AAC audio file</string>
			<key>Size</key><integer>10297327</integer>
			<key>Total Time</key><integer>256933</integer>
			<key>Disc Number</key><integer>1</integer>
			<key>Disc Count</key><integer>1</integer>
			<key>Track Number</key><integer>1</integer>
			<key>Track Count</key><integer>6</integer>
			<key>Year</key><integer>2005</integer>
			<key>Date Modified</key><date>2023-09-25T05:44:24Z</date>
			<key>Date Added</key><date>2023-09-25T05:44:24Z</date>
			<key>Bit Rate</key><integer>256</integer>
			<key>Sample Rate</key><integer>44100</integer>
			<key>Comments</key><string>Violet</string>
			<key>Play Count</key><integer>2</integer>
			<key>Play Date</key><integer>3795974479</integer>
			<key>Play Date UTC</key><date>2024-04-15T03:21:19Z</date>
			<key>Release Date</key><date>2005-06-27T12:00:00Z</date>
			<key>Loved</key><true/>
			<key>Artwork Count</key><integer>1</integer>
			<key>Sort Album</key><string>Scenery</string>
			<key>Sort Artist</key><string>Ryo Fukui</string>
			<key>Sort Name</key><string>It Could Happen To You</string>
			<key>Persistent ID</key><string>F1FF731AD18E9EF7</string>
			<key>Track Type</key><string>Remote</string>
			<key>Apple Music</key><true/>
		</dict>
		<key>4859</key>
		<dict>
			<key>Track ID</key><integer>4859</integer>
			<key>Name</key><string>Life In a Northern Town (LP Version)</string>
			<key>Artist</key><string>The Dream Academy</string>
			<key>Album Artist</key><string>The Dream Academy</string>
			<key>Composer</key><string>Gilbert Gabriel &#38; Nick Laird-Clowes</string>
			<key>Album</key><string>The Dream Academy</string>
			<key>Genre</key><string>Music</string>
			<key>Kind</key><string>Apple Music AAC audio file</string>
			<key>Size</key><integer>9274444</integer>
			<key>Total Time</key><integer>259293</integer>
			<key>Disc Number</key><integer>1</integer>
			<key>Disc Count</key><integer>1</integer>
			<key>Track Number</key><integer>1</integer>
			<key>Track Count</key><integer>10</integer>
			<key>Year</key><integer>1985</integer>
			<key>Date Modified</key><date>2023-09-25T05:46:51Z</date>
			<key>Date Added</key><date>2023-09-25T05:46:51Z</date>
			<key>Bit Rate</key><integer>256</integer>
			<key>Sample Rate</key><integer>44100</integer>
			<key>Comments</key><string>White</string>
			<key>Play Count</key><integer>5</integer>
			<key>Play Date</key><integer>3834427906</integer>
			<key>Play Date UTC</key><date>2025-07-04T04:51:46Z</date>
			<key>Release Date</key><date>1985-01-01T12:00:00Z</date>
			<key>Loved</key><true/>
			<key>Artwork Count</key><integer>1</integer>
			<key>Sort Album</key><string>Dream Academy</string>
			<key>Sort Album Artist</key><string>Dream Academy</string>
			<key>Sort Artist</key><string>Dream Academy</string>
			<key>Sort Name</key><string>Life In a Northern Town (LP Version)</string>
			<key>Persistent ID</key><string>3E4AD96DCE0816AE</string>
			<key>Track Type</key><string>Remote</string>
			<key>Apple Music</key><true/>
		</dict>
		<key>4913</key>
		<dict>
			<key>Track ID</key><integer>4913</integer>
			<key>Name</key><string>The Boy</string>
			<key>Artist</key><string>Shannon &#38; The Clams</string>
			<key>Album Artist</key><string>Shannon &#38; The Clams</string>
			<key>Composer</key><string>Cody Blanchard, Nate Mahan, Shannon Shaw &#38; William Sprott</string>
			<key>Album</key><string>Onion</string>
			<key>Genre</key><string>Music</string>
			<key>Kind</key><string>Apple Music AAC audio file</string>
			<key>Size</key><integer>6922529</integer>
			<key>Total Time</key><integer>182979</integer>
			<key>Disc Number</key><integer>1</integer>
			<key>Disc Count</key><integer>1</integer>
			<key>Track Number</key><integer>1</integer>
			<key>Track Count</key><integer>13</integer>
			<key>Year</key><integer>2018</integer>
			<key>Date Modified</key><date>2023-09-25T05:46:52Z</date>
			<key>Date Added</key><date>2023-09-25T05:46:52Z</date>
			<key>Bit Rate</key><integer>256</integer>
			<key>Sample Rate</key><integer>44100</integer>
			<key>Comments</key><string>Green</string>
			<key>Play Count</key><integer>2</integer>
			<key>Play Date</key><integer>3834584218</integer>
			<key>Play Date UTC</key><date>2025-07-06T00:16:58Z</date>
			<key>Release Date</key><date>2018-02-16T12:00:00Z</date>
			<key>Loved</key><true/>
			<key>Artwork Count</key><integer>1</integer>
			<key>Sort Album</key><string>Onion</string>
			<key>Sort Artist</key><string>Shannon &#38; The Clams</string>
			<key>Sort Name</key><string>Boy</string>
			<key>Persistent ID</key><string>62DCEDA689E5CF07</string>
			<key>Track Type</key><string>Remote</string>
			<key>Apple Music</key><true/>
		</dict>
		<key>4983</key>
		<dict>
			<key>Track ID</key><integer>4983</integer>
			<key>Name</key><string>Lost In the Light</string>
			<key>Artist</key><string>Bahamas</string>
			<key>Album Artist</key><string>Bahamas</string>
			<key>Composer</key><string>Afie Jurvanen</string>
			<key>Album</key><string>Barchords</string>
			<key>Genre</key><string>Music</string>
			<key>Kind</key><string>Apple Music AAC audio file</string>
			<key>Size</key><integer>8663715</integer>
			<key>Total Time</key><integer>236720</integer>
			<key>Disc Number</key><integer>1</integer>
			<key>Disc Count</key><integer>1</integer>
			<key>Track Number</key><integer>1</integer>
			<key>Track Count</key><integer>13</integer>
			<key>Year</key><integer>2012</integer>
			<key>Date Modified</key><date>2023-09-25T05:46:52Z</date>
			<key>Date Added</key><date>2023-09-25T05:46:52Z</date>
			<key>Bit Rate</key><integer>256</integer>
			<key>Sample Rate</key><integer>44100</integer>
			<key>Comments</key><string>Green</string>
			<key>Play Count</key><integer>2</integer>
			<key>Play Date</key><integer>3817821191</integer>
			<key>Play Date UTC</key><date>2024-12-24T00:53:11Z</date>
			<key>Release Date</key><date>2012-02-07T12:00:00Z</date>
			<key>Loved</key><true/>
			<key>Artwork Count</key><integer>1</integer>
			<key>Sort Album</key><string>Barchords</string>
			<key>Sort Artist</key><string>Bahamas</string>
			<key>Sort Name</key><string>Lost In the Light</string>
			<key>Persistent ID</key><string>B6B55E6596529B74</string>
			<key>Track Type</key><string>Remote</string>
			<key>Apple Music</key><true/>
		</dict>
		<key>5143</key>
		<dict>
			<key>Track ID</key><integer>5143</integer>
			<key>Name</key><string>The Promise</string>
			<key>Artist</key><string>When In Rome</string>
			<key>Album Artist</key><string>When In Rome</string>
			<key>Composer</key><string>Clive Farrington, Andrew Mann &#38; Floreale</string>
			<key>Album</key><string>When in Rome</string>
			<key>Genre</key><string>Music</string>
			<key>Kind</key><string>Apple Music AAC audio file</string>
			<key>Size</key><integer>8274957</integer>
			<key>Total Time</key><integer>220960</integer>
			<key>Disc Number</key><integer>1</integer>
			<key>Disc Count</key><integer>1</integer>
			<key>Track Number</key><integer>1</integer>
			<key>Track Count</key><integer>10</integer>
			<key>Year</key><integer>1988</integer>
			<key>Date Modified</key><date>2023-09-25T05:46:53Z</date>
			<key>Date Added</key><date>2023-09-25T05:46:53Z</date>
			<key>Bit Rate</key><integer>256</integer>
			<key>Sample Rate</key><integer>44100</integer>
			<key>Comments</key><string>Green</string>
			<key>Play Count</key><integer>2</integer>
			<key>Play Date</key><integer>3834480093</integer>
			<key>Play Date UTC</key><date>2025-07-04T19:21:33Z</date>
			<key>Release Date</key><date>1988-01-01T12:00:00Z</date>
			<key>Loved</key><true/>
			<key>Artwork Count</key><integer>1</integer>
			<key>Sort Album</key><string>When in Rome</string>
			<key>Sort Artist</key><string>When In Rome</string>
			<key>Sort Name</key><string>Promise</string>
			<key>Persistent ID</key><string>4D0A3E65B4478FC5</string>
			<key>Track Type</key><string>Remote</string>
			<key>Apple Music</key><true/>
		</dict>
		<key>5235</key>
		<dict>
			<key>Track ID</key><integer>5235</integer>
			<key>Name</key><string>The District Sleeps Alone Tonight</string>
			<key>Artist</key><string>The Postal Service</string>
			<key>Album Artist</key><string>The Postal Service</string>
			<key>Composer</key><string>Benjamin Gibbard &#38; Jimmy Tamborello</string>
			<key>Album</key><string>Give Up (Deluxe 10th Anniversary Edition)</string>
			<key>Genre</key><string>Music</string>
			<key>Kind</key><string>Apple Music AAC audio file</string>
			<key>Size</key><integer>10066218</integer>
			<key>Total Time</key><integer>283747</integer>
			<key>Disc Number</key><integer>1</integer>
			<key>Disc Count</key><integer>2</integer>
			<key>Track Number</key><integer>1</integer>
			<key>Track Count</key><integer>10</integer>
			<key>Year</key><integer>2003</integer>
			<key>Date Modified</key><date>2023-09-25T05:46:54Z</date>
			<key>Date Added</key><date>2023-09-25T05:46:54Z</date>
			<key>Bit Rate</key><integer>256</integer>
			<key>Sample Rate</key><integer>44100</integer>
			<key>Comments</key><string>Green</string>
			<key>Play Count</key><integer>2</integer>
			<key>Play Date</key><integer>3832261744</integer>
			<key>Play Date UTC</key><date>2025-06-09T03:09:04Z</date>
			<key>Release Date</key><date>2003-02-18T08:00:00Z</date>
			<key>Loved</key><true/>
			<key>Artwork Count</key><integer>1</integer>
			<key>Sort Album</key><string>Give Up (Deluxe 10th Anniversary Edition)</string>
			<key>Sort Album Artist</key><string>Postal Service</string>
			<key>Sort Artist</key><string>Postal Service</string>
			<key>Sort Name</key><string>District Sleeps Alone Tonight</string>
			<key>Persistent ID</key><string>71D31207ACB78C4F</string>
			<key>Track Type</key><string>Remote</string>
			<key>Apple Music</key><true/>
		</dict>
		<key>5333</key>
		<dict>
			<key>Track ID</key><integer>5333</integer>
			<key>Name</key><string>Bela Lugosi's Dead (Official Version)</string>
			<key>Artist</key><string>Bauhaus</string>
			<key>Album Artist</key><string>Bauhaus</string>
			<key>Album</key><string>The Bela Session - EP</string>
			<key>Genre</key><string>Music</string>
			<key>Kind</key><string>Apple Music AAC audio file</string>
			<key>Size</key><integer>21575646</integer>
			<key>Total Time</key><integer>576703</integer>
			<key>Disc Number</key><integer>1</integer>
			<key>Disc Count</key><integer>1</integer>
			<key>Track Number</key><integer>1</integer>
			<key>Track Count</key><integer>5</integer>
			<key>Year</key><integer>2018</integer>
			<key>Date Modified</key><date>2023-09-25T05:59:53Z</date>
			<key>Date Added</key><date>2023-09-25T05:59:53Z</date>
			<key>Bit Rate</key><integer>256</integer>
			<key>Sample Rate</key><integer>44100</integer>
			<key>Play Count</key><integer>2</integer>
			<key>Play Date</key><integer>3781099425</integer>
			<key>Play Date UTC</key><date>2023-10-25T23:23:45Z</date>
			<key>Release Date</key><date>2018-11-23T12:00:00Z</date>
			<key>Loved</key><true/>
			<key>Artwork Count</key><integer>1</integer>
			<key>Sort Album</key><string>Bela Session - EP</string>
			<key>Sort Artist</key><string>Bauhaus</string>
			<key>Sort Name</key><string>Bela Lugosi's Dead (Official Version)</string>
			<key>Persistent ID</key><string>BA24A080C4A78A68</string>
			<key>Track Type</key><string>Remote</string>
			<key>Apple Music</key><true/>
		</dict>
		<key>5489</key>
		<dict>
			<key>Track ID</key><integer>5489</integer>
			<key>Name</key><string>The Mercy Seat (2010 Remaster)</string>
			<key>Artist</key><string>Nick Cave &#38; The Bad Seeds</string>
			<key>Album Artist</key><string>Nick Cave &#38; The Bad Seeds</string>
			<key>Composer</key><string>Mick Harvey &#38; Nick Cave</string>
			<key>Album</key><string>Tender Prey (2010 - Remaster)</string>
			<key>Genre</key><string>Music</string>
			<key>Kind</key><string>Apple Music AAC audio file</string>
			<key>Size</key><integer>14961150</integer>
			<key>Total Time</key><integer>438080</integer>
			<key>Disc Number</key><integer>1</integer>
			<key>Disc Count</key><integer>1</integer>
			<key>Track Number</key><integer>1</integer>
			<key>Track Count</key><integer>10</integer>
			<key>Year</key><integer>1988</integer>
			<key>Date Modified</key><date>2023-09-25T05:59:54Z</date>
			<key>Date Added</key><date>2023-09-25T05:59:54Z</date>
			<key>Bit Rate</key><integer>256</integer>
			<key>Sample Rate</key><integer>44100</integer>
			<key>Play Count</key><integer>3</integer>
			<key>Play Date</key><integer>3781066901</integer>
			<key>Play Date UTC</key><date>2023-10-25T14:21:41Z</date>
			<key>Skip Count</key><integer>1</integer>
			<key>Skip Date</key><date>2025-07-05T17:06:13Z</date>
			<key>Release Date</key><date>1988-09-19T12:00:00Z</date>
			<key>Loved</key><true/>
			<key>Artwork Count</key><integer>1</integer>
			<key>Sort Album</key><string>Tender Prey (2010 - Remaster)</string>
			<key>Sort Artist</key><string>Nick Cave &#38; The Bad Seeds</string>
			<key>Sort Name</key><string>Mercy Seat (2010 Remaster)</string>
			<key>Persistent ID</key><string>7E7AD007B4C8D926</string>
			<key>Track Type</key><string>Remote</string>
			<key>Apple Music</key><true/>
		</dict>
		<key>5621</key>
		<dict>
			<key>Track ID</key><integer>5621</integer>
			<key>Name</key><string>Keep On Laughin'</string>
			<key>Artist</key><string>Ric Ocasek</string>
			<key>Album Artist</key><string>Ric Ocasek</string>
			<key>Composer</key><string>Ric Ocasek</string>
			<key>Album</key><string>This Side of Paradise</string>
			<key>Genre</key><string>Music</string>
			<key>Kind</key><string>Apple Music AAC audio file</string>
			<key>Size</key><integer>9889652</integer>
			<key>Total Time</key><integer>276600</integer>
			<key>Disc Number</key><integer>1</integer>
			<key>Disc Count</key><integer>1</integer>
			<key>Track Number</key><integer>1</integer>
			<key>Track Count</key><integer>10</integer>
			<key>Year</key><integer>1986</integer>
			<key>Date Modified</key><date>2023-09-25T05:59:55Z</date>
			<key>Date Added</key><date>2023-09-25T05:59:55Z</date>
			<key>Bit Rate</key><integer>256</integer>
			<key>Sample Rate</key><integer>44100</integer>
			<key>Play Count</key><integer>2</integer>
			<key>Play Date</key><integer>3780379050</integer>
			<key>Play Date UTC</key><date>2023-10-17T15:17:30Z</date>
			<key>Release Date</key><date>1986-01-01T12:00:00Z</date>
			<key>Loved</key><true/>
			<key>Artwork Count</key><integer>1</integer>
			<key>Sort Album</key><string>This Side of Paradise</string>
			<key>Sort Artist</key><string>Ric Ocasek</string>
			<key>Sort Name</key><string>Keep On Laughin'</string>
			<key>Persistent ID</key><string>2A29DFFCC4197AF0</string>
			<key>Track Type</key><string>Remote</string>
			<key>Apple Music</key><true/>
		</dict>
		<key>5737</key>
		<dict>
			<key>Track ID</key><integer>5737</integer>
			<key>Name</key><string>Theme (Instrumental)</string>
			<key>Artist</key><string>Moondog</string>
			<key>Album Artist</key><string>Moondog</string>
			<key>Composer</key><string>Louis Thomas Hardin</string>
			<key>Album</key><string>Moondog</string>
			<key>Genre</key><string>Music</string>
			<key>Kind</key><string>Apple Music AAC audio file</string>
			<key>Size</key><integer>7019549</integer>
			<key>Total Time</key><integer>179731</integer>
			<key>Disc Number</key><integer>1</integer>
			<key>Disc Count</key><integer>1</integer>
			<key>Track Number</key><integer>1</integer>
			<key>Track Count</key><integer>8</integer>
			<key>Year</key><integer>1969</integer>
			<key>Date Modified</key><date>2023-09-25T06:02:05Z</date>
			<key>Date Added</key><date>2023-09-25T06:02:05Z</date>
			<key>Bit Rate</key><integer>256</integer>
			<key>Sample Rate</key><integer>44100</integer>
			<key>Play Count</key><integer>2</integer>
			<key>Play Date</key><integer>3781067776</integer>
			<key>Play Date UTC</key><date>2023-10-25T14:36:16Z</date>
			<key>Release Date</key><date>1969-01-01T12:00:00Z</date>
			<key>Loved</key><true/>
			<key>Artwork Count</key><integer>1</integer>
			<key>Sort Album</key><string>Moondog</string>
			<key>Sort Artist</key><string>Moondog</string>
			<key>Sort Name</key><string>Theme (Instrumental)</string>
			<key>Persistent ID</key><string>62695A0CDCC67F55</string>
			<key>Track Type</key><string>Remote</string>
			<key>Apple Music</key><true/>
		</dict>
		<key>5757</key>
		<dict>
			<key>Track ID</key><integer>5757</integer>
			<key>Name</key><string>Fade into You</string>
			<key>Artist</key><string>Mazzy Star</string>
			<key>Album Artist</key><string>Mazzy Star</string>
			<key>Composer</key><string>Hope Sandoval &#38; David Roback</string>
			<key>Album</key><string>So Tonight That I Might See</string>
			<key>Genre</key><string>Music</string>
			<key>Kind</key><string>Apple Music AAC audio file</string>
			<key>Size</key><integer>10216940</integer>
			<key>Total Time</key><integer>295600</integer>
			<key>Disc Number</key><integer>1</integer>
			<key>Disc Count</key><integer>1</integer>
			<key>Track Number</key><integer>1</integer>
			<key>Track Count</key><integer>10</integer>
			<key>Year</key><integer>1993</integer>
			<key>Date Modified</key><date>2023-09-25T06:02:05Z</date>
			<key>Date Added</key><date>2023-09-25T06:02:05Z</date>
			<key>Bit Rate</key><integer>256</integer>
			<key>Sample Rate</key><integer>44100</integer>
			<key>Play Count</key><integer>5</integer>
			<key>Play Date</key><integer>3783761849</integer>
			<key>Play Date UTC</key><date>2023-11-25T19:57:29Z</date>
			<key>Release Date</key><date>1993-09-27T12:00:00Z</date>
			<key>Loved</key><true/>
			<key>Artwork Count</key><integer>1</integer>
			<key>Sort Album</key><string>So Tonight That I Might See</string>
			<key>Sort Artist</key><string>Mazzy Star</string>
			<key>Sort Name</key><string>Fade into You</string>
			<key>Persistent ID</key><string>4C6C3790DE78CD66</string>
			<key>Track Type</key><string>Remote</string>
			<key>Apple Music</key><true/>
		</dict>
		<key>5829</key>
		<dict>
			<key>Track ID</key><integer>5829</integer>
			<key>Name</key><string>Running Up That Hill (A Deal With God) [2018 Remaster]</string>
			<key>Artist</key><string>Kate Bush</string>
			<key>Album Artist</key><string>Kate Bush</string>
			<key>Composer</key><string>Kate Bush</string>
			<key>Album</key><string>Hounds of Love (2018 Remaster)</string>
			<key>Genre</key><string>Music</string>
			<key>Kind</key><string>Apple Music AAC audio file</string>
			<key>Size</key><integer>10961141</integer>
			<key>Total Time</key><integer>300840</integer>
			<key>Disc Number</key><integer>1</integer>
			<key>Disc Count</key><integer>1</integer>
			<key>Track Number</key><integer>1</integer>
			<key>Track Count</key><integer>12</integer>
			<key>Year</key><integer>1985</integer>
			<key>Date Modified</key><date>2023-09-25T06:02:06Z</date>
			<key>Date Added</key><date>2023-09-25T06:02:06Z</date>
			<key>Bit Rate</key><integer>256</integer>
			<key>Sample Rate</key><integer>44100</integer>
			<key>Comments</key><string>White</string>
			<key>Play Count</key><integer>4</integer>
			<key>Play Date</key><integer>3833127337</integer>
			<key>Play Date UTC</key><date>2025-06-19T03:35:37Z</date>
			<key>Release Date</key><date>1985-08-05T12:00:00Z</date>
			<key>Loved</key><true/>
			<key>Artwork Count</key><integer>1</integer>
			<key>Sort Album</key><string>Hounds of Love (2018 Remaster)</string>
			<key>Sort Artist</key><string>Kate Bush</string>
			<key>Sort Name</key><string>Running Up That Hill (A Deal With God) [2018 Remaster]</string>
			<key>Persistent ID</key><string>D2D5D24FEFD27465</string>
			<key>Track Type</key><string>Remote</string>
			<key>Apple Music</key><true/>
		</dict>
		<key>5841</key>
		<dict>
			<key>Track ID</key><integer>5841</integer>
			<key>Name</key><string>Teen Age Riot (2012 Remastered Version)</string>
			<key>Artist</key><string>Sonic Youth</string>
			<key>Album Artist</key><string>Sonic Youth</string>
			<key>Album</key><string>Daydream Nation (2012 Remastered Version)</string>
			<key>Genre</key><string>Music</string>
			<key>Kind</key><string>Apple Music AAC audio file</string>
			<key>Size</key><integer>15247653</integer>
			<key>Total Time</key><integer>418947</integer>
			<key>Disc Number</key><integer>1</integer>
			<key>Disc Count</key><integer>1</integer>
			<key>Track Number</key><integer>1</integer>
			<key>Track Count</key><integer>14</integer>
			<key>Year</key><integer>1988</integer>
			<key>Date Modified</key><date>2023-09-25T06:02:06Z</date>
			<key>Date Added</key><date>2023-09-25T06:02:06Z</date>
			<key>Bit Rate</key><integer>256</integer>
			<key>Sample Rate</key><integer>44100</integer>
			<key>Play Count</key><integer>7</integer>
			<key>Play Date</key><integer>3834493861</integer>
			<key>Play Date UTC</key><date>2025-07-04T23:11:01Z</date>
			<key>Skip Count</key><integer>1</integer>
			<key>Skip Date</key><date>2025-01-08T21:53:10Z</date>
			<key>Release Date</key><date>1988-10-18T07:00:00Z</date>
			<key>Loved</key><true/>
			<key>Artwork Count</key><integer>1</integer>
			<key>Sort Album</key><string>Daydream Nation (2012 Remastered Version)</string>
			<key>Sort Artist</key><string>Sonic Youth</string>
			<key>Sort Name</key><string>Teen Age Riot (2012 Remastered Version)</string>
			<key>Persistent ID</key><string>183ACB73E5D9FE6B</string>
			<key>Track Type</key><string>Remote</string>
			<key>Apple Music</key><true/>
		</dict>
		<key>5863</key>
		<dict>
			<key>Track ID</key><integer>5863</integer>
			<key>Name</key><string>My Blood Runs Through This Land</string>
			<key>Artist</key><string>Black Belt Eagle Scout</string>
			<key>Album Artist</key><string>Black Belt Eagle Scout</string>
			<key>Composer</key><string>Katherine Paul</string>
			<key>Album</key><string>The Land, The Water, The Sky</string>
			<key>Genre</key><string>Music</string>
			<key>Kind</key><string>Apple Music AAC audio file</string>
			<key>Size</key><integer>11310208</integer>
			<key>Total Time</key><integer>312704</integer>
			<key>Disc Number</key><integer>1</integer>
			<key>Disc Count</key><integer>1</integer>
			<key>Track Number</key><integer>1</integer>
			<key>Track Count</key><integer>10</integer>
			<key>Year</key><integer>2022</integer>
			<key>Date Modified</key><date>2023-09-25T06:02:06Z</date>
			<key>Date Added</key><date>2023-09-25T06:02:06Z</date>
			<key>Bit Rate</key><integer>256</integer>
			<key>Sample Rate</key><integer>44100</integer>
			<key>Play Count</key><integer>3</integer>
			<key>Play Date</key><integer>3788342367</integer>
			<key>Play Date UTC</key><date>2024-01-17T20:19:27Z</date>
			<key>Release Date</key><date>2022-11-15T08:00:00Z</date>
			<key>Loved</key><true/>
			<key>Artwork Count</key><integer>1</integer>
			<key>Sort Album</key><string>Land, The Water, The Sky</string>
			<key>Sort Artist</key><string>Black Belt Eagle Scout</string>
			<key>Sort Name</key><string>My Blood Runs Through This Land</string>
			<key>Persistent ID</key><string>2760B72848ACF1CC</string>
			<key>Track Type</key><string>Remote</string>
			<key>Apple Music</key><true/>
		</dict>
		<key>5891</key>
		<dict>
			<key>Track ID</key><integer>5891</integer>
			<key>Name</key><string>★</string>
			<key>Artist</key><string>David Bowie</string>
			<key>Album Artist</key><string>David Bowie</string>
			<key>Composer</key><string>David Bowie</string>
			<key>Album</key><string>Blackstar</string>
			<key>Genre</key><string>Music</string>
			<key>Kind</key><string>Apple Music AAC audio file</string>
			<key>Size</key><integer>22191937</integer>
			<key>Total Time</key><integer>597933</integer>
			<key>Disc Number</key><integer>1</integer>
			<key>Disc Count</key><integer>1</integer>
			<key>Track Number</key><integer>1</integer>
			<key>Track Count</key><integer>7</integer>
			<key>Year</key><integer>2015</integer>
			<key>Date Modified</key><date>2023-09-25T06:02:06Z</date>
			<key>Date Added</key><date>2023-09-25T06:02:06Z</date>
			<key>Bit Rate</key><integer>256</integer>
			<key>Sample Rate</key><integer>44100</integer>
			<key>Play Count</key><integer>2</integer>
			<key>Play Date</key><integer>3822476402</integer>
			<key>Play Date UTC</key><date>2025-02-15T22:00:02Z</date>
			<key>Skip Count</key><integer>1</integer>
			<key>Skip Date</key><date>2025-01-08T22:06:32Z</date>
			<key>Release Date</key><date>2015-11-19T12:00:00Z</date>
			<key>Loved</key><true/>
			<key>Artwork Count</key><integer>1</integer>
			<key>Sort Album</key><string>Blackstar</string>
			<key>Sort Artist</key><string>David Bowie</string>
			<key>Sort Name</key><string>★</string>
			<key>Persistent ID</key><string>A572D3B89BEDBACA</string>
			<key>Track Type</key><string>Remote</string>
			<key>Apple Music</key><true/>
		</dict>
		<key>5901</key>
		<dict>
			<key>Track ID</key><integer>5901</integer>
			<key>Name</key><string>Something in the Orange</string>
			<key>Artist</key><string>Zach Bryan</string>
			<key>Album Artist</key><string>Zach Bryan</string>
			<key>Composer</key><string>Zach Bryan</string>
			<key>Album</key><string>Something in the Orange - Single</string>
			<key>Genre</key><string>Music</string>
			<key>Kind</key><string>Apple Music AAC audio file</string>
			<key>Size</key><integer>8008269</integer>
			<key>Total Time</key><integer>228013</integer>
			<key>Disc Number</key><integer>1</integer>
			<key>Disc Count</key><integer>1</integer>
			<key>Track Number</key><integer>1</integer>
			<key>Track Count</key><integer>2</integer>
			<key>Year</key><integer>2022</integer>
			<key>Date Modified</key><date>2023-09-25T06:04:41Z</date>
			<key>Date Added</key><date>2023-09-25T06:04:41Z</date>
			<key>Bit Rate</key><integer>256</integer>
			<key>Sample Rate</key><integer>44100</integer>
			<key>Play Count</key><integer>4</integer>
			<key>Play Date</key><integer>3817622756</integer>
			<key>Play Date UTC</key><date>2024-12-21T17:45:56Z</date>
			<key>Release Date</key><date>2022-04-22T12:00:00Z</date>
			<key>Loved</key><true/>
			<key>Artwork Count</key><integer>1</integer>
			<key>Sort Album</key><string>Something in the Orange - Single</string>
			<key>Sort Artist</key><string>Zach Bryan</string>
			<key>Sort Name</key><string>Something in the Orange</string>
			<key>Persistent ID</key><string>C5E7FEB540BD03AE</string>
			<key>Track Type</key><string>Remote</string>
			<key>Apple Music</key><true/>
		</dict>
		<key>5947</key>
		<dict>
			<key>Track ID</key><integer>5947</integer>
			<key>Name</key><string>Witchcraft</string>
			<key>Artist</key><string>King Gizzard &#38; The Lizard Wizard</string>
			<key>Album Artist</key><string>King Gizzard &#38; The Lizard Wizard</string>
			<key>Composer</key><string>Stu Mackenzie, Joey Walker, Michael Cavanagh &#38; Cook Craig</string>
			<key>Album</key><string>PetroDragonic Apocalypse; or, Dawn of Eternal Night: An Annihilation of Planet Earth and the Beginning of Merciless Damnation</string>
			<key>Genre</key><string>Music</string>
			<key>Kind</key><string>Apple Music AAC audio file</string>
			<key>Size</key><integer>10725236</integer>
			<key>Total Time</key><integer>303696</integer>
			<key>Disc Number</key><integer>1</integer>
			<key>Disc Count</key><integer>1</integer>
			<key>Track Number</key><integer>4</integer>
			<key>Track Count</key><integer>7</integer>
			<key>Year</key><integer>2023</integer>
			<key>Date Modified</key><date>2023-09-25T06:33:44Z</date>
			<key>Date Added</key><date>2023-09-25T06:33:44Z</date>
			<key>Bit Rate</key><integer>256</integer>
			<key>Sample Rate</key><integer>44100</integer>
			<key>Play Count</key><integer>3</integer>
			<key>Play Date</key><integer>3787725352</integer>
			<key>Play Date UTC</key><date>2024-01-10T16:55:52Z</date>
			<key>Release Date</key><date>2023-06-16T12:00:00Z</date>
			<key>Loved</key><true/>
			<key>Artwork Count</key><integer>1</integer>
			<key>Sort Artist</key><string>King Gizzard &#38; The Lizard Wizard</string>
			<key>Sort Name</key><string>Witchcraft</string>
			<key>Persistent ID</key><string>E088A8EB1704BAAA</string>
			<key>Track Type</key><string>Remote</string>
			<key>Apple Music</key><true/>
		</dict>
		<key>6047</key>
		<dict>
			<key>Track ID</key><integer>6047</integer>
			<key>Name</key><string>Lover, You Should've Come Over</string>
			<key>Artist</key><string>Jeff Buckley</string>
			<key>Album Artist</key><string>Jeff Buckley</string>
			<key>Composer</key><string>Jeff Buckley</string>
			<key>Album</key><string>Grace</string>
			<key>Genre</key><string>Music</string>
			<key>Kind</key><string>Apple Music AAC audio file</string>
			<key>Size</key><integer>15177192</integer>
			<key>Total Time</key><integer>404213</integer>
			<key>Disc Number</key><integer>1</integer>
			<key>Disc Count</key><integer>1</integer>
			<key>Track Number</key><integer>7</integer>
			<key>Track Count</key><integer>11</integer>
			<key>Year</key><integer>1994</integer>
			<key>Date Modified</key><date>2023-09-25T16:52:03Z</date>
			<key>Date Added</key><date>2023-09-25T16:52:03Z</date>
			<key>Bit Rate</key><integer>256</integer>
			<key>Sample Rate</key><integer>44100</integer>
			<key>Comments</key><string>Green</string>
			<key>Play Count</key><integer>3</integer>
			<key>Play Date</key><integer>3834429356</integer>
			<key>Play Date UTC</key><date>2025-07-04T05:15:56Z</date>
			<key>Skip Count</key><integer>2</integer>
			<key>Skip Date</key><date>2025-06-09T02:25:26Z</date>
			<key>Release Date</key><date>1994-08-23T12:00:00Z</date>
			<key>Loved</key><true/>
			<key>Compilation</key><true/>
			<key>Artwork Count</key><integer>1</integer>
			<key>Sort Album</key><string>Grace</string>
			<key>Sort Artist</key><string>Jeff Buckley</string>
			<key>Sort Name</key><string>Lover, You Should've Come Over</string>
			<key>Persistent ID</key><string>44DEC4D3C2CD10C4</string>
			<key>Track Type</key><string>Remote</string>
			<key>Apple Music</key><true/>
		</dict>
		<key>6161</key>
		<dict>
			<key>Track ID</key><integer>6161</integer>
			<key>Name</key><string>Landslide</string>
			<key>Artist</key><string>Fleetwood Mac</string>
			<key>Album Artist</key><string>Fleetwood Mac</string>
			<key>Composer</key><string>Stevie Nicks</string>
			<key>Album</key><string>Fleetwood Mac</string>
			<key>Genre</key><string>Music</string>
			<key>Kind</key><string>Apple Music AAC audio file</string>
			<key>Size</key><integer>7337904</integer>
			<key>Total Time</key><integer>198823</integer>
			<key>Disc Number</key><integer>1</integer>
			<key>Disc Count</key><integer>1</integer>
			<key>Track Number</key><integer>8</integer>
			<key>Track Count</key><integer>11</integer>
			<key>Year</key><integer>1975</integer>
			<key>Date Modified</key><date>2023-09-25T16:52:03Z</date>
			<key>Date Added</key><date>2023-09-25T16:52:03Z</date>
			<key>Bit Rate</key><integer>256</integer>
			<key>Sample Rate</key><integer>44100</integer>
			<key>Play Count</key><integer>3</integer>
			<key>Play Date</key><integer>3790262332</integer>
			<key>Play Date UTC</key><date>2024-02-09T01:38:52Z</date>
			<key>Skip Count</key><integer>1</integer>
			<key>Skip Date</key><date>2024-02-02T02:40:18Z</date>
			<key>Release Date</key><date>1975-07-11T07:00:00Z</date>
			<key>Loved</key><true/>
			<key>Artwork Count</key><integer>1</integer>
			<key>Sort Album</key><string>Fleetwood Mac</string>
			<key>Sort Artist</key><string>Fleetwood Mac</string>
			<key>Sort Name</key><string>Landslide</string>
			<key>Persistent ID</key><string>441FFEE70A4E0811</string>
			<key>Track Type</key><string>Remote</string>
			<key>Apple Music</key><true/>
		</dict>
		<key>6167</key>
		<dict>
			<key>Track ID</key><integer>6167</integer>
			<key>Name</key><string>Street Lights</string>
			<key>Artist</key><string>Kanye West</string>
			<key>Album Artist</key><string>Kanye West</string>
			<key>Composer</key><string>Kanye West, Jenny-Bea Englishman, Anthony Williams &#38; Benjamin McIldowie</string>
			<key>Album</key><string>808s &#38; Heartbreak</string>
			<key>Genre</key><string>Music</string>
			<key>Kind</key><string>Apple Music AAC audio file</string>
			<key>Size</key><integer>6877085</integer>
			<key>Total Time</key><integer>189907</integer>
			<key>Disc Number</key><integer>1</integer>
			<key>Disc Count</key><integer>1</integer>
			<key>Track Number</key><integer>8</integer>
			<key>Track Count</key><integer>12</integer>
			<key>Year</key><integer>2008</integer>
			<key>Date Modified</key><date>2023-09-25T16:52:03Z</date>
			<key>Date Added</key><date>2023-09-25T16:52:03Z</date>
			<key>Bit Rate</key><integer>256</integer>
			<key>Sample Rate</key><integer>44100</integer>
			<key>Comments</key><string>Green</string>
			<key>Play Count</key><integer>3</integer>
			<key>Play Date</key><integer>3817628504</integer>
			<key>Play Date UTC</key><date>2024-12-21T19:21:44Z</date>
			<key>Skip Count</key><integer>1</integer>
			<key>Skip Date</key><date>2025-06-09T02:31:15Z</date>
			<key>Release Date</key><date>2008-11-21T12:00:00Z</date>
			<key>Loved</key><true/>
			<key>Artwork Count</key><integer>1</integer>
			<key>Sort Album</key><string>808s &#38; Heartbreak</string>
			<key>Sort Artist</key><string>Kanye West</string>
			<key>Sort Name</key><string>Street Lights</string>
			<key>Persistent ID</key><string>32152C4FA290C8E2</string>
			<key>Track Type</key><string>Remote</string>
			<key>Apple Music</key><true/>
		</dict>
		<key>6327</key>
		<dict>
			<key>Track ID</key><integer>6327</integer>
			<key>Name</key><string>Raid (feat. MED)</string>
			<key>Artist</key><string>Madvillain</string>
			<key>Album Artist</key><string>Madvillain</string>
			<key>Composer</key><string>Otis Jackson Jr &#38; Daniel Dumile Thompson</string>
			<key>Album</key><string>Madvillainy</string>
			<key>Genre</key><string>Music</string>
			<key>Kind</key><string>Apple Music AAC audio file</string>
			<key>Size</key><integer>5592510</integer>
			<key>Total Time</key><integer>150520</integer>
			<key>Disc Number</key><integer>1</integer>
			<key>Disc Count</key><integer>1</integer>
			<key>Track Number</key><integer>5</integer>
			<key>Track Count</key><integer>22</integer>
			<key>Year</key><integer>2004</integer>
			<key>Date Modified</key><date>2023-09-25T16:52:03Z</date>
			<key>Date Added</key><date>2023-09-25T16:52:03Z</date>
			<key>Bit Rate</key><integer>256</integer>
			<key>Sample Rate</key><integer>44100</integer>
			<key>Play Count</key><integer>11</integer>
			<key>Play Date</key><integer>3833686465</integer>
			<key>Play Date UTC</key><date>2025-06-25T14:54:25Z</date>
			<key>Skip Count</key><integer>3</integer>
			<key>Skip Date</key><date>2025-07-14T14:56:34Z</date>
			<key>Release Date</key><date>2004-03-23T08:00:00Z</date>
			<key>Loved</key><true/>
			<key>Artwork Count</key><integer>1</integer>
			<key>Sort Album</key><string>Madvillainy</string>
			<key>Sort Artist</key><string>Madvillain</string>
			<key>Sort Name</key><string>Raid (feat. MED)</string>
			<key>Persistent ID</key><string>EE3F209C768A74F7</string>
			<key>Explicit</key><true/>
			<key>Track Type</key><string>Remote</string>
			<key>Apple Music</key><true/>
		</dict>
		<key>6421</key>
		<dict>
			<key>Track ID</key><integer>6421</integer>
			<key>Name</key><string>NEW MAGIC WAND</string>
			<key>Artist</key><string>Tyler, The Creator</string>
			<key>Album Artist</key><string>Tyler, The Creator</string>
			<key>Composer</key><string>Tyler Okonma</string>
			<key>Album</key><string>IGOR</string>
			<key>Genre</key><string>Music</string>
			<key>Kind</key><string>Apple Music AAC audio file</string>
			<key>Size</key><integer>7741659</integer>
			<key>Total Time</key><integer>195327</integer>
			<key>Disc Number</key><integer>1</integer>
			<key>Disc Count</key><integer>1</integer>
			<key>Track Number</key><integer>6</integer>
			<key>Track Count</key><integer>12</integer>
			<key>Year</key><integer>2019</integer>
			<key>Date Modified</key><date>2023-09-25T16:52:03Z</date>
			<key>Date Added</key><date>2023-09-25T16:52:03Z</date>
			<key>Bit Rate</key><integer>256</integer>
			<key>Sample Rate</key><integer>44100</integer>
			<key>Play Count</key><integer>4</integer>
			<key>Play Date</key><integer>3824096301</integer>
			<key>Play Date UTC</key><date>2025-03-06T15:58:21Z</date>
			<key>Skip Count</key><integer>1</integer>
			<key>Skip Date</key><date>2025-01-08T21:39:34Z</date>
			<key>Release Date</key><date>2019-05-16T07:00:00Z</date>
			<key>Loved</key><true/>
			<key>Artwork Count</key><integer>1</integer>
			<key>Sort Album</key><string>IGOR</string>
			<key>Sort Artist</key><string>Tyler, The Creator</string>
			<key>Sort Name</key><string>NEW MAGIC WAND</string>
			<key>Persistent ID</key><string>EDB616A491CEE9CA</string>
			<key>Explicit</key><true/>
			<key>Track Type</key><string>Remote</string>
			<key>Apple Music</key><true/>
		</dict>
		<key>6429</key>
		<dict>
			<key>Track ID</key><integer>6429</integer>
			<key>Name</key><string>Echoes</string>
			<key>Artist</key><string>Pink Floyd</string>
			<key>Album Artist</key><string>Pink Floyd</string>
			<key>Composer</key><string>Roger Waters, David Gilmour, Richard Wright &#38; Nick Mason</string>
			<key>Album</key><string>Meddle (2016 Remaster)</string>
			<key>Genre</key><string>Music</string>
			<key>Kind</key><string>Apple Music AAC audio file</string>
			<key>Size</key><integer>48042114</integer>
			<key>Total Time</key><integer>1413307</integer>
			<key>Disc Number</key><integer>1</integer>
			<key>Disc Count</key><integer>1</integer>
			<key>Track Number</key><integer>6</integer>
			<key>Track Count</key><integer>6</integer>
			<key>Year</key><integer>1971</integer>
			<key>Date Modified</key><date>2023-09-25T16:52:03Z</date>
			<key>Date Added</key><date>2023-09-25T16:52:03Z</date>
			<key>Bit Rate</key><integer>256</integer>
			<key>Sample Rate</key><integer>44100</integer>
			<key>Play Count</key><integer>2</integer>
			<key>Play Date</key><integer>3821254750</integer>
			<key>Play Date UTC</key><date>2025-02-01T18:39:10Z</date>
			<key>Release Date</key><date>1971-10-30T07:00:00Z</date>
			<key>Loved</key><true/>
			<key>Artwork Count</key><integer>1</integer>
			<key>Sort Album</key><string>Meddle (2016 Remaster)</string>
			<key>Sort Artist</key><string>Pink Floyd</string>
			<key>Sort Name</key><string>Echoes</string>
			<key>Persistent ID</key><string>3FAD66D5EBF3F1CB</string>
			<key>Track Type</key><string>Remote</string>
			<key>Apple Music</key><true/>
		</dict>
		<key>6665</key>
		<dict>
			<key>Track ID</key><integer>6665</integer>
			<key>Name</key><string>New Person, Same Old Mistakes</string>
			<key>Artist</key><string>Tame Impala</string>
			<key>Album Artist</key><string>Tame Impala</string>
			<key>Composer</key><string>Kevin Parker</string>
			<key>Album</key><string>Currents</string>
			<key>Genre</key><string>Music</string>
			<key>Kind</key><string>Apple Music AAC audio file</string>
			<key>Size</key><integer>13056562</integer>
			<key>Total Time</key><integer>362173</integer>
			<key>Disc Number</key><integer>1</integer>
			<key>Disc Count</key><integer>1</integer>
			<key>Track Number</key><integer>13</integer>
			<key>Track Count</key><integer>13</integer>
			<key>Year</key><integer>2015</integer>
			<key>Date Modified</key><date>2023-09-25T16:52:04Z</date>
			<key>Date Added</key><date>2023-09-25T16:52:04Z</date>
			<key>Bit Rate</key><integer>256</integer>
			<key>Sample Rate</key><integer>44100</integer>
			<key>Comments</key><string>Indigo</string>
			<key>Play Count</key><integer>4</integer>
			<key>Play Date</key><integer>3832581943</integer>
			<key>Play Date UTC</key><date>2025-06-12T20:05:43Z</date>
			<key>Skip Count</key><integer>1</integer>
			<key>Skip Date</key><date>2025-01-08T21:45:19Z</date>
			<key>Release Date</key><date>2015-07-17T12:00:00Z</date>
			<key>Loved</key><true/>
			<key>Artwork Count</key><integer>1</integer>
			<key>Sort Album</key><string>Currents</string>
			<key>Sort Artist</key><string>Tame Impala</string>
			<key>Sort Name</key><string>New Person, Same Old Mistakes</string>
			<key>Persistent ID</key><string>13DF58D9CFFF1717</string>
			<key>Track Type</key><string>Remote</string>
			<key>Apple Music</key><true/>
		</dict>
		<key>6667</key>
		<dict>
			<key>Track ID</key><integer>6667</integer>
			<key>Name</key><string>Starman (2012 Remaster)</string>
			<key>Artist</key><string>David Bowie</string>
			<key>Album Artist</key><string>David Bowie</string>
			<key>Composer</key><string>David Bowie</string>
			<key>Album</key><string>The Rise and Fall of Ziggy Stardust and the Spiders from Mars (2012 Remaster)</string>
			<key>Genre</key><string>Music</string>
			<key>Kind</key><string>Apple Music AAC audio file</string>
			<key>Size</key><integer>9787901</integer>
			<key>Total Time</key><integer>254293</integer>
			<key>Disc Number</key><integer>1</integer>
			<key>Disc Count</key><integer>1</integer>
			<key>Track Number</key><integer>4</integer>
			<key>Track Count</key><integer>11</integer>
			<key>Year</key><integer>1972</integer>
			<key>Date Modified</key><date>2023-09-25T16:52:04Z</date>
			<key>Date Added</key><date>2023-09-25T16:52:04Z</date>
			<key>Bit Rate</key><integer>256</integer>
			<key>Sample Rate</key><integer>44100</integer>
			<key>Comments</key><string>Green</string>
			<key>Play Count</key><integer>5</integer>
			<key>Play Date</key><integer>3824043423</integer>
			<key>Play Date UTC</key><date>2025-03-06T01:17:03Z</date>
			<key>Release Date</key><date>1972-04-28T08:00:00Z</date>
			<key>Loved</key><true/>
			<key>Artwork Count</key><integer>1</integer>
			<key>Sort Album</key><string>Rise and Fall of Ziggy Stardust and the Spiders from Mars (2012 Remaster)</string>
			<key>Sort Artist</key><string>David Bowie</string>
			<key>Sort Name</key><string>Starman (2012 Remaster)</string>
			<key>Persistent ID</key><string>43FCE8D24BDC8FB0</string>
			<key>Track Type</key><string>Remote</string>
			<key>Apple Music</key><true/>
		</dict>
		<key>6705</key>
		<dict>
			<key>Track ID</key><integer>6705</integer>
			<key>Name</key><string>She</string>
			<key>Artist</key><string>Green Day</string>
			<key>Album Artist</key><string>Green Day</string>
			<key>Composer</key><string>Billie Joe Armstrong, Mike Dirnt &#38; Tré Cool</string>
			<key>Album</key><string>Dookie</string>
			<key>Genre</key><string>Music</string>
			<key>Kind</key><string>Apple Music AAC audio file</string>
			<key>Size</key><integer>5461449</integer>
			<key>Total Time</key><integer>133910</integer>
			<key>Disc Number</key><integer>1</integer>
			<key>Disc Count</key><integer>1</integer>
			<key>Track Number</key><integer>8</integer>
			<key>Track Count</key><integer>15</integer>
			<key>Year</key><integer>1994</integer>
			<key>Date Modified</key><date>2023-09-25T16:52:04Z</date>
			<key>Date Added</key><date>2023-09-25T16:52:04Z</date>
			<key>Bit Rate</key><integer>256</integer>
			<key>Sample Rate</key><integer>44100</integer>
			<key>Comments</key><string>Green</string>
			<key>Play Count</key><integer>4</integer>
			<key>Play Date</key><integer>3832492360</integer>
			<key>Play Date UTC</key><date>2025-06-11T19:12:40Z</date>
			<key>Release Date</key><date>1994-02-01T08:00:00Z</date>
			<key>Loved</key><true/>
			<key>Artwork Count</key><integer>1</integer>
			<key>Sort Album</key><string>Dookie</string>
			<key>Sort Artist</key><string>Green Day</string>
			<key>Sort Name</key><string>She</string>
			<key>Persistent ID</key><string>ADEA51BC4936F537</string>
			<key>Track Type</key><string>Remote</string>
			<key>Apple Music</key><true/>
		</dict>
		<key>6739</key>
		<dict>
			<key>Track ID</key><integer>6739</integer>
			<key>Name</key><string>Train In Vain (Stand By Me)</string>
			<key>Artist</key><string>The Clash</string>
			<key>Album Artist</key><string>The Clash</string>
			<key>Composer</key><string>Paul Simonon, Topper Headon, Mick Jones &#38; Joe Strummer</string>
			<key>Album</key><string>London Calling</string>
			<key>Genre</key><string>Music</string>
			<key>Kind</key><string>Apple Music AAC audio file</string>
			<key>Size</key><integer>7622829</integer>
			<key>Total Time</key><integer>192455</integer>
			<key>Disc Number</key><integer>1</integer>
			<key>Disc Count</key><integer>1</integer>
			<key>Track Number</key><integer>19</integer>
			<key>Track Count</key><integer>19</integer>
			<key>Year</key><integer>1979</integer>
			<key>Date Modified</key><date>2023-09-25T16:52:04Z</date>
			<key>Date Added</key><date>2023-09-25T16:52:04Z</date>
			<key>Bit Rate</key><integer>256</integer>
			<key>Sample Rate</key><integer>44100</integer>
			<key>Comments</key><string>Yellow</string>
			<key>Play Count</key><integer>4</integer>
			<key>Play Date</key><integer>3834427647</integer>
			<key>Play Date UTC</key><date>2025-07-04T04:47:27Z</date>
			<key>Skip Count</key><integer>1</integer>
			<key>Skip Date</key><date>2025-01-08T21:47:06Z</date>
			<key>Release Date</key><date>1979-12-14T08:00:00Z</date>
			<key>Loved</key><true/>
			<key>Artwork Count</key><integer>1</integer>
			<key>Sort Album</key><string>London Calling</string>
			<key>Sort Album Artist</key><string>Clash</string>
			<key>Sort Artist</key><string>Clash</string>
			<key>Sort Name</key><string>Train In Vain (Stand By Me)</string>
			<key>Persistent ID</key><string>6030863C9F3212F9</string>
			<key>Track Type</key><string>Remote</string>
			<key>Apple Music</key><true/>
		</dict>
		<key>6763</key>
		<dict>
			<key>Track ID</key><integer>6763</integer>
			<key>Name</key><string>Spring/Sun/Winter/Dread</string>
			<key>Artist</key><string>Everything Everything</string>
			<key>Album Artist</key><string>Everything Everything</string>
			<key>Album</key><string>Get to Heaven</string>
			<key>Genre</key><string>Music</string>
			<key>Kind</key><string>Apple Music AAC audio file</string>
			<key>Size</key><integer>7015228</integer>
			<key>Total Time</key><integer>198213</integer>
			<key>Disc Number</key><integer>1</integer>
			<key>Disc Count</key><integer>1</integer>
			<key>Track Number</key><integer>5</integer>
			<key>Track Count</key><integer>11</integer>
			<key>Year</key><integer>2015</integer>
			<key>Date Modified</key><date>2023-09-25T16:52:04Z</date>
			<key>Date Added</key><date>2023-09-25T16:52:04Z</date>
			<key>Bit Rate</key><integer>256</integer>
			<key>Sample Rate</key><integer>44100</integer>
			<key>Comments</key><string>Yellow</string>
			<key>Play Count</key><integer>7</integer>
			<key>Play Date</key><integer>3832139038</integer>
			<key>Play Date UTC</key><date>2025-06-07T17:03:58Z</date>
			<key>Skip Count</key><integer>1</integer>
			<key>Skip Date</key><date>2024-02-02T02:30:55Z</date>
			<key>Release Date</key><date>2015-06-19T12:00:00Z</date>
			<key>Loved</key><true/>
			<key>Artwork Count</key><integer>1</integer>
			<key>Sort Album</key><string>Get to Heaven</string>
			<key>Sort Artist</key><string>Everything Everything</string>
			<key>Sort Name</key><string>Spring/Sun/Winter/Dread</string>
			<key>Persistent ID</key><string>77B2AA701BC98BAE</string>
			<key>Track Type</key><string>Remote</string>
			<key>Apple Music</key><true/>
		</dict>
		<key>6789</key>
		<dict>
			<key>Track ID</key><integer>6789</integer>
			<key>Name</key><string>Flightless Bird, American Mouth</string>
			<key>Artist</key><string>Iron &#38; Wine</string>
			<key>Album Artist</key><string>Iron &#38; Wine</string>
			<key>Composer</key><string>Sam Beam</string>
			<key>Album</key><string>The Shepherd's Dog</string>
			<key>Genre</key><string>Music</string>
			<key>Kind</key><string>Apple Music AAC audio file</string>
			<key>Size</key><integer>8605682</integer>
			<key>Total Time</key><integer>241917</integer>
			<key>Disc Number</key><integer>1</integer>
			<key>Disc Count</key><integer>1</integer>
			<key>Track Number</key><integer>12</integer>
			<key>Track Count</key><integer>12</integer>
			<key>Year</key><integer>2007</integer>
			<key>Date Modified</key><date>2023-09-25T16:52:04Z</date>
			<key>Date Added</key><date>2023-09-25T16:52:04Z</date>
			<key>Bit Rate</key><integer>256</integer>
			<key>Sample Rate</key><integer>44100</integer>
			<key>Comments</key><string>Green</string>
			<key>Play Count</key><integer>2</integer>
			<key>Play Date</key><integer>3817812863</integer>
			<key>Play Date UTC</key><date>2024-12-23T22:34:23Z</date>
			<key>Skip Count</key><integer>1</integer>
			<key>Skip Date</key><date>2024-12-31T16:01:19Z</date>
			<key>Release Date</key><date>2007-09-25T07:00:00Z</date>
			<key>Loved</key><true/>
			<key>Artwork Count</key><integer>1</integer>
			<key>Sort Album</key><string>Shepherd's Dog</string>
			<key>Sort Artist</key><string>Iron &#38; Wine</string>
			<key>Sort Name</key><string>Flightless Bird, American Mouth</string>
			<key>Persistent ID</key><string>6BCF6F867D0D2CED</string>
			<key>Track Type</key><string>Remote</string>
			<key>Apple Music</key><true/>
		</dict>
		<key>6799</key>
		<dict>
			<key>Track ID</key><integer>6799</integer>
			<key>Name</key><string>Enjoy the Silence</string>
			<key>Artist</key><string>Depeche Mode</string>
			<key>Album Artist</key><string>Depeche Mode</string>
			<key>Composer</key><string>Martin Gore</string>
			<key>Album</key><string>Violator (Deluxe)</string>
			<key>Genre</key><string>Music</string>
			<key>Kind</key><string>Apple Music AAC audio file</string>
			<key>Size</key><integer>13464324</integer>
			<key>Total Time</key><integer>372827</integer>
			<key>Disc Number</key><integer>1</integer>
			<key>Disc Count</key><integer>1</integer>
			<key>Track Number</key><integer>6</integer>
			<key>Track Count</key><integer>15</integer>
			<key>Year</key><integer>1990</integer>
			<key>Date Modified</key><date>2023-09-25T16:52:04Z</date>
			<key>Date Added</key><date>2023-09-25T16:52:04Z</date>
			<key>Bit Rate</key><integer>256</integer>
			<key>Sample Rate</key><integer>44100</integer>
			<key>Play Count</key><integer>2</integer>
			<key>Play Date</key><integer>3817630615</integer>
			<key>Play Date UTC</key><date>2024-12-21T19:56:55Z</date>
			<key>Release Date</key><date>1990-02-05T12:00:00Z</date>
			<key>Loved</key><true/>
			<key>Artwork Count</key><integer>1</integer>
			<key>Sort Album</key><string>Violator (Deluxe)</string>
			<key>Sort Artist</key><string>Depeche Mode</string>
			<key>Sort Name</key><string>Enjoy the Silence</string>
			<key>Persistent ID</key><string>D94B3C14C0ACD135</string>
			<key>Track Type</key><string>Remote</string>
			<key>Apple Music</key><true/>
		</dict>
		<key>6823</key>
		<dict>
			<key>Track ID</key><integer>6823</integer>
			<key>Name</key><string>Sound and Vision</string>
			<key>Artist</key><string>David Bowie</string>
			<key>Album Artist</key><string>David Bowie</string>
			<key>Composer</key><string>David Bowie</string>
			<key>Album</key><string>Low (2017 Remaster)</string>
			<key>Genre</key><string>Music</string>
			<key>Kind</key><string>Apple Music AAC audio file</string>
			<key>Size</key><integer>7240151</integer>
			<key>Total Time</key><integer>183605</integer>
			<key>Disc Number</key><integer>1</integer>
			<key>Disc Count</key><integer>1</integer>
			<key>Track Number</key><integer>4</integer>
			<key>Track Count</key><integer>11</integer>
			<key>Year</key><integer>1977</integer>
			<key>Date Modified</key><date>2023-09-25T16:52:04Z</date>
			<key>Date Added</key><date>2023-09-25T16:52:04Z</date>
			<key>Bit Rate</key><integer>256</integer>
			<key>Sample Rate</key><integer>44100</integer>
			<key>Play Count</key><integer>3</integer>
			<key>Play Date</key><integer>3822482504</integer>
			<key>Play Date UTC</key><date>2025-02-15T23:41:44Z</date>
			<key>Release Date</key><date>1977-01-14T08:00:00Z</date>
			<key>Loved</key><true/>
			<key>Artwork Count</key><integer>1</integer>
			<key>Sort Album</key><string>Low (2017 Remaster)</string>
			<key>Sort Artist</key><string>David Bowie</string>
			<key>Sort Name</key><string>Sound and Vision</string>
			<key>Persistent ID</key><string>C1394B738B0567CC</string>
			<key>Track Type</key><string>Remote</string>
			<key>Apple Music</key><true/>
		</dict>
		<key>6967</key>
		<dict>
			<key>Track ID</key><integer>6967</integer>
			<key>Name</key><string>Dare</string>
			<key>Artist</key><string>Gorillaz</string>
			<key>Album Artist</key><string>Gorillaz</string>
			<key>Composer</key><string>Damon Albarn, Jamie Hewlett &#38; Brian Burton</string>
			<key>Album</key><string>Demon Days</string>
			<key>Genre</key><string>Music</string>
			<key>Kind</key><string>Apple Music AAC audio file</string>
			<key>Size</key><integer>8655515</integer>
			<key>Total Time</key><integer>244307</integer>
			<key>Disc Number</key><integer>1</integer>
			<key>Disc Count</key><integer>1</integer>
			<key>Track Number</key><integer>12</integer>
			<key>Track Count</key><integer>15</integer>
			<key>Year</key><integer>2005</integer>
			<key>Date Modified</key><date>2023-09-25T16:52:04Z</date>
			<key>Date Added</key><date>2023-09-25T16:52:04Z</date>
			<key>Bit Rate</key><integer>256</integer>
			<key>Sample Rate</key><integer>44100</integer>
			<key>Comments</key><string>Orange</string>
			<key>Play Count</key><integer>4</integer>
			<key>Play Date</key><integer>3817635313</integer>
			<key>Play Date UTC</key><date>2024-12-21T21:15:13Z</date>
			<key>Release Date</key><date>2005-05-11T07:00:00Z</date>
			<key>Loved</key><true/>
			<key>Artwork Count</key><integer>1</integer>
			<key>Sort Album</key><string>Demon Days</string>
			<key>Sort Artist</key><string>Gorillaz</string>
			<key>Sort Name</key><string>Dare</string>
			<key>Persistent ID</key><string>437AA1A6650BCFC1</string>
			<key>Track Type</key><string>Remote</string>
			<key>Apple Music</key><true/>
		</dict>
		<key>7031</key>
		<dict>
			<key>Track ID</key><integer>7031</integer>
			<key>Name</key><string>Holocene</string>
			<key>Artist</key><string>Bon Iver</string>
			<key>Album Artist</key><string>Bon Iver</string>
			<key>Composer</key><string>Justin Deyarmond Edison Vernon &#38; Justin Vernon</string>
			<key>Album</key><string>Bon Iver, Bon Iver</string>
			<key>Genre</key><string>Music</string>
			<key>Kind</key><string>Apple Music AAC audio file</string>
			<key>Size</key><integer>12360714</integer>
			<key>Total Time</key><integer>336613</integer>
			<key>Disc Number</key><integer>1</integer>
			<key>Disc Count</key><integer>1</integer>
			<key>Track Number</key><integer>3</integer>
			<key>Track Count</key><integer>10</integer>
			<key>Year</key><integer>2011</integer>
			<key>Date Modified</key><date>2023-09-25T16:52:04Z</date>
			<key>Date Added</key><date>2023-09-25T16:52:04Z</date>
			<key>Bit Rate</key><integer>256</integer>
			<key>Sample Rate</key><integer>44100</integer>
			<key>Play Count</key><integer>2</integer>
			<key>Play Date</key><integer>3827068945</integer>
			<key>Play Date UTC</key><date>2025-04-10T00:42:25Z</date>
			<key>Release Date</key><date>2011-06-21T07:00:00Z</date>
			<key>Loved</key><true/>
			<key>Artwork Count</key><integer>1</integer>
			<key>Sort Album</key><string>Bon Iver, Bon Iver</string>
			<key>Sort Artist</key><string>Bon Iver</string>
			<key>Sort Name</key><string>Holocene</string>
			<key>Persistent ID</key><string>79C05211E07D2C06</string>
			<key>Explicit</key><true/>
			<key>Track Type</key><string>Remote</string>
			<key>Apple Music</key><true/>
		</dict>
		<key>7057</key>
		<dict>
			<key>Track ID</key><integer>7057</integer>
			<key>Name</key><string>Backseat Freestyle</string>
			<key>Artist</key><string>Kendrick Lamar</string>
			<key>Album Artist</key><string>Kendrick Lamar</string>
			<key>Composer</key><string>Kendrick Lamar &#38; C. Hollis</string>
			<key>Album</key><string>good kid, m.A.A.d city</string>
			<key>Genre</key><string>Music</string>
			<key>Kind</key><string>Apple Music AAC audio file</string>
			<key>Size</key><integer>7748450</integer>
			<key>Total Time</key><integer>212536</integer>
			<key>Disc Number</key><integer>1</integer>
			<key>Disc Count</key><integer>1</integer>
			<key>Track Number</key><integer>3</integer>
			<key>Track Count</key><integer>12</integer>
			<key>Year</key><integer>2012</integer>
			<key>Date Modified</key><date>2023-09-25T16:52:04Z</date>
			<key>Date Added</key><date>2023-09-25T16:52:04Z</date>
			<key>Bit Rate</key><integer>256</integer>
			<key>Sample Rate</key><integer>44100</integer>
			<key>Play Count</key><integer>3</integer>
			<key>Play Date</key><integer>3821255547</integer>
			<key>Play Date UTC</key><date>2025-02-01T18:52:27Z</date>
			<key>Skip Count</key><integer>4</integer>
			<key>Skip Date</key><date>2025-03-22T00:54:38Z</date>
			<key>Release Date</key><date>2012-10-22T12:00:00Z</date>
			<key>Loved</key><true/>
			<key>Artwork Count</key><integer>1</integer>
			<key>Sort Album</key><string>good kid, m.A.A.d city</string>
			<key>Sort Artist</key><string>Kendrick Lamar</string>
			<key>Sort Name</key><string>Backseat Freestyle</string>
			<key>Persistent ID</key><string>99406883745F6885</string>
			<key>Explicit</key><true/>
			<key>Track Type</key><string>Remote</string>
			<key>Apple Music</key><true/>
		</dict>
		<key>7079</key>
		<dict>
			<key>Track ID</key><integer>7079</integer>
			<key>Name</key><string>Head Over Heels / Broken</string>
			<key>Artist</key><string>Tears for Fears</string>
			<key>Album Artist</key><string>Tears for Fears</string>
			<key>Composer</key><string>Roland Orzabal &#38; Curt Smith</string>
			<key>Album</key><string>Songs from the Big Chair</string>
			<key>Genre</key><string>Music</string>
			<key>Kind</key><string>Apple Music AAC audio file</string>
			<key>Size</key><integer>11279686</integer>
			<key>Total Time</key><integer>302120</integer>
			<key>Disc Number</key><integer>1</integer>
			<key>Disc Count</key><integer>1</integer>
			<key>Track Number</key><integer>7</integer>
			<key>Track Count</key><integer>8</integer>
			<key>Year</key><integer>1985</integer>
			<key>Date Modified</key><date>2023-09-25T16:52:04Z</date>
			<key>Date Added</key><date>2023-09-25T16:52:04Z</date>
			<key>Bit Rate</key><integer>256</integer>
			<key>Sample Rate</key><integer>44100</integer>
			<key>Play Count</key><integer>7</integer>
			<key>Play Date</key><integer>3834485354</integer>
			<key>Play Date UTC</key><date>2025-07-04T20:49:14Z</date>
			<key>Release Date</key><date>1985-02-25T12:00:00Z</date>
			<key>Loved</key><true/>
			<key>Artwork Count</key><integer>1</integer>
			<key>Sort Album</key><string>Songs from the Big Chair</string>
			<key>Sort Artist</key><string>Tears for Fears</string>
			<key>Sort Name</key><string>Head Over Heels / Broken</string>
			<key>Persistent ID</key><string>5B0E42A849352E32</string>
			<key>Track Type</key><string>Remote</string>
			<key>Apple Music</key><true/>
		</dict>
		<key>7465</key>
		<dict>
			<key>Track ID</key><integer>7465</integer>
			<key>Name</key><string>Strawberry Swing</string>
			<key>Artist</key><string>Coldplay</string>
			<key>Album Artist</key><string>Coldplay</string>
			<key>Composer</key><string>Chris Martin, Guy Berryman, Jonny Buckland &#38; Will Champion</string>
			<key>Album</key><string>Viva La Vida or Death and All His Friends</string>
			<key>Genre</key><string>Music</string>
			<key>Kind</key><string>Apple Music AAC audio file</string>
			<key>Size</key><integer>8938149</integer>
			<key>Total Time</key><integer>249699</integer>
			<key>Disc Number</key><integer>1</integer>
			<key>Disc Count</key><integer>1</integer>
			<key>Track Number</key><integer>9</integer>
			<key>Track Count</key><integer>10</integer>
			<key>Year</key><integer>2008</integer>
			<key>Date Modified</key><date>2023-09-25T16:53:01Z</date>
			<key>Date Added</key><date>2023-09-25T16:53:01Z</date>
			<key>Bit Rate</key><integer>256</integer>
			<key>Sample Rate</key><integer>44100</integer>
			<key>Comments</key><string>Yellow</string>
			<key>Play Count</key><integer>3</integer>
			<key>Play Date</key><integer>3795005892</integer>
			<key>Play Date UTC</key><date>2024-04-03T22:18:12Z</date>
			<key>Release Date</key><date>2008-06-12T07:00:00Z</date>
			<key>Loved</key><true/>
			<key>Artwork Count</key><integer>1</integer>
			<key>Sort Album</key><string>Viva La Vida or Death and All His Friends</string>
			<key>Sort Artist</key><string>Coldplay</string>
			<key>Sort Name</key><string>Strawberry Swing</string>
			<key>Persistent ID</key><string>664B6519671D7D02</string>
			<key>Track Type</key><string>Remote</string>
			<key>Apple Music</key><true/>
		</dict>
		<key>7539</key>
		<dict>
			<key>Track ID</key><integer>7539</integer>
			<key>Name</key><string>Rings of Saturn</string>
			<key>Artist</key><string>Nick Cave &#38; The Bad Seeds</string>
			<key>Album Artist</key><string>Nick Cave &#38; The Bad Seeds</string>
			<key>Album</key><string>Skeleton Tree</string>
			<key>Genre</key><string>Music</string>
			<key>Kind</key><string>Apple Music AAC audio file</string>
			<key>Size</key><integer>7443105</integer>
			<key>Total Time</key><integer>208520</integer>
			<key>Disc Number</key><integer>1</integer>
			<key>Disc Count</key><integer>1</integer>
			<key>Track Number</key><integer>2</integer>
			<key>Track Count</key><integer>8</integer>
			<key>Year</key><integer>2016</integer>
			<key>Date Modified</key><date>2023-09-25T16:53:01Z</date>
			<key>Date Added</key><date>2023-09-25T16:53:01Z</date>
			<key>Bit Rate</key><integer>256</integer>
			<key>Sample Rate</key><integer>44100</integer>
			<key>Comments</key><string>Blue</string>
			<key>Play Count</key><integer>2</integer>
			<key>Play Date</key><integer>3826955655</integer>
			<key>Play Date UTC</key><date>2025-04-08T17:14:15Z</date>
			<key>Release Date</key><date>2016-09-09T07:00:00Z</date>
			<key>Loved</key><true/>
			<key>Artwork Count</key><integer>1</integer>
			<key>Sort Album</key><string>Skeleton Tree</string>
			<key>Sort Artist</key><string>Nick Cave &#38; The Bad Seeds</string>
			<key>Sort Name</key><string>Rings of Saturn</string>
			<key>Persistent ID</key><string>762A716B34BCD041</string>
			<key>Track Type</key><string>Remote</string>
			<key>Apple Music</key><true/>
		</dict>
		<key>7625</key>
		<dict>
			<key>Track ID</key><integer>7625</integer>
			<key>Name</key><string>Don't Think Twice, It's All Right</string>
			<key>Artist</key><string>Bob Dylan</string>
			<key>Album Artist</key><string>Bob Dylan</string>
			<key>Composer</key><string>Bob Dylan</string>
			<key>Album</key><string>The Freewheelin' Bob Dylan</string>
			<key>Genre</key><string>Music</string>
			<key>Kind</key><string>Apple Music AAC audio file</string>
			<key>Size</key><integer>8043930</integer>
			<key>Total Time</key><integer>220888</integer>
			<key>Disc Number</key><integer>1</integer>
			<key>Disc Count</key><integer>1</integer>
			<key>Track Number</key><integer>7</integer>
			<key>Track Count</key><integer>13</integer>
			<key>Year</key><integer>1963</integer>
			<key>Date Modified</key><date>2023-09-25T16:53:02Z</date>
			<key>Date Added</key><date>2023-09-25T16:53:02Z</date>
			<key>Bit Rate</key><integer>256</integer>
			<key>Sample Rate</key><integer>44100</integer>
			<key>Comments</key><string>Green</string>
			<key>Play Count</key><integer>35</integer>
			<key>Play Date</key><integer>3832853215</integer>
			<key>Play Date UTC</key><date>2025-06-15T23:26:55Z</date>
			<key>Skip Count</key><integer>1</integer>
			<key>Skip Date</key><date>2025-03-05T22:11:45Z</date>
			<key>Release Date</key><date>1963-05-27T07:00:00Z</date>
			<key>Loved</key><true/>
			<key>Artwork Count</key><integer>1</integer>
			<key>Sort Album</key><string>Freewheelin' Bob Dylan</string>
			<key>Sort Artist</key><string>Bob Dylan</string>
			<key>Sort Name</key><string>Don't Think Twice, It's All Right</string>
			<key>Persistent ID</key><string>C996452E5DF287DC</string>
			<key>Track Type</key><string>Remote</string>
			<key>Apple Music</key><true/>
		</dict>
		<key>7653</key>
		<dict>
			<key>Track ID</key><integer>7653</integer>
			<key>Name</key><string>Drive</string>
			<key>Artist</key><string>Incubus</string>
			<key>Album Artist</key><string>Incubus</string>
			<key>Composer</key><string>Brandon Boyd, Michael Einziger, José Pasillas II, Alex Katunich &#38; Chris Kilmore</string>
			<key>Album</key><string>Make Yourself</string>
			<key>Genre</key><string>Music</string>
			<key>Kind</key><string>Apple Music AAC audio file</string>
			<key>Size</key><integer>8546176</integer>
			<key>Total Time</key><integer>232428</integer>
			<key>Disc Number</key><integer>1</integer>
			<key>Disc Count</key><integer>1</integer>
			<key>Track Number</key><integer>8</integer>
			<key>Track Count</key><integer>13</integer>
			<key>Year</key><integer>1999</integer>
			<key>Date Modified</key><date>2023-09-25T16:53:02Z</date>
			<key>Date Added</key><date>2023-09-25T16:53:02Z</date>
			<key>Bit Rate</key><integer>256</integer>
			<key>Sample Rate</key><integer>44100</integer>
			<key>Play Count</key><integer>3</integer>
			<key>Play Date</key><integer>3828276658</integer>
			<key>Play Date UTC</key><date>2025-04-24T00:10:58Z</date>
			<key>Skip Count</key><integer>2</integer>
			<key>Skip Date</key><date>2025-03-31T00:35:48Z</date>
			<key>Release Date</key><date>1999-10-26T07:00:00Z</date>
			<key>Loved</key><true/>
			<key>Artwork Count</key><integer>1</integer>
			<key>Sort Album</key><string>Make Yourself</string>
			<key>Sort Artist</key><string>Incubus</string>
			<key>Sort Name</key><string>Drive</string>
			<key>Persistent ID</key><string>850B1F52FB1E80B9</string>
			<key>Track Type</key><string>Remote</string>
			<key>Apple Music</key><true/>
		</dict>
		<key>7655</key>
		<dict>
			<key>Track ID</key><integer>7655</integer>
			<key>Name</key><string>This Must Be the Place (Naive Melody)</string>
			<key>Artist</key><string>Talking Heads</string>
			<key>Album Artist</key><string>Talking Heads</string>
			<key>Composer</key><string>Chris Frantz, David Byrne, Jerry Harrison &#38; Tina Weymouth</string>
			<key>Album</key><string>Speaking In Tongues</string>
			<key>Genre</key><string>Music</string>
			<key>Kind</key><string>Apple Music AAC audio file</string>
			<key>Size</key><integer>11209345</integer>
			<key>Total Time</key><integer>295427</integer>
			<key>Disc Number</key><integer>1</integer>
			<key>Disc Count</key><integer>1</integer>
			<key>Track Number</key><integer>9</integer>
			<key>Track Count</key><integer>9</integer>
			<key>Year</key><integer>1983</integer>
			<key>Date Modified</key><date>2023-09-25T16:53:02Z</date>
			<key>Date Added</key><date>2023-09-25T16:53:02Z</date>
			<key>Bit Rate</key><integer>256</integer>
			<key>Sample Rate</key><integer>44100</integer>
			<key>Play Count</key><integer>32</integer>
			<key>Play Date</key><integer>3834426928</integer>
			<key>Play Date UTC</key><date>2025-07-04T04:35:28Z</date>
			<key>Skip Count</key><integer>1</integer>
			<key>Skip Date</key><date>2024-11-23T19:11:14Z</date>
			<key>Release Date</key><date>1983-05-31T07:00:00Z</date>
			<key>Loved</key><true/>
			<key>Artwork Count</key><integer>1</integer>
			<key>Sort Album</key><string>Speaking In Tongues</string>
			<key>Sort Artist</key><string>Talking Heads</string>
			<key>Sort Name</key><string>This Must Be the Place (Naive Melody)</string>
			<key>Persistent ID</key><string>1734C63ABCD8A5CA</string>
			<key>Track Type</key><string>Remote</string>
			<key>Apple Music</key><true/>
		</dict>
		<key>7945</key>
		<dict>
			<key>Track ID</key><integer>7945</integer>
			<key>Name</key><string>When You Were Made</string>
			<key>Artist</key><string>The Growlers</string>
			<key>Album Artist</key><string>The Growlers</string>
			<key>Composer</key><string>Brooks Nielsen, Matt Taylor &#38; Kyle Straka</string>
			<key>Album</key><string>City Club</string>
			<key>Genre</key><string>Music</string>
			<key>Kind</key><string>Apple Music AAC audio file</string>
			<key>Size</key><integer>7719589</integer>
			<key>Total Time</key><integer>218352</integer>
			<key>Disc Number</key><integer>1</integer>
			<key>Disc Count</key><integer>1</integer>
			<key>Track Number</key><integer>6</integer>
			<key>Track Count</key><integer>13</integer>
			<key>Year</key><integer>2016</integer>
			<key>Date Modified</key><date>2023-09-25T16:53:02Z</date>
			<key>Date Added</key><date>2023-09-25T16:53:02Z</date>
			<key>Bit Rate</key><integer>256</integer>
			<key>Sample Rate</key><integer>44100</integer>
			<key>Comments</key><string>Green</string>
			<key>Play Count</key><integer>2</integer>
			<key>Play Date</key><integer>3818394982</integer>
			<key>Play Date UTC</key><date>2024-12-30T16:16:22Z</date>
			<key>Release Date</key><date>2016-09-30T12:00:00Z</date>
			<key>Loved</key><true/>
			<key>Artwork Count</key><integer>1</integer>
			<key>Sort Album</key><string>City Club</string>
			<key>Sort Album Artist</key><string>Growlers</string>
			<key>Sort Artist</key><string>Growlers</string>
			<key>Sort Name</key><string>When You Were Made</string>
			<key>Persistent ID</key><string>E44E598FCDD3E4D6</string>
			<key>Track Type</key><string>Remote</string>
			<key>Apple Music</key><true/>
		</dict>
		<key>8089</key>
		<dict>
			<key>Track ID</key><integer>8089</integer>
			<key>Name</key><string>Sour Times</string>
			<key>Artist</key><string>Portishead</string>
			<key>Album Artist</key><string>Portishead</string>
			<key>Composer</key><string>Geoff Barrow, Beth Gibbons &#38; Adrian Utley</string>
			<key>Album</key><string>Dummy</string>
			<key>Genre</key><string>Music</string>
			<key>Kind</key><string>Apple Music AAC audio file</string>
			<key>Size</key><integer>9022884</integer>
			<key>Total Time</key><integer>252267</integer>
			<key>Disc Number</key><integer>1</integer>
			<key>Disc Count</key><integer>1</integer>
			<key>Track Number</key><integer>2</integer>
			<key>Track Count</key><integer>11</integer>
			<key>Year</key><integer>1994</integer>
			<key>Date Modified</key><date>2023-09-25T16:53:03Z</date>
			<key>Date Added</key><date>2023-09-25T16:53:03Z</date>
			<key>Bit Rate</key><integer>256</integer>
			<key>Sample Rate</key><integer>44100</integer>
			<key>Play Count</key><integer>10</integer>
			<key>Play Date</key><integer>3832843665</integer>
			<key>Play Date UTC</key><date>2025-06-15T20:47:45Z</date>
			<key>Skip Count</key><integer>2</integer>
			<key>Skip Date</key><date>2025-06-04T15:34:18Z</date>
			<key>Release Date</key><date>1994-01-01T12:00:00Z</date>
			<key>Loved</key><true/>
			<key>Artwork Count</key><integer>1</integer>
			<key>Sort Album</key><string>Dummy</string>
			<key>Sort Artist</key><string>Portishead</string>
			<key>Sort Name</key><string>Sour Times</string>
			<key>Persistent ID</key><string>D4A6884706041CDB</string>
			<key>Track Type</key><string>Remote</string>
			<key>Apple Music</key><true/>
		</dict>
		<key>8119</key>
		<dict>
			<key>Track ID</key><integer>8119</integer>
			<key>Name</key><string>Disarm</string>
			<key>Artist</key><string>The Smashing Pumpkins</string>
			<key>Album Artist</key><string>The Smashing Pumpkins</string>
			<key>Composer</key><string>Billy Corgan</string>
			<key>Album</key><string>Siamese Dream</string>
			<key>Genre</key><string>Music</string>
			<key>Kind</key><string>Apple Music AAC audio file</string>
			<key>Size</key><integer>7151774</integer>
			<key>Total Time</key><integer>196913</integer>
			<key>Disc Number</key><integer>1</integer>
			<key>Disc Count</key><integer>1</integer>
			<key>Track Number</key><integer>6</integer>
			<key>Track Count</key><integer>13</integer>
			<key>Year</key><integer>1993</integer>
			<key>Date Modified</key><date>2023-09-25T16:53:03Z</date>
			<key>Date Added</key><date>2023-09-25T16:53:03Z</date>
			<key>Bit Rate</key><integer>256</integer>
			<key>Sample Rate</key><integer>44100</integer>
			<key>Comments</key><string>White</string>
			<key>Play Count</key><integer>5</integer>
			<key>Play Date</key><integer>3817625703</integer>
			<key>Play Date UTC</key><date>2024-12-21T18:35:03Z</date>
			<key>Release Date</key><date>1993-07-27T07:00:00Z</date>
			<key>Loved</key><true/>
			<key>Artwork Count</key><integer>1</integer>
			<key>Sort Album</key><string>Siamese Dream</string>
			<key>Sort Album Artist</key><string>Smashing Pumpkins</string>
			<key>Sort Artist</key><string>Smashing Pumpkins</string>
			<key>Sort Name</key><string>Disarm</string>
			<key>Persistent ID</key><string>80B16C527CE7397E</string>
			<key>Track Type</key><string>Remote</string>
			<key>Apple Music</key><true/>
		</dict>
		<key>8205</key>
		<dict>
			<key>Track ID</key><integer>8205</integer>
			<key>Name</key><string>Under Control</string>
			<key>Artist</key><string>The Strokes</string>
			<key>Album Artist</key><string>The Strokes</string>
			<key>Composer</key><string>Julian Casablancas</string>
			<key>Album</key><string>Room On Fire</string>
			<key>Genre</key><string>Music</string>
			<key>Kind</key><string>Apple Music AAC audio file</string>
			<key>Size</key><integer>6740333</integer>
			<key>Total Time</key><integer>187307</integer>
			<key>Disc Number</key><integer>1</integer>
			<key>Disc Count</key><integer>1</integer>
			<key>Track Number</key><integer>8</integer>
			<key>Track Count</key><integer>11</integer>
			<key>Year</key><integer>2003</integer>
			<key>Date Modified</key><date>2023-09-25T16:53:03Z</date>
			<key>Date Added</key><date>2023-09-25T16:53:03Z</date>
			<key>Bit Rate</key><integer>256</integer>
			<key>Sample Rate</key><integer>44100</integer>
			<key>Comments</key><string>Yellow</string>
			<key>Play Count</key><integer>3</integer>
			<key>Play Date</key><integer>3832573647</integer>
			<key>Play Date UTC</key><date>2025-06-12T17:47:27Z</date>
			<key>Release Date</key><date>2003-10-21T07:00:00Z</date>
			<key>Loved</key><true/>
			<key>Artwork Count</key><integer>1</integer>
			<key>Sort Album</key><string>Room On Fire</string>
			<key>Sort Album Artist</key><string>Strokes</string>
			<key>Sort Artist</key><string>Strokes</string>
			<key>Sort Name</key><string>Under Control</string>
			<key>Persistent ID</key><string>E463C24FA0903FC8</string>
			<key>Track Type</key><string>Remote</string>
			<key>Apple Music</key><true/>
		</dict>
		<key>8221</key>
		<dict>
			<key>Track ID</key><integer>8221</integer>
			<key>Name</key><string>Kiss Me</string>
			<key>Artist</key><string>Sixpence None the Richer</string>
			<key>Album Artist</key><string>Sixpence None the Richer</string>
			<key>Album</key><string>Sixpence None the Richer</string>
			<key>Genre</key><string>Music</string>
			<key>Kind</key><string>Apple Music AAC audio file</string>
			<key>Size</key><integer>7742635</integer>
			<key>Total Time</key><integer>208680</integer>
			<key>Disc Number</key><integer>1</integer>
			<key>Disc Count</key><integer>1</integer>
			<key>Track Number</key><integer>4</integer>
			<key>Track Count</key><integer>13</integer>
			<key>Year</key><integer>1997</integer>
			<key>Date Modified</key><date>2023-09-25T16:53:03Z</date>
			<key>Date Added</key><date>2023-09-25T16:53:03Z</date>
			<key>Bit Rate</key><integer>256</integer>
			<key>Sample Rate</key><integer>44100</integer>
			<key>Comments</key><string>Green</string>
			<key>Play Count</key><integer>2</integer>
			<key>Play Date</key><integer>3795442423</integer>
			<key>Play Date UTC</key><date>2024-04-08T23:33:43Z</date>
			<key>Release Date</key><date>1997-11-22T08:00:00Z</date>
			<key>Loved</key><true/>
			<key>Artwork Count</key><integer>1</integer>
			<key>Sort Album</key><string>Sixpence None the Richer</string>
			<key>Sort Artist</key><string>Sixpence None the Richer</string>
			<key>Sort Name</key><string>Kiss Me</string>
			<key>Persistent ID</key><string>3F68DC2348EBD049</string>
			<key>Track Type</key><string>Remote</string>
			<key>Apple Music</key><true/>
		</dict>
		<key>8237</key>
		<dict>
			<key>Track ID</key><integer>8237</integer>
			<key>Name</key><string>Santa Monica</string>
			<key>Artist</key><string>Everclear</string>
			<key>Album Artist</key><string>Everclear</string>
			<key>Composer</key><string>Art Alexakis, Craig Montoya &#38; Greg Eklund</string>
			<key>Album</key><string>Sparkle And Fade</string>
			<key>Genre</key><string>Music</string>
			<key>Kind</key><string>Apple Music AAC audio file</string>
			<key>Size</key><integer>7091172</integer>
			<key>Total Time</key><integer>191507</integer>
			<key>Disc Number</key><integer>1</integer>
			<key>Disc Count</key><integer>1</integer>
			<key>Track Number</key><integer>4</integer>
			<key>Track Count</key><integer>14</integer>
			<key>Year</key><integer>1995</integer>
			<key>Date Modified</key><date>2023-09-25T16:53:03Z</date>
			<key>Date Added</key><date>2023-09-25T16:53:03Z</date>
			<key>Bit Rate</key><integer>256</integer>
			<key>Sample Rate</key><integer>44100</integer>
			<key>Comments</key><string>Green</string>
			<key>Play Count</key><integer>2</integer>
			<key>Play Date</key><integer>3817637560</integer>
			<key>Play Date UTC</key><date>2024-12-21T21:52:40Z</date>
			<key>Release Date</key><date>1995-05-23T07:00:00Z</date>
			<key>Loved</key><true/>
			<key>Artwork Count</key><integer>1</integer>
			<key>Sort Album</key><string>Sparkle And Fade</string>
			<key>Sort Artist</key><string>Everclear</string>
			<key>Sort Name</key><string>Santa Monica</string>
			<key>Persistent ID</key><string>0043DC3DAD11BBF9</string>
			<key>Track Type</key><string>Remote</string>
			<key>Apple Music</key><true/>
		</dict>
		<key>8347</key>
		<dict>
			<key>Track ID</key><integer>8347</integer>
			<key>Name</key><string>Never Let You Go</string>
			<key>Artist</key><string>Third Eye Blind</string>
			<key>Album Artist</key><string>Third Eye Blind</string>
			<key>Composer</key><string>Stephan Jenkins</string>
			<key>Album</key><string>Blue</string>
			<key>Genre</key><string>Music</string>
			<key>Kind</key><string>Apple Music AAC audio file</string>
			<key>Size</key><integer>9152130</integer>
			<key>Total Time</key><integer>237240</integer>
			<key>Disc Number</key><integer>1</integer>
			<key>Disc Count</key><integer>1</integer>
			<key>Track Number</key><integer>4</integer>
			<key>Track Count</key><integer>13</integer>
			<key>Year</key><integer>1999</integer>
			<key>Date Modified</key><date>2023-09-25T16:53:03Z</date>
			<key>Date Added</key><date>2023-09-25T16:53:03Z</date>
			<key>Bit Rate</key><integer>256</integer>
			<key>Sample Rate</key><integer>44100</integer>
			<key>Play Count</key><integer>2</integer>
			<key>Play Date</key><integer>3790790209</integer>
			<key>Play Date UTC</key><date>2024-02-15T04:16:49Z</date>
			<key>Release Date</key><date>1999-11-23T08:00:00Z</date>
			<key>Loved</key><true/>
			<key>Artwork Count</key><integer>1</integer>
			<key>Sort Album</key><string>Blue</string>
			<key>Sort Artist</key><string>Third Eye Blind</string>
			<key>Sort Name</key><string>Never Let You Go</string>
			<key>Persistent ID</key><string>DE5A7CE2FA978B27</string>
			<key>Track Type</key><string>Remote</string>
			<key>Apple Music</key><true/>
		</dict>
		<key>8583</key>
		<dict>
			<key>Track ID</key><integer>8583</integer>
			<key>Name</key><string>10 A.M. Automatic</string>
			<key>Artist</key><string>The Black Keys</string>
			<key>Album Artist</key><string>The Black Keys</string>
			<key>Composer</key><string>Not Documented</string>
			<key>Album</key><string>Rubber Factory</string>
			<key>Genre</key><string>Music</string>
			<key>Kind</key><string>Apple Music AAC audio file</string>
			<key>Size</key><integer>6521587</integer>
			<key>Total Time</key><integer>179133</integer>
			<key>Disc Number</key><integer>1</integer>
			<key>Disc Count</key><integer>1</integer>
			<key>Track Number</key><integer>2</integer>
			<key>Track Count</key><integer>13</integer>
			<key>Year</key><integer>2004</integer>
			<key>Date Modified</key><date>2023-09-25T16:53:04Z</date>
			<key>Date Added</key><date>2023-09-25T16:53:04Z</date>
			<key>Bit Rate</key><integer>256</integer>
			<key>Sample Rate</key><integer>44100</integer>
			<key>Play Count</key><integer>2</integer>
			<key>Play Date</key><integer>3834597322</integer>
			<key>Play Date UTC</key><date>2025-07-06T03:55:22Z</date>
			<key>Release Date</key><date>2004-08-23T12:00:00Z</date>
			<key>Loved</key><true/>
			<key>Artwork Count</key><integer>1</integer>
			<key>Sort Album</key><string>Rubber Factory</string>
			<key>Sort Album Artist</key><string>Black Keys</string>
			<key>Sort Artist</key><string>Black Keys</string>
			<key>Sort Name</key><string>10 A.M. Automatic</string>
			<key>Persistent ID</key><string>E0B8BF302C77CCF3</string>
			<key>Track Type</key><string>Remote</string>
			<key>Apple Music</key><true/>
		</dict>
		<key>8587</key>
		<dict>
			<key>Track ID</key><integer>8587</integer>
			<key>Name</key><string>Kansas City</string>
			<key>Artist</key><string>The New Basement Tapes</string>
			<key>Album Artist</key><string>The New Basement Tapes</string>
			<key>Composer</key><string>Bob Dylan, Marcus Mumford &#38; Taylor Goldsmith</string>
			<key>Album</key><string>Lost On the River (Deluxe Version)</string>
			<key>Genre</key><string>Music</string>
			<key>Kind</key><string>Apple Music AAC audio file</string>
			<key>Size</key><integer>8955191</integer>
			<key>Total Time</key><integer>244430</integer>
			<key>Disc Number</key><integer>1</integer>
			<key>Disc Count</key><integer>1</integer>
			<key>Track Number</key><integer>3</integer>
			<key>Track Count</key><integer>20</integer>
			<key>Year</key><integer>2014</integer>
			<key>Date Modified</key><date>2023-09-25T16:53:04Z</date>
			<key>Date Added</key><date>2023-09-25T16:53:04Z</date>
			<key>Bit Rate</key><integer>256</integer>
			<key>Sample Rate</key><integer>44100</integer>
			<key>Play Count</key><integer>2</integer>
			<key>Play Date</key><integer>3798892449</integer>
			<key>Play Date UTC</key><date>2024-05-18T21:54:09Z</date>
			<key>Release Date</key><date>2014-08-19T12:00:00Z</date>
			<key>Loved</key><true/>
			<key>Artwork Count</key><integer>1</integer>
			<key>Sort Album</key><string>Lost On the River (Deluxe Version)</string>
			<key>Sort Album Artist</key><string>New Basement Tapes</string>
			<key>Sort Artist</key><string>New Basement Tapes</string>
			<key>Sort Name</key><string>Kansas City</string>
			<key>Persistent ID</key><string>6A22444152D873C2</string>
			<key>Track Type</key><string>Remote</string>
			<key>Apple Music</key><true/>
		</dict>
		<key>8715</key>
		<dict>
			<key>Track ID</key><integer>8715</integer>
			<key>Name</key><string>A Beginner's Guide to Destroying the Moon</string>
			<key>Artist</key><string>Foster the People</string>
			<key>Album Artist</key><string>Foster the People</string>
			<key>Composer</key><string>Mark Foster, Paul Epworth, Mike Volpe &#38; Rakim Mayers</string>
			<key>Album</key><string>Supermodel</string>
			<key>Genre</key><string>Music</string>
			<key>Kind</key><string>Apple Music AAC audio file</string>
			<key>Size</key><integer>10928089</integer>
			<key>Total Time</key><integer>279680</integer>
			<key>Disc Number</key><integer>1</integer>
			<key>Disc Count</key><integer>1</integer>
			<key>Track Number</key><integer>8</integer>
			<key>Track Count</key><integer>11</integer>
			<key>Year</key><integer>2014</integer>
			<key>Date Modified</key><date>2023-09-25T16:53:04Z</date>
			<key>Date Added</key><date>2023-09-25T16:53:04Z</date>
			<key>Bit Rate</key><integer>256</integer>
			<key>Sample Rate</key><integer>44100</integer>
			<key>Play Count</key><integer>2</integer>
			<key>Play Date</key><integer>3783849287</integer>
			<key>Play Date UTC</key><date>2023-11-26T20:14:47Z</date>
			<key>Release Date</key><date>2014-03-14T07:00:00Z</date>
			<key>Loved</key><true/>
			<key>Artwork Count</key><integer>1</integer>
			<key>Sort Album</key><string>Supermodel</string>
			<key>Sort Artist</key><string>Foster the People</string>
			<key>Sort Name</key><string>Beginner's Guide to Destroying the Moon</string>
			<key>Persistent ID</key><string>6A2182A5E21512FC</string>
			<key>Track Type</key><string>Remote</string>
			<key>Apple Music</key><true/>
		</dict>
		<key>8883</key>
		<dict>
			<key>Track ID</key><integer>8883</integer>
			<key>Name</key><string>Teardrop</string>
			<key>Artist</key><string>Massive Attack</string>
			<key>Album Artist</key><string>Massive Attack</string>
			<key>Composer</key><string>Elizabeth Fraser, Grantley Marshall, Robert Del Naja &#38; Andrew Lee Isaac Vowles</string>
			<key>Album</key><string>Mezzanine</string>
			<key>Genre</key><string>Music</string>
			<key>Kind</key><string>Apple Music AAC audio file</string>
			<key>Size</key><integer>11404609</integer>
			<key>Total Time</key><integer>330773</integer>
			<key>Disc Number</key><integer>1</integer>
			<key>Disc Count</key><integer>1</integer>
			<key>Track Number</key><integer>3</integer>
			<key>Track Count</key><integer>11</integer>
			<key>Year</key><integer>1998</integer>
			<key>Date Modified</key><date>2023-09-25T16:53:04Z</date>
			<key>Date Added</key><date>2023-09-25T16:53:04Z</date>
			<key>Bit Rate</key><integer>256</integer>
			<key>Sample Rate</key><integer>44100</integer>
			<key>Play Count</key><integer>8</integer>
			<key>Play Date</key><integer>3830415710</integer>
			<key>Play Date UTC</key><date>2025-05-18T18:21:50Z</date>
			<key>Release Date</key><date>1998-04-20T07:00:00Z</date>
			<key>Loved</key><true/>
			<key>Artwork Count</key><integer>1</integer>
			<key>Sort Album</key><string>Mezzanine</string>
			<key>Sort Artist</key><string>Massive Attack</string>
			<key>Sort Name</key><string>Teardrop</string>
			<key>Persistent ID</key><string>048868D46CD5712C</string>
			<key>Track Type</key><string>Remote</string>
			<key>Apple Music</key><true/>
		</dict>
		<key>8905</key>
		<dict>
			<key>Track ID</key><integer>8905</integer>
			<key>Name</key><string>Pinch Me</string>
			<key>Artist</key><string>Barenaked Ladies</string>
			<key>Album Artist</key><string>Barenaked Ladies</string>
			<key>Composer</key><string>Ed Robertson &#38; Steven Page</string>
			<key>Album</key><string>Maroon</string>
			<key>Genre</key><string>Music</string>
			<key>Kind</key><string>Apple Music AAC audio file</string>
			<key>Size</key><integer>10630585</integer>
			<key>Total Time</key><integer>288467</integer>
			<key>Disc Number</key><integer>1</integer>
			<key>Disc Count</key><integer>1</integer>
			<key>Track Number</key><integer>3</integer>
			<key>Track Count</key><integer>12</integer>
			<key>Year</key><integer>2000</integer>
			<key>Date Modified</key><date>2023-09-25T16:53:04Z</date>
			<key>Date Added</key><date>2023-09-25T16:53:04Z</date>
			<key>Bit Rate</key><integer>256</integer>
			<key>Sample Rate</key><integer>44100</integer>
			<key>Play Count</key><integer>15</integer>
			<key>Play Date</key><integer>3835328665</integer>
			<key>Play Date UTC</key><date>2025-07-14T15:04:25Z</date>
			<key>Skip Count</key><integer>1</integer>
			<key>Skip Date</key><date>2025-07-05T17:28:45Z</date>
			<key>Release Date</key><date>2000-08-08T12:00:00Z</date>
			<key>Loved</key><true/>
			<key>Artwork Count</key><integer>1</integer>
			<key>Sort Album</key><string>Maroon (Bonus Track)</string>
			<key>Sort Artist</key><string>Barenaked Ladies</string>
			<key>Sort Name</key><string>Pinch Me</string>
			<key>Persistent ID</key><string>732970F64775494C</string>
			<key>Track Type</key><string>Remote</string>
			<key>Apple Music</key><true/>
		</dict>
		<key>9041</key>
		<dict>
			<key>Track ID</key><integer>9041</integer>
			<key>Name</key><string>Days</string>
			<key>Artist</key><string>The Drums</string>
			<key>Album Artist</key><string>The Drums</string>
			<key>Composer</key><string>Jonny Pierce &#38; Connor Hanwick</string>
			<key>Album</key><string>Portamento</string>
			<key>Genre</key><string>Music</string>
			<key>Kind</key><string>Apple Music AAC audio file</string>
			<key>Size</key><integer>9419877</integer>
			<key>Total Time</key><integer>269082</integer>
			<key>Disc Number</key><integer>1</integer>
			<key>Disc Count</key><integer>1</integer>
			<key>Track Number</key><integer>2</integer>
			<key>Track Count</key><integer>14</integer>
			<key>Year</key><integer>2011</integer>
			<key>Date Modified</key><date>2023-09-26T02:15:20Z</date>
			<key>Date Added</key><date>2023-09-26T02:15:20Z</date>
			<key>Bit Rate</key><integer>256</integer>
			<key>Sample Rate</key><integer>44100</integer>
			<key>Comments</key><string>Green</string>
			<key>Play Count</key><integer>2</integer>
			<key>Play Date</key><integer>3832261111</integer>
			<key>Play Date UTC</key><date>2025-06-09T02:58:31Z</date>
			<key>Release Date</key><date>2011-01-01T12:00:00Z</date>
			<key>Loved</key><true/>
			<key>Artwork Count</key><integer>1</integer>
			<key>Sort Album</key><string>Portamento</string>
			<key>Sort Album Artist</key><string>Drums</string>
			<key>Sort Artist</key><string>Drums</string>
			<key>Sort Name</key><string>Days</string>
			<key>Persistent ID</key><string>E6FCE39F172BDFD5</string>
			<key>Track Type</key><string>Remote</string>
			<key>Apple Music</key><true/>
		</dict>
		<key>9283</key>
		<dict>
			<key>Track ID</key><integer>9283</integer>
			<key>Name</key><string>Little Black Submarines</string>
			<key>Artist</key><string>The Black Keys</string>
			<key>Album Artist</key><string>The Black Keys</string>
			<key>Composer</key><string>Brian Burton, Dan Auerbach &#38; Patrick Carney</string>
			<key>Album</key><string>El Camino</string>
			<key>Genre</key><string>Music</string>
			<key>Kind</key><string>Apple Music AAC audio file</string>
			<key>Size</key><integer>9673471</integer>
			<key>Total Time</key><integer>251267</integer>
			<key>Disc Number</key><integer>1</integer>
			<key>Disc Count</key><integer>1</integer>
			<key>Track Number</key><integer>4</integer>
			<key>Track Count</key><integer>11</integer>
			<key>Year</key><integer>2011</integer>
			<key>Date Modified</key><date>2023-09-26T02:15:20Z</date>
			<key>Date Added</key><date>2023-09-26T02:15:20Z</date>
			<key>Bit Rate</key><integer>256</integer>
			<key>Sample Rate</key><integer>44100</integer>
			<key>Play Count</key><integer>2</integer>
			<key>Play Date</key><integer>3834597586</integer>
			<key>Play Date UTC</key><date>2025-07-06T03:59:46Z</date>
			<key>Release Date</key><date>2011-12-06T08:00:00Z</date>
			<key>Loved</key><true/>
			<key>Artwork Count</key><integer>1</integer>
			<key>Sort Album</key><string>El Camino</string>
			<key>Sort Album Artist</key><string>Black Keys</string>
			<key>Sort Artist</key><string>Black Keys</string>
			<key>Sort Name</key><string>Little Black Submarines</string>
			<key>Persistent ID</key><string>A0B30B8C520FA61C</string>
			<key>Track Type</key><string>Remote</string>
			<key>Apple Music</key><true/>
		</dict>
		<key>9299</key>
		<dict>
			<key>Track ID</key><integer>9299</integer>
			<key>Name</key><string>Linger</string>
			<key>Artist</key><string>The Cranberries</string>
			<key>Album Artist</key><string>The Cranberries</string>
			<key>Composer</key><string>Dolores O'Riordan &#38; Noel Hogan</string>
			<key>Album</key><string>Everybody Else Is Doing It, So Why Can't We?</string>
			<key>Genre</key><string>Music</string>
			<key>Kind</key><string>Apple Music AAC audio file</string>
			<key>Size</key><integer>10351243</integer>
			<key>Total Time</key><integer>274707</integer>
			<key>Disc Number</key><integer>1</integer>
			<key>Disc Count</key><integer>1</integer>
			<key>Track Number</key><integer>7</integer>
			<key>Track Count</key><integer>12</integer>
			<key>Year</key><integer>1993</integer>
			<key>Date Modified</key><date>2023-09-26T02:15:20Z</date>
			<key>Date Added</key><date>2023-09-26T02:15:20Z</date>
			<key>Bit Rate</key><integer>256</integer>
			<key>Sample Rate</key><integer>44100</integer>
			<key>Comments</key><string>Green</string>
			<key>Play Count</key><integer>3</integer>
			<key>Play Date</key><integer>3817639994</integer>
			<key>Play Date UTC</key><date>2024-12-21T22:33:14Z</date>
			<key>Release Date</key><date>1993-02-15T08:00:00Z</date>
			<key>Loved</key><true/>
			<key>Artwork Count</key><integer>1</integer>
			<key>Sort Album</key><string>Everybody Else Is Doing It, So Why Can't We?</string>
			<key>Sort Album Artist</key><string>Cranberries</string>
			<key>Sort Artist</key><string>Cranberries</string>
			<key>Sort Name</key><string>Linger</string>
			<key>Persistent ID</key><string>2F9405A838503270</string>
			<key>Track Type</key><string>Remote</string>
			<key>Apple Music</key><true/>
		</dict>
		<key>9345</key>
		<dict>
			<key>Track ID</key><integer>9345</integer>
			<key>Name</key><string>Maps</string>
			<key>Artist</key><string>Yeah Yeah Yeahs</string>
			<key>Album Artist</key><string>Yeah Yeah Yeahs</string>
			<key>Composer</key><string>Brian Chase, Karen Orzolek &#38; Nicholas Joseph Zinner</string>
			<key>Album</key><string>Fever to Tell</string>
			<key>Genre</key><string>Music</string>
			<key>Kind</key><string>Apple Music AAC audio file</string>
			<key>Size</key><integer>8065729</integer>
			<key>Total Time</key><integer>219987</integer>
			<key>Disc Number</key><integer>1</integer>
			<key>Disc Count</key><integer>1</integer>
			<key>Track Number</key><integer>9</integer>
			<key>Track Count</key><integer>12</integer>
			<key>Year</key><integer>2003</integer>
			<key>Date Modified</key><date>2023-09-26T02:15:20Z</date>
			<key>Date Added</key><date>2023-09-26T02:15:20Z</date>
			<key>Bit Rate</key><integer>256</integer>
			<key>Sample Rate</key><integer>44100</integer>
			<key>Comments</key><string>Green</string>
			<key>Play Count</key><integer>8</integer>
			<key>Play Date</key><integer>3822479285</integer>
			<key>Play Date UTC</key><date>2025-02-15T22:48:05Z</date>
			<key>Release Date</key><date>2003-04-29T12:00:00Z</date>
			<key>Loved</key><true/>
			<key>Artwork Count</key><integer>1</integer>
			<key>Sort Album</key><string>Fever to Tell</string>
			<key>Sort Artist</key><string>Yeah Yeah Yeahs</string>
			<key>Sort Name</key><string>Maps</string>
			<key>Persistent ID</key><string>89F6BAE0FC78AA32</string>
			<key>Track Type</key><string>Remote</string>
			<key>Apple Music</key><true/>
		</dict>
		<key>9393</key>
		<dict>
			<key>Track ID</key><integer>9393</integer>
			<key>Name</key><string>Lamb's Wool</string>
			<key>Artist</key><string>Foster the People</string>
			<key>Album Artist</key><string>Foster the People</string>
			<key>Composer</key><string>Mark Foster &#38; Isom Innis</string>
			<key>Album</key><string>In The Darkest Of Nights, Let The Birds Sing - EP</string>
			<key>Genre</key><string>Music</string>
			<key>Kind</key><string>Apple Music AAC audio file</string>
			<key>Size</key><integer>9919485</integer>
			<key>Total Time</key><integer>276360</integer>
			<key>Disc Number</key><integer>1</integer>
			<key>Disc Count</key><integer>1</integer>
			<key>Track Number</key><integer>3</integer>
			<key>Track Count</key><integer>6</integer>
			<key>Year</key><integer>2020</integer>
			<key>Date Modified</key><date>2023-09-26T02:15:20Z</date>
			<key>Date Added</key><date>2023-09-26T02:15:20Z</date>
			<key>Bit Rate</key><integer>256</integer>
			<key>Sample Rate</key><integer>44100</integer>
			<key>Comments</key><string>Green</string>
			<key>Play Count</key><integer>4</integer>
			<key>Play Date</key><integer>3832562462</integer>
			<key>Play Date UTC</key><date>2025-06-12T14:41:02Z</date>
			<key>Release Date</key><date>2020-05-22T07:00:00Z</date>
			<key>Loved</key><true/>
			<key>Artwork Count</key><integer>1</integer>
			<key>Sort Album</key><string>In The Darkest Of Nights, Let The Birds Sing - EP</string>
			<key>Sort Artist</key><string>Foster the People</string>
			<key>Sort Name</key><string>Lamb's Wool</string>
			<key>Persistent ID</key><string>B0D7CC3628EF01D1</string>
			<key>Track Type</key><string>Remote</string>
			<key>Apple Music</key><true/>
		</dict>
		<key>9417</key>
		<dict>
			<key>Track ID</key><integer>9417</integer>
			<key>Name</key><string>No Rain</string>
			<key>Artist</key><string>Blind Melon</string>
			<key>Album Artist</key><string>Blind Melon</string>
			<key>Composer</key><string>Blind Melon, R. Parahsar, Glen Graham, Brad Smith, Shannon Hoon, Christopher Thorn &#38; Rogers Stevens</string>
			<key>Album</key><string>Blind Melon</string>
			<key>Genre</key><string>Music</string>
			<key>Kind</key><string>Apple Music AAC audio file</string>
			<key>Size</key><integer>8230187</integer>
			<key>Total Time</key><integer>217107</integer>
			<key>Disc Number</key><integer>1</integer>
			<key>Disc Count</key><integer>1</integer>
			<key>Track Number</key><integer>7</integer>
			<key>Track Count</key><integer>13</integer>
			<key>Year</key><integer>1992</integer>
			<key>Date Modified</key><date>2023-09-26T02:15:20Z</date>
			<key>Date Added</key><date>2023-09-26T02:15:20Z</date>
			<key>Bit Rate</key><integer>256</integer>
			<key>Sample Rate</key><integer>44100</integer>
			<key>Comments</key><string>Green</string>
			<key>Play Count</key><integer>4</integer>
			<key>Play Date</key><integer>3834558370</integer>
			<key>Play Date UTC</key><date>2025-07-05T17:06:10Z</date>
			<key>Release Date</key><date>1992-09-14T07:00:00Z</date>
			<key>Loved</key><true/>
			<key>Artwork Count</key><integer>1</integer>
			<key>Sort Album</key><string>Blind Melon</string>
			<key>Sort Artist</key><string>Blind Melon</string>
			<key>Sort Name</key><string>No Rain</string>
			<key>Persistent ID</key><string>FEF0D9F851C144D4</string>
			<key>Track Type</key><string>Remote</string>
			<key>Apple Music</key><true/>
		</dict>
		<key>9469</key>
		<dict>
			<key>Track ID</key><integer>9469</integer>
			<key>Name</key><string>I Melt with You</string>
			<key>Artist</key><string>Modern English</string>
			<key>Album Artist</key><string>Modern English</string>
			<key>Composer</key><string>Robbie Grey, Gary McDowell, Stephen Walker, Michael Conroy &#38; Richard Ian Brown</string>
			<key>Album</key><string>After the Snow</string>
			<key>Genre</key><string>Music</string>
			<key>Kind</key><string>Apple Music AAC audio file</string>
			<key>Size</key><integer>8758233</integer>
			<key>Total Time</key><integer>251573</integer>
			<key>Disc Number</key><integer>1</integer>
			<key>Disc Count</key><integer>1</integer>
			<key>Track Number</key><integer>5</integer>
			<key>Track Count</key><integer>14</integer>
			<key>Year</key><integer>1982</integer>
			<key>Date Modified</key><date>2023-09-26T02:15:20Z</date>
			<key>Date Added</key><date>2023-09-26T02:15:20Z</date>
			<key>Bit Rate</key><integer>256</integer>
			<key>Sample Rate</key><integer>44100</integer>
			<key>Comments</key><string>Yellow</string>
			<key>Play Count</key><integer>2</integer>
			<key>Play Date</key><integer>3834494439</integer>
			<key>Play Date UTC</key><date>2025-07-04T23:20:39Z</date>
			<key>Release Date</key><date>1982-05-03T07:00:00Z</date>
			<key>Loved</key><true/>
			<key>Artwork Count</key><integer>1</integer>
			<key>Sort Album</key><string>After the Snow</string>
			<key>Sort Artist</key><string>Modern English</string>
			<key>Sort Name</key><string>I Melt with You</string>
			<key>Persistent ID</key><string>4A77D87D88C80C34</string>
			<key>Track Type</key><string>Remote</string>
			<key>Apple Music</key><true/>
		</dict>
		<key>9561</key>
		<dict>
			<key>Track ID</key><integer>9561</integer>
			<key>Name</key><string>Fly By Night</string>
			<key>Artist</key><string>Rush</string>
			<key>Album Artist</key><string>Rush</string>
			<key>Composer</key><string>Neil Peart &#38; Geddy Lee</string>
			<key>Album</key><string>Fly By Night (Remastered)</string>
			<key>Genre</key><string>Music</string>
			<key>Kind</key><string>Apple Music AAC audio file</string>
			<key>Size</key><integer>7294356</integer>
			<key>Total Time</key><integer>202215</integer>
			<key>Disc Number</key><integer>1</integer>
			<key>Disc Count</key><integer>1</integer>
			<key>Track Number</key><integer>5</integer>
			<key>Track Count</key><integer>8</integer>
			<key>Year</key><integer>1975</integer>
			<key>Date Modified</key><date>2023-09-26T02:15:20Z</date>
			<key>Date Added</key><date>2023-09-26T02:15:20Z</date>
			<key>Bit Rate</key><integer>256</integer>
			<key>Sample Rate</key><integer>44100</integer>
			<key>Play Count</key><integer>2</integer>
			<key>Play Date</key><integer>3834559148</integer>
			<key>Play Date UTC</key><date>2025-07-05T17:19:08Z</date>
			<key>Release Date</key><date>1975-02-15T08:00:00Z</date>
			<key>Loved</key><true/>
			<key>Artwork Count</key><integer>1</integer>
			<key>Sort Album</key><string>Fly By Night (Remastered)</string>
			<key>Sort Artist</key><string>Rush</string>
			<key>Sort Name</key><string>Fly By Night</string>
			<key>Persistent ID</key><string>5438CA2D9DA0EE67</string>
			<key>Track Type</key><string>Remote</string>
			<key>Apple Music</key><true/>
		</dict>
		<key>9589</key>
		<dict>
			<key>Track ID</key><integer>9589</integer>
			<key>Name</key><string>Samson</string>
			<key>Artist</key><string>Regina Spektor</string>
			<key>Album Artist</key><string>Regina Spektor</string>
			<key>Composer</key><string>Regina Spektor</string>
			<key>Album</key><string>Begin to Hope</string>
			<key>Genre</key><string>Music</string>
			<key>Kind</key><string>Apple Music AAC audio file</string>
			<key>Size</key><integer>6808740</integer>
			<key>Total Time</key><integer>189446</integer>
			<key>Disc Number</key><integer>1</integer>
			<key>Disc Count</key><integer>1</integer>
			<key>Track Number</key><integer>3</integer>
			<key>Track Count</key><integer>12</integer>
			<key>Year</key><integer>2006</integer>
			<key>Date Modified</key><date>2023-09-26T02:15:20Z</date>
			<key>Date Added</key><date>2023-09-26T02:15:20Z</date>
			<key>Bit Rate</key><integer>256</integer>
			<key>Sample Rate</key><integer>44100</integer>
			<key>Play Count</key><integer>4</integer>
			<key>Play Date</key><integer>3817629100</integer>
			<key>Play Date UTC</key><date>2024-12-21T19:31:40Z</date>
			<key>Release Date</key><date>2006-06-13T07:00:00Z</date>
			<key>Loved</key><true/>
			<key>Artwork Count</key><integer>1</integer>
			<key>Sort Album</key><string>Begin to Hope</string>
			<key>Sort Artist</key><string>Regina Spektor</string>
			<key>Sort Name</key><string>Samson</string>
			<key>Persistent ID</key><string>D10E06174936769B</string>
			<key>Track Type</key><string>Remote</string>
			<key>Apple Music</key><true/>
		</dict>
		<key>9623</key>
		<dict>
			<key>Track ID</key><integer>9623</integer>
			<key>Name</key><string>Danny's Song</string>
			<key>Artist</key><string>Loggins &#38; Messina</string>
			<key>Album Artist</key><string>Loggins &#38; Messina</string>
			<key>Composer</key><string>Kenny Loggins</string>
			<key>Album</key><string>Sittin' In</string>
			<key>Genre</key><string>Music</string>
			<key>Kind</key><string>Apple Music AAC audio file</string>
			<key>Size</key><integer>9635922</integer>
			<key>Total Time</key><integer>255773</integer>
			<key>Disc Number</key><integer>1</integer>
			<key>Disc Count</key><integer>1</integer>
			<key>Track Number</key><integer>2</integer>
			<key>Track Count</key><integer>9</integer>
			<key>Year</key><integer>1971</integer>
			<key>Date Modified</key><date>2023-09-26T02:15:20Z</date>
			<key>Date Added</key><date>2023-09-26T02:15:20Z</date>
			<key>Bit Rate</key><integer>256</integer>
			<key>Sample Rate</key><integer>44100</integer>
			<key>Comments</key><string>Green</string>
			<key>Play Count</key><integer>2</integer>
			<key>Play Date</key><integer>3834562917</integer>
			<key>Play Date UTC</key><date>2025-07-05T18:21:57Z</date>
			<key>Skip Count</key><integer>3</integer>
			<key>Skip Date</key><date>2025-07-06T03:52:20Z</date>
			<key>Release Date</key><date>1971-11-01T12:00:00Z</date>
			<key>Loved</key><true/>
			<key>Artwork Count</key><integer>1</integer>
			<key>Sort Album</key><string>Sittin' In</string>
			<key>Sort Artist</key><string>Loggins &#38; Messina</string>
			<key>Sort Name</key><string>Danny's Song</string>
			<key>Persistent ID</key><string>8C4F16F087F2AC31</string>
			<key>Track Type</key><string>Remote</string>
			<key>Apple Music</key><true/>
		</dict>
		<key>9651</key>
		<dict>
			<key>Track ID</key><integer>9651</integer>
			<key>Name</key><string>Sunblind</string>
			<key>Artist</key><string>Fleet Foxes</string>
			<key>Album Artist</key><string>Fleet Foxes</string>
			<key>Composer</key><string>Robin Pecknold</string>
			<key>Album</key><string>Shore</string>
			<key>Genre</key><string>Music</string>
			<key>Kind</key><string>Apple Music AAC audio file</string>
			<key>Size</key><integer>9380016</integer>
			<key>Total Time</key><integer>253613</integer>
			<key>Disc Number</key><integer>1</integer>
			<key>Disc Count</key><integer>1</integer>
			<key>Track Number</key><integer>2</integer>
			<key>Track Count</key><integer>15</integer>
			<key>Year</key><integer>2020</integer>
			<key>Date Modified</key><date>2023-09-26T02:15:20Z</date>
			<key>Date Added</key><date>2023-09-26T02:15:20Z</date>
			<key>Bit Rate</key><integer>256</integer>
			<key>Sample Rate</key><integer>44100</integer>
			<key>Comments</key><string>Yellow</string>
			<key>Play Count</key><integer>3</integer>
			<key>Play Date</key><integer>3832259736</integer>
			<key>Play Date UTC</key><date>2025-06-09T02:35:36Z</date>
			<key>Skip Count</key><integer>2</integer>
			<key>Skip Date</key><date>2025-01-08T22:23:55Z</date>
			<key>Release Date</key><date>2020-09-22T12:00:00Z</date>
			<key>Loved</key><true/>
			<key>Artwork Count</key><integer>1</integer>
			<key>Sort Album</key><string>Shore</string>
			<key>Sort Artist</key><string>Fleet Foxes</string>
			<key>Sort Name</key><string>Sunblind</string>
			<key>Persistent ID</key><string>24906AA02F3B6BF6</string>
			<key>Track Type</key><string>Remote</string>
			<key>Apple Music</key><true/>
		</dict>
		<key>9783</key>
		<dict>
			<key>Track ID</key><integer>9783</integer>
			<key>Name</key><string>Do It Again</string>
			<key>Artist</key><string>Camera Obscura</string>
			<key>Album Artist</key><string>Camera Obscura</string>
			<key>Composer</key><string>Tracyanne Campbell</string>
			<key>Album</key><string>Desire Lines</string>
			<key>Genre</key><string>Music</string>
			<key>Kind</key><string>Apple Music AAC audio file</string>
			<key>Size</key><integer>7418738</integer>
			<key>Total Time</key><integer>197294</integer>
			<key>Disc Number</key><integer>1</integer>
			<key>Disc Count</key><integer>1</integer>
			<key>Track Number</key><integer>6</integer>
			<key>Track Count</key><integer>13</integer>
			<key>Year</key><integer>2013</integer>
			<key>Date Modified</key><date>2023-09-26T02:15:21Z</date>
			<key>Date Added</key><date>2023-09-26T02:15:21Z</date>
			<key>Bit Rate</key><integer>256</integer>
			<key>Sample Rate</key><integer>44100</integer>
			<key>Comments</key><string>Yellow</string>
			<key>Play Count</key><integer>2</integer>
			<key>Play Date</key><integer>3810203100</integer>
			<key>Play Date UTC</key><date>2024-09-26T19:45:00Z</date>
			<key>Release Date</key><date>2013-06-03T12:00:00Z</date>
			<key>Loved</key><true/>
			<key>Artwork Count</key><integer>1</integer>
			<key>Sort Album</key><string>Desire Lines</string>
			<key>Sort Artist</key><string>Camera Obscura</string>
			<key>Sort Name</key><string>Do It Again</string>
			<key>Persistent ID</key><string>9F51D289B69C4181</string>
			<key>Track Type</key><string>Remote</string>
			<key>Apple Music</key><true/>
		</dict>
		<key>9869</key>
		<dict>
			<key>Track ID</key><integer>9869</integer>
			<key>Name</key><string>Charlie</string>
			<key>Artist</key><string>Mallrat</string>
			<key>Album Artist</key><string>Mallrat</string>
			<key>Composer</key><string>Grace Shaw &#38; Leroy James Clampitt</string>
			<key>Album</key><string>Driving Music - EP</string>
			<key>Genre</key><string>Music</string>
			<key>Kind</key><string>Apple Music AAC audio file</string>
			<key>Size</key><integer>6801195</integer>
			<key>Total Time</key><integer>190947</integer>
			<key>Disc Number</key><integer>1</integer>
			<key>Disc Count</key><integer>1</integer>
			<key>Track Number</key><integer>5</integer>
			<key>Track Count</key><integer>6</integer>
			<key>Year</key><integer>2019</integer>
			<key>Date Modified</key><date>2023-09-26T02:15:21Z</date>
			<key>Date Added</key><date>2023-09-26T02:15:21Z</date>
			<key>Bit Rate</key><integer>256</integer>
			<key>Sample Rate</key><integer>44100</integer>
			<key>Comments</key><string>Green</string>
			<key>Play Count</key><integer>2</integer>
			<key>Play Date</key><integer>3798892204</integer>
			<key>Play Date UTC</key><date>2024-05-18T21:50:04Z</date>
			<key>Release Date</key><date>2019-08-07T12:00:00Z</date>
			<key>Loved</key><true/>
			<key>Artwork Count</key><integer>1</integer>
			<key>Sort Album</key><string>Driving Music - EP</string>
			<key>Sort Artist</key><string>Mallrat</string>
			<key>Sort Name</key><string>Charlie</string>
			<key>Persistent ID</key><string>E5E642D742785BEB</string>
			<key>Track Type</key><string>Remote</string>
			<key>Apple Music</key><true/>
		</dict>
		<key>9921</key>
		<dict>
			<key>Track ID</key><integer>9921</integer>
			<key>Name</key><string>Ok Pal</string>
			<key>Artist</key><string>M83</string>
			<key>Album Artist</key><string>M83</string>
			<key>Composer</key><string>M83</string>
			<key>Album</key><string>Hurry Up, We're Dreaming</string>
			<key>Genre</key><string>Music</string>
			<key>Kind</key><string>Apple Music AAC audio file</string>
			<key>Size</key><integer>8447650</integer>
			<key>Total Time</key><integer>238120</integer>
			<key>Disc Number</key><integer>2</integer>
			<key>Disc Count</key><integer>2</integer>
			<key>Track Number</key><integer>3</integer>
			<key>Track Count</key><integer>11</integer>
			<key>Year</key><integer>2011</integer>
			<key>Date Modified</key><date>2023-09-26T02:15:21Z</date>
			<key>Date Added</key><date>2023-09-26T02:15:21Z</date>
			<key>Bit Rate</key><integer>256</integer>
			<key>Sample Rate</key><integer>44100</integer>
			<key>Play Count</key><integer>14</integer>
			<key>Play Date</key><integer>3817630243</integer>
			<key>Play Date UTC</key><date>2024-12-21T19:50:43Z</date>
			<key>Release Date</key><date>2011-10-18T07:00:00Z</date>
			<key>Loved</key><true/>
			<key>Artwork Count</key><integer>1</integer>
			<key>Sort Album</key><string>Hurry Up, We're Dreaming</string>
			<key>Sort Artist</key><string>M83</string>
			<key>Sort Name</key><string>Ok Pal</string>
			<key>Persistent ID</key><string>FCE0AE33FF6ABFCD</string>
			<key>Track Type</key><string>Remote</string>
			<key>Apple Music</key><true/>
		</dict>
		<key>10007</key>
		<dict>
			<key>Track ID</key><integer>10007</integer>
			<key>Name</key><string>Sweet Disposition</string>
			<key>Artist</key><string>The Temper Trap</string>
			<key>Album Artist</key><string>The Temper Trap</string>
			<key>Composer</key><string>Abby Mandagi &#38; Lorenzo Silitto</string>
			<key>Album</key><string>Conditions</string>
			<key>Genre</key><string>Music</string>
			<key>Kind</key><string>Apple Music AAC audio file</string>
			<key>Size</key><integer>8542419</integer>
			<key>Total Time</key><integer>236467</integer>
			<key>Disc Number</key><integer>1</integer>
			<key>Disc Count</key><integer>1</integer>
			<key>Track Number</key><integer>2</integer>
			<key>Track Count</key><integer>10</integer>
			<key>Year</key><integer>2008</integer>
			<key>Date Modified</key><date>2023-09-26T02:15:21Z</date>
			<key>Date Added</key><date>2023-09-26T02:15:21Z</date>
			<key>Bit Rate</key><integer>256</integer>
			<key>Sample Rate</key><integer>44100</integer>
			<key>Comments</key><string>Green</string>
			<key>Play Count</key><integer>2</integer>
			<key>Play Date</key><integer>3817621709</integer>
			<key>Play Date UTC</key><date>2024-12-21T17:28:29Z</date>
			<key>Release Date</key><date>2008-09-16T12:00:00Z</date>
			<key>Loved</key><true/>
			<key>Artwork Count</key><integer>1</integer>
			<key>Sort Album</key><string>Conditions</string>
			<key>Sort Album Artist</key><string>Temper Trap</string>
			<key>Sort Artist</key><string>Temper Trap</string>
			<key>Sort Name</key><string>Sweet Disposition</string>
			<key>Persistent ID</key><string>27F880F68A43A03E</string>
			<key>Track Type</key><string>Remote</string>
			<key>Apple Music</key><true/>
		</dict>
		<key>10023</key>
		<dict>
			<key>Track ID</key><integer>10023</integer>
			<key>Name</key><string>Human</string>
			<key>Artist</key><string>The Killers</string>
			<key>Album Artist</key><string>The Killers</string>
			<key>Composer</key><string>Dave Keuning, Ronnie Vannucci, Brandon Flowers &#38; Mark Stoermer</string>
			<key>Album</key><string>Day &#38; Age</string>
			<key>Genre</key><string>Music</string>
			<key>Kind</key><string>Apple Music AAC audio file</string>
			<key>Size</key><integer>8845613</integer>
			<key>Total Time</key><integer>245373</integer>
			<key>Disc Number</key><integer>1</integer>
			<key>Disc Count</key><integer>1</integer>
			<key>Track Number</key><integer>2</integer>
			<key>Track Count</key><integer>12</integer>
			<key>Year</key><integer>2008</integer>
			<key>Date Modified</key><date>2023-09-26T02:15:21Z</date>
			<key>Date Added</key><date>2023-09-26T02:15:21Z</date>
			<key>Bit Rate</key><integer>256</integer>
			<key>Sample Rate</key><integer>44100</integer>
			<key>Play Count</key><integer>3</integer>
			<key>Play Date</key><integer>3832139284</integer>
			<key>Play Date UTC</key><date>2025-06-07T17:08:04Z</date>
			<key>Release Date</key><date>2008-09-22T12:00:00Z</date>
			<key>Loved</key><true/>
			<key>Artwork Count</key><integer>1</integer>
			<key>Sort Album</key><string>Day &#38; Age</string>
			<key>Sort Album Artist</key><string>Killers</string>
			<key>Sort Artist</key><string>Killers</string>
			<key>Sort Name</key><string>Human</string>
			<key>Persistent ID</key><string>7D31F9134E687AB3</string>
			<key>Track Type</key><string>Remote</string>
			<key>Apple Music</key><true/>
		</dict>
		<key>10043</key>
		<dict>
			<key>Track ID</key><integer>10043</integer>
			<key>Name</key><string>She Burns</string>
			<key>Artist</key><string>Foy Vance</string>
			<key>Album Artist</key><string>Foy Vance</string>
			<key>Composer</key><string>Foy Vance</string>
			<key>Album</key><string>The Wild Swan</string>
			<key>Genre</key><string>Music</string>
			<key>Kind</key><string>Apple Music AAC audio file</string>
			<key>Size</key><integer>8018226</integer>
			<key>Total Time</key><integer>230017</integer>
			<key>Disc Number</key><integer>1</integer>
			<key>Disc Count</key><integer>1</integer>
			<key>Track Number</key><integer>7</integer>
			<key>Track Count</key><integer>12</integer>
			<key>Year</key><integer>2016</integer>
			<key>Date Modified</key><date>2023-09-26T02:15:21Z</date>
			<key>Date Added</key><date>2023-09-26T02:15:21Z</date>
			<key>Bit Rate</key><integer>256</integer>
			<key>Sample Rate</key><integer>44100</integer>
			<key>Comments</key><string>Green</string>
			<key>Play Count</key><integer>2</integer>
			<key>Play Date</key><integer>3832262732</integer>
			<key>Play Date UTC</key><date>2025-06-09T03:25:32Z</date>
			<key>Release Date</key><date>2016-05-13T12:00:00Z</date>
			<key>Loved</key><true/>
			<key>Artwork Count</key><integer>1</integer>
			<key>Sort Album</key><string>Wild Swan</string>
			<key>Sort Artist</key><string>Foy Vance</string>
			<key>Sort Name</key><string>She Burns</string>
			<key>Persistent ID</key><string>B5A9972268BB4AF8</string>
			<key>Track Type</key><string>Remote</string>
			<key>Apple Music</key><true/>
		</dict>
		<key>10057</key>
		<dict>
			<key>Track ID</key><integer>10057</integer>
			<key>Name</key><string>Fly Me to the Moon (feat. Count Basie and His Orchestra)</string>
			<key>Artist</key><string>Frank Sinatra</string>
			<key>Album Artist</key><string>Frank Sinatra</string>
			<key>Composer</key><string>Bart Howard</string>
			<key>Album</key><string>Nothing But the Best (Remastered)</string>
			<key>Genre</key><string>Music</string>
			<key>Kind</key><string>Apple Music AAC audio file</string>
			<key>Size</key><integer>5493060</integer>
			<key>Total Time</key><integer>147520</integer>
			<key>Disc Number</key><integer>1</integer>
			<key>Disc Count</key><integer>1</integer>
			<key>Track Number</key><integer>8</integer>
			<key>Track Count</key><integer>22</integer>
			<key>Year</key><integer>2008</integer>
			<key>Date Modified</key><date>2023-09-26T02:15:21Z</date>
			<key>Date Added</key><date>2023-09-26T02:15:21Z</date>
			<key>Bit Rate</key><integer>256</integer>
			<key>Sample Rate</key><integer>44100</integer>
			<key>Play Count</key><integer>2</integer>
			<key>Play Date</key><integer>3817637898</integer>
			<key>Play Date UTC</key><date>2024-12-21T21:58:18Z</date>
			<key>Release Date</key><date>2008-05-13T12:00:00Z</date>
			<key>Loved</key><true/>
			<key>Compilation</key><true/>
			<key>Artwork Count</key><integer>1</integer>
			<key>Sort Album</key><string>Nothing But the Best (Remastered)</string>
			<key>Sort Artist</key><string>Frank Sinatra</string>
			<key>Sort Name</key><string>Fly Me to the Moon (feat. Count Basie and His Orchestra)</string>
			<key>Persistent ID</key><string>3F43E500A8E33077</string>
			<key>Track Type</key><string>Remote</string>
			<key>Apple Music</key><true/>
		</dict>
		<key>10099</key>
		<dict>
			<key>Track ID</key><integer>10099</integer>
			<key>Name</key><string>Into the Ocean</string>
			<key>Artist</key><string>Blue October</string>
			<key>Album Artist</key><string>Blue October</string>
			<key>Composer</key><string>Justin Furstenfeld</string>
			<key>Album</key><string>Foiled</string>
			<key>Genre</key><string>Music</string>
			<key>Kind</key><string>Apple Music AAC audio file</string>
			<key>Size</key><integer>8300897</integer>
			<key>Total Time</key><integer>239947</integer>
			<key>Disc Number</key><integer>1</integer>
			<key>Disc Count</key><integer>1</integer>
			<key>Track Number</key><integer>3</integer>
			<key>Track Count</key><integer>13</integer>
			<key>Year</key><integer>2006</integer>
			<key>Date Modified</key><date>2023-09-26T02:15:21Z</date>
			<key>Date Added</key><date>2023-09-26T02:15:21Z</date>
			<key>Bit Rate</key><integer>256</integer>
			<key>Sample Rate</key><integer>44100</integer>
			<key>Comments</key><string>Blue</string>
			<key>Play Count</key><integer>2</integer>
			<key>Play Date</key><integer>3795443020</integer>
			<key>Play Date UTC</key><date>2024-04-08T23:43:40Z</date>
			<key>Release Date</key><date>2006-01-01T12:00:00Z</date>
			<key>Loved</key><true/>
			<key>Artwork Count</key><integer>1</integer>
			<key>Sort Album</key><string>Foiled</string>
			<key>Sort Artist</key><string>Blue October</string>
			<key>Sort Name</key><string>Into the Ocean</string>
			<key>Persistent ID</key><string>2733CA8D8C90BA71</string>
			<key>Clean</key><true/>
			<key>Track Type</key><string>Remote</string>
			<key>Apple Music</key><true/>
		</dict>
		<key>10143</key>
		<dict>
			<key>Track ID</key><integer>10143</integer>
			<key>Name</key><string>Roxanne (Remastered 2003)</string>
			<key>Artist</key><string>The Police</string>
			<key>Album Artist</key><string>The Police</string>
			<key>Composer</key><string>Sting</string>
			<key>Album</key><string>Outlandos D'Amour (Remastered 2003)</string>
			<key>Genre</key><string>Music</string>
			<key>Kind</key><string>Apple Music AAC audio file</string>
			<key>Size</key><integer>6909202</integer>
			<key>Total Time</key><integer>193893</integer>
			<key>Disc Number</key><integer>1</integer>
			<key>Disc Count</key><integer>1</integer>
			<key>Track Number</key><integer>3</integer>
			<key>Track Count</key><integer>10</integer>
			<key>Year</key><integer>1978</integer>
			<key>Date Modified</key><date>2023-09-26T02:15:21Z</date>
			<key>Date Added</key><date>2023-09-26T02:15:21Z</date>
			<key>Bit Rate</key><integer>256</integer>
			<key>Sample Rate</key><integer>44100</integer>
			<key>Play Count</key><integer>4</integer>
			<key>Play Date</key><integer>3834419551</integer>
			<key>Play Date UTC</key><date>2025-07-04T02:32:31Z</date>
			<key>Release Date</key><date>1978-04-07T12:00:00Z</date>
			<key>Loved</key><true/>
			<key>Artwork Count</key><integer>1</integer>
			<key>Sort Album</key><string>Outlandos D'Amour (Remastered 2003)</string>
			<key>Sort Album Artist</key><string>Police</string>
			<key>Sort Artist</key><string>Police</string>
			<key>Sort Name</key><string>Roxanne (Remastered 2003)</string>
			<key>Persistent ID</key><string>31EF5E67AFB27D4C</string>
			<key>Track Type</key><string>Remote</string>
			<key>Apple Music</key><true/>
		</dict>
		<key>10207</key>
		<dict>
			<key>Track ID</key><integer>10207</integer>
			<key>Name</key><string>Down in the Valley</string>
			<key>Artist</key><string>The Head and the Heart</string>
			<key>Album Artist</key><string>The Head and the Heart</string>
			<key>Composer</key><string>Charity Rose Thielen, Christopher Zasche, Jonathan Russell, Josiah Johnson, Kenneth Hensley &#38; Robert Tyler Williams</string>
			<key>Album</key><string>The Head And The Heart</string>
			<key>Genre</key><string>Music</string>
			<key>Kind</key><string>Apple Music AAC audio file</string>
			<key>Size</key><integer>10825822</integer>
			<key>Total Time</key><integer>303653</integer>
			<key>Disc Number</key><integer>1</integer>
			<key>Disc Count</key><integer>1</integer>
			<key>Track Number</key><integer>4</integer>
			<key>Track Count</key><integer>10</integer>
			<key>Year</key><integer>2010</integer>
			<key>Date Modified</key><date>2023-09-26T02:15:21Z</date>
			<key>Date Added</key><date>2023-09-26T02:15:21Z</date>
			<key>Bit Rate</key><integer>256</integer>
			<key>Sample Rate</key><integer>44100</integer>
			<key>Comments</key><string>Green</string>
			<key>Play Count</key><integer>2</integer>
			<key>Play Date</key><integer>3834585235</integer>
			<key>Play Date UTC</key><date>2025-07-06T00:33:55Z</date>
			<key>Release Date</key><date>2010-06-29T12:00:00Z</date>
			<key>Loved</key><true/>
			<key>Artwork Count</key><integer>1</integer>
			<key>Sort Album</key><string>Head And The Heart</string>
			<key>Sort Album Artist</key><string>Head and the Heart</string>
			<key>Sort Artist</key><string>Head and the Heart</string>
			<key>Sort Name</key><string>Down in the Valley</string>
			<key>Persistent ID</key><string>C47EF240DB287ABC</string>
			<key>Track Type</key><string>Remote</string>
			<key>Apple Music</key><true/>
		</dict>
		<key>10259</key>
		<dict>
			<key>Track ID</key><integer>10259</integer>
			<key>Name</key><string>Comfortably Numb</string>
			<key>Artist</key><string>Pink Floyd</string>
			<key>Album Artist</key><string>Pink Floyd</string>
			<key>Composer</key><string>Roger Waters &#38; David Gilmour</string>
			<key>Album</key><string>The Wall</string>
			<key>Genre</key><string>Music</string>
			<key>Kind</key><string>Apple Music AAC audio file</string>
			<key>Size</key><integer>14171010</integer>
			<key>Total Time</key><integer>382280</integer>
			<key>Disc Number</key><integer>2</integer>
			<key>Disc Count</key><integer>2</integer>
			<key>Track Number</key><integer>6</integer>
			<key>Track Count</key><integer>13</integer>
			<key>Year</key><integer>1979</integer>
			<key>Date Modified</key><date>2023-09-26T02:15:21Z</date>
			<key>Date Added</key><date>2023-09-26T02:15:21Z</date>
			<key>Bit Rate</key><integer>256</integer>
			<key>Sample Rate</key><integer>44100</integer>
			<key>Comments</key><string>Black</string>
			<key>Play Count</key><integer>3</integer>
			<key>Play Date</key><integer>3822334762</integer>
			<key>Play Date UTC</key><date>2025-02-14T06:39:22Z</date>
			<key>Skip Count</key><integer>1</integer>
			<key>Skip Date</key><date>2025-02-01T16:45:19Z</date>
			<key>Release Date</key><date>1979-11-30T08:00:00Z</date>
			<key>Loved</key><true/>
			<key>Artwork Count</key><integer>1</integer>
			<key>Sort Album</key><string>Wall</string>
			<key>Sort Artist</key><string>Pink Floyd</string>
			<key>Sort Name</key><string>Comfortably Numb</string>
			<key>Persistent ID</key><string>C79A40BA8AA8861E</string>
			<key>Track Type</key><string>Remote</string>
			<key>Apple Music</key><true/>
		</dict>
		<key>10287</key>
		<dict>
			<key>Track ID</key><integer>10287</integer>
			<key>Name</key><string>Ways To Go</string>
			<key>Artist</key><string>GROUPLOVE</string>
			<key>Album Artist</key><string>GROUPLOVE</string>
			<key>Composer</key><string>GROUPLOVE</string>
			<key>Album</key><string>Spreading Rumours (Deluxe)</string>
			<key>Genre</key><string>Music</string>
			<key>Kind</key><string>Apple Music AAC audio file</string>
			<key>Size</key><integer>8255372</integer>
			<key>Total Time</key><integer>215493</integer>
			<key>Disc Number</key><integer>1</integer>
			<key>Disc Count</key><integer>1</integer>
			<key>Track Number</key><integer>4</integer>
			<key>Track Count</key><integer>16</integer>
			<key>Year</key><integer>2013</integer>
			<key>Date Modified</key><date>2023-09-26T02:15:21Z</date>
			<key>Date Added</key><date>2023-09-26T02:15:21Z</date>
			<key>Bit Rate</key><integer>256</integer>
			<key>Sample Rate</key><integer>44100</integer>
			<key>Comments</key><string>Yellow</string>
			<key>Play Count</key><integer>2</integer>
			<key>Play Date</key><integer>3832475715</integer>
			<key>Play Date UTC</key><date>2025-06-11T14:35:15Z</date>
			<key>Skip Count</key><integer>1</integer>
			<key>Skip Date</key><date>2024-12-23T22:05:40Z</date>
			<key>Release Date</key><date>2013-06-07T07:00:00Z</date>
			<key>Loved</key><true/>
			<key>Artwork Count</key><integer>1</integer>
			<key>Sort Album</key><string>Spreading Rumours (Deluxe)</string>
			<key>Sort Artist</key><string>GROUPLOVE</string>
			<key>Sort Name</key><string>Ways To Go</string>
			<key>Persistent ID</key><string>E41A78B7BB5A43A9</string>
			<key>Track Type</key><string>Remote</string>
			<key>Apple Music</key><true/>
		</dict>
		<key>10377</key>
		<dict>
			<key>Track ID</key><integer>10377</integer>
			<key>Name</key><string>Giving Up the Gun</string>
			<key>Artist</key><string>Vampire Weekend</string>
			<key>Album Artist</key><string>Vampire Weekend</string>
			<key>Composer</key><string>Chris Baio, Chris Tomson, Rostam &#38; Ezra Koenig</string>
			<key>Album</key><string>Contra (Bonus Track Version)</string>
			<key>Genre</key><string>Music</string>
			<key>Kind</key><string>Apple Music AAC audio file</string>
			<key>Size</key><integer>9987894</integer>
			<key>Total Time</key><integer>286160</integer>
			<key>Disc Number</key><integer>1</integer>
			<key>Disc Count</key><integer>1</integer>
			<key>Track Number</key><integer>8</integer>
			<key>Track Count</key><integer>11</integer>
			<key>Year</key><integer>2010</integer>
			<key>Date Modified</key><date>2023-09-26T02:15:21Z</date>
			<key>Date Added</key><date>2023-09-26T02:15:21Z</date>
			<key>Bit Rate</key><integer>256</integer>
			<key>Sample Rate</key><integer>44100</integer>
			<key>Comments</key><string>Yellow</string>
			<key>Play Count</key><integer>2</integer>
			<key>Play Date</key><integer>3832476411</integer>
			<key>Play Date UTC</key><date>2025-06-11T14:46:51Z</date>
			<key>Release Date</key><date>2010-01-11T08:00:00Z</date>
			<key>Loved</key><true/>
			<key>Artwork Count</key><integer>1</integer>
			<key>Sort Album</key><string>Contra (Bonus Track Version)</string>
			<key>Sort Artist</key><string>Vampire Weekend</string>
			<key>Sort Name</key><string>Giving Up the Gun</string>
			<key>Persistent ID</key><string>49E08FDBF707E67B</string>
			<key>Track Type</key><string>Remote</string>
			<key>Apple Music</key><true/>
		</dict>
		<key>10513</key>
		<dict>
			<key>Track ID</key><integer>10513</integer>
			<key>Name</key><string>Gravity</string>
			<key>Artist</key><string>John Mayer</string>
			<key>Album Artist</key><string>John Mayer</string>
			<key>Composer</key><string>John Mayer</string>
			<key>Album</key><string>Continuum</string>
			<key>Genre</key><string>Music</string>
			<key>Kind</key><string>Apple Music AAC audio file</string>
			<key>Size</key><integer>8890741</integer>
			<key>Total Time</key><integer>245773</integer>
			<key>Disc Number</key><integer>1</integer>
			<key>Disc Count</key><integer>1</integer>
			<key>Track Number</key><integer>4</integer>
			<key>Track Count</key><integer>12</integer>
			<key>Year</key><integer>2006</integer>
			<key>Date Modified</key><date>2023-09-26T02:15:22Z</date>
			<key>Date Added</key><date>2023-09-26T02:15:22Z</date>
			<key>Bit Rate</key><integer>256</integer>
			<key>Sample Rate</key><integer>44100</integer>
			<key>Play Count</key><integer>2</integer>
			<key>Play Date</key><integer>3798892013</integer>
			<key>Play Date UTC</key><date>2024-05-18T21:46:53Z</date>
			<key>Release Date</key><date>2006-09-12T07:00:00Z</date>
			<key>Loved</key><true/>
			<key>Compilation</key><true/>
			<key>Artwork Count</key><integer>1</integer>
			<key>Sort Album</key><string>Continuum</string>
			<key>Sort Artist</key><string>John Mayer</string>
			<key>Sort Name</key><string>Gravity</string>
			<key>Persistent ID</key><string>39EA9308F5F9DC5E</string>
			<key>Track Type</key><string>Remote</string>
			<key>Apple Music</key><true/>
		</dict>
		<key>10577</key>
		<dict>
			<key>Track ID</key><integer>10577</integer>
			<key>Name</key><string>Where'd All the Time Go?</string>
			<key>Artist</key><string>Dr. Dog</string>
			<key>Album Artist</key><string>Dr. Dog</string>
			<key>Composer</key><string>Scott McMicken &#38; Toby Leaman</string>
			<key>Album</key><string>Shame, Shame (Deluxe Edition)</string>
			<key>Genre</key><string>Music</string>
			<key>Kind</key><string>Apple Music AAC audio file</string>
			<key>Size</key><integer>8265051</integer>
			<key>Total Time</key><integer>234800</integer>
			<key>Disc Number</key><integer>1</integer>
			<key>Disc Count</key><integer>1</integer>
			<key>Track Number</key><integer>5</integer>
			<key>Track Count</key><integer>18</integer>
			<key>Year</key><integer>2010</integer>
			<key>Date Modified</key><date>2023-09-26T03:39:10Z</date>
			<key>Date Added</key><date>2023-09-26T03:39:10Z</date>
			<key>Bit Rate</key><integer>256</integer>
			<key>Sample Rate</key><integer>44100</integer>
			<key>Play Count</key><integer>2</integer>
			<key>Play Date</key><integer>3834419787</integer>
			<key>Play Date UTC</key><date>2025-07-04T02:36:27Z</date>
			<key>Release Date</key><date>2010-04-02T12:00:00Z</date>
			<key>Loved</key><true/>
			<key>Artwork Count</key><integer>1</integer>
			<key>Sort Album</key><string>Shame, Shame (Deluxe Edition)</string>
			<key>Sort Artist</key><string>Dr. Dog</string>
			<key>Sort Name</key><string>Where'd All the Time Go?</string>
			<key>Persistent ID</key><string>A1255FEE88D3214A</string>
			<key>Track Type</key><string>Remote</string>
			<key>Apple Music</key><true/>
		</dict>
		<key>10591</key>
		<dict>
			<key>Track ID</key><integer>10591</integer>
			<key>Name</key><string>Less Than Zero</string>
			<key>Artist</key><string>Elvis Costello</string>
			<key>Album Artist</key><string>Elvis Costello</string>
			<key>Composer</key><string>Elvis Costello</string>
			<key>Album</key><string>My Aim Is True</string>
			<key>Genre</key><string>Music</string>
			<key>Kind</key><string>Apple Music AAC audio file</string>
			<key>Size</key><integer>7901133</integer>
			<key>Total Time</key><integer>194733</integer>
			<key>Disc Number</key><integer>1</integer>
			<key>Disc Count</key><integer>1</integer>
			<key>Track Number</key><integer>8</integer>
			<key>Track Count</key><integer>13</integer>
			<key>Year</key><integer>1977</integer>
			<key>Date Modified</key><date>2023-09-26T03:39:10Z</date>
			<key>Date Added</key><date>2023-09-26T03:39:10Z</date>
			<key>Bit Rate</key><integer>256</integer>
			<key>Sample Rate</key><integer>44100</integer>
			<key>Play Count</key><integer>2</integer>
			<key>Play Date</key><integer>3834558154</integer>
			<key>Play Date UTC</key><date>2025-07-05T17:02:34Z</date>
			<key>Release Date</key><date>1977-07-22T12:00:00Z</date>
			<key>Loved</key><true/>
			<key>Artwork Count</key><integer>1</integer>
			<key>Sort Album</key><string>My Aim Is True</string>
			<key>Sort Artist</key><string>Elvis Costello</string>
			<key>Sort Name</key><string>Less Than Zero</string>
			<key>Persistent ID</key><string>2D3D63C158C04456</string>
			<key>Track Type</key><string>Remote</string>
			<key>Apple Music</key><true/>
		</dict>
		<key>10623</key>
		<dict>
			<key>Track ID</key><integer>10623</integer>
			<key>Name</key><string>Life In One Day (2018 Remaster)</string>
			<key>Artist</key><string>Howard Jones</string>
			<key>Album Artist</key><string>Howard Jones</string>
			<key>Composer</key><string>Howard Jones</string>
			<key>Album</key><string>Dream Into Action (Deluxe Audio Commentary Edition) [2018 Remaster]</string>
			<key>Genre</key><string>Music</string>
			<key>Kind</key><string>Apple Music AAC audio file</string>
			<key>Size</key><integer>7894396</integer>
			<key>Total Time</key><integer>219373</integer>
			<key>Disc Number</key><integer>1</integer>
			<key>Disc Count</key><integer>1</integer>
			<key>Track Number</key><integer>4</integer>
			<key>Track Count</key><integer>28</integer>
			<key>Year</key><integer>1985</integer>
			<key>Date Modified</key><date>2023-09-26T03:39:10Z</date>
			<key>Date Added</key><date>2023-09-26T03:39:10Z</date>
			<key>Bit Rate</key><integer>256</integer>
			<key>Sample Rate</key><integer>44100</integer>
			<key>Comments</key><string>Yellow</string>
			<key>Play Count</key><integer>2</integer>
			<key>Play Date</key><integer>3834597930</integer>
			<key>Play Date UTC</key><date>2025-07-06T04:05:30Z</date>
			<key>Release Date</key><date>1985-03-11T12:00:00Z</date>
			<key>Loved</key><true/>
			<key>Artwork Count</key><integer>1</integer>
			<key>Sort Album</key><string>Dream Into Action (Deluxe Audio Commentary Edition) [2018 Remaster]</string>
			<key>Sort Artist</key><string>Howard Jones</string>
			<key>Sort Name</key><string>Life In One Day (2018 Remaster)</string>
			<key>Persistent ID</key><string>9A62AB6ACAE03E9A</string>
			<key>Track Type</key><string>Remote</string>
			<key>Apple Music</key><true/>
		</dict>
		<key>10677</key>
		<dict>
			<key>Track ID</key><integer>10677</integer>
			<key>Name</key><string>Heavy Bend</string>
			<key>Artist</key><string>Big Thief</string>
			<key>Album Artist</key><string>Big Thief</string>
			<key>Composer</key><string>Adrianne Lenker</string>
			<key>Album</key><string>Dragon New Warm Mountain I Believe In You</string>
			<key>Genre</key><string>Music</string>
			<key>Kind</key><string>Apple Music AAC audio file</string>
			<key>Size</key><integer>4076734</integer>
			<key>Total Time</key><integer>96554</integer>
			<key>Disc Number</key><integer>1</integer>
			<key>Disc Count</key><integer>1</integer>
			<key>Track Number</key><integer>8</integer>
			<key>Track Count</key><integer>20</integer>
			<key>Year</key><integer>2022</integer>
			<key>Date Modified</key><date>2023-09-26T03:39:10Z</date>
			<key>Date Added</key><date>2023-09-26T03:39:10Z</date>
			<key>Bit Rate</key><integer>256</integer>
			<key>Sample Rate</key><integer>44100</integer>
			<key>Comments</key><string>Green</string>
			<key>Play Count</key><integer>2</integer>
			<key>Play Date</key><integer>3826625048</integer>
			<key>Play Date UTC</key><date>2025-04-04T21:24:08Z</date>
			<key>Release Date</key><date>2022-02-11T12:00:00Z</date>
			<key>Loved</key><true/>
			<key>Artwork Count</key><integer>1</integer>
			<key>Sort Album</key><string>Dragon New Warm Mountain I Believe In You</string>
			<key>Sort Artist</key><string>Big Thief</string>
			<key>Sort Name</key><string>Heavy Bend</string>
			<key>Persistent ID</key><string>1208F246A8F645B7</string>
			<key>Track Type</key><string>Remote</string>
			<key>Apple Music</key><true/>
		</dict>
		<key>10751</key>
		<dict>
			<key>Track ID</key><integer>10751</integer>
			<key>Name</key><string>Speaking Terms</string>
			<key>Artist</key><string>Snail Mail</string>
			<key>Album Artist</key><string>Snail Mail</string>
			<key>Composer</key><string>Lindsey Jordan</string>
			<key>Album</key><string>Lush</string>
			<key>Genre</key><string>Music</string>
			<key>Kind</key><string>Apple Music AAC audio file</string>
			<key>Size</key><integer>8318612</integer>
			<key>Total Time</key><integer>233560</integer>
			<key>Disc Number</key><integer>1</integer>
			<key>Disc Count</key><integer>1</integer>
			<key>Track Number</key><integer>3</integer>
			<key>Track Count</key><integer>10</integer>
			<key>Year</key><integer>2018</integer>
			<key>Date Modified</key><date>2023-09-26T03:39:10Z</date>
			<key>Date Added</key><date>2023-09-26T03:39:10Z</date>
			<key>Bit Rate</key><integer>256</integer>
			<key>Sample Rate</key><integer>44100</integer>
			<key>Play Count</key><integer>7</integer>
			<key>Play Date</key><integer>3783779827</integer>
			<key>Play Date UTC</key><date>2023-11-26T00:57:07Z</date>
			<key>Skip Count</key><integer>3</integer>
			<key>Skip Date</key><date>2025-01-08T21:52:17Z</date>
			<key>Release Date</key><date>2018-06-08T12:00:00Z</date>
			<key>Loved</key><true/>
			<key>Artwork Count</key><integer>1</integer>
			<key>Sort Album</key><string>Lush</string>
			<key>Sort Artist</key><string>Snail Mail</string>
			<key>Sort Name</key><string>Speaking Terms</string>
			<key>Persistent ID</key><string>C31F6A86F71ED287</string>
			<key>Track Type</key><string>Remote</string>
			<key>Apple Music</key><true/>
		</dict>
		<key>10831</key>
		<dict>
			<key>Track ID</key><integer>10831</integer>
			<key>Name</key><string>Blinding Lights</string>
			<key>Artist</key><string>The Weeknd</string>
			<key>Album Artist</key><string>The Weeknd</string>
			<key>Composer</key><string>Max Martin, Oscar Holter, Abel Tesfaye, Ahmad Balshe &#38; Jason 'Daheala' Quenneville</string>
			<key>Album</key><string>After Hours</string>
			<key>Genre</key><string>Music</string>
			<key>Kind</key><string>Apple Music AAC audio file</string>
			<key>Size</key><integer>7251196</integer>
			<key>Total Time</key><integer>200046</integer>
			<key>Disc Number</key><integer>1</integer>
			<key>Disc Count</key><integer>1</integer>
			<key>Track Number</key><integer>9</integer>
			<key>Track Count</key><integer>14</integer>
			<key>Year</key><integer>2019</integer>
			<key>Date Modified</key><date>2023-09-26T03:39:10Z</date>
			<key>Date Added</key><date>2023-09-26T03:39:10Z</date>
			<key>Bit Rate</key><integer>256</integer>
			<key>Sample Rate</key><integer>44100</integer>
			<key>Comments</key><string>Orange</string>
			<key>Play Count</key><integer>2</integer>
			<key>Play Date</key><integer>3832581398</integer>
			<key>Play Date UTC</key><date>2025-06-12T19:56:38Z</date>
			<key>Skip Count</key><integer>2</integer>
			<key>Skip Date</key><date>2024-12-24T21:27:39Z</date>
			<key>Release Date</key><date>2019-11-29T08:00:00Z</date>
			<key>Loved</key><true/>
			<key>Artwork Count</key><integer>1</integer>
			<key>Sort Album</key><string>After Hours</string>
			<key>Sort Album Artist</key><string>Weeknd</string>
			<key>Sort Artist</key><string>Weeknd</string>
			<key>Sort Name</key><string>Blinding Lights</string>
			<key>Persistent ID</key><string>32F65265831E6FD9</string>
			<key>Track Type</key><string>Remote</string>
			<key>Apple Music</key><true/>
		</dict>
		<key>10853</key>
		<dict>
			<key>Track ID</key><integer>10853</integer>
			<key>Name</key><string>This Is the Day</string>
			<key>Artist</key><string>The The</string>
			<key>Album Artist</key><string>The The</string>
			<key>Composer</key><string>Matt Johnson</string>
			<key>Album</key><string>Soul Mining</string>
			<key>Genre</key><string>Music</string>
			<key>Kind</key><string>Apple Music AAC audio file</string>
			<key>Size</key><integer>11408522</integer>
			<key>Total Time</key><integer>297067</integer>
			<key>Disc Number</key><integer>1</integer>
			<key>Disc Count</key><integer>1</integer>
			<key>Track Number</key><integer>2</integer>
			<key>Track Count</key><integer>7</integer>
			<key>Year</key><integer>1982</integer>
			<key>Date Modified</key><date>2023-09-26T03:39:10Z</date>
			<key>Date Added</key><date>2023-09-26T03:39:10Z</date>
			<key>Bit Rate</key><integer>256</integer>
			<key>Sample Rate</key><integer>44100</integer>
			<key>Comments</key><string>Green</string>
			<key>Play Count</key><integer>7</integer>
			<key>Play Date</key><integer>3834428659</integer>
			<key>Play Date UTC</key><date>2025-07-04T05:04:19Z</date>
			<key>Skip Count</key><integer>1</integer>
			<key>Skip Date</key><date>2024-05-02T04:44:47Z</date>
			<key>Release Date</key><date>1982-01-01T12:00:00Z</date>
			<key>Loved</key><true/>
			<key>Artwork Count</key><integer>1</integer>
			<key>Sort Album</key><string>Soul Mining</string>
			<key>Sort Album Artist</key><string>The</string>
			<key>Sort Artist</key><string>The</string>
			<key>Sort Name</key><string>This Is the Day</string>
			<key>Persistent ID</key><string>7B17D5F8CCB4490C</string>
			<key>Track Type</key><string>Remote</string>
			<key>Apple Music</key><true/>
		</dict>
		<key>11011</key>
		<dict>
			<key>Track ID</key><integer>11011</integer>
			<key>Name</key><string>Surround Sound (feat. 21 Savage &#38; Baby Tate)</string>
			<key>Artist</key><string>JID</string>
			<key>Album Artist</key><string>JID</string>
			<key>Composer</key><string>Destin Route, Nuri Saberin, Shéyaa Bin Abraham-Joseph, Tate Farris, John Welch, Gabriel Guerra, Charles Singleton &#38; Eddie Snyder</string>
			<key>Album</key><string>The Forever Story</string>
			<key>Genre</key><string>Music</string>
			<key>Kind</key><string>Apple Music AAC audio file</string>
			<key>Size</key><integer>8247775</integer>
			<key>Total Time</key><integer>229938</integer>
			<key>Disc Number</key><integer>1</integer>
			<key>Disc Count</key><integer>1</integer>
			<key>Track Number</key><integer>6</integer>
			<key>Track Count</key><integer>15</integer>
			<key>Year</key><integer>2022</integer>
			<key>Date Modified</key><date>2023-09-26T03:39:10Z</date>
			<key>Date Added</key><date>2023-09-26T03:39:10Z</date>
			<key>Bit Rate</key><integer>256</integer>
			<key>Sample Rate</key><integer>44100</integer>
			<key>Play Count</key><integer>4</integer>
			<key>Play Date</key><integer>3824906820</integer>
			<key>Play Date UTC</key><date>2025-03-16T00:07:00Z</date>
			<key>Release Date</key><date>2022-01-14T12:00:00Z</date>
			<key>Loved</key><true/>
			<key>Artwork Count</key><integer>1</integer>
			<key>Sort Album</key><string>Forever Story</string>
			<key>Sort Artist</key><string>JID</string>
			<key>Sort Name</key><string>Surround Sound (feat. 21 Savage &#38; Baby Tate)</string>
			<key>Persistent ID</key><string>C3B71575A1632EB9</string>
			<key>Explicit</key><true/>
			<key>Track Type</key><string>Remote</string>
			<key>Apple Music</key><true/>
		</dict>
		<key>11185</key>
		<dict>
			<key>Track ID</key><integer>11185</integer>
			<key>Name</key><string>Eye Know (feat. Otis Redding)</string>
			<key>Artist</key><string>De La Soul</string>
			<key>Album Artist</key><string>De La Soul</string>
			<key>Composer</key><string>Otis Redding, Kelvin Mercer, David Jolicoeur, Vincent Mason, Paul Huston, Donald Fagen, Walter Becker, Stephen Lee Cropper, John Gary Williams &#38; Booker T. Jones Jr.</string>
			<key>Album</key><string>3 Feet High and Rising</string>
			<key>Genre</key><string>Music</string>
			<key>Kind</key><string>Apple Music AAC audio file</string>
			<key>Size</key><integer>8978949</integer>
			<key>Total Time</key><integer>252672</integer>
			<key>Disc Number</key><integer>1</integer>
			<key>Disc Count</key><integer>1</integer>
			<key>Track Number</key><integer>9</integer>
			<key>Track Count</key><integer>23</integer>
			<key>Year</key><integer>1989</integer>
			<key>Date Modified</key><date>2023-09-26T03:39:11Z</date>
			<key>Date Added</key><date>2023-09-26T03:39:11Z</date>
			<key>Bit Rate</key><integer>256</integer>
			<key>Sample Rate</key><integer>44100</integer>
			<key>Play Count</key><integer>4</integer>
			<key>Play Date</key><integer>3833127590</integer>
			<key>Play Date UTC</key><date>2025-06-19T03:39:50Z</date>
			<key>Release Date</key><date>1989-03-03T08:00:00Z</date>
			<key>Loved</key><true/>
			<key>Artwork Count</key><integer>1</integer>
			<key>Sort Album</key><string>3 Feet High and Rising</string>
			<key>Sort Artist</key><string>De La Soul</string>
			<key>Sort Name</key><string>Eye Know (feat. Otis Redding)</string>
			<key>Persistent ID</key><string>C26F3F53C17A736B</string>
			<key>Track Type</key><string>Remote</string>
			<key>Apple Music</key><true/>
		</dict>
		<key>11199</key>
		<dict>
			<key>Track ID</key><integer>11199</integer>
			<key>Name</key><string>Pump It Up (2021 Remaster)</string>
			<key>Artist</key><string>Elvis Costello &#38; The Attractions</string>
			<key>Album Artist</key><string>Elvis Costello &#38; The Attractions</string>
			<key>Composer</key><string>Elvis Costello</string>
			<key>Album</key><string>This Year's Model (2021 Remaster)</string>
			<key>Genre</key><string>Music</string>
			<key>Kind</key><string>Apple Music AAC audio file</string>
			<key>Size</key><integer>7125684</integer>
			<key>Total Time</key><integer>198347</integer>
			<key>Disc Number</key><integer>1</integer>
			<key>Disc Count</key><integer>1</integer>
			<key>Track Number</key><integer>4</integer>
			<key>Track Count</key><integer>14</integer>
			<key>Year</key><integer>1978</integer>
			<key>Date Modified</key><date>2023-09-26T03:39:11Z</date>
			<key>Date Added</key><date>2023-09-26T03:39:11Z</date>
			<key>Bit Rate</key><integer>256</integer>
			<key>Sample Rate</key><integer>44100</integer>
			<key>Play Count</key><integer>2</integer>
			<key>Play Date</key><integer>3834563116</integer>
			<key>Play Date UTC</key><date>2025-07-05T18:25:16Z</date>
			<key>Skip Count</key><integer>1</integer>
			<key>Skip Date</key><date>2025-07-04T21:06:03Z</date>
			<key>Release Date</key><date>1978-01-01T12:00:00Z</date>
			<key>Loved</key><true/>
			<key>Artwork Count</key><integer>1</integer>
			<key>Sort Album</key><string>This Year's Model (2021 Remaster)</string>
			<key>Sort Artist</key><string>Elvis Costello &#38; The Attractions</string>
			<key>Sort Name</key><string>Pump It Up (2021 Remaster)</string>
			<key>Persistent ID</key><string>6FB2120A0D2D1A14</string>
			<key>Track Type</key><string>Remote</string>
			<key>Apple Music</key><true/>
		</dict>
		<key>11223</key>
		<dict>
			<key>Track ID</key><integer>11223</integer>
			<key>Name</key><string>My Girl</string>
			<key>Artist</key><string>The Temptations</string>
			<key>Album Artist</key><string>The Temptations</string>
			<key>Composer</key><string>Ronald White &#38; Smokey Robinson</string>
			<key>Album</key><string>The Temptations Sing Smokey</string>
			<key>Genre</key><string>Music</string>
			<key>Kind</key><string>Apple Music AAC audio file</string>
			<key>Size</key><integer>6546716</integer>
			<key>Total Time</key><integer>164728</integer>
			<key>Disc Number</key><integer>1</integer>
			<key>Disc Count</key><integer>1</integer>
			<key>Track Number</key><integer>3</integer>
			<key>Track Count</key><integer>12</integer>
			<key>Year</key><integer>1964</integer>
			<key>Date Modified</key><date>2023-09-26T03:39:11Z</date>
			<key>Date Added</key><date>2023-09-26T03:39:11Z</date>
			<key>Bit Rate</key><integer>256</integer>
			<key>Sample Rate</key><integer>44100</integer>
			<key>Play Count</key><integer>3</integer>
			<key>Play Date</key><integer>3794835559</integer>
			<key>Play Date UTC</key><date>2024-04-01T22:59:19Z</date>
			<key>Release Date</key><date>1964-12-21T12:00:00Z</date>
			<key>Loved</key><true/>
			<key>Artwork Count</key><integer>1</integer>
			<key>Sort Album</key><string>Temptations Sing Smokey</string>
			<key>Sort Album Artist</key><string>Temptations</string>
			<key>Sort Artist</key><string>Temptations</string>
			<key>Sort Name</key><string>My Girl</string>
			<key>Persistent ID</key><string>67D4D03A8991B84F</string>
			<key>Track Type</key><string>Remote</string>
			<key>Apple Music</key><true/>
		</dict>
		<key>11241</key>
		<dict>
			<key>Track ID</key><integer>11241</integer>
			<key>Name</key><string>Desperados</string>
			<key>Artist</key><string>The Tontons</string>
			<key>Album Artist</key><string>The Tontons</string>
			<key>Composer</key><string>The Tontons</string>
			<key>Album</key><string>The Tontons</string>
			<key>Genre</key><string>Music</string>
			<key>Kind</key><string>Apple Music AAC audio file</string>
			<key>Size</key><integer>9983547</integer>
			<key>Total Time</key><integer>288000</integer>
			<key>Disc Number</key><integer>1</integer>
			<key>Disc Count</key><integer>1</integer>
			<key>Track Number</key><integer>9</integer>
			<key>Track Count</key><integer>10</integer>
			<key>Year</key><integer>2009</integer>
			<key>Date Modified</key><date>2023-09-26T03:39:11Z</date>
			<key>Date Added</key><date>2023-09-26T03:39:11Z</date>
			<key>Bit Rate</key><integer>256</integer>
			<key>Sample Rate</key><integer>44100</integer>
			<key>Play Count</key><integer>6</integer>
			<key>Play Date</key><integer>3783781057</integer>
			<key>Play Date UTC</key><date>2023-11-26T01:17:37Z</date>
			<key>Release Date</key><date>2009-07-28T12:00:00Z</date>
			<key>Loved</key><true/>
			<key>Artwork Count</key><integer>1</integer>
			<key>Sort Album</key><string>Tontons</string>
			<key>Sort Album Artist</key><string>Tontons</string>
			<key>Sort Artist</key><string>Tontons</string>
			<key>Sort Composer</key><string>Tontons</string>
			<key>Sort Name</key><string>Desperados</string>
			<key>Persistent ID</key><string>4430C77607FC0FEF</string>
			<key>Track Type</key><string>Remote</string>
			<key>Apple Music</key><true/>
		</dict>
		<key>11427</key>
		<dict>
			<key>Track ID</key><integer>11427</integer>
			<key>Name</key><string>Kill Bill</string>
			<key>Artist</key><string>SZA</string>
			<key>Album Artist</key><string>SZA</string>
			<key>Composer</key><string>SZA, Rob Bisel &#38; Carter Lang</string>
			<key>Album</key><string>SOS</string>
			<key>Genre</key><string>Music</string>
			<key>Kind</key><string>Apple Music AAC audio file</string>
			<key>Size</key><integer>5623194</integer>
			<key>Total Time</key><integer>153947</integer>
			<key>Disc Number</key><integer>1</integer>
			<key>Disc Count</key><integer>1</integer>
			<key>Track Number</key><integer>2</integer>
			<key>Track Count</key><integer>23</integer>
			<key>Year</key><integer>2022</integer>
			<key>Date Modified</key><date>2023-09-26T03:39:11Z</date>
			<key>Date Added</key><date>2023-09-26T03:39:11Z</date>
			<key>Bit Rate</key><integer>256</integer>
			<key>Sample Rate</key><integer>44100</integer>
			<key>Play Count</key><integer>6</integer>
			<key>Play Date</key><integer>3832807284</integer>
			<key>Play Date UTC</key><date>2025-06-15T10:41:24Z</date>
			<key>Skip Count</key><integer>1</integer>
			<key>Skip Date</key><date>2025-06-06T20:50:40Z</date>
			<key>Release Date</key><date>2022-12-09T12:00:00Z</date>
			<key>Loved</key><true/>
			<key>Artwork Count</key><integer>1</integer>
			<key>Sort Album</key><string>SOS</string>
			<key>Sort Artist</key><string>SZA</string>
			<key>Sort Name</key><string>Kill Bill</string>
			<key>Persistent ID</key><string>3ACEBE21AD28F78A</string>
			<key>Track Type</key><string>Remote</string>
			<key>Apple Music</key><true/>
		</dict>
		<key>11519</key>
		<dict>
			<key>Track ID</key><integer>11519</integer>
			<key>Name</key><string>El Pastor</string>
			<key>Artist</key><string>Delta Sleep</string>
			<key>Album Artist</key><string>Delta Sleep</string>
			<key>Composer</key><string>Delta Sleep</string>
			<key>Album</key><string>Ghost City</string>
			<key>Genre</key><string>Music</string>
			<key>Kind</key><string>Apple Music AAC audio file</string>
			<key>Size</key><integer>11064755</integer>
			<key>Total Time</key><integer>310047</integer>
			<key>Disc Number</key><integer>1</integer>
			<key>Disc Count</key><integer>1</integer>
			<key>Track Number</key><integer>8</integer>
			<key>Track Count</key><integer>11</integer>
			<key>Year</key><integer>2018</integer>
			<key>Date Modified</key><date>2023-09-26T03:39:11Z</date>
			<key>Date Added</key><date>2023-09-26T03:39:11Z</date>
			<key>Bit Rate</key><integer>256</integer>
			<key>Sample Rate</key><integer>44100</integer>
			<key>Comments</key><string>Indigo</string>
			<key>Play Count</key><integer>2</integer>
			<key>Play Date</key><integer>3832582253</integer>
			<key>Play Date UTC</key><date>2025-06-12T20:10:53Z</date>
			<key>Release Date</key><date>2018-08-10T12:00:00Z</date>
			<key>Loved</key><true/>
			<key>Artwork Count</key><integer>1</integer>
			<key>Sort Album</key><string>Ghost City</string>
			<key>Sort Artist</key><string>Delta Sleep</string>
			<key>Sort Name</key><string>El Pastor</string>
			<key>Persistent ID</key><string>2D98993A65D2F868</string>
			<key>Track Type</key><string>Remote</string>
			<key>Apple Music</key><true/>
		</dict>
		<key>11527</key>
		<dict>
			<key>Track ID</key><integer>11527</integer>
			<key>Name</key><string>Always: Your Way</string>
			<key>Artist</key><string>My Vitriol</string>
			<key>Album Artist</key><string>My Vitriol</string>
			<key>Composer</key><string>Som Wardner</string>
			<key>Album</key><string>Finelines</string>
			<key>Genre</key><string>Music</string>
			<key>Kind</key><string>Apple Music AAC audio file</string>
			<key>Size</key><integer>8298903</integer>
			<key>Total Time</key><integer>229107</integer>
			<key>Disc Number</key><integer>1</integer>
			<key>Disc Count</key><integer>1</integer>
			<key>Track Number</key><integer>2</integer>
			<key>Track Count</key><integer>16</integer>
			<key>Year</key><integer>2001</integer>
			<key>Date Modified</key><date>2023-09-26T03:39:11Z</date>
			<key>Date Added</key><date>2023-09-26T03:39:11Z</date>
			<key>Bit Rate</key><integer>256</integer>
			<key>Sample Rate</key><integer>44100</integer>
			<key>Play Count</key><integer>3</integer>
			<key>Play Date</key><integer>3785319171</integer>
			<key>Play Date UTC</key><date>2023-12-13T20:32:51Z</date>
			<key>Release Date</key><date>2001-03-05T12:00:00Z</date>
			<key>Loved</key><true/>
			<key>Artwork Count</key><integer>1</integer>
			<key>Sort Album</key><string>Finelines</string>
			<key>Sort Artist</key><string>My Vitriol</string>
			<key>Sort Name</key><string>Always: Your Way</string>
			<key>Persistent ID</key><string>506E26295E34393B</string>
			<key>Track Type</key><string>Remote</string>
			<key>Apple Music</key><true/>
		</dict>
		<key>11937</key>
		<dict>
			<key>Track ID</key><integer>11937</integer>
			<key>Name</key><string>Fake Fealty</string>
			<key>Artist</key><string>Balmorhea</string>
			<key>Album Artist</key><string>Balmorhea</string>
			<key>Album</key><string>Stranger</string>
			<key>Genre</key><string>Music</string>
			<key>Kind</key><string>Apple Music AAC audio file</string>
			<key>Size</key><integer>10383069</integer>
			<key>Total Time</key><integer>269781</integer>
			<key>Disc Number</key><integer>1</integer>
			<key>Disc Count</key><integer>1</integer>
			<key>Track Number</key><integer>3</integer>
			<key>Track Count</key><integer>10</integer>
			<key>Year</key><integer>2012</integer>
			<key>Date Modified</key><date>2023-09-26T03:39:12Z</date>
			<key>Date Added</key><date>2023-09-26T03:39:12Z</date>
			<key>Bit Rate</key><integer>256</integer>
			<key>Sample Rate</key><integer>44100</integer>
			<key>Comments</key><string>Indigo</string>
			<key>Play Count</key><integer>3</integer>
			<key>Play Date</key><integer>3780321476</integer>
			<key>Play Date UTC</key><date>2023-10-16T23:17:56Z</date>
			<key>Skip Count</key><integer>1</integer>
			<key>Skip Date</key><date>2023-10-25T14:23:01Z</date>
			<key>Release Date</key><date>2012-10-01T12:00:00Z</date>
			<key>Loved</key><true/>
			<key>Artwork Count</key><integer>1</integer>
			<key>Sort Album</key><string>Stranger</string>
			<key>Sort Artist</key><string>Balmorhea</string>
			<key>Sort Name</key><string>Fake Fealty</string>
			<key>Persistent ID</key><string>2AFFFBC08E5E3BA9</string>
			<key>Track Type</key><string>Remote</string>
			<key>Apple Music</key><true/>
		</dict>
		<key>11963</key>
		<dict>
			<key>Track ID</key><integer>11963</integer>
			<key>Name</key><string>Somebody to Love</string>
			<key>Artist</key><string>Queen</string>
			<key>Album Artist</key><string>Queen</string>
			<key>Composer</key><string>Freddie Mercury</string>
			<key>Album</key><string>A Day at the Races</string>
			<key>Genre</key><string>Music</string>
			<key>Kind</key><string>Apple Music AAC audio file</string>
			<key>Size</key><integer>10884106</integer>
			<key>Total Time</key><integer>298933</integer>
			<key>Disc Number</key><integer>1</integer>
			<key>Disc Count</key><integer>1</integer>
			<key>Track Number</key><integer>6</integer>
			<key>Track Count</key><integer>10</integer>
			<key>Year</key><integer>1976</integer>
			<key>Date Modified</key><date>2023-09-26T03:39:12Z</date>
			<key>Date Added</key><date>2023-09-26T03:39:12Z</date>
			<key>Bit Rate</key><integer>256</integer>
			<key>Sample Rate</key><integer>44100</integer>
			<key>Play Count</key><integer>3</integer>
			<key>Play Date</key><integer>3799220984</integer>
			<key>Play Date UTC</key><date>2024-05-22T17:09:44Z</date>
			<key>Release Date</key><date>1976-11-12T12:00:00Z</date>
			<key>Loved</key><true/>
			<key>Artwork Count</key><integer>1</integer>
			<key>Sort Album</key><string>Day at the Races</string>
			<key>Sort Artist</key><string>Queen</string>
			<key>Sort Name</key><string>Somebody to Love</string>
			<key>Persistent ID</key><string>F8E4AC0C10AE5692</string>
			<key>Track Type</key><string>Remote</string>
			<key>Apple Music</key><true/>
		</dict>
		<key>11975</key>
		<dict>
			<key>Track ID</key><integer>11975</integer>
			<key>Name</key><string>The Loneliest Time (feat. Rufus Wainwright)</string>
			<key>Artist</key><string>Carly Rae Jepsen</string>
			<key>Album Artist</key><string>Carly Rae Jepsen</string>
			<key>Composer</key><string>Carly Rae Jepsen, Kyle Shearer &#38; Nate Cyphert</string>
			<key>Album</key><string>The Loneliest Time</string>
			<key>Genre</key><string>Music</string>
			<key>Kind</key><string>Apple Music AAC audio file</string>
			<key>Size</key><integer>9589588</integer>
			<key>Total Time</key><integer>274507</integer>
			<key>Disc Number</key><integer>1</integer>
			<key>Disc Count</key><integer>1</integer>
			<key>Track Number</key><integer>13</integer>
			<key>Track Count</key><integer>16</integer>
			<key>Year</key><integer>2022</integer>
			<key>Date Modified</key><date>2023-09-26T03:39:12Z</date>
			<key>Date Added</key><date>2023-09-26T03:39:12Z</date>
			<key>Bit Rate</key><integer>256</integer>
			<key>Sample Rate</key><integer>44100</integer>
			<key>Comments</key><string>Yellow</string>
			<key>Play Count</key><integer>2</integer>
			<key>Play Date</key><integer>3832126389</integer>
			<key>Play Date UTC</key><date>2025-06-07T13:33:09Z</date>
			<key>Release Date</key><date>2022-10-07T12:00:00Z</date>
			<key>Loved</key><true/>
			<key>Artwork Count</key><integer>1</integer>
			<key>Sort Album</key><string>Loneliest Time</string>
			<key>Sort Artist</key><string>Carly Rae Jepsen</string>
			<key>Sort Name</key><string>Loneliest Time (feat. Rufus Wainwright)</string>
			<key>Persistent ID</key><string>87C06280D9E4223E</string>
			<key>Track Type</key><string>Remote</string>
			<key>Apple Music</key><true/>
		</dict>
		<key>12013</key>
		<dict>
			<key>Track ID</key><integer>12013</integer>
			<key>Name</key><string>Don't Go Breaking My Heart</string>
			<key>Artist</key><string>Elton John &#38; Kiki Dee</string>
			<key>Album Artist</key><string>Elton John</string>
			<key>Composer</key><string>Elton John &#38; Bernie Taupin</string>
			<key>Album</key><string>Rock of the Westies (Remastered)</string>
			<key>Genre</key><string>Music</string>
			<key>Kind</key><string>Apple Music AAC audio file</string>
			<key>Size</key><integer>10523949</integer>
			<key>Total Time</key><integer>275440</integer>
			<key>Disc Number</key><integer>1</integer>
			<key>Disc Count</key><integer>1</integer>
			<key>Track Number</key><integer>10</integer>
			<key>Track Count</key><integer>10</integer>
			<key>Year</key><integer>1975</integer>
			<key>Date Modified</key><date>2023-09-26T04:08:59Z</date>
			<key>Date Added</key><date>2023-09-26T04:08:59Z</date>
			<key>Bit Rate</key><integer>256</integer>
			<key>Sample Rate</key><integer>44100</integer>
			<key>Play Count</key><integer>4</integer>
			<key>Play Date</key><integer>3817637366</integer>
			<key>Play Date UTC</key><date>2024-12-21T21:49:26Z</date>
			<key>Release Date</key><date>1975-10-24T07:00:00Z</date>
			<key>Loved</key><true/>
			<key>Artwork Count</key><integer>1</integer>
			<key>Sort Album</key><string>Rock of the Westies (Remastered)</string>
			<key>Sort Artist</key><string>Elton John &#38; Kiki Dee</string>
			<key>Sort Name</key><string>Don't Go Breaking My Heart</string>
			<key>Persistent ID</key><string>A4439D5512709FBD</string>
			<key>Track Type</key><string>Remote</string>
			<key>Apple Music</key><true/>
		</dict>
		<key>12025</key>
		<dict>
			<key>Track ID</key><integer>12025</integer>
			<key>Name</key><string>Stamping Ground (Instrumental)</string>
			<key>Artist</key><string>Moondog</string>
			<key>Album Artist</key><string>Moondog</string>
			<key>Composer</key><string>Louis Thomas Hardin</string>
			<key>Album</key><string>Moondog</string>
			<key>Genre</key><string>Music</string>
			<key>Kind</key><string>Apple Music AAC audio file</string>
			<key>Size</key><integer>5251119</integer>
			<key>Total Time</key><integer>136557</integer>
			<key>Disc Number</key><integer>1</integer>
			<key>Disc Count</key><integer>1</integer>
			<key>Track Number</key><integer>2</integer>
			<key>Track Count</key><integer>8</integer>
			<key>Year</key><integer>1969</integer>
			<key>Date Modified</key><date>2023-09-26T04:08:59Z</date>
			<key>Date Added</key><date>2023-09-26T04:08:59Z</date>
			<key>Bit Rate</key><integer>256</integer>
			<key>Sample Rate</key><integer>44100</integer>
			<key>Play Count</key><integer>2</integer>
			<key>Play Date</key><integer>3781067912</integer>
			<key>Play Date UTC</key><date>2023-10-25T14:38:32Z</date>
			<key>Release Date</key><date>1969-01-01T12:00:00Z</date>
			<key>Loved</key><true/>
			<key>Artwork Count</key><integer>1</integer>
			<key>Sort Album</key><string>Moondog</string>
			<key>Sort Artist</key><string>Moondog</string>
			<key>Sort Name</key><string>Stamping Ground (Instrumental)</string>
			<key>Persistent ID</key><string>0B322F2BBC54CCC9</string>
			<key>Track Type</key><string>Remote</string>
			<key>Apple Music</key><true/>
		</dict>
		<key>12093</key>
		<dict>
			<key>Track ID</key><integer>12093</integer>
			<key>Name</key><string>Satemo Appare Yume-Zakura</string>
			<key>Artist</key><string>Mioko Yamaguchi</string>
			<key>Album Artist</key><string>Mioko Yamaguchi</string>
			<key>Composer</key><string>Mioko Yamaguchi</string>
			<key>Album</key><string>Tsuki-Hime</string>
			<key>Genre</key><string>Music</string>
			<key>Kind</key><string>Apple Music AAC audio file</string>
			<key>Size</key><integer>9385755</integer>
			<key>Total Time</key><integer>244347</integer>
			<key>Disc Number</key><integer>1</integer>
			<key>Disc Count</key><integer>1</integer>
			<key>Track Number</key><integer>7</integer>
			<key>Track Count</key><integer>8</integer>
			<key>Year</key><integer>1983</integer>
			<key>Date Modified</key><date>2023-09-26T04:08:59Z</date>
			<key>Date Added</key><date>2023-09-26T04:08:59Z</date>
			<key>Bit Rate</key><integer>256</integer>
			<key>Sample Rate</key><integer>44100</integer>
			<key>Play Count</key><integer>2</integer>
			<key>Play Date</key><integer>3781065360</integer>
			<key>Play Date UTC</key><date>2023-10-25T13:56:00Z</date>
			<key>Release Date</key><date>1983-03-21T12:00:00Z</date>
			<key>Loved</key><true/>
			<key>Artwork Count</key><integer>1</integer>
			<key>Sort Album</key><string>Tsuki-Hime</string>
			<key>Sort Artist</key><string>Mioko Yamaguchi</string>
			<key>Sort Name</key><string>Satemo Appare Yume-Zakura</string>
			<key>Persistent ID</key><string>BA7A16B1B27D0C69</string>
			<key>Track Type</key><string>Remote</string>
			<key>Apple Music</key><true/>
		</dict>
		<key>12183</key>
		<dict>
			<key>Track ID</key><integer>12183</integer>
			<key>Name</key><string>Arrival</string>
			<key>Artist</key><string>Parannoul</string>
			<key>Album Artist</key><string>Parannoul</string>
			<key>Composer</key><string>Parannoul</string>
			<key>Album</key><string>After the Magic</string>
			<key>Genre</key><string>Music</string>
			<key>Kind</key><string>Apple Music AAC audio file</string>
			<key>Size</key><integer>16624743</integer>
			<key>Total Time</key><integer>464527</integer>
			<key>Disc Number</key><integer>1</integer>
			<key>Disc Count</key><integer>1</integer>
			<key>Track Number</key><integer>3</integer>
			<key>Track Count</key><integer>10</integer>
			<key>Year</key><integer>2023</integer>
			<key>Date Modified</key><date>2023-09-26T04:08:59Z</date>
			<key>Date Added</key><date>2023-09-26T04:08:59Z</date>
			<key>Bit Rate</key><integer>256</integer>
			<key>Sample Rate</key><integer>44100</integer>
			<key>Play Count</key><integer>2</integer>
			<key>Play Date</key><integer>3785318844</integer>
			<key>Play Date UTC</key><date>2023-12-13T20:27:24Z</date>
			<key>Release Date</key><date>2023-01-28T12:00:00Z</date>
			<key>Loved</key><true/>
			<key>Artwork Count</key><integer>1</integer>
			<key>Sort Album</key><string>After the Magic</string>
			<key>Sort Artist</key><string>Parannoul</string>
			<key>Sort Name</key><string>Arrival</string>
			<key>Persistent ID</key><string>80E337285599E1E7</string>
			<key>Track Type</key><string>Remote</string>
			<key>Apple Music</key><true/>
		</dict>
		<key>12235</key>
		<dict>
			<key>Track ID</key><integer>12235</integer>
			<key>Name</key><string>The Universal</string>
			<key>Artist</key><string>Blur</string>
			<key>Album Artist</key><string>Blur</string>
			<key>Composer</key><string>Alex James, Damon Albarn, Dave Rowntree &#38; Graham Coxon</string>
			<key>Album</key><string>The Great Escape</string>
			<key>Genre</key><string>Music</string>
			<key>Kind</key><string>Apple Music AAC audio file</string>
			<key>Size</key><integer>9420870</integer>
			<key>Total Time</key><integer>238520</integer>
			<key>Disc Number</key><integer>1</integer>
			<key>Disc Count</key><integer>1</integer>
			<key>Track Number</key><integer>7</integer>
			<key>Track Count</key><integer>15</integer>
			<key>Year</key><integer>1995</integer>
			<key>Date Modified</key><date>2023-09-26T04:08:59Z</date>
			<key>Date Added</key><date>2023-09-26T04:08:59Z</date>
			<key>Bit Rate</key><integer>256</integer>
			<key>Sample Rate</key><integer>44100</integer>
			<key>Play Count</key><integer>6</integer>
			<key>Play Date</key><integer>3822480445</integer>
			<key>Play Date UTC</key><date>2025-02-15T23:07:25Z</date>
			<key>Release Date</key><date>1995-09-11T12:00:00Z</date>
			<key>Loved</key><true/>
			<key>Artwork Count</key><integer>1</integer>
			<key>Sort Album</key><string>Great Escape</string>
			<key>Sort Artist</key><string>Blur</string>
			<key>Sort Name</key><string>Universal</string>
			<key>Persistent ID</key><string>9C3B4AF02D6C6C79</string>
			<key>Track Type</key><string>Remote</string>
			<key>Apple Music</key><true/>
		</dict>
		<key>12271</key>
		<dict>
			<key>Track ID</key><integer>12271</integer>
			<key>Name</key><string>Bonny</string>
			<key>Artist</key><string>Prefab Sprout</string>
			<key>Album Artist</key><string>Prefab Sprout</string>
			<key>Composer</key><string>Paddy McAloon</string>
			<key>Album</key><string>Steve McQueen (Legacy Edition)</string>
			<key>Genre</key><string>Music</string>
			<key>Kind</key><string>Apple Music AAC audio file</string>
			<key>Size</key><integer>8558185</integer>
			<key>Total Time</key><integer>226373</integer>
			<key>Disc Number</key><integer>1</integer>
			<key>Disc Count</key><integer>1</integer>
			<key>Track Number</key><integer>2</integer>
			<key>Track Count</key><integer>22</integer>
			<key>Year</key><integer>1985</integer>
			<key>Date Modified</key><date>2023-09-26T04:08:59Z</date>
			<key>Date Added</key><date>2023-09-26T04:08:59Z</date>
			<key>Bit Rate</key><integer>256</integer>
			<key>Sample Rate</key><integer>44100</integer>
			<key>Play Count</key><integer>8</integer>
			<key>Play Date</key><integer>3834496776</integer>
			<key>Play Date UTC</key><date>2025-07-04T23:59:36Z</date>
			<key>Release Date</key><date>1985-06-22T07:00:00Z</date>
			<key>Loved</key><true/>
			<key>Artwork Count</key><integer>1</integer>
			<key>Sort Album</key><string>Steve McQueen (Legacy Edition)</string>
			<key>Sort Artist</key><string>Prefab Sprout</string>
			<key>Sort Name</key><string>Bonny</string>
			<key>Persistent ID</key><string>09A5F69CB14AD3A5</string>
			<key>Track Type</key><string>Remote</string>
			<key>Apple Music</key><true/>
		</dict>
		<key>12329</key>
		<dict>
			<key>Track ID</key><integer>12329</integer>
			<key>Name</key><string>Pain (Remastered)</string>
			<key>Artist</key><string>Boy Harsher</string>
			<key>Album Artist</key><string>Boy Harsher</string>
			<key>Composer</key><string>Augustus Muller</string>
			<key>Album</key><string>Lesser Man (Extended Version)</string>
			<key>Genre</key><string>Music</string>
			<key>Kind</key><string>Apple Music AAC audio file</string>
			<key>Size</key><integer>15187040</integer>
			<key>Total Time</key><integer>437902</integer>
			<key>Disc Number</key><integer>1</integer>
			<key>Disc Count</key><integer>1</integer>
			<key>Track Number</key><integer>3</integer>
			<key>Track Count</key><integer>9</integer>
			<key>Year</key><integer>2017</integer>
			<key>Date Modified</key><date>2023-09-26T04:08:59Z</date>
			<key>Date Added</key><date>2023-09-26T04:08:59Z</date>
			<key>Bit Rate</key><integer>256</integer>
			<key>Sample Rate</key><integer>44100</integer>
			<key>Part Of Gapless Album</key><true/>
			<key>Play Count</key><integer>3</integer>
			<key>Play Date</key><integer>3781090461</integer>
			<key>Play Date UTC</key><date>2023-10-25T20:54:21Z</date>
			<key>Release Date</key><date>2017-11-24T12:00:00Z</date>
			<key>Loved</key><true/>
			<key>Artwork Count</key><integer>1</integer>
			<key>Sort Album</key><string>Lesser Man (Extended Version)</string>
			<key>Sort Artist</key><string>Boy Harsher</string>
			<key>Sort Name</key><string>Pain (Remastered)</string>
			<key>Persistent ID</key><string>F1B99E63858B06B6</string>
			<key>Track Type</key><string>Remote</string>
			<key>Apple Music</key><true/>
		</dict>
		<key>12335</key>
		<dict>
			<key>Track ID</key><integer>12335</integer>
			<key>Name</key><string>Falling Down</string>
			<key>Artist</key><string>Tears for Fears</string>
			<key>Album Artist</key><string>Tears for Fears</string>
			<key>Composer</key><string>Roland Orzabal</string>
			<key>Album</key><string>Raoul and the Kings of Spain</string>
			<key>Genre</key><string>Music</string>
			<key>Kind</key><string>Apple Music AAC audio file</string>
			<key>Size</key><integer>10380275</integer>
			<key>Total Time</key><integer>295960</integer>
			<key>Disc Number</key><integer>1</integer>
			<key>Disc Count</key><integer>1</integer>
			<key>Track Number</key><integer>2</integer>
			<key>Track Count</key><integer>20</integer>
			<key>Year</key><integer>1995</integer>
			<key>Date Modified</key><date>2023-09-26T04:08:59Z</date>
			<key>Date Added</key><date>2023-09-26T04:08:59Z</date>
			<key>Bit Rate</key><integer>256</integer>
			<key>Sample Rate</key><integer>44100</integer>
			<key>Play Count</key><integer>7</integer>
			<key>Play Date</key><integer>3826623572</integer>
			<key>Play Date UTC</key><date>2025-04-04T20:59:32Z</date>
			<key>Skip Count</key><integer>1</integer>
			<key>Skip Date</key><date>2023-11-26T01:33:16Z</date>
			<key>Release Date</key><date>1995-10-04T12:00:00Z</date>
			<key>Loved</key><true/>
			<key>Artwork Count</key><integer>1</integer>
			<key>Sort Album</key><string>Raoul and the Kings of Spain (Expanded Edition)</string>
			<key>Sort Artist</key><string>Tears for Fears</string>
			<key>Sort Name</key><string>Falling Down</string>
			<key>Persistent ID</key><string>6CCE86CAB96AEB68</string>
			<key>Track Type</key><string>Remote</string>
			<key>Apple Music</key><true/>
		</dict>
		<key>12347</key>
		<dict>
			<key>Track ID</key><integer>12347</integer>
			<key>Name</key><string>Power Trip (feat. Miguel)</string>
			<key>Artist</key><string>J. Cole</string>
			<key>Album Artist</key><string>J. Cole</string>
			<key>Composer</key><string>J. Cole &#38; Hubert Laws</string>
			<key>Album</key><string>Born Sinner (Deluxe Version)</string>
			<key>Genre</key><string>Music</string>
			<key>Kind</key><string>Apple Music AAC audio file</string>
			<key>Size</key><integer>8560781</integer>
			<key>Total Time</key><integer>241160</integer>
			<key>Disc Number</key><integer>1</integer>
			<key>Disc Count</key><integer>1</integer>
			<key>Track Number</key><integer>4</integer>
			<key>Track Count</key><integer>21</integer>
			<key>Year</key><integer>2013</integer>
			<key>Date Modified</key><date>2023-09-26T04:08:59Z</date>
			<key>Date Added</key><date>2023-09-26T04:08:59Z</date>
			<key>Bit Rate</key><integer>256</integer>
			<key>Sample Rate</key><integer>44100</integer>
			<key>Play Count</key><integer>3</integer>
			<key>Play Date</key><integer>3795443537</integer>
			<key>Play Date UTC</key><date>2024-04-08T23:52:17Z</date>
			<key>Release Date</key><date>2013-02-14T12:00:00Z</date>
			<key>Loved</key><true/>
			<key>Artwork Count</key><integer>1</integer>
			<key>Sort Album</key><string>Born Sinner (Deluxe Version)</string>
			<key>Sort Artist</key><string>J. Cole</string>
			<key>Sort Name</key><string>Power Trip (feat. Miguel)</string>
			<key>Persistent ID</key><string>9D843C90BC24869F</string>
			<key>Explicit</key><true/>
			<key>Track Type</key><string>Remote</string>
			<key>Apple Music</key><true/>
		</dict>
		<key>12363</key>
		<dict>
			<key>Track ID</key><integer>12363</integer>
			<key>Name</key><string>New Generation (2012 Remastered)</string>
			<key>Artist</key><string>Akina Nakamori</string>
			<key>Album Artist</key><string>Akina Nakamori</string>
			<key>Composer</key><string>Eurox</string>
			<key>Album</key><string>Fushigi (2012 Remaster)</string>
			<key>Genre</key><string>Music</string>
			<key>Kind</key><string>Apple Music AAC audio file</string>
			<key>Size</key><integer>8419635</integer>
			<key>Total Time</key><integer>239480</integer>
			<key>Disc Number</key><integer>1</integer>
			<key>Disc Count</key><integer>1</integer>
			<key>Track Number</key><integer>2</integer>
			<key>Track Count</key><integer>10</integer>
			<key>Year</key><integer>1986</integer>
			<key>Date Modified</key><date>2023-09-26T04:08:59Z</date>
			<key>Date Added</key><date>2023-09-26T04:08:59Z</date>
			<key>Bit Rate</key><integer>256</integer>
			<key>Sample Rate</key><integer>44100</integer>
			<key>Play Count</key><integer>2</integer>
			<key>Play Date</key><integer>3780892825</integer>
			<key>Play Date UTC</key><date>2023-10-23T14:00:25Z</date>
			<key>Release Date</key><date>1986-08-11T12:00:00Z</date>
			<key>Loved</key><true/>
			<key>Artwork Count</key><integer>1</integer>
			<key>Sort Album</key><string>Fushigi (2012 Remaster)</string>
			<key>Sort Artist</key><string>Akina Nakamori</string>
			<key>Sort Name</key><string>New Generation (2012 Remastered)</string>
			<key>Persistent ID</key><string>25E6FD1E64D447E5</string>
			<key>Track Type</key><string>Remote</string>
			<key>Apple Music</key><true/>
		</dict>
		<key>12375</key>
		<dict>
			<key>Track ID</key><integer>12375</integer>
			<key>Name</key><string>Glass World</string>
			<key>Artist</key><string>Citizen</string>
			<key>Album Artist</key><string>Citizen</string>
			<key>Composer</key><string>Citizen</string>
			<key>Album</key><string>Life In Your Glass World</string>
			<key>Genre</key><string>Music</string>
			<key>Kind</key><string>Apple Music AAC audio file</string>
			<key>Size</key><integer>7498247</integer>
			<key>Total Time</key><integer>204973</integer>
			<key>Disc Number</key><integer>1</integer>
			<key>Disc Count</key><integer>1</integer>
			<key>Track Number</key><integer>9</integer>
			<key>Track Count</key><integer>11</integer>
			<key>Year</key><integer>2021</integer>
			<key>Date Modified</key><date>2023-09-26T04:08:59Z</date>
			<key>Date Added</key><date>2023-09-26T04:08:59Z</date>
			<key>Bit Rate</key><integer>256</integer>
			<key>Sample Rate</key><integer>44100</integer>
			<key>Comments</key><string>Blue</string>
			<key>Play Count</key><integer>2</integer>
			<key>Play Date</key><integer>3817638989</integer>
			<key>Play Date UTC</key><date>2024-12-21T22:16:29Z</date>
			<key>Skip Count</key><integer>1</integer>
			<key>Skip Date</key><date>2025-06-12T17:47:30Z</date>
			<key>Release Date</key><date>2021-03-26T12:00:00Z</date>
			<key>Loved</key><true/>
			<key>Artwork Count</key><integer>1</integer>
			<key>Sort Album</key><string>Life In Your Glass World</string>
			<key>Sort Artist</key><string>Citizen</string>
			<key>Sort Name</key><string>Glass World</string>
			<key>Persistent ID</key><string>CED9FE0F7C085D2A</string>
			<key>Track Type</key><string>Remote</string>
			<key>Apple Music</key><true/>
		</dict>
		<key>12475</key>
		<dict>
			<key>Track ID</key><integer>12475</integer>
			<key>Name</key><string>Teenage Dirtbag</string>
			<key>Artist</key><string>Wheatus</string>
			<key>Album Artist</key><string>Wheatus</string>
			<key>Composer</key><string>Brendan Brown</string>
			<key>Album</key><string>Wheatus</string>
			<key>Genre</key><string>Music</string>
			<key>Kind</key><string>Apple Music AAC audio file</string>
			<key>Size</key><integer>9317819</integer>
			<key>Total Time</key><integer>241667</integer>
			<key>Disc Number</key><integer>1</integer>
			<key>Disc Count</key><integer>1</integer>
			<key>Track Number</key><integer>3</integer>
			<key>Track Count</key><integer>10</integer>
			<key>Year</key><integer>2000</integer>
			<key>Date Modified</key><date>2023-09-26T04:10:44Z</date>
			<key>Date Added</key><date>2023-09-26T04:10:44Z</date>
			<key>Bit Rate</key><integer>256</integer>
			<key>Sample Rate</key><integer>44100</integer>
			<key>Play Count</key><integer>4</integer>
			<key>Play Date</key><integer>3817626311</integer>
			<key>Play Date UTC</key><date>2024-12-21T18:45:11Z</date>
			<key>Release Date</key><date>2000-06-20T07:00:00Z</date>
			<key>Loved</key><true/>
			<key>Artwork Count</key><integer>1</integer>
			<key>Sort Album</key><string>Wheatus</string>
			<key>Sort Artist</key><string>Wheatus</string>
			<key>Sort Name</key><string>Teenage Dirtbag</string>
			<key>Persistent ID</key><string>7220F1550CC26ABF</string>
			<key>Track Type</key><string>Remote</string>
			<key>Apple Music</key><true/>
		</dict>
		<key>12477</key>
		<dict>
			<key>Track ID</key><integer>12477</integer>
			<key>Name</key><string>Wasurerarenaino</string>
			<key>Artist</key><string>sakanaction</string>
			<key>Album Artist</key><string>sakanaction</string>
			<key>Composer</key><string>Yamaguchi Ichiro</string>
			<key>Album</key><string>834.194</string>
			<key>Genre</key><string>Music</string>
			<key>Kind</key><string>Apple Music AAC audio file</string>
			<key>Size</key><integer>8746723</integer>
			<key>Total Time</key><integer>238000</integer>
			<key>Disc Number</key><integer>1</integer>
			<key>Disc Count</key><integer>2</integer>
			<key>Track Number</key><integer>1</integer>
			<key>Track Count</key><integer>9</integer>
			<key>Year</key><integer>2019</integer>
			<key>Date Modified</key><date>2023-09-26T04:10:44Z</date>
			<key>Date Added</key><date>2023-09-26T04:10:44Z</date>
			<key>Bit Rate</key><integer>256</integer>
			<key>Sample Rate</key><integer>44100</integer>
			<key>Play Count</key><integer>3</integer>
			<key>Play Date</key><integer>3783859955</integer>
			<key>Play Date UTC</key><date>2023-11-26T23:12:35Z</date>
			<key>Skip Count</key><integer>1</integer>
			<key>Skip Date</key><date>2024-05-02T04:37:23Z</date>
			<key>Release Date</key><date>2019-06-19T12:00:00Z</date>
			<key>Loved</key><true/>
			<key>Artwork Count</key><integer>1</integer>
			<key>Sort Album</key><string>834.194</string>
			<key>Sort Artist</key><string>sakanaction</string>
			<key>Sort Name</key><string>Wasurerarenaino</string>
			<key>Persistent ID</key><string>3B2EA29A19D4D8B7</string>
			<key>Track Type</key><string>Remote</string>
			<key>Apple Music</key><true/>
		</dict>
		<key>12483</key>
		<dict>
			<key>Track ID</key><integer>12483</integer>
			<key>Name</key><string>Genesis</string>
			<key>Artist</key><string>Grimes</string>
			<key>Album Artist</key><string>Grimes</string>
			<key>Composer</key><string>Grimes</string>
			<key>Album</key><string>Visions</string>
			<key>Genre</key><string>Music</string>
			<key>Kind</key><string>Apple Music AAC audio file</string>
			<key>Size</key><integer>9022070</integer>
			<key>Total Time</key><integer>255320</integer>
			<key>Disc Number</key><integer>1</integer>
			<key>Disc Count</key><integer>1</integer>
			<key>Track Number</key><integer>2</integer>
			<key>Track Count</key><integer>14</integer>
			<key>Year</key><integer>2012</integer>
			<key>Date Modified</key><date>2023-09-26T04:10:44Z</date>
			<key>Date Added</key><date>2023-09-26T04:10:44Z</date>
			<key>Bit Rate</key><integer>256</integer>
			<key>Sample Rate</key><integer>44100</integer>
			<key>Play Count</key><integer>5</integer>
			<key>Play Date</key><integer>3783762105</integer>
			<key>Play Date UTC</key><date>2023-11-25T20:01:45Z</date>
			<key>Release Date</key><date>2012-01-09T08:00:00Z</date>
			<key>Loved</key><true/>
			<key>Artwork Count</key><integer>1</integer>
			<key>Sort Album</key><string>Visions</string>
			<key>Sort Artist</key><string>Grimes</string>
			<key>Sort Name</key><string>Genesis</string>
			<key>Persistent ID</key><string>6C7276918C7CF18E</string>
			<key>Track Type</key><string>Remote</string>
			<key>Apple Music</key><true/>
		</dict>
		<key>12493</key>
		<dict>
			<key>Track ID</key><integer>12493</integer>
			<key>Name</key><string>I Got 5 On It (feat. Michael Marshall)</string>
			<key>Artist</key><string>Luniz</string>
			<key>Album Artist</key><string>Luniz</string>
			<key>Composer</key><string>Garrick Husbands, Jerold P. Ellis Jr., Donald Boyce, Richard Westfield, Dennis Thomas, George Brown, Thomas McElroy, Denzil Foster, Jay King, Ronald Bell, Robert Mickens, Anthony Gilmour, Claydes Smith &#38; Robert Bell</string>
			<key>Album</key><string>Operation Stackola</string>
			<key>Genre</key><string>Music</string>
			<key>Kind</key><string>Apple Music AAC audio file</string>
			<key>Size</key><integer>9015262</integer>
			<key>Total Time</key><integer>253533</integer>
			<key>Disc Number</key><integer>1</integer>
			<key>Disc Count</key><integer>1</integer>
			<key>Track Number</key><integer>3</integer>
			<key>Track Count</key><integer>16</integer>
			<key>Year</key><integer>1995</integer>
			<key>Date Modified</key><date>2023-09-26T04:10:44Z</date>
			<key>Date Added</key><date>2023-09-26T04:10:44Z</date>
			<key>Bit Rate</key><integer>256</integer>
			<key>Sample Rate</key><integer>44100</integer>
			<key>Play Count</key><integer>2</integer>
			<key>Play Date</key><integer>3795867565</integer>
			<key>Play Date UTC</key><date>2024-04-13T21:39:25Z</date>
			<key>Release Date</key><date>1995-05-23T07:00:00Z</date>
			<key>Loved</key><true/>
			<key>Artwork Count</key><integer>1</integer>
			<key>Sort Album</key><string>Operation Stackola</string>
			<key>Sort Artist</key><string>Luniz</string>
			<key>Sort Name</key><string>I Got 5 On It (feat. Michael Marshall)</string>
			<key>Persistent ID</key><string>24DD73FB1B6D8845</string>
			<key>Track Type</key><string>Remote</string>
			<key>Apple Music</key><true/>
		</dict>
		<key>12523</key>
		<dict>
			<key>Track ID</key><integer>12523</integer>
			<key>Name</key><string>Not Allowed</string>
			<key>Artist</key><string>TV Girl</string>
			<key>Album Artist</key><string>TV Girl</string>
			<key>Composer</key><string>Bradley Robert Petering, Jane Guskin, Cammie Toloui, Kate Razo &#38; Joyce Jimenez</string>
			<key>Album</key><string>Who Really Cares</string>
			<key>Genre</key><string>Music</string>
			<key>Kind</key><string>Apple Music AAC audio file</string>
			<key>Size</key><integer>6128124</integer>
			<key>Total Time</key><integer>167864</integer>
			<key>Disc Number</key><integer>1</integer>
			<key>Disc Count</key><integer>1</integer>
			<key>Track Number</key><integer>5</integer>
			<key>Track Count</key><integer>10</integer>
			<key>Year</key><integer>2016</integer>
			<key>Date Modified</key><date>2023-09-26T04:10:44Z</date>
			<key>Date Added</key><date>2023-09-26T04:10:44Z</date>
			<key>Bit Rate</key><integer>256</integer>
			<key>Sample Rate</key><integer>44100</integer>
			<key>Play Count</key><integer>2</integer>
			<key>Play Date</key><integer>3781065783</integer>
			<key>Play Date UTC</key><date>2023-10-25T14:03:03Z</date>
			<key>Release Date</key><date>2016-02-26T08:00:00Z</date>
			<key>Loved</key><true/>
			<key>Artwork Count</key><integer>1</integer>
			<key>Sort Album</key><string>Who Really Cares</string>
			<key>Sort Artist</key><string>TV Girl</string>
			<key>Sort Name</key><string>Not Allowed</string>
			<key>Persistent ID</key><string>E6120017E9921AD5</string>
			<key>Explicit</key><true/>
			<key>Track Type</key><string>Remote</string>
			<key>Apple Music</key><true/>
		</dict>
		<key>12547</key>
		<dict>
			<key>Track ID</key><integer>12547</integer>
			<key>Name</key><string>Glass, Concrete and Stone</string>
			<key>Artist</key><string>David Byrne</string>
			<key>Album Artist</key><string>David Byrne</string>
			<key>Composer</key><string>David Byrne</string>
			<key>Album</key><string>Grown Backwards</string>
			<key>Genre</key><string>Music</string>
			<key>Kind</key><string>Apple Music AAC audio file</string>
			<key>Size</key><integer>9148240</integer>
			<key>Total Time</key><integer>253600</integer>
			<key>Disc Number</key><integer>1</integer>
			<key>Disc Count</key><integer>1</integer>
			<key>Track Number</key><integer>1</integer>
			<key>Track Count</key><integer>15</integer>
			<key>Year</key><integer>2002</integer>
			<key>Date Modified</key><date>2023-09-26T04:10:44Z</date>
			<key>Date Added</key><date>2023-09-26T04:10:44Z</date>
			<key>Bit Rate</key><integer>256</integer>
			<key>Sample Rate</key><integer>44100</integer>
			<key>Play Count</key><integer>11</integer>
			<key>Play Date</key><integer>3815907737</integer>
			<key>Play Date UTC</key><date>2024-12-01T21:22:17Z</date>
			<key>Release Date</key><date>2002-07-31T12:00:00Z</date>
			<key>Loved</key><true/>
			<key>Artwork Count</key><integer>1</integer>
			<key>Sort Album</key><string>Grown Backwards</string>
			<key>Sort Artist</key><string>David Byrne</string>
			<key>Sort Name</key><string>Glass, Concrete and Stone</string>
			<key>Persistent ID</key><string>C110FF5C130D1241</string>
			<key>Track Type</key><string>Remote</string>
			<key>Apple Music</key><true/>
		</dict>
		<key>12557</key>
		<dict>
			<key>Track ID</key><integer>12557</integer>
			<key>Name</key><string>Overtime</string>
			<key>Artist</key><string>Zach Bryan</string>
			<key>Album Artist</key><string>Zach Bryan</string>
			<key>Composer</key><string>Zach Bryan</string>
			<key>Album</key><string>Zach Bryan</string>
			<key>Genre</key><string>Music</string>
			<key>Kind</key><string>Apple Music AAC audio file</string>
			<key>Size</key><integer>6894230</integer>
			<key>Total Time</key><integer>190947</integer>
			<key>Disc Number</key><integer>1</integer>
			<key>Disc Count</key><integer>1</integer>
			<key>Track Number</key><integer>2</integer>
			<key>Track Count</key><integer>16</integer>
			<key>Year</key><integer>2023</integer>
			<key>Date Modified</key><date>2023-09-26T04:10:44Z</date>
			<key>Date Added</key><date>2023-09-26T04:10:44Z</date>
			<key>Bit Rate</key><integer>256</integer>
			<key>Sample Rate</key><integer>44100</integer>
			<key>Play Count</key><integer>6</integer>
			<key>Play Date</key><integer>3817623245</integer>
			<key>Play Date UTC</key><date>2024-12-21T17:54:05Z</date>
			<key>Release Date</key><date>2023-01-27T12:00:00Z</date>
			<key>Loved</key><true/>
			<key>Artwork Count</key><integer>1</integer>
			<key>Sort Artist</key><string>Zach Bryan</string>
			<key>Sort Name</key><string>Overtime</string>
			<key>Persistent ID</key><string>14362FA11E216C40</string>
			<key>Explicit</key><true/>
			<key>Track Type</key><string>Remote</string>
			<key>Apple Music</key><true/>
		</dict>
		<key>12649</key>
		<dict>
			<key>Track ID</key><integer>12649</integer>
			<key>Name</key><string>Employees Only (with GōsutoMall)</string>
			<key>Artist</key><string>猫 シ Corp.</string>
			<key>Album Artist</key><string>猫 シ Corp.</string>
			<key>Album</key><string>Palm Mall</string>
			<key>Genre</key><string>Music</string>
			<key>Kind</key><string>MPEG audio file</string>
			<key>Size</key><integer>4468843</integer>
			<key>Total Time</key><integer>156760</integer>
			<key>Track Number</key><integer>8</integer>
			<key>Year</key><integer>2014</integer>
			<key>Date Modified</key><date>2023-03-12T03:37:10Z</date>
			<key>Date Added</key><date>2023-09-26T14:52:08Z</date>
			<key>Bit Rate</key><integer>222</integer>
			<key>Sample Rate</key><integer>44100</integer>
			<key>Play Count</key><integer>2</integer>
			<key>Play Date</key><integer>3781156148</integer>
			<key>Play Date UTC</key><date>2023-10-26T15:09:08Z</date>
			<key>Loved</key><true/>
			<key>Artwork Count</key><integer>1</integer>
			<key>Persistent ID</key><string>3BDCDC7A3B554FE5</string>
			<key>Track Type</key><string>Remote</string>
		</dict>
		<key>12699</key>
		<dict>
			<key>Track ID</key><integer>12699</integer>
			<key>Name</key><string>Crystalline Surf</string>
			<key>Artist</key><string>Electric Specter 電妖怪</string>
			<key>Album Artist</key><string>Electric Specter 電妖怪</string>
			<key>Album</key><string>Arctic Circuitry</string>
			<key>Genre</key><string>Music</string>
			<key>Kind</key><string>MPEG audio file</string>
			<key>Size</key><integer>6383315</integer>
			<key>Total Time</key><integer>230112</integer>
			<key>Track Number</key><integer>7</integer>
			<key>Year</key><integer>2017</integer>
			<key>Date Modified</key><date>2023-03-30T00:02:15Z</date>
			<key>Date Added</key><date>2023-09-26T14:52:08Z</date>
			<key>Bit Rate</key><integer>218</integer>
			<key>Sample Rate</key><integer>44100</integer>
			<key>Play Count</key><integer>2</integer>
			<key>Play Date</key><integer>3781155483</integer>
			<key>Play Date UTC</key><date>2023-10-26T14:58:03Z</date>
			<key>Loved</key><true/>
			<key>Artwork Count</key><integer>1</integer>
			<key>Persistent ID</key><string>EAD65BB34AF072E7</string>
			<key>Track Type</key><string>Remote</string>
		</dict>
		<key>12711</key>
		<dict>
			<key>Track ID</key><integer>12711</integer>
			<key>Name</key><string>リサフランク420 / 現代のコンピュー</string>
			<key>Artist</key><string>Macintosh Plus</string>
			<key>Album Artist</key><string>Vektroid</string>
			<key>Album</key><string>Floral Shoppe</string>
			<key>Genre</key><string>Music</string>
			<key>Kind</key><string>MPEG audio file</string>
			<key>Size</key><integer>13927916</integer>
			<key>Total Time</key><integer>440790</integer>
			<key>Track Number</key><integer>2</integer>
			<key>Year</key><integer>2011</integer>
			<key>Date Modified</key><date>2023-03-11T18:18:38Z</date>
			<key>Date Added</key><date>2023-09-26T14:52:08Z</date>
			<key>Bit Rate</key><integer>212</integer>
			<key>Sample Rate</key><integer>44100</integer>
			<key>Play Count</key><integer>2</integer>
			<key>Play Date</key><integer>3781184807</integer>
			<key>Play Date UTC</key><date>2023-10-26T23:06:47Z</date>
			<key>Loved</key><true/>
			<key>Artwork Count</key><integer>1</integer>
			<key>Persistent ID</key><string>7A8A7D3AD9F3C604</string>
			<key>Track Type</key><string>Remote</string>
		</dict>
		<key>12831</key>
		<dict>
			<key>Track ID</key><integer>12831</integer>
			<key>Name</key><string>Amor Fati</string>
			<key>Artist</key><string>Washed Out</string>
			<key>Album Artist</key><string>Washed Out</string>
			<key>Composer</key><string>Ernest Greene</string>
			<key>Album</key><string>Within and Without</string>
			<key>Genre</key><string>Music</string>
			<key>Kind</key><string>Apple Music AAC audio file</string>
			<key>Size</key><integer>9497943</integer>
			<key>Total Time</key><integer>265867</integer>
			<key>Disc Number</key><integer>1</integer>
			<key>Disc Count</key><integer>1</integer>
			<key>Track Number</key><integer>3</integer>
			<key>Track Count</key><integer>9</integer>
			<key>Year</key><integer>2011</integer>
			<key>Date Modified</key><date>2023-09-27T04:37:07Z</date>
			<key>Date Added</key><date>2023-09-27T04:37:07Z</date>
			<key>Bit Rate</key><integer>256</integer>
			<key>Sample Rate</key><integer>44100</integer>
			<key>Play Count</key><integer>2</integer>
			<key>Play Date</key><integer>3780058471</integer>
			<key>Play Date UTC</key><date>2023-10-13T22:14:31Z</date>
			<key>Skip Count</key><integer>1</integer>
			<key>Skip Date</key><date>2024-05-02T04:36:56Z</date>
			<key>Release Date</key><date>2011-07-06T12:00:00Z</date>
			<key>Loved</key><true/>
			<key>Artwork Count</key><integer>1</integer>
			<key>Sort Album</key><string>Within and Without</string>
			<key>Sort Artist</key><string>Washed Out</string>
			<key>Sort Name</key><string>Amor Fati</string>
			<key>Persistent ID</key><string>3C099861850B3595</string>
			<key>Track Type</key><string>Remote</string>
			<key>Apple Music</key><true/>
		</dict>
		<key>12855</key>
		<dict>
			<key>Track ID</key><integer>12855</integer>
			<key>Name</key><string>From The Start</string>
			<key>Artist</key><string>Laufey</string>
			<key>Album Artist</key><string>Laufey</string>
			<key>Composer</key><string>Laufey &#38; Spencer Stewart</string>
			<key>Album</key><string>Bewitched</string>
			<key>Genre</key><string>Music</string>
			<key>Kind</key><string>Apple Music AAC audio file</string>
			<key>Size</key><integer>6194284</integer>
			<key>Total Time</key><integer>169573</integer>
			<key>Disc Number</key><integer>1</integer>
			<key>Disc Count</key><integer>1</integer>
			<key>Track Number</key><integer>10</integer>
			<key>Track Count</key><integer>13</integer>
			<key>Year</key><integer>2023</integer>
			<key>Date Modified</key><date>2023-10-03T13:54:22Z</date>
			<key>Date Added</key><date>2023-10-03T13:54:22Z</date>
			<key>Bit Rate</key><integer>256</integer>
			<key>Sample Rate</key><integer>44100</integer>
			<key>Play Count</key><integer>9</integer>
			<key>Play Date</key><integer>3817623418</integer>
			<key>Play Date UTC</key><date>2024-12-21T17:56:58Z</date>
			<key>Release Date</key><date>2023-06-14T07:00:00Z</date>
			<key>Loved</key><true/>
			<key>Artwork Count</key><integer>1</integer>
			<key>Sort Album</key><string>Bewitched</string>
			<key>Sort Artist</key><string>Laufey</string>
			<key>Sort Name</key><string>From The Start</string>
			<key>Persistent ID</key><string>3AF9E5A4C7A7BDC8</string>
			<key>Track Type</key><string>Remote</string>
			<key>Apple Music</key><true/>
		</dict>
		<key>12857</key>
		<dict>
			<key>Track ID</key><integer>12857</integer>
			<key>Name</key><string>Falling Behind</string>
			<key>Artist</key><string>Laufey</string>
			<key>Album Artist</key><string>Laufey</string>
			<key>Composer</key><string>Spencer Stewart &#38; Laufey</string>
			<key>Album</key><string>Everything I Know About Love (Deluxe Edition)</string>
			<key>Genre</key><string>Music</string>
			<key>Kind</key><string>Apple Music AAC audio file</string>
			<key>Size</key><integer>6251959</integer>
			<key>Total Time</key><integer>173640</integer>
			<key>Disc Number</key><integer>1</integer>
			<key>Disc Count</key><integer>1</integer>
			<key>Track Number</key><integer>10</integer>
			<key>Track Count</key><integer>16</integer>
			<key>Year</key><integer>2022</integer>
			<key>Date Modified</key><date>2023-10-03T14:01:45Z</date>
			<key>Date Added</key><date>2023-10-03T14:01:45Z</date>
			<key>Bit Rate</key><integer>256</integer>
			<key>Sample Rate</key><integer>44100</integer>
			<key>Play Count</key><integer>3</integer>
			<key>Play Date</key><integer>3783761073</integer>
			<key>Play Date UTC</key><date>2023-11-25T19:44:33Z</date>
			<key>Skip Count</key><integer>2</integer>
			<key>Skip Date</key><date>2024-12-21T19:31:54Z</date>
			<key>Release Date</key><date>2022-08-11T12:00:00Z</date>
			<key>Loved</key><true/>
			<key>Artwork Count</key><integer>1</integer>
			<key>Sort Album</key><string>Everything I Know About Love (Deluxe Edition)</string>
			<key>Sort Artist</key><string>Laufey</string>
			<key>Sort Name</key><string>Falling Behind</string>
			<key>Persistent ID</key><string>A799AD136573348B</string>
			<key>Track Type</key><string>Remote</string>
			<key>Apple Music</key><true/>
		</dict>
		<key>12863</key>
		<dict>
			<key>Track ID</key><integer>12863</integer>
			<key>Name</key><string>Goodbye Evergreen</string>
			<key>Artist</key><string>Sufjan Stevens</string>
			<key>Album Artist</key><string>Sufjan Stevens</string>
			<key>Composer</key><string>Sufjan Stevens</string>
			<key>Album</key><string>Javelin</string>
			<key>Genre</key><string>Music</string>
			<key>Kind</key><string>Apple Music AAC audio file</string>
			<key>Size</key><integer>7699375</integer>
			<key>Total Time</key><integer>215425</integer>
			<key>Disc Number</key><integer>1</integer>
			<key>Disc Count</key><integer>1</integer>
			<key>Track Number</key><integer>1</integer>
			<key>Track Count</key><integer>10</integer>
			<key>Year</key><integer>2023</integer>
			<key>Date Modified</key><date>2023-10-11T14:00:08Z</date>
			<key>Date Added</key><date>2023-10-11T14:00:08Z</date>
			<key>Bit Rate</key><integer>256</integer>
			<key>Sample Rate</key><integer>44100</integer>
			<key>Play Count</key><integer>10</integer>
			<key>Play Date</key><integer>3814165220</integer>
			<key>Play Date UTC</key><date>2024-11-11T17:20:20Z</date>
			<key>Skip Count</key><integer>4</integer>
			<key>Skip Date</key><date>2024-11-04T07:35:21Z</date>
			<key>Release Date</key><date>2023-10-06T12:00:00Z</date>
			<key>Loved</key><true/>
			<key>Artwork Count</key><integer>1</integer>
			<key>Sort Album</key><string>Javelin</string>
			<key>Sort Artist</key><string>Sufjan Stevens</string>
			<key>Sort Name</key><string>Goodbye Evergreen</string>
			<key>Persistent ID</key><string>C242641104432C58</string>
			<key>Track Type</key><string>Remote</string>
			<key>Apple Music</key><true/>
		</dict>
		<key>12871</key>
		<dict>
			<key>Track ID</key><integer>12871</integer>
			<key>Name</key><string>Come On! Feel the Illinoise!</string>
			<key>Artist</key><string>Sufjan Stevens</string>
			<key>Album Artist</key><string>Sufjan Stevens</string>
			<key>Album</key><string>Illinois</string>
			<key>Genre</key><string>Music</string>
			<key>Kind</key><string>Apple Music AAC audio file</string>
			<key>Size</key><integer>15126157</integer>
			<key>Total Time</key><integer>405554</integer>
			<key>Disc Number</key><integer>1</integer>
			<key>Disc Count</key><integer>1</integer>
			<key>Track Number</key><integer>3</integer>
			<key>Track Count</key><integer>26</integer>
			<key>Year</key><integer>2005</integer>
			<key>Date Modified</key><date>2023-10-11T19:02:16Z</date>
			<key>Date Added</key><date>2023-10-11T19:02:16Z</date>
			<key>Bit Rate</key><integer>256</integer>
			<key>Sample Rate</key><integer>44100</integer>
			<key>Play Count</key><integer>10</integer>
			<key>Play Date</key><integer>3813565565</integer>
			<key>Play Date UTC</key><date>2024-11-04T18:46:05Z</date>
			<key>Skip Count</key><integer>1</integer>
			<key>Skip Date</key><date>2024-10-16T02:29:20Z</date>
			<key>Release Date</key><date>2005-07-04T07:00:00Z</date>
			<key>Loved</key><true/>
			<key>Artwork Count</key><integer>1</integer>
			<key>Sort Album</key><string>Illinois</string>
			<key>Sort Artist</key><string>Sufjan Stevens</string>
			<key>Sort Name</key><string>Come On! Feel the Illinoise!</string>
			<key>Persistent ID</key><string>A896ACD8F7DE9682</string>
			<key>Track Type</key><string>Remote</string>
			<key>Apple Music</key><true/>
		</dict>
		<key>12873</key>
		<dict>
			<key>Track ID</key><integer>12873</integer>
			<key>Name</key><string>Holiday</string>
			<key>Artist</key><string>Green Day</string>
			<key>Album Artist</key><string>Green Day</string>
			<key>Composer</key><string>Billie Joe Armstrong, Mike Dirnt &#38; Tré Cool</string>
			<key>Album</key><string>American Idiot</string>
			<key>Genre</key><string>Music</string>
			<key>Kind</key><string>Apple Music AAC audio file</string>
			<key>Size</key><integer>8769099</integer>
			<key>Total Time</key><integer>232826</integer>
			<key>Disc Number</key><integer>1</integer>
			<key>Disc Count</key><integer>1</integer>
			<key>Track Number</key><integer>3</integer>
			<key>Track Count</key><integer>13</integer>
			<key>Year</key><integer>2004</integer>
			<key>Date Modified</key><date>2023-10-20T14:04:40Z</date>
			<key>Date Added</key><date>2023-10-20T14:04:40Z</date>
			<key>Bit Rate</key><integer>256</integer>
			<key>Sample Rate</key><integer>44100</integer>
			<key>Play Count</key><integer>4</integer>
			<key>Play Date</key><integer>3817624227</integer>
			<key>Play Date UTC</key><date>2024-12-21T18:10:27Z</date>
			<key>Release Date</key><date>2004-09-21T07:00:00Z</date>
			<key>Loved</key><true/>
			<key>Artwork Count</key><integer>1</integer>
			<key>Sort Album</key><string>American Idiot</string>
			<key>Sort Artist</key><string>Green Day</string>
			<key>Sort Name</key><string>Holiday</string>
			<key>Persistent ID</key><string>5C2C765B0EDEFDE1</string>
			<key>Track Type</key><string>Remote</string>
			<key>Apple Music</key><true/>
		</dict>
		<key>12875</key>
		<dict>
			<key>Track ID</key><integer>12875</integer>
			<key>Name</key><string>All I Wanna Do</string>
			<key>Artist</key><string>The Beach Boys</string>
			<key>Album Artist</key><string>The Beach Boys</string>
			<key>Composer</key><string>Brian Wilson &#38; Mike Love</string>
			<key>Album</key><string>Sunflower</string>
			<key>Genre</key><string>Music</string>
			<key>Kind</key><string>Apple Music AAC audio file</string>
			<key>Size</key><integer>6448921</integer>
			<key>Total Time</key><integer>153987</integer>
			<key>Disc Number</key><integer>1</integer>
			<key>Disc Count</key><integer>1</integer>
			<key>Track Number</key><integer>8</integer>
			<key>Track Count</key><integer>12</integer>
			<key>Year</key><integer>1970</integer>
			<key>Date Modified</key><date>2023-10-24T05:48:21Z</date>
			<key>Date Added</key><date>2023-10-24T05:48:21Z</date>
			<key>Bit Rate</key><integer>256</integer>
			<key>Sample Rate</key><integer>44100</integer>
			<key>Play Count</key><integer>8</integer>
			<key>Play Date</key><integer>3792482630</integer>
			<key>Play Date UTC</key><date>2024-03-05T18:23:50Z</date>
			<key>Release Date</key><date>1970-08-31T12:00:00Z</date>
			<key>Loved</key><true/>
			<key>Artwork Count</key><integer>1</integer>
			<key>Sort Album</key><string>Sunflower</string>
			<key>Sort Album Artist</key><string>Beach Boys</string>
			<key>Sort Artist</key><string>Beach Boys</string>
			<key>Sort Name</key><string>All I Wanna Do</string>
			<key>Persistent ID</key><string>C6A78CFF30A54BD7</string>
			<key>Track Type</key><string>Remote</string>
			<key>Apple Music</key><true/>
		</dict>
		<key>12881</key>
		<dict>
			<key>Track ID</key><integer>12881</integer>
			<key>Name</key><string>Make It Good</string>
			<key>Artist</key><string>Poetically &#38; Vita Schmidt</string>
			<key>Album Artist</key><string>Poetically</string>
			<key>Composer</key><string>Vita Schmidt &#38; Chris Molina</string>
			<key>Album</key><string>Us - EP</string>
			<key>Genre</key><string>Music</string>
			<key>Kind</key><string>Apple Music AAC audio file</string>
			<key>Size</key><integer>7188060</integer>
			<key>Total Time</key><integer>188858</integer>
			<key>Disc Number</key><integer>1</integer>
			<key>Disc Count</key><integer>1</integer>
			<key>Track Number</key><integer>4</integer>
			<key>Track Count</key><integer>5</integer>
			<key>Year</key><integer>2018</integer>
			<key>Date Modified</key><date>2023-10-24T23:52:19Z</date>
			<key>Date Added</key><date>2023-10-24T23:52:19Z</date>
			<key>Bit Rate</key><integer>256</integer>
			<key>Sample Rate</key><integer>44100</integer>
			<key>Part Of Gapless Album</key><true/>
			<key>Play Count</key><integer>6</integer>
			<key>Play Date</key><integer>3789657658</integer>
			<key>Play Date UTC</key><date>2024-02-02T01:40:58Z</date>
			<key>Release Date</key><date>2018-07-27T12:00:00Z</date>
			<key>Loved</key><true/>
			<key>Artwork Count</key><integer>1</integer>
			<key>Sort Album</key><string>Us - EP</string>
			<key>Sort Artist</key><string>Poetically &#38; Vita Schmidt</string>
			<key>Sort Name</key><string>Make It Good</string>
			<key>Persistent ID</key><string>BDE8BEA1165E2217</string>
			<key>Track Type</key><string>Remote</string>
			<key>Apple Music</key><true/>
		</dict>
		<key>12909</key>
		<dict>
			<key>Track ID</key><integer>12909</integer>
			<key>Name</key><string>X-Wing (Cold Blooded Soul Version)</string>
			<key>Artist</key><string>Denzel Curry</string>
			<key>Album Artist</key><string>Denzel Curry</string>
			<key>Composer</key><string>D. Curry, Matthew Jehu Samuels, M. Suski, G. Mardoyan &#38; J. Herold</string>
			<key>Album</key><string>Melt My Eyez See Your Future (The Extended Edition)</string>
			<key>Genre</key><string>Music</string>
			<key>Kind</key><string>Apple Music AAC audio file</string>
			<key>Size</key><integer>6700426</integer>
			<key>Total Time</key><integer>186280</integer>
			<key>Disc Number</key><integer>2</integer>
			<key>Disc Count</key><integer>2</integer>
			<key>Track Number</key><integer>7</integer>
			<key>Track Count</key><integer>10</integer>
			<key>Year</key><integer>2022</integer>
			<key>Date Modified</key><date>2023-11-02T14:17:24Z</date>
			<key>Date Added</key><date>2023-11-02T14:17:24Z</date>
			<key>Bit Rate</key><integer>256</integer>
			<key>Sample Rate</key><integer>44100</integer>
			<key>Play Count</key><integer>3</integer>
			<key>Play Date</key><integer>3784358301</integer>
			<key>Play Date UTC</key><date>2023-12-02T17:38:21Z</date>
			<key>Release Date</key><date>2022-09-30T12:00:00Z</date>
			<key>Loved</key><true/>
			<key>Artwork Count</key><integer>1</integer>
			<key>Sort Album</key><string>Melt My Eyez See Your Future (The Extended Edition)</string>
			<key>Sort Artist</key><string>Denzel Curry</string>
			<key>Sort Name</key><string>X-Wing (Cold Blooded Soul Version)</string>
			<key>Persistent ID</key><string>236333FDDFC6176E</string>
			<key>Explicit</key><true/>
			<key>Track Type</key><string>Remote</string>
			<key>Apple Music</key><true/>
		</dict>
		<key>12939</key>
		<dict>
			<key>Track ID</key><integer>12939</integer>
			<key>Name</key><string>No Man's Land</string>
			<key>Artist</key><string>Sufjan Stevens</string>
			<key>Album Artist</key><string>Sufjan Stevens</string>
			<key>Album</key><string>The Avalanche</string>
			<key>Genre</key><string>Music</string>
			<key>Kind</key><string>Apple Music AAC audio file</string>
			<key>Size</key><integer>10330000</integer>
			<key>Total Time</key><integer>285107</integer>
			<key>Disc Number</key><integer>1</integer>
			<key>Disc Count</key><integer>1</integer>
			<key>Track Number</key><integer>14</integer>
			<key>Track Count</key><integer>21</integer>
			<key>Year</key><integer>2006</integer>
			<key>Date Modified</key><date>2023-11-08T06:15:26Z</date>
			<key>Date Added</key><date>2023-11-08T06:15:26Z</date>
			<key>Bit Rate</key><integer>256</integer>
			<key>Sample Rate</key><integer>44100</integer>
			<key>Play Count</key><integer>13</integer>
			<key>Play Date</key><integer>3815911037</integer>
			<key>Play Date UTC</key><date>2024-12-01T22:17:17Z</date>
			<key>Release Date</key><date>2006-07-11T07:00:00Z</date>
			<key>Loved</key><true/>
			<key>Artwork Count</key><integer>1</integer>
			<key>Sort Album</key><string>Avalanche</string>
			<key>Sort Artist</key><string>Sufjan Stevens</string>
			<key>Sort Name</key><string>No Man's Land</string>
			<key>Persistent ID</key><string>A461DF59FE12A70F</string>
			<key>Track Type</key><string>Remote</string>
			<key>Apple Music</key><true/>
		</dict>
		<key>13253</key>
		<dict>
			<key>Track ID</key><integer>13253</integer>
			<key>Name</key><string>This Is Why (Re: Foals)</string>
			<key>Artist</key><string>Paramore &#38; Foals</string>
			<key>Album Artist</key><string>Paramore</string>
			<key>Composer</key><string>Hayley Williams, Jack Bevan, Jimmy Smith, Taylor York, Yannis Philippakis &#38; Zac Farro</string>
			<key>Album</key><string>Re: This Is Why</string>
			<key>Genre</key><string>Music</string>
			<key>Kind</key><string>Apple Music AAC audio file</string>
			<key>Size</key><integer>12320642</integer>
			<key>Total Time</key><integer>351644</integer>
			<key>Disc Number</key><integer>1</integer>
			<key>Disc Count</key><integer>1</integer>
			<key>Track Number</key><integer>1</integer>
			<key>Track Count</key><integer>12</integer>
			<key>Year</key><integer>2023</integer>
			<key>Date Modified</key><date>2023-11-26T19:13:11Z</date>
			<key>Date Added</key><date>2023-11-26T19:13:11Z</date>
			<key>Bit Rate</key><integer>256</integer>
			<key>Sample Rate</key><integer>44100</integer>
			<key>Play Count</key><integer>9</integer>
			<key>Play Date</key><integer>3814108562</integer>
			<key>Play Date UTC</key><date>2024-11-11T01:36:02Z</date>
			<key>Skip Count</key><integer>2</integer>
			<key>Skip Date</key><date>2024-02-09T01:15:27Z</date>
			<key>Release Date</key><date>2023-02-10T12:00:00Z</date>
			<key>Loved</key><true/>
			<key>Artwork Count</key><integer>1</integer>
			<key>Sort Album</key><string>Re: This Is Why</string>
			<key>Sort Artist</key><string>Paramore &#38; Foals</string>
			<key>Sort Name</key><string>This Is Why (Re: Foals)</string>
			<key>Persistent ID</key><string>02A944D86EFB93EE</string>
			<key>Track Type</key><string>Remote</string>
			<key>Apple Music</key><true/>
		</dict>
		<key>13297</key>
		<dict>
			<key>Track ID</key><integer>13297</integer>
			<key>Name</key><string>Alien Days</string>
			<key>Artist</key><string>MGMT</string>
			<key>Album Artist</key><string>MGMT</string>
			<key>Composer</key><string>Andrew VanWyngarden &#38; Ben Goldwasser</string>
			<key>Album</key><string>MGMT (The "Optimizer" Deluxe Edition)</string>
			<key>Genre</key><string>Music</string>
			<key>Kind</key><string>Apple Music AAC audio file</string>
			<key>Size</key><integer>11949956</integer>
			<key>Total Time</key><integer>309616</integer>
			<key>Disc Number</key><integer>1</integer>
			<key>Disc Count</key><integer>1</integer>
			<key>Track Number</key><integer>1</integer>
			<key>Track Count</key><integer>10</integer>
			<key>Year</key><integer>2013</integer>
			<key>Date Modified</key><date>2023-11-26T19:55:49Z</date>
			<key>Date Added</key><date>2023-11-26T19:55:49Z</date>
			<key>Bit Rate</key><integer>256</integer>
			<key>Sample Rate</key><integer>44100</integer>
			<key>Play Count</key><integer>2</integer>
			<key>Play Date</key><integer>3792483578</integer>
			<key>Play Date UTC</key><date>2024-03-05T18:39:38Z</date>
			<key>Skip Count</key><integer>2</integer>
			<key>Skip Date</key><date>2024-04-10T19:34:03Z</date>
			<key>Release Date</key><date>2013-04-20T07:00:00Z</date>
			<key>Loved</key><true/>
			<key>Artwork Count</key><integer>1</integer>
			<key>Sort Album</key><string>MGMT (The "Optimizer" Deluxe Edition)</string>
			<key>Sort Artist</key><string>MGMT</string>
			<key>Sort Name</key><string>Alien Days</string>
			<key>Persistent ID</key><string>DE0552B47F63AC7C</string>
			<key>Track Type</key><string>Remote</string>
			<key>Apple Music</key><true/>
		</dict>
		<key>13301</key>
		<dict>
			<key>Track ID</key><integer>13301</integer>
			<key>Name</key><string>l e t . g o . m y . h a n d</string>
			<key>Artist</key><string>J. Cole, Bas &#38; 6LACK</string>
			<key>Album Artist</key><string>J. Cole</string>
			<key>Composer</key><string>J. Cole &#38; Bas</string>
			<key>Album</key><string>The Off-Season</string>
			<key>Genre</key><string>Music</string>
			<key>Kind</key><string>Apple Music AAC audio file</string>
			<key>Size</key><integer>9431738</integer>
			<key>Total Time</key><integer>266291</integer>
			<key>Disc Number</key><integer>1</integer>
			<key>Disc Count</key><integer>1</integer>
			<key>Track Number</key><integer>8</integer>
			<key>Track Count</key><integer>12</integer>
			<key>Year</key><integer>2021</integer>
			<key>Date Modified</key><date>2023-11-26T21:07:43Z</date>
			<key>Date Added</key><date>2023-11-26T21:07:43Z</date>
			<key>Bit Rate</key><integer>256</integer>
			<key>Sample Rate</key><integer>44100</integer>
			<key>Play Count</key><integer>10</integer>
			<key>Play Date</key><integer>3815905124</integer>
			<key>Play Date UTC</key><date>2024-12-01T20:38:44Z</date>
			<key>Skip Count</key><integer>1</integer>
			<key>Skip Date</key><date>2024-11-18T07:17:47Z</date>
			<key>Release Date</key><date>2021-05-14T12:00:00Z</date>
			<key>Loved</key><true/>
			<key>Artwork Count</key><integer>1</integer>
			<key>Sort Album</key><string>Off-Season</string>
			<key>Sort Artist</key><string>J. Cole, Bas &#38; 6LACK</string>
			<key>Sort Name</key><string>l e t . g o . m y . h a n d</string>
			<key>Persistent ID</key><string>BF2F7081EB5F86F5</string>
			<key>Explicit</key><true/>
			<key>Track Type</key><string>Remote</string>
			<key>Apple Music</key><true/>
		</dict>
		<key>13437</key>
		<dict>
			<key>Track ID</key><integer>13437</integer>
			<key>Name</key><string>G.O.M.D</string>
			<key>Artist</key><string>J. Cole</string>
			<key>Album Artist</key><string>J. Cole</string>
			<key>Composer</key><string>J. Cole, Ron Gilmore, Dwight Andrews, Deongelo Holmes, Eric Jackson &#38; Jonathan Smith</string>
			<key>Album</key><string>2014 Forest Hills Drive</string>
			<key>Genre</key><string>Music</string>
			<key>Kind</key><string>Apple Music AAC audio file</string>
			<key>Size</key><integer>10633205</integer>
			<key>Total Time</key><integer>301064</integer>
			<key>Disc Number</key><integer>1</integer>
			<key>Disc Count</key><integer>1</integer>
			<key>Track Number</key><integer>8</integer>
			<key>Track Count</key><integer>13</integer>
			<key>Year</key><integer>2014</integer>
			<key>Date Modified</key><date>2023-11-30T06:33:08Z</date>
			<key>Date Added</key><date>2023-11-30T06:33:08Z</date>
			<key>Bit Rate</key><integer>256</integer>
			<key>Sample Rate</key><integer>44100</integer>
			<key>Play Count</key><integer>3</integer>
			<key>Play Date</key><integer>3787669276</integer>
			<key>Play Date UTC</key><date>2024-01-10T01:21:16Z</date>
			<key>Release Date</key><date>2014-12-09T12:00:00Z</date>
			<key>Loved</key><true/>
			<key>Artwork Count</key><integer>1</integer>
			<key>Sort Album</key><string>2014 Forest Hills Drive</string>
			<key>Sort Artist</key><string>J. Cole</string>
			<key>Sort Name</key><string>G.O.M.D</string>
			<key>Persistent ID</key><string>DC2CB51FE8A5A0B3</string>
			<key>Explicit</key><true/>
			<key>Track Type</key><string>Remote</string>
			<key>Apple Music</key><true/>
		</dict>
		<key>13441</key>
		<dict>
			<key>Track ID</key><integer>13441</integer>
			<key>Name</key><string>Only A Fool Would Say That</string>
			<key>Artist</key><string>Steely Dan</string>
			<key>Album Artist</key><string>Steely Dan</string>
			<key>Composer</key><string>Walter Becker &#38; Donald Fagen</string>
			<key>Album</key><string>Can't Buy A Thrill</string>
			<key>Genre</key><string>Music</string>
			<key>Kind</key><string>Apple Music AAC audio file</string>
			<key>Size</key><integer>6918253</integer>
			<key>Total Time</key><integer>175602</integer>
			<key>Disc Number</key><integer>1</integer>
			<key>Disc Count</key><integer>1</integer>
			<key>Track Number</key><integer>5</integer>
			<key>Track Count</key><integer>10</integer>
			<key>Year</key><integer>1972</integer>
			<key>Date Modified</key><date>2023-12-21T21:48:17Z</date>
			<key>Date Added</key><date>2023-12-21T21:48:17Z</date>
			<key>Bit Rate</key><integer>256</integer>
			<key>Sample Rate</key><integer>44100</integer>
			<key>Play Count</key><integer>13</integer>
			<key>Play Date</key><integer>3817628910</integer>
			<key>Play Date UTC</key><date>2024-12-21T19:28:30Z</date>
			<key>Release Date</key><date>1972-11-01T12:00:00Z</date>
			<key>Loved</key><true/>
			<key>Artwork Count</key><integer>1</integer>
			<key>Sort Album</key><string>Can't Buy A Thrill</string>
			<key>Sort Artist</key><string>Steely Dan</string>
			<key>Sort Name</key><string>Only A Fool Would Say That</string>
			<key>Persistent ID</key><string>AD9DF511F288B409</string>
			<key>Track Type</key><string>Remote</string>
			<key>Apple Music</key><true/>
		</dict>
		<key>13457</key>
		<dict>
			<key>Track ID</key><integer>13457</integer>
			<key>Name</key><string>Video Games</string>
			<key>Artist</key><string>Lana Del Rey</string>
			<key>Album Artist</key><string>Lana Del Rey</string>
			<key>Composer</key><string>Elizabeth Grant &#38; Justin Parker</string>
			<key>Album</key><string>Born to Die</string>
			<key>Genre</key><string>Music</string>
			<key>Kind</key><string>Apple Music AAC audio file</string>
			<key>Size</key><integer>9935337</integer>
			<key>Total Time</key><integer>282108</integer>
			<key>Disc Number</key><integer>1</integer>
			<key>Disc Count</key><integer>1</integer>
			<key>Track Number</key><integer>4</integer>
			<key>Track Count</key><integer>13</integer>
			<key>Year</key><integer>2011</integer>
			<key>Date Modified</key><date>2024-01-10T15:46:30Z</date>
			<key>Date Added</key><date>2024-01-10T15:46:30Z</date>
			<key>Bit Rate</key><integer>256</integer>
			<key>Sample Rate</key><integer>44100</integer>
			<key>Play Count</key><integer>6</integer>
			<key>Play Date</key><integer>3832140103</integer>
			<key>Play Date UTC</key><date>2025-06-07T17:21:43Z</date>
			<key>Skip Count</key><integer>1</integer>
			<key>Skip Date</key><date>2024-01-12T00:53:32Z</date>
			<key>Release Date</key><date>2011-10-07T12:00:00Z</date>
			<key>Loved</key><true/>
			<key>Artwork Count</key><integer>1</integer>
			<key>Sort Album</key><string>Born to Die</string>
			<key>Sort Artist</key><string>Lana Del Rey</string>
			<key>Sort Name</key><string>Video Games</string>
			<key>Persistent ID</key><string>AC017E4D407AD98E</string>
			<key>Track Type</key><string>Remote</string>
			<key>Apple Music</key><true/>
		</dict>
		<key>13459</key>
		<dict>
			<key>Track ID</key><integer>13459</integer>
			<key>Name</key><string>Narrow Margins</string>
			<key>Artist</key><string>Half Moon Run</string>
			<key>Album Artist</key><string>Half Moon Run</string>
			<key>Composer</key><string>Half Moon Run</string>
			<key>Album</key><string>Sun Leads Me On</string>
			<key>Genre</key><string>Music</string>
			<key>Kind</key><string>Apple Music AAC audio file</string>
			<key>Size</key><integer>9278367</integer>
			<key>Total Time</key><integer>250933</integer>
			<key>Disc Number</key><integer>1</integer>
			<key>Disc Count</key><integer>1</integer>
			<key>Track Number</key><integer>6</integer>
			<key>Track Count</key><integer>13</integer>
			<key>Year</key><integer>2015</integer>
			<key>Date Modified</key><date>2024-01-10T19:02:19Z</date>
			<key>Date Added</key><date>2024-01-10T19:02:19Z</date>
			<key>Bit Rate</key><integer>256</integer>
			<key>Sample Rate</key><integer>44100</integer>
			<key>Play Count</key><integer>20</integer>
			<key>Play Date</key><integer>3817627809</integer>
			<key>Play Date UTC</key><date>2024-12-21T19:10:09Z</date>
			<key>Release Date</key><date>2015-10-23T12:00:00Z</date>
			<key>Loved</key><true/>
			<key>Artwork Count</key><integer>1</integer>
			<key>Sort Album</key><string>Sun Leads Me On</string>
			<key>Sort Artist</key><string>Half Moon Run</string>
			<key>Sort Name</key><string>Narrow Margins</string>
			<key>Persistent ID</key><string>6E584AA0A2305544</string>
			<key>Track Type</key><string>Remote</string>
			<key>Apple Music</key><true/>
		</dict>
		<key>13463</key>
		<dict>
			<key>Track ID</key><integer>13463</integer>
			<key>Name</key><string>Heads Will Roll</string>
			<key>Artist</key><string>Yeah Yeah Yeahs</string>
			<key>Album Artist</key><string>Yeah Yeah Yeahs</string>
			<key>Composer</key><string>Karen Orzolek, Nick Zinner &#38; Brian Chase</string>
			<key>Album</key><string>It's Blitz! (Deluxe Edition)</string>
			<key>Genre</key><string>Music</string>
			<key>Kind</key><string>Apple Music AAC audio file</string>
			<key>Size</key><integer>8177333</integer>
			<key>Total Time</key><integer>221000</integer>
			<key>Disc Number</key><integer>1</integer>
			<key>Disc Count</key><integer>1</integer>
			<key>Track Number</key><integer>2</integer>
			<key>Track Count</key><integer>15</integer>
			<key>Year</key><integer>2009</integer>
			<key>Date Modified</key><date>2024-01-21T02:12:57Z</date>
			<key>Date Added</key><date>2024-01-21T02:12:57Z</date>
			<key>Bit Rate</key><integer>256</integer>
			<key>Sample Rate</key><integer>44100</integer>
			<key>Play Count</key><integer>3</integer>
			<key>Play Date</key><integer>3795866292</integer>
			<key>Play Date UTC</key><date>2024-04-13T21:18:12Z</date>
			<key>Release Date</key><date>2009-03-06T12:00:00Z</date>
			<key>Loved</key><true/>
			<key>Artwork Count</key><integer>1</integer>
			<key>Sort Album</key><string>It's Blitz! (Deluxe Edition)</string>
			<key>Sort Artist</key><string>Yeah Yeah Yeahs</string>
			<key>Sort Name</key><string>Heads Will Roll</string>
			<key>Persistent ID</key><string>19B48C60533DB696</string>
			<key>Track Type</key><string>Remote</string>
			<key>Apple Music</key><true/>
		</dict>
		<key>13465</key>
		<dict>
			<key>Track ID</key><integer>13465</integer>
			<key>Name</key><string>Friend of a Friend</string>
			<key>Artist</key><string>The Smile</string>
			<key>Album Artist</key><string>The Smile</string>
			<key>Composer</key><string>Jonny Greenwood, Tom Skinner &#38; Thom Yorke</string>
			<key>Album</key><string>Wall of Eyes</string>
			<key>Genre</key><string>Music</string>
			<key>Kind</key><string>Apple Music AAC audio file</string>
			<key>Size</key><integer>9712447</integer>
			<key>Total Time</key><integer>275200</integer>
			<key>Disc Number</key><integer>1</integer>
			<key>Disc Count</key><integer>1</integer>
			<key>Track Number</key><integer>5</integer>
			<key>Track Count</key><integer>8</integer>
			<key>Year</key><integer>2024</integer>
			<key>Date Modified</key><date>2024-01-26T19:53:05Z</date>
			<key>Date Added</key><date>2024-01-26T19:53:05Z</date>
			<key>Bit Rate</key><integer>256</integer>
			<key>Sample Rate</key><integer>44100</integer>
			<key>Play Count</key><integer>10</integer>
			<key>Play Date</key><integer>3814117654</integer>
			<key>Play Date UTC</key><date>2024-11-11T04:07:34Z</date>
			<key>Skip Count</key><integer>4</integer>
			<key>Skip Date</key><date>2024-10-16T01:55:34Z</date>
			<key>Release Date</key><date>2024-01-26T12:00:00Z</date>
			<key>Loved</key><true/>
			<key>Artwork Count</key><integer>1</integer>
			<key>Sort Album</key><string>Wall of Eyes</string>
			<key>Sort Album Artist</key><string>Smile</string>
			<key>Sort Artist</key><string>Smile</string>
			<key>Sort Name</key><string>Friend of a Friend</string>
			<key>Persistent ID</key><string>E66C5B660BDC0E66</string>
			<key>Track Type</key><string>Remote</string>
			<key>Apple Music</key><true/>
		</dict>
		<key>13467</key>
		<dict>
			<key>Track ID</key><integer>13467</integer>
			<key>Name</key><string>Mother Nature</string>
			<key>Artist</key><string>MGMT</string>
			<key>Album Artist</key><string>MGMT</string>
			<key>Composer</key><string>Ben Goldwasser &#38; Brian Joseph Burton</string>
			<key>Album</key><string>Loss Of Life</string>
			<key>Genre</key><string>Music</string>
			<key>Kind</key><string>Apple Music AAC audio file</string>
			<key>Size</key><integer>9289143</integer>
			<key>Total Time</key><integer>236427</integer>
			<key>Disc Number</key><integer>1</integer>
			<key>Disc Count</key><integer>1</integer>
			<key>Track Number</key><integer>2</integer>
			<key>Track Count</key><integer>10</integer>
			<key>Year</key><integer>2023</integer>
			<key>Date Modified</key><date>2024-01-29T00:54:15Z</date>
			<key>Date Added</key><date>2024-01-29T00:54:15Z</date>
			<key>Bit Rate</key><integer>256</integer>
			<key>Sample Rate</key><integer>44100</integer>
			<key>Play Count</key><integer>130</integer>
			<key>Play Date</key><integer>3816936990</integer>
			<key>Play Date UTC</key><date>2024-12-13T19:16:30Z</date>
			<key>Skip Count</key><integer>4</integer>
			<key>Skip Date</key><date>2025-01-10T16:52:32Z</date>
			<key>Release Date</key><date>2023-10-31T12:00:00Z</date>
			<key>Loved</key><true/>
			<key>Artwork Count</key><integer>1</integer>
			<key>Sort Album</key><string>Loss Of Life</string>
			<key>Sort Artist</key><string>MGMT</string>
			<key>Sort Name</key><string>Mother Nature</string>
			<key>Persistent ID</key><string>10471849C9E07653</string>
			<key>Track Type</key><string>Remote</string>
			<key>Apple Music</key><true/>
		</dict>
		<key>13469</key>
		<dict>
			<key>Track ID</key><integer>13469</integer>
			<key>Name</key><string>Wall Of Eyes</string>
			<key>Artist</key><string>The Smile</string>
			<key>Album Artist</key><string>The Smile</string>
			<key>Composer</key><string>Jonny Greenwood, Tom Skinner &#38; Thom Yorke</string>
			<key>Album</key><string>Wall of Eyes</string>
			<key>Genre</key><string>Music</string>
			<key>Kind</key><string>Apple Music AAC audio file</string>
			<key>Size</key><integer>11242001</integer>
			<key>Total Time</key><integer>305947</integer>
			<key>Disc Number</key><integer>1</integer>
			<key>Disc Count</key><integer>1</integer>
			<key>Track Number</key><integer>1</integer>
			<key>Track Count</key><integer>8</integer>
			<key>Year</key><integer>2023</integer>
			<key>Date Modified</key><date>2024-01-29T16:43:29Z</date>
			<key>Date Added</key><date>2024-01-29T16:43:29Z</date>
			<key>Bit Rate</key><integer>256</integer>
			<key>Sample Rate</key><integer>44100</integer>
			<key>Play Count</key><integer>10</integer>
			<key>Play Date</key><integer>3814165883</integer>
			<key>Play Date UTC</key><date>2024-11-11T17:31:23Z</date>
			<key>Release Date</key><date>2023-11-13T08:00:00Z</date>
			<key>Loved</key><true/>
			<key>Artwork Count</key><integer>1</integer>
			<key>Sort Album</key><string>Wall of Eyes</string>
			<key>Sort Album Artist</key><string>Smile</string>
			<key>Sort Artist</key><string>Smile</string>
			<key>Sort Name</key><string>Wall Of Eyes</string>
			<key>Persistent ID</key><string>0E478701FE0EE9A1</string>
			<key>Track Type</key><string>Remote</string>
			<key>Apple Music</key><true/>
		</dict>
		<key>13483</key>
		<dict>
			<key>Track ID</key><integer>13483</integer>
			<key>Name</key><string>Throwing Stones</string>
			<key>Artist</key><string>Richie Quake</string>
			<key>Album Artist</key><string>Richie Quake</string>
			<key>Composer</key><string>Richie Quake &#38; Andreas Stavropolis</string>
			<key>Album</key><string>Dog</string>
			<key>Genre</key><string>Music</string>
			<key>Kind</key><string>Apple Music AAC audio file</string>
			<key>Size</key><integer>7099893</integer>
			<key>Total Time</key><integer>192816</integer>
			<key>Disc Number</key><integer>1</integer>
			<key>Disc Count</key><integer>1</integer>
			<key>Track Number</key><integer>6</integer>
			<key>Track Count</key><integer>10</integer>
			<key>Year</key><integer>2023</integer>
			<key>Date Modified</key><date>2024-01-30T00:45:49Z</date>
			<key>Date Added</key><date>2024-01-30T00:45:49Z</date>
			<key>Bit Rate</key><integer>256</integer>
			<key>Sample Rate</key><integer>44100</integer>
			<key>Play Count</key><integer>68</integer>
			<key>Play Date</key><integer>3832136706</integer>
			<key>Play Date UTC</key><date>2025-06-07T16:25:06Z</date>
			<key>Skip Count</key><integer>4</integer>
			<key>Skip Date</key><date>2024-12-27T04:46:56Z</date>
			<key>Release Date</key><date>2023-11-15T12:00:00Z</date>
			<key>Loved</key><true/>
			<key>Artwork Count</key><integer>1</integer>
			<key>Sort Album</key><string>Dog</string>
			<key>Sort Artist</key><string>Richie Quake</string>
			<key>Sort Name</key><string>Throwing Stones</string>
			<key>Persistent ID</key><string>4B5A9CDD05A6A06B</string>
			<key>Track Type</key><string>Remote</string>
			<key>Apple Music</key><true/>
		</dict>
		<key>13485</key>
		<dict>
			<key>Track ID</key><integer>13485</integer>
			<key>Name</key><string>Turn into Something</string>
			<key>Artist</key><string>Animal Collective</string>
			<key>Album Artist</key><string>Animal Collective</string>
			<key>Composer</key><string>Animal Collective</string>
			<key>Album</key><string>Feels</string>
			<key>Genre</key><string>Music</string>
			<key>Kind</key><string>Apple Music AAC audio file</string>
			<key>Size</key><integer>13528318</integer>
			<key>Total Time</key><integer>389787</integer>
			<key>Disc Number</key><integer>1</integer>
			<key>Disc Count</key><integer>1</integer>
			<key>Track Number</key><integer>9</integer>
			<key>Track Count</key><integer>9</integer>
			<key>Year</key><integer>2005</integer>
			<key>Date Modified</key><date>2024-02-01T02:17:17Z</date>
			<key>Date Added</key><date>2024-02-01T02:17:17Z</date>
			<key>Bit Rate</key><integer>256</integer>
			<key>Sample Rate</key><integer>44100</integer>
			<key>Play Count</key><integer>9</integer>
			<key>Play Date</key><integer>3814126062</integer>
			<key>Play Date UTC</key><date>2024-11-11T06:27:42Z</date>
			<key>Skip Count</key><integer>2</integer>
			<key>Skip Date</key><date>2024-11-04T07:35:24Z</date>
			<key>Release Date</key><date>2005-01-01T12:00:00Z</date>
			<key>Loved</key><true/>
			<key>Artwork Count</key><integer>1</integer>
			<key>Sort Album</key><string>Feels</string>
			<key>Sort Artist</key><string>Animal Collective</string>
			<key>Sort Name</key><string>Turn into Something</string>
			<key>Persistent ID</key><string>88AF0C3498F2A304</string>
			<key>Track Type</key><string>Remote</string>
			<key>Apple Music</key><true/>
		</dict>
		<key>13487</key>
		<dict>
			<key>Track ID</key><integer>13487</integer>
			<key>Name</key><string>Take What's Given</string>
			<key>Artist</key><string>BADBADNOTGOOD</string>
			<key>Album Artist</key><string>BADBADNOTGOOD</string>
			<key>Composer</key><string>Alexander Sowinski, Chester Hansen, Leland Whitty, Kaelin Murphy &#38; Felix-Fox Pappas</string>
			<key>Album</key><string>Take What's Given - Single</string>
			<key>Genre</key><string>Music</string>
			<key>Kind</key><string>Apple Music AAC audio file</string>
			<key>Size</key><integer>7292140</integer>
			<key>Total Time</key><integer>174257</integer>
			<key>Disc Number</key><integer>1</integer>
			<key>Disc Count</key><integer>1</integer>
			<key>Track Number</key><integer>1</integer>
			<key>Track Count</key><integer>1</integer>
			<key>Year</key><integer>2024</integer>
			<key>Date Modified</key><date>2024-02-03T02:16:08Z</date>
			<key>Date Added</key><date>2024-02-03T02:16:08Z</date>
			<key>Bit Rate</key><integer>256</integer>
			<key>Sample Rate</key><integer>44100</integer>
			<key>Play Count</key><integer>3</integer>
			<key>Play Date</key><integer>3792565857</integer>
			<key>Play Date UTC</key><date>2024-03-06T17:30:57Z</date>
			<key>Skip Count</key><integer>1</integer>
			<key>Skip Date</key><date>2024-03-17T07:28:28Z</date>
			<key>Release Date</key><date>2024-02-01T12:00:00Z</date>
			<key>Loved</key><true/>
			<key>Artwork Count</key><integer>1</integer>
			<key>Sort Album</key><string>Take What's Given - Single</string>
			<key>Sort Artist</key><string>BADBADNOTGOOD</string>
			<key>Sort Name</key><string>Take What's Given</string>
			<key>Persistent ID</key><string>18E642116D64EC33</string>
			<key>Track Type</key><string>Remote</string>
			<key>Apple Music</key><true/>
		</dict>
		<key>13489</key>
		<dict>
			<key>Track ID</key><integer>13489</integer>
			<key>Name</key><string>drive ME crazy!</string>
			<key>Artist</key><string>Lil Yachty</string>
			<key>Album Artist</key><string>Lil Yachty</string>
			<key>Composer</key><string>Benjamin Goldwasser, nami, Jeremiah Raisen, Macbriare Samuel Lanyon Demarco, Miles Parks McCollum, Patrick Wimberly, RUE &#38; Teo Lucas Halm</string>
			<key>Album</key><string>Let’s Start Here.</string>
			<key>Genre</key><string>Music</string>
			<key>Kind</key><string>Apple Music AAC audio file</string>
			<key>Size</key><integer>8333344</integer>
			<key>Total Time</key><integer>229805</integer>
			<key>Disc Number</key><integer>1</integer>
			<key>Disc Count</key><integer>1</integer>
			<key>Track Number</key><integer>8</integer>
			<key>Track Count</key><integer>14</integer>
			<key>Year</key><integer>2023</integer>
			<key>Date Modified</key><date>2024-02-08T04:07:27Z</date>
			<key>Date Added</key><date>2024-02-08T04:07:27Z</date>
			<key>Bit Rate</key><integer>256</integer>
			<key>Sample Rate</key><integer>44100</integer>
			<key>Play Count</key><integer>111</integer>
			<key>Play Date</key><integer>3816938470</integer>
			<key>Play Date UTC</key><date>2024-12-13T19:41:10Z</date>
			<key>Skip Count</key><integer>5</integer>
			<key>Skip Date</key><date>2024-11-04T08:19:22Z</date>
			<key>Release Date</key><date>2023-01-27T12:00:00Z</date>
			<key>Loved</key><true/>
			<key>Artwork Count</key><integer>1</integer>
			<key>Sort Album</key><string>Let’s Start Here.</string>
			<key>Sort Artist</key><string>Lil Yachty</string>
			<key>Sort Name</key><string>drive ME crazy!</string>
			<key>Persistent ID</key><string>45AC7F4524B69351</string>
			<key>Explicit</key><true/>
			<key>Track Type</key><string>Remote</string>
			<key>Apple Music</key><true/>
		</dict>
		<key>13549</key>
		<dict>
			<key>Track ID</key><integer>13549</integer>
			<key>Name</key><string>All or None</string>
			<key>Artist</key><string>Pearl Jam</string>
			<key>Album Artist</key><string>Pearl Jam</string>
			<key>Composer</key><string>Stone Gossard</string>
			<key>Album</key><string>Riot Act</string>
			<key>Genre</key><string>Music</string>
			<key>Kind</key><string>Apple Music AAC audio file</string>
			<key>Size</key><integer>10150394</integer>
			<key>Total Time</key><integer>277409</integer>
			<key>Disc Number</key><integer>1</integer>
			<key>Disc Count</key><integer>1</integer>
			<key>Track Number</key><integer>15</integer>
			<key>Track Count</key><integer>15</integer>
			<key>Year</key><integer>2002</integer>
			<key>Date Modified</key><date>2024-02-12T05:32:31Z</date>
			<key>Date Added</key><date>2024-02-12T05:32:31Z</date>
			<key>Bit Rate</key><integer>256</integer>
			<key>Sample Rate</key><integer>44100</integer>
			<key>Play Count</key><integer>10</integer>
			<key>Play Date</key><integer>3814108210</integer>
			<key>Play Date UTC</key><date>2024-11-11T01:30:10Z</date>
			<key>Skip Count</key><integer>1</integer>
			<key>Skip Date</key><date>2024-11-10T20:27:47Z</date>
			<key>Release Date</key><date>2002-11-12T08:00:00Z</date>
			<key>Loved</key><true/>
			<key>Artwork Count</key><integer>1</integer>
			<key>Sort Album</key><string>Riot Act</string>
			<key>Sort Artist</key><string>Pearl Jam</string>
			<key>Sort Name</key><string>All or None</string>
			<key>Persistent ID</key><string>128CFD6F6BE98122</string>
			<key>Track Type</key><string>Remote</string>
			<key>Apple Music</key><true/>
		</dict>
		<key>13567</key>
		<dict>
			<key>Track ID</key><integer>13567</integer>
			<key>Name</key><string>Music Is Math</string>
			<key>Artist</key><string>Boards of Canada</string>
			<key>Album Artist</key><string>Boards of Canada</string>
			<key>Album</key><string>Geogaddi</string>
			<key>Genre</key><string>Music</string>
			<key>Kind</key><string>Apple Music AAC audio file</string>
			<key>Size</key><integer>11284191</integer>
			<key>Total Time</key><integer>321453</integer>
			<key>Disc Number</key><integer>1</integer>
			<key>Disc Count</key><integer>1</integer>
			<key>Track Number</key><integer>2</integer>
			<key>Track Count</key><integer>23</integer>
			<key>Year</key><integer>2002</integer>
			<key>Date Modified</key><date>2024-02-24T17:06:43Z</date>
			<key>Date Added</key><date>2024-02-24T17:06:43Z</date>
			<key>Bit Rate</key><integer>256</integer>
			<key>Sample Rate</key><integer>44100</integer>
			<key>Play Count</key><integer>9</integer>
			<key>Play Date</key><integer>3814116867</integer>
			<key>Play Date UTC</key><date>2024-11-11T03:54:27Z</date>
			<key>Skip Count</key><integer>1</integer>
			<key>Skip Date</key><date>2024-11-18T16:09:51Z</date>
			<key>Release Date</key><date>2002-02-13T08:00:00Z</date>
			<key>Loved</key><true/>
			<key>Artwork Count</key><integer>1</integer>
			<key>Sort Album</key><string>Geogaddi</string>
			<key>Sort Artist</key><string>Boards of Canada</string>
			<key>Sort Name</key><string>Music Is Math</string>
			<key>Persistent ID</key><string>4BD31A0D723BBE18</string>
			<key>Track Type</key><string>Remote</string>
			<key>Apple Music</key><true/>
		</dict>
		<key>13697</key>
		<dict>
			<key>Track ID</key><integer>13697</integer>
			<key>Name</key><string>Dancing In Babylon (feat. Christine and the Queens)</string>
			<key>Artist</key><string>MGMT</string>
			<key>Album Artist</key><string>MGMT</string>
			<key>Composer</key><string>Ben Goldwasser &#38; James Richardson</string>
			<key>Album</key><string>Loss Of Life</string>
			<key>Genre</key><string>Music</string>
			<key>Kind</key><string>Apple Music AAC audio file</string>
			<key>Size</key><integer>10711979</integer>
			<key>Total Time</key><integer>292093</integer>
			<key>Disc Number</key><integer>1</integer>
			<key>Disc Count</key><integer>1</integer>
			<key>Track Number</key><integer>3</integer>
			<key>Track Count</key><integer>10</integer>
			<key>Year</key><integer>2024</integer>
			<key>Date Modified</key><date>2024-02-27T07:21:54Z</date>
			<key>Date Added</key><date>2024-02-27T07:21:54Z</date>
			<key>Bit Rate</key><integer>256</integer>
			<key>Sample Rate</key><integer>44100</integer>
			<key>Play Count</key><integer>110</integer>
			<key>Play Date</key><integer>3832135065</integer>
			<key>Play Date UTC</key><date>2025-06-07T15:57:45Z</date>
			<key>Skip Count</key><integer>2</integer>
			<key>Skip Date</key><date>2024-11-29T08:01:54Z</date>
			<key>Release Date</key><date>2024-01-10T12:00:00Z</date>
			<key>Loved</key><true/>
			<key>Artwork Count</key><integer>1</integer>
			<key>Sort Album</key><string>Loss Of Life</string>
			<key>Sort Artist</key><string>MGMT</string>
			<key>Sort Name</key><string>Dancing In Babylon (feat. Christine and the Queens)</string>
			<key>Persistent ID</key><string>3575AF72156406BE</string>
			<key>Track Type</key><string>Remote</string>
			<key>Apple Music</key><true/>
		</dict>
		<key>13713</key>
		<dict>
			<key>Track ID</key><integer>13713</integer>
			<key>Name</key><string>She's a Rainbow</string>
			<key>Artist</key><string>The Rolling Stones</string>
			<key>Album Artist</key><string>The Rolling Stones</string>
			<key>Composer</key><string>Mick Jagger &#38; Keith Richards</string>
			<key>Album</key><string>Their Satanic Majesties Request</string>
			<key>Genre</key><string>Music</string>
			<key>Kind</key><string>Apple Music AAC audio file</string>
			<key>Size</key><integer>9741413</integer>
			<key>Total Time</key><integer>275078</integer>
			<key>Disc Number</key><integer>1</integer>
			<key>Disc Count</key><integer>1</integer>
			<key>Track Number</key><integer>6</integer>
			<key>Track Count</key><integer>10</integer>
			<key>Year</key><integer>1967</integer>
			<key>Date Modified</key><date>2024-03-03T08:44:46Z</date>
			<key>Date Added</key><date>2024-03-03T08:44:46Z</date>
			<key>Bit Rate</key><integer>256</integer>
			<key>Sample Rate</key><integer>44100</integer>
			<key>Play Count</key><integer>17</integer>
			<key>Play Date</key><integer>3816398730</integer>
			<key>Play Date UTC</key><date>2024-12-07T13:45:30Z</date>
			<key>Release Date</key><date>1967-12-08T12:00:00Z</date>
			<key>Loved</key><true/>
			<key>Artwork Count</key><integer>1</integer>
			<key>Sort Album</key><string>Their Satanic Majesties Request</string>
			<key>Sort Album Artist</key><string>Rolling Stones</string>
			<key>Sort Artist</key><string>Rolling Stones</string>
			<key>Sort Name</key><string>She's a Rainbow</string>
			<key>Persistent ID</key><string>972A0E847235D8FD</string>
			<key>Track Type</key><string>Remote</string>
			<key>Apple Music</key><true/>
		</dict>
		<key>13715</key>
		<dict>
			<key>Track ID</key><integer>13715</integer>
			<key>Name</key><string>Weapon of Choice</string>
			<key>Artist</key><string>Fatboy Slim</string>
			<key>Album Artist</key><string>Fatboy Slim</string>
			<key>Composer</key><string>Andreas Titus, Ashley Slater, Bootsy Collins, Norman Cook, Sylvester Stewart &#38; William McLean</string>
			<key>Album</key><string>Halfway Between the Gutter and the Stars</string>
			<key>Genre</key><string>Music</string>
			<key>Kind</key><string>Apple Music AAC audio file</string>
			<key>Size</key><integer>12011900</integer>
			<key>Total Time</key><integer>345893</integer>
			<key>Disc Number</key><integer>1</integer>
			<key>Disc Count</key><integer>1</integer>
			<key>Track Number</key><integer>8</integer>
			<key>Track Count</key><integer>12</integer>
			<key>Year</key><integer>2000</integer>
			<key>Date Modified</key><date>2024-03-03T21:49:23Z</date>
			<key>Date Added</key><date>2024-03-03T21:49:23Z</date>
			<key>Bit Rate</key><integer>256</integer>
			<key>Sample Rate</key><integer>44100</integer>
			<key>Play Count</key><integer>2</integer>
			<key>Play Date</key><integer>3792402052</integer>
			<key>Play Date UTC</key><date>2024-03-04T20:00:52Z</date>
			<key>Release Date</key><date>2000-01-01T12:00:00Z</date>
			<key>Loved</key><true/>
			<key>Artwork Count</key><integer>1</integer>
			<key>Sort Album</key><string>Halfway Between the Gutter and the Stars</string>
			<key>Sort Artist</key><string>Fatboy Slim</string>
			<key>Sort Name</key><string>Weapon of Choice</string>
			<key>Persistent ID</key><string>13519976E1544D53</string>
			<key>Track Type</key><string>Remote</string>
			<key>Apple Music</key><true/>
		</dict>
		<key>13717</key>
		<dict>
			<key>Track ID</key><integer>13717</integer>
			<key>Name</key><string>Here's Where The Story Ends</string>
			<key>Artist</key><string>The Sundays</string>
			<key>Album Artist</key><string>The Sundays</string>
			<key>Composer</key><string>David Gavurin &#38; Harriet Wheeler</string>
			<key>Album</key><string>Reading, Writing And Arithmetic</string>
			<key>Genre</key><string>Music</string>
			<key>Kind</key><string>Apple Music AAC audio file</string>
			<key>Size</key><integer>9003577</integer>
			<key>Total Time</key><integer>234928</integer>
			<key>Disc Number</key><integer>1</integer>
			<key>Disc Count</key><integer>1</integer>
			<key>Track Number</key><integer>2</integer>
			<key>Track Count</key><integer>10</integer>
			<key>Year</key><integer>1990</integer>
			<key>Date Modified</key><date>2024-03-06T01:09:45Z</date>
			<key>Date Added</key><date>2024-03-06T01:09:45Z</date>
			<key>Bit Rate</key><integer>256</integer>
			<key>Sample Rate</key><integer>44100</integer>
			<key>Play Count</key><integer>2</integer>
			<key>Play Date</key><integer>3792578679</integer>
			<key>Play Date UTC</key><date>2024-03-06T21:04:39Z</date>
			<key>Skip Count</key><integer>1</integer>
			<key>Skip Date</key><date>2024-03-06T01:16:12Z</date>
			<key>Release Date</key><date>1990-01-15T12:00:00Z</date>
			<key>Loved</key><true/>
			<key>Artwork Count</key><integer>1</integer>
			<key>Sort Album</key><string>Reading, Writing And Arithmetic</string>
			<key>Sort Album Artist</key><string>Sundays</string>
			<key>Sort Artist</key><string>Sundays</string>
			<key>Sort Name</key><string>Here's Where The Story Ends</string>
			<key>Persistent ID</key><string>5F3C7B22EDFD9B19</string>
			<key>Track Type</key><string>Remote</string>
			<key>Apple Music</key><true/>
		</dict>
		<key>13719</key>
		<dict>
			<key>Track ID</key><integer>13719</integer>
			<key>Name</key><string>Break It Off</string>
			<key>Artist</key><string>PinkPantheress</string>
			<key>Album Artist</key><string>PinkPantheress</string>
			<key>Composer</key><string>Adam Fenton &#38; PinkPantheress</string>
			<key>Album</key><string>to hell with it</string>
			<key>Genre</key><string>Music</string>
			<key>Kind</key><string>Apple Music AAC audio file</string>
			<key>Size</key><integer>3723341</integer>
			<key>Total Time</key><integer>95318</integer>
			<key>Disc Number</key><integer>1</integer>
			<key>Disc Count</key><integer>1</integer>
			<key>Track Number</key><integer>10</integer>
			<key>Year</key><integer>2020</integer>
			<key>Date Modified</key><date>2024-03-13T17:38:30Z</date>
			<key>Date Added</key><date>2024-03-13T17:38:30Z</date>
			<key>Bit Rate</key><integer>256</integer>
			<key>Sample Rate</key><integer>44100</integer>
			<key>Play Count</key><integer>24</integer>
			<key>Play Date</key><integer>3816524215</integer>
			<key>Play Date UTC</key><date>2024-12-09T00:36:55Z</date>
			<key>Release Date</key><date>2020-11-20T12:00:00Z</date>
			<key>Loved</key><true/>
			<key>Artwork Count</key><integer>1</integer>
			<key>Sort Album</key><string>to hell with it</string>
			<key>Sort Artist</key><string>PinkPantheress</string>
			<key>Sort Name</key><string>Break It Off</string>
			<key>Persistent ID</key><string>3BAA916618AD72EA</string>
			<key>Track Type</key><string>Remote</string>
			<key>Apple Music</key><true/>
		</dict>
		<key>13769</key>
		<dict>
			<key>Track ID</key><integer>13769</integer>
			<key>Name</key><string>The Surfer</string>
			<key>Artist</key><string>Vampire Weekend</string>
			<key>Album Artist</key><string>Vampire Weekend</string>
			<key>Composer</key><string>Ezra Koenig, Ariel Rechtshaid &#38; Rostam</string>
			<key>Album</key><string>Only God Was Above Us</string>
			<key>Genre</key><string>Music</string>
			<key>Kind</key><string>Apple Music AAC audio file</string>
			<key>Size</key><integer>11995498</integer>
			<key>Total Time</key><integer>347373</integer>
			<key>Disc Number</key><integer>1</integer>
			<key>Disc Count</key><integer>1</integer>
			<key>Track Number</key><integer>6</integer>
			<key>Track Count</key><integer>10</integer>
			<key>Year</key><integer>2024</integer>
			<key>Date Modified</key><date>2024-04-05T05:36:53Z</date>
			<key>Date Added</key><date>2024-04-05T05:36:53Z</date>
			<key>Bit Rate</key><integer>256</integer>
			<key>Sample Rate</key><integer>44100</integer>
			<key>Play Count</key><integer>120</integer>
			<key>Play Date</key><integer>3816936008</integer>
			<key>Play Date UTC</key><date>2024-12-13T19:00:08Z</date>
			<key>Release Date</key><date>2024-04-05T12:00:00Z</date>
			<key>Loved</key><true/>
			<key>Artwork Count</key><integer>1</integer>
			<key>Sort Album</key><string>Only God Was Above Us</string>
			<key>Sort Artist</key><string>Vampire Weekend</string>
			<key>Sort Name</key><string>Surfer</string>
			<key>Persistent ID</key><string>1D86AE51A8B803F7</string>
			<key>Track Type</key><string>Remote</string>
			<key>Apple Music</key><true/>
		</dict>
		<key>13891</key>
		<dict>
			<key>Track ID</key><integer>13891</integer>
			<key>Name</key><string>Only Acting</string>
			<key>Artist</key><string>Kero Kero Bonito</string>
			<key>Album Artist</key><string>Kero Kero Bonito</string>
			<key>Album</key><string>Time 'n' Place</string>
			<key>Genre</key><string>Music</string>
			<key>Kind</key><string>Apple Music AAC audio file</string>
			<key>Size</key><integer>8371577</integer>
			<key>Total Time</key><integer>229855</integer>
			<key>Disc Number</key><integer>1</integer>
			<key>Disc Count</key><integer>1</integer>
			<key>Track Number</key><integer>3</integer>
			<key>Track Count</key><integer>12</integer>
			<key>Year</key><integer>2018</integer>
			<key>Date Modified</key><date>2024-04-19T17:59:41Z</date>
			<key>Date Added</key><date>2024-04-19T17:59:41Z</date>
			<key>Bit Rate</key><integer>256</integer>
			<key>Sample Rate</key><integer>44100</integer>
			<key>Play Count</key><integer>72</integer>
			<key>Play Date</key><integer>3816401844</integer>
			<key>Play Date UTC</key><date>2024-12-07T14:37:24Z</date>
			<key>Skip Count</key><integer>3</integer>
			<key>Skip Date</key><date>2024-12-02T16:57:01Z</date>
			<key>Release Date</key><date>2018-02-12T12:00:00Z</date>
			<key>Loved</key><true/>
			<key>Artwork Count</key><integer>1</integer>
			<key>Sort Album</key><string>Time 'n' Place</string>
			<key>Sort Artist</key><string>Kero Kero Bonito</string>
			<key>Sort Name</key><string>Only Acting</string>
			<key>Persistent ID</key><string>6686B73F501D4429</string>
			<key>Track Type</key><string>Remote</string>
			<key>Apple Music</key><true/>
		</dict>
		<key>13895</key>
		<dict>
			<key>Track ID</key><integer>13895</integer>
			<key>Name</key><string>Wolf Like Me</string>
			<key>Artist</key><string>TV on the Radio</string>
			<key>Album Artist</key><string>TV on the Radio</string>
			<key>Composer</key><string>Tunde Adebimpe</string>
			<key>Album</key><string>Return To Cookie Mountain</string>
			<key>Genre</key><string>Music</string>
			<key>Kind</key><string>Apple Music AAC audio file</string>
			<key>Size</key><integer>9699230</integer>
			<key>Total Time</key><integer>277467</integer>
			<key>Disc Number</key><integer>1</integer>
			<key>Disc Count</key><integer>1</integer>
			<key>Track Number</key><integer>5</integer>
			<key>Track Count</key><integer>11</integer>
			<key>Year</key><integer>2006</integer>
			<key>Date Modified</key><date>2024-04-22T00:07:00Z</date>
			<key>Date Added</key><date>2024-04-22T00:07:00Z</date>
			<key>Bit Rate</key><integer>256</integer>
			<key>Sample Rate</key><integer>44100</integer>
			<key>Comments</key><string>Orange</string>
			<key>Play Count</key><integer>2</integer>
			<key>Play Date</key><integer>3832262048</integer>
			<key>Play Date UTC</key><date>2025-06-09T03:14:08Z</date>
			<key>Release Date</key><date>2006-02-13T12:00:00Z</date>
			<key>Loved</key><true/>
			<key>Artwork Count</key><integer>1</integer>
			<key>Sort Album</key><string>Return To Cookie Mountain</string>
			<key>Sort Artist</key><string>TV on the Radio</string>
			<key>Sort Name</key><string>Wolf Like Me</string>
			<key>Persistent ID</key><string>3A9ED7261B8D8A0E</string>
			<key>Track Type</key><string>Remote</string>
			<key>Apple Music</key><true/>
		</dict>
		<key>13961</key>
		<dict>
			<key>Track ID</key><integer>13961</integer>
			<key>Name</key><string>Back On 74</string>
			<key>Artist</key><string>Jungle</string>
			<key>Album Artist</key><string>Jungle</string>
			<key>Composer</key><string>Josh Lloyd Watson, Thomas McFarland &#38; Lydia Kitto</string>
			<key>Album</key><string>Volcano</string>
			<key>Genre</key><string>Music</string>
			<key>Kind</key><string>Apple Music AAC audio file</string>
			<key>Size</key><integer>7524155</integer>
			<key>Total Time</key><integer>209483</integer>
			<key>Disc Number</key><integer>1</integer>
			<key>Disc Count</key><integer>1</integer>
			<key>Track Number</key><integer>6</integer>
			<key>Track Count</key><integer>14</integer>
			<key>Year</key><integer>2023</integer>
			<key>Date Modified</key><date>2024-05-04T04:37:07Z</date>
			<key>Date Added</key><date>2024-05-04T04:37:07Z</date>
			<key>Bit Rate</key><integer>256</integer>
			<key>Sample Rate</key><integer>44100</integer>
			<key>Comments</key><string>Violet</string>
			<key>Play Count</key><integer>20</integer>
			<key>Play Date</key><integer>3832134132</integer>
			<key>Play Date UTC</key><date>2025-06-07T15:42:12Z</date>
			<key>Skip Count</key><integer>2</integer>
			<key>Skip Date</key><date>2024-10-16T02:22:25Z</date>
			<key>Release Date</key><date>2023-07-27T12:00:00Z</date>
			<key>Loved</key><true/>
			<key>Artwork Count</key><integer>1</integer>
			<key>Sort Album</key><string>Volcano</string>
			<key>Sort Artist</key><string>Jungle</string>
			<key>Sort Name</key><string>Back On 74</string>
			<key>Persistent ID</key><string>6B7D6AEC6E300A67</string>
			<key>Track Type</key><string>Remote</string>
			<key>Apple Music</key><true/>
		</dict>
		<key>13983</key>
		<dict>
			<key>Track ID</key><integer>13983</integer>
			<key>Name</key><string>Cherry, Cherry</string>
			<key>Artist</key><string>Neil Diamond</string>
			<key>Album Artist</key><string>Neil Diamond</string>
			<key>Composer</key><string>Neil Diamond</string>
			<key>Album</key><string>The Feel Of Neil Diamond</string>
			<key>Genre</key><string>Music</string>
			<key>Kind</key><string>Apple Music AAC audio file</string>
			<key>Size</key><integer>5917662</integer>
			<key>Total Time</key><integer>163400</integer>
			<key>Disc Number</key><integer>1</integer>
			<key>Disc Count</key><integer>1</integer>
			<key>Track Number</key><integer>12</integer>
			<key>Track Count</key><integer>12</integer>
			<key>Year</key><integer>1966</integer>
			<key>Date Modified</key><date>2024-05-17T22:32:36Z</date>
			<key>Date Added</key><date>2024-05-17T22:32:36Z</date>
			<key>Bit Rate</key><integer>256</integer>
			<key>Sample Rate</key><integer>44100</integer>
			<key>Play Count</key><integer>2</integer>
			<key>Play Date</key><integer>3799219205</integer>
			<key>Play Date UTC</key><date>2024-05-22T16:40:05Z</date>
			<key>Skip Count</key><integer>1</integer>
			<key>Skip Date</key><date>2024-05-25T03:37:45Z</date>
			<key>Release Date</key><date>1966-08-12T12:00:00Z</date>
			<key>Loved</key><true/>
			<key>Artwork Count</key><integer>1</integer>
			<key>Sort Album</key><string>Feel Of Neil Diamond</string>
			<key>Sort Artist</key><string>Neil Diamond</string>
			<key>Sort Name</key><string>Cherry, Cherry</string>
			<key>Persistent ID</key><string>463177B79B811336</string>
			<key>Track Type</key><string>Remote</string>
			<key>Apple Music</key><true/>
		</dict>
		<key>13985</key>
		<dict>
			<key>Track ID</key><integer>13985</integer>
			<key>Name</key><string>End of Beginning</string>
			<key>Artist</key><string>Djo</string>
			<key>Album Artist</key><string>Djo</string>
			<key>Composer</key><string>Joe Keery</string>
			<key>Album</key><string>DECIDE</string>
			<key>Genre</key><string>Music</string>
			<key>Kind</key><string>Apple Music AAC audio file</string>
			<key>Size</key><integer>5875067</integer>
			<key>Total Time</key><integer>159246</integer>
			<key>Disc Number</key><integer>1</integer>
			<key>Disc Count</key><integer>1</integer>
			<key>Track Number</key><integer>6</integer>
			<key>Track Count</key><integer>13</integer>
			<key>Year</key><integer>2024</integer>
			<key>Date Modified</key><date>2024-05-25T05:38:16Z</date>
			<key>Date Added</key><date>2024-05-25T05:38:16Z</date>
			<key>Bit Rate</key><integer>256</integer>
			<key>Sample Rate</key><integer>44100</integer>
			<key>Play Count</key><integer>4</integer>
			<key>Play Date</key><integer>3832134292</integer>
			<key>Play Date UTC</key><date>2025-06-07T15:44:52Z</date>
			<key>Release Date</key><date>2024-03-01T12:00:00Z</date>
			<key>Loved</key><true/>
			<key>Artwork Count</key><integer>1</integer>
			<key>Sort Album</key><string>DECIDE</string>
			<key>Sort Artist</key><string>Djo</string>
			<key>Sort Name</key><string>End of Beginning</string>
			<key>Persistent ID</key><string>624824B0DAAAC32A</string>
			<key>Track Type</key><string>Remote</string>
			<key>Apple Music</key><true/>
		</dict>
		<key>13995</key>
		<dict>
			<key>Track ID</key><integer>13995</integer>
			<key>Name</key><string>An Ear To The Chest</string>
			<key>Artist</key><string>Lewsberg</string>
			<key>Album Artist</key><string>Lewsberg</string>
			<key>Composer</key><string>Michiel Klein, Shalita Dietrich &#38; Marrit Meinema</string>
			<key>Album</key><string>Out And About</string>
			<key>Genre</key><string>Music</string>
			<key>Kind</key><string>Apple Music AAC audio file</string>
			<key>Size</key><integer>6479519</integer>
			<key>Total Time</key><integer>180045</integer>
			<key>Disc Number</key><integer>1</integer>
			<key>Disc Count</key><integer>1</integer>
			<key>Track Number</key><integer>3</integer>
			<key>Track Count</key><integer>11</integer>
			<key>Year</key><integer>2023</integer>
			<key>Date Modified</key><date>2024-06-05T04:10:30Z</date>
			<key>Date Added</key><date>2024-06-05T04:10:30Z</date>
			<key>Bit Rate</key><integer>256</integer>
			<key>Sample Rate</key><integer>44100</integer>
			<key>Play Count</key><integer>18</integer>
			<key>Play Date</key><integer>3816403731</integer>
			<key>Play Date UTC</key><date>2024-12-07T15:08:51Z</date>
			<key>Skip Count</key><integer>1</integer>
			<key>Skip Date</key><date>2024-12-08T08:32:54Z</date>
			<key>Release Date</key><date>2023-09-15T12:00:00Z</date>
			<key>Loved</key><true/>
			<key>Artwork Count</key><integer>1</integer>
			<key>Sort Album</key><string>Out And About</string>
			<key>Sort Artist</key><string>Lewsberg</string>
			<key>Sort Name</key><string>Ear To The Chest</string>
			<key>Persistent ID</key><string>00A4D98EA20A19D6</string>
			<key>Track Type</key><string>Remote</string>
			<key>Apple Music</key><true/>
		</dict>
		<key>14021</key>
		<dict>
			<key>Track ID</key><integer>14021</integer>
			<key>Name</key><string>Genesis.</string>
			<key>Artist</key><string>RAYE</string>
			<key>Album Artist</key><string>RAYE</string>
			<key>Composer</key><string>Rachel Keen, Rodney Jerkins, Marvin Hemmings, Shankar Ravindran &#38; Tom Richards</string>
			<key>Album</key><string>Genesis. - EP</string>
			<key>Genre</key><string>Music</string>
			<key>Kind</key><string>Apple Music AAC audio file</string>
			<key>Size</key><integer>14554466</integer>
			<key>Total Time</key><integer>420000</integer>
			<key>Disc Number</key><integer>1</integer>
			<key>Disc Count</key><integer>1</integer>
			<key>Track Number</key><integer>1</integer>
			<key>Track Count</key><integer>5</integer>
			<key>Year</key><integer>2024</integer>
			<key>Date Modified</key><date>2024-06-15T16:52:49Z</date>
			<key>Date Added</key><date>2024-06-15T16:52:49Z</date>
			<key>Bit Rate</key><integer>256</integer>
			<key>Sample Rate</key><integer>44100</integer>
			<key>Play Count</key><integer>10</integer>
			<key>Play Date</key><integer>3814106995</integer>
			<key>Play Date UTC</key><date>2024-11-11T01:09:55Z</date>
			<key>Release Date</key><date>2024-06-07T12:00:00Z</date>
			<key>Loved</key><true/>
			<key>Artwork Count</key><integer>1</integer>
			<key>Sort Album</key><string>Genesis. - EP</string>
			<key>Sort Artist</key><string>RAYE</string>
			<key>Sort Name</key><string>Genesis.</string>
			<key>Persistent ID</key><string>FBD8790B2C3DD3C7</string>
			<key>Explicit</key><true/>
			<key>Track Type</key><string>Remote</string>
			<key>Apple Music</key><true/>
		</dict>
		<key>14023</key>
		<dict>
			<key>Track ID</key><integer>14023</integer>
			<key>Name</key><string>Sexy to Someone</string>
			<key>Artist</key><string>Clairo</string>
			<key>Album Artist</key><string>Clairo</string>
			<key>Composer</key><string>Claire Cottrill, Leon Michels, Homer Steinweiss &#38; Nick Movshon</string>
			<key>Album</key><string>Charm</string>
			<key>Genre</key><string>Music</string>
			<key>Kind</key><string>Apple Music AAC audio file</string>
			<key>Size</key><integer>7527867</integer>
			<key>Total Time</key><integer>207796</integer>
			<key>Disc Number</key><integer>1</integer>
			<key>Disc Count</key><integer>1</integer>
			<key>Track Number</key><integer>2</integer>
			<key>Track Count</key><integer>11</integer>
			<key>Year</key><integer>2024</integer>
			<key>Date Modified</key><date>2024-06-15T16:55:28Z</date>
			<key>Date Added</key><date>2024-06-15T16:55:28Z</date>
			<key>Bit Rate</key><integer>256</integer>
			<key>Sample Rate</key><integer>44100</integer>
			<key>Play Count</key><integer>103</integer>
			<key>Play Date</key><integer>3832136915</integer>
			<key>Play Date UTC</key><date>2025-06-07T16:28:35Z</date>
			<key>Skip Count</key><integer>2</integer>
			<key>Skip Date</key><date>2024-12-09T22:32:23Z</date>
			<key>Release Date</key><date>2024-05-23T07:00:00Z</date>
			<key>Loved</key><true/>
			<key>Artwork Count</key><integer>1</integer>
			<key>Sort Album</key><string>Charm</string>
			<key>Sort Artist</key><string>Clairo</string>
			<key>Sort Name</key><string>Sexy to Someone</string>
			<key>Persistent ID</key><string>C5CB6AB3B76482FE</string>
			<key>Track Type</key><string>Remote</string>
			<key>Apple Music</key><true/>
		</dict>
		<key>14025</key>
		<dict>
			<key>Track ID</key><integer>14025</integer>
			<key>Name</key><string>You Know You're Right</string>
			<key>Artist</key><string>Nirvana</string>
			<key>Album Artist</key><string>Nirvana</string>
			<key>Composer</key><string>Kurt Cobain</string>
			<key>Album</key><string>Nirvana</string>
			<key>Genre</key><string>Music</string>
			<key>Kind</key><string>Apple Music AAC audio file</string>
			<key>Size</key><integer>7769039</integer>
			<key>Total Time</key><integer>217000</integer>
			<key>Disc Number</key><integer>1</integer>
			<key>Disc Count</key><integer>1</integer>
			<key>Track Number</key><integer>1</integer>
			<key>Track Count</key><integer>14</integer>
			<key>Year</key><integer>2002</integer>
			<key>Date Modified</key><date>2024-06-16T05:43:48Z</date>
			<key>Date Added</key><date>2024-06-16T05:43:48Z</date>
			<key>Bit Rate</key><integer>256</integer>
			<key>Sample Rate</key><integer>44100</integer>
			<key>Play Count</key><integer>17</integer>
			<key>Play Date</key><integer>3816390664</integer>
			<key>Play Date UTC</key><date>2024-12-07T11:31:04Z</date>
			<key>Release Date</key><date>2002-10-08T12:00:00Z</date>
			<key>Loved</key><true/>
			<key>Compilation</key><true/>
			<key>Artwork Count</key><integer>1</integer>
			<key>Sort Album</key><string>Nirvana</string>
			<key>Sort Artist</key><string>Nirvana</string>
			<key>Sort Name</key><string>You Know You're Right</string>
			<key>Persistent ID</key><string>2A56FF408C354257</string>
			<key>Track Type</key><string>Remote</string>
			<key>Apple Music</key><true/>
		</dict>
		<key>14065</key>
		<dict>
			<key>Track ID</key><integer>14065</integer>
			<key>Name</key><string>Police On My Back (Remastered)</string>
			<key>Artist</key><string>The Clash</string>
			<key>Album Artist</key><string>The Clash</string>
			<key>Composer</key><string>Edmond Grant</string>
			<key>Album</key><string>Sandinista! (Remastered)</string>
			<key>Genre</key><string>Music</string>
			<key>Kind</key><string>Apple Music AAC audio file</string>
			<key>Size</key><integer>7506560</integer>
			<key>Total Time</key><integer>196954</integer>
			<key>Disc Number</key><integer>1</integer>
			<key>Disc Count</key><integer>1</integer>
			<key>Track Number</key><integer>19</integer>
			<key>Track Count</key><integer>36</integer>
			<key>Year</key><integer>1980</integer>
			<key>Date Modified</key><date>2024-06-22T03:38:06Z</date>
			<key>Date Added</key><date>2024-06-22T03:38:06Z</date>
			<key>Bit Rate</key><integer>256</integer>
			<key>Sample Rate</key><integer>44100</integer>
			<key>Play Count</key><integer>59</integer>
			<key>Play Date</key><integer>3834418540</integer>
			<key>Play Date UTC</key><date>2025-07-04T02:15:40Z</date>
			<key>Skip Count</key><integer>1</integer>
			<key>Skip Date</key><date>2025-01-08T21:55:12Z</date>
			<key>Release Date</key><date>1980-12-12T08:00:00Z</date>
			<key>Loved</key><true/>
			<key>Artwork Count</key><integer>1</integer>
			<key>Sort Album</key><string>Sandinista! (Remastered)</string>
			<key>Sort Album Artist</key><string>Clash</string>
			<key>Sort Artist</key><string>Clash</string>
			<key>Sort Name</key><string>Police On My Back (Remastered)</string>
			<key>Persistent ID</key><string>1B92638C997E5BD4</string>
			<key>Track Type</key><string>Remote</string>
			<key>Apple Music</key><true/>
		</dict>
		<key>14109</key>
		<dict>
			<key>Track ID</key><integer>14109</integer>
			<key>Name</key><string>I Think I Need a New Heart</string>
			<key>Artist</key><string>The Magnetic Fields</string>
			<key>Album Artist</key><string>The Magnetic Fields</string>
			<key>Album</key><string>69 Love Songs</string>
			<key>Genre</key><string>Music</string>
			<key>Kind</key><string>Apple Music AAC audio file</string>
			<key>Size</key><integer>5763033</integer>
			<key>Total Time</key><integer>152733</integer>
			<key>Disc Number</key><integer>1</integer>
			<key>Disc Count</key><integer>3</integer>
			<key>Track Number</key><integer>11</integer>
			<key>Track Count</key><integer>23</integer>
			<key>Year</key><integer>1999</integer>
			<key>Date Modified</key><date>2024-06-27T15:11:51Z</date>
			<key>Date Added</key><date>2024-06-27T15:11:51Z</date>
			<key>Bit Rate</key><integer>256</integer>
			<key>Sample Rate</key><integer>44100</integer>
			<key>Play Count</key><integer>67</integer>
			<key>Play Date</key><integer>3832136288</integer>
			<key>Play Date UTC</key><date>2025-06-07T16:18:08Z</date>
			<key>Skip Count</key><integer>1</integer>
			<key>Skip Date</key><date>2024-12-05T16:07:49Z</date>
			<key>Release Date</key><date>1999-09-07T07:00:00Z</date>
			<key>Loved</key><true/>
			<key>Artwork Count</key><integer>1</integer>
			<key>Sort Album</key><string>69 Love Songs</string>
			<key>Sort Album Artist</key><string>Magnetic Fields</string>
			<key>Sort Artist</key><string>Magnetic Fields</string>
			<key>Sort Name</key><string>I Think I Need a New Heart</string>
			<key>Persistent ID</key><string>03C0E1B5A4C4AB65</string>
			<key>Track Type</key><string>Remote</string>
			<key>Apple Music</key><true/>
		</dict>
		<key>14111</key>
		<dict>
			<key>Track ID</key><integer>14111</integer>
			<key>Name</key><string>Velouria</string>
			<key>Artist</key><string>Pixies</string>
			<key>Album Artist</key><string>Pixies</string>
			<key>Composer</key><string>Black Francis</string>
			<key>Album</key><string>Bossanova</string>
			<key>Genre</key><string>Music</string>
			<key>Kind</key><string>Apple Music AAC audio file</string>
			<key>Size</key><integer>8094644</integer>
			<key>Total Time</key><integer>220333</integer>
			<key>Disc Number</key><integer>1</integer>
			<key>Disc Count</key><integer>1</integer>
			<key>Track Number</key><integer>3</integer>
			<key>Track Count</key><integer>14</integer>
			<key>Year</key><integer>1990</integer>
			<key>Date Modified</key><date>2024-06-27T15:11:51Z</date>
			<key>Date Added</key><date>2024-06-27T15:11:51Z</date>
			<key>Bit Rate</key><integer>256</integer>
			<key>Sample Rate</key><integer>44100</integer>
			<key>Play Count</key><integer>91</integer>
			<key>Play Date</key><integer>3818093666</integer>
			<key>Play Date UTC</key><date>2024-12-27T04:34:26Z</date>
			<key>Skip Count</key><integer>3</integer>
			<key>Skip Date</key><date>2024-12-21T22:20:18Z</date>
			<key>Release Date</key><date>1990-07-16T12:00:00Z</date>
			<key>Loved</key><true/>
			<key>Artwork Count</key><integer>1</integer>
			<key>Sort Album</key><string>Bossanova</string>
			<key>Sort Artist</key><string>Pixies</string>
			<key>Sort Name</key><string>Velouria</string>
			<key>Persistent ID</key><string>813D96995945B76C</string>
			<key>Track Type</key><string>Remote</string>
			<key>Apple Music</key><true/>
		</dict>
		<key>14139</key>
		<dict>
			<key>Track ID</key><integer>14139</integer>
			<key>Name</key><string>Last Train Home</string>
			<key>Artist</key><string>John Mayer</string>
			<key>Album Artist</key><string>John Mayer</string>
			<key>Composer</key><string>John Mayer</string>
			<key>Album</key><string>Sob Rock</string>
			<key>Genre</key><string>Music</string>
			<key>Kind</key><string>Apple Music AAC audio file</string>
			<key>Size</key><integer>6671659</integer>
			<key>Total Time</key><integer>187310</integer>
			<key>Disc Number</key><integer>1</integer>
			<key>Disc Count</key><integer>1</integer>
			<key>Track Number</key><integer>1</integer>
			<key>Track Count</key><integer>10</integer>
			<key>Year</key><integer>2021</integer>
			<key>Date Modified</key><date>2024-06-27T15:12:33Z</date>
			<key>Date Added</key><date>2024-06-27T15:12:33Z</date>
			<key>Bit Rate</key><integer>256</integer>
			<key>Sample Rate</key><integer>44100</integer>
			<key>Play Count</key><integer>24</integer>
			<key>Play Date</key><integer>3832135522</integer>
			<key>Play Date UTC</key><date>2025-06-07T16:05:22Z</date>
			<key>Release Date</key><date>2021-06-04T07:00:00Z</date>
			<key>Loved</key><true/>
			<key>Artwork Count</key><integer>1</integer>
			<key>Sort Album</key><string>Sob Rock</string>
			<key>Sort Artist</key><string>John Mayer</string>
			<key>Sort Name</key><string>Last Train Home</string>
			<key>Persistent ID</key><string>57978BA90C333D45</string>
			<key>Track Type</key><string>Remote</string>
			<key>Apple Music</key><true/>
		</dict>
		<key>14149</key>
		<dict>
			<key>Track ID</key><integer>14149</integer>
			<key>Name</key><string>Via Chicago</string>
			<key>Artist</key><string>Wilco</string>
			<key>Album Artist</key><string>Wilco</string>
			<key>Composer</key><string>Jeff Tweedy &#38; Wilco</string>
			<key>Album</key><string>Summerteeth</string>
			<key>Genre</key><string>Music</string>
			<key>Kind</key><string>Apple Music AAC audio file</string>
			<key>Size</key><integer>11690832</integer>
			<key>Total Time</key><integer>333573</integer>
			<key>Disc Number</key><integer>1</integer>
			<key>Disc Count</key><integer>1</integer>
			<key>Track Number</key><integer>9</integer>
			<key>Track Count</key><integer>17</integer>
			<key>Year</key><integer>1999</integer>
			<key>Date Modified</key><date>2024-06-27T15:12:33Z</date>
			<key>Date Added</key><date>2024-06-27T15:12:33Z</date>
			<key>Bit Rate</key><integer>256</integer>
			<key>Sample Rate</key><integer>44100</integer>
			<key>Play Count</key><integer>10</integer>
			<key>Play Date</key><integer>3814126395</integer>
			<key>Play Date UTC</key><date>2024-11-11T06:33:15Z</date>
			<key>Skip Count</key><integer>1</integer>
			<key>Skip Date</key><date>2024-11-13T04:18:47Z</date>
			<key>Release Date</key><date>1999-03-08T12:00:00Z</date>
			<key>Loved</key><true/>
			<key>Artwork Count</key><integer>1</integer>
			<key>Sort Album</key><string>Summerteeth</string>
			<key>Sort Artist</key><string>Wilco</string>
			<key>Sort Name</key><string>Via Chicago</string>
			<key>Persistent ID</key><string>1C5C298C3D4945B6</string>
			<key>Track Type</key><string>Remote</string>
			<key>Apple Music</key><true/>
		</dict>
		<key>14153</key>
		<dict>
			<key>Track ID</key><integer>14153</integer>
			<key>Name</key><string>One Fine Day</string>
			<key>Artist</key><string>David Byrne &#38; Brian Eno</string>
			<key>Album Artist</key><string>David Byrne &#38; Brian Eno</string>
			<key>Album</key><string>Everything That Happens Will Happen Today</string>
			<key>Genre</key><string>Music</string>
			<key>Kind</key><string>Apple Music AAC audio file</string>
			<key>Size</key><integer>10827226</integer>
			<key>Total Time</key><integer>293640</integer>
			<key>Disc Number</key><integer>1</integer>
			<key>Disc Count</key><integer>1</integer>
			<key>Track Number</key><integer>9</integer>
			<key>Track Count</key><integer>11</integer>
			<key>Year</key><integer>2008</integer>
			<key>Date Modified</key><date>2024-06-27T15:20:13Z</date>
			<key>Date Added</key><date>2024-06-27T15:20:13Z</date>
			<key>Bit Rate</key><integer>256</integer>
			<key>Sample Rate</key><integer>44100</integer>
			<key>Play Count</key><integer>10</integer>
			<key>Play Date</key><integer>3814765773</integer>
			<key>Play Date UTC</key><date>2024-11-18T16:09:33Z</date>
			<key>Release Date</key><date>2008-08-04T07:00:00Z</date>
			<key>Loved</key><true/>
			<key>Artwork Count</key><integer>1</integer>
			<key>Sort Album</key><string>Everything That Happens Will Happen Today</string>
			<key>Sort Artist</key><string>David Byrne &#38; Brian Eno</string>
			<key>Sort Name</key><string>One Fine Day</string>
			<key>Persistent ID</key><string>03A87E844093D719</string>
			<key>Track Type</key><string>Remote</string>
			<key>Apple Music</key><true/>
		</dict>
		<key>14177</key>
		<dict>
			<key>Track ID</key><integer>14177</integer>
			<key>Name</key><string>New Noise</string>
			<key>Artist</key><string>Refused</string>
			<key>Album Artist</key><string>Refused</string>
			<key>Composer</key><string>Dennis Lyxzén, David Sandström, Kristofer Steen &#38; Jon F. Brannstrom</string>
			<key>Album</key><string>The Shape of Punk to Come</string>
			<key>Genre</key><string>Music</string>
			<key>Kind</key><string>Apple Music AAC audio file</string>
			<key>Size</key><integer>11895709</integer>
			<key>Total Time</key><integer>310200</integer>
			<key>Disc Number</key><integer>1</integer>
			<key>Disc Count</key><integer>1</integer>
			<key>Track Number</key><integer>6</integer>
			<key>Track Count</key><integer>12</integer>
			<key>Year</key><integer>1998</integer>
			<key>Date Modified</key><date>2024-06-27T16:15:27Z</date>
			<key>Date Added</key><date>2024-06-27T16:15:27Z</date>
			<key>Bit Rate</key><integer>256</integer>
			<key>Sample Rate</key><integer>44100</integer>
			<key>Comments</key><string>Red</string>
			<key>Play Count</key><integer>28</integer>
			<key>Play Date</key><integer>3816462892</integer>
			<key>Play Date UTC</key><date>2024-12-08T07:34:52Z</date>
			<key>Skip Count</key><integer>2</integer>
			<key>Skip Date</key><date>2025-04-08T17:14:53Z</date>
			<key>Release Date</key><date>1998-10-26T12:00:00Z</date>
			<key>Loved</key><true/>
			<key>Compilation</key><true/>
			<key>Artwork Count</key><integer>1</integer>
			<key>Sort Album</key><string>Shape of Punk to Come</string>
			<key>Sort Artist</key><string>Refused</string>
			<key>Sort Name</key><string>New Noise</string>
			<key>Persistent ID</key><string>8C7DFC20AD920F0D</string>
			<key>Track Type</key><string>Remote</string>
			<key>Apple Music</key><true/>
		</dict>
		<key>14179</key>
		<dict>
			<key>Track ID</key><integer>14179</integer>
			<key>Name</key><string>Big Songbirds Don't Cry</string>
			<key>Artist</key><string>Superviolet</string>
			<key>Album Artist</key><string>Superviolet</string>
			<key>Composer</key><string>Steve Ciolek</string>
			<key>Album</key><string>Infinite Spring</string>
			<key>Genre</key><string>Music</string>
			<key>Kind</key><string>Apple Music AAC audio file</string>
			<key>Size</key><integer>8451091</integer>
			<key>Total Time</key><integer>234500</integer>
			<key>Disc Number</key><integer>1</integer>
			<key>Disc Count</key><integer>1</integer>
			<key>Track Number</key><integer>3</integer>
			<key>Track Count</key><integer>10</integer>
			<key>Year</key><integer>2023</integer>
			<key>Date Modified</key><date>2024-06-28T00:24:34Z</date>
			<key>Date Added</key><date>2024-06-28T00:24:34Z</date>
			<key>Bit Rate</key><integer>256</integer>
			<key>Sample Rate</key><integer>44100</integer>
			<key>Comments</key><string>Green</string>
			<key>Play Count</key><integer>37</integer>
			<key>Play Date</key><integer>3818157575</integer>
			<key>Play Date UTC</key><date>2024-12-27T22:19:35Z</date>
			<key>Skip Count</key><integer>2</integer>
			<key>Skip Date</key><date>2024-12-21T21:58:52Z</date>
			<key>Release Date</key><date>2023-04-21T12:00:00Z</date>
			<key>Loved</key><true/>
			<key>Artwork Count</key><integer>1</integer>
			<key>Sort Album</key><string>Infinite Spring</string>
			<key>Sort Artist</key><string>Superviolet</string>
			<key>Sort Name</key><string>Big Songbirds Don't Cry</string>
			<key>Persistent ID</key><string>6E6DA8EC3E13E235</string>
			<key>Track Type</key><string>Remote</string>
			<key>Apple Music</key><true/>
		</dict>
		<key>14205</key>
		<dict>
			<key>Track ID</key><integer>14205</integer>
			<key>Name</key><string>Meditate (feat. J.I.D.)</string>
			<key>Artist</key><string>EARTHGANG</string>
			<key>Album Artist</key><string>EARTHGANG</string>
			<key>Album</key><string>Rags - EP</string>
			<key>Genre</key><string>Music</string>
			<key>Kind</key><string>Apple Music AAC audio file</string>
			<key>Size</key><integer>9730643</integer>
			<key>Total Time</key><integer>278084</integer>
			<key>Disc Number</key><integer>1</integer>
			<key>Disc Count</key><integer>1</integer>
			<key>Track Number</key><integer>1</integer>
			<key>Track Count</key><integer>5</integer>
			<key>Year</key><integer>2017</integer>
			<key>Date Modified</key><date>2024-07-03T04:38:36Z</date>
			<key>Date Added</key><date>2024-07-03T04:38:36Z</date>
			<key>Bit Rate</key><integer>256</integer>
			<key>Sample Rate</key><integer>44100</integer>
			<key>Part Of Gapless Album</key><true/>
			<key>Play Count</key><integer>10</integer>
			<key>Play Date</key><integer>3814114457</integer>
			<key>Play Date UTC</key><date>2024-11-11T03:14:17Z</date>
			<key>Release Date</key><date>2017-09-01T12:00:00Z</date>
			<key>Loved</key><true/>
			<key>Artwork Count</key><integer>1</integer>
			<key>Sort Album</key><string>Rags - EP</string>
			<key>Sort Artist</key><string>EARTHGANG</string>
			<key>Sort Name</key><string>Meditate (feat. J.I.D.)</string>
			<key>Persistent ID</key><string>12A4F0DA151E69A5</string>
			<key>Explicit</key><true/>
			<key>Track Type</key><string>Remote</string>
			<key>Apple Music</key><true/>
		</dict>
		<key>14207</key>
		<dict>
			<key>Track ID</key><integer>14207</integer>
			<key>Name</key><string>Pretty In Pink (Original Version)</string>
			<key>Artist</key><string>The Psychedelic Furs</string>
			<key>Album Artist</key><string>The Psychedelic Furs</string>
			<key>Composer</key><string>Richard Lofthouse Butler, Timothy Butler, John Ashton, Vincent Davey, Roger Morris &#38; Duncan Kilburn</string>
			<key>Album</key><string>Talk Talk Talk</string>
			<key>Genre</key><string>Music</string>
			<key>Kind</key><string>Apple Music AAC audio file</string>
			<key>Size</key><integer>8520781</integer>
			<key>Total Time</key><integer>239000</integer>
			<key>Disc Number</key><integer>1</integer>
			<key>Disc Count</key><integer>1</integer>
			<key>Track Number</key><integer>1</integer>
			<key>Track Count</key><integer>10</integer>
			<key>Year</key><integer>1981</integer>
			<key>Date Modified</key><date>2024-07-03T06:20:52Z</date>
			<key>Date Added</key><date>2024-07-03T06:20:52Z</date>
			<key>Bit Rate</key><integer>256</integer>
			<key>Sample Rate</key><integer>44100</integer>
			<key>Play Count</key><integer>46</integer>
			<key>Play Date</key><integer>3834428362</integer>
			<key>Play Date UTC</key><date>2025-07-04T04:59:22Z</date>
			<key>Skip Count</key><integer>2</integer>
			<key>Skip Date</key><date>2024-11-24T22:36:06Z</date>
			<key>Release Date</key><date>1981-01-01T08:00:00Z</date>
			<key>Loved</key><true/>
			<key>Artwork Count</key><integer>1</integer>
			<key>Sort Album Artist</key><string>Psychedelic Furs</string>
			<key>Sort Artist</key><string>Psychedelic Furs</string>
			<key>Sort Name</key><string>Pretty In Pink (Original Version)</string>
			<key>Persistent ID</key><string>5981F256E546921E</string>
			<key>Track Type</key><string>Remote</string>
			<key>Apple Music</key><true/>
		</dict>
		<key>14249</key>
		<dict>
			<key>Track ID</key><integer>14249</integer>
			<key>Name</key><string>Pale Shelter</string>
			<key>Artist</key><string>Tears for Fears</string>
			<key>Album Artist</key><string>Tears for Fears</string>
			<key>Composer</key><string>Roland Orzabal</string>
			<key>Album</key><string>The Hurting (Remastered)</string>
			<key>Genre</key><string>Music</string>
			<key>Kind</key><string>Apple Music AAC audio file</string>
			<key>Size</key><integer>9759720</integer>
			<key>Total Time</key><integer>273893</integer>
			<key>Disc Number</key><integer>1</integer>
			<key>Disc Count</key><integer>1</integer>
			<key>Track Number</key><integer>3</integer>
			<key>Track Count</key><integer>14</integer>
			<key>Year</key><integer>1982</integer>
			<key>Date Modified</key><date>2024-07-17T03:11:55Z</date>
			<key>Date Added</key><date>2024-07-17T03:11:55Z</date>
			<key>Bit Rate</key><integer>256</integer>
			<key>Sample Rate</key><integer>44100</integer>
			<key>Play Count</key><integer>12</integer>
			<key>Play Date</key><integer>3834416943</integer>
			<key>Play Date UTC</key><date>2025-07-04T01:49:03Z</date>
			<key>Release Date</key><date>1982-03-01T12:00:00Z</date>
			<key>Loved</key><true/>
			<key>Artwork Count</key><integer>1</integer>
			<key>Sort Album</key><string>Hurting (Remastered)</string>
			<key>Sort Artist</key><string>Tears for Fears</string>
			<key>Sort Name</key><string>Pale Shelter</string>
			<key>Persistent ID</key><string>F3B2BF485C6F8C7B</string>
			<key>Track Type</key><string>Remote</string>
			<key>Apple Music</key><true/>
		</dict>
		<key>14373</key>
		<dict>
			<key>Track ID</key><integer>14373</integer>
			<key>Name</key><string>X Gon' Give It To Ya</string>
			<key>Artist</key><string>DMX</string>
			<key>Album Artist</key><string>DMX</string>
			<key>Composer</key><string>Earl Simmons, Shatek King &#38; Kasseem Dean</string>
			<key>Album</key><string>The Definition of X: Pick of the Litter</string>
			<key>Genre</key><string>Music</string>
			<key>Kind</key><string>Apple Music AAC audio file</string>
			<key>Size</key><integer>7763806</integer>
			<key>Total Time</key><integer>217587</integer>
			<key>Disc Number</key><integer>1</integer>
			<key>Disc Count</key><integer>1</integer>
			<key>Track Number</key><integer>11</integer>
			<key>Track Count</key><integer>20</integer>
			<key>Year</key><integer>2003</integer>
			<key>Date Modified</key><date>2024-08-06T14:05:17Z</date>
			<key>Date Added</key><date>2024-08-06T14:05:17Z</date>
			<key>Bit Rate</key><integer>256</integer>
			<key>Sample Rate</key><integer>44100</integer>
			<key>Play Count</key><integer>3</integer>
			<key>Play Date</key><integer>3813577172</integer>
			<key>Play Date UTC</key><date>2024-11-04T21:59:32Z</date>
			<key>Skip Count</key><integer>1</integer>
			<key>Skip Date</key><date>2024-11-04T02:56:18Z</date>
			<key>Release Date</key><date>2003-01-20T12:00:00Z</date>
			<key>Loved</key><true/>
			<key>Compilation</key><true/>
			<key>Artwork Count</key><integer>1</integer>
			<key>Sort Album</key><string>Definition of X: Pick of the Litter</string>
			<key>Sort Artist</key><string>DMX</string>
			<key>Sort Name</key><string>X Gon' Give It To Ya</string>
			<key>Persistent ID</key><string>B4C27FD9F7363692</string>
			<key>Explicit</key><true/>
			<key>Track Type</key><string>Remote</string>
			<key>Apple Music</key><true/>
		</dict>
		<key>14375</key>
		<dict>
			<key>Track ID</key><integer>14375</integer>
			<key>Name</key><string>Reflection</string>
			<key>Artist</key><string>Ichika Nito &#38; Clara Benin</string>
			<key>Album Artist</key><string>Ichika Nito &#38; Clara Benin</string>
			<key>Composer</key><string>Ichika Nito</string>
			<key>Album</key><string>Reflection - Single</string>
			<key>Genre</key><string>Music</string>
			<key>Kind</key><string>Apple Music AAC audio file</string>
			<key>Size</key><integer>7076710</integer>
			<key>Total Time</key><integer>202875</integer>
			<key>Disc Number</key><integer>1</integer>
			<key>Disc Count</key><integer>1</integer>
			<key>Track Number</key><integer>1</integer>
			<key>Track Count</key><integer>1</integer>
			<key>Year</key><integer>2023</integer>
			<key>Date Modified</key><date>2024-08-06T21:43:56Z</date>
			<key>Date Added</key><date>2024-08-06T21:43:56Z</date>
			<key>Bit Rate</key><integer>256</integer>
			<key>Sample Rate</key><integer>44100</integer>
			<key>Play Count</key><integer>11</integer>
			<key>Play Date</key><integer>3814795763</integer>
			<key>Play Date UTC</key><date>2024-11-19T00:29:23Z</date>
			<key>Release Date</key><date>2023-08-05T12:00:00Z</date>
			<key>Loved</key><true/>
			<key>Artwork Count</key><integer>1</integer>
			<key>Sort Album</key><string>Reflection - Single</string>
			<key>Sort Artist</key><string>Ichika Nito &#38; Clara Benin</string>
			<key>Sort Name</key><string>Reflection</string>
			<key>Persistent ID</key><string>0BF3E348B8EE1200</string>
			<key>Track Type</key><string>Remote</string>
			<key>Apple Music</key><true/>
		</dict>
		<key>14377</key>
		<dict>
			<key>Track ID</key><integer>14377</integer>
			<key>Name</key><string>Summer</string>
			<key>Artist</key><string>Vanilla</string>
			<key>Album Artist</key><string>Vanilla</string>
			<key>Composer</key><string>Hugo Harrison</string>
			<key>Album</key><string>Origin</string>
			<key>Genre</key><string>Music</string>
			<key>Kind</key><string>Apple Music AAC audio file</string>
			<key>Size</key><integer>10435818</integer>
			<key>Total Time</key><integer>280250</integer>
			<key>Disc Number</key><integer>1</integer>
			<key>Disc Count</key><integer>1</integer>
			<key>Track Number</key><integer>8</integer>
			<key>Track Count</key><integer>17</integer>
			<key>Year</key><integer>2015</integer>
			<key>Date Modified</key><date>2024-08-14T00:59:26Z</date>
			<key>Date Added</key><date>2024-08-14T00:59:26Z</date>
			<key>Bit Rate</key><integer>256</integer>
			<key>Sample Rate</key><integer>44100</integer>
			<key>Play Count</key><integer>10</integer>
			<key>Play Date</key><integer>3814126675</integer>
			<key>Play Date UTC</key><date>2024-11-11T06:37:55Z</date>
			<key>Release Date</key><date>2015-09-20T12:00:00Z</date>
			<key>Loved</key><true/>
			<key>Artwork Count</key><integer>1</integer>
			<key>Sort Album</key><string>Origin</string>
			<key>Sort Artist</key><string>Vanilla</string>
			<key>Sort Name</key><string>Summer</string>
			<key>Persistent ID</key><string>9EE98C01FF65207D</string>
			<key>Track Type</key><string>Remote</string>
			<key>Apple Music</key><true/>
		</dict>
		<key>14387</key>
		<dict>
			<key>Track ID</key><integer>14387</integer>
			<key>Name</key><string>Eye on the Bat</string>
			<key>Artist</key><string>Palehound</string>
			<key>Album Artist</key><string>Palehound</string>
			<key>Composer</key><string>E. Kempner</string>
			<key>Album</key><string>Eye on the Bat</string>
			<key>Genre</key><string>Music</string>
			<key>Kind</key><string>Apple Music AAC audio file</string>
			<key>Size</key><integer>6465576</integer>
			<key>Total Time</key><integer>176870</integer>
			<key>Disc Number</key><integer>1</integer>
			<key>Disc Count</key><integer>1</integer>
			<key>Track Number</key><integer>4</integer>
			<key>Track Count</key><integer>10</integer>
			<key>Year</key><integer>2023</integer>
			<key>Date Modified</key><date>2024-08-28T00:02:30Z</date>
			<key>Date Added</key><date>2024-08-28T00:02:30Z</date>
			<key>Bit Rate</key><integer>256</integer>
			<key>Sample Rate</key><integer>44100</integer>
			<key>Play Count</key><integer>18</integer>
			<key>Play Date</key><integer>3817398781</integer>
			<key>Play Date UTC</key><date>2024-12-19T03:33:01Z</date>
			<key>Release Date</key><date>2023-07-14T12:00:00Z</date>
			<key>Loved</key><true/>
			<key>Artwork Count</key><integer>1</integer>
			<key>Sort Album</key><string>Eye on the Bat</string>
			<key>Sort Artist</key><string>Palehound</string>
			<key>Sort Name</key><string>Eye on the Bat</string>
			<key>Persistent ID</key><string>AE32B69409754A9D</string>
			<key>Track Type</key><string>Remote</string>
			<key>Apple Music</key><true/>
		</dict>
		<key>14389</key>
		<dict>
			<key>Track ID</key><integer>14389</integer>
			<key>Name</key><string>Paint Me Silver</string>
			<key>Artist</key><string>Pond</string>
			<key>Album Artist</key><string>Pond</string>
			<key>Composer</key><string>Jay Watson, Nicholas Allbrook &#38; Todd Rundgren</string>
			<key>Album</key><string>The Weather</string>
			<key>Genre</key><string>Music</string>
			<key>Kind</key><string>Apple Music AAC audio file</string>
			<key>Size</key><integer>8024828</integer>
			<key>Total Time</key><integer>224973</integer>
			<key>Disc Number</key><integer>1</integer>
			<key>Disc Count</key><integer>1</integer>
			<key>Track Number</key><integer>3</integer>
			<key>Track Count</key><integer>11</integer>
			<key>Year</key><integer>2017</integer>
			<key>Date Modified</key><date>2024-08-28T00:05:24Z</date>
			<key>Date Added</key><date>2024-08-28T00:05:24Z</date>
			<key>Bit Rate</key><integer>256</integer>
			<key>Sample Rate</key><integer>44100</integer>
			<key>Play Count</key><integer>130</integer>
			<key>Play Date</key><integer>3832136512</integer>
			<key>Play Date UTC</key><date>2025-06-07T16:21:52Z</date>
			<key>Skip Count</key><integer>2</integer>
			<key>Skip Date</key><date>2024-12-05T16:07:57Z</date>
			<key>Release Date</key><date>2017-04-20T12:00:00Z</date>
			<key>Loved</key><true/>
			<key>Artwork Count</key><integer>1</integer>
			<key>Sort Album</key><string>Weather</string>
			<key>Sort Artist</key><string>Pond</string>
			<key>Sort Name</key><string>Paint Me Silver</string>
			<key>Persistent ID</key><string>CB52D9FA2A0039BC</string>
			<key>Track Type</key><string>Remote</string>
			<key>Apple Music</key><true/>
		</dict>
		<key>14415</key>
		<dict>
			<key>Track ID</key><integer>14415</integer>
			<key>Name</key><string>Peg</string>
			<key>Artist</key><string>Steely Dan</string>
			<key>Album Artist</key><string>Steely Dan</string>
			<key>Composer</key><string>Donald Fagen &#38; Walter Becker</string>
			<key>Album</key><string>Aja</string>
			<key>Genre</key><string>Music</string>
			<key>Kind</key><string>Apple Music AAC audio file</string>
			<key>Size</key><integer>9323250</integer>
			<key>Total Time</key><integer>237066</integer>
			<key>Disc Number</key><integer>1</integer>
			<key>Disc Count</key><integer>1</integer>
			<key>Track Number</key><integer>4</integer>
			<key>Track Count</key><integer>7</integer>
			<key>Year</key><integer>1977</integer>
			<key>Date Modified</key><date>2024-08-31T23:31:14Z</date>
			<key>Date Added</key><date>2024-08-31T23:31:14Z</date>
			<key>Bit Rate</key><integer>256</integer>
			<key>Sample Rate</key><integer>44100</integer>
			<key>Play Count</key><integer>13</integer>
			<key>Play Date</key><integer>3834427454</integer>
			<key>Play Date UTC</key><date>2025-07-04T04:44:14Z</date>
			<key>Skip Count</key><integer>1</integer>
			<key>Skip Date</key><date>2025-05-16T14:51:41Z</date>
			<key>Release Date</key><date>1977-09-23T12:00:00Z</date>
			<key>Loved</key><true/>
			<key>Artwork Count</key><integer>1</integer>
			<key>Sort Album</key><string>Aja</string>
			<key>Sort Artist</key><string>Steely Dan</string>
			<key>Sort Name</key><string>Peg</string>
			<key>Persistent ID</key><string>F59D02F6BF1156D9</string>
			<key>Track Type</key><string>Remote</string>
			<key>Apple Music</key><true/>
		</dict>
		<key>14447</key>
		<dict>
			<key>Track ID</key><integer>14447</integer>
			<key>Name</key><string>Wild God</string>
			<key>Artist</key><string>Nick Cave &#38; The Bad Seeds</string>
			<key>Album Artist</key><string>Nick Cave &#38; The Bad Seeds</string>
			<key>Composer</key><string>Nick Cave &#38; Warren Ellis</string>
			<key>Album</key><string>Wild God</string>
			<key>Genre</key><string>Music</string>
			<key>Kind</key><string>Apple Music AAC audio file</string>
			<key>Size</key><integer>12355894</integer>
			<key>Total Time</key><integer>319107</integer>
			<key>Disc Number</key><integer>1</integer>
			<key>Disc Count</key><integer>1</integer>
			<key>Track Number</key><integer>2</integer>
			<key>Track Count</key><integer>10</integer>
			<key>Year</key><integer>2024</integer>
			<key>Date Modified</key><date>2024-09-21T01:15:34Z</date>
			<key>Date Added</key><date>2024-09-21T01:15:34Z</date>
			<key>Bit Rate</key><integer>256</integer>
			<key>Sample Rate</key><integer>44100</integer>
			<key>Part Of Gapless Album</key><true/>
			<key>Play Count</key><integer>9</integer>
			<key>Play Date</key><integer>3814109275</integer>
			<key>Play Date UTC</key><date>2024-11-11T01:47:55Z</date>
			<key>Skip Count</key><integer>1</integer>
			<key>Skip Date</key><date>2024-11-12T15:56:55Z</date>
			<key>Release Date</key><date>2024-03-08T08:00:00Z</date>
			<key>Loved</key><true/>
			<key>Artwork Count</key><integer>1</integer>
			<key>Sort Album</key><string>Wild God</string>
			<key>Sort Artist</key><string>Nick Cave &#38; The Bad Seeds</string>
			<key>Sort Name</key><string>Wild God</string>
			<key>Persistent ID</key><string>1ABFE815F46D21A9</string>
			<key>Track Type</key><string>Remote</string>
			<key>Apple Music</key><true/>
		</dict>
		<key>14475</key>
		<dict>
			<key>Track ID</key><integer>14475</integer>
			<key>Name</key><string>killstreaks (feat. Don Toliver &#38; PinkPantheress)</string>
			<key>Artist</key><string>Baby Keem</string>
			<key>Album Artist</key><string>Baby Keem</string>
			<key>Composer</key><string>PinkPantheress, Hykeem Carter, Caleb Toliver, Jahaan Sweet &#38; Ruchaun Akers</string>
			<key>Album</key><string>The Melodic Blue (Deluxe)</string>
			<key>Genre</key><string>Music</string>
			<key>Kind</key><string>Apple Music AAC audio file</string>
			<key>Size</key><integer>7818113</integer>
			<key>Total Time</key><integer>215680</integer>
			<key>Disc Number</key><integer>2</integer>
			<key>Disc Count</key><integer>2</integer>
			<key>Track Number</key><integer>5</integer>
			<key>Track Count</key><integer>10</integer>
			<key>Year</key><integer>2022</integer>
			<key>Date Modified</key><date>2024-10-16T01:47:04Z</date>
			<key>Date Added</key><date>2024-10-16T01:47:04Z</date>
			<key>Bit Rate</key><integer>256</integer>
			<key>Sample Rate</key><integer>44100</integer>
			<key>Play Count</key><integer>21</integer>
			<key>Play Date</key><integer>3816935948</integer>
			<key>Play Date UTC</key><date>2024-12-13T18:59:08Z</date>
			<key>Skip Count</key><integer>3</integer>
			<key>Skip Date</key><date>2024-11-10T23:22:20Z</date>
			<key>Release Date</key><date>2022-10-28T12:00:00Z</date>
			<key>Loved</key><true/>
			<key>Artwork Count</key><integer>1</integer>
			<key>Sort Album</key><string>Melodic Blue (Deluxe)</string>
			<key>Sort Artist</key><string>Baby Keem</string>
			<key>Sort Name</key><string>killstreaks (feat. Don Toliver &#38; PinkPantheress)</string>
			<key>Persistent ID</key><string>136333AE68233B28</string>
			<key>Explicit</key><true/>
			<key>Track Type</key><string>Remote</string>
			<key>Apple Music</key><true/>
		</dict>
		<key>14477</key>
		<dict>
			<key>Track ID</key><integer>14477</integer>
			<key>Name</key><string>Black on Black on Black</string>
			<key>Artist</key><string>Frog</string>
			<key>Album Artist</key><string>Frog</string>
			<key>Composer</key><string>Daniel Joseph Bateman</string>
			<key>Album</key><string>Grog</string>
			<key>Genre</key><string>Music</string>
			<key>Kind</key><string>Apple Music AAC audio file</string>
			<key>Size</key><integer>7918758</integer>
			<key>Total Time</key><integer>219753</integer>
			<key>Disc Number</key><integer>1</integer>
			<key>Disc Count</key><integer>1</integer>
			<key>Track Number</key><integer>5</integer>
			<key>Track Count</key><integer>11</integer>
			<key>Year</key><integer>2023</integer>
			<key>Date Modified</key><date>2024-10-18T02:02:40Z</date>
			<key>Date Added</key><date>2024-10-18T02:02:40Z</date>
			<key>Bit Rate</key><integer>256</integer>
			<key>Sample Rate</key><integer>44100</integer>
			<key>Play Count</key><integer>22</integer>
			<key>Play Date</key><integer>3817386060</integer>
			<key>Play Date UTC</key><date>2024-12-19T00:01:00Z</date>
			<key>Release Date</key><date>2023-10-27T12:00:00Z</date>
			<key>Loved</key><true/>
			<key>Artwork Count</key><integer>1</integer>
			<key>Sort Album</key><string>Grog</string>
			<key>Sort Artist</key><string>Frog</string>
			<key>Sort Name</key><string>Black on Black on Black</string>
			<key>Persistent ID</key><string>5E6E92E5267F607D</string>
			<key>Explicit</key><true/>
			<key>Track Type</key><string>Remote</string>
			<key>Apple Music</key><true/>
		</dict>
		<key>14553</key>
		<dict>
			<key>Track ID</key><integer>14553</integer>
			<key>Name</key><string>Angel on a Satellite</string>
			<key>Artist</key><string>Magdalena Bay</string>
			<key>Album Artist</key><string>Magdalena Bay</string>
			<key>Composer</key><string>Matthew Lewin &#38; Mica Tenenbaum</string>
			<key>Album</key><string>Imaginal Disk</string>
			<key>Genre</key><string>Music</string>
			<key>Kind</key><string>Apple Music AAC audio file</string>
			<key>Size</key><integer>8745767</integer>
			<key>Total Time</key><integer>243427</integer>
			<key>Disc Number</key><integer>1</integer>
			<key>Disc Count</key><integer>1</integer>
			<key>Track Number</key><integer>14</integer>
			<key>Track Count</key><integer>15</integer>
			<key>Year</key><integer>2024</integer>
			<key>Date Modified</key><date>2024-11-02T07:41:08Z</date>
			<key>Date Added</key><date>2024-11-02T07:41:08Z</date>
			<key>Bit Rate</key><integer>256</integer>
			<key>Sample Rate</key><integer>44100</integer>
			<key>Play Count</key><integer>32</integer>
			<key>Play Date</key><integer>3830314506</integer>
			<key>Play Date UTC</key><date>2025-05-17T14:15:06Z</date>
			<key>Skip Count</key><integer>1</integer>
			<key>Skip Date</key><date>2025-04-08T17:21:22Z</date>
			<key>Release Date</key><date>2024-08-23T12:00:00Z</date>
			<key>Loved</key><true/>
			<key>Artwork Count</key><integer>1</integer>
			<key>Sort Album</key><string>Imaginal Disk</string>
			<key>Sort Artist</key><string>Magdalena Bay</string>
			<key>Sort Name</key><string>Angel on a Satellite</string>
			<key>Persistent ID</key><string>66C18604C7A8EA10</string>
			<key>Track Type</key><string>Remote</string>
			<key>Apple Music</key><true/>
		</dict>
		<key>14611</key>
		<dict>
			<key>Track ID</key><integer>14611</integer>
			<key>Name</key><string>If This World Were Mine</string>
			<key>Artist</key><string>Marvin Gaye &#38; Tammi Terrell</string>
			<key>Album Artist</key><string>Marvin Gaye &#38; Tammi Terrell</string>
			<key>Composer</key><string>Marvin Gaye</string>
			<key>Album</key><string>United</string>
			<key>Genre</key><string>Music</string>
			<key>Kind</key><string>Apple Music AAC audio file</string>
			<key>Size</key><integer>6689907</integer>
			<key>Total Time</key><integer>162061</integer>
			<key>Disc Number</key><integer>1</integer>
			<key>Disc Count</key><integer>1</integer>
			<key>Track Number</key><integer>9</integer>
			<key>Track Count</key><integer>12</integer>
			<key>Year</key><integer>1967</integer>
			<key>Date Modified</key><date>2024-11-26T20:01:02Z</date>
			<key>Date Added</key><date>2024-11-26T20:01:02Z</date>
			<key>Bit Rate</key><integer>256</integer>
			<key>Sample Rate</key><integer>44100</integer>
			<key>Play Count</key><integer>3</integer>
			<key>Play Date</key><integer>3819142354</integer>
			<key>Play Date UTC</key><date>2025-01-08T07:52:34Z</date>
			<key>Skip Count</key><integer>1</integer>
			<key>Skip Date</key><date>2025-01-20T19:40:31Z</date>
			<key>Release Date</key><date>1967-08-29T12:00:00Z</date>
			<key>Loved</key><true/>
			<key>Artwork Count</key><integer>1</integer>
			<key>Sort Album</key><string>United</string>
			<key>Sort Artist</key><string>Marvin Gaye &#38; Tammi Terrell</string>
			<key>Sort Name</key><string>If This World Were Mine</string>
			<key>Persistent ID</key><string>A80A4BADB05A4E7B</string>
			<key>Track Type</key><string>Remote</string>
			<key>Apple Music</key><true/>
		</dict>
		<key>14683</key>
		<dict>
			<key>Track ID</key><integer>14683</integer>
			<key>Name</key><string>Sidewalks (feat. Kendrick Lamar)</string>
			<key>Artist</key><string>The Weeknd</string>
			<key>Album Artist</key><string>The Weeknd</string>
			<key>Composer</key><string>Kendrick Lamar, Abel Tesfaye, Martin McKinney, Robert John Richardson, Dan Wilson &#38; Ali Shaheed Muhammad</string>
			<key>Album</key><string>Starboy</string>
			<key>Genre</key><string>Music</string>
			<key>Kind</key><string>Apple Music AAC audio file</string>
			<key>Size</key><integer>8235479</integer>
			<key>Total Time</key><integer>231358</integer>
			<key>Disc Number</key><integer>1</integer>
			<key>Disc Count</key><integer>1</integer>
			<key>Track Number</key><integer>9</integer>
			<key>Track Count</key><integer>18</integer>
			<key>Year</key><integer>2016</integer>
			<key>Date Modified</key><date>2024-12-12T03:07:43Z</date>
			<key>Date Added</key><date>2024-12-12T03:07:43Z</date>
			<key>Bit Rate</key><integer>256</integer>
			<key>Sample Rate</key><integer>44100</integer>
			<key>Play Count</key><integer>2</integer>
			<key>Play Date</key><integer>3819141798</integer>
			<key>Play Date UTC</key><date>2025-01-08T07:43:18Z</date>
			<key>Skip Count</key><integer>3</integer>
			<key>Skip Date</key><date>2025-01-23T21:02:35Z</date>
			<key>Release Date</key><date>2016-11-25T12:00:00Z</date>
			<key>Loved</key><true/>
			<key>Artwork Count</key><integer>1</integer>
			<key>Sort Album</key><string>Starboy</string>
			<key>Sort Album Artist</key><string>Weeknd</string>
			<key>Sort Artist</key><string>Weeknd</string>
			<key>Sort Name</key><string>Sidewalks (feat. Kendrick Lamar)</string>
			<key>Persistent ID</key><string>1A4FE87843F8F741</string>
			<key>Explicit</key><true/>
			<key>Track Type</key><string>Remote</string>
			<key>Apple Music</key><true/>
		</dict>
		<key>14703</key>
		<dict>
			<key>Track ID</key><integer>14703</integer>
			<key>Name</key><string>SLOW DANCING IN THE DARK</string>
			<key>Artist</key><string>Joji</string>
			<key>Album Artist</key><string>Joji</string>
			<key>Composer</key><string>George Miller &#38; Patrick Wimberly</string>
			<key>Album</key><string>BALLADS 1</string>
			<key>Genre</key><string>Music</string>
			<key>Kind</key><string>Apple Music AAC audio file</string>
			<key>Size</key><integer>7495235</integer>
			<key>Total Time</key><integer>209274</integer>
			<key>Disc Number</key><integer>1</integer>
			<key>Disc Count</key><integer>1</integer>
			<key>Track Number</key><integer>2</integer>
			<key>Track Count</key><integer>12</integer>
			<key>Year</key><integer>2018</integer>
			<key>Date Modified</key><date>2024-12-21T18:32:24Z</date>
			<key>Date Added</key><date>2024-12-21T18:32:24Z</date>
			<key>Bit Rate</key><integer>256</integer>
			<key>Sample Rate</key><integer>44100</integer>
			<key>Play Count</key><integer>2</integer>
			<key>Play Date</key><integer>3817642841</integer>
			<key>Play Date UTC</key><date>2024-12-21T23:20:41Z</date>
			<key>Release Date</key><date>2018-09-12T12:00:00Z</date>
			<key>Loved</key><true/>
			<key>Artwork Count</key><integer>1</integer>
			<key>Sort Album</key><string>BALLADS 1</string>
			<key>Sort Artist</key><string>Joji</string>
			<key>Sort Name</key><string>SLOW DANCING IN THE DARK</string>
			<key>Persistent ID</key><string>7A71624B5FF196CD</string>
			<key>Explicit</key><true/>
			<key>Track Type</key><string>Remote</string>
			<key>Apple Music</key><true/>
		</dict>
		<key>14705</key>
		<dict>
			<key>Track ID</key><integer>14705</integer>
			<key>Name</key><string>QKThr</string>
			<key>Artist</key><string>Aphex Twin</string>
			<key>Album Artist</key><string>Aphex Twin</string>
			<key>Album</key><string>Drukqs</string>
			<key>Genre</key><string>Music</string>
			<key>Kind</key><string>Apple Music AAC audio file</string>
			<key>Size</key><integer>3310693</integer>
			<key>Total Time</key><integer>87467</integer>
			<key>Disc Number</key><integer>1</integer>
			<key>Disc Count</key><integer>1</integer>
			<key>Track Number</key><integer>19</integer>
			<key>Track Count</key><integer>30</integer>
			<key>Year</key><integer>2001</integer>
			<key>Date Modified</key><date>2025-01-06T18:40:21Z</date>
			<key>Date Added</key><date>2025-01-06T18:40:21Z</date>
			<key>Bit Rate</key><integer>256</integer>
			<key>Sample Rate</key><integer>44100</integer>
			<key>Play Count</key><integer>6</integer>
			<key>Play Date</key><integer>3822478775</integer>
			<key>Play Date UTC</key><date>2025-02-15T22:39:35Z</date>
			<key>Release Date</key><date>2001-10-22T12:00:00Z</date>
			<key>Loved</key><true/>
			<key>Artwork Count</key><integer>1</integer>
			<key>Sort Album</key><string>Drukqs</string>
			<key>Sort Artist</key><string>Aphex Twin</string>
			<key>Sort Name</key><string>QKThr</string>
			<key>Persistent ID</key><string>24F63FD2F61FC803</string>
			<key>Track Type</key><string>Remote</string>
			<key>Apple Music</key><true/>
		</dict>
		<key>14725</key>
		<dict>
			<key>Track ID</key><integer>14725</integer>
			<key>Name</key><string>Nerve</string>
			<key>Artist</key><string>Do Nothing</string>
			<key>Album Artist</key><string>Do Nothing</string>
			<key>Composer</key><string>Andrew Harrison, Charlie Howarth, Chris Bailey &#38; Kasper Sandstrøm</string>
			<key>Album</key><string>Snake Sideways</string>
			<key>Genre</key><string>Music</string>
			<key>Kind</key><string>Apple Music AAC audio file</string>
			<key>Size</key><integer>6974489</integer>
			<key>Total Time</key><integer>183363</integer>
			<key>Disc Number</key><integer>1</integer>
			<key>Disc Count</key><integer>1</integer>
			<key>Track Number</key><integer>1</integer>
			<key>Track Count</key><integer>10</integer>
			<key>Year</key><integer>2023</integer>
			<key>Date Modified</key><date>2025-01-10T04:46:41Z</date>
			<key>Date Added</key><date>2025-01-10T04:46:41Z</date>
			<key>Bit Rate</key><integer>256</integer>
			<key>Sample Rate</key><integer>44100</integer>
			<key>Play Count</key><integer>5</integer>
			<key>Play Date</key><integer>3832134475</integer>
			<key>Play Date UTC</key><date>2025-06-07T15:47:55Z</date>
			<key>Skip Count</key><integer>1</integer>
			<key>Skip Date</key><date>2025-02-19T03:23:49Z</date>
			<key>Release Date</key><date>2023-06-30T12:00:00Z</date>
			<key>Loved</key><true/>
			<key>Artwork Count</key><integer>1</integer>
			<key>Sort Album</key><string>Snake Sideways</string>
			<key>Sort Artist</key><string>Do Nothing</string>
			<key>Sort Name</key><string>Nerve</string>
			<key>Persistent ID</key><string>7CF75A04FF778F43</string>
			<key>Track Type</key><string>Remote</string>
			<key>Apple Music</key><true/>
		</dict>
		<key>14727</key>
		<dict>
			<key>Track ID</key><integer>14727</integer>
			<key>Name</key><string>Make It Wit Chu</string>
			<key>Artist</key><string>Queens of the Stone Age</string>
			<key>Album Artist</key><string>Queens of the Stone Age</string>
			<key>Composer</key><string>Joshua Homme, Alain Johannes &#38; Michael Melchiondo</string>
			<key>Album</key><string>Era Vulgaris</string>
			<key>Genre</key><string>Music</string>
			<key>Kind</key><string>Apple Music AAC audio file</string>
			<key>Size</key><integer>10560833</integer>
			<key>Total Time</key><integer>290493</integer>
			<key>Disc Number</key><integer>1</integer>
			<key>Disc Count</key><integer>1</integer>
			<key>Track Number</key><integer>7</integer>
			<key>Track Count</key><integer>12</integer>
			<key>Year</key><integer>2007</integer>
			<key>Date Modified</key><date>2025-01-10T04:46:41Z</date>
			<key>Date Added</key><date>2025-01-10T04:46:41Z</date>
			<key>Bit Rate</key><integer>256</integer>
			<key>Sample Rate</key><integer>44100</integer>
			<key>Play Count</key><integer>7</integer>
			<key>Play Date</key><integer>3830360263</integer>
			<key>Play Date UTC</key><date>2025-05-18T02:57:43Z</date>
			<key>Skip Count</key><integer>3</integer>
			<key>Skip Date</key><date>2025-04-08T17:29:34Z</date>
			<key>Release Date</key><date>2007-01-01T12:00:00Z</date>
			<key>Loved</key><true/>
			<key>Artwork Count</key><integer>1</integer>
			<key>Sort Album</key><string>Era Vulgaris</string>
			<key>Sort Artist</key><string>Queens of the Stone Age</string>
			<key>Sort Name</key><string>Make It Wit Chu</string>
			<key>Persistent ID</key><string>21E812A51EB41182</string>
			<key>Track Type</key><string>Remote</string>
			<key>Apple Music</key><true/>
		</dict>
		<key>14749</key>
		<dict>
			<key>Track ID</key><integer>14749</integer>
			<key>Name</key><string>Risingson</string>
			<key>Artist</key><string>Massive Attack</string>
			<key>Album Artist</key><string>Massive Attack</string>
			<key>Composer</key><string>Andrew Vowles, Grantley Marshall &#38; Robert Del Naja</string>
			<key>Album</key><string>Mezzanine</string>
			<key>Genre</key><string>Music</string>
			<key>Kind</key><string>Apple Music AAC audio file</string>
			<key>Size</key><integer>10408734</integer>
			<key>Total Time</key><integer>298827</integer>
			<key>Disc Number</key><integer>1</integer>
			<key>Disc Count</key><integer>1</integer>
			<key>Track Number</key><integer>2</integer>
			<key>Track Count</key><integer>11</integer>
			<key>Year</key><integer>1997</integer>
			<key>Date Modified</key><date>2025-01-11T03:25:21Z</date>
			<key>Date Added</key><date>2025-01-11T03:25:21Z</date>
			<key>Bit Rate</key><integer>256</integer>
			<key>Sample Rate</key><integer>44100</integer>
			<key>Play Count</key><integer>20</integer>
			<key>Play Date</key><integer>3832851248</integer>
			<key>Play Date UTC</key><date>2025-06-15T22:54:08Z</date>
			<key>Skip Count</key><integer>1</integer>
			<key>Skip Date</key><date>2025-01-28T04:09:36Z</date>
			<key>Release Date</key><date>1997-07-07T07:00:00Z</date>
			<key>Loved</key><true/>
			<key>Artwork Count</key><integer>1</integer>
			<key>Sort Album</key><string>Mezzanine</string>
			<key>Sort Artist</key><string>Massive Attack</string>
			<key>Sort Name</key><string>Risingson</string>
			<key>Persistent ID</key><string>BF912E5EB1613BA1</string>
			<key>Track Type</key><string>Remote</string>
			<key>Apple Music</key><true/>
		</dict>
		<key>15075</key>
		<dict>
			<key>Track ID</key><integer>15075</integer>
			<key>Name</key><string>5 Dollar Pony Rides</string>
			<key>Artist</key><string>Mac Miller</string>
			<key>Album Artist</key><string>Mac Miller</string>
			<key>Composer</key><string>Jameel Bruner, Malcolm McCormick, Ronald Bruner, Jr. &#38; Stephen Bruner</string>
			<key>Album</key><string>Balloonerism</string>
			<key>Genre</key><string>Music</string>
			<key>Kind</key><string>Apple Music AAC audio file</string>
			<key>Size</key><integer>8079069</integer>
			<key>Total Time</key><integer>222119</integer>
			<key>Disc Number</key><integer>1</integer>
			<key>Disc Count</key><integer>1</integer>
			<key>Track Number</key><integer>4</integer>
			<key>Track Count</key><integer>14</integer>
			<key>Year</key><integer>2025</integer>
			<key>Date Modified</key><date>2025-01-27T21:55:29Z</date>
			<key>Date Added</key><date>2025-01-27T21:55:29Z</date>
			<key>Bit Rate</key><integer>256</integer>
			<key>Sample Rate</key><integer>44100</integer>
			<key>Play Count</key><integer>35</integer>
			<key>Play Date</key><integer>3832845933</integer>
			<key>Play Date UTC</key><date>2025-06-15T21:25:33Z</date>
			<key>Skip Count</key><integer>1</integer>
			<key>Skip Date</key><date>2025-03-14T22:21:57Z</date>
			<key>Release Date</key><date>2025-01-09T08:00:00Z</date>
			<key>Loved</key><true/>
			<key>Artwork Count</key><integer>1</integer>
			<key>Sort Album</key><string>Balloonerism</string>
			<key>Sort Artist</key><string>Mac Miller</string>
			<key>Sort Name</key><string>5 Dollar Pony Rides</string>
			<key>Persistent ID</key><string>D4FEEF1C982C43DD</string>
			<key>Track Type</key><string>Remote</string>
			<key>Apple Music</key><true/>
		</dict>
		<key>15181</key>
		<dict>
			<key>Track ID</key><integer>15181</integer>
			<key>Name</key><string>Them Bones</string>
			<key>Artist</key><string>Alice In Chains</string>
			<key>Album Artist</key><string>Alice In Chains</string>
			<key>Composer</key><string>Jerry Cantrell</string>
			<key>Album</key><string>Dirt (Remastered)</string>
			<key>Genre</key><string>Music</string>
			<key>Kind</key><string>Apple Music AAC audio file</string>
			<key>Size</key><integer>5691621</integer>
			<key>Total Time</key><integer>149467</integer>
			<key>Disc Number</key><integer>1</integer>
			<key>Disc Count</key><integer>1</integer>
			<key>Track Number</key><integer>1</integer>
			<key>Track Count</key><integer>13</integer>
			<key>Year</key><integer>1992</integer>
			<key>Date Modified</key><date>2025-01-28T04:48:50Z</date>
			<key>Date Added</key><date>2025-01-28T04:48:50Z</date>
			<key>Bit Rate</key><integer>256</integer>
			<key>Sample Rate</key><integer>44100</integer>
			<key>Play Count</key><integer>28</integer>
			<key>Play Date</key><integer>3834722199</integer>
			<key>Play Date UTC</key><date>2025-07-07T14:36:39Z</date>
			<key>Skip Count</key><integer>4</integer>
			<key>Skip Date</key><date>2025-04-08T17:22:57Z</date>
			<key>Release Date</key><date>1992-09-08T07:00:00Z</date>
			<key>Loved</key><true/>
			<key>Artwork Count</key><integer>1</integer>
			<key>Sort Album</key><string>Dirt (Remastered)</string>
			<key>Sort Artist</key><string>Alice In Chains</string>
			<key>Sort Name</key><string>Them Bones</string>
			<key>Persistent ID</key><string>FB6FAC844B1BB5AB</string>
			<key>Track Type</key><string>Remote</string>
			<key>Apple Music</key><true/>
		</dict>
		<key>15195</key>
		<dict>
			<key>Track ID</key><integer>15195</integer>
			<key>Name</key><string>Using What You Got</string>
			<key>Artist</key><string>Flying Lotus</string>
			<key>Album Artist</key><string>Flying Lotus</string>
			<key>Album</key><string>Yasuke</string>
			<key>Genre</key><string>Music</string>
			<key>Kind</key><string>Apple Music AAC audio file</string>
			<key>Size</key><integer>2719947</integer>
			<key>Total Time</key><integer>65293</integer>
			<key>Disc Number</key><integer>1</integer>
			<key>Disc Count</key><integer>1</integer>
			<key>Track Number</key><integer>12</integer>
			<key>Track Count</key><integer>26</integer>
			<key>Year</key><integer>2021</integer>
			<key>Date Modified</key><date>2025-01-30T05:02:29Z</date>
			<key>Date Added</key><date>2025-01-30T05:02:29Z</date>
			<key>Bit Rate</key><integer>256</integer>
			<key>Sample Rate</key><integer>44100</integer>
			<key>Play Count</key><integer>18</integer>
			<key>Play Date</key><integer>3830340521</integer>
			<key>Play Date UTC</key><date>2025-05-17T21:28:41Z</date>
			<key>Skip Count</key><integer>2</integer>
			<key>Skip Date</key><date>2025-05-19T22:25:25Z</date>
			<key>Release Date</key><date>2021-04-30T12:00:00Z</date>
			<key>Loved</key><true/>
			<key>Artwork Count</key><integer>1</integer>
			<key>Sort Album</key><string>Yasuke</string>
			<key>Sort Artist</key><string>Flying Lotus</string>
			<key>Sort Name</key><string>Using What You Got</string>
			<key>Persistent ID</key><string>F4BE9F45836A568C</string>
			<key>Track Type</key><string>Remote</string>
			<key>Apple Music</key><true/>
		</dict>
		<key>15241</key>
		<dict>
			<key>Track ID</key><integer>15241</integer>
			<key>Name</key><string>Jah the Seventh Seal</string>
			<key>Artist</key><string>Goldie</string>
			<key>Album Artist</key><string>Goldie</string>
			<key>Composer</key><string>Clifford Price, Goldie, Playford, Price, R.Playford &#38; Robert Playford</string>
			<key>Album</key><string>Timeless</string>
			<key>Genre</key><string>Music</string>
			<key>Kind</key><string>Apple Music AAC audio file</string>
			<key>Size</key><integer>13431019</integer>
			<key>Total Time</key><integer>384253</integer>
			<key>Disc Number</key><integer>1</integer>
			<key>Disc Count</key><integer>1</integer>
			<key>Track Number</key><integer>6</integer>
			<key>Track Count</key><integer>14</integer>
			<key>Year</key><integer>1995</integer>
			<key>Date Modified</key><date>2025-01-31T07:32:39Z</date>
			<key>Date Added</key><date>2025-01-31T07:32:39Z</date>
			<key>Bit Rate</key><integer>256</integer>
			<key>Sample Rate</key><integer>44100</integer>
			<key>Play Count</key><integer>4</integer>
			<key>Play Date</key><integer>3830343364</integer>
			<key>Play Date UTC</key><date>2025-05-17T22:16:04Z</date>
			<key>Release Date</key><date>1995-01-01T12:00:00Z</date>
			<key>Loved</key><true/>
			<key>Artwork Count</key><integer>1</integer>
			<key>Sort Album</key><string>Timeless</string>
			<key>Sort Artist</key><string>Goldie</string>
			<key>Sort Name</key><string>Jah the Seventh Seal</string>
			<key>Persistent ID</key><string>0B9683CAA423C8A4</string>
			<key>Track Type</key><string>Remote</string>
			<key>Apple Music</key><true/>
		</dict>
		<key>15295</key>
		<dict>
			<key>Track ID</key><integer>15295</integer>
			<key>Name</key><string>She Said She Said</string>
			<key>Artist</key><string>The Beatles</string>
			<key>Album Artist</key><string>The Beatles</string>
			<key>Composer</key><string>John Lennon &#38; Paul McCartney</string>
			<key>Album</key><string>Revolver</string>
			<key>Genre</key><string>Music</string>
			<key>Kind</key><string>Apple Music AAC audio file</string>
			<key>Size</key><integer>6117610</integer>
			<key>Total Time</key><integer>156040</integer>
			<key>Disc Number</key><integer>1</integer>
			<key>Disc Count</key><integer>1</integer>
			<key>Track Number</key><integer>7</integer>
			<key>Track Count</key><integer>14</integer>
			<key>Year</key><integer>1966</integer>
			<key>Date Modified</key><date>2025-02-01T08:18:02Z</date>
			<key>Date Added</key><date>2025-02-01T08:18:02Z</date>
			<key>Bit Rate</key><integer>256</integer>
			<key>Sample Rate</key><integer>44100</integer>
			<key>Play Count</key><integer>2</integer>
			<key>Play Date</key><integer>3822744258</integer>
			<key>Play Date UTC</key><date>2025-02-19T00:24:18Z</date>
			<key>Release Date</key><date>1966-08-05T12:00:00Z</date>
			<key>Loved</key><true/>
			<key>Artwork Count</key><integer>1</integer>
			<key>Sort Album</key><string>Revolver</string>
			<key>Sort Album Artist</key><string>Beatles</string>
			<key>Sort Artist</key><string>Beatles</string>
			<key>Sort Name</key><string>She Said She Said</string>
			<key>Persistent ID</key><string>2AF799A13DB09096</string>
			<key>Track Type</key><string>Remote</string>
			<key>Apple Music</key><true/>
		</dict>
		<key>15361</key>
		<dict>
			<key>Track ID</key><integer>15361</integer>
			<key>Name</key><string>Hello, Hi</string>
			<key>Artist</key><string>Little Simz</string>
			<key>Album Artist</key><string>Little Simz</string>
			<key>Composer</key><string>Simbiatu Ajikawo, Shayan Vessal &#38; Pavlos Rigas</string>
			<key>Album</key><string>Hello, Hi - Single</string>
			<key>Genre</key><string>Music</string>
			<key>Kind</key><string>Apple Music AAC audio file</string>
			<key>Size</key><integer>5071369</integer>
			<key>Total Time</key><integer>135997</integer>
			<key>Disc Number</key><integer>1</integer>
			<key>Disc Count</key><integer>1</integer>
			<key>Track Number</key><integer>1</integer>
			<key>Track Count</key><integer>1</integer>
			<key>Year</key><integer>2024</integer>
			<key>Date Modified</key><date>2025-02-14T05:39:12Z</date>
			<key>Date Added</key><date>2025-02-14T05:39:12Z</date>
			<key>Bit Rate</key><integer>256</integer>
			<key>Sample Rate</key><integer>44100</integer>
			<key>Play Count</key><integer>4</integer>
			<key>Play Date</key><integer>3822489557</integer>
			<key>Play Date UTC</key><date>2025-02-16T01:39:17Z</date>
			<key>Release Date</key><date>2024-12-30T12:00:00Z</date>
			<key>Loved</key><true/>
			<key>Artwork Count</key><integer>1</integer>
			<key>Sort Album</key><string>Hello, Hi - Single</string>
			<key>Sort Artist</key><string>Little Simz</string>
			<key>Sort Name</key><string>Hello, Hi</string>
			<key>Persistent ID</key><string>CBF410F045577238</string>
			<key>Explicit</key><true/>
			<key>Track Type</key><string>Remote</string>
			<key>Apple Music</key><true/>
		</dict>
		<key>15383</key>
		<dict>
			<key>Track ID</key><integer>15383</integer>
			<key>Name</key><string>Space Cowboy</string>
			<key>Artist</key><string>Jamiroquai</string>
			<key>Album Artist</key><string>Jamiroquai</string>
			<key>Composer</key><string>Jason Kay</string>
			<key>Album</key><string>The Return of the Space Cowboy</string>
			<key>Genre</key><string>Music</string>
			<key>Kind</key><string>Apple Music AAC audio file</string>
			<key>Size</key><integer>14733769</integer>
			<key>Total Time</key><integer>386973</integer>
			<key>Disc Number</key><integer>1</integer>
			<key>Disc Count</key><integer>2</integer>
			<key>Track Number</key><integer>11</integer>
			<key>Track Count</key><integer>11</integer>
			<key>Year</key><integer>1994</integer>
			<key>Date Modified</key><date>2025-02-21T07:23:41Z</date>
			<key>Date Added</key><date>2025-02-21T07:23:41Z</date>
			<key>Bit Rate</key><integer>256</integer>
			<key>Sample Rate</key><integer>44100</integer>
			<key>Play Count</key><integer>25</integer>
			<key>Play Date</key><integer>3832851928</integer>
			<key>Play Date UTC</key><date>2025-06-15T23:05:28Z</date>
			<key>Skip Count</key><integer>2</integer>
			<key>Skip Date</key><date>2025-07-07T14:40:52Z</date>
			<key>Release Date</key><date>1994-09-26T12:00:00Z</date>
			<key>Loved</key><true/>
			<key>Artwork Count</key><integer>1</integer>
			<key>Sort Album</key><string>Return of the Space Cowboy (Remastered)</string>
			<key>Sort Artist</key><string>Jamiroquai</string>
			<key>Sort Name</key><string>Space Cowboy</string>
			<key>Persistent ID</key><string>ED4EC530C19E8945</string>
			<key>Track Type</key><string>Remote</string>
			<key>Apple Music</key><true/>
		</dict>
		<key>15387</key>
		<dict>
			<key>Track ID</key><integer>15387</integer>
			<key>Name</key><string>Staring at the Sun</string>
			<key>Artist</key><string>TV on the Radio</string>
			<key>Album Artist</key><string>TV on the Radio</string>
			<key>Album</key><string>Desperate Youth, Blood Thirsty Babes</string>
			<key>Genre</key><string>Music</string>
			<key>Kind</key><string>Apple Music AAC audio file</string>
			<key>Size</key><integer>7510948</integer>
			<key>Total Time</key><integer>206987</integer>
			<key>Disc Number</key><integer>1</integer>
			<key>Disc Count</key><integer>1</integer>
			<key>Track Number</key><integer>2</integer>
			<key>Track Count</key><integer>11</integer>
			<key>Year</key><integer>2004</integer>
			<key>Date Modified</key><date>2025-03-05T06:37:32Z</date>
			<key>Date Added</key><date>2025-03-05T06:37:32Z</date>
			<key>Bit Rate</key><integer>256</integer>
			<key>Sample Rate</key><integer>44100</integer>
			<key>Play Count</key><integer>29</integer>
			<key>Play Date</key><integer>3832842204</integer>
			<key>Play Date UTC</key><date>2025-06-15T20:23:24Z</date>
			<key>Skip Count</key><integer>1</integer>
			<key>Skip Date</key><date>2025-07-07T23:05:02Z</date>
			<key>Release Date</key><date>2004-03-09T12:00:00Z</date>
			<key>Loved</key><true/>
			<key>Artwork Count</key><integer>1</integer>
			<key>Sort Album</key><string>Desperate Youth, Blood Thirsty Babes</string>
			<key>Sort Artist</key><string>TV on the Radio</string>
			<key>Sort Name</key><string>Staring at the Sun</string>
			<key>Persistent ID</key><string>0DD210E56B686E80</string>
			<key>Track Type</key><string>Remote</string>
			<key>Apple Music</key><true/>
		</dict>
		<key>15441</key>
		<dict>
			<key>Track ID</key><integer>15441</integer>
			<key>Name</key><string>D&#62;E&#62;A&#62;T&#62;H&#62;M&#62;E&#62;T&#62;A&#62;L</string>
			<key>Artist</key><string>Panchiko</string>
			<key>Album Artist</key><string>Panchiko</string>
			<key>Composer</key><string>Panchiko</string>
			<key>Album</key><string>D&#62;E&#62;A&#62;T&#62;H&#62;M&#62;E&#62;T&#62;A&#62;L</string>
			<key>Genre</key><string>Music</string>
			<key>Kind</key><string>Apple Music AAC audio file</string>
			<key>Size</key><integer>9334919</integer>
			<key>Total Time</key><integer>261850</integer>
			<key>Disc Number</key><integer>1</integer>
			<key>Disc Count</key><integer>1</integer>
			<key>Track Number</key><integer>1</integer>
			<key>Track Count</key><integer>11</integer>
			<key>Year</key><integer>2000</integer>
			<key>Date Modified</key><date>2025-03-08T03:00:32Z</date>
			<key>Date Added</key><date>2025-03-08T03:00:32Z</date>
			<key>Bit Rate</key><integer>256</integer>
			<key>Sample Rate</key><integer>44100</integer>
			<key>Part Of Gapless Album</key><true/>
			<key>Play Count</key><integer>18</integer>
			<key>Play Date</key><integer>3832818633</integer>
			<key>Play Date UTC</key><date>2025-06-15T13:50:33Z</date>
			<key>Skip Count</key><integer>2</integer>
			<key>Skip Date</key><date>2025-06-04T15:28:15Z</date>
			<key>Release Date</key><date>2000-12-05T12:00:00Z</date>
			<key>Loved</key><true/>
			<key>Artwork Count</key><integer>1</integer>
			<key>Sort Album</key><string>D&#62;E&#62;A&#62;T&#62;H&#62;M&#62;E&#62;T&#62;A&#62;L</string>
			<key>Sort Artist</key><string>Panchiko</string>
			<key>Sort Name</key><string>D&#62;E&#62;A&#62;T&#62;H&#62;M&#62;E&#62;T&#62;A&#62;L</string>
			<key>Persistent ID</key><string>EA53AA545C87E066</string>
			<key>Track Type</key><string>Remote</string>
			<key>Apple Music</key><true/>
		</dict>
		<key>15459</key>
		<dict>
			<key>Track ID</key><integer>15459</integer>
			<key>Name</key><string>Secrets (Your Fire)</string>
			<key>Artist</key><string>Magdalena Bay</string>
			<key>Album Artist</key><string>Magdalena Bay</string>
			<key>Composer</key><string>Matthew Lewin &#38; Mica Tenenbaum</string>
			<key>Album</key><string>Mercurial World</string>
			<key>Genre</key><string>Music</string>
			<key>Kind</key><string>Apple Music AAC audio file</string>
			<key>Size</key><integer>8832371</integer>
			<key>Total Time</key><integer>245897</integer>
			<key>Disc Number</key><integer>1</integer>
			<key>Disc Count</key><integer>1</integer>
			<key>Track Number</key><integer>4</integer>
			<key>Track Count</key><integer>14</integer>
			<key>Year</key><integer>2021</integer>
			<key>Date Modified</key><date>2025-03-10T19:42:10Z</date>
			<key>Date Added</key><date>2025-03-10T19:42:10Z</date>
			<key>Bit Rate</key><integer>256</integer>
			<key>Sample Rate</key><integer>44100</integer>
			<key>Play Count</key><integer>13</integer>
			<key>Play Date</key><integer>3832855401</integer>
			<key>Play Date UTC</key><date>2025-06-16T00:03:21Z</date>
			<key>Release Date</key><date>2021-08-11T12:00:00Z</date>
			<key>Loved</key><true/>
			<key>Artwork Count</key><integer>1</integer>
			<key>Sort Album</key><string>Mercurial World</string>
			<key>Sort Artist</key><string>Magdalena Bay</string>
			<key>Sort Name</key><string>Secrets (Your Fire)</string>
			<key>Persistent ID</key><string>AD0030458DCB4C5E</string>
			<key>Track Type</key><string>Remote</string>
			<key>Apple Music</key><true/>
		</dict>
		<key>15483</key>
		<dict>
			<key>Track ID</key><integer>15483</integer>
			<key>Name</key><string>Hard Times</string>
			<key>Artist</key><string>Paramore</string>
			<key>Album Artist</key><string>Paramore</string>
			<key>Composer</key><string>Hayley Williams &#38; Taylor York</string>
			<key>Album</key><string>After Laughter</string>
			<key>Genre</key><string>Music</string>
			<key>Kind</key><string>Apple Music AAC audio file</string>
			<key>Size</key><integer>7033437</integer>
			<key>Total Time</key><integer>182695</integer>
			<key>Disc Number</key><integer>1</integer>
			<key>Disc Count</key><integer>1</integer>
			<key>Track Number</key><integer>1</integer>
			<key>Track Count</key><integer>12</integer>
			<key>Year</key><integer>2017</integer>
			<key>Date Modified</key><date>2025-03-14T22:17:46Z</date>
			<key>Date Added</key><date>2025-03-14T22:17:46Z</date>
			<key>Bit Rate</key><integer>256</integer>
			<key>Sample Rate</key><integer>44100</integer>
			<key>Play Count</key><integer>24</integer>
			<key>Play Date</key><integer>3834738271</integer>
			<key>Play Date UTC</key><date>2025-07-07T19:04:31Z</date>
			<key>Skip Count</key><integer>2</integer>
			<key>Skip Date</key><date>2025-04-08T17:26:49Z</date>
			<key>Release Date</key><date>2017-04-19T07:00:00Z</date>
			<key>Loved</key><true/>
			<key>Artwork Count</key><integer>1</integer>
			<key>Sort Album</key><string>After Laughter</string>
			<key>Sort Artist</key><string>Paramore</string>
			<key>Sort Name</key><string>Hard Times</string>
			<key>Persistent ID</key><string>5655102A9A73EDD9</string>
			<key>Track Type</key><string>Remote</string>
			<key>Apple Music</key><true/>
		</dict>
		<key>15519</key>
		<dict>
			<key>Track ID</key><integer>15519</integer>
			<key>Name</key><string>BALD! REMIX</string>
			<key>Artist</key><string>JPEGMAFIA &#38; Denzel Curry</string>
			<key>Album Artist</key><string>JPEGMAFIA</string>
			<key>Composer</key><string>JPEGMAFIA &#38; Denzel Curry</string>
			<key>Album</key><string>LP!</string>
			<key>Genre</key><string>Music</string>
			<key>Kind</key><string>Apple Music AAC audio file</string>
			<key>Size</key><integer>5725770</integer>
			<key>Total Time</key><integer>153127</integer>
			<key>Disc Number</key><integer>1</integer>
			<key>Disc Count</key><integer>1</integer>
			<key>Track Number</key><integer>18</integer>
			<key>Track Count</key><integer>18</integer>
			<key>Year</key><integer>2020</integer>
			<key>Date Modified</key><date>2025-03-18T05:20:15Z</date>
			<key>Date Added</key><date>2025-03-18T05:20:15Z</date>
			<key>Bit Rate</key><integer>256</integer>
			<key>Sample Rate</key><integer>44100</integer>
			<key>Play Count</key><integer>22</integer>
			<key>Play Date</key><integer>3835327527</integer>
			<key>Play Date UTC</key><date>2025-07-14T14:45:27Z</date>
			<key>Release Date</key><date>2020-05-05T12:00:00Z</date>
			<key>Loved</key><true/>
			<key>Artwork Count</key><integer>1</integer>
			<key>Sort Album</key><string>LP!</string>
			<key>Sort Artist</key><string>JPEGMAFIA &#38; Denzel Curry</string>
			<key>Sort Name</key><string>BALD! REMIX</string>
			<key>Persistent ID</key><string>53652D3B1D66D166</string>
			<key>Explicit</key><true/>
			<key>Track Type</key><string>Remote</string>
			<key>Apple Music</key><true/>
		</dict>
		<key>15591</key>
		<dict>
			<key>Track ID</key><integer>15591</integer>
			<key>Name</key><string>Ain't It Fun</string>
			<key>Artist</key><string>Paramore</string>
			<key>Album Artist</key><string>Paramore</string>
			<key>Composer</key><string>Hayley Williams &#38; Taylor York</string>
			<key>Album</key><string>Paramore</string>
			<key>Genre</key><string>Music</string>
			<key>Kind</key><string>Apple Music AAC audio file</string>
			<key>Size</key><integer>10389425</integer>
			<key>Total Time</key><integer>296508</integer>
			<key>Disc Number</key><integer>1</integer>
			<key>Disc Count</key><integer>1</integer>
			<key>Track Number</key><integer>6</integer>
			<key>Track Count</key><integer>17</integer>
			<key>Year</key><integer>2013</integer>
			<key>Date Modified</key><date>2025-03-23T04:25:00Z</date>
			<key>Date Added</key><date>2025-03-23T04:25:00Z</date>
			<key>Bit Rate</key><integer>256</integer>
			<key>Sample Rate</key><integer>44100</integer>
			<key>Play Count</key><integer>6</integer>
			<key>Play Date</key><integer>3830349107</integer>
			<key>Play Date UTC</key><date>2025-05-17T23:51:47Z</date>
			<key>Release Date</key><date>2013-04-05T07:00:00Z</date>
			<key>Loved</key><true/>
			<key>Artwork Count</key><integer>1</integer>
			<key>Sort Album</key><string>Paramore</string>
			<key>Sort Artist</key><string>Paramore</string>
			<key>Sort Name</key><string>Ain't It Fun</string>
			<key>Persistent ID</key><string>0738D5E5734894B9</string>
			<key>Track Type</key><string>Remote</string>
			<key>Apple Music</key><true/>
		</dict>
		<key>15611</key>
		<dict>
			<key>Track ID</key><integer>15611</integer>
			<key>Name</key><string>The Windmills of Your Mind</string>
			<key>Artist</key><string>Mel Tormé</string>
			<key>Album Artist</key><string>Mel Tormé</string>
			<key>Composer</key><string>Alan Bergman, Michel Legrand &#38; Marilyn Bergman</string>
			<key>Album</key><string>A Time for Us</string>
			<key>Genre</key><string>Music</string>
			<key>Kind</key><string>Apple Music AAC audio file</string>
			<key>Size</key><integer>9477240</integer>
			<key>Total Time</key><integer>238073</integer>
			<key>Disc Number</key><integer>1</integer>
			<key>Disc Count</key><integer>1</integer>
			<key>Track Number</key><integer>4</integer>
			<key>Track Count</key><integer>10</integer>
			<key>Year</key><integer>1969</integer>
			<key>Date Modified</key><date>2025-03-25T13:42:58Z</date>
			<key>Date Added</key><date>2025-03-25T13:42:58Z</date>
			<key>Bit Rate</key><integer>256</integer>
			<key>Sample Rate</key><integer>44100</integer>
			<key>Play Count</key><integer>16</integer>
			<key>Play Date</key><integer>3832837206</integer>
			<key>Play Date UTC</key><date>2025-06-15T19:00:06Z</date>
			<key>Skip Count</key><integer>2</integer>
			<key>Skip Date</key><date>2025-04-03T15:45:55Z</date>
			<key>Release Date</key><date>1969-01-01T12:00:00Z</date>
			<key>Loved</key><true/>
			<key>Artwork Count</key><integer>1</integer>
			<key>Sort Album</key><string>Time for Us</string>
			<key>Sort Artist</key><string>Mel Tormé</string>
			<key>Sort Name</key><string>Windmills of Your Mind</string>
			<key>Persistent ID</key><string>5EA8647A144E9EFA</string>
			<key>Track Type</key><string>Remote</string>
			<key>Apple Music</key><true/>
		</dict>
		<key>15615</key>
		<dict>
			<key>Track ID</key><integer>15615</integer>
			<key>Name</key><string>Pink Skies</string>
			<key>Artist</key><string>Zach Bryan</string>
			<key>Album Artist</key><string>Zach Bryan</string>
			<key>Composer</key><string>Zach Bryan</string>
			<key>Album</key><string>Pink Skies - Single</string>
			<key>Genre</key><string>Music</string>
			<key>Kind</key><string>Apple Music AAC audio file</string>
			<key>Size</key><integer>6947756</integer>
			<key>Total Time</key><integer>194920</integer>
			<key>Disc Number</key><integer>1</integer>
			<key>Disc Count</key><integer>1</integer>
			<key>Track Number</key><integer>1</integer>
			<key>Track Count</key><integer>1</integer>
			<key>Year</key><integer>2024</integer>
			<key>Date Modified</key><date>2025-03-29T03:02:11Z</date>
			<key>Date Added</key><date>2025-03-29T03:02:11Z</date>
			<key>Bit Rate</key><integer>256</integer>
			<key>Sample Rate</key><integer>44100</integer>
			<key>Play Count</key><integer>22</integer>
			<key>Play Date</key><integer>3832816935</integer>
			<key>Play Date UTC</key><date>2025-06-15T13:22:15Z</date>
			<key>Skip Count</key><integer>1</integer>
			<key>Skip Date</key><date>2025-04-08T17:27:07Z</date>
			<key>Release Date</key><date>2024-05-24T07:00:00Z</date>
			<key>Loved</key><true/>
			<key>Artwork Count</key><integer>1</integer>
			<key>Sort Album</key><string>Pink Skies - Single</string>
			<key>Sort Artist</key><string>Zach Bryan</string>
			<key>Sort Name</key><string>Pink Skies</string>
			<key>Persistent ID</key><string>0D62712ABD254462</string>
			<key>Track Type</key><string>Remote</string>
			<key>Apple Music</key><true/>
		</dict>
		<key>15617</key>
		<dict>
			<key>Track ID</key><integer>15617</integer>
			<key>Name</key><string>Bleed</string>
			<key>Artist</key><string>Malcolm Todd &#38; Omar Apollo</string>
			<key>Album Artist</key><string>Malcolm Todd</string>
			<key>Composer</key><string>Omar Apollo, Malcolm Hobert, Jonah Cochran &#38; Charlie Ziman</string>
			<key>Album</key><string>Malcolm Todd</string>
			<key>Genre</key><string>Music</string>
			<key>Kind</key><string>Apple Music AAC audio file</string>
			<key>Size</key><integer>6501969</integer>
			<key>Total Time</key><integer>179373</integer>
			<key>Disc Number</key><integer>1</integer>
			<key>Disc Count</key><integer>1</integer>
			<key>Track Number</key><integer>6</integer>
			<key>Track Count</key><integer>14</integer>
			<key>Year</key><integer>2025</integer>
			<key>Date Modified</key><date>2025-03-30T04:18:31Z</date>
			<key>Date Added</key><date>2025-03-30T04:18:31Z</date>
			<key>Bit Rate</key><integer>256</integer>
			<key>Sample Rate</key><integer>44100</integer>
			<key>Play Count</key><integer>12</integer>
			<key>Play Date</key><integer>3835328377</integer>
			<key>Play Date UTC</key><date>2025-07-14T14:59:37Z</date>
			<key>Skip Count</key><integer>1</integer>
			<key>Skip Date</key><date>2025-04-01T20:25:20Z</date>
			<key>Release Date</key><date>2025-02-28T12:00:00Z</date>
			<key>Loved</key><true/>
			<key>Artwork Count</key><integer>1</integer>
			<key>Sort Album</key><string>Malcolm Todd</string>
			<key>Sort Artist</key><string>Malcolm Todd &#38; Omar Apollo</string>
			<key>Sort Name</key><string>Bleed</string>
			<key>Persistent ID</key><string>4107DFE8DB348DB2</string>
			<key>Track Type</key><string>Remote</string>
			<key>Apple Music</key><true/>
		</dict>
		<key>15661</key>
		<dict>
			<key>Track ID</key><integer>15661</integer>
			<key>Name</key><string>Acts 1.5</string>
			<key>Artist</key><string>Saba &#38; No ID</string>
			<key>Album Artist</key><string>Saba &#38; No ID</string>
			<key>Composer</key><string>Ernest Wilson &#38; Tahj Malik Chandler</string>
			<key>Album</key><string>From The Private Collection of Saba and No ID</string>
			<key>Genre</key><string>Music</string>
			<key>Kind</key><string>Apple Music AAC audio file</string>
			<key>Size</key><integer>4710477</integer>
			<key>Total Time</key><integer>118720</integer>
			<key>Disc Number</key><integer>1</integer>
			<key>Disc Count</key><integer>1</integer>
			<key>Track Number</key><integer>8</integer>
			<key>Track Count</key><integer>15</integer>
			<key>Year</key><integer>2025</integer>
			<key>Date Modified</key><date>2025-04-03T18:29:16Z</date>
			<key>Date Added</key><date>2025-04-03T18:29:16Z</date>
			<key>Bit Rate</key><integer>256</integer>
			<key>Sample Rate</key><integer>44100</integer>
			<key>Play Count</key><integer>11</integer>
			<key>Play Date</key><integer>3832844749</integer>
			<key>Play Date UTC</key><date>2025-06-15T21:05:49Z</date>
			<key>Release Date</key><date>2025-03-18T12:00:00Z</date>
			<key>Loved</key><true/>
			<key>Artwork Count</key><integer>1</integer>
			<key>Sort Album</key><string>From The Private Collection of Saba and No ID</string>
			<key>Sort Artist</key><string>Saba &#38; No ID</string>
			<key>Sort Name</key><string>Acts 1.5</string>
			<key>Persistent ID</key><string>AE789AA0526F4DD5</string>
			<key>Explicit</key><true/>
			<key>Track Type</key><string>Remote</string>
			<key>Apple Music</key><true/>
		</dict>
		<key>15671</key>
		<dict>
			<key>Track ID</key><integer>15671</integer>
			<key>Name</key><string>head.rap (ft. Madison McFerrin, Ogi &#38; Jordan Ward)</string>
			<key>Artist</key><string>Saba &#38; No ID</string>
			<key>Album Artist</key><string>Saba &#38; No ID</string>
			<key>Composer</key><string>Jordan Ward, Ogi, Madison McFerrin, Tahj Malik Chandler, Ernest Wilson &#38; Daoud Anthony</string>
			<key>Album</key><string>From The Private Collection of Saba and No ID</string>
			<key>Genre</key><string>Music</string>
			<key>Kind</key><string>Apple Music AAC audio file</string>
			<key>Size</key><integer>6913225</integer>
			<key>Total Time</key><integer>190056</integer>
			<key>Disc Number</key><integer>1</integer>
			<key>Disc Count</key><integer>1</integer>
			<key>Track Number</key><integer>7</integer>
			<key>Track Count</key><integer>15</integer>
			<key>Year</key><integer>2024</integer>
			<key>Date Modified</key><date>2025-04-03T18:29:16Z</date>
			<key>Date Added</key><date>2025-04-03T18:29:16Z</date>
			<key>Bit Rate</key><integer>256</integer>
			<key>Sample Rate</key><integer>44100</integer>
			<key>Play Count</key><integer>11</integer>
			<key>Play Date</key><integer>3832852995</integer>
			<key>Play Date UTC</key><date>2025-06-15T23:23:15Z</date>
			<key>Skip Count</key><integer>1</integer>
			<key>Skip Date</key><date>2025-06-04T19:16:32Z</date>
			<key>Release Date</key><date>2024-04-26T12:00:00Z</date>
			<key>Loved</key><true/>
			<key>Artwork Count</key><integer>1</integer>
			<key>Sort Album</key><string>From The Private Collection of Saba and No ID</string>
			<key>Sort Artist</key><string>Saba &#38; No ID</string>
			<key>Sort Name</key><string>head.rap (ft. Madison McFerrin, Ogi &#38; Jordan Ward)</string>
			<key>Persistent ID</key><string>1452B3B03691723C</string>
			<key>Explicit</key><true/>
			<key>Track Type</key><string>Remote</string>
			<key>Apple Music</key><true/>
		</dict>
		<key>15673</key>
		<dict>
			<key>Track ID</key><integer>15673</integer>
			<key>Name</key><string>Conrad Tokyo</string>
			<key>Artist</key><string>A Tribe Called Quest</string>
			<key>Album Artist</key><string>A Tribe Called Quest</string>
			<key>Composer</key><string>Kamaal Fareed, Malik Izaak Taylor &#38; Kendrick Lamar Duckworth</string>
			<key>Album</key><string>We Got It from Here... Thank You 4 Your Service</string>
			<key>Genre</key><string>Music</string>
			<key>Kind</key><string>Apple Music AAC audio file</string>
			<key>Size</key><integer>7761928</integer>
			<key>Total Time</key><integer>211989</integer>
			<key>Disc Number</key><integer>2</integer>
			<key>Disc Count</key><integer>2</integer>
			<key>Track Number</key><integer>6</integer>
			<key>Track Count</key><integer>8</integer>
			<key>Year</key><integer>2016</integer>
			<key>Date Modified</key><date>2025-04-04T19:11:43Z</date>
			<key>Date Added</key><date>2025-04-04T19:11:43Z</date>
			<key>Bit Rate</key><integer>256</integer>
			<key>Sample Rate</key><integer>44100</integer>
			<key>Play Count</key><integer>14</integer>
			<key>Play Date</key><integer>3832844961</integer>
			<key>Play Date UTC</key><date>2025-06-15T21:09:21Z</date>
			<key>Release Date</key><date>2016-11-11T12:00:00Z</date>
			<key>Loved</key><true/>
			<key>Artwork Count</key><integer>1</integer>
			<key>Sort Album</key><string>We Got It from Here... Thank You 4 Your Service</string>
			<key>Sort Album Artist</key><string>Tribe Called Quest</string>
			<key>Sort Artist</key><string>Tribe Called Quest</string>
			<key>Sort Name</key><string>Conrad Tokyo</string>
			<key>Persistent ID</key><string>80A9DA4AC7FEA07A</string>
			<key>Explicit</key><true/>
			<key>Track Type</key><string>Remote</string>
			<key>Apple Music</key><true/>
		</dict>
		<key>15745</key>
		<dict>
			<key>Track ID</key><integer>15745</integer>
			<key>Name</key><string>Digital Bath</string>
			<key>Artist</key><string>Deftones</string>
			<key>Album Artist</key><string>Deftones</string>
			<key>Composer</key><string>Abe Cunningham, Chi Cheng, Chino Moreno, Frank Delgado &#38; Stephen Carpenter</string>
			<key>Album</key><string>White Pony</string>
			<key>Genre</key><string>Music</string>
			<key>Kind</key><string>Apple Music AAC audio file</string>
			<key>Size</key><integer>10001446</integer>
			<key>Total Time</key><integer>255440</integer>
			<key>Disc Number</key><integer>1</integer>
			<key>Disc Count</key><integer>1</integer>
			<key>Track Number</key><integer>3</integer>
			<key>Track Count</key><integer>12</integer>
			<key>Year</key><integer>2000</integer>
			<key>Date Modified</key><date>2025-04-07T05:20:28Z</date>
			<key>Date Added</key><date>2025-04-07T05:20:28Z</date>
			<key>Bit Rate</key><integer>256</integer>
			<key>Sample Rate</key><integer>44100</integer>
			<key>Play Count</key><integer>17</integer>
			<key>Play Date</key><integer>3832831777</integer>
			<key>Play Date UTC</key><date>2025-06-15T17:29:37Z</date>
			<key>Release Date</key><date>2000-06-20T07:00:00Z</date>
			<key>Loved</key><true/>
			<key>Artwork Count</key><integer>1</integer>
			<key>Sort Album</key><string>White Pony</string>
			<key>Sort Artist</key><string>Deftones</string>
			<key>Sort Name</key><string>Digital Bath</string>
			<key>Persistent ID</key><string>F1D94E780011EA57</string>
			<key>Track Type</key><string>Remote</string>
			<key>Apple Music</key><true/>
		</dict>
		<key>15761</key>
		<dict>
			<key>Track ID</key><integer>15761</integer>
			<key>Name</key><string>Oldie</string>
			<key>Artist</key><string>Odd Future</string>
			<key>Album Artist</key><string>Odd Future</string>
			<key>Composer</key><string>Christopher Breaux, D. Cole, Davon Wilson, G. Long, Michael Griffin, Tyler Okonma &#38; Vyron Turner</string>
			<key>Album</key><string>The OF Tape, Vol. 2</string>
			<key>Genre</key><string>Music</string>
			<key>Kind</key><string>Apple Music AAC audio file</string>
			<key>Size</key><integer>21543565</integer>
			<key>Total Time</key><integer>636213</integer>
			<key>Disc Number</key><integer>1</integer>
			<key>Disc Count</key><integer>1</integer>
			<key>Track Number</key><integer>18</integer>
			<key>Track Count</key><integer>18</integer>
			<key>Year</key><integer>2012</integer>
			<key>Date Modified</key><date>2025-04-10T05:52:57Z</date>
			<key>Date Added</key><date>2025-04-10T05:52:57Z</date>
			<key>Bit Rate</key><integer>256</integer>
			<key>Sample Rate</key><integer>44100</integer>
			<key>Play Count</key><integer>14</integer>
			<key>Play Date</key><integer>3832841097</integer>
			<key>Play Date UTC</key><date>2025-06-15T20:04:57Z</date>
			<key>Skip Count</key><integer>1</integer>
			<key>Skip Date</key><date>2025-07-10T22:59:37Z</date>
			<key>Release Date</key><date>2012-03-20T07:00:00Z</date>
			<key>Loved</key><true/>
			<key>Artwork Count</key><integer>1</integer>
			<key>Sort Album</key><string>OF Tape, Vol. 2</string>
			<key>Sort Artist</key><string>Odd Future</string>
			<key>Sort Name</key><string>Oldie</string>
			<key>Persistent ID</key><string>EF6B4DDA985B46BF</string>
			<key>Explicit</key><true/>
			<key>Track Type</key><string>Remote</string>
			<key>Apple Music</key><true/>
		</dict>
		<key>15785</key>
		<dict>
			<key>Track ID</key><integer>15785</integer>
			<key>Name</key><string>M.E.</string>
			<key>Artist</key><string>Gary Numan</string>
			<key>Album Artist</key><string>Gary Numan</string>
			<key>Composer</key><string>Gary Numan</string>
			<key>Album</key><string>The Pleasure Principle</string>
			<key>Genre</key><string>Music</string>
			<key>Kind</key><string>Apple Music AAC audio file</string>
			<key>Size</key><integer>12183810</integer>
			<key>Total Time</key><integer>337240</integer>
			<key>Disc Number</key><integer>1</integer>
			<key>Disc Count</key><integer>1</integer>
			<key>Track Number</key><integer>5</integer>
			<key>Track Count</key><integer>17</integer>
			<key>Year</key><integer>1979</integer>
			<key>Date Modified</key><date>2025-04-14T15:49:30Z</date>
			<key>Date Added</key><date>2025-04-14T15:49:30Z</date>
			<key>Bit Rate</key><integer>256</integer>
			<key>Sample Rate</key><integer>44100</integer>
			<key>Play Count</key><integer>12</integer>
			<key>Play Date</key><integer>3832848035</integer>
			<key>Play Date UTC</key><date>2025-06-15T22:00:35Z</date>
			<key>Release Date</key><date>1979-09-07T12:00:00Z</date>
			<key>Loved</key><true/>
			<key>Artwork Count</key><integer>1</integer>
			<key>Sort Album</key><string>Pleasure Principle (Bonus Tracks)</string>
			<key>Sort Artist</key><string>Gary Numan</string>
			<key>Sort Name</key><string>M.E.</string>
			<key>Persistent ID</key><string>F806C96345A7904D</string>
			<key>Track Type</key><string>Remote</string>
			<key>Apple Music</key><true/>
		</dict>
		<key>15815</key>
		<dict>
			<key>Track ID</key><integer>15815</integer>
			<key>Name</key><string>Phantom Island</string>
			<key>Artist</key><string>King Gizzard &#38; The Lizard Wizard</string>
			<key>Album Artist</key><string>King Gizzard &#38; The Lizard Wizard</string>
			<key>Composer</key><string>Stu Mackenzie, Joseph Walker, Lucas Harwood, Cook Craig, Ambrose Kenny-Smith &#38; Michael Cavanagh</string>
			<key>Album</key><string>Phantom Island</string>
			<key>Genre</key><string>Music</string>
			<key>Kind</key><string>Apple Music AAC audio file</string>
			<key>Size</key><integer>11052443</integer>
			<key>Total Time</key><integer>314134</integer>
			<key>Disc Number</key><integer>1</integer>
			<key>Disc Count</key><integer>1</integer>
			<key>Track Number</key><integer>1</integer>
			<key>Track Count</key><integer>9</integer>
			<key>Year</key><integer>2024</integer>
			<key>Date Modified</key><date>2025-04-20T23:59:09Z</date>
			<key>Date Added</key><date>2025-04-20T23:59:09Z</date>
			<key>Bit Rate</key><integer>256</integer>
			<key>Sample Rate</key><integer>44100</integer>
			<key>Play Count</key><integer>20</integer>
			<key>Play Date</key><integer>3832848534</integer>
			<key>Play Date UTC</key><date>2025-06-15T22:08:54Z</date>
			<key>Skip Count</key><integer>1</integer>
			<key>Skip Date</key><date>2025-04-24T14:04:32Z</date>
			<key>Release Date</key><date>2024-10-29T12:00:00Z</date>
			<key>Loved</key><true/>
			<key>Artwork Count</key><integer>1</integer>
			<key>Sort Album</key><string>Phantom Island</string>
			<key>Sort Artist</key><string>King Gizzard &#38; The Lizard Wizard</string>
			<key>Sort Name</key><string>Phantom Island</string>
			<key>Persistent ID</key><string>54B1161B7CEC980A</string>
			<key>Explicit</key><true/>
			<key>Track Type</key><string>Remote</string>
			<key>Apple Music</key><true/>
		</dict>
		<key>15835</key>
		<dict>
			<key>Track ID</key><integer>15835</integer>
			<key>Name</key><string>nothing to lose (feat. Tecoby Hines)</string>
			<key>Artist</key><string>pat junior</string>
			<key>Album Artist</key><string>pat junior</string>
			<key>Composer</key><string>Patrick D Mix Jr, Brandon Cordes &#38; Tecoby Hines</string>
			<key>Album</key><string>broken evidence ii - Single</string>
			<key>Genre</key><string>Music</string>
			<key>Kind</key><string>Apple Music AAC audio file</string>
			<key>Size</key><integer>4956396</integer>
			<key>Total Time</key><integer>134258</integer>
			<key>Disc Number</key><integer>1</integer>
			<key>Disc Count</key><integer>1</integer>
			<key>Track Number</key><integer>1</integer>
			<key>Track Count</key><integer>3</integer>
			<key>Year</key><integer>2025</integer>
			<key>Date Modified</key><date>2025-04-24T15:37:39Z</date>
			<key>Date Added</key><date>2025-04-24T15:37:39Z</date>
			<key>Bit Rate</key><integer>256</integer>
			<key>Sample Rate</key><integer>44100</integer>
			<key>Part Of Gapless Album</key><true/>
			<key>Play Count</key><integer>14</integer>
			<key>Play Date</key><integer>3832835652</integer>
			<key>Play Date UTC</key><date>2025-06-15T18:34:12Z</date>
			<key>Skip Count</key><integer>1</integer>
			<key>Skip Date</key><date>2025-04-28T16:18:14Z</date>
			<key>Release Date</key><date>2025-04-02T12:00:00Z</date>
			<key>Loved</key><true/>
			<key>Artwork Count</key><integer>1</integer>
			<key>Sort Album</key><string>broken evidence ii - Single</string>
			<key>Sort Artist</key><string>pat junior</string>
			<key>Sort Name</key><string>nothing to lose (feat. Tecoby Hines)</string>
			<key>Persistent ID</key><string>01A12FE52D0716E7</string>
			<key>Explicit</key><true/>
			<key>Track Type</key><string>Remote</string>
			<key>Apple Music</key><true/>
		</dict>
		<key>15893</key>
		<dict>
			<key>Track ID</key><integer>15893</integer>
			<key>Name</key><string>Don't Even Try It</string>
			<key>Artist</key><string>Funky DL</string>
			<key>Album Artist</key><string>Various Artists</string>
			<key>Album</key><string>First Collection</string>
			<key>Genre</key><string>Hip-Hop/Rap</string>
			<key>Kind</key><string>Apple Music AAC audio file</string>
			<key>Size</key><integer>10276586</integer>
			<key>Total Time</key><integer>292733</integer>
			<key>Disc Number</key><integer>1</integer>
			<key>Disc Count</key><integer>1</integer>
			<key>Track Number</key><integer>2</integer>
			<key>Track Count</key><integer>14</integer>
			<key>Year</key><integer>2006</integer>
			<key>Date Modified</key><date>2025-05-31T19:53:10Z</date>
			<key>Date Added</key><date>2025-05-31T19:53:10Z</date>
			<key>Bit Rate</key><integer>256</integer>
			<key>Sample Rate</key><integer>44100</integer>
			<key>Play Count</key><integer>11</integer>
			<key>Play Date</key><integer>3833528868</integer>
			<key>Play Date UTC</key><date>2025-06-23T19:07:48Z</date>
			<key>Release Date</key><date>2006-10-23T12:00:00Z</date>
			<key>Loved</key><true/>
			<key>Compilation</key><true/>
			<key>Artwork Count</key><integer>1</integer>
			<key>Sort Album</key><string>First Collection</string>
			<key>Sort Artist</key><string>Funky DL</string>
			<key>Sort Name</key><string>Don't Even Try It</string>
			<key>Persistent ID</key><string>F73CB2A07836171E</string>
			<key>Track Type</key><string>Remote</string>
			<key>Apple Music</key><true/>
		</dict>
		<key>15895</key>
		<dict>
			<key>Track ID</key><integer>15895</integer>
			<key>Name</key><string>Blessing It (feat. Substantial &#38; Pase Rock from Five Deez) [Remix]</string>
			<key>Artist</key><string>Nujabes</string>
			<key>Album Artist</key><string>Various Artists</string>
			<key>Composer</key><string>Nujabes</string>
			<key>Album</key><string>Free Soul Nujabes First Collection</string>
			<key>Genre</key><string>Hip-Hop/Rap</string>
			<key>Kind</key><string>Apple Music AAC audio file</string>
			<key>Size</key><integer>7185591</integer>
			<key>Total Time</key><integer>201453</integer>
			<key>Disc Number</key><integer>1</integer>
			<key>Disc Count</key><integer>1</integer>
			<key>Track Number</key><integer>13</integer>
			<key>Track Count</key><integer>17</integer>
			<key>Year</key><integer>2014</integer>
			<key>Date Modified</key><date>2025-05-31T19:53:10Z</date>
			<key>Date Added</key><date>2025-05-31T19:53:10Z</date>
			<key>Bit Rate</key><integer>256</integer>
			<key>Sample Rate</key><integer>44100</integer>
			<key>Play Count</key><integer>11</integer>
			<key>Play Date</key><integer>3832854546</integer>
			<key>Play Date UTC</key><date>2025-06-15T23:49:06Z</date>
			<key>Release Date</key><date>2014-12-17T12:00:00Z</date>
			<key>Loved</key><true/>
			<key>Compilation</key><true/>
			<key>Artwork Count</key><integer>1</integer>
			<key>Sort Album</key><string>Free Soul Nujabes First Collection</string>
			<key>Sort Artist</key><string>Nujabes</string>
			<key>Sort Name</key><string>Blessing It (feat. Substantial &#38; Pase Rock from Five Deez) [Remix]</string>
			<key>Persistent ID</key><string>5E6F76C43A68CE98</string>
			<key>Explicit</key><true/>
			<key>Track Type</key><string>Remote</string>
			<key>Apple Music</key><true/>
		</dict>
		<key>15897</key>
		<dict>
			<key>Track ID</key><integer>15897</integer>
			<key>Name</key><string>Luv(sic.) [Modal Soul Remix]</string>
			<key>Artist</key><string>Shing02</string>
			<key>Album Artist</key><string>Various Artists</string>
			<key>Album</key><string>2nd Collection</string>
			<key>Genre</key><string>Hip-Hop/Rap</string>
			<key>Kind</key><string>Apple Music AAC audio file</string>
			<key>Size</key><integer>10097589</integer>
			<key>Total Time</key><integer>288280</integer>
			<key>Disc Number</key><integer>1</integer>
			<key>Disc Count</key><integer>1</integer>
			<key>Track Number</key><integer>11</integer>
			<key>Track Count</key><integer>14</integer>
			<key>Year</key><integer>2007</integer>
			<key>Date Modified</key><date>2025-05-31T19:53:10Z</date>
			<key>Date Added</key><date>2025-05-31T19:53:10Z</date>
			<key>Bit Rate</key><integer>256</integer>
			<key>Sample Rate</key><integer>44100</integer>
			<key>Play Count</key><integer>9</integer>
			<key>Play Date</key><integer>3832853712</integer>
			<key>Play Date UTC</key><date>2025-06-15T23:35:12Z</date>
			<key>Release Date</key><date>2007-11-11T12:00:00Z</date>
			<key>Loved</key><true/>
			<key>Compilation</key><true/>
			<key>Artwork Count</key><integer>1</integer>
			<key>Sort Album</key><string>2nd Collection</string>
			<key>Sort Artist</key><string>Shing02</string>
			<key>Sort Name</key><string>Luv(sic.) [Modal Soul Remix]</string>
			<key>Persistent ID</key><string>D245034BCE7A9B0A</string>
			<key>Track Type</key><string>Remote</string>
			<key>Apple Music</key><true/>
		</dict>
		<key>15907</key>
		<dict>
			<key>Track ID</key><integer>15907</integer>
			<key>Name</key><string>Feather (feat. Cise Star &#38; Akin)</string>
			<key>Artist</key><string>Nujabes</string>
			<key>Album Artist</key><string>Nujabes</string>
			<key>Album</key><string>Modal Soul</string>
			<key>Genre</key><string>Hip-Hop/Rap</string>
			<key>Kind</key><string>Apple Music AAC audio file</string>
			<key>Size</key><integer>6238074</integer>
			<key>Total Time</key><integer>175360</integer>
			<key>Disc Number</key><integer>1</integer>
			<key>Disc Count</key><integer>1</integer>
			<key>Track Number</key><integer>1</integer>
			<key>Track Count</key><integer>14</integer>
			<key>Year</key><integer>2005</integer>
			<key>Date Modified</key><date>2025-05-31T19:53:10Z</date>
			<key>Date Added</key><date>2025-05-31T19:53:10Z</date>
			<key>Bit Rate</key><integer>256</integer>
			<key>Sample Rate</key><integer>44100</integer>
			<key>Play Count</key><integer>18</integer>
			<key>Play Date</key><integer>3833879582</integer>
			<key>Play Date UTC</key><date>2025-06-27T20:33:02Z</date>
			<key>Release Date</key><date>2005-11-11T12:00:00Z</date>
			<key>Loved</key><true/>
			<key>Artwork Count</key><integer>1</integer>
			<key>Sort Album</key><string>Modal Soul</string>
			<key>Sort Artist</key><string>Nujabes</string>
			<key>Sort Name</key><string>Feather (feat. Cise Star &#38; Akin)</string>
			<key>Persistent ID</key><string>62C6BD7697A9B9AB</string>
			<key>Explicit</key><true/>
			<key>Track Type</key><string>Remote</string>
			<key>Apple Music</key><true/>
		</dict>
		<key>15909</key>
		<dict>
			<key>Track ID</key><integer>15909</integer>
			<key>Name</key><string>The Final View</string>
			<key>Artist</key><string>Nujabes</string>
			<key>Album Artist</key><string>Various Artists</string>
			<key>Composer</key><string>Nujabes</string>
			<key>Album</key><string>Free Soul Nujabes First Collection</string>
			<key>Genre</key><string>Hip-Hop/Rap</string>
			<key>Kind</key><string>Apple Music AAC audio file</string>
			<key>Size</key><integer>7742899</integer>
			<key>Total Time</key><integer>212853</integer>
			<key>Disc Number</key><integer>1</integer>
			<key>Disc Count</key><integer>1</integer>
			<key>Track Number</key><integer>9</integer>
			<key>Track Count</key><integer>17</integer>
			<key>Year</key><integer>2003</integer>
			<key>Date Modified</key><date>2025-05-31T19:53:10Z</date>
			<key>Date Added</key><date>2025-05-31T19:53:10Z</date>
			<key>Bit Rate</key><integer>256</integer>
			<key>Sample Rate</key><integer>44100</integer>
			<key>Play Count</key><integer>9</integer>
			<key>Play Date</key><integer>3834135149</integer>
			<key>Play Date UTC</key><date>2025-06-30T19:32:29Z</date>
			<key>Skip Count</key><integer>1</integer>
			<key>Skip Date</key><date>2025-06-26T03:59:10Z</date>
			<key>Release Date</key><date>2003-08-21T12:00:00Z</date>
			<key>Loved</key><true/>
			<key>Compilation</key><true/>
			<key>Artwork Count</key><integer>1</integer>
			<key>Sort Album</key><string>Free Soul Nujabes First Collection</string>
			<key>Sort Artist</key><string>Nujabes</string>
			<key>Sort Name</key><string>Final View</string>
			<key>Persistent ID</key><string>3F38491D6D4CF1AB</string>
			<key>Track Type</key><string>Remote</string>
			<key>Apple Music</key><true/>
		</dict>
		<key>15911</key>
		<dict>
			<key>Track ID</key><integer>15911</integer>
			<key>Name</key><string>Beat Laments the World</string>
			<key>Artist</key><string>Nujabes</string>
			<key>Album Artist</key><string>Various Artists</string>
			<key>Album</key><string>Kei Nishikori Meets Nujabes</string>
			<key>Genre</key><string>Hip-Hop/Rap</string>
			<key>Kind</key><string>Apple Music AAC audio file</string>
			<key>Size</key><integer>9135691</integer>
			<key>Total Time</key><integer>263827</integer>
			<key>Disc Number</key><integer>1</integer>
			<key>Disc Count</key><integer>1</integer>
			<key>Track Number</key><integer>7</integer>
			<key>Track Count</key><integer>17</integer>
			<key>Year</key><integer>2014</integer>
			<key>Date Modified</key><date>2025-05-31T19:53:10Z</date>
			<key>Date Added</key><date>2025-05-31T19:53:10Z</date>
			<key>Bit Rate</key><integer>256</integer>
			<key>Sample Rate</key><integer>44100</integer>
			<key>Play Count</key><integer>8</integer>
			<key>Play Date</key><integer>3832832852</integer>
			<key>Play Date UTC</key><date>2025-06-15T17:47:32Z</date>
			<key>Release Date</key><date>2014-12-17T12:00:00Z</date>
			<key>Loved</key><true/>
			<key>Compilation</key><true/>
			<key>Artwork Count</key><integer>1</integer>
			<key>Sort Album</key><string>Kei Nishikori Meets Nujabes</string>
			<key>Sort Artist</key><string>Nujabes</string>
			<key>Sort Name</key><string>Beat Laments the World</string>
			<key>Persistent ID</key><string>D3691866E9EB8FC4</string>
			<key>Track Type</key><string>Remote</string>
			<key>Apple Music</key><true/>
		</dict>
		<key>15915</key>
		<dict>
			<key>Track ID</key><integer>15915</integer>
			<key>Name</key><string>Spiritual State (feat. Uyama Hiroto)</string>
			<key>Artist</key><string>Nujabes</string>
			<key>Album Artist</key><string>Nujabes</string>
			<key>Album</key><string>Spiritual State</string>
			<key>Genre</key><string>Hip-Hop/Rap</string>
			<key>Kind</key><string>Apple Music AAC audio file</string>
			<key>Size</key><integer>13525841</integer>
			<key>Total Time</key><integer>391893</integer>
			<key>Disc Number</key><integer>1</integer>
			<key>Disc Count</key><integer>1</integer>
			<key>Track Number</key><integer>1</integer>
			<key>Track Count</key><integer>14</integer>
			<key>Year</key><integer>2011</integer>
			<key>Date Modified</key><date>2025-05-31T19:53:10Z</date>
			<key>Date Added</key><date>2025-05-31T19:53:10Z</date>
			<key>Bit Rate</key><integer>256</integer>
			<key>Sample Rate</key><integer>44100</integer>
			<key>Play Count</key><integer>11</integer>
			<key>Play Date</key><integer>3833875095</integer>
			<key>Play Date UTC</key><date>2025-06-27T19:18:15Z</date>
			<key>Release Date</key><date>2011-12-03T12:00:00Z</date>
			<key>Loved</key><true/>
			<key>Artwork Count</key><integer>1</integer>
			<key>Sort Album</key><string>Spiritual State</string>
			<key>Sort Artist</key><string>Nujabes</string>
			<key>Sort Name</key><string>Spiritual State (feat. Uyama Hiroto)</string>
			<key>Persistent ID</key><string>CA233D16D51F4CFB</string>
			<key>Track Type</key><string>Remote</string>
			<key>Apple Music</key><true/>
		</dict>
		<key>16135</key>
		<dict>
			<key>Track ID</key><integer>16135</integer>
			<key>Name</key><string>The Birds Don't Sing</string>
			<key>Artist</key><string>Clipse, John Legend, Voices of Fire, Pusha T &#38; Malice</string>
			<key>Album Artist</key><string>Clipse, Pusha T &#38; Malice</string>
			<key>Composer</key><string>Stevie Wonder, Terrence Thornton, Gene Thornton &#38; Pharrell Williams</string>
			<key>Album</key><string>Let God Sort Em Out</string>
			<key>Genre</key><string>Hip-Hop/Rap</string>
			<key>Kind</key><string>Apple Music AAC audio file</string>
			<key>Size</key><integer>8501607</integer>
			<key>Total Time</key><integer>240520</integer>
			<key>Disc Number</key><integer>1</integer>
			<key>Disc Count</key><integer>1</integer>
			<key>Track Number</key><integer>1</integer>
			<key>Track Count</key><integer>13</integer>
			<key>Year</key><integer>2025</integer>
			<key>Date Modified</key><date>2025-07-11T04:19:45Z</date>
			<key>Date Added</key><date>2025-07-11T04:19:45Z</date>
			<key>Bit Rate</key><integer>256</integer>
			<key>Sample Rate</key><integer>44100</integer>
			<key>Play Count</key><integer>6</integer>
			<key>Play Date</key><integer>3835672620</integer>
			<key>Play Date UTC</key><date>2025-07-18T14:37:00Z</date>
			<key>Release Date</key><date>2025-07-11T12:00:00Z</date>
			<key>Loved</key><true/>
			<key>Artwork Count</key><integer>1</integer>
			<key>Sort Album</key><string>Let God Sort Em Out</string>
			<key>Sort Artist</key><string>Clipse, John Legend, Voices of Fire, Pusha T &#38; Malice</string>
			<key>Sort Name</key><string>Birds Don't Sing</string>
			<key>Persistent ID</key><string>1B3BC3EF8BB9A3B4</string>
			<key>Explicit</key><true/>
			<key>Track Type</key><string>Remote</string>
			<key>Apple Music</key><true/>
		</dict>
	</dict>
	<key>Playlists</key>
	<array>
		<dict>
			<key>Name</key><string>test-big</string>
			<key>Description</key><string></string>
			<key>Playlist ID</key><integer>48306</integer>
			<key>Playlist Persistent ID</key><string>E16069D9DB86CF90</string>
			<key>All Items</key><true/>
			<key>Playlist Items</key>
			<array>
				<dict>
					<key>Track ID</key><integer>15075</integer>
				</dict>
				<dict>
					<key>Track ID</key><integer>16135</integer>
				</dict>
				<dict>
					<key>Track ID</key><integer>16135</integer>
				</dict>
				<dict>
					<key>Track ID</key><integer>16135</integer>
				</dict>
				<dict>
					<key>Track ID</key><integer>15661</integer>
				</dict>
				<dict>
					<key>Track ID</key><integer>15835</integer>
				</dict>
				<dict>
					<key>Track ID</key><integer>15617</integer>
				</dict>
				<dict>
					<key>Track ID</key><integer>15615</integer>
				</dict>
				<dict>
					<key>Track ID</key><integer>13769</integer>
				</dict>
				<dict>
					<key>Track ID</key><integer>13465</integer>
				</dict>
				<dict>
					<key>Track ID</key><integer>15671</integer>
				</dict>
				<dict>
					<key>Track ID</key><integer>14021</integer>
				</dict>
				<dict>
					<key>Track ID</key><integer>14447</integer>
				</dict>
				<dict>
					<key>Track ID</key><integer>13697</integer>
				</dict>
				<dict>
					<key>Track ID</key><integer>14553</integer>
				</dict>
				<dict>
					<key>Track ID</key><integer>15361</integer>
				</dict>
				<dict>
					<key>Track ID</key><integer>15815</integer>
				</dict>
				<dict>
					<key>Track ID</key><integer>13985</integer>
				</dict>
				<dict>
					<key>Track ID</key><integer>14023</integer>
				</dict>
				<dict>
					<key>Track ID</key><integer>13487</integer>
				</dict>
				<dict>
					<key>Track ID</key><integer>12557</integer>
				</dict>
				<dict>
					<key>Track ID</key><integer>14179</integer>
				</dict>
				<dict>
					<key>Track ID</key><integer>12863</integer>
				</dict>
				<dict>
					<key>Track ID</key><integer>13469</integer>
				</dict>
				<dict>
					<key>Track ID</key><integer>13483</integer>
				</dict>
				<dict>
					<key>Track ID</key><integer>12183</integer>
				</dict>
				<dict>
					<key>Track ID</key><integer>13253</integer>
				</dict>
				<dict>
					<key>Track ID</key><integer>14387</integer>
				</dict>
				<dict>
					<key>Track ID</key><integer>13467</integer>
				</dict>
				<dict>
					<key>Track ID</key><integer>13489</integer>
				</dict>
				<dict>
					<key>Track ID</key><integer>13995</integer>
				</dict>
				<dict>
					<key>Track ID</key><integer>12855</integer>
				</dict>
				<dict>
					<key>Track ID</key><integer>5947</integer>
				</dict>
				<dict>
					<key>Track ID</key><integer>13961</integer>
				</dict>
				<dict>
					<key>Track ID</key><integer>14375</integer>
				</dict>
				<dict>
					<key>Track ID</key><integer>14477</integer>
				</dict>
				<dict>
					<key>Track ID</key><integer>14725</integer>
				</dict>
				<dict>
					<key>Track ID</key><integer>5901</integer>
				</dict>
				<dict>
					<key>Track ID</key><integer>11427</integer>
				</dict>
				<dict>
					<key>Track ID</key><integer>12857</integer>
				</dict>
				<dict>
					<key>Track ID</key><integer>11011</integer>
				</dict>
				<dict>
					<key>Track ID</key><integer>12909</integer>
				</dict>
				<dict>
					<key>Track ID</key><integer>11975</integer>
				</dict>
				<dict>
					<key>Track ID</key><integer>5863</integer>
				</dict>
				<dict>
					<key>Track ID</key><integer>10677</integer>
				</dict>
				<dict>
					<key>Track ID</key><integer>14475</integer>
				</dict>
				<dict>
					<key>Track ID</key><integer>15459</integer>
				</dict>
				<dict>
					<key>Track ID</key><integer>14139</integer>
				</dict>
				<dict>
					<key>Track ID</key><integer>13301</integer>
				</dict>
				<dict>
					<key>Track ID</key><integer>15195</integer>
				</dict>
				<dict>
					<key>Track ID</key><integer>12375</integer>
				</dict>
				<dict>
					<key>Track ID</key><integer>13719</integer>
				</dict>
				<dict>
					<key>Track ID</key><integer>15519</integer>
				</dict>
				<dict>
					<key>Track ID</key><integer>9393</integer>
				</dict>
				<dict>
					<key>Track ID</key><integer>9651</integer>
				</dict>
				<dict>
					<key>Track ID</key><integer>10831</integer>
				</dict>
				<dict>
					<key>Track ID</key><integer>6421</integer>
				</dict>
				<dict>
					<key>Track ID</key><integer>12477</integer>
				</dict>
				<dict>
					<key>Track ID</key><integer>9869</integer>
				</dict>
				<dict>
					<key>Track ID</key><integer>10751</integer>
				</dict>
				<dict>
					<key>Track ID</key><integer>4913</integer>
				</dict>
				<dict>
					<key>Track ID</key><integer>12881</integer>
				</dict>
				<dict>
					<key>Track ID</key><integer>13891</integer>
				</dict>
				<dict>
					<key>Track ID</key><integer>14703</integer>
				</dict>
				<dict>
					<key>Track ID</key><integer>11519</integer>
				</dict>
				<dict>
					<key>Track ID</key><integer>5333</integer>
				</dict>
				<dict>
					<key>Track ID</key><integer>14389</integer>
				</dict>
				<dict>
					<key>Track ID</key><integer>15483</integer>
				</dict>
				<dict>
					<key>Track ID</key><integer>4367</integer>
				</dict>
				<dict>
					<key>Track ID</key><integer>12699</integer>
				</dict>
				<dict>
					<key>Track ID</key><integer>14205</integer>
				</dict>
				<dict>
					<key>Track ID</key><integer>12329</integer>
				</dict>
				<dict>
					<key>Track ID</key><integer>14683</integer>
				</dict>
				<dict>
					<key>Track ID</key><integer>12523</integer>
				</dict>
				<dict>
					<key>Track ID</key><integer>15673</integer>
				</dict>
				<dict>
					<key>Track ID</key><integer>7539</integer>
				</dict>
				<dict>
					<key>Track ID</key><integer>7945</integer>
				</dict>
				<dict>
					<key>Track ID</key><integer>10043</integer>
				</dict>
				<dict>
					<key>Track ID</key><integer>14377</integer>
				</dict>
				<dict>
					<key>Track ID</key><integer>6665</integer>
				</dict>
				<dict>
					<key>Track ID</key><integer>4375</integer>
				</dict>
				<dict>
					<key>Track ID</key><integer>13459</integer>
				</dict>
				<dict>
					<key>Track ID</key><integer>6763</integer>
				</dict>
				<dict>
					<key>Track ID</key><integer>5891</integer>
				</dict>
				<dict>
					<key>Track ID</key><integer>4483</integer>
				</dict>
				<dict>
					<key>Track ID</key><integer>4127</integer>
				</dict>
				<dict>
					<key>Track ID</key><integer>12649</integer>
				</dict>
				<dict>
					<key>Track ID</key><integer>15911</integer>
				</dict>
				<dict>
					<key>Track ID</key><integer>15895</integer>
				</dict>
				<dict>
					<key>Track ID</key><integer>8587</integer>
				</dict>
				<dict>
					<key>Track ID</key><integer>13437</integer>
				</dict>
				<dict>
					<key>Track ID</key><integer>8715</integer>
				</dict>
				<dict>
					<key>Track ID</key><integer>3885</integer>
				</dict>
				<dict>
					<key>Track ID</key><integer>15591</integer>
				</dict>
				<dict>
					<key>Track ID</key><integer>13297</integer>
				</dict>
				<dict>
					<key>Track ID</key><integer>12347</integer>
				</dict>
				<dict>
					<key>Track ID</key><integer>10287</integer>
				</dict>
				<dict>
					<key>Track ID</key><integer>9783</integer>
				</dict>
				<dict>
					<key>Track ID</key><integer>15761</integer>
				</dict>
				<dict>
					<key>Track ID</key><integer>7057</integer>
				</dict>
				<dict>
					<key>Track ID</key><integer>12483</integer>
				</dict>
				<dict>
					<key>Track ID</key><integer>4283</integer>
				</dict>
				<dict>
					<key>Track ID</key><integer>11937</integer>
				</dict>
				<dict>
					<key>Track ID</key><integer>4983</integer>
				</dict>
				<dict>
					<key>Track ID</key><integer>12831</integer>
				</dict>
				<dict>
					<key>Track ID</key><integer>15915</integer>
				</dict>
				<dict>
					<key>Track ID</key><integer>12711</integer>
				</dict>
				<dict>
					<key>Track ID</key><integer>9921</integer>
				</dict>
				<dict>
					<key>Track ID</key><integer>13457</integer>
				</dict>
				<dict>
					<key>Track ID</key><integer>4477</integer>
				</dict>
				<dict>
					<key>Track ID</key><integer>4729</integer>
				</dict>
				<dict>
					<key>Track ID</key><integer>3917</integer>
				</dict>
				<dict>
					<key>Track ID</key><integer>9041</integer>
				</dict>
				<dict>
					<key>Track ID</key><integer>7031</integer>
				</dict>
				<dict>
					<key>Track ID</key><integer>9283</integer>
				</dict>
				<dict>
					<key>Track ID</key><integer>10377</integer>
				</dict>
				<dict>
					<key>Track ID</key><integer>10207</integer>
				</dict>
				<dict>
					<key>Track ID</key><integer>10577</integer>
				</dict>
				<dict>
					<key>Track ID</key><integer>13463</integer>
				</dict>
				<dict>
					<key>Track ID</key><integer>11241</integer>
				</dict>
				<dict>
					<key>Track ID</key><integer>4663</integer>
				</dict>
				<dict>
					<key>Track ID</key><integer>4489</integer>
				</dict>
				<dict>
					<key>Track ID</key><integer>10007</integer>
				</dict>
				<dict>
					<key>Track ID</key><integer>10023</integer>
				</dict>
				<dict>
					<key>Track ID</key><integer>6167</integer>
				</dict>
				<dict>
					<key>Track ID</key><integer>10057</integer>
				</dict>
				<dict>
					<key>Track ID</key><integer>4033</integer>
				</dict>
				<dict>
					<key>Track ID</key><integer>14153</integer>
				</dict>
				<dict>
					<key>Track ID</key><integer>7465</integer>
				</dict>
				<dict>
					<key>Track ID</key><integer>15897</integer>
				</dict>
				<dict>
					<key>Track ID</key><integer>14727</integer>
				</dict>
				<dict>
					<key>Track ID</key><integer>6789</integer>
				</dict>
				<dict>
					<key>Track ID</key><integer>13895</integer>
				</dict>
				<dict>
					<key>Track ID</key><integer>12939</integer>
				</dict>
				<dict>
					<key>Track ID</key><integer>9589</integer>
				</dict>
				<dict>
					<key>Track ID</key><integer>10513</integer>
				</dict>
				<dict>
					<key>Track ID</key><integer>15893</integer>
				</dict>
				<dict>
					<key>Track ID</key><integer>10099</integer>
				</dict>
				<dict>
					<key>Track ID</key><integer>12871</integer>
				</dict>
				<dict>
					<key>Track ID</key><integer>4797</integer>
				</dict>
				<dict>
					<key>Track ID</key><integer>15907</integer>
				</dict>
				<dict>
					<key>Track ID</key><integer>6967</integer>
				</dict>
				<dict>
					<key>Track ID</key><integer>13485</integer>
				</dict>
				<dict>
					<key>Track ID</key><integer>15387</integer>
				</dict>
				<dict>
					<key>Track ID</key><integer>6327</integer>
				</dict>
				<dict>
					<key>Track ID</key><integer>12873</integer>
				</dict>
				<dict>
					<key>Track ID</key><integer>8583</integer>
				</dict>
				<dict>
					<key>Track ID</key><integer>9345</integer>
				</dict>
				<dict>
					<key>Track ID</key><integer>8205</integer>
				</dict>
				<dict>
					<key>Track ID</key><integer>5235</integer>
				</dict>
				<dict>
					<key>Track ID</key><integer>15909</integer>
				</dict>
				<dict>
					<key>Track ID</key><integer>14373</integer>
				</dict>
				<dict>
					<key>Track ID</key><integer>13549</integer>
				</dict>
				<dict>
					<key>Track ID</key><integer>14025</integer>
				</dict>
				<dict>
					<key>Track ID</key><integer>12547</integer>
				</dict>
				<dict>
					<key>Track ID</key><integer>13567</integer>
				</dict>
				<dict>
					<key>Track ID</key><integer>11527</integer>
				</dict>
				<dict>
					<key>Track ID</key><integer>14705</integer>
				</dict>
				<dict>
					<key>Track ID</key><integer>12475</integer>
				</dict>
				<dict>
					<key>Track ID</key><integer>4351</integer>
				</dict>
				<dict>
					<key>Track ID</key><integer>15441</integer>
				</dict>
				<dict>
					<key>Track ID</key><integer>13715</integer>
				</dict>
				<dict>
					<key>Track ID</key><integer>15745</integer>
				</dict>
				<dict>
					<key>Track ID</key><integer>8905</integer>
				</dict>
				<dict>
					<key>Track ID</key><integer>14149</integer>
				</dict>
				<dict>
					<key>Track ID</key><integer>8347</integer>
				</dict>
				<dict>
					<key>Track ID</key><integer>14109</integer>
				</dict>
				<dict>
					<key>Track ID</key><integer>7653</integer>
				</dict>
				<dict>
					<key>Track ID</key><integer>14177</integer>
				</dict>
				<dict>
					<key>Track ID</key><integer>8883</integer>
				</dict>
				<dict>
					<key>Track ID</key><integer>4479</integer>
				</dict>
				<dict>
					<key>Track ID</key><integer>8221</integer>
				</dict>
				<dict>
					<key>Track ID</key><integer>14749</integer>
				</dict>
				<dict>
					<key>Track ID</key><integer>12335</integer>
				</dict>
				<dict>
					<key>Track ID</key><integer>4529</integer>
				</dict>
				<dict>
					<key>Track ID</key><integer>12493</integer>
				</dict>
				<dict>
					<key>Track ID</key><integer>15241</integer>
				</dict>
				<dict>
					<key>Track ID</key><integer>8237</integer>
				</dict>
				<dict>
					<key>Track ID</key><integer>12235</integer>
				</dict>
				<dict>
					<key>Track ID</key><integer>8089</integer>
				</dict>
				<dict>
					<key>Track ID</key><integer>6047</integer>
				</dict>
				<dict>
					<key>Track ID</key><integer>15383</integer>
				</dict>
				<dict>
					<key>Track ID</key><integer>6705</integer>
				</dict>
				<dict>
					<key>Track ID</key><integer>8119</integer>
				</dict>
				<dict>
					<key>Track ID</key><integer>5757</integer>
				</dict>
				<dict>
					<key>Track ID</key><integer>9299</integer>
				</dict>
				<dict>
					<key>Track ID</key><integer>9417</integer>
				</dict>
				<dict>
					<key>Track ID</key><integer>15181</integer>
				</dict>
				<dict>
					<key>Track ID</key><integer>13717</integer>
				</dict>
				<dict>
					<key>Track ID</key><integer>14111</integer>
				</dict>
				<dict>
					<key>Track ID</key><integer>6799</integer>
				</dict>
				<dict>
					<key>Track ID</key><integer>11185</integer>
				</dict>
				<dict>
					<key>Track ID</key><integer>5143</integer>
				</dict>
				<dict>
					<key>Track ID</key><integer>5841</integer>
				</dict>
				<dict>
					<key>Track ID</key><integer>5489</integer>
				</dict>
				<dict>
					<key>Track ID</key><integer>5621</integer>
				</dict>
				<dict>
					<key>Track ID</key><integer>12363</integer>
				</dict>
				<dict>
					<key>Track ID</key><integer>7079</integer>
				</dict>
				<dict>
					<key>Track ID</key><integer>12271</integer>
				</dict>
				<dict>
					<key>Track ID</key><integer>5829</integer>
				</dict>
				<dict>
					<key>Track ID</key><integer>10623</integer>
				</dict>
				<dict>
					<key>Track ID</key><integer>4859</integer>
				</dict>
				<dict>
					<key>Track ID</key><integer>7655</integer>
				</dict>
				<dict>
					<key>Track ID</key><integer>4321</integer>
				</dict>
				<dict>
					<key>Track ID</key><integer>12093</integer>
				</dict>
				<dict>
					<key>Track ID</key><integer>4739</integer>
				</dict>
				<dict>
					<key>Track ID</key><integer>10853</integer>
				</dict>
				<dict>
					<key>Track ID</key><integer>14249</integer>
				</dict>
				<dict>
					<key>Track ID</key><integer>9469</integer>
				</dict>
				<dict>
					<key>Track ID</key><integer>14207</integer>
				</dict>
				<dict>
					<key>Track ID</key><integer>4183</integer>
				</dict>
				<dict>
					<key>Track ID</key><integer>14065</integer>
				</dict>
				<dict>
					<key>Track ID</key><integer>10259</integer>
				</dict>
				<dict>
					<key>Track ID</key><integer>15785</integer>
				</dict>
				<dict>
					<key>Track ID</key><integer>6739</integer>
				</dict>
				<dict>
					<key>Track ID</key><integer>10143</integer>
				</dict>
				<dict>
					<key>Track ID</key><integer>11199</integer>
				</dict>
				<dict>
					<key>Track ID</key><integer>14415</integer>
				</dict>
				<dict>
					<key>Track ID</key><integer>10591</integer>
				</dict>
				<dict>
					<key>Track ID</key><integer>6823</integer>
				</dict>
				<dict>
					<key>Track ID</key><integer>11963</integer>
				</dict>
				<dict>
					<key>Track ID</key><integer>9561</integer>
				</dict>
				<dict>
					<key>Track ID</key><integer>3887</integer>
				</dict>
				<dict>
					<key>Track ID</key><integer>6161</integer>
				</dict>
				<dict>
					<key>Track ID</key><integer>12013</integer>
				</dict>
				<dict>
					<key>Track ID</key><integer>13441</integer>
				</dict>
				<dict>
					<key>Track ID</key><integer>6667</integer>
				</dict>
				<dict>
					<key>Track ID</key><integer>6429</integer>
				</dict>
				<dict>
					<key>Track ID</key><integer>9623</integer>
				</dict>
				<dict>
					<key>Track ID</key><integer>4273</integer>
				</dict>
				<dict>
					<key>Track ID</key><integer>12875</integer>
				</dict>
				<dict>
					<key>Track ID</key><integer>12025</integer>
				</dict>
				<dict>
					<key>Track ID</key><integer>5737</integer>
				</dict>
				<dict>
					<key>Track ID</key><integer>15611</integer>
				</dict>
				<dict>
					<key>Track ID</key><integer>3925</integer>
				</dict>
				<dict>
					<key>Track ID</key><integer>13713</integer>
				</dict>
				<dict>
					<key>Track ID</key><integer>14611</integer>
				</dict>
				<dict>
					<key>Track ID</key><integer>13983</integer>
				</dict>
				<dict>
					<key>Track ID</key><integer>15295</integer>
				</dict>
				<dict>
					<key>Track ID</key><integer>4207</integer>
				</dict>
				<dict>
					<key>Track ID</key><integer>11223</integer>
				</dict>
				<dict>
					<key>Track ID</key><integer>7625</integer>
				</dict>
			</array>
		</dict>
	</array>
</dict>
</plist>
